Time[ps]      Etot[eV]     Epot[eV]     Ekin[eV]    T[K]
0.0000         -6786.96     -6786.96         0.00     0.0
0.0500         -6769.15     -6782.52        13.37   101.1
0.1000         -6753.06     -6774.36        21.29   161.0
0.1500         -6741.48     -6767.92        26.44   200.0
0.2000         -6731.30     -6746.00        14.69   111.1
0.2500         -6723.71     -6760.94        37.24   281.6
0.3000         -6717.55     -6754.31        36.76   278.0
0.3500         -6713.41     -6753.37        39.96   302.2
0.4000         -6710.21     -6744.18        33.97   256.9
0.4500         -6706.70     -6754.32        47.62   360.1
0.5000         -6704.43     -6737.83        33.40   252.6
0.5500         -6703.67     -6750.26        46.59   352.4
0.6000         -6701.41     -6745.46        44.04   333.0
0.6500         -6700.36     -6745.33        44.97   340.1
0.7000         -6699.53     -6739.67        40.14   303.6
0.7500         -6699.67     -6747.17        47.51   359.3
0.8000         -6698.58     -6745.11        46.53   351.9
0.8500         -6698.58     -6742.03        43.45   328.6
0.9000         -6698.37     -6743.53        45.16   341.5
0.9500         -6698.05     -6747.93        49.88   377.2
1.0000         -6697.98     -6739.66        41.68   315.2
1.0500         -6698.10     -6743.10        44.99   340.2
1.1000         -6697.81     -6744.45        46.63   352.7
1.1500         -6697.47     -6742.48        45.01   340.4
1.2000         -6697.63     -6742.10        44.46   336.3
1.2500         -6697.84     -6744.12        46.28   350.0
1.3000         -6697.33     -6746.84        49.51   374.4
1.3500         -6697.62     -6744.18        46.56   352.1
1.4000         -6698.01     -6743.24        45.23   342.0
1.4500         -6697.72     -6744.56        46.84   354.2
1.5000         -6697.38     -6743.44        46.06   348.4
1.5500         -6697.61     -6743.84        46.23   349.6
1.6000         -6697.54     -6742.72        45.18   341.7
1.6500         -6697.66     -6747.09        49.43   373.8
1.7000         -6697.49     -6741.61        44.12   333.7
1.7500         -6697.73     -6744.11        46.38   350.7
1.8000         -6697.52     -6744.61        47.08   356.1
1.8500         -6697.45     -6743.90        46.45   351.3
1.9000         -6697.70     -6743.38        45.68   345.4
1.9500         -6697.34     -6743.98        46.63   352.7
2.0000         -6697.32     -6743.75        46.43   351.1
2.0500         -6697.55     -6741.88        44.33   335.2
2.1000         -6697.46     -6743.54        46.08   348.5
2.1500         -6697.26     -6743.80        46.54   352.0
2.2000         -6697.30     -6741.60        44.30   335.0
2.2500         -6697.49     -6742.41        44.92   339.7
2.3000         -6697.35     -6741.29        43.93   332.3
2.3500         -6697.46     -6743.09        45.63   345.1
2.4000         -6697.68     -6743.95        46.28   350.0
2.4500         -6697.47     -6743.93        46.46   351.3
2.5000         -6697.39     -6743.44        46.05   348.3
2.5500         -6697.57     -6742.88        45.31   342.6
2.6000         -6697.54     -6742.13        44.60   337.2
2.6500         -6697.55     -6745.57        48.02   363.2
2.7000         -6697.49     -6742.47        44.98   340.1
2.7500         -6697.49     -6743.97        46.48   351.5
2.8000         -6697.58     -6743.72        46.15   349.0
2.8500         -6697.34     -6743.78        46.44   351.2
2.9000         -6697.72     -6743.63        45.90   347.1
2.9500         -6697.58     -6744.89        47.31   357.8
3.0000         -6697.48     -6744.03        46.55   352.1
3.0500         -6697.41     -6742.85        45.44   343.6
3.1000         -6697.73     -6743.28        45.55   344.4
3.1500         -6697.37     -6742.18        44.81   338.8
3.2000         -6697.67     -6743.84        46.17   349.2
3.2500         -6697.63     -6742.54        44.91   339.6
3.3000         -6697.42     -6743.75        46.33   350.4
3.3500         -6697.56     -6743.82        46.26   349.8
3.4000         -6697.58     -6745.04        47.46   358.9
3.4500         -6697.49     -6744.02        46.53   351.8
3.5000         -6697.49     -6742.82        45.33   342.8
3.5500         -6697.57     -6741.80        44.23   334.5
3.6000         -6697.62     -6743.29        45.67   345.4
3.6500         -6697.71     -6745.06        47.35   358.1
3.7000         -6697.45     -6742.30        44.85   339.2
3.7500         -6697.41     -6742.75        45.34   342.9
3.8000         -6697.57     -6744.76        47.18   356.8
3.8500         -6697.42     -6742.96        45.54   344.4
3.9000         -6697.60     -6743.00        45.41   343.4
3.9500         -6697.40     -6742.47        45.07   340.9
4.0000         -6697.43     -6744.67        47.24   357.3
4.0500         -6697.47     -6742.70        45.23   342.1
4.1000         -6697.57     -6743.71        46.14   349.0
4.1500         -6697.50     -6744.06        46.56   352.1
4.2000         -6697.54     -6744.52        46.99   355.4
4.2500         -6697.45     -6743.17        45.72   345.7
4.3000         -6697.36     -6743.47        46.12   348.8
4.3500         -6697.51     -6742.72        45.20   341.9
4.4000         -6697.48     -6744.32        46.84   354.2
4.4500         -6697.51     -6742.99        45.48   343.9
4.5000         -6697.39     -6743.24        45.85   346.7
4.5500         -6697.44     -6743.24        45.80   346.3
4.6000         -6697.61     -6743.34        45.73   345.8
4.6500         -6697.60     -6744.74        47.14   356.5
4.7000         -6697.49     -6742.14        44.66   337.7
4.7500         -6697.58     -6743.13        45.56   344.5
4.8000         -6697.51     -6744.20        46.70   353.2
4.8500         -6697.50     -6744.76        47.26   357.4
4.9000         -6697.38     -6744.39        47.01   355.5
4.9500         -6697.63     -6743.62        46.00   347.8
5.0000         -6697.52     -6744.91        47.39   358.4
5.0500         -6697.55     -6742.54        44.99   340.3
5.1000         -6697.62     -6744.87        47.25   357.3
5.1500         -6697.50     -6743.90        46.39   350.8
5.2000         -6697.57     -6745.62        48.05   363.3
5.2500         -6697.55     -6742.36        44.81   338.9
5.3000         -6697.60     -6743.53        45.93   347.3
5.3500         -6697.59     -6741.23        43.63   330.0
5.4000         -6697.63     -6744.67        47.05   355.8
5.4500         -6697.46     -6743.70        46.23   349.6
5.5000         -6697.45     -6744.29        46.83   354.2
5.5500         -6697.67     -6743.06        45.40   343.3
5.6000         -6697.56     -6744.22        46.67   352.9
5.6500         -6697.53     -6743.34        45.81   346.4
5.7000         -6697.51     -6744.42        46.91   354.8
5.7500         -6697.59     -6741.49        43.90   332.0
5.8000         -6697.62     -6743.18        45.56   344.5
5.8500         -6697.57     -6742.89        45.32   342.7
5.9000         -6697.49     -6744.71        47.22   357.1
5.9500         -6697.67     -6743.88        46.21   349.5
6.0000         -6697.68     -6744.83        47.15   356.5
6.0500         -6697.61     -6743.34        45.73   345.9
6.1000         -6697.46     -6742.78        45.31   342.7
6.1500         -6697.78     -6743.99        46.20   349.4
6.2000         -6697.48     -6744.65        47.17   356.7
6.2500         -6697.55     -6743.24        45.70   345.6
6.3000         -6697.62     -6743.17        45.55   344.5
6.3500         -6697.43     -6744.80        47.36   358.2
6.4000         -6697.52     -6742.55        45.03   340.6
6.4500         -6697.47     -6743.99        46.53   351.9
6.5000         -6697.52     -6743.89        46.37   350.7
6.5500         -6697.64     -6744.60        46.96   355.1
6.6000         -6697.42     -6742.21        44.79   338.8
6.6500         -6697.52     -6744.23        46.71   353.2
6.7000         -6697.50     -6744.81        47.31   357.8
6.7500         -6697.60     -6743.00        45.40   343.3
6.8000         -6697.55     -6743.89        46.34   350.5
6.8500         -6697.52     -6744.33        46.81   354.0
6.9000         -6697.59     -6744.14        46.55   352.0
6.9500         -6697.39     -6743.33        45.94   347.4
7.0000         -6697.59     -6745.34        47.75   361.1
7.0500         -6697.46     -6742.87        45.41   343.4
7.1000         -6697.46     -6744.15        46.69   353.1
7.1500         -6697.72     -6742.89        45.18   341.6
7.2000         -6697.43     -6743.61        46.19   349.3
7.2500         -6697.47     -6743.82        46.35   350.5
7.3000         -6697.53     -6742.80        45.27   342.4
7.3500         -6697.58     -6743.39        45.80   346.4
7.4000         -6697.62     -6744.48        46.86   354.4
7.4500         -6697.50     -6744.85        47.34   358.0
7.5000         -6697.62     -6743.82        46.20   349.4
7.5500         -6697.49     -6742.92        45.43   343.6
7.6000         -6697.46     -6742.22        44.77   338.6
7.6500         -6697.49     -6742.00        44.52   336.6
7.7000         -6697.28     -6742.34        45.07   340.8
7.7500         -6697.69     -6744.00        46.31   350.2
7.8000         -6697.45     -6742.64        45.19   341.8
7.8500         -6697.48     -6744.49        47.01   355.5
7.9000         -6697.29     -6742.89        45.60   344.9
7.9500         -6697.49     -6742.14        44.64   337.6
8.0000         -6697.56     -6743.64        46.07   348.4
8.0500         -6697.54     -6743.77        46.23   349.6
8.1000         -6697.56     -6742.81        45.26   342.2
8.1500         -6697.38     -6742.52        45.14   341.4
8.2000         -6697.49     -6743.93        46.44   351.2
8.2500         -6697.49     -6742.84        45.35   342.9
8.3000         -6697.40     -6743.84        46.44   351.2
8.3500         -6697.48     -6744.19        46.70   353.2
8.4000         -6697.46     -6744.06        46.60   352.4
8.4500         -6697.68     -6745.35        47.67   360.5
8.5000         -6697.63     -6744.31        46.68   353.0
8.5500         -6697.44     -6744.94        47.50   359.2
8.6000         -6697.57     -6743.05        45.48   343.9
8.6500         -6697.41     -6743.16        45.75   346.0
8.7000         -6697.49     -6744.60        47.11   356.3
8.7500         -6697.41     -6742.62        45.21   341.9
8.8000         -6697.65     -6743.59        45.94   347.4
8.8500         -6697.51     -6743.95        46.44   351.2
8.9000         -6697.45     -6743.26        45.80   346.4
8.9500         -6697.48     -6742.28        44.80   338.8
9.0000         -6697.65     -6743.40        45.76   346.0
9.0500         -6697.67     -6742.85        45.18   341.7
9.1000         -6697.45     -6743.58        46.13   348.9
9.1500         -6697.54     -6743.34        45.80   346.3
9.2000         -6697.51     -6744.31        46.80   353.9
9.2500         -6697.46     -6744.36        46.90   354.7
9.3000         -6697.49     -6746.11        48.62   367.6
9.3500         -6697.58     -6742.89        45.31   342.7
9.4000         -6697.42     -6744.36        46.94   354.9
9.4500         -6697.55     -6742.47        44.92   339.7
9.5000         -6697.54     -6744.50        46.95   355.1
9.5500         -6697.42     -6742.26        44.84   339.1
9.6000         -6697.56     -6743.61        46.05   348.2
9.6500         -6697.59     -6743.64        46.05   348.3
9.7000         -6697.59     -6743.60        46.01   348.0
9.7500         -6697.58     -6743.81        46.23   349.6
9.8000         -6697.71     -6743.14        45.43   343.6
9.8500         -6697.49     -6743.69        46.20   349.4
9.9000         -6697.52     -6744.30        46.78   353.7
9.9500         -6697.42     -6744.83        47.42   358.6
10.0000        -6697.60     -6743.44        45.84   346.6
10.0500        -6697.67     -6744.52        46.85   354.3
10.1000        -6697.52     -6742.80        45.28   342.4
10.1500        -6697.53     -6743.15        45.63   345.0
10.2000        -6697.48     -6744.06        46.58   352.2
10.2500        -6697.49     -6743.32        45.84   346.6
10.3000        -6697.43     -6742.82        45.38   343.2
10.3500        -6697.44     -6743.34        45.90   347.1
10.4000        -6697.58     -6743.35        45.78   346.2
10.4500        -6697.61     -6744.47        46.86   354.4
10.5000        -6697.57     -6744.99        47.42   358.6
10.5500        -6697.56     -6743.56        46.00   347.8
10.6000        -6697.32     -6742.13        44.81   338.9
10.6500        -6697.63     -6742.70        45.07   340.8
10.7000        -6697.73     -6743.53        45.80   346.3
10.7500        -6697.56     -6743.37        45.82   346.5
10.8000        -6697.68     -6743.32        45.64   345.2
10.8500        -6697.39     -6743.48        46.10   348.6
10.9000        -6697.61     -6744.58        46.96   355.2
10.9500        -6697.52     -6744.53        47.02   355.6
11.0000        -6697.48     -6743.96        46.47   351.4
11.0500        -6697.66     -6743.61        45.95   347.5
11.1000        -6697.60     -6743.96        46.35   350.5
11.1500        -6697.50     -6745.38        47.87   362.0
11.2000        -6697.71     -6744.00        46.29   350.0
11.2500        -6697.50     -6743.36        45.86   346.8
11.3000        -6697.51     -6744.64        47.12   356.4
11.3500        -6697.63     -6743.47        45.84   346.7
11.4000        -6697.40     -6743.31        45.91   347.2
11.4500        -6697.69     -6744.44        46.75   353.5
11.5000        -6697.59     -6744.18        46.59   352.3
11.5500        -6697.47     -6743.21        45.74   345.9
11.6000        -6697.60     -6744.30        46.70   353.1
11.6500        -6697.78     -6744.56        46.78   353.8
11.7000        -6697.51     -6743.87        46.36   350.6
11.7500        -6697.50     -6743.84        46.34   350.5
11.8000        -6697.36     -6743.78        46.42   351.1
11.8500        -6697.47     -6743.00        45.54   344.4
11.9000        -6697.54     -6743.52        45.98   347.7
11.9500        -6697.46     -6743.30        45.85   346.7
12.0000        -6697.39     -6743.92        46.52   351.8
12.0500        -6697.52     -6745.13        47.61   360.0
12.1000        -6697.42     -6743.92        46.50   351.6
12.1500        -6697.33     -6743.79        46.46   351.4
12.2000        -6697.49     -6744.39        46.90   354.7
12.2500        -6697.52     -6742.54        45.02   340.5
12.3000        -6697.37     -6743.83        46.46   351.4
12.3500        -6697.50     -6743.81        46.31   350.2
12.4000        -6697.52     -6743.72        46.20   349.4
12.4500        -6697.68     -6743.34        45.66   345.3
12.5000        -6697.59     -6742.28        44.68   337.9
12.5500        -6697.32     -6743.00        45.68   345.4
12.6000        -6697.36     -6743.18        45.82   346.5
12.6500        -6697.47     -6744.98        47.51   359.3
12.7000        -6697.48     -6743.31        45.83   346.6
12.7500        -6697.47     -6743.44        45.96   347.6
12.8000        -6697.46     -6742.39        44.93   339.8
12.8500        -6697.59     -6744.64        47.05   355.8
12.9000        -6697.50     -6743.82        46.32   350.3
12.9500        -6697.48     -6742.54        45.05   340.7
13.0000        -6697.47     -6744.70        47.24   357.2
13.0500        -6697.50     -6743.54        46.04   348.2
13.1000        -6697.49     -6743.83        46.34   350.4
13.1500        -6697.62     -6743.00        45.38   343.2
13.2000        -6697.46     -6743.35        45.89   347.1
13.2500        -6697.51     -6742.72        45.21   341.9
13.3000        -6697.64     -6742.62        44.99   340.2
13.3500        -6697.42     -6743.16        45.75   345.9
13.4000        -6697.60     -6744.88        47.28   357.6
13.4500        -6697.60     -6743.73        46.14   348.9
13.5000        -6697.58     -6742.97        45.39   343.2
13.5500        -6697.51     -6742.99        45.49   344.0
13.6000        -6697.37     -6744.79        47.42   358.6
13.6500        -6697.58     -6744.86        47.28   357.5
13.7000        -6697.65     -6743.60        45.95   347.5
13.7500        -6697.40     -6742.68        45.27   342.4
13.8000        -6697.56     -6743.22        45.66   345.3
13.8500        -6697.64     -6744.06        46.41   351.0
13.9000        -6697.53     -6743.08        45.55   344.5
13.9500        -6697.56     -6744.93        47.37   358.2
14.0000        -6697.66     -6744.56        46.90   354.7
14.0500        -6697.39     -6742.36        44.97   340.1
14.1000        -6697.54     -6743.28        45.74   345.9
14.1500        -6697.52     -6744.13        46.61   352.5
14.2000        -6697.51     -6743.14        45.63   345.0
14.2500        -6697.61     -6743.59        45.98   347.7
14.3000        -6697.53     -6743.42        45.89   347.0
14.3500        -6697.43     -6744.70        47.27   357.5
14.4000        -6697.75     -6742.35        44.61   337.3
14.4500        -6697.62     -6743.51        45.89   347.0
14.5000        -6697.64     -6743.86        46.22   349.5
14.5500        -6697.37     -6743.34        45.97   347.6
14.6000        -6697.71     -6743.29        45.58   344.7
14.6500        -6697.54     -6743.99        46.45   351.3
14.7000        -6697.44     -6742.36        44.92   339.7
14.7500        -6697.64     -6743.62        45.98   347.7
14.8000        -6697.50     -6743.17        45.67   345.3
14.8500        -6697.74     -6744.21        46.47   351.5
14.9000        -6697.63     -6743.12        45.49   344.0
14.9500        -6697.43     -6745.16        47.73   360.9
15.0000        -6697.59     -6745.58        47.99   362.9
15.0500        -6697.54     -6743.42        45.88   347.0
15.1000        -6697.51     -6743.43        45.93   347.3
15.1500        -6697.67     -6742.76        45.09   341.0
15.2000        -6697.57     -6742.45        44.88   339.4
15.2500        -6697.61     -6744.66        47.05   355.8
15.3000        -6697.56     -6743.85        46.28   350.0
15.3500        -6697.78     -6743.74        45.96   347.6
15.4000        -6697.53     -6743.97        46.45   351.2
15.4500        -6697.50     -6743.35        45.85   346.7
15.5000        -6697.60     -6744.19        46.58   352.3
15.5500        -6697.62     -6743.48        45.87   346.9
15.6000        -6697.60     -6744.36        46.75   353.6
15.6500        -6697.49     -6743.47        45.98   347.7
15.7000        -6697.58     -6744.06        46.48   351.5
15.7500        -6697.55     -6743.20        45.65   345.2
15.8000        -6697.50     -6743.78        46.28   350.0
15.8500        -6697.64     -6743.80        46.16   349.1
15.9000        -6697.38     -6744.67        47.30   357.7
15.9500        -6697.63     -6743.07        45.44   343.6
16.0000        -6697.56     -6743.54        45.98   347.7
16.0500        -6697.43     -6743.43        46.00   347.9
16.1000        -6697.43     -6742.33        44.90   339.5
16.1500        -6697.37     -6743.57        46.20   349.4
16.2000        -6697.67     -6743.84        46.17   349.2
16.2500        -6697.38     -6744.05        46.67   352.9
16.3000        -6697.33     -6742.94        45.61   344.9
16.3500        -6697.48     -6742.68        45.20   341.8
16.4000        -6697.39     -6742.65        45.26   342.3
16.4500        -6697.39     -6744.13        46.74   353.5
16.5000        -6697.53     -6744.15        46.62   352.6
16.5500        -6697.41     -6744.04        46.63   352.6
16.6000        -6697.55     -6744.70        47.15   356.5
16.6500        -6697.46     -6743.34        45.88   347.0
16.7000        -6697.47     -6744.02        46.55   352.0
16.7500        -6697.40     -6744.04        46.64   352.7
16.8000        -6697.40     -6744.40        47.00   355.4
16.8500        -6697.41     -6744.00        46.60   352.4
16.9000        -6697.64     -6744.17        46.53   351.9
16.9500        -6697.63     -6743.03        45.40   343.3
17.0000        -6697.44     -6743.44        46.00   347.9
17.0500        -6697.62     -6743.37        45.75   345.9
17.1000        -6697.58     -6743.10        45.52   344.2
17.1500        -6697.40     -6743.81        46.41   351.0
17.2000        -6697.48     -6743.60        46.12   348.8
17.2500        -6697.39     -6743.57        46.18   349.2
17.3000        -6697.60     -6744.59        46.99   355.4
17.3500        -6697.42     -6743.04        45.62   345.0
17.4000        -6697.57     -6744.23        46.67   352.9
17.4500        -6697.71     -6742.30        44.59   337.2
17.5000        -6697.32     -6745.25        47.93   362.5
17.5500        -6697.75     -6743.77        46.02   348.0
17.6000        -6697.54     -6743.61        46.07   348.4
17.6500        -6697.72     -6742.12        44.39   335.7
17.7000        -6697.49     -6742.97        45.49   344.0
17.7500        -6697.58     -6743.40        45.82   346.5
17.8000        -6697.76     -6745.70        47.94   362.6
17.8500        -6697.50     -6742.38        44.88   339.4
17.9000        -6697.41     -6744.87        47.46   358.9
17.9500        -6697.63     -6742.09        44.46   336.3
18.0000        -6697.44     -6744.15        46.71   353.2
18.0500        -6697.52     -6744.35        46.83   354.2
18.1000        -6697.75     -6745.03        47.28   357.6
18.1500        -6697.57     -6743.85        46.28   350.0
18.2000        -6697.50     -6743.61        46.11   348.7
18.2500        -6697.62     -6743.60        45.97   347.7
18.3000        -6697.49     -6743.10        45.61   344.9
18.3500        -6697.57     -6743.12        45.55   344.5
18.4000        -6697.65     -6743.59        45.94   347.5
18.4500        -6697.45     -6743.49        46.04   348.2
18.5000        -6697.63     -6743.13        45.50   344.1
18.5500        -6697.61     -6742.54        44.93   339.8
18.6000        -6697.56     -6743.94        46.38   350.8
18.6500        -6697.53     -6743.76        46.23   349.6
18.7000        -6697.45     -6743.30        45.85   346.8
18.7500        -6697.73     -6742.82        45.09   341.0
18.8000        -6697.54     -6743.82        46.28   350.0
18.8500        -6697.56     -6745.35        47.79   361.4
18.9000        -6697.56     -6743.79        46.22   349.6
18.9500        -6697.50     -6742.73        45.23   342.0
19.0000        -6697.60     -6744.58        46.98   355.3
19.0500        -6697.71     -6743.06        45.36   343.0
19.1000        -6697.50     -6743.67        46.17   349.2
19.1500        -6697.51     -6742.88        45.37   343.1
19.2000        -6697.74     -6743.76        46.02   348.1
19.2500        -6697.55     -6742.72        45.17   341.6
19.3000        -6697.68     -6743.82        46.14   348.9
19.3500        -6697.54     -6742.82        45.28   342.4
19.4000        -6697.44     -6742.96        45.52   344.3
19.4500        -6697.62     -6742.15        44.53   336.8
19.5000        -6697.68     -6743.22        45.55   344.4
19.5500        -6697.63     -6743.62        45.99   347.8
19.6000        -6697.55     -6743.74        46.18   349.3
19.6500        -6697.59     -6743.50        45.91   347.2
19.7000        -6697.69     -6743.93        46.24   349.7
19.7500        -6697.48     -6741.44        43.96   332.5
19.8000        -6697.59     -6744.17        46.58   352.2
19.8500        -6697.46     -6742.69        45.23   342.0
19.9000        -6697.58     -6743.64        46.06   348.3
19.9500        -6697.46     -6742.25        44.78   338.7
20.0000        -6697.43     -6744.28        46.85   354.3
20.0500        -6697.51     -6745.07        47.55   359.6
20.1000        -6697.46     -6743.33        45.87   346.9
20.1500        -6697.54     -6743.71        46.18   349.2
20.2000        -6697.68     -6744.46        46.79   353.8
20.2500        -6697.57     -6743.56        45.99   347.8
20.3000        -6697.48     -6744.31        46.84   354.2
20.3500        -6697.53     -6743.91        46.39   350.8
20.4000        -6697.40     -6744.15        46.75   353.5
20.4500        -6697.66     -6744.35        46.69   353.1
20.5000        -6697.66     -6743.57        45.91   347.2
20.5500        -6697.55     -6743.20        45.65   345.3
20.6000        -6697.33     -6742.52        45.20   341.8
20.6500        -6697.60     -6744.07        46.47   351.5
20.7000        -6697.56     -6742.58        45.02   340.5
20.7500        -6697.55     -6744.28        46.73   353.4
20.8000        -6697.37     -6744.25        46.89   354.6
20.8500        -6697.38     -6743.07        45.68   345.5
20.9000        -6697.39     -6742.99        45.60   344.8
20.9500        -6697.44     -6744.48        47.04   355.8
21.0000        -6697.58     -6742.38        44.80   338.8
21.0500        -6697.44     -6741.40        43.96   332.4
21.1000        -6697.27     -6742.85        45.58   344.7
21.1500        -6697.62     -6744.54        46.92   354.8
21.2000        -6697.56     -6743.63        46.06   348.4
21.2500        -6697.50     -6744.31        46.81   354.0
21.3000        -6697.58     -6742.98        45.40   343.3
21.3500        -6697.51     -6743.21        45.70   345.6
21.4000        -6697.64     -6744.11        46.47   351.4
21.4500        -6697.53     -6744.37        46.84   354.2
21.5000        -6697.46     -6743.68        46.22   349.5
21.5500        -6697.40     -6743.31        45.91   347.2
21.6000        -6697.63     -6743.11        45.48   344.0
21.6500        -6697.53     -6743.16        45.63   345.1
21.7000        -6697.63     -6743.11        45.48   343.9
21.7500        -6697.40     -6743.91        46.51   351.7
21.8000        -6697.64     -6742.95        45.31   342.7
21.8500        -6697.44     -6744.80        47.35   358.1
21.9000        -6697.67     -6742.42        44.76   338.5
21.9500        -6697.43     -6743.74        46.31   350.2
22.0000        -6697.60     -6742.64        45.04   340.6
22.0500        -6697.46     -6743.52        46.06   348.3
22.1000        -6697.56     -6744.08        46.52   351.8
22.1500        -6697.59     -6742.42        44.83   339.0
22.2000        -6697.59     -6742.79        45.19   341.8
22.2500        -6697.54     -6744.76        47.22   357.1
22.3000        -6697.52     -6742.96        45.44   343.6
22.3500        -6697.56     -6742.73        45.17   341.6
22.4000        -6697.62     -6745.00        47.38   358.3
22.4500        -6697.45     -6743.14        45.70   345.6
22.5000        -6697.58     -6744.02        46.45   351.3
22.5500        -6697.51     -6743.16        45.65   345.2
22.6000        -6697.55     -6740.98        43.43   328.4
22.6500        -6697.47     -6743.96        46.49   351.6
22.7000        -6697.61     -6742.87        45.26   342.3
22.7500        -6697.54     -6745.77        48.22   364.7
22.8000        -6697.61     -6744.39        46.78   353.8
22.8500        -6697.55     -6744.38        46.83   354.1
22.9000        -6697.73     -6743.59        45.85   346.8
22.9500        -6697.59     -6743.21        45.61   345.0
23.0000        -6697.69     -6742.85        45.16   341.5
23.0500        -6697.59     -6743.36        45.77   346.1
23.1000        -6697.76     -6743.39        45.63   345.1
23.1500        -6697.54     -6743.10        45.57   344.6
23.2000        -6697.39     -6745.42        48.03   363.2
23.2500        -6697.56     -6742.26        44.71   338.1
23.3000        -6697.53     -6742.93        45.40   343.3
23.3500        -6697.52     -6744.91        47.39   358.4
23.4000        -6697.49     -6744.34        46.85   354.3
23.4500        -6697.68     -6743.74        46.06   348.3
23.5000        -6697.40     -6742.71        45.31   342.6
23.5500        -6697.48     -6744.40        46.92   354.8
23.6000        -6697.41     -6742.31        44.91   339.6
23.6500        -6697.59     -6745.32        47.73   360.9
23.7000        -6697.58     -6743.10        45.52   344.3
23.7500        -6697.46     -6743.12        45.66   345.3
23.8000        -6697.53     -6744.47        46.93   354.9
23.8500        -6697.62     -6743.58        45.96   347.5
23.9000        -6697.42     -6743.04        45.63   345.0
23.9500        -6697.44     -6744.89        47.45   358.9
24.0000        -6697.43     -6741.93        44.50   336.6
24.0500        -6697.47     -6743.22        45.75   346.0
24.1000        -6697.60     -6744.24        46.65   352.8
24.1500        -6697.47     -6744.66        47.19   356.9
24.2000        -6697.46     -6744.46        47.00   355.4
24.2500        -6697.59     -6743.83        46.24   349.7
24.3000        -6697.50     -6742.72        45.22   342.0
24.3500        -6697.47     -6743.56        46.09   348.6
24.4000        -6697.60     -6744.57        46.97   355.2
24.4500        -6697.58     -6745.03        47.46   358.9
24.5000        -6697.49     -6742.04        44.55   336.9
24.5500        -6697.43     -6744.54        47.11   356.3
24.6000        -6697.65     -6743.83        46.18   349.2
24.6500        -6697.50     -6744.69        47.18   356.8
24.7000        -6697.55     -6744.37        46.82   354.1
24.7500        -6697.60     -6743.13        45.53   344.3
24.8000        -6697.50     -6742.84        45.33   342.8
24.8500        -6697.59     -6744.45        46.86   354.3
24.9000        -6697.52     -6743.35        45.83   346.6
24.9500        -6697.56     -6742.07        44.50   336.6
25.0000        -6697.64     -6743.19        45.55   344.4
25.0500        -6697.58     -6744.39        46.81   354.0
25.1000        -6697.44     -6743.54        46.10   348.6
25.1500        -6697.58     -6744.45        46.86   354.4
25.2000        -6697.55     -6743.11        45.56   344.5
25.2500        -6697.33     -6743.79        46.46   351.3
25.3000        -6697.51     -6744.17        46.66   352.9
25.3500        -6697.65     -6744.67        47.02   355.6
25.4000        -6697.61     -6744.00        46.39   350.9
25.4500        -6697.50     -6743.97        46.47   351.4
25.5000        -6697.28     -6741.89        44.61   337.3
25.5500        -6697.57     -6744.18        46.61   352.5
25.6000        -6697.60     -6743.01        45.40   343.4
25.6500        -6697.58     -6743.01        45.43   343.6
25.7000        -6697.43     -6742.52        45.09   341.0
25.7500        -6697.38     -6743.27        45.89   347.0
25.8000        -6697.44     -6742.96        45.52   344.3
25.8500        -6697.47     -6743.12        45.66   345.3
25.9000        -6697.57     -6743.82        46.24   349.7
25.9500        -6697.61     -6743.45        45.84   346.7
26.0000        -6697.56     -6743.02        45.47   343.9
26.0500        -6697.45     -6743.97        46.52   351.8
26.1000        -6697.57     -6743.84        46.27   349.9
26.1500        -6697.49     -6743.07        45.58   344.7
26.2000        -6697.53     -6743.18        45.65   345.2
26.2500        -6697.41     -6744.03        46.62   352.5
26.3000        -6697.61     -6745.47        47.86   362.0
26.3500        -6697.66     -6741.98        44.32   335.2
26.4000        -6697.46     -6744.25        46.80   353.9
26.4500        -6697.46     -6742.99        45.53   344.3
26.5000        -6697.61     -6746.15        48.54   367.0
26.5500        -6697.56     -6743.21        45.65   345.3
26.6000        -6697.58     -6743.98        46.40   350.9
26.6500        -6697.74     -6743.36        45.62   345.0
26.7000        -6697.62     -6743.36        45.73   345.9
26.7500        -6697.65     -6745.07        47.42   358.6
26.8000        -6697.73     -6743.76        46.03   348.1
26.8500        -6697.54     -6743.51        45.96   347.6
26.9000        -6697.74     -6743.92        46.18   349.3
26.9500        -6697.46     -6742.81        45.35   342.9
27.0000        -6697.47     -6744.64        47.17   356.7
27.0500        -6697.80     -6744.88        47.08   356.1
27.1000        -6697.66     -6744.22        46.57   352.2
27.1500        -6697.56     -6742.22        44.65   337.7
27.2000        -6697.63     -6743.81        46.18   349.3
27.2500        -6697.73     -6745.30        47.56   359.7
27.3000        -6697.60     -6744.73        47.12   356.4
27.3500        -6697.70     -6743.99        46.29   350.1
27.4000        -6697.66     -6743.94        46.28   350.0
27.4500        -6697.53     -6743.97        46.44   351.2
27.5000        -6697.73     -6744.47        46.73   353.4
27.5500        -6697.51     -6743.28        45.77   346.1
27.6000        -6697.47     -6743.36        45.89   347.0
27.6500        -6697.61     -6744.28        46.68   353.0
27.7000        -6697.51     -6743.70        46.19   349.3
27.7500        -6697.57     -6743.86        46.29   350.1
27.8000        -6697.36     -6742.61        45.26   342.3
27.8500        -6697.72     -6744.80        47.08   356.0
27.9000        -6697.31     -6742.88        45.58   344.7
27.9500        -6697.61     -6744.26        46.65   352.8
28.0000        -6697.61     -6743.67        46.06   348.3
28.0500        -6697.58     -6743.02        45.44   343.7
28.1000        -6697.42     -6743.38        45.96   347.6
28.1500        -6697.47     -6742.48        45.01   340.4
28.2000        -6697.45     -6743.34        45.88   347.0
28.2500        -6697.67     -6744.56        46.89   354.6
28.3000        -6697.49     -6743.58        46.09   348.6
28.3500        -6697.57     -6743.74        46.17   349.1
28.4000        -6697.54     -6743.23        45.69   345.5
28.4500        -6697.53     -6743.92        46.39   350.8
28.5000        -6697.72     -6744.17        46.46   351.3
28.5500        -6697.54     -6743.82        46.27   349.9
28.6000        -6697.51     -6741.39        43.88   331.8
28.6500        -6697.35     -6743.83        46.48   351.5
28.7000        -6697.41     -6743.56        46.15   349.0
28.7500        -6697.58     -6744.94        47.36   358.2
28.8000        -6697.44     -6742.53        45.10   341.0
28.8500        -6697.51     -6743.57        46.06   348.4
28.9000        -6697.49     -6743.25        45.76   346.1
28.9500        -6697.42     -6743.60        46.18   349.2
29.0000        -6697.68     -6743.04        45.36   343.0
29.0500        -6697.54     -6744.08        46.54   352.0
29.1000        -6697.50     -6743.59        46.09   348.6
29.1500        -6697.69     -6744.54        46.85   354.3
29.2000        -6697.48     -6743.15        45.67   345.4
29.2500        -6697.39     -6743.54        46.16   349.1
29.3000        -6697.42     -6743.96        46.54   351.9
29.3500        -6697.53     -6744.59        47.07   355.9
29.4000        -6697.45     -6742.08        44.64   337.6
29.4500        -6697.43     -6743.45        46.02   348.0
29.5000        -6697.57     -6745.55        47.98   362.8
29.5500        -6697.63     -6742.53        44.90   339.5
29.6000        -6697.31     -6743.18        45.87   346.9
29.6500        -6697.59     -6743.14        45.55   344.4
29.7000        -6697.63     -6744.36        46.73   353.4
29.7500        -6697.52     -6743.77        46.26   349.8
29.8000        -6697.61     -6744.13        46.52   351.8
29.8500        -6697.63     -6744.74        47.11   356.3
29.9000        -6697.77     -6744.81        47.04   355.7
29.9500        -6697.55     -6741.29        43.74   330.8
30.0000        -6697.65     -6742.90        45.25   342.2
30.0500        -6697.61     -6743.86        46.25   349.8
30.1000        -6697.70     -6742.84        45.13   341.3
30.1500        -6697.40     -6742.94        45.54   344.4
30.2000        -6697.60     -6744.08        46.48   351.5
30.2500        -6697.43     -6742.61        45.19   341.7
30.3000        -6697.59     -6744.94        47.34   358.0
30.3500        -6697.66     -6744.20        46.55   352.0
30.4000        -6697.48     -6743.22        45.74   345.9
30.4500        -6697.28     -6744.66        47.38   358.3
30.5000        -6697.70     -6742.84        45.14   341.4
30.5500        -6697.43     -6743.57        46.14   348.9
30.6000        -6697.53     -6743.04        45.50   344.1
30.6500        -6697.50     -6743.40        45.90   347.1
30.7000        -6697.37     -6742.16        44.79   338.7
30.7500        -6697.32     -6745.22        47.90   362.2
30.8000        -6697.34     -6744.05        46.71   353.3
30.8500        -6697.25     -6742.27        45.02   340.4
30.9000        -6697.28     -6742.82        45.55   344.4
30.9500        -6697.39     -6743.21        45.82   346.5
31.0000        -6697.34     -6745.23        47.89   362.1
31.0500        -6697.36     -6743.83        46.47   351.4
31.1000        -6697.57     -6743.01        45.44   343.6
31.1500        -6697.34     -6743.28        45.94   347.4
31.2000        -6697.65     -6743.94        46.29   350.0
31.2500        -6697.46     -6743.07        45.61   344.9
31.3000        -6697.50     -6743.53        46.03   348.1
31.3500        -6697.31     -6743.75        46.44   351.2
31.4000        -6697.45     -6742.62        45.17   341.6
31.4500        -6697.52     -6741.70        44.19   334.1
31.5000        -6697.52     -6743.71        46.19   349.3
31.5500        -6697.53     -6744.32        46.78   353.8
31.6000        -6697.55     -6744.46        46.91   354.7
31.6500        -6697.54     -6743.18        45.64   345.1
31.7000        -6697.40     -6743.57        46.17   349.2
31.7500        -6697.54     -6743.90        46.36   350.6
31.8000        -6697.71     -6743.26        45.55   344.5
31.8500        -6697.39     -6742.59        45.20   341.8
31.9000        -6697.52     -6742.56        45.03   340.6
31.9500        -6697.65     -6743.80        46.15   349.0
32.0000        -6697.63     -6743.41        45.78   346.2
32.0500        -6697.67     -6744.04        46.38   350.7
32.1000        -6697.43     -6742.92        45.49   344.0
32.1500        -6697.57     -6743.57        46.00   347.8
32.2000        -6697.75     -6743.14        45.39   343.3
32.2500        -6697.42     -6743.19        45.77   346.2
32.3000        -6697.48     -6744.63        47.14   356.5
32.3500        -6697.62     -6744.16        46.54   351.9
32.4000        -6697.62     -6742.66        45.04   340.6
32.4500        -6697.47     -6743.02        45.56   344.5
32.5000        -6697.53     -6742.97        45.44   343.6
32.5500        -6697.70     -6743.43        45.73   345.8
32.6000        -6697.60     -6742.34        44.74   338.4
32.6500        -6697.28     -6743.45        46.17   349.2
32.7000        -6697.47     -6742.75        45.28   342.4
32.7500        -6697.81     -6743.55        45.74   345.9
32.8000        -6697.47     -6743.25        45.78   346.2
32.8500        -6697.34     -6742.79        45.45   343.7
32.9000        -6697.43     -6743.48        46.05   348.3
32.9500        -6697.76     -6742.38        44.62   337.4
33.0000        -6697.54     -6742.70        45.15   341.5
33.0500        -6697.52     -6742.79        45.27   342.3
33.1000        -6697.58     -6743.13        45.55   344.5
33.1500        -6697.50     -6744.84        47.34   358.0
33.2000        -6697.33     -6742.43        45.10   341.0
33.2500        -6697.37     -6743.40        46.03   348.1
33.3000        -6697.46     -6742.49        45.03   340.5
33.3500        -6697.47     -6745.21        47.74   361.0
33.4000        -6697.54     -6743.19        45.65   345.2
33.4500        -6697.56     -6743.64        46.07   348.4
33.5000        -6697.54     -6744.23        46.69   353.1
33.5500        -6697.48     -6742.75        45.27   342.3
33.6000        -6697.37     -6743.06        45.69   345.6
33.6500        -6697.47     -6744.65        47.18   356.8
33.7000        -6697.65     -6744.26        46.61   352.5
33.7500        -6697.50     -6743.21        45.71   345.7
33.8000        -6697.51     -6742.46        44.95   339.9
33.8500        -6697.47     -6743.90        46.43   351.1
33.9000        -6697.61     -6745.75        48.14   364.1
33.9500        -6697.51     -6743.62        46.11   348.7
34.0000        -6697.64     -6743.99        46.34   350.5
34.0500        -6697.53     -6743.94        46.42   351.0
34.1000        -6697.69     -6744.87        47.17   356.7
34.1500        -6697.44     -6742.73        45.30   342.6
34.2000        -6697.61     -6744.19        46.58   352.3
34.2500        -6697.58     -6743.19        45.61   344.9
34.3000        -6697.45     -6743.44        45.99   347.8
34.3500        -6697.52     -6744.51        47.00   355.4
34.4000        -6697.55     -6743.13        45.58   344.7
34.4500        -6697.51     -6743.03        45.52   344.2
34.5000        -6697.53     -6745.03        47.50   359.2
34.5500        -6697.36     -6742.55        45.20   341.8
34.6000        -6697.42     -6744.90        47.48   359.0
34.6500        -6697.51     -6743.34        45.83   346.6
34.7000        -6697.59     -6743.77        46.18   349.2
34.7500        -6697.46     -6742.80        45.34   342.9
34.8000        -6697.67     -6744.12        46.45   351.3
34.8500        -6697.52     -6743.74        46.22   349.5
34.9000        -6697.53     -6744.77        47.24   357.2
34.9500        -6697.67     -6743.57        45.89   347.1
35.0000        -6697.56     -6744.34        46.78   353.8
35.0500        -6697.59     -6745.24        47.65   360.3
35.1000        -6697.44     -6742.79        45.36   343.0
35.1500        -6697.60     -6744.44        46.84   354.2
35.2000        -6697.61     -6743.44        45.83   346.6
35.2500        -6697.46     -6742.92        45.46   343.8
35.3000        -6697.61     -6742.77        45.16   341.5
35.3500        -6697.52     -6743.72        46.20   349.4
35.4000        -6697.53     -6743.42        45.89   347.0
35.4500        -6697.57     -6744.20        46.63   352.6
35.5000        -6697.65     -6743.08        45.44   343.6
35.5500        -6697.57     -6743.93        46.36   350.6
35.6000        -6697.47     -6745.46        47.99   362.9
35.6500        -6697.77     -6744.39        46.63   352.6
35.7000        -6697.62     -6742.80        45.18   341.7
35.7500        -6697.49     -6745.56        48.07   363.5
35.8000        -6697.61     -6745.50        47.89   362.2
35.8500        -6697.52     -6743.28        45.75   346.0
35.9000        -6697.62     -6742.85        45.22   342.0
35.9500        -6697.62     -6743.63        46.02   348.0
36.0000        -6697.56     -6741.98        44.42   335.9
36.0500        -6697.61     -6744.21        46.60   352.4
36.1000        -6697.58     -6742.39        44.81   338.9
36.1500        -6697.42     -6745.25        47.83   361.7
36.2000        -6697.54     -6744.51        46.97   355.2
36.2500        -6697.40     -6742.37        44.97   340.1
36.3000        -6697.41     -6743.67        46.27   349.9
36.3500        -6697.56     -6744.75        47.18   356.8
36.4000        -6697.42     -6742.66        45.23   342.1
36.4500        -6697.50     -6743.40        45.90   347.1
36.5000        -6697.63     -6744.63        47.00   355.5
36.5500        -6697.44     -6743.18        45.74   345.9
36.6000        -6697.46     -6743.36        45.90   347.1
36.6500        -6697.65     -6742.41        44.76   338.5
36.7000        -6697.56     -6744.06        46.50   351.6
36.7500        -6697.45     -6742.44        44.99   340.2
36.8000        -6697.62     -6743.42        45.80   346.4
36.8500        -6697.45     -6744.45        47.00   355.5
36.9000        -6697.58     -6744.38        46.80   353.9
36.9500        -6697.72     -6743.66        45.93   347.4
37.0000        -6697.54     -6742.23        44.69   338.0
37.0500        -6697.52     -6744.59        47.07   355.9
37.1000        -6697.47     -6744.73        47.26   357.4
37.1500        -6697.82     -6743.75        45.93   347.3
37.2000        -6697.46     -6742.80        45.34   342.8
37.2500        -6697.65     -6743.38        45.73   345.8
37.3000        -6697.44     -6744.27        46.83   354.1
37.3500        -6697.66     -6744.36        46.70   353.2
37.4000        -6697.72     -6742.85        45.13   341.3
37.4500        -6697.57     -6744.93        47.36   358.1
37.5000        -6697.40     -6743.23        45.83   346.6
37.5500        -6697.58     -6743.51        45.93   347.3
37.6000        -6697.43     -6744.23        46.80   353.9
37.6500        -6697.61     -6742.25        44.64   337.6
37.7000        -6697.52     -6744.18        46.66   352.9
37.7500        -6697.45     -6743.91        46.46   351.4
37.8000        -6697.47     -6744.59        47.12   356.3
37.8500        -6697.47     -6743.20        45.73   345.8
37.9000        -6697.55     -6744.28        46.73   353.4
37.9500        -6697.48     -6741.19        43.71   330.6
38.0000        -6697.54     -6743.08        45.54   344.4
38.0500        -6697.56     -6743.18        45.62   345.0
38.1000        -6697.59     -6744.04        46.45   351.3
38.1500        -6697.50     -6743.25        45.75   346.0
38.2000        -6697.54     -6743.81        46.27   349.9
38.2500        -6697.44     -6743.79        46.36   350.6
38.3000        -6697.68     -6745.23        47.54   359.5
38.3500        -6697.50     -6742.31        44.81   338.9
38.4000        -6697.49     -6743.56        46.07   348.4
38.4500        -6697.60     -6744.40        46.81   354.0
38.5000        -6697.55     -6743.41        45.86   346.8
38.5500        -6697.41     -6744.66        47.25   357.3
38.6000        -6697.67     -6742.52        44.85   339.1
38.6500        -6697.48     -6743.42        45.94   347.4
38.7000        -6697.69     -6744.02        46.32   350.3
38.7500        -6697.51     -6743.89        46.38   350.8
38.8000        -6697.53     -6744.62        47.10   356.2
38.8500        -6697.68     -6743.62        45.94   347.4
38.9000        -6697.52     -6744.98        47.46   358.9
38.9500        -6697.44     -6742.98        45.54   344.4
39.0000        -6697.53     -6741.65        44.13   333.7
39.0500        -6697.57     -6743.37        45.80   346.4
39.1000        -6697.46     -6744.66        47.21   357.0
39.1500        -6697.65     -6744.57        46.92   354.8
39.2000        -6697.63     -6743.00        45.37   343.1
39.2500        -6697.46     -6743.66        46.20   349.4
39.3000        -6697.57     -6743.89        46.31   350.2
39.3500        -6697.44     -6744.38        46.94   355.0
39.4000        -6697.37     -6743.13        45.77   346.1
39.4500        -6697.49     -6744.21        46.72   353.3
39.5000        -6697.46     -6744.66        47.20   357.0
39.5500        -6697.39     -6742.63        45.24   342.1
39.6000        -6697.46     -6744.00        46.54   352.0
39.6500        -6697.46     -6741.29        43.83   331.5
39.7000        -6697.48     -6743.63        46.15   349.0
39.7500        -6697.52     -6742.96        45.44   343.6
39.8000        -6697.60     -6744.37        46.77   353.7
39.8500        -6697.38     -6742.59        45.21   341.9
39.9000        -6697.75     -6743.74        45.99   347.8
39.9500        -6697.49     -6743.54        46.04   348.2
40.0000        -6697.40     -6743.61        46.21   349.5
40.0500        -6697.59     -6743.69        46.10   348.6
40.1000        -6697.55     -6744.81        47.26   357.4
40.1500        -6697.47     -6743.00        45.53   344.3
40.2000        -6697.62     -6744.62        47.00   355.4
40.2500        -6697.65     -6742.82        45.17   341.6
40.3000        -6697.55     -6744.00        46.45   351.3
40.3500        -6697.51     -6742.53        45.02   340.5
40.4000        -6697.58     -6741.71        44.14   333.8
40.4500        -6697.54     -6743.34        45.80   346.4
40.5000        -6697.49     -6744.35        46.86   354.3
40.5500        -6697.62     -6742.60        44.99   340.2
40.6000        -6697.39     -6744.68        47.29   357.6
40.6500        -6697.66     -6743.26        45.60   344.8
40.7000        -6697.58     -6744.25        46.67   352.9
40.7500        -6697.49     -6742.43        44.94   339.9
40.8000        -6697.55     -6744.85        47.30   357.7
40.8500        -6697.50     -6742.72        45.22   342.0
40.9000        -6697.68     -6745.73        48.05   363.4
40.9500        -6697.63     -6743.27        45.64   345.2
41.0000        -6697.37     -6745.26        47.89   362.2
41.0500        -6697.58     -6742.85        45.26   342.3
41.1000        -6697.33     -6742.60        45.28   342.4
41.1500        -6697.55     -6745.99        48.44   366.3
41.2000        -6697.44     -6743.34        45.89   347.1
41.2500        -6697.58     -6744.13        46.55   352.0
41.3000        -6697.61     -6744.08        46.47   351.4
41.3500        -6697.53     -6743.42        45.89   347.1
41.4000        -6697.59     -6744.31        46.71   353.3
41.4500        -6697.45     -6742.75        45.30   342.6
41.5000        -6697.67     -6743.67        46.00   347.9
41.5500        -6697.34     -6742.43        45.08   340.9
41.6000        -6697.47     -6743.78        46.31   350.2
41.6500        -6697.28     -6742.47        45.19   341.7
41.7000        -6697.60     -6743.28        45.67   345.4
41.7500        -6697.50     -6743.79        46.29   350.1
41.8000        -6697.45     -6743.59        46.14   348.9
41.8500        -6697.54     -6744.66        47.12   356.4
41.9000        -6697.46     -6743.63        46.17   349.2
41.9500        -6697.52     -6743.93        46.41   351.0
42.0000        -6697.56     -6743.95        46.38   350.8
42.0500        -6697.53     -6743.39        45.86   346.8
42.1000        -6697.47     -6743.36        45.89   347.0
42.1500        -6697.49     -6742.79        45.30   342.6
42.2000        -6697.47     -6744.82        47.35   358.1
42.2500        -6697.53     -6741.83        44.31   335.1
42.3000        -6697.45     -6743.52        46.08   348.5
42.3500        -6697.50     -6742.56        45.06   340.8
42.4000        -6697.61     -6743.76        46.15   349.0
42.4500        -6697.63     -6742.77        45.14   341.4
42.5000        -6697.42     -6744.34        46.92   354.8
42.5500        -6697.46     -6743.49        46.03   348.1
42.6000        -6697.37     -6743.72        46.36   350.6
42.6500        -6697.39     -6743.82        46.42   351.1
42.7000        -6697.35     -6744.02        46.67   353.0
42.7500        -6697.39     -6743.55        46.17   349.1
42.8000        -6697.20     -6742.91        45.70   345.6
42.8500        -6697.42     -6742.92        45.49   344.0
42.9000        -6697.36     -6744.08        46.72   353.3
42.9500        -6697.38     -6744.43        47.05   355.8
43.0000        -6697.42     -6744.03        46.62   352.5
43.0500        -6697.38     -6741.89        44.51   336.6
43.1000        -6697.39     -6743.62        46.23   349.6
43.1500        -6697.31     -6743.77        46.46   351.3
43.2000        -6697.54     -6744.58        47.04   355.7
43.2500        -6697.36     -6742.37        45.01   340.4
43.3000        -6697.28     -6743.58        46.30   350.1
43.3500        -6697.46     -6742.69        45.23   342.1
43.4000        -6697.43     -6741.93        44.50   336.5
43.4500        -6697.34     -6743.28        45.94   347.4
43.5000        -6697.59     -6744.27        46.67   353.0
43.5500        -6697.31     -6743.79        46.48   351.5
43.6000        -6697.42     -6744.50        47.08   356.1
43.6500        -6697.50     -6743.76        46.26   349.8
43.7000        -6697.39     -6742.81        45.42   343.5
43.7500        -6697.58     -6744.80        47.22   357.1
43.8000        -6697.54     -6742.67        45.13   341.3
43.8500        -6697.52     -6743.32        45.80   346.4
43.9000        -6697.49     -6744.31        46.82   354.1
43.9500        -6697.60     -6742.50        44.90   339.6
44.0000        -6697.56     -6744.52        46.96   355.1
44.0500        -6697.50     -6743.43        45.93   347.3
44.1000        -6697.54     -6743.95        46.41   351.0
44.1500        -6697.51     -6744.25        46.74   353.4
44.2000        -6697.76     -6743.63        45.87   346.9
44.2500        -6697.67     -6741.28        43.61   329.8
44.3000        -6697.68     -6744.40        46.72   353.3
44.3500        -6697.51     -6743.66        46.14   349.0
44.4000        -6697.57     -6744.19        46.62   352.6
44.4500        -6697.58     -6743.94        46.35   350.5
44.5000        -6697.58     -6742.79        45.22   341.9
44.5500        -6697.51     -6742.31        44.80   338.8
44.6000        -6697.53     -6743.25        45.72   345.7
44.6500        -6697.49     -6742.94        45.45   343.7
44.7000        -6697.59     -6744.55        46.96   355.1
44.7500        -6697.43     -6743.48        46.05   348.2
44.8000        -6697.44     -6743.07        45.63   345.0
44.8500        -6697.53     -6743.70        46.18   349.2
44.9000        -6697.65     -6743.10        45.45   343.7
44.9500        -6697.50     -6743.09        45.58   344.7
45.0000        -6697.45     -6741.98        44.53   336.7
45.0500        -6697.45     -6744.94        47.49   359.1
45.1000        -6697.45     -6744.25        46.80   353.9
45.1500        -6697.45     -6742.99        45.54   344.4
45.2000        -6697.31     -6743.55        46.24   349.7
45.2500        -6697.59     -6743.62        46.03   348.1
45.3000        -6697.47     -6742.33        44.86   339.2
45.3500        -6697.62     -6745.16        47.54   359.5
45.4000        -6697.54     -6742.31        44.77   338.6
45.4500        -6697.51     -6743.29        45.78   346.2
45.5000        -6697.70     -6743.19        45.48   344.0
45.5500        -6697.40     -6744.12        46.72   353.3
45.6000        -6697.25     -6742.55        45.30   342.6
45.6500        -6697.83     -6743.27        45.44   343.6
45.7000        -6697.34     -6744.10        46.76   353.6
45.7500        -6697.59     -6744.08        46.50   351.6
45.8000        -6697.56     -6742.20        44.64   337.6
45.8500        -6697.49     -6743.95        46.46   351.3
45.9000        -6697.60     -6743.07        45.47   343.8
45.9500        -6697.44     -6743.44        45.99   347.8
46.0000        -6697.44     -6743.91        46.47   351.4
46.0500        -6697.52     -6743.24        45.72   345.7
46.1000        -6697.53     -6743.50        45.96   347.6
46.1500        -6697.53     -6743.89        46.36   350.6
46.2000        -6697.75     -6744.73        46.97   355.2
46.2500        -6697.37     -6743.40        46.03   348.1
46.3000        -6697.58     -6743.05        45.47   343.9
46.3500        -6697.42     -6743.28        45.86   346.8
46.4000        -6697.69     -6742.51        44.83   339.0
46.4500        -6697.45     -6743.08        45.63   345.1
46.5000        -6697.55     -6743.21        45.67   345.3
46.5500        -6697.58     -6743.89        46.31   350.2
46.6000        -6697.50     -6743.21        45.71   345.7
46.6500        -6697.51     -6744.00        46.50   351.6
46.7000        -6697.25     -6744.16        46.91   354.7
46.7500        -6697.65     -6744.16        46.51   351.7
46.8000        -6697.36     -6743.14        45.78   346.2
46.8500        -6697.44     -6744.27        46.84   354.2
46.9000        -6697.48     -6744.30        46.82   354.1
46.9500        -6697.42     -6743.75        46.33   350.4
47.0000        -6697.45     -6742.85        45.41   343.4
47.0500        -6697.48     -6743.06        45.58   344.7
47.1000        -6697.36     -6743.20        45.84   346.6
47.1500        -6697.58     -6743.61        46.03   348.1
47.2000        -6697.43     -6742.99        45.56   344.6
47.2500        -6697.51     -6743.44        45.93   347.3
47.3000        -6697.57     -6743.18        45.61   345.0
47.3500        -6697.35     -6742.73        45.38   343.2
47.4000        -6697.43     -6743.86        46.42   351.1
47.4500        -6697.28     -6743.34        46.06   348.3
47.5000        -6697.65     -6744.84        47.19   356.9
47.5500        -6697.41     -6742.42        45.01   340.4
47.6000        -6697.46     -6744.57        47.12   356.3
47.6500        -6697.49     -6741.76        44.28   334.9
47.7000        -6697.54     -6742.92        45.38   343.1
47.7500        -6697.57     -6741.73        44.15   333.9
47.8000        -6697.54     -6743.69        46.15   349.0
47.8500        -6697.43     -6741.49        44.06   333.2
47.9000        -6697.48     -6742.89        45.41   343.4
