Time[ps]      Etot[eV]     Epot[eV]     Ekin[eV]    T[K]
0.0000         -6786.96     -6786.96         0.00     0.0
0.0500         -6768.64     -6782.34        13.70   103.6
0.1000         -6752.07     -6773.94        21.87   165.4
0.1500         -6740.13     -6767.30        27.17   205.4
0.2000         -6729.65     -6744.89        15.24   115.2
0.2500         -6721.85     -6760.07        38.22   289.0
0.3000         -6715.46     -6753.25        37.79   285.8
0.3500         -6711.21     -6752.34        41.12   311.0
0.4000         -6707.90     -6743.07        35.18   266.0
0.4500         -6704.34     -6753.17        48.83   369.2
0.5000         -6701.96     -6736.46        34.50   260.9
0.5500         -6701.20     -6749.00        47.80   361.5
0.6000         -6698.92     -6744.79        45.87   346.9
0.6500         -6697.79     -6744.04        46.25   349.8
0.7000         -6696.95     -6737.56        40.62   307.2
0.7500         -6697.05     -6746.92        49.87   377.2
0.8000         -6696.00     -6743.54        47.53   359.5
0.8500         -6695.78     -6740.63        44.85   339.2
0.9000         -6695.64     -6740.88        45.24   342.1
0.9500         -6695.26     -6746.10        50.84   384.5
1.0000         -6695.27     -6738.04        42.76   323.4
1.0500         -6695.29     -6742.89        47.60   360.0
1.1000         -6695.14     -6742.81        47.67   360.5
1.1500         -6695.00     -6741.76        46.76   353.6
1.2000         -6695.03     -6740.72        45.69   345.5
1.2500         -6695.33     -6743.43        48.10   363.8
1.3000         -6694.97     -6746.58        51.61   390.3
1.3500         -6694.96     -6740.52        45.56   344.5
1.4000         -6695.26     -6741.26        46.00   347.9
1.4500         -6694.96     -6744.68        49.72   376.0
1.5000         -6694.72     -6739.91        45.19   341.7
1.5500         -6695.08     -6742.61        47.53   359.4
1.6000         -6694.94     -6743.24        48.30   365.3
1.6500         -6695.11     -6745.34        50.23   379.9
1.7000         -6694.96     -6740.75        45.79   346.3
1.7500         -6694.99     -6742.10        47.11   356.3
1.8000         -6694.92     -6743.40        48.48   366.7
1.8500         -6694.60     -6740.85        46.25   349.8
1.9000         -6695.07     -6740.75        45.67   345.4
1.9500         -6694.95     -6744.06        49.11   371.4
2.0000         -6694.68     -6742.08        47.40   358.5
2.0500         -6694.94     -6741.02        46.08   348.5
2.1000         -6694.88     -6742.55        47.66   360.4
2.1500         -6694.87     -6741.74        46.87   354.4
2.2000         -6694.51     -6744.01        49.50   374.4
2.2500         -6695.17     -6742.78        47.61   360.0
2.3000         -6694.73     -6742.70        47.97   362.8
2.3500         -6694.58     -6742.26        47.68   360.6
2.4000         -6694.96     -6741.67        46.72   353.3
2.4500         -6694.55     -6742.99        48.44   366.3
2.5000         -6694.82     -6741.89        47.07   356.0
2.5500         -6694.80     -6742.23        47.44   358.7
2.6000         -6694.97     -6739.03        44.06   333.2
2.6500         -6694.53     -6741.58        47.05   355.8
2.7000         -6695.00     -6741.45        46.46   351.3
2.7500         -6694.62     -6742.81        48.19   364.4
2.8000         -6694.97     -6742.44        47.47   359.0
2.8500         -6694.61     -6740.23        45.62   345.0
2.9000         -6694.98     -6742.57        47.59   359.9
2.9500         -6694.93     -6742.27        47.34   358.0
3.0000         -6694.82     -6741.07        46.25   349.8
3.0500         -6694.97     -6742.07        47.11   356.2
3.1000         -6694.89     -6741.26        46.38   350.7
3.1500         -6694.92     -6743.56        48.64   367.8
3.2000         -6694.90     -6741.67        46.77   353.7
3.2500         -6694.86     -6742.47        47.62   360.1
3.3000         -6694.82     -6741.81        46.99   355.4
3.3500         -6694.88     -6742.03        47.15   356.6
3.4000         -6694.91     -6742.94        48.03   363.2
3.4500         -6694.87     -6743.43        48.56   367.3
3.5000         -6694.97     -6743.02        48.04   363.3
3.5500         -6694.87     -6742.63        47.76   361.2
3.6000         -6694.95     -6742.92        47.97   362.8
3.6500         -6694.86     -6742.35        47.49   359.1
3.7000         -6695.00     -6741.98        46.98   355.3
3.7500         -6694.66     -6740.60        45.95   347.5
3.8000         -6695.03     -6742.36        47.33   358.0
3.8500         -6694.70     -6741.99        47.29   357.6
3.9000         -6695.15     -6742.08        46.93   354.9
3.9500         -6694.94     -6740.87        45.93   347.3
4.0000         -6694.72     -6741.11        46.40   350.9
4.0500         -6694.86     -6741.55        46.68   353.0
4.1000         -6694.93     -6742.48        47.56   359.6
4.1500         -6694.65     -6742.68        48.03   363.2
4.2000         -6694.86     -6742.48        47.62   360.2
4.2500         -6695.02     -6742.40        47.37   358.3
4.3000         -6694.81     -6742.08        47.27   357.5
4.3500         -6694.79     -6742.42        47.63   360.2
4.4000         -6694.73     -6741.14        46.40   350.9
4.4500         -6695.13     -6743.78        48.65   367.9
4.5000         -6694.64     -6742.74        48.10   363.7
4.5500         -6694.79     -6740.99        46.20   349.4
4.6000         -6694.75     -6742.54        47.79   361.4
4.6500         -6694.89     -6742.25        47.36   358.1
4.7000         -6694.73     -6742.19        47.46   358.9
4.7500         -6694.78     -6743.88        49.10   371.3
4.8000         -6694.92     -6742.02        47.10   356.2
4.8500         -6694.81     -6741.85        47.04   355.8
4.9000         -6695.03     -6743.86        48.82   369.2
4.9500         -6694.82     -6741.33        46.50   351.7
5.0000         -6694.73     -6742.71        47.98   362.8
5.0500         -6694.94     -6740.49        45.55   344.4
5.1000         -6695.00     -6742.47        47.48   359.0
5.1500         -6694.71     -6742.60        47.90   362.2
5.2000         -6694.96     -6743.19        48.23   364.7
5.2500         -6694.85     -6741.99        47.14   356.5
5.3000         -6694.91     -6743.46        48.55   367.2
5.3500         -6694.87     -6742.51        47.65   360.3
5.4000         -6694.91     -6742.95        48.04   363.3
5.4500         -6694.77     -6743.26        48.49   366.7
5.5000         -6694.89     -6741.71        46.81   354.0
5.5500         -6694.94     -6740.97        46.03   348.1
5.6000         -6694.85     -6740.89        46.04   348.2
5.6500         -6694.87     -6743.31        48.45   366.4
5.7000         -6694.85     -6742.39        47.54   359.5
5.7500         -6694.80     -6741.61        46.80   353.9
5.8000         -6695.09     -6742.10        47.01   355.5
5.8500         -6694.65     -6743.46        48.81   369.1
5.9000         -6694.81     -6740.59        45.78   346.2
5.9500         -6695.03     -6744.05        49.02   370.7
6.0000         -6694.84     -6741.96        47.12   356.4
6.0500         -6694.81     -6741.12        46.32   350.3
6.1000         -6694.78     -6739.85        45.07   340.8
6.1500         -6694.98     -6742.95        47.97   362.8
6.2000         -6694.83     -6741.36        46.54   351.9
6.2500         -6694.93     -6741.55        46.62   352.5
6.3000         -6694.94     -6743.14        48.19   364.5
6.3500         -6694.95     -6742.54        47.59   359.9
6.4000         -6694.76     -6741.36        46.60   352.4
6.4500         -6694.87     -6740.79        45.92   347.3
6.5000         -6694.77     -6742.71        47.94   362.6
6.5500         -6694.64     -6741.69        47.05   355.8
6.6000         -6694.74     -6739.83        45.09   341.0
6.6500         -6694.74     -6743.22        48.48   366.6
6.7000         -6694.76     -6741.39        46.63   352.6
6.7500         -6694.83     -6742.21        47.37   358.3
6.8000         -6694.89     -6742.35        47.46   358.9
6.8500         -6694.76     -6741.51        46.75   353.5
6.9000         -6694.87     -6741.62        46.75   353.5
6.9500         -6694.78     -6743.17        48.39   365.9
7.0000         -6695.02     -6742.36        47.35   358.0
7.0500         -6694.75     -6741.69        46.94   355.0
7.1000         -6695.04     -6742.93        47.89   362.2
7.1500         -6694.67     -6740.60        45.92   347.3
7.2000         -6694.85     -6742.71        47.86   361.9
7.2500         -6694.85     -6741.86        47.01   355.5
7.3000         -6694.84     -6742.42        47.58   359.9
7.3500         -6694.99     -6744.24        49.25   372.4
7.4000         -6694.95     -6740.71        45.76   346.0
7.4500         -6694.68     -6743.19        48.50   366.8
7.5000         -6695.01     -6742.12        47.11   356.3
7.5500         -6694.92     -6742.06        47.14   356.5
7.6000         -6694.67     -6741.11        46.44   351.2
7.6500         -6694.94     -6741.62        46.67   352.9
7.7000         -6694.84     -6743.24        48.40   366.0
7.7500         -6694.86     -6743.53        48.67   368.0
7.8000         -6694.82     -6740.87        46.05   348.3
7.8500         -6695.01     -6743.00        47.99   363.0
7.9000         -6694.84     -6743.06        48.22   364.6
7.9500         -6694.90     -6741.85        46.95   355.1
8.0000         -6694.73     -6742.79        48.07   363.5
8.0500         -6694.87     -6741.73        46.86   354.4
8.1000         -6694.84     -6742.06        47.22   357.1
8.1500         -6694.89     -6741.61        46.72   353.3
8.2000         -6694.90     -6743.31        48.42   366.2
8.2500         -6694.77     -6742.10        47.32   357.9
8.3000         -6694.87     -6742.68        47.81   361.6
8.3500         -6694.71     -6742.07        47.36   358.1
8.4000         -6694.78     -6742.36        47.58   359.8
8.4500         -6694.79     -6742.04        47.25   357.3
8.5000         -6695.01     -6742.39        47.38   358.3
8.5500         -6694.87     -6742.02        47.15   356.6
8.6000         -6694.77     -6742.78        48.02   363.1
8.6500         -6694.69     -6741.59        46.90   354.7
8.7000         -6694.79     -6741.98        47.19   356.9
8.7500         -6694.81     -6743.22        48.41   366.1
8.8000         -6694.80     -6742.38        47.58   359.8
8.8500         -6695.05     -6743.13        48.08   363.6
8.9000         -6694.79     -6742.05        47.26   357.4
8.9500         -6694.84     -6742.14        47.30   357.7
9.0000         -6694.84     -6740.96        46.12   348.8
9.0500         -6695.15     -6741.99        46.85   354.3
9.1000         -6694.73     -6742.23        47.49   359.2
9.1500         -6694.91     -6742.40        47.49   359.1
9.2000         -6694.87     -6742.11        47.24   357.3
9.2500         -6694.75     -6741.60        46.84   354.3
9.3000         -6694.88     -6742.14        47.26   357.4
9.3500         -6694.80     -6742.24        47.43   358.7
9.4000         -6694.73     -6741.07        46.34   350.4
9.4500         -6694.85     -6741.18        46.33   350.4
9.5000         -6694.75     -6742.43        47.68   360.5
9.5500         -6695.06     -6742.47        47.41   358.6
9.6000         -6694.71     -6742.94        48.23   364.7
9.6500         -6694.81     -6741.54        46.73   353.4
9.7000         -6694.79     -6742.50        47.72   360.8
9.7500         -6695.04     -6742.63        47.59   359.9
9.8000         -6694.86     -6742.43        47.57   359.7
9.8500         -6694.76     -6741.83        47.08   356.0
9.9000         -6694.91     -6741.68        46.77   353.7
9.9500         -6694.87     -6742.64        47.77   361.2
10.0000        -6694.81     -6743.40        48.59   367.5
10.0500        -6694.95     -6742.02        47.07   356.0
10.1000        -6694.84     -6741.17        46.33   350.4
10.1500        -6694.96     -6742.31        47.35   358.1
10.2000        -6694.87     -6741.90        47.03   355.7
10.2500        -6694.93     -6741.37        46.44   351.2
10.3000        -6694.84     -6741.16        46.33   350.3
10.3500        -6695.15     -6742.65        47.50   359.2
10.4000        -6694.75     -6741.88        47.13   356.4
10.4500        -6694.93     -6743.58        48.66   368.0
10.5000        -6694.96     -6741.71        46.75   353.6
10.5500        -6694.89     -6742.41        47.52   359.4
10.6000        -6694.90     -6742.28        47.38   358.3
10.6500        -6694.96     -6742.22        47.26   357.4
10.7000        -6694.73     -6743.36        48.63   367.8
10.7500        -6694.84     -6741.19        46.35   350.5
10.8000        -6694.78     -6741.90        47.12   356.3
10.8500        -6694.81     -6741.43        46.62   352.5
10.9000        -6694.68     -6741.30        46.62   352.5
10.9500        -6694.70     -6743.27        48.57   367.3
11.0000        -6694.67     -6743.41        48.74   368.6
11.0500        -6694.94     -6742.96        48.02   363.1
11.1000        -6694.83     -6741.89        47.06   355.9
11.1500        -6694.76     -6743.11        48.35   365.6
11.2000        -6694.80     -6741.66        46.86   354.4
11.2500        -6694.92     -6742.13        47.21   357.0
11.3000        -6694.83     -6742.38        47.55   359.6
11.3500        -6694.73     -6742.51        47.78   361.3
11.4000        -6694.85     -6742.36        47.50   359.2
11.4500        -6694.80     -6742.36        47.56   359.7
11.5000        -6694.81     -6741.67        46.87   354.4
11.5500        -6694.95     -6742.72        47.76   361.2
11.6000        -6694.92     -6742.92        48.00   363.0
11.6500        -6694.89     -6741.98        47.09   356.1
11.7000        -6694.96     -6742.73        47.77   361.3
11.7500        -6694.94     -6742.02        47.08   356.1
11.8000        -6694.84     -6742.61        47.76   361.2
11.8500        -6694.85     -6741.80        46.94   355.0
11.9000        -6694.77     -6742.46        47.69   360.6
11.9500        -6694.90     -6744.04        49.14   371.6
12.0000        -6694.86     -6742.17        47.31   357.7
12.0500        -6694.94     -6742.80        47.87   362.0
12.1000        -6694.88     -6741.13        46.25   349.8
12.1500        -6694.92     -6741.71        46.79   353.9
12.2000        -6694.87     -6742.24        47.37   358.2
12.2500        -6694.85     -6742.60        47.75   361.1
12.3000        -6694.97     -6743.35        48.38   365.9
12.3500        -6694.92     -6740.98        46.06   348.3
12.4000        -6694.90     -6742.17        47.27   357.5
12.4500        -6694.99     -6743.01        48.03   363.2
12.5000        -6694.79     -6742.12        47.33   357.9
12.5500        -6694.95     -6742.69        47.74   361.1
12.6000        -6694.82     -6743.11        48.30   365.2
12.6500        -6694.83     -6742.72        47.89   362.1
12.7000        -6694.75     -6742.36        47.61   360.0
12.7500        -6694.72     -6741.94        47.22   357.1
12.8000        -6694.80     -6741.95        47.16   356.6
12.8500        -6694.69     -6742.08        47.40   358.4
12.9000        -6694.81     -6743.76        48.95   370.2
12.9500        -6694.68     -6741.22        46.54   352.0
13.0000        -6694.77     -6742.87        48.09   363.7
13.0500        -6694.84     -6742.01        47.17   356.7
13.1000        -6694.62     -6741.31        46.69   353.1
13.1500        -6694.73     -6741.93        47.19   356.9
13.2000        -6694.81     -6742.80        47.99   362.9
13.2500        -6694.74     -6741.59        46.85   354.3
13.3000        -6694.80     -6740.91        46.11   348.7
13.3500        -6694.84     -6742.67        47.83   361.7
13.4000        -6695.00     -6741.42        46.42   351.0
13.4500        -6694.76     -6742.76        48.00   363.0
13.5000        -6694.49     -6742.94        48.45   366.4
13.5500        -6694.78     -6743.33        48.55   367.2
13.6000        -6694.80     -6742.41        47.60   360.0
13.6500        -6694.80     -6741.63        46.83   354.1
13.7000        -6694.87     -6741.70        46.82   354.1
13.7500        -6694.71     -6743.36        48.65   367.9
13.8000        -6695.06     -6743.01        47.94   362.6
13.8500        -6694.98     -6740.28        45.30   342.6
13.9000        -6694.75     -6743.21        48.46   366.4
13.9500        -6695.02     -6742.42        47.41   358.5
14.0000        -6694.99     -6742.66        47.67   360.5
14.0500        -6695.10     -6742.21        47.10   356.2
14.1000        -6694.94     -6742.57        47.63   360.2
14.1500        -6694.81     -6742.63        47.82   361.6
14.2000        -6694.89     -6743.13        48.24   364.8
14.2500        -6694.86     -6741.52        46.66   352.8
14.3000        -6694.92     -6742.35        47.43   358.7
14.3500        -6694.99     -6743.47        48.48   366.6
14.4000        -6694.97     -6741.87        46.89   354.6
14.4500        -6694.90     -6741.53        46.63   352.6
14.5000        -6694.94     -6743.59        48.65   367.9
14.5500        -6695.03     -6742.85        47.83   361.7
14.6000        -6695.04     -6742.08        47.04   355.7
14.6500        -6694.81     -6741.91        47.10   356.2
14.7000        -6694.95     -6744.77        49.83   376.8
14.7500        -6695.04     -6743.48        48.45   366.4
14.8000        -6694.78     -6742.21        47.43   358.7
14.8500        -6694.88     -6742.12        47.23   357.2
14.9000        -6694.94     -6742.49        47.55   359.6
14.9500        -6694.90     -6741.67        46.77   353.7
15.0000        -6694.97     -6742.62        47.66   360.4
15.0500        -6694.82     -6740.86        46.04   348.2
15.1000        -6694.82     -6743.56        48.75   368.6
15.1500        -6694.84     -6742.62        47.78   361.3
15.2000        -6694.85     -6742.38        47.53   359.5
15.2500        -6694.87     -6743.29        48.43   366.2
15.3000        -6694.87     -6742.97        48.10   363.8
15.3500        -6694.83     -6740.74        45.92   347.2
15.4000        -6694.81     -6741.29        46.48   351.5
15.4500        -6694.83     -6741.21        46.38   350.8
15.5000        -6694.89     -6743.88        48.98   370.4
15.5500        -6694.79     -6741.48        46.70   353.1
15.6000        -6694.96     -6742.17        47.21   357.0
15.6500        -6694.69     -6742.20        47.51   359.3
15.7000        -6694.90     -6741.42        46.52   351.8
15.7500        -6694.75     -6742.69        47.94   362.5
15.8000        -6694.87     -6742.07        47.20   356.9
15.8500        -6694.91     -6743.39        48.47   366.6
15.9000        -6694.75     -6742.29        47.53   359.5
15.9500        -6694.89     -6741.23        46.34   350.4
16.0000        -6694.94     -6741.99        47.05   355.8
16.0500        -6695.01     -6743.16        48.15   364.1
16.1000        -6694.88     -6741.22        46.34   350.5
16.1500        -6694.97     -6741.62        46.65   352.8
16.2000        -6694.93     -6742.84        47.91   362.3
16.2500        -6694.85     -6741.34        46.49   351.5
16.3000        -6695.19     -6742.61        47.42   358.6
16.3500        -6694.89     -6740.69        45.80   346.3
16.4000        -6694.85     -6743.14        48.29   365.2
16.4500        -6694.82     -6744.51        49.70   375.8
16.5000        -6695.08     -6742.38        47.30   357.7
16.5500        -6694.92     -6741.81        46.89   354.6
16.6000        -6694.86     -6742.59        47.73   361.0
16.6500        -6694.90     -6741.95        47.05   355.8
16.7000        -6694.96     -6742.68        47.72   360.9
16.7500        -6694.85     -6741.21        46.36   350.6
16.8000        -6694.69     -6741.81        47.12   356.4
16.8500        -6694.97     -6744.20        49.23   372.3
16.9000        -6694.98     -6741.37        46.39   350.8
16.9500        -6694.70     -6742.93        48.24   364.8
17.0000        -6694.97     -6742.94        47.97   362.8
17.0500        -6695.10     -6742.67        47.57   359.7
17.1000        -6694.69     -6743.15        48.45   366.4
17.1500        -6695.01     -6742.00        46.99   355.4
17.2000        -6694.82     -6741.95        47.13   356.4
17.2500        -6694.82     -6741.81        46.99   355.3
17.3000        -6694.89     -6743.33        48.45   366.4
17.3500        -6694.73     -6741.93        47.20   356.9
17.4000        -6694.91     -6742.02        47.10   356.2
17.4500        -6694.89     -6741.38        46.49   351.6
17.5000        -6694.61     -6742.58        47.97   362.7
17.5500        -6694.72     -6742.77        48.05   363.4
17.6000        -6694.82     -6742.67        47.84   361.8
17.6500        -6694.94     -6740.78        45.84   346.6
17.7000        -6694.75     -6741.69        46.95   355.0
17.7500        -6694.76     -6742.95        48.20   364.5
17.8000        -6694.94     -6743.63        48.69   368.2
17.8500        -6695.00     -6741.64        46.64   352.7
17.9000        -6694.76     -6743.10        48.35   365.6
17.9500        -6694.85     -6741.47        46.62   352.6
18.0000        -6694.78     -6743.15        48.37   365.8
18.0500        -6694.86     -6742.26        47.40   358.4
18.1000        -6694.79     -6744.08        49.29   372.7
18.1500        -6694.86     -6742.27        47.41   358.5
18.2000        -6694.94     -6742.66        47.72   360.9
18.2500        -6694.87     -6741.64        46.77   353.7
18.3000        -6694.63     -6742.18        47.55   359.6
18.3500        -6695.06     -6742.74        47.68   360.5
18.4000        -6694.69     -6739.95        45.26   342.2
18.4500        -6694.66     -6742.17        47.51   359.3
18.5000        -6694.84     -6742.73        47.89   362.2
18.5500        -6694.97     -6740.84        45.87   346.9
18.6000        -6694.72     -6742.08        47.36   358.2
18.6500        -6694.82     -6741.42        46.60   352.4
18.7000        -6694.72     -6742.06        47.34   358.0
18.7500        -6694.87     -6741.21        46.34   350.5
18.8000        -6694.93     -6741.10        46.18   349.2
18.8500        -6694.79     -6742.22        47.43   358.7
18.9000        -6694.75     -6741.51        46.76   353.6
18.9500        -6694.95     -6743.32        48.38   365.8
19.0000        -6694.87     -6743.12        48.25   364.9
19.0500        -6694.83     -6743.19        48.36   365.7
19.1000        -6694.90     -6743.58        48.68   368.1
19.1500        -6694.74     -6741.54        46.80   353.9
19.2000        -6694.76     -6740.79        46.02   348.0
19.2500        -6694.78     -6742.23        47.45   358.8
19.3000        -6694.69     -6741.58        46.90   354.7
19.3500        -6695.01     -6742.48        47.48   359.0
19.4000        -6694.73     -6740.99        46.25   349.8
19.4500        -6694.82     -6742.28        47.46   358.9
19.5000        -6694.86     -6740.86        46.00   347.9
19.5500        -6694.54     -6742.32        47.79   361.4
19.6000        -6694.82     -6741.40        46.58   352.3
19.6500        -6694.81     -6742.19        47.38   358.3
19.7000        -6694.76     -6742.39        47.63   360.2
19.7500        -6694.75     -6741.58        46.83   354.2
19.8000        -6694.78     -6742.03        47.25   357.3
19.8500        -6694.81     -6742.06        47.25   357.3
19.9000        -6694.96     -6741.85        46.89   354.6
19.9500        -6694.89     -6742.07        47.18   356.8
20.0000        -6694.78     -6742.22        47.44   358.7
20.0500        -6694.96     -6740.78        45.82   346.5
20.1000        -6694.89     -6741.58        46.69   353.1
20.1500        -6694.82     -6742.70        47.88   362.1
20.2000        -6694.89     -6742.59        47.70   360.8
20.2500        -6694.92     -6741.50        46.58   352.3
20.3000        -6695.14     -6743.45        48.30   365.3
20.3500        -6694.67     -6740.88        46.21   349.5
20.4000        -6694.76     -6741.29        46.53   351.9
20.4500        -6694.96     -6742.23        47.27   357.5
20.5000        -6694.76     -6740.76        45.99   347.8
20.5500        -6694.91     -6742.65        47.74   361.0
20.6000        -6694.95     -6742.35        47.40   358.5
20.6500        -6694.94     -6742.92        47.98   362.8
20.7000        -6694.81     -6742.16        47.35   358.1
20.7500        -6694.94     -6741.36        46.42   351.1
20.8000        -6694.85     -6741.50        46.65   352.8
20.8500        -6694.90     -6744.10        49.20   372.0
20.9000        -6694.69     -6741.81        47.12   356.3
20.9500        -6694.94     -6741.57        46.63   352.7
21.0000        -6694.85     -6742.05        47.20   356.9
21.0500        -6694.95     -6743.64        48.69   368.3
21.1000        -6694.79     -6741.32        46.53   351.9
21.1500        -6694.86     -6743.22        48.36   365.7
21.2000        -6694.92     -6742.27        47.34   358.0
21.2500        -6694.76     -6741.74        46.98   355.3
21.3000        -6694.89     -6741.87        46.98   355.3
21.3500        -6694.69     -6742.86        48.17   364.3
21.4000        -6694.94     -6743.45        48.51   366.9
21.4500        -6694.80     -6742.40        47.60   360.0
21.5000        -6694.86     -6742.51        47.66   360.4
21.5500        -6694.67     -6742.54        47.87   362.0
21.6000        -6694.83     -6742.40        47.57   359.7
21.6500        -6694.85     -6742.50        47.66   360.4
21.7000        -6694.89     -6742.61        47.72   360.9
21.7500        -6694.80     -6742.00        47.20   357.0
21.8000        -6694.94     -6741.85        46.91   354.8
21.8500        -6694.87     -6744.13        49.25   372.5
21.9000        -6694.73     -6743.68        48.95   370.2
21.9500        -6694.85     -6742.20        47.35   358.1
22.0000        -6694.81     -6743.53        48.72   368.5
22.0500        -6695.01     -6741.84        46.83   354.1
22.1000        -6694.72     -6742.65        47.93   362.5
22.1500        -6694.82     -6741.72        46.90   354.7
22.2000        -6694.88     -6742.07        47.19   356.8
22.2500        -6694.92     -6743.22        48.30   365.3
22.3000        -6694.74     -6741.34        46.60   352.4
22.3500        -6694.89     -6743.34        48.45   366.4
22.4000        -6694.78     -6742.84        48.06   363.4
22.4500        -6694.97     -6742.16        47.19   356.9
22.5000        -6694.73     -6741.55        46.82   354.1
22.5500        -6694.96     -6743.30        48.34   365.6
22.6000        -6694.94     -6741.32        46.38   350.8
22.6500        -6694.71     -6740.88        46.17   349.1
22.7000        -6694.77     -6742.41        47.63   360.2
22.7500        -6694.88     -6742.85        47.97   362.8
22.8000        -6694.77     -6743.30        48.52   367.0
22.8500        -6694.76     -6742.37        47.60   360.0
22.9000        -6694.65     -6741.53        46.88   354.5
22.9500        -6694.86     -6742.54        47.68   360.6
23.0000        -6694.82     -6741.64        46.82   354.0
23.0500        -6694.82     -6742.77        47.95   362.6
23.1000        -6694.70     -6741.85        47.15   356.6
23.1500        -6694.93     -6741.59        46.66   352.9
23.2000        -6694.89     -6742.87        47.97   362.8
23.2500        -6694.94     -6741.86        46.92   354.8
23.3000        -6694.76     -6742.33        47.57   359.7
23.3500        -6694.92     -6741.52        46.60   352.4
23.4000        -6694.96     -6742.53        47.57   359.8
23.4500        -6694.82     -6742.26        47.43   358.7
23.5000        -6694.79     -6741.59        46.80   353.9
23.5500        -6694.91     -6741.18        46.27   349.9
23.6000        -6694.84     -6740.72        45.88   347.0
23.6500        -6694.89     -6742.60        47.71   360.8
23.7000        -6695.02     -6742.81        47.79   361.4
23.7500        -6694.77     -6741.66        46.89   354.6
23.8000        -6694.84     -6742.73        47.90   362.2
23.8500        -6694.93     -6741.36        46.43   351.1
23.9000        -6694.68     -6742.92        48.25   364.9
23.9500        -6694.94     -6741.81        46.87   354.5
24.0000        -6694.69     -6741.43        46.74   353.4
24.0500        -6694.71     -6742.88        48.17   364.3
24.1000        -6695.10     -6741.44        46.34   350.4
24.1500        -6694.96     -6743.01        48.05   363.3
24.2000        -6694.75     -6743.35        48.60   367.5
24.2500        -6695.07     -6742.65        47.58   359.8
24.3000        -6694.76     -6741.62        46.86   354.3
24.3500        -6694.91     -6741.72        46.82   354.0
24.4000        -6694.93     -6741.96        47.03   355.7
24.4500        -6694.89     -6743.64        48.75   368.7
24.5000        -6694.82     -6742.12        47.30   357.7
24.5500        -6695.07     -6741.31        46.24   349.7
24.6000        -6694.82     -6741.67        46.85   354.3
24.6500        -6695.01     -6742.90        47.89   362.1
24.7000        -6694.90     -6741.39        46.49   351.6
24.7500        -6694.75     -6743.50        48.75   368.6
24.8000        -6694.76     -6741.82        47.06   355.9
24.8500        -6694.60     -6742.75        48.16   364.2
24.9000        -6694.80     -6741.11        46.30   350.2
24.9500        -6694.68     -6742.32        47.63   360.2
25.0000        -6694.82     -6742.51        47.70   360.7
25.0500        -6695.18     -6742.56        47.39   358.4
25.1000        -6694.61     -6742.23        47.61   360.1
25.1500        -6694.99     -6743.34        48.35   365.7
25.2000        -6694.71     -6741.04        46.33   350.4
25.2500        -6694.85     -6741.79        46.94   355.0
25.3000        -6695.00     -6743.40        48.40   366.0
25.3500        -6694.94     -6743.40        48.46   366.5
25.4000        -6694.93     -6742.94        48.01   363.1
25.4500        -6694.81     -6742.87        48.05   363.4
25.5000        -6694.81     -6741.98        47.17   356.7
25.5500        -6694.95     -6742.33        47.38   358.3
25.6000        -6694.74     -6741.92        47.18   356.8
25.6500        -6694.94     -6742.38        47.44   358.7
25.7000        -6694.74     -6742.97        48.23   364.7
25.7500        -6694.80     -6742.08        47.28   357.6
25.8000        -6694.87     -6742.57        47.71   360.8
25.8500        -6694.94     -6741.35        46.42   351.0
25.9000        -6694.73     -6742.80        48.07   363.5
25.9500        -6694.82     -6741.11        46.28   350.0
26.0000        -6694.93     -6742.78        47.84   361.8
26.0500        -6694.96     -6741.17        46.21   349.5
26.1000        -6694.78     -6743.63        48.84   369.4
26.1500        -6694.73     -6742.86        48.13   364.0
26.2000        -6694.79     -6742.69        47.90   362.3
26.2500        -6694.65     -6741.71        47.06   355.9
26.3000        -6695.07     -6741.65        46.59   352.3
26.3500        -6694.81     -6740.69        45.89   347.0
26.4000        -6694.71     -6742.93        48.22   364.7
26.4500        -6694.94     -6741.26        46.32   350.3
26.5000        -6694.84     -6743.69        48.85   369.4
26.5500        -6694.90     -6742.07        47.17   356.7
26.6000        -6694.79     -6742.60        47.81   361.6
26.6500        -6694.88     -6742.72        47.84   361.8
26.7000        -6694.80     -6742.81        48.01   363.1
26.7500        -6694.87     -6741.66        46.79   353.8
26.8000        -6694.99     -6741.52        46.54   351.9
26.8500        -6694.86     -6743.88        49.01   370.7
26.9000        -6695.02     -6741.23        46.21   349.4
26.9500        -6694.67     -6742.80        48.13   364.0
27.0000        -6695.03     -6741.61        46.58   352.2
27.0500        -6694.81     -6742.60        47.79   361.4
27.1000        -6694.78     -6742.42        47.64   360.2
27.1500        -6694.99     -6742.99        47.99   363.0
27.2000        -6694.76     -6741.39        46.63   352.6
27.2500        -6694.94     -6743.01        48.07   363.5
27.3000        -6694.74     -6739.86        45.12   341.2
27.3500        -6694.99     -6743.01        48.01   363.1
27.4000        -6694.79     -6741.69        46.90   354.6
27.4500        -6694.69     -6741.40        46.71   353.2
27.5000        -6694.98     -6742.43        47.45   358.8
27.5500        -6694.83     -6741.25        46.43   351.1
27.6000        -6694.92     -6744.00        49.08   371.2
27.6500        -6694.79     -6742.17        47.37   358.3
27.7000        -6694.97     -6743.14        48.17   364.3
27.7500        -6694.78     -6741.32        46.54   352.0
27.8000        -6694.83     -6741.54        46.71   353.3
27.8500        -6694.84     -6742.66        47.82   361.7
27.9000        -6694.75     -6742.18        47.44   358.7
27.9500        -6694.72     -6743.56        48.84   369.3
28.0000        -6694.84     -6743.11        48.28   365.1
28.0500        -6694.91     -6741.75        46.84   354.2
28.1000        -6694.69     -6742.90        48.21   364.6
28.1500        -6694.84     -6742.78        47.94   362.5
28.2000        -6694.87     -6740.79        45.92   347.2
28.2500        -6694.85     -6741.77        46.91   354.8
28.3000        -6695.01     -6741.29        46.28   350.0
28.3500        -6694.86     -6741.26        46.40   350.9
28.4000        -6694.72     -6743.19        48.48   366.6
28.4500        -6694.92     -6742.68        47.76   361.1
28.5000        -6694.87     -6741.25        46.39   350.8
28.5500        -6694.86     -6741.88        47.02   355.6
28.6000        -6694.88     -6742.47        47.59   359.9
28.6500        -6694.82     -6742.54        47.72   360.9
28.7000        -6695.00     -6742.26        47.26   357.4
28.7500        -6694.65     -6742.99        48.34   365.6
28.8000        -6694.80     -6741.29        46.48   351.5
28.8500        -6694.87     -6742.37        47.49   359.2
28.9000        -6695.06     -6742.06        47.00   355.4
28.9500        -6694.79     -6742.88        48.09   363.7
29.0000        -6694.89     -6742.17        47.28   357.5
29.0500        -6694.86     -6742.09        47.23   357.2
29.1000        -6694.95     -6742.37        47.42   358.6
29.1500        -6694.97     -6742.91        47.94   362.5
29.2000        -6694.95     -6741.67        46.71   353.3
29.2500        -6694.77     -6742.11        47.34   358.0
29.3000        -6695.19     -6742.06        46.88   354.5
29.3500        -6694.89     -6742.86        47.97   362.8
29.4000        -6694.97     -6742.91        47.94   362.5
29.4500        -6694.95     -6741.68        46.74   353.4
29.5000        -6694.88     -6742.43        47.55   359.6
29.5500        -6695.08     -6742.32        47.24   357.3
29.6000        -6694.78     -6740.77        45.99   347.8
29.6500        -6694.90     -6741.34        46.43   351.2
29.7000        -6694.70     -6741.06        46.37   350.6
29.7500        -6694.87     -6742.33        47.46   358.9
29.8000        -6694.80     -6742.28        47.47   359.0
29.8500        -6694.66     -6742.57        47.91   362.3
29.9000        -6694.98     -6742.13        47.16   356.6
29.9500        -6694.75     -6741.72        46.97   355.2
30.0000        -6694.94     -6742.07        47.12   356.4
30.0500        -6694.78     -6741.44        46.67   352.9
30.1000        -6694.93     -6742.53        47.60   360.0
30.1500        -6694.79     -6741.66        46.87   354.4
30.2000        -6694.89     -6742.25        47.36   358.2
30.2500        -6694.94     -6743.09        48.15   364.1
30.3000        -6694.77     -6742.15        47.38   358.3
30.3500        -6694.87     -6742.69        47.82   361.6
30.4000        -6694.92     -6741.69        46.78   353.7
30.4500        -6694.87     -6742.19        47.32   357.9
30.5000        -6694.89     -6741.45        46.56   352.1
30.5500        -6694.97     -6741.82        46.85   354.3
30.6000        -6694.83     -6742.27        47.44   358.8
30.6500        -6694.99     -6741.92        46.93   354.9
30.7000        -6694.72     -6741.02        46.30   350.1
30.7500        -6694.82     -6743.79        48.96   370.3
30.8000        -6695.04     -6741.50        46.46   351.4
30.8500        -6694.87     -6742.97        48.10   363.7
30.9000        -6695.00     -6741.77        46.77   353.7
30.9500        -6694.78     -6741.44        46.66   352.9
31.0000        -6694.95     -6741.93        46.98   355.3
31.0500        -6694.94     -6743.16        48.22   364.7
31.1000        -6695.04     -6743.84        48.79   369.0
31.1500        -6694.84     -6741.85        47.01   355.5
31.2000        -6694.98     -6741.44        46.46   351.4
31.2500        -6694.89     -6742.57        47.68   360.6
31.3000        -6694.92     -6742.35        47.43   358.7
31.3500        -6694.98     -6742.24        47.26   357.4
31.4000        -6695.03     -6741.76        46.73   353.4
31.4500        -6694.87     -6743.06        48.18   364.4
31.5000        -6694.86     -6742.05        47.18   356.8
31.5500        -6694.91     -6743.00        48.09   363.6
31.6000        -6694.92     -6742.32        47.39   358.4
31.6500        -6694.77     -6741.13        46.36   350.6
31.7000        -6694.68     -6741.25        46.57   352.2
31.7500        -6694.83     -6741.87        47.04   355.7
31.8000        -6694.94     -6742.64        47.71   360.8
31.8500        -6694.65     -6741.69        47.04   355.8
31.9000        -6694.91     -6742.25        47.34   358.0
31.9500        -6694.87     -6741.64        46.77   353.7
32.0000        -6694.84     -6743.15        48.31   365.4
32.0500        -6694.90     -6743.51        48.61   367.6
32.1000        -6694.76     -6742.80        48.04   363.3
32.1500        -6695.04     -6742.50        47.46   358.9
32.2000        -6694.95     -6743.41        48.46   366.4
32.2500        -6694.79     -6742.44        47.65   360.3
32.3000        -6694.83     -6742.66        47.83   361.7
32.3500        -6695.01     -6743.28        48.27   365.0
32.4000        -6694.82     -6742.58        47.76   361.2
32.4500        -6694.96     -6742.47        47.51   359.3
32.5000        -6694.96     -6742.14        47.18   356.8
32.5500        -6694.72     -6741.89        47.17   356.7
32.6000        -6694.75     -6741.51        46.76   353.6
32.6500        -6694.88     -6741.67        46.79   353.9
32.7000        -6695.01     -6744.31        49.30   372.8
32.7500        -6694.75     -6742.41        47.66   360.4
32.8000        -6694.88     -6743.00        48.12   363.9
32.8500        -6694.88     -6742.32        47.44   358.7
32.9000        -6694.95     -6743.39        48.44   366.3
32.9500        -6694.81     -6741.51        46.70   353.1
33.0000        -6694.71     -6741.82        47.12   356.3
33.0500        -6694.69     -6742.01        47.33   357.9
33.1000        -6694.87     -6742.05        47.17   356.7
33.1500        -6694.87     -6742.37        47.50   359.2
33.2000        -6694.88     -6740.89        46.01   347.9
33.2500        -6694.92     -6742.75        47.82   361.7
33.3000        -6694.89     -6742.12        47.23   357.2
33.3500        -6694.67     -6741.28        46.61   352.5
33.4000        -6695.04     -6743.06        48.02   363.1
33.4500        -6694.78     -6741.39        46.61   352.5
33.5000        -6694.68     -6741.60        46.91   354.8
33.5500        -6694.76     -6742.36        47.60   359.9
33.6000        -6694.99     -6742.22        47.23   357.2
33.6500        -6694.83     -6741.41        46.58   352.3
33.7000        -6694.85     -6742.38        47.53   359.5
33.7500        -6694.85     -6741.87        47.02   355.6
33.8000        -6694.85     -6743.49        48.64   367.9
33.8500        -6695.00     -6743.27        48.27   365.0
33.9000        -6695.09     -6741.83        46.73   353.4
33.9500        -6694.91     -6742.41        47.50   359.2
34.0000        -6694.86     -6741.78        46.92   354.9
34.0500        -6694.81     -6742.49        47.68   360.6
34.1000        -6694.88     -6741.63        46.75   353.5
34.1500        -6694.93     -6741.81        46.88   354.5
34.2000        -6694.95     -6742.12        47.18   356.8
34.2500        -6694.82     -6741.69        46.87   354.4
34.3000        -6695.01     -6742.95        47.95   362.6
34.3500        -6694.90     -6740.99        46.09   348.6
34.4000        -6694.82     -6741.57        46.75   353.6
34.4500        -6694.98     -6742.89        47.91   362.3
34.5000        -6694.74     -6742.75        48.00   363.0
34.5500        -6694.83     -6742.47        47.63   360.2
34.6000        -6694.90     -6742.81        47.91   362.3
34.6500        -6694.76     -6741.65        46.89   354.6
34.7000        -6694.69     -6743.51        48.82   369.2
34.7500        -6694.81     -6742.54        47.73   361.0
34.8000        -6694.75     -6741.80        47.05   355.8
34.8500        -6694.95     -6743.92        48.96   370.3
34.9000        -6694.81     -6741.94        47.13   356.4
34.9500        -6694.78     -6742.38        47.60   360.0
35.0000        -6694.89     -6742.28        47.40   358.4
35.0500        -6694.70     -6742.78        48.09   363.7
35.1000        -6694.88     -6742.74        47.87   362.0
35.1500        -6694.84     -6741.79        46.95   355.1
35.2000        -6694.94     -6740.73        45.79   346.3
35.2500        -6694.80     -6743.60        48.80   369.0
35.3000        -6694.85     -6743.11        48.26   365.0
35.3500        -6694.90     -6740.95        46.04   348.2
35.4000        -6694.96     -6743.44        48.48   366.6
35.4500        -6695.07     -6743.16        48.09   363.7
35.5000        -6694.84     -6741.06        46.21   349.5
35.5500        -6694.95     -6744.80        49.85   377.0
35.6000        -6694.94     -6741.53        46.59   352.3
35.6500        -6694.99     -6744.26        49.27   372.6
35.7000        -6694.80     -6741.92        47.11   356.3
35.7500        -6694.91     -6740.92        46.02   348.0
35.8000        -6694.80     -6742.69        47.89   362.2
35.8500        -6694.84     -6742.58        47.74   361.0
35.9000        -6694.83     -6742.65        47.82   361.6
35.9500        -6694.84     -6742.90        48.06   363.5
36.0000        -6694.66     -6742.36        47.69   360.7
36.0500        -6694.74     -6743.11        48.37   365.8
36.1000        -6694.98     -6741.08        46.10   348.6
36.1500        -6694.90     -6742.13        47.23   357.1
36.2000        -6694.86     -6740.70        45.84   346.7
36.2500        -6694.74     -6742.73        48.00   363.0
36.3000        -6695.08     -6741.23        46.15   349.0
36.3500        -6694.82     -6742.91        48.09   363.7
36.4000        -6694.92     -6742.67        47.75   361.1
36.4500        -6694.87     -6742.58        47.70   360.8
36.5000        -6694.85     -6742.61        47.76   361.2
36.5500        -6694.91     -6742.31        47.40   358.5
36.6000        -6694.91     -6743.17        48.26   364.9
36.6500        -6695.13     -6741.86        46.74   353.4
36.7000        -6694.86     -6742.89        48.03   363.2
36.7500        -6694.83     -6740.37        45.54   344.4
36.8000        -6694.86     -6742.23        47.37   358.2
36.8500        -6695.00     -6742.55        47.55   359.6
36.9000        -6695.03     -6742.06        47.03   355.7
36.9500        -6694.89     -6741.43        46.53   351.9
37.0000        -6694.91     -6743.54        48.64   367.8
37.0500        -6694.90     -6741.80        46.90   354.6
37.1000        -6695.00     -6742.10        47.10   356.2
37.1500        -6694.93     -6741.67        46.74   353.5
37.2000        -6695.03     -6743.46        48.42   366.2
37.2500        -6694.84     -6743.86        49.02   370.7
37.3000        -6694.87     -6742.33        47.46   358.9
37.3500        -6694.88     -6742.35        47.47   359.0
37.4000        -6694.87     -6741.19        46.32   350.3
37.4500        -6694.82     -6742.47        47.65   360.3
37.5000        -6694.84     -6742.07        47.24   357.2
37.5500        -6694.82     -6742.23        47.41   358.6
37.6000        -6694.96     -6742.73        47.76   361.2
37.6500        -6694.90     -6742.38        47.48   359.0
37.7000        -6694.81     -6742.23        47.42   358.6
37.7500        -6694.85     -6741.58        46.73   353.4
37.8000        -6694.89     -6741.86        46.97   355.2
37.8500        -6694.89     -6741.87        46.98   355.3
37.9000        -6694.78     -6740.06        45.28   342.4
37.9500        -6694.68     -6742.81        48.13   364.0
38.0000        -6694.70     -6741.95        47.25   357.3
38.0500        -6694.73     -6741.15        46.42   351.0
38.1000        -6695.00     -6742.32        47.32   357.8
38.1500        -6694.89     -6742.02        47.13   356.4
38.2000        -6694.89     -6744.24        49.35   373.2
38.2500        -6694.88     -6740.93        46.06   348.3
38.3000        -6694.76     -6743.46        48.70   368.3
38.3500        -6694.91     -6743.28        48.37   365.8
38.4000        -6694.85     -6741.48        46.63   352.6
38.4500        -6694.83     -6742.46        47.62   360.1
38.5000        -6694.90     -6741.38        46.48   351.5
38.5500        -6694.76     -6742.52        47.76   361.2
38.6000        -6694.97     -6741.38        46.41   351.0
38.6500        -6694.84     -6742.64        47.81   361.5
38.7000        -6694.78     -6741.96        47.17   356.8
38.7500        -6695.03     -6743.57        48.54   367.1
38.8000        -6694.70     -6742.14        47.44   358.7
38.8500        -6694.80     -6742.56        47.76   361.2
38.9000        -6694.89     -6742.07        47.18   356.8
38.9500        -6694.90     -6741.60        46.70   353.2
39.0000        -6694.89     -6742.68        47.79   361.4
39.0500        -6694.86     -6742.25        47.38   358.3
39.1000        -6694.90     -6742.51        47.62   360.1
39.1500        -6695.15     -6742.59        47.44   358.8
39.2000        -6694.81     -6742.10        47.28   357.6
39.2500        -6694.86     -6741.42        46.55   352.1
39.3000        -6694.82     -6742.06        47.24   357.3
39.3500        -6694.92     -6741.47        46.55   352.1
39.4000        -6694.72     -6741.71        46.99   355.4
39.4500        -6695.07     -6741.92        46.85   354.3
39.5000        -6694.85     -6741.71        46.86   354.4
39.5500        -6694.90     -6742.50        47.59   359.9
39.6000        -6694.93     -6742.65        47.72   360.9
39.6500        -6695.10     -6742.70        47.61   360.0
39.7000        -6695.03     -6742.20        47.16   356.7
39.7500        -6694.88     -6742.14        47.26   357.4
39.8000        -6694.85     -6742.17        47.32   357.9
39.8500        -6695.01     -6742.71        47.70   360.8
39.9000        -6694.96     -6743.35        48.40   366.0
39.9500        -6694.93     -6742.22        47.29   357.6
40.0000        -6694.71     -6741.37        46.66   352.9
40.0500        -6694.99     -6743.23        48.24   364.8
40.1000        -6694.70     -6741.29        46.59   352.3
40.1500        -6694.91     -6742.57        47.66   360.5
40.2000        -6694.95     -6741.30        46.35   350.5
40.2500        -6694.71     -6741.77        47.06   355.9
40.3000        -6694.84     -6743.63        48.79   369.0
40.3500        -6694.91     -6741.53        46.62   352.5
40.4000        -6694.82     -6743.22        48.41   366.1
40.4500        -6694.76     -6742.35        47.59   359.9
40.5000        -6694.86     -6742.90        48.03   363.2
40.5500        -6694.82     -6742.61        47.79   361.4
40.6000        -6694.83     -6742.34        47.52   359.3
40.6500        -6694.95     -6743.50        48.55   367.2
40.7000        -6694.89     -6740.54        45.65   345.2
40.7500        -6694.72     -6742.85        48.13   364.0
40.8000        -6694.98     -6741.53        46.55   352.0
40.8500        -6694.84     -6743.05        48.21   364.6
40.9000        -6694.95     -6742.22        47.27   357.5
40.9500        -6694.88     -6743.89        49.01   370.6
41.0000        -6694.78     -6742.57        47.79   361.4
41.0500        -6694.80     -6740.78        45.99   347.8
41.1000        -6694.89     -6742.38        47.50   359.2
41.1500        -6694.95     -6743.79        48.84   369.3
41.2000        -6694.90     -6743.29        48.39   366.0
41.2500        -6694.75     -6740.71        45.96   347.6
41.3000        -6694.67     -6743.42        48.74   368.6
41.3500        -6694.89     -6743.20        48.31   365.3
41.4000        -6694.88     -6741.87        46.99   355.4
41.4500        -6694.75     -6742.60        47.85   361.9
41.5000        -6694.82     -6742.72        47.90   362.3
41.5500        -6694.79     -6741.86        47.07   356.0
41.6000        -6694.85     -6742.90        48.06   363.4
41.6500        -6694.94     -6742.35        47.42   358.6
41.7000        -6694.83     -6742.73        47.90   362.2
41.7500        -6694.89     -6742.90        48.01   363.1
41.8000        -6694.92     -6742.51        47.59   359.9
41.8500        -6694.86     -6741.71        46.85   354.3
41.9000        -6694.84     -6741.35        46.51   351.7
41.9500        -6694.97     -6741.21        46.24   349.7
42.0000        -6694.75     -6740.75        46.01   347.9
42.0500        -6694.89     -6741.87        46.98   355.3
42.1000        -6695.00     -6742.00        47.00   355.4
42.1500        -6694.88     -6740.61        45.73   345.8
42.2000        -6694.78     -6742.96        48.18   364.3
42.2500        -6695.00     -6742.15        47.14   356.5
42.3000        -6694.86     -6741.45        46.58   352.3
42.3500        -6694.89     -6742.37        47.48   359.1
42.4000        -6695.09     -6742.42        47.33   357.9
42.4500        -6694.85     -6742.74        47.89   362.1
42.5000        -6694.90     -6741.07        46.17   349.1
42.5500        -6694.89     -6741.27        46.38   350.7
42.6000        -6694.80     -6741.61        46.81   354.0
42.6500        -6694.77     -6742.76        47.99   362.9
42.7000        -6694.93     -6742.71        47.79   361.4
42.7500        -6694.78     -6740.75        45.96   347.6
42.8000        -6694.76     -6741.75        46.99   355.3
42.8500        -6694.68     -6743.31        48.63   367.7
42.9000        -6694.85     -6743.23        48.38   365.8
42.9500        -6694.88     -6742.21        47.32   357.9
43.0000        -6694.79     -6741.79        47.00   355.4
43.0500        -6694.72     -6743.45        48.73   368.5
43.1000        -6694.73     -6741.34        46.61   352.5
43.1500        -6694.92     -6742.48        47.56   359.7
43.2000        -6694.78     -6742.56        47.78   361.3
43.2500        -6694.88     -6741.84        46.97   355.2
43.3000        -6694.85     -6741.25        46.39   350.9
43.3500        -6694.77     -6742.01        47.24   357.2
43.4000        -6694.93     -6742.57        47.65   360.3
43.4500        -6694.81     -6741.43        46.62   352.6
43.5000        -6694.82     -6742.85        48.03   363.2
43.5500        -6694.85     -6741.52        46.67   352.9
43.6000        -6694.94     -6742.92        47.98   362.9
43.6500        -6694.70     -6742.38        47.68   360.6
43.7000        -6695.04     -6741.77        46.73   353.4
43.7500        -6694.76     -6740.02        45.26   342.3
43.8000        -6694.99     -6743.18        48.20   364.5
43.8500        -6695.02     -6741.51        46.49   351.6
43.9000        -6695.06     -6742.19        47.13   356.4
43.9500        -6694.85     -6742.35        47.50   359.2
44.0000        -6694.98     -6743.28        48.30   365.3
44.0500        -6694.71     -6742.25        47.54   359.5
44.1000        -6694.94     -6741.38        46.44   351.2
44.1500        -6694.83     -6741.67        46.84   354.2
44.2000        -6694.86     -6742.82        47.95   362.7
44.2500        -6694.99     -6741.43        46.44   351.2
44.3000        -6694.63     -6742.79        48.16   364.2
44.3500        -6694.97     -6741.98        47.01   355.5
44.4000        -6694.88     -6743.28        48.39   366.0
44.4500        -6695.02     -6741.30        46.29   350.0
44.5000        -6694.76     -6742.35        47.59   359.9
44.5500        -6694.52     -6742.79        48.28   365.1
44.6000        -6694.82     -6742.75        47.93   362.5
44.6500        -6694.72     -6743.21        48.50   366.7
44.7000        -6694.82     -6741.29        46.47   351.4
44.7500        -6694.69     -6742.44        47.75   361.1
44.8000        -6694.79     -6744.60        49.81   376.7
44.8500        -6694.95     -6743.54        48.59   367.5
44.9000        -6694.89     -6742.53        47.65   360.3
44.9500        -6694.87     -6741.87        47.00   355.4
45.0000        -6694.61     -6742.21        47.60   359.9
45.0500        -6694.87     -6742.50        47.63   360.2
45.1000        -6694.88     -6742.40        47.52   359.4
45.1500        -6694.74     -6741.62        46.87   354.5
45.2000        -6694.82     -6741.72        46.90   354.7
45.2500        -6694.60     -6743.56        48.96   370.2
45.3000        -6694.83     -6741.44        46.61   352.5
45.3500        -6694.89     -6741.62        46.73   353.4
45.4000        -6694.90     -6742.07        47.17   356.7
45.4500        -6694.78     -6740.89        46.11   348.7
45.5000        -6694.77     -6743.06        48.30   365.2
45.5500        -6694.85     -6742.10        47.25   357.3
45.6000        -6694.88     -6741.60        46.72   353.3
45.6500        -6694.89     -6743.23        48.34   365.6
45.7000        -6695.06     -6741.40        46.34   350.4
45.7500        -6694.74     -6742.13        47.39   358.4
45.8000        -6694.87     -6744.33        49.46   374.0
45.8500        -6694.82     -6740.98        46.16   349.1
45.9000        -6694.94     -6743.60        48.66   368.0
45.9500        -6694.87     -6742.35        47.48   359.1
46.0000        -6694.69     -6743.31        48.62   367.7
46.0500        -6694.84     -6741.65        46.80   354.0
46.1000        -6694.91     -6741.31        46.41   351.0
46.1500        -6694.79     -6741.92        47.13   356.4
46.2000        -6694.97     -6743.12        48.14   364.1
46.2500        -6694.88     -6742.97        48.09   363.7
46.3000        -6694.99     -6741.62        46.63   352.7
46.3500        -6694.94     -6742.53        47.59   359.9
46.4000        -6695.05     -6742.83        47.78   361.4
46.4500        -6694.86     -6743.06        48.20   364.5
46.5000        -6694.75     -6741.32        46.57   352.2
46.5500        -6694.91     -6743.03        48.12   363.9
46.6000        -6694.80     -6742.93        48.13   364.0
46.6500        -6694.80     -6740.79        46.00   347.8
46.7000        -6694.86     -6742.95        48.09   363.7
46.7500        -6694.78     -6741.09        46.31   350.2
46.8000        -6694.82     -6742.60        47.78   361.4
46.8500        -6694.75     -6742.11        47.36   358.2
46.9000        -6694.82     -6742.30        47.48   359.1
46.9500        -6694.94     -6742.07        47.13   356.4
47.0000        -6694.79     -6742.71        47.91   362.3
47.0500        -6694.88     -6742.38        47.50   359.2
47.1000        -6694.82     -6743.03        48.21   364.6
47.1500        -6694.82     -6741.18        46.36   350.6
47.2000        -6694.92     -6743.24        48.32   365.4
47.2500        -6694.61     -6741.91        47.30   357.7
47.3000        -6694.78     -6743.09        48.31   365.3
47.3500        -6694.88     -6740.32        45.44   343.7
47.4000        -6694.83     -6743.39        48.57   367.3
47.4500        -6694.68     -6742.16        47.47   359.0
47.5000        -6694.80     -6743.73        48.93   370.0
47.5500        -6694.79     -6741.18        46.39   350.8
47.6000        -6694.87     -6741.72        46.85   354.3
47.6500        -6694.87     -6743.86        48.99   370.5
47.7000        -6694.85     -6743.00        48.15   364.2
47.7500        -6694.90     -6741.96        47.06   355.9
47.8000        -6695.03     -6741.96        46.93   354.9
47.8500        -6694.81     -6742.07        47.26   357.4
47.9000        -6695.05     -6742.34        47.29   357.6
47.9500        -6694.84     -6742.15        47.31   357.8
48.0000        -6695.03     -6741.96        46.93   354.9
48.0500        -6694.67     -6743.67        48.99   370.5
48.1000        -6695.03     -6743.02        47.99   362.9
48.1500        -6694.97     -6742.03        47.06   355.9
48.2000        -6694.85     -6741.96        47.11   356.2
48.2500        -6694.98     -6743.42        48.44   366.3
48.3000        -6694.82     -6741.65        46.83   354.1
48.3500        -6694.93     -6741.84        46.91   354.7
48.4000        -6695.01     -6744.31        49.30   372.8
48.4500        -6694.91     -6742.70        47.80   361.4
48.5000        -6694.83     -6742.09        47.26   357.4
48.5500        -6694.86     -6742.32        47.45   358.9
48.6000        -6694.89     -6742.91        48.02   363.1
48.6500        -6694.85     -6742.11        47.26   357.4
48.7000        -6695.21     -6743.31        48.10   363.7
48.7500        -6694.78     -6742.58        47.80   361.4
48.8000        -6694.65     -6742.93        48.28   365.1
48.8500        -6694.89     -6742.10        47.21   357.0
48.9000        -6695.01     -6742.25        47.23   357.2
48.9500        -6694.96     -6743.13        48.16   364.2
49.0000        -6694.67     -6742.05        47.38   358.3
49.0500        -6694.80     -6742.83        48.03   363.2
49.1000        -6695.06     -6742.70        47.64   360.3
49.1500        -6694.84     -6742.46        47.62   360.1
49.2000        -6694.87     -6741.99        47.12   356.3
49.2500        -6694.86     -6742.34        47.48   359.0
49.3000        -6694.84     -6743.02        48.18   364.4
49.3500        -6694.99     -6742.82        47.83   361.7
49.4000        -6694.85     -6741.65        46.80   353.9
49.4500        -6694.83     -6742.29        47.46   358.9
49.5000        -6694.75     -6741.14        46.39   350.8
49.5500        -6694.81     -6741.20        46.39   350.8
49.6000        -6694.76     -6741.31        46.54   352.0
49.6500        -6694.91     -6741.19        46.28   350.0
49.7000        -6694.87     -6742.63        47.76   361.2
49.7500        -6694.79     -6743.10        48.32   365.4
49.8000        -6694.82     -6742.07        47.25   357.3
49.8500        -6695.04     -6742.15        47.11   356.3
49.9000        -6694.85     -6741.02        46.16   349.1
49.9500        -6694.78     -6744.38        49.60   375.1
50.0000        -6695.01     -6743.35        48.34   365.6
