Time[ps]      Etot[eV]     Epot[eV]     Ekin[eV]    T[K]
0.0000         -6786.96     -6786.96         0.00     0.0
0.0500         -6770.17     -6782.88        12.71    96.1
0.1000         -6755.04     -6775.18        20.13   152.3
0.1500         -6744.16     -6769.15        24.99   189.0
0.2000         -6734.60     -6748.20        13.60   102.9
0.2500         -6727.42     -6762.68        35.26   266.6
0.3000         -6721.73     -6756.38        34.65   262.0
0.3500         -6717.79     -6755.90        38.11   288.2
0.4000         -6714.82     -6746.52        31.70   239.8
0.4500         -6711.42     -6756.60        45.18   341.6
0.5000         -6709.34     -6740.41        31.07   235.0
0.5500         -6708.61     -6752.88        44.27   334.8
0.6000         -6706.32     -6746.23        39.92   301.9
0.6500         -6705.47     -6748.75        43.27   327.3
0.7000         -6704.79     -6742.40        37.61   284.4
0.7500         -6704.92     -6750.62        45.70   345.6
0.8000         -6703.94     -6746.29        42.35   320.2
0.8500         -6703.92     -6744.92        41.01   310.1
0.9000         -6703.85     -6746.62        42.78   323.5
0.9500         -6703.55     -6750.79        47.24   357.3
1.0000         -6703.37     -6742.84        39.47   298.5
1.0500         -6703.43     -6746.31        42.88   324.3
1.1000         -6703.21     -6747.61        44.40   335.8
1.1500         -6702.98     -6745.98        43.01   325.2
1.2000         -6702.97     -6744.44        41.47   313.6
1.2500         -6703.16     -6747.51        44.35   335.4
1.3000         -6702.64     -6748.36        45.72   345.7
1.3500         -6702.95     -6745.18        42.22   319.3
1.4000         -6703.10     -6746.86        43.77   331.0
1.4500         -6702.82     -6747.02        44.20   334.3
1.5000         -6702.68     -6744.33        41.64   314.9
1.5500         -6702.98     -6746.82        43.84   331.5
1.6000         -6702.86     -6745.39        42.54   321.7
1.6500         -6702.83     -6748.16        45.33   342.8
1.7000         -6702.99     -6742.31        39.32   297.4
1.7500         -6703.10     -6745.71        42.61   322.3
1.8000         -6702.73     -6747.97        45.24   342.1
1.8500         -6702.63     -6745.24        42.61   322.2
1.9000         -6702.80     -6745.58        42.78   323.5
1.9500         -6702.73     -6748.03        45.31   342.6
2.0000         -6702.63     -6745.85        43.22   326.9
2.0500         -6702.91     -6745.88        42.97   324.9
2.1000         -6703.00     -6745.06        42.06   318.1
2.1500         -6702.94     -6745.48        42.54   321.7
2.2000         -6702.71     -6746.03        43.32   327.6
2.2500         -6703.07     -6744.40        41.32   312.5
2.3000         -6702.79     -6746.67        43.88   331.9
2.3500         -6702.78     -6745.28        42.51   321.5
2.4000         -6703.14     -6745.86        42.72   323.1
2.4500         -6702.92     -6746.19        43.27   327.3
2.5000         -6702.86     -6744.20        41.34   312.6
2.5500         -6703.05     -6746.12        43.07   325.7
2.6000         -6702.95     -6745.31        42.36   320.3
2.6500         -6702.82     -6746.55        43.74   330.8
2.7000         -6702.88     -6746.01        43.13   326.2
2.7500         -6702.87     -6746.22        43.35   327.8
2.8000         -6703.01     -6746.70        43.69   330.4
2.8500         -6702.60     -6746.00        43.40   328.2
2.9000         -6703.00     -6744.35        41.35   312.7
2.9500         -6702.91     -6746.42        43.52   329.1
3.0000         -6702.77     -6743.92        41.15   311.2
3.0500         -6702.99     -6746.23        43.24   327.0
3.1000         -6703.22     -6745.88        42.66   322.6
3.1500         -6702.69     -6747.98        45.29   342.5
3.2000         -6702.92     -6745.33        42.41   320.7
3.2500         -6703.01     -6744.86        41.85   316.5
3.3000         -6702.83     -6746.56        43.72   330.7
3.3500         -6702.83     -6745.56        42.73   323.2
3.4000         -6702.94     -6745.88        42.94   324.7
3.4500         -6702.76     -6747.81        45.05   340.7
3.5000         -6702.78     -6748.78        46.00   347.9
3.5500         -6702.88     -6743.91        41.02   310.2
3.6000         -6702.95     -6747.01        44.07   333.3
3.6500         -6702.90     -6747.75        44.85   339.2
3.7000         -6702.87     -6744.58        41.71   315.4
3.7500         -6703.11     -6747.73        44.62   337.4
3.8000         -6703.14     -6747.17        44.03   333.0
3.8500         -6702.66     -6748.65        45.98   347.7
3.9000         -6703.04     -6744.54        41.49   313.8
3.9500         -6702.77     -6746.76        43.99   332.7
4.0000         -6702.93     -6748.49        45.56   344.6
4.0500         -6702.73     -6745.77        43.04   325.5
4.1000         -6703.12     -6747.45        44.33   335.3
4.1500         -6703.00     -6746.81        43.81   331.3
4.2000         -6702.83     -6746.07        43.24   327.0
4.2500         -6702.89     -6745.83        42.94   324.8
4.3000         -6702.86     -6749.37        46.50   351.7
4.3500         -6702.62     -6746.66        44.03   333.0
4.4000         -6703.03     -6745.90        42.87   324.2
4.4500         -6702.93     -6747.10        44.17   334.0
4.5000         -6702.89     -6746.59        43.70   330.5
4.5500         -6702.71     -6746.68        43.97   332.5
4.6000         -6702.94     -6745.79        42.85   324.0
4.6500         -6702.89     -6746.81        43.92   332.1
4.7000         -6702.72     -6746.22        43.51   329.0
4.7500         -6702.73     -6747.07        44.34   335.3
4.8000         -6702.78     -6745.63        42.85   324.0
4.8500         -6702.74     -6746.73        43.99   332.7
4.9000         -6702.97     -6745.48        42.51   321.5
4.9500         -6702.57     -6745.99        43.43   328.4
5.0000         -6702.82     -6746.77        43.95   332.4
5.0500         -6702.71     -6745.15        42.43   320.9
5.1000         -6702.89     -6745.92        43.03   325.4
5.1500         -6702.73     -6747.31        44.58   337.1
5.2000         -6702.92     -6745.99        43.07   325.7
5.2500         -6702.83     -6745.11        42.28   319.7
5.3000         -6702.90     -6745.13        42.23   319.3
5.3500         -6702.84     -6747.45        44.61   337.4
5.4000         -6702.72     -6745.45        42.73   323.2
5.4500         -6702.71     -6746.16        43.45   328.6
5.5000         -6702.84     -6747.24        44.41   335.8
5.5500         -6702.76     -6745.43        42.68   322.7
5.6000         -6702.82     -6746.07        43.25   327.1
5.6500         -6702.85     -6746.67        43.82   331.4
5.7000         -6702.68     -6747.06        44.38   335.6
5.7500         -6702.80     -6745.38        42.58   322.0
5.8000         -6703.03     -6746.07        43.04   325.5
5.8500         -6703.02     -6745.27        42.26   319.6
5.9000         -6702.87     -6746.59        43.73   330.7
5.9500         -6703.01     -6746.69        43.67   330.3
6.0000         -6702.94     -6746.06        43.12   326.1
6.0500         -6702.86     -6746.79        43.94   332.3
6.1000         -6702.86     -6746.36        43.51   329.0
6.1500         -6702.79     -6746.91        44.12   333.7
6.2000         -6702.89     -6746.24        43.35   327.8
6.2500         -6703.01     -6745.65        42.63   322.4
6.3000         -6702.71     -6746.42        43.71   330.5
6.3500         -6703.00     -6746.51        43.51   329.0
6.4000         -6702.75     -6745.38        42.63   322.4
6.4500         -6702.95     -6748.25        45.30   342.6
6.5000         -6702.91     -6746.08        43.18   326.5
6.5500         -6702.78     -6746.28        43.50   329.0
6.6000         -6702.66     -6746.15        43.50   328.9
6.6500         -6702.95     -6745.65        42.69   322.9
6.7000         -6702.74     -6746.17        43.43   328.4
6.7500         -6702.92     -6747.83        44.91   339.7
6.8000         -6702.88     -6745.52        42.64   322.4
6.8500         -6702.67     -6746.69        44.02   332.9
6.9000         -6702.72     -6746.21        43.50   328.9
6.9500         -6702.87     -6745.62        42.75   323.3
7.0000         -6702.95     -6746.04        43.09   325.9
7.0500         -6702.93     -6746.79        43.87   331.7
7.1000         -6702.88     -6744.88        42.01   317.7
7.1500         -6702.84     -6746.92        44.07   333.3
7.2000         -6702.72     -6745.64        42.92   324.6
7.2500         -6702.75     -6746.11        43.37   328.0
7.3000         -6702.94     -6746.76        43.81   331.3
7.3500         -6702.85     -6745.92        43.06   325.7
7.4000         -6702.94     -6746.90        43.96   332.5
7.4500         -6702.76     -6746.58        43.82   331.4
7.5000         -6702.79     -6747.29        44.50   336.5
7.5500         -6702.86     -6745.71        42.86   324.1
7.6000         -6702.98     -6745.73        42.75   323.3
7.6500         -6702.87     -6746.46        43.59   329.6
7.7000         -6702.87     -6746.93        44.06   333.2
7.7500         -6702.95     -6746.57        43.62   329.9
7.8000         -6703.04     -6746.48        43.44   328.5
7.8500         -6702.75     -6745.73        42.97   325.0
7.9000         -6702.79     -6746.07        43.28   327.3
7.9500         -6702.89     -6745.92        43.03   325.4
8.0000         -6702.85     -6745.31        42.46   321.1
8.0500         -6702.77     -6746.53        43.75   330.9
8.1000         -6702.87     -6745.37        42.50   321.4
8.1500         -6702.76     -6747.62        44.87   339.3
8.2000         -6702.93     -6746.07        43.15   326.3
8.2500         -6702.76     -6747.33        44.57   337.0
8.3000         -6702.95     -6745.68        42.72   323.1
8.3500         -6702.93     -6747.03        44.10   333.5
8.4000         -6702.95     -6745.82        42.87   324.2
8.4500         -6702.92     -6748.40        45.47   343.9
8.5000         -6703.00     -6746.17        43.16   326.4
8.5500         -6702.98     -6745.28        42.30   319.9
8.6000         -6703.03     -6746.24        43.20   326.7
8.6500         -6702.93     -6746.55        43.62   329.8
8.7000         -6702.85     -6747.06        44.21   334.3
8.7500         -6702.84     -6746.70        43.85   331.6
8.8000         -6702.83     -6746.54        43.71   330.5
8.8500         -6703.03     -6746.59        43.56   329.4
8.9000         -6703.05     -6747.04        43.99   332.7
8.9500         -6702.91     -6746.74        43.83   331.4
9.0000         -6702.97     -6745.77        42.80   323.7
9.0500         -6702.98     -6747.49        44.51   336.6
9.1000         -6702.95     -6745.51        42.56   321.9
9.1500         -6702.88     -6745.90        43.02   325.3
9.2000         -6702.92     -6746.12        43.19   326.6
9.2500         -6702.97     -6746.06        43.10   325.9
9.3000         -6702.92     -6745.72        42.81   323.7
9.3500         -6703.05     -6745.25        42.20   319.1
9.4000         -6702.80     -6746.05        43.25   327.1
9.4500         -6702.97     -6747.18        44.21   334.3
9.5000         -6703.03     -6745.36        42.33   320.1
9.5500         -6702.63     -6745.83        43.20   326.7
9.6000         -6702.89     -6747.54        44.65   337.7
9.6500         -6702.63     -6746.09        43.46   328.7
9.7000         -6702.82     -6745.53        42.70   322.9
9.7500         -6702.89     -6746.40        43.51   329.0
9.8000         -6702.81     -6745.74        42.92   324.6
9.8500         -6702.78     -6745.61        42.83   323.9
9.9000         -6702.86     -6747.26        44.40   335.8
9.9500         -6702.92     -6746.10        43.18   326.5
10.0000        -6702.89     -6745.57        42.68   322.7
10.0500        -6702.90     -6747.79        44.89   339.5
10.1000        -6702.92     -6746.96        44.04   333.0
10.1500        -6702.80     -6746.97        44.17   334.1
10.2000        -6702.91     -6745.23        42.31   320.0
10.2500        -6702.87     -6746.50        43.63   329.9
10.3000        -6702.88     -6747.20        44.32   335.2
10.3500        -6702.98     -6746.10        43.12   326.1
10.4000        -6702.70     -6746.17        43.47   328.7
10.4500        -6702.96     -6745.36        42.40   320.6
10.5000        -6702.81     -6747.80        44.99   340.3
10.5500        -6702.85     -6745.00        42.15   318.7
10.6000        -6702.91     -6745.66        42.75   323.3
10.6500        -6702.83     -6746.96        44.13   333.7
10.7000        -6702.92     -6747.12        44.20   334.3
10.7500        -6702.89     -6745.89        42.99   325.1
10.8000        -6702.92     -6745.75        42.83   323.9
10.8500        -6702.95     -6745.95        43.00   325.2
10.9000        -6703.00     -6745.69        42.69   322.8
10.9500        -6702.84     -6745.42        42.58   322.0
11.0000        -6702.80     -6746.96        44.16   333.9
11.0500        -6702.95     -6745.93        42.98   325.0
11.1000        -6702.88     -6746.53        43.65   330.1
11.1500        -6702.85     -6745.37        42.53   321.6
11.2000        -6702.78     -6745.54        42.77   323.4
11.2500        -6702.91     -6747.03        44.13   333.7
11.3000        -6702.93     -6746.22        43.29   327.4
11.3500        -6702.94     -6745.88        42.94   324.8
11.4000        -6702.86     -6745.66        42.81   323.7
11.4500        -6702.81     -6746.54        43.73   330.7
11.5000        -6702.99     -6747.15        44.15   333.9
11.5500        -6702.77     -6745.78        43.01   325.2
11.6000        -6703.02     -6747.35        44.33   335.2
11.6500        -6702.82     -6745.88        43.06   325.6
11.7000        -6702.83     -6746.94        44.11   333.6
11.7500        -6702.85     -6745.32        42.47   321.2
11.8000        -6703.03     -6746.05        43.02   325.3
11.8500        -6702.94     -6746.78        43.84   331.6
11.9000        -6702.84     -6746.37        43.53   329.2
11.9500        -6702.83     -6745.86        43.03   325.4
12.0000        -6702.91     -6745.77        42.86   324.1
12.0500        -6702.92     -6746.03        43.10   326.0
12.1000        -6702.80     -6746.20        43.40   328.2
12.1500        -6702.72     -6746.62        43.90   332.0
12.2000        -6703.02     -6746.87        43.86   331.7
12.2500        -6702.86     -6745.52        42.66   322.6
12.3000        -6702.88     -6747.19        44.31   335.1
12.3500        -6702.87     -6746.58        43.70   330.5
12.4000        -6702.85     -6746.42        43.58   329.5
12.4500        -6702.83     -6747.50        44.67   337.8
12.5000        -6702.87     -6745.90        43.03   325.4
12.5500        -6702.75     -6746.81        44.06   333.2
12.6000        -6702.94     -6745.61        42.67   322.7
12.6500        -6702.79     -6745.45        42.67   322.7
12.7000        -6702.77     -6745.80        43.02   325.4
12.7500        -6702.88     -6745.31        42.43   320.9
12.8000        -6702.81     -6744.93        42.12   318.5
12.8500        -6702.87     -6747.98        45.11   341.2
12.9000        -6702.80     -6746.06        43.26   327.1
12.9500        -6702.98     -6747.20        44.22   334.4
13.0000        -6702.87     -6746.02        43.15   326.3
13.0500        -6702.80     -6746.69        43.88   331.9
13.1000        -6702.79     -6747.18        44.39   335.7
13.1500        -6702.91     -6744.46        41.54   314.2
13.2000        -6702.79     -6745.55        42.76   323.4
13.2500        -6702.77     -6747.05        44.28   334.9
13.3000        -6702.97     -6746.38        43.41   328.3
13.3500        -6702.98     -6745.51        42.53   321.6
13.4000        -6702.87     -6746.42        43.55   329.4
13.4500        -6702.91     -6745.02        42.11   318.5
13.5000        -6702.78     -6746.51        43.73   330.7
13.5500        -6702.99     -6747.00        44.01   332.8
13.6000        -6702.84     -6745.57        42.73   323.1
13.6500        -6702.88     -6746.74        43.85   331.6
13.7000        -6702.91     -6747.66        44.75   338.4
13.7500        -6702.90     -6746.30        43.40   328.2
13.8000        -6702.83     -6746.62        43.79   331.1
13.8500        -6702.85     -6747.90        45.05   340.7
13.9000        -6703.00     -6746.18        43.18   326.5
13.9500        -6702.86     -6745.57        42.71   323.0
14.0000        -6702.85     -6746.10        43.26   327.1
14.0500        -6702.77     -6746.64        43.87   331.8
14.1000        -6702.89     -6746.70        43.81   331.3
14.1500        -6702.86     -6746.56        43.70   330.4
14.2000        -6702.90     -6745.92        43.02   325.3
14.2500        -6702.80     -6746.49        43.69   330.4
14.3000        -6703.02     -6745.14        42.12   318.5
14.3500        -6702.75     -6746.64        43.90   332.0
14.4000        -6702.81     -6745.48        42.67   322.7
14.4500        -6702.94     -6746.05        43.11   326.0
14.5000        -6702.82     -6746.30        43.49   328.9
14.5500        -6702.80     -6744.98        42.18   319.0
14.6000        -6702.91     -6746.47        43.57   329.5
14.6500        -6702.83     -6747.09        44.26   334.7
14.7000        -6702.91     -6745.74        42.82   323.8
14.7500        -6702.86     -6745.78        42.92   324.6
14.8000        -6702.92     -6745.29        42.38   320.5
14.8500        -6702.88     -6745.18        42.29   319.9
14.9000        -6702.98     -6747.12        44.14   333.8
14.9500        -6702.75     -6744.78        42.03   317.9
15.0000        -6702.78     -6746.11        43.33   327.6
15.0500        -6702.84     -6746.43        43.58   329.6
15.1000        -6702.74     -6748.40        45.67   345.3
15.1500        -6702.87     -6746.32        43.44   328.5
15.2000        -6702.80     -6745.68        42.89   324.3
15.2500        -6703.06     -6747.47        44.40   335.8
15.3000        -6702.68     -6745.47        42.79   323.6
15.3500        -6702.77     -6746.08        43.30   327.5
15.4000        -6702.94     -6747.24        44.30   335.0
15.4500        -6702.81     -6746.56        43.75   330.9
15.5000        -6702.94     -6746.04        43.10   325.9
15.5500        -6702.74     -6746.88        44.14   333.8
15.6000        -6702.92     -6747.06        44.14   333.8
15.6500        -6702.99     -6746.08        43.08   325.8
15.7000        -6702.71     -6747.04        44.33   335.2
15.7500        -6702.86     -6746.05        43.19   326.6
15.8000        -6702.96     -6745.33        42.38   320.5
15.8500        -6702.85     -6746.10        43.26   327.1
15.9000        -6702.96     -6745.76        42.80   323.7
15.9500        -6702.73     -6745.28        42.55   321.8
16.0000        -6702.91     -6746.57        43.66   330.2
16.0500        -6702.85     -6746.66        43.81   331.3
16.1000        -6702.86     -6745.29        42.43   320.9
16.1500        -6702.77     -6745.66        42.89   324.4
16.2000        -6702.95     -6746.46        43.50   329.0
16.2500        -6702.93     -6746.74        43.81   331.3
16.3000        -6702.71     -6746.33        43.62   329.9
16.3500        -6702.88     -6746.83        43.95   332.4
16.4000        -6703.03     -6746.36        43.32   327.6
16.4500        -6702.84     -6746.93        44.09   333.4
16.5000        -6702.90     -6746.87        43.97   332.6
16.5500        -6702.82     -6746.54        43.72   330.6
16.6000        -6702.88     -6746.03        43.16   326.4
16.6500        -6702.82     -6746.84        44.02   332.9
16.7000        -6702.85     -6746.24        43.39   328.1
16.7500        -6702.90     -6746.03        43.12   326.1
16.8000        -6702.77     -6745.58        42.81   323.7
16.8500        -6702.77     -6746.56        43.79   331.1
16.9000        -6702.93     -6745.52        42.60   322.1
16.9500        -6702.87     -6746.77        43.89   332.0
17.0000        -6702.86     -6746.40        43.54   329.3
17.0500        -6702.71     -6746.41        43.70   330.5
17.1000        -6702.79     -6745.76        42.97   325.0
17.1500        -6702.84     -6745.51        42.66   322.6
17.2000        -6702.76     -6745.24        42.48   321.2
17.2500        -6702.88     -6744.95        42.08   318.2
17.3000        -6702.86     -6746.95        44.10   333.5
17.3500        -6702.94     -6745.78        42.83   323.9
17.4000        -6702.90     -6746.43        43.53   329.2
17.4500        -6702.76     -6745.82        43.07   325.7
17.5000        -6702.82     -6747.31        44.49   336.4
17.5500        -6702.80     -6745.66        42.86   324.1
17.6000        -6702.74     -6747.24        44.50   336.5
17.6500        -6702.73     -6746.54        43.82   331.4
17.7000        -6702.82     -6745.82        43.00   325.2
17.7500        -6702.70     -6746.38        43.68   330.3
17.8000        -6702.97     -6746.73        43.75   330.9
17.8500        -6702.87     -6747.60        44.74   338.3
17.9000        -6702.83     -6746.69        43.86   331.7
17.9500        -6702.83     -6746.07        43.24   327.0
18.0000        -6702.85     -6746.13        43.28   327.3
18.0500        -6702.99     -6746.42        43.43   328.4
18.1000        -6702.84     -6747.34        44.50   336.5
18.1500        -6702.92     -6746.00        43.08   325.8
18.2000        -6702.81     -6746.75        43.94   332.3
18.2500        -6702.63     -6745.51        42.88   324.3
18.3000        -6702.81     -6746.45        43.64   330.0
18.3500        -6702.75     -6745.91        43.17   326.5
18.4000        -6702.91     -6746.41        43.49   328.9
18.4500        -6702.81     -6747.30        44.49   336.4
18.5000        -6702.92     -6745.55        42.63   322.4
18.5500        -6702.70     -6745.14        42.44   320.9
18.6000        -6702.77     -6746.12        43.34   327.8
18.6500        -6702.79     -6746.36        43.58   329.6
18.7000        -6702.77     -6747.67        44.90   339.5
18.7500        -6702.97     -6744.76        41.79   316.0
18.8000        -6702.76     -6746.35        43.59   329.6
18.8500        -6702.84     -6746.73        43.89   331.9
18.9000        -6702.89     -6746.52        43.63   330.0
18.9500        -6702.87     -6744.93        42.05   318.0
19.0000        -6702.81     -6746.01        43.20   326.7
19.0500        -6702.85     -6746.39        43.55   329.3
19.1000        -6702.89     -6747.07        44.19   334.2
19.1500        -6702.78     -6746.44        43.65   330.1
19.2000        -6702.86     -6745.01        42.15   318.8
19.2500        -6702.78     -6745.32        42.55   321.8
19.3000        -6702.74     -6746.56        43.82   331.4
19.3500        -6702.85     -6746.50        43.65   330.1
19.4000        -6702.77     -6745.23        42.46   321.1
19.4500        -6702.80     -6747.70        44.90   339.6
19.5000        -6702.82     -6744.51        41.68   315.2
19.5500        -6702.75     -6747.30        44.56   336.9
19.6000        -6702.94     -6746.50        43.56   329.4
19.6500        -6702.87     -6745.97        43.10   325.9
19.7000        -6702.77     -6745.47        42.70   322.9
19.7500        -6702.77     -6746.04        43.27   327.2
19.8000        -6702.74     -6746.27        43.53   329.2
19.8500        -6702.88     -6746.98        44.09   333.5
19.9000        -6702.86     -6745.72        42.86   324.1
19.9500        -6702.73     -6746.28        43.55   329.4
20.0000        -6702.93     -6745.97        43.05   325.5
20.0500        -6702.81     -6745.02        42.21   319.2
20.1000        -6702.85     -6746.93        44.07   333.3
20.1500        -6702.81     -6745.73        42.91   324.5
20.2000        -6702.96     -6746.18        43.22   326.9
20.2500        -6702.83     -6745.70        42.87   324.2
20.3000        -6702.80     -6746.95        44.14   333.8
20.3500        -6702.79     -6745.08        42.29   319.8
20.4000        -6702.81     -6746.63        43.82   331.3
20.4500        -6702.88     -6745.97        43.10   325.9
20.5000        -6702.63     -6746.07        43.44   328.5
20.5500        -6702.92     -6745.26        42.34   320.2
20.6000        -6702.73     -6744.74        42.01   317.7
20.6500        -6702.92     -6746.81        43.88   331.9
20.7000        -6702.76     -6745.05        42.28   319.8
20.7500        -6702.81     -6746.85        44.04   333.1
20.8000        -6702.91     -6747.78        44.86   339.3
20.8500        -6702.86     -6745.22        42.36   320.4
20.9000        -6702.78     -6747.52        44.74   338.4
20.9500        -6702.91     -6745.11        42.20   319.1
21.0000        -6702.71     -6746.34        43.63   330.0
21.0500        -6702.88     -6746.11        43.23   326.9
21.1000        -6702.90     -6745.72        42.82   323.8
21.1500        -6702.91     -6747.80        44.89   339.5
21.2000        -6703.04     -6746.64        43.60   329.7
21.2500        -6702.79     -6747.31        44.52   336.7
21.3000        -6702.80     -6746.24        43.45   328.6
21.3500        -6702.94     -6744.70        41.76   315.8
21.4000        -6702.99     -6745.24        42.25   319.5
21.4500        -6702.90     -6746.06        43.16   326.4
21.5000        -6702.88     -6745.78        42.90   324.4
21.5500        -6702.86     -6746.37        43.51   329.0
21.6000        -6703.01     -6747.62        44.61   337.3
21.6500        -6702.83     -6746.12        43.29   327.4
21.7000        -6702.88     -6745.89        43.01   325.2
21.7500        -6702.83     -6746.94        44.11   333.6
21.8000        -6702.84     -6746.71        43.87   331.8
21.8500        -6702.87     -6746.08        43.21   326.8
21.9000        -6702.84     -6745.24        42.40   320.6
21.9500        -6702.90     -6747.34        44.44   336.1
22.0000        -6702.85     -6747.04        44.18   334.1
22.0500        -6702.85     -6747.47        44.62   337.4
22.1000        -6702.87     -6746.07        43.20   326.7
22.1500        -6702.81     -6746.16        43.35   327.9
22.2000        -6702.85     -6746.34        43.49   328.9
22.2500        -6702.80     -6745.48        42.68   322.8
22.3000        -6702.71     -6748.84        46.14   348.9
22.3500        -6702.86     -6745.84        42.98   325.0
22.4000        -6702.87     -6744.96        42.09   318.3
22.4500        -6702.83     -6745.69        42.86   324.1
22.5000        -6702.65     -6747.31        44.65   337.7
22.5500        -6702.88     -6746.80        43.92   332.1
22.6000        -6702.71     -6746.12        43.41   328.3
22.6500        -6703.03     -6746.49        43.46   328.7
22.7000        -6702.70     -6746.06        43.37   328.0
22.7500        -6702.86     -6745.74        42.88   324.2
22.8000        -6702.77     -6746.36        43.59   329.7
22.8500        -6702.82     -6746.13        43.31   327.5
22.9000        -6702.83     -6744.50        41.67   315.1
22.9500        -6702.86     -6746.29        43.42   328.4
23.0000        -6702.87     -6745.88        43.00   325.2
23.0500        -6702.81     -6747.20        44.39   335.7
23.1000        -6702.97     -6746.41        43.44   328.5
23.1500        -6702.75     -6745.52        42.76   323.4
23.2000        -6702.74     -6745.33        42.59   322.1
23.2500        -6702.92     -6746.74        43.83   331.4
23.3000        -6703.00     -6746.55        43.55   329.4
23.3500        -6702.85     -6746.39        43.54   329.3
23.4000        -6703.08     -6746.36        43.28   327.3
23.4500        -6702.75     -6746.47        43.72   330.6
23.5000        -6702.91     -6744.67        41.76   315.8
23.5500        -6702.92     -6747.52        44.59   337.2
23.6000        -6702.76     -6744.91        42.15   318.8
23.6500        -6702.72     -6747.01        44.29   334.9
23.7000        -6702.93     -6746.20        43.27   327.2
23.7500        -6702.88     -6745.78        42.90   324.4
23.8000        -6702.88     -6747.22        44.34   335.3
23.8500        -6702.81     -6747.01        44.21   334.3
23.9000        -6702.86     -6747.06        44.20   334.2
23.9500        -6702.88     -6747.04        44.16   334.0
24.0000        -6702.61     -6744.36        41.75   315.7
24.0500        -6702.82     -6745.97        43.14   326.3
24.1000        -6702.76     -6745.67        42.91   324.5
24.1500        -6702.89     -6746.21        43.32   327.6
24.2000        -6702.82     -6746.21        43.38   328.1
24.2500        -6702.88     -6746.52        43.64   330.0
24.3000        -6702.86     -6746.65        43.79   331.2
24.3500        -6702.80     -6745.65        42.85   324.0
24.4000        -6702.80     -6745.28        42.48   321.3
24.4500        -6702.89     -6745.52        42.62   322.3
24.5000        -6702.86     -6746.89        44.03   332.9
24.5500        -6702.83     -6745.92        43.09   325.9
24.6000        -6702.66     -6745.07        42.41   320.7
24.6500        -6702.90     -6747.25        44.36   335.5
24.7000        -6702.79     -6746.15        43.36   327.9
24.7500        -6702.78     -6746.97        44.19   334.1
24.8000        -6702.88     -6745.59        42.71   323.0
24.8500        -6702.71     -6745.62        42.91   324.5
24.9000        -6702.84     -6745.54        42.70   322.9
24.9500        -6702.86     -6746.55        43.70   330.5
25.0000        -6702.76     -6746.59        43.83   331.5
25.0500        -6702.89     -6746.89        44.00   332.7
25.1000        -6702.68     -6746.99        44.32   335.1
25.1500        -6702.77     -6746.34        43.57   329.5
25.2000        -6702.70     -6745.65        42.96   324.8
25.2500        -6702.87     -6747.61        44.74   338.3
25.3000        -6702.72     -6746.07        43.35   327.8
25.3500        -6702.81     -6746.42        43.61   329.8
25.4000        -6702.86     -6745.98        43.11   326.1
25.4500        -6702.80     -6746.39        43.59   329.6
25.5000        -6702.91     -6746.21        43.30   327.5
25.5500        -6702.56     -6746.08        43.51   329.1
25.6000        -6702.86     -6746.19        43.33   327.7
25.6500        -6702.90     -6746.49        43.59   329.6
25.7000        -6702.90     -6746.09        43.19   326.6
25.7500        -6702.86     -6745.31        42.45   321.0
25.8000        -6702.63     -6746.28        43.64   330.0
25.8500        -6702.98     -6746.53        43.56   329.4
25.9000        -6702.95     -6746.27        43.33   327.7
25.9500        -6702.83     -6747.45        44.62   337.4
26.0000        -6702.77     -6745.64        42.86   324.2
26.0500        -6702.88     -6745.43        42.54   321.7
26.1000        -6703.03     -6747.44        44.41   335.9
26.1500        -6702.74     -6746.54        43.80   331.3
26.2000        -6702.90     -6745.68        42.79   323.6
26.2500        -6702.86     -6746.06        43.20   326.7
26.3000        -6702.88     -6746.07        43.19   326.6
26.3500        -6702.75     -6747.03        44.29   334.9
26.4000        -6702.92     -6744.87        41.95   317.3
26.4500        -6703.05     -6745.80        42.75   323.3
26.5000        -6702.92     -6746.44        43.52   329.1
26.5500        -6702.86     -6746.03        43.17   326.5
26.6000        -6702.93     -6746.05        43.11   326.0
26.6500        -6702.92     -6747.38        44.45   336.2
26.7000        -6702.84     -6746.18        43.34   327.8
26.7500        -6702.88     -6745.50        42.63   322.4
26.8000        -6702.91     -6746.31        43.40   328.2
26.8500        -6702.88     -6746.31        43.43   328.4
26.9000        -6702.84     -6747.20        44.37   335.5
26.9500        -6703.01     -6746.88        43.87   331.7
27.0000        -6702.69     -6746.70        44.00   332.8
27.0500        -6702.87     -6745.38        42.51   321.5
27.1000        -6702.91     -6745.76        42.85   324.0
27.1500        -6702.80     -6745.44        42.64   322.5
27.2000        -6702.88     -6745.91        43.04   325.5
27.2500        -6702.90     -6747.39        44.49   336.5
27.3000        -6702.91     -6746.46        43.55   329.4
27.3500        -6702.87     -6746.10        43.23   326.9
27.4000        -6702.82     -6746.69        43.87   331.8
27.4500        -6702.95     -6746.75        43.80   331.3
27.5000        -6702.80     -6746.39        43.59   329.6
27.5500        -6702.98     -6746.76        43.78   331.1
27.6000        -6702.85     -6745.17        42.31   320.0
27.6500        -6702.81     -6746.74        43.92   332.2
27.7000        -6702.79     -6745.29        42.50   321.4
27.7500        -6702.95     -6745.82        42.87   324.2
27.8000        -6702.78     -6745.84        43.06   325.6
27.8500        -6702.71     -6746.44        43.73   330.7
27.9000        -6702.70     -6745.84        43.14   326.2
27.9500        -6702.94     -6745.95        43.01   325.3
28.0000        -6702.82     -6746.21        43.40   328.2
28.0500        -6702.83     -6746.73        43.90   332.0
28.1000        -6702.80     -6745.67        42.87   324.2
28.1500        -6702.94     -6746.53        43.59   329.6
28.2000        -6702.83     -6747.19        44.37   335.5
28.2500        -6702.81     -6744.95        42.15   318.7
28.3000        -6703.04     -6745.66        42.62   322.3
28.3500        -6702.84     -6746.26        43.42   328.3
28.4000        -6702.84     -6746.79        43.95   332.3
28.4500        -6702.81     -6745.82        43.02   325.3
28.5000        -6702.89     -6747.25        44.36   335.4
28.5500        -6702.73     -6745.36        42.64   322.4
28.6000        -6702.79     -6746.17        43.39   328.1
28.6500        -6702.99     -6745.81        42.82   323.8
28.7000        -6702.75     -6746.62        43.87   331.8
28.7500        -6702.78     -6746.06        43.28   327.3
28.8000        -6702.75     -6746.15        43.40   328.2
28.8500        -6702.92     -6747.06        44.14   333.8
28.9000        -6702.80     -6746.87        44.07   333.3
28.9500        -6702.83     -6745.81        42.98   325.0
29.0000        -6702.70     -6745.83        43.14   326.2
29.0500        -6702.87     -6747.63        44.76   338.5
29.1000        -6702.68     -6744.70        42.02   317.8
29.1500        -6702.75     -6746.71        43.96   332.4
29.2000        -6702.69     -6744.03        41.34   312.6
29.2500        -6702.90     -6747.51        44.61   337.4
29.3000        -6702.84     -6744.44        41.61   314.6
29.3500        -6702.59     -6746.11        43.52   329.1
29.4000        -6702.90     -6746.94        44.04   333.0
29.4500        -6702.71     -6745.97        43.27   327.2
29.5000        -6702.87     -6746.75        43.88   331.9
29.5500        -6702.61     -6747.23        44.62   337.5
29.6000        -6702.79     -6746.44        43.66   330.2
29.6500        -6702.73     -6745.64        42.91   324.5
29.7000        -6702.64     -6745.80        43.16   326.4
29.7500        -6703.02     -6746.06        43.04   325.5
29.8000        -6702.73     -6746.33        43.61   329.8
29.8500        -6702.94     -6745.67        42.74   323.2
29.9000        -6702.87     -6745.48        42.61   322.3
29.9500        -6702.89     -6746.01        43.12   326.1
30.0000        -6702.90     -6746.14        43.24   327.0
30.0500        -6702.86     -6746.66        43.80   331.2
30.1000        -6702.93     -6748.60        45.67   345.4
30.1500        -6702.85     -6745.64        42.79   323.6
30.2000        -6702.72     -6745.73        43.01   325.3
30.2500        -6702.86     -6746.63        43.77   331.0
30.3000        -6702.88     -6746.37        43.50   328.9
30.3500        -6702.79     -6747.06        44.27   334.8
30.4000        -6702.91     -6745.79        42.87   324.2
30.4500        -6702.80     -6744.86        42.06   318.0
30.5000        -6702.84     -6747.47        44.63   337.5
30.5500        -6702.79     -6746.59        43.79   331.2
30.6000        -6702.71     -6747.53        44.82   339.0
30.6500        -6702.97     -6745.68        42.71   323.0
30.7000        -6702.90     -6746.54        43.64   330.0
30.7500        -6702.91     -6746.64        43.73   330.7
30.8000        -6702.78     -6746.22        43.44   328.5
30.8500        -6702.90     -6747.21        44.31   335.1
30.9000        -6702.96     -6745.78        42.82   323.8
30.9500        -6702.66     -6745.07        42.41   320.7
31.0000        -6702.80     -6746.26        43.47   328.7
31.0500        -6702.96     -6746.94        43.98   332.6
31.1000        -6702.79     -6744.27        41.48   313.7
31.1500        -6702.95     -6747.49        44.54   336.9
31.2000        -6702.91     -6746.19        43.28   327.3
31.2500        -6702.87     -6746.29        43.42   328.4
31.3000        -6702.94     -6746.39        43.44   328.5
31.3500        -6702.75     -6746.23        43.49   328.9
31.4000        -6702.86     -6745.46        42.60   322.2
31.4500        -6702.85     -6745.47        42.62   322.3
31.5000        -6702.75     -6745.99        43.24   327.0
31.5500        -6702.92     -6745.82        42.90   324.4
31.6000        -6702.92     -6746.23        43.31   327.5
31.6500        -6702.70     -6746.11        43.41   328.3
31.7000        -6703.00     -6745.75        42.76   323.3
31.7500        -6702.87     -6747.95        45.08   340.9
31.8000        -6702.74     -6746.48        43.74   330.8
31.8500        -6702.93     -6746.18        43.25   327.1
31.9000        -6702.93     -6746.61        43.68   330.3
31.9500        -6702.82     -6747.74        44.92   339.7
32.0000        -6702.78     -6745.16        42.37   320.4
32.0500        -6702.81     -6746.96        44.15   333.9
32.1000        -6702.77     -6747.45        44.69   337.9
32.1500        -6702.77     -6746.63        43.86   331.7
32.2000        -6702.99     -6744.46        41.47   313.6
32.2500        -6702.69     -6745.77        43.08   325.8
32.3000        -6702.95     -6746.15        43.20   326.7
32.3500        -6702.69     -6746.08        43.39   328.2
32.4000        -6702.83     -6746.03        43.20   326.7
32.4500        -6702.65     -6746.15        43.51   329.0
32.5000        -6702.84     -6745.43        42.59   322.1
32.5500        -6702.90     -6747.05        44.15   333.9
32.6000        -6702.84     -6746.09        43.25   327.1
32.6500        -6702.99     -6744.75        41.77   315.9
32.7000        -6702.99     -6746.64        43.66   330.1
32.7500        -6702.89     -6745.61        42.72   323.0
32.8000        -6702.93     -6745.74        42.80   323.7
32.8500        -6702.96     -6745.98        43.02   325.3
32.9000        -6703.05     -6746.16        43.10   325.9
32.9500        -6702.76     -6746.73        43.97   332.5
33.0000        -6702.83     -6747.50        44.66   337.7
33.0500        -6702.95     -6745.46        42.50   321.4
33.1000        -6702.81     -6746.69        43.87   331.8
33.1500        -6702.96     -6746.76        43.80   331.3
33.2000        -6702.99     -6745.92        42.92   324.6
33.2500        -6702.91     -6746.73        43.82   331.3
33.3000        -6703.04     -6746.09        43.06   325.6
33.3500        -6702.79     -6746.36        43.57   329.5
33.4000        -6702.93     -6745.38        42.45   321.0
33.4500        -6702.84     -6746.19        43.35   327.8
33.5000        -6702.97     -6747.40        44.43   336.0
33.5500        -6702.83     -6745.39        42.56   321.9
33.6000        -6702.99     -6745.05        42.06   318.1
33.6500        -6702.79     -6746.02        43.23   326.9
33.7000        -6702.94     -6746.21        43.27   327.2
33.7500        -6702.87     -6746.02        43.15   326.3
33.8000        -6702.89     -6746.07        43.18   326.6
33.8500        -6702.74     -6746.13        43.39   328.2
33.9000        -6702.87     -6745.37        42.51   321.5
33.9500        -6702.92     -6745.45        42.54   321.7
34.0000        -6702.86     -6747.90        45.04   340.6
34.0500        -6703.02     -6746.09        43.07   325.7
34.1000        -6702.89     -6745.53        42.64   322.5
34.1500        -6702.76     -6746.45        43.68   330.4
34.2000        -6702.86     -6745.29        42.43   320.9
34.2500        -6702.88     -6746.91        44.03   333.0
34.3000        -6702.93     -6746.06        43.14   326.2
34.3500        -6702.94     -6746.74        43.79   331.2
34.4000        -6702.81     -6745.37        42.56   321.8
34.4500        -6702.97     -6746.94        43.96   332.5
34.5000        -6702.86     -6745.78        42.92   324.6
34.5500        -6702.67     -6745.20        42.52   321.6
34.6000        -6702.81     -6746.97        44.16   334.0
34.6500        -6702.56     -6745.39        42.83   323.9
34.7000        -6702.82     -6747.63        44.81   338.9
34.7500        -6703.03     -6745.61        42.58   322.0
34.8000        -6702.70     -6745.93        43.23   326.9
34.8500        -6702.89     -6746.45        43.56   329.4
34.9000        -6702.78     -6746.64        43.86   331.7
34.9500        -6702.81     -6746.59        43.78   331.1
35.0000        -6703.01     -6746.79        43.78   331.1
35.0500        -6702.93     -6745.37        42.44   320.9
35.1000        -6702.79     -6747.55        44.76   338.5
35.1500        -6702.74     -6746.09        43.34   327.8
35.2000        -6703.06     -6746.69        43.63   329.9
35.2500        -6702.73     -6747.05        44.32   335.1
35.3000        -6702.88     -6746.03        43.15   326.3
35.3500        -6702.58     -6745.38        42.80   323.6
35.4000        -6702.75     -6747.07        44.32   335.2
35.4500        -6702.89     -6746.23        43.34   327.8
35.5000        -6702.70     -6746.57        43.86   331.7
35.5500        -6702.80     -6744.89        42.10   318.4
35.6000        -6702.83     -6746.65        43.82   331.4
35.6500        -6702.77     -6747.69        44.92   339.7
35.7000        -6702.93     -6745.27        42.34   320.2
35.7500        -6702.73     -6745.65        42.92   324.5
35.8000        -6702.90     -6747.73        44.84   339.1
35.8500        -6702.88     -6745.86        42.99   325.1
35.9000        -6702.84     -6747.38        44.55   336.9
35.9500        -6703.00     -6745.90        42.90   324.4
36.0000        -6702.63     -6744.58        41.95   317.3
36.0500        -6703.01     -6747.43        44.42   335.9
36.1000        -6703.02     -6744.74        41.72   315.5
36.1500        -6702.85     -6746.71        43.86   331.7
36.2000        -6703.04     -6746.23        43.20   326.7
36.2500        -6702.85     -6745.03        42.18   319.0
36.3000        -6702.75     -6746.80        44.05   333.2
36.3500        -6702.91     -6746.81        43.90   332.0
36.4000        -6702.90     -6745.89        42.99   325.1
36.4500        -6702.77     -6746.35        43.58   329.5
36.5000        -6702.91     -6745.57        42.67   322.7
36.5500        -6702.82     -6746.05        43.23   326.9
36.6000        -6702.82     -6746.51        43.70   330.4
36.6500        -6702.85     -6746.78        43.93   332.2
36.7000        -6702.72     -6745.12        42.40   320.7
36.7500        -6702.80     -6747.37        44.56   337.0
36.8000        -6702.83     -6745.50        42.67   322.7
36.8500        -6702.85     -6745.85        43.00   325.2
36.9000        -6702.73     -6745.84        43.11   326.0
36.9500        -6702.75     -6746.70        43.95   332.4
37.0000        -6702.88     -6744.82        41.93   317.1
37.0500        -6702.85     -6745.44        42.59   322.1
37.1000        -6702.82     -6745.54        42.73   323.1
37.1500        -6702.80     -6745.61        42.81   323.7
37.2000        -6702.80     -6745.72        42.92   324.6
37.2500        -6702.90     -6745.52        42.63   322.4
37.3000        -6702.86     -6747.79        44.92   339.7
37.3500        -6702.84     -6744.63        41.79   316.0
37.4000        -6702.95     -6745.78        42.84   324.0
37.4500        -6703.00     -6747.14        44.14   333.8
37.5000        -6702.96     -6745.02        42.07   318.1
37.5500        -6702.80     -6746.38        43.58   329.6
37.6000        -6702.97     -6746.62        43.64   330.1
37.6500        -6702.91     -6747.20        44.29   334.9
37.7000        -6702.67     -6744.69        42.02   317.8
37.7500        -6702.81     -6747.41        44.60   337.3
37.8000        -6702.79     -6746.61        43.82   331.4
37.8500        -6702.78     -6745.59        42.81   323.8
37.9000        -6702.77     -6746.31        43.54   329.3
37.9500        -6702.78     -6746.46        43.68   330.3
38.0000        -6702.78     -6746.04        43.26   327.2
38.0500        -6702.76     -6745.36        42.61   322.2
38.1000        -6702.87     -6744.81        41.95   317.2
38.1500        -6702.96     -6746.42        43.47   328.7
38.2000        -6702.86     -6746.21        43.35   327.8
38.2500        -6702.76     -6747.08        44.32   335.2
38.3000        -6702.91     -6746.26        43.36   327.9
38.3500        -6702.83     -6746.09        43.26   327.1
38.4000        -6702.76     -6744.97        42.21   319.2
38.4500        -6702.73     -6745.38        42.65   322.5
38.5000        -6702.91     -6746.19        43.28   327.3
38.5500        -6702.90     -6746.43        43.53   329.2
38.6000        -6702.87     -6746.29        43.42   328.3
38.6500        -6702.84     -6746.46        43.62   329.8
38.7000        -6702.83     -6746.27        43.44   328.5
38.7500        -6702.90     -6746.67        43.76   331.0
38.8000        -6702.82     -6745.74        42.92   324.6
38.8500        -6702.77     -6745.44        42.67   322.7
38.9000        -6702.77     -6747.16        44.39   335.7
38.9500        -6702.86     -6745.60        42.74   323.2
39.0000        -6702.80     -6747.00        44.20   334.3
39.0500        -6702.83     -6746.46        43.63   329.9
39.1000        -6702.78     -6745.68        42.90   324.4
39.1500        -6702.83     -6745.54        42.71   323.0
39.2000        -6702.90     -6747.58        44.68   337.9
39.2500        -6702.77     -6746.05        43.28   327.3
39.3000        -6702.84     -6747.43        44.60   337.2
39.3500        -6702.80     -6745.42        42.61   322.3
39.4000        -6702.89     -6746.71        43.83   331.4
39.4500        -6702.85     -6746.77        43.92   332.1
39.5000        -6702.76     -6746.26        43.50   328.9
39.5500        -6702.86     -6746.48        43.63   329.9
39.6000        -6702.79     -6744.97        42.18   319.0
39.6500        -6702.69     -6746.18        43.49   328.9
39.7000        -6702.74     -6747.03        44.29   334.9
39.7500        -6702.99     -6745.59        42.60   322.2
39.8000        -6702.83     -6746.23        43.40   328.2
39.8500        -6702.66     -6746.13        43.48   328.8
39.9000        -6703.01     -6746.44        43.43   328.4
39.9500        -6702.81     -6746.02        43.21   326.8
40.0000        -6702.91     -6745.46        42.54   321.7
40.0500        -6702.79     -6746.90        44.11   333.6
40.1000        -6702.73     -6746.68        43.95   332.4
40.1500        -6702.87     -6746.26        43.39   328.1
40.2000        -6702.89     -6745.68        42.79   323.6
40.2500        -6702.73     -6745.68        42.95   324.8
40.3000        -6702.70     -6745.98        43.28   327.3
40.3500        -6702.81     -6745.92        43.12   326.1
40.4000        -6702.84     -6746.46        43.63   329.9
40.4500        -6703.03     -6746.62        43.60   329.7
40.5000        -6702.72     -6746.05        43.33   327.7
40.5500        -6702.91     -6747.79        44.88   339.4
40.6000        -6702.76     -6746.12        43.36   327.9
40.6500        -6702.78     -6746.44        43.66   330.2
40.7000        -6702.83     -6745.55        42.72   323.1
40.7500        -6702.86     -6746.85        43.98   332.6
40.8000        -6702.71     -6746.61        43.91   332.1
40.8500        -6703.00     -6745.78        42.78   323.5
40.9000        -6702.80     -6747.38        44.58   337.1
40.9500        -6702.80     -6746.08        43.28   327.3
41.0000        -6702.69     -6746.99        44.31   335.1
41.0500        -6702.91     -6745.50        42.59   322.1
41.1000        -6702.77     -6745.20        42.42   320.8
41.1500        -6702.84     -6746.37        43.53   329.2
41.2000        -6702.77     -6746.58        43.82   331.4
41.2500        -6702.75     -6745.32        42.57   321.9
41.3000        -6702.87     -6745.13        42.27   319.6
41.3500        -6702.75     -6745.86        43.11   326.0
41.4000        -6702.82     -6746.09        43.27   327.3
41.4500        -6702.86     -6746.26        43.40   328.2
41.5000        -6702.81     -6746.86        44.05   333.1
41.5500        -6702.93     -6744.47        41.54   314.1
41.6000        -6702.86     -6746.26        43.40   328.2
41.6500        -6702.92     -6744.93        42.01   317.7
41.7000        -6703.02     -6746.97        43.95   332.3
41.7500        -6702.86     -6746.25        43.39   328.1
41.8000        -6702.87     -6746.37        43.50   328.9
41.8500        -6702.84     -6746.88        44.03   333.0
41.9000        -6702.97     -6745.81        42.84   323.9
41.9500        -6702.87     -6746.75        43.88   331.8
42.0000        -6702.73     -6745.61        42.88   324.3
42.0500        -6703.16     -6745.82        42.65   322.6
42.1000        -6702.76     -6746.26        43.50   329.0
42.1500        -6702.91     -6746.53        43.62   329.9
42.2000        -6702.91     -6745.05        42.15   318.7
42.2500        -6702.95     -6747.73        44.78   338.7
42.3000        -6702.88     -6746.65        43.77   331.0
42.3500        -6702.86     -6746.81        43.95   332.4
42.4000        -6702.90     -6744.95        42.05   318.0
42.4500        -6702.79     -6746.34        43.55   329.3
42.5000        -6702.86     -6747.19        44.33   335.2
42.5500        -6702.85     -6747.41        44.56   337.0
42.6000        -6702.88     -6746.74        43.86   331.7
42.6500        -6702.84     -6744.71        41.87   316.7
42.7000        -6702.82     -6746.80        43.98   332.6
42.7500        -6702.85     -6745.37        42.52   321.5
42.8000        -6702.90     -6747.06        44.16   334.0
42.8500        -6702.88     -6745.86        42.98   325.0
42.9000        -6702.94     -6745.86        42.92   324.6
42.9500        -6702.63     -6745.53        42.90   324.4
43.0000        -6702.94     -6747.15        44.20   334.3
43.0500        -6702.83     -6745.86        43.03   325.4
43.1000        -6702.95     -6746.87        43.92   332.2
43.1500        -6702.67     -6744.98        42.31   319.9
43.2000        -6702.72     -6746.72        44.01   332.8
43.2500        -6702.95     -6746.23        43.28   327.3
43.3000        -6702.74     -6747.06        44.32   335.2
43.3500        -6702.95     -6749.17        46.22   349.5
43.4000        -6702.86     -6746.19        43.33   327.7
43.4500        -6702.63     -6746.60        43.97   332.5
43.5000        -6702.93     -6747.73        44.80   338.8
43.5500        -6702.83     -6746.47        43.65   330.1
43.6000        -6702.78     -6747.10        44.32   335.2
43.6500        -6702.87     -6746.20        43.33   327.7
43.7000        -6702.79     -6746.77        43.99   332.6
43.7500        -6702.90     -6745.84        42.94   324.7
43.8000        -6702.99     -6746.36        43.37   328.0
43.8500        -6702.78     -6746.18        43.40   328.2
43.9000        -6702.79     -6746.03        43.24   327.0
43.9500        -6702.90     -6746.53        43.64   330.0
44.0000        -6702.77     -6745.12        42.35   320.3
44.0500        -6702.96     -6748.07        45.11   341.2
44.1000        -6702.66     -6744.60        41.94   317.1
44.1500        -6702.83     -6745.80        42.97   324.9
44.2000        -6702.81     -6745.67        42.86   324.1
44.2500        -6702.69     -6745.22        42.53   321.7
44.3000        -6702.84     -6746.83        43.99   332.7
44.3500        -6702.87     -6745.63        42.76   323.4
44.4000        -6702.84     -6745.89        43.05   325.5
44.4500        -6702.75     -6745.89        43.14   326.3
44.5000        -6702.80     -6747.27        44.47   336.3
44.5500        -6702.81     -6746.41        43.60   329.7
44.6000        -6702.90     -6745.57        42.66   322.6
44.6500        -6702.84     -6745.74        42.90   324.5
44.7000        -6702.89     -6746.31        43.42   328.4
44.7500        -6702.76     -6747.19        44.43   336.0
44.8000        -6702.98     -6746.26        43.28   327.3
44.8500        -6702.79     -6746.09        43.31   327.5
44.9000        -6702.91     -6748.56        45.65   345.2
44.9500        -6703.00     -6746.45        43.45   328.6
45.0000        -6702.79     -6746.38        43.60   329.7
45.0500        -6702.93     -6744.81        41.88   316.7
45.1000        -6702.99     -6747.31        44.33   335.2
45.1500        -6702.97     -6746.81        43.84   331.5
45.2000        -6703.00     -6747.40        44.40   335.8
45.2500        -6702.82     -6745.05        42.23   319.3
45.3000        -6702.95     -6745.83        42.88   324.2
45.3500        -6702.75     -6744.62        41.87   316.6
45.4000        -6702.99     -6747.42        44.43   336.0
45.4500        -6702.85     -6745.62        42.77   323.5
45.5000        -6702.76     -6746.59        43.83   331.5
45.5500        -6702.95     -6745.57        42.62   322.3
45.6000        -6702.71     -6745.32        42.61   322.2
45.6500        -6703.00     -6746.63        43.63   330.0
45.7000        -6702.75     -6746.20        43.45   328.6
45.7500        -6702.96     -6747.04        44.08   333.3
45.8000        -6702.88     -6746.15        43.27   327.2
45.8500        -6702.82     -6746.48        43.66   330.2
45.9000        -6702.95     -6747.52        44.57   337.1
45.9500        -6702.93     -6745.37        42.43   320.9
46.0000        -6702.81     -6746.19        43.39   328.1
46.0500        -6702.85     -6746.19        43.35   327.8
46.1000        -6702.98     -6746.76        43.78   331.1
46.1500        -6702.92     -6746.81        43.88   331.9
46.2000        -6702.70     -6746.18        43.48   328.8
46.2500        -6703.01     -6748.12        45.11   341.1
46.3000        -6702.79     -6744.26        41.46   313.5
46.3500        -6702.96     -6746.57        43.61   329.8
46.4000        -6702.80     -6745.72        42.93   324.6
46.4500        -6702.97     -6746.99        44.01   332.8
46.5000        -6702.82     -6746.99        44.17   334.0
46.5500        -6702.71     -6746.89        44.18   334.1
46.6000        -6702.91     -6745.58        42.67   322.7
46.6500        -6702.75     -6746.52        43.77   331.0
46.7000        -6702.94     -6745.94        43.00   325.2
46.7500        -6702.82     -6746.28        43.45   328.6
46.8000        -6702.80     -6748.00        45.19   341.8
46.8500        -6702.87     -6746.58        43.71   330.5
46.9000        -6702.94     -6746.46        43.53   329.2
46.9500        -6702.80     -6745.51        42.71   323.0
47.0000        -6702.72     -6746.21        43.49   328.9
47.0500        -6702.92     -6746.72        43.80   331.2
47.1000        -6702.73     -6745.29        42.56   321.8
47.1500        -6702.77     -6746.87        44.10   333.5
47.2000        -6702.76     -6746.89        44.13   333.7
47.2500        -6702.75     -6746.23        43.49   328.9
47.3000        -6702.85     -6744.55        41.71   315.4
47.3500        -6702.63     -6746.29        43.67   330.2
47.4000        -6702.81     -6748.78        45.97   347.6
47.4500        -6702.84     -6745.50        42.66   322.6
47.5000        -6702.74     -6746.03        43.29   327.3
47.5500        -6702.78     -6746.66        43.88   331.8
47.6000        -6702.78     -6746.30        43.52   329.1
47.6500        -6702.84     -6745.35        42.52   321.5
47.7000        -6702.75     -6746.68        43.93   332.2
47.7500        -6702.83     -6747.45        44.63   337.5
47.8000        -6702.87     -6745.90        43.03   325.4
47.8500        -6702.86     -6747.21        44.34   335.3
47.9000        -6702.80     -6746.50        43.70   330.5
47.9500        -6702.96     -6745.69        42.73   323.1
48.0000        -6702.91     -6747.98        45.08   340.9
48.0500        -6702.95     -6746.49        43.55   329.3
48.1000        -6702.77     -6746.18        43.41   328.3
48.1500        -6702.95     -6746.64        43.69   330.4
48.2000        -6702.85     -6746.35        43.50   329.0
48.2500        -6702.77     -6746.27        43.50   328.9
48.3000        -6702.94     -6745.84        42.90   324.4
48.3500        -6702.86     -6746.35        43.50   328.9
48.4000        -6703.13     -6746.40        43.27   327.3
48.4500        -6702.73     -6746.40        43.67   330.2
48.5000        -6702.88     -6746.64        43.75   330.9
48.5500        -6702.91     -6745.90        42.99   325.1
48.6000        -6702.86     -6746.30        43.44   328.5
48.6500        -6702.80     -6746.13        43.34   327.7
48.7000        -6702.88     -6746.74        43.85   331.6
48.7500        -6702.99     -6746.98        43.99   332.7
48.8000        -6702.82     -6746.06        43.24   327.0
48.8500        -6702.92     -6748.91        45.99   347.8
48.9000        -6702.87     -6745.81        42.94   324.7
48.9500        -6702.87     -6746.96        44.09   333.4
49.0000        -6702.96     -6745.82        42.87   324.2
49.0500        -6702.89     -6746.55        43.66   330.2
49.1000        -6702.87     -6746.19        43.31   327.6
49.1500        -6702.62     -6746.05        43.43   328.4
49.2000        -6702.92     -6746.91        43.99   332.6
49.2500        -6702.69     -6746.19        43.50   329.0
49.3000        -6702.83     -6745.22        42.39   320.6
49.3500        -6702.84     -6746.41        43.56   329.4
49.4000        -6702.95     -6744.71        41.76   315.8
49.4500        -6702.75     -6746.64        43.88   331.9
49.5000        -6702.81     -6745.39        42.58   322.0
49.5500        -6702.91     -6746.06        43.15   326.3
49.6000        -6702.82     -6747.29        44.47   336.3
49.6500        -6702.77     -6746.55        43.78   331.1
49.7000        -6702.86     -6745.54        42.67   322.7
49.7500        -6702.87     -6745.87        43.00   325.2
49.8000        -6702.79     -6746.87        44.08   333.3
49.8500        -6702.91     -6746.17        43.26   327.2
49.9000        -6702.75     -6746.03        43.28   327.3
49.9500        -6702.80     -6746.56        43.76   330.9
50.0000        -6702.88     -6747.40        44.52   336.7
