Time[ps]      Etot[eV]     Epot[eV]     Ekin[eV]    T[K]
0.0000        -1699.077    -1715.357       16.280   314.9
0.2000        -1698.161    -1714.684       16.523   319.6
0.4000        -1699.049    -1714.984       15.935   308.2
0.6000        -1699.470    -1715.191       15.721   304.1
0.8000        -1698.183    -1715.196       17.013   329.0
1.0000        -1698.851    -1714.486       15.635   302.4
1.2000        -1698.624    -1713.644       15.020   290.5
1.4000        -1698.008    -1713.772       15.764   304.9
1.6000        -1700.181    -1716.312       16.131   312.0
1.8000        -1699.638    -1716.007       16.369   316.6
2.0000        -1698.416    -1715.356       16.940   327.6
2.2000        -1697.580    -1714.151       16.571   320.5
2.4000        -1698.538    -1714.775       16.238   314.0
2.6000        -1698.404    -1715.025       16.621   321.5
2.8000        -1699.237    -1715.033       15.796   305.5
3.0000        -1698.443    -1713.512       15.069   291.4
3.2000        -1697.978    -1714.252       16.274   314.8
3.4000        -1698.287    -1714.354       16.067   310.7
3.6000        -1697.701    -1714.316       16.615   321.3
3.8000        -1698.863    -1714.794       15.931   308.1
4.0000        -1699.911    -1715.375       15.464   299.1
4.2000        -1698.911    -1715.360       16.449   318.1
4.4000        -1697.868    -1714.240       16.372   316.6
4.6000        -1698.819    -1714.865       16.046   310.3
4.8000        -1698.229    -1714.081       15.852   306.6
5.0000        -1700.404    -1715.754       15.350   296.9
5.2000        -1699.921    -1714.719       14.798   286.2
5.4000        -1699.200    -1714.463       15.264   295.2
5.6000        -1699.699    -1715.148       15.450   298.8
5.8000        -1698.088    -1714.244       16.156   312.5
6.0000        -1698.507    -1713.355       14.848   287.2
6.2000        -1698.448    -1715.090       16.642   321.9
6.4000        -1699.463    -1715.168       15.705   303.7
6.6000        -1698.380    -1714.152       15.772   305.0
6.8000        -1698.459    -1714.409       15.950   308.5
7.0000        -1698.260    -1714.838       16.578   320.6
7.2000        -1698.823    -1714.591       15.768   305.0
7.4000        -1698.730    -1714.494       15.763   304.9
7.6000        -1698.283    -1714.816       16.533   319.8
7.8000        -1698.247    -1713.894       15.647   302.6
8.0000        -1699.491    -1715.131       15.640   302.5
8.2000        -1698.470    -1715.493       17.022   329.2
8.4000        -1697.107    -1714.061       16.954   327.9
8.6000        -1698.810    -1714.318       15.508   299.9
8.8000        -1698.783    -1714.617       15.834   306.2
9.0000        -1698.714    -1715.151       16.437   317.9
9.2000        -1698.598    -1714.866       16.269   314.6
9.4000        -1698.806    -1714.947       16.141   312.2
9.6000        -1698.582    -1714.660       16.078   311.0
9.8000        -1699.893    -1715.349       15.455   298.9
10.0000       -1699.503    -1715.350       15.847   306.5
10.2000       -1699.007    -1714.709       15.703   303.7
10.4000       -1700.276    -1716.243       15.967   308.8
10.6000       -1700.429    -1715.141       14.712   284.5
10.8000       -1699.525    -1714.639       15.114   292.3
11.0000       -1699.429    -1714.801       15.373   297.3
11.2000       -1699.181    -1714.765       15.584   301.4
11.4000       -1698.487    -1715.325       16.838   325.7
11.6000       -1698.120    -1714.036       15.916   307.8
11.8000       -1698.462    -1714.874       16.412   317.4
12.0000       -1698.616    -1714.702       16.086   311.1
12.2000       -1700.121    -1715.824       15.703   303.7
12.4000       -1700.020    -1716.124       16.104   311.5
12.6000       -1699.414    -1714.427       15.012   290.4
12.8000       -1700.057    -1714.713       14.656   283.5
13.0000       -1700.254    -1715.516       15.262   295.2
13.2000       -1699.265    -1714.628       15.362   297.1
13.4000       -1699.604    -1713.964       14.359   277.7
13.6000       -1699.928    -1715.758       15.830   306.2
13.8000       -1698.660    -1713.864       15.204   294.1
14.0000       -1697.849    -1714.900       17.050   329.8
14.2000       -1697.974    -1714.164       16.191   313.1
14.4000       -1699.665    -1716.355       16.690   322.8
14.6000       -1698.555    -1714.938       16.383   316.9
14.8000       -1698.455    -1714.480       16.025   309.9
15.0000       -1697.977    -1714.821       16.844   325.8
15.2000       -1698.226    -1714.055       15.830   306.2
15.4000       -1698.301    -1715.400       17.099   330.7
15.6000       -1699.307    -1715.007       15.699   303.6
15.8000       -1698.376    -1714.748       16.372   316.6
16.0000       -1698.411    -1714.844       16.433   317.8
16.2000       -1698.140    -1714.488       16.347   316.2
16.4000       -1698.567    -1715.420       16.853   326.0
16.6000       -1699.255    -1716.284       17.029   329.4
16.8000       -1700.328    -1715.127       14.798   286.2
17.0000       -1700.051    -1715.984       15.932   308.1
17.2000       -1698.929    -1714.330       15.401   297.9
17.4000       -1698.138    -1714.119       15.982   309.1
17.6000       -1698.238    -1714.623       16.385   316.9
17.8000       -1698.091    -1714.333       16.242   314.1
18.0000       -1698.189    -1714.839       16.650   322.0
18.2000       -1696.915    -1714.274       17.359   335.7
18.4000       -1697.826    -1714.473       16.648   322.0
18.6000       -1698.050    -1714.281       16.231   313.9
18.8000       -1699.294    -1715.256       15.963   308.7
19.0000       -1699.685    -1715.526       15.840   306.4
19.2000       -1699.488    -1715.225       15.737   304.4
19.4000       -1698.545    -1713.872       15.327   296.4
19.6000       -1698.802    -1714.596       15.794   305.5
19.8000       -1698.309    -1713.907       15.598   301.7
20.0000       -1697.906    -1714.296       16.390   317.0
20.2000       -1698.977    -1715.043       16.066   310.7
20.4000       -1698.748    -1714.351       15.602   301.8
20.6000       -1697.414    -1714.402       16.989   328.6
20.8000       -1698.741    -1714.900       16.159   312.5
21.0000       -1699.476    -1715.636       16.160   312.5
21.2000       -1698.688    -1714.984       16.296   315.2
21.4000       -1699.360    -1715.193       15.833   306.2
21.6000       -1698.997    -1714.368       15.371   297.3
21.8000       -1699.633    -1715.108       15.475   299.3
22.0000       -1699.203    -1714.496       15.293   295.8
22.2000       -1699.267    -1715.968       16.701   323.0
22.4000       -1699.447    -1714.774       15.327   296.4
22.6000       -1699.627    -1715.525       15.898   307.5
22.8000       -1697.675    -1714.589       16.914   327.1
23.0000       -1698.683    -1714.653       15.970   308.9
23.2000       -1699.522    -1714.908       15.386   297.6
23.4000       -1698.517    -1714.163       15.646   302.6
23.6000       -1699.927    -1716.112       16.185   313.0
23.8000       -1699.570    -1714.835       15.265   295.2
24.0000       -1698.595    -1714.674       16.079   311.0
24.2000       -1699.399    -1714.969       15.570   301.1
24.4000       -1699.707    -1715.563       15.855   306.7
24.6000       -1698.443    -1714.405       15.962   308.7
24.8000       -1697.849    -1714.928       17.079   330.3
25.0000       -1698.654    -1714.456       15.802   305.6
25.2000       -1698.403    -1714.404       16.001   309.5
25.4000       -1697.702    -1714.060       16.358   316.4
25.6000       -1698.438    -1714.463       16.025   309.9
25.8000       -1699.035    -1715.431       16.396   317.1
26.0000       -1699.212    -1714.999       15.787   305.3
26.2000       -1698.543    -1713.990       15.446   298.7
26.4000       -1698.390    -1714.431       16.041   310.2
26.6000       -1700.482    -1716.047       15.564   301.0
26.8000       -1699.550    -1715.761       16.211   313.5
27.0000       -1701.134    -1715.953       14.819   286.6
27.2000       -1700.445    -1715.627       15.183   293.6
27.4000       -1699.297    -1715.180       15.883   307.2
27.6000       -1698.286    -1714.432       16.147   312.3
27.8000       -1697.238    -1713.357       16.120   311.8
28.0000       -1699.248    -1714.775       15.528   300.3
28.2000       -1699.496    -1714.744       15.248   294.9
28.4000       -1698.231    -1715.100       16.870   326.3
28.6000       -1698.582    -1714.878       16.296   315.2
28.8000       -1697.514    -1714.008       16.494   319.0
29.0000       -1698.888    -1715.011       16.123   311.8
29.2000       -1698.072    -1714.823       16.752   324.0
29.4000       -1699.483    -1715.042       15.559   300.9
29.6000       -1697.513    -1713.970       16.457   318.3
29.8000       -1698.334    -1715.169       16.835   325.6
30.0000       -1698.581    -1714.859       16.278   314.8
30.2000       -1698.677    -1714.676       15.999   309.4
30.4000       -1699.449    -1714.733       15.285   295.6
30.6000       -1698.906    -1714.789       15.883   307.2
30.8000       -1697.936    -1714.468       16.532   319.7
31.0000       -1698.381    -1715.027       16.646   321.9
31.2000       -1698.786    -1714.800       16.014   309.7
31.4000       -1698.684    -1714.686       16.002   309.5
31.6000       -1699.899    -1715.035       15.136   292.7
31.8000       -1700.333    -1716.014       15.681   303.3
32.0000       -1698.974    -1714.610       15.636   302.4
32.2000       -1700.494    -1715.843       15.349   296.9
32.4000       -1699.367    -1715.244       15.877   307.1
32.6000       -1699.158    -1715.023       15.865   306.8
32.8000       -1699.808    -1715.469       15.661   302.9
33.0000       -1699.514    -1715.388       15.873   307.0
33.2000       -1700.028    -1716.241       16.214   313.6
33.4000       -1699.108    -1715.475       16.367   316.5
33.6000       -1700.501    -1715.445       14.944   289.0
33.8000       -1700.260    -1714.925       14.665   283.6
34.0000       -1699.920    -1715.641       15.721   304.1
34.2000       -1698.985    -1714.208       15.223   294.4
34.4000       -1698.714    -1714.510       15.796   305.5
34.6000       -1699.667    -1714.412       14.745   285.2
34.8000       -1698.510    -1715.160       16.651   322.0
35.0000       -1699.012    -1715.206       16.194   313.2
35.2000       -1699.284    -1715.134       15.850   306.6
35.4000       -1698.820    -1714.589       15.769   305.0
35.6000       -1698.869    -1714.892       16.023   309.9
35.8000       -1698.363    -1714.898       16.536   319.8
36.0000       -1698.820    -1715.564       16.744   323.9
36.2000       -1698.950    -1714.551       15.601   301.7
36.4000       -1699.025    -1714.286       15.260   295.2
36.6000       -1698.349    -1714.360       16.011   309.7
36.8000       -1698.517    -1715.152       16.635   321.7
37.0000       -1699.646    -1715.711       16.065   310.7
37.2000       -1700.116    -1716.080       15.964   308.8
37.4000       -1699.547    -1715.585       16.038   310.2
37.6000       -1698.979    -1715.446       16.467   318.5
37.8000       -1699.817    -1715.453       15.636   302.4
38.0000       -1700.900    -1715.958       15.058   291.2
38.2000       -1699.714    -1715.588       15.874   307.0
38.4000       -1698.480    -1713.965       15.485   299.5
38.6000       -1699.155    -1714.943       15.788   305.3
38.8000       -1698.779    -1715.115       16.337   316.0
39.0000       -1699.895    -1715.167       15.272   295.4
39.2000       -1699.014    -1714.647       15.633   302.4
39.4000       -1698.748    -1715.357       16.609   321.2
39.6000       -1698.694    -1715.396       16.702   323.0
39.8000       -1698.726    -1714.946       16.221   313.7
40.0000       -1698.505    -1714.194       15.690   303.5
40.2000       -1699.527    -1715.054       15.527   300.3
40.4000       -1699.618    -1715.310       15.691   303.5
40.6000       -1699.417    -1715.189       15.773   305.1
40.8000       -1699.419    -1714.578       15.159   293.2
41.0000       -1699.558    -1714.638       15.080   291.7
41.2000       -1700.766    -1715.836       15.070   291.5
41.4000       -1700.406    -1715.374       14.968   289.5
41.6000       -1701.448    -1716.030       14.582   282.0
41.8000       -1700.767    -1715.758       14.991   289.9
42.0000       -1700.346    -1715.600       15.254   295.0
42.2000       -1700.194    -1715.657       15.463   299.1
42.4000       -1699.575    -1715.426       15.851   306.6
42.6000       -1700.336    -1716.161       15.825   306.1
42.8000       -1699.972    -1715.086       15.114   292.3
43.0000       -1700.405    -1715.142       14.737   285.0
43.2000       -1700.219    -1715.339       15.120   292.4
43.4000       -1698.999    -1715.664       16.664   322.3
43.6000       -1699.342    -1714.878       15.537   300.5
43.8000       -1699.566    -1714.477       14.911   288.4
44.0000       -1699.156    -1715.268       16.112   311.6
44.2000       -1700.244    -1715.253       15.009   290.3
44.4000       -1699.662    -1714.995       15.333   296.5
44.6000       -1699.281    -1715.026       15.744   304.5
44.8000       -1698.775    -1715.134       16.359   316.4
45.0000       -1699.503    -1715.712       16.210   313.5
45.2000       -1699.247    -1715.436       16.189   313.1
45.4000       -1700.357    -1715.303       14.946   289.1
45.6000       -1698.880    -1714.440       15.561   301.0
45.8000       -1698.701    -1715.621       16.920   327.3
46.0000       -1700.557    -1715.877       15.319   296.3
46.2000       -1700.237    -1715.183       14.946   289.1
46.4000       -1698.999    -1713.849       14.849   287.2
46.6000       -1699.774    -1715.019       15.245   294.8
46.8000       -1699.245    -1715.786       16.541   319.9
47.0000       -1698.509    -1713.889       15.379   297.5
47.2000       -1699.157    -1715.307       16.150   312.4
47.4000       -1697.903    -1714.360       16.457   318.3
47.6000       -1699.220    -1716.139       16.919   327.2
47.8000       -1700.536    -1715.968       15.431   298.5
48.0000       -1698.716    -1715.297       16.581   320.7
48.2000       -1697.775    -1713.910       16.135   312.1
48.4000       -1699.668    -1716.070       16.402   317.2
48.6000       -1698.191    -1714.807       16.616   321.4
48.8000       -1697.826    -1713.894       16.068   310.8
49.0000       -1699.457    -1715.448       15.990   309.3
49.2000       -1699.171    -1716.298       17.127   331.2
49.4000       -1698.637    -1714.330       15.693   303.5
49.6000       -1698.131    -1715.126       16.995   328.7
49.8000       -1697.494    -1713.630       16.136   312.1
50.0000       -1698.171    -1714.383       16.211   313.5
50.2000       -1697.508    -1714.629       17.121   331.1
50.4000       -1698.081    -1714.859       16.778   324.5
50.6000       -1700.500    -1715.735       15.236   294.7
50.8000       -1699.878    -1716.237       16.359   316.4
51.0000       -1698.885    -1714.599       15.714   303.9
51.2000       -1698.850    -1715.347       16.497   319.1
51.4000       -1700.679    -1716.254       15.575   301.2
51.6000       -1700.245    -1715.794       15.549   300.7
51.8000       -1700.511    -1715.522       15.011   290.3
52.0000       -1701.169    -1716.663       15.493   299.7
52.2000       -1700.320    -1715.610       15.290   295.7
52.4000       -1699.148    -1715.800       16.652   322.1
52.6000       -1699.092    -1714.526       15.434   298.5
52.8000       -1698.646    -1714.596       15.950   308.5
53.0000       -1698.972    -1715.647       16.675   322.5
53.2000       -1698.419    -1714.575       16.155   312.5
53.4000       -1699.533    -1715.526       15.993   309.3
53.6000       -1699.584    -1715.961       16.377   316.7
53.8000       -1699.212    -1715.462       16.250   314.3
54.0000       -1698.027    -1715.377       17.350   335.6
54.2000       -1697.177    -1714.733       17.556   339.5
54.4000       -1697.742    -1713.375       15.633   302.4
54.6000       -1698.404    -1715.072       16.668   322.4
54.8000       -1698.065    -1714.752       16.687   322.7
55.0000       -1697.523    -1713.687       16.164   312.6
55.2000       -1698.417    -1714.362       15.945   308.4
55.4000       -1697.883    -1714.332       16.450   318.1
55.6000       -1699.276    -1715.799       16.522   319.6
55.8000       -1699.217    -1715.745       16.527   319.7
56.0000       -1699.426    -1715.114       15.688   303.4
56.2000       -1698.792    -1714.421       15.628   302.3
56.4000       -1700.247    -1714.091       13.844   267.7
56.6000       -1700.528    -1715.918       15.389   297.6
56.8000       -1699.251    -1714.645       15.395   297.7
57.0000       -1698.883    -1715.631       16.748   323.9
57.2000       -1698.762    -1715.310       16.548   320.1
57.4000       -1696.803    -1713.175       16.372   316.6
57.6000       -1697.965    -1714.359       16.395   317.1
57.8000       -1698.230    -1715.197       16.967   328.2
58.0000       -1698.808    -1714.765       15.958   308.6
58.2000       -1698.316    -1714.956       16.640   321.8
58.4000       -1699.042    -1714.978       15.936   308.2
58.6000       -1700.296    -1715.778       15.482   299.4
58.8000       -1699.853    -1715.904       16.051   310.4
59.0000       -1699.813    -1716.306       16.493   319.0
59.2000       -1699.821    -1715.664       15.843   306.4
59.4000       -1700.049    -1715.832       15.784   305.3
59.6000       -1700.380    -1715.330       14.950   289.2
59.8000       -1700.861    -1715.800       14.939   288.9
60.0000       -1700.134    -1715.572       15.438   298.6
60.2000       -1699.985    -1715.733       15.748   304.6
60.4000       -1701.417    -1716.519       15.103   292.1
60.6000       -1700.969    -1716.723       15.754   304.7
60.8000       -1699.489    -1715.814       16.325   315.7
61.0000       -1699.484    -1715.512       16.028   310.0
61.2000       -1699.676    -1715.491       15.815   305.9
61.4000       -1700.074    -1715.355       15.281   295.5
61.6000       -1700.727    -1716.107       15.379   297.5
61.8000       -1699.432    -1715.919       16.487   318.9
62.0000       -1699.107    -1715.767       16.660   322.2
62.2000       -1700.306    -1715.225       14.919   288.5
62.4000       -1699.415    -1715.248       15.833   306.2
62.6000       -1698.651    -1714.439       15.788   305.4
62.8000       -1699.097    -1716.861       17.764   343.6
63.0000       -1698.960    -1714.927       15.966   308.8
63.2000       -1699.754    -1715.931       16.177   312.9
63.4000       -1699.514    -1714.592       15.078   291.6
63.6000       -1700.473    -1715.579       15.106   292.2
63.8000       -1701.007    -1716.686       15.679   303.2
64.0000       -1700.306    -1715.714       15.408   298.0
64.2000       -1700.680    -1715.976       15.296   295.8
64.4000       -1699.652    -1715.460       15.808   305.7
64.6000       -1699.108    -1716.267       17.159   331.9
64.8000       -1698.698    -1714.629       15.931   308.1
65.0000       -1697.762    -1715.102       17.339   335.4
65.2000       -1696.941    -1713.765       16.823   325.4
65.4000       -1697.182    -1713.432       16.250   314.3
65.6000       -1697.587    -1714.203       16.616   321.4
65.8000       -1698.068    -1713.422       15.354   297.0
66.0000       -1698.317    -1714.213       15.896   307.4
66.2000       -1700.578    -1715.915       15.337   296.6
66.4000       -1699.601    -1714.720       15.119   292.4
66.6000       -1699.681    -1715.240       15.559   300.9
66.8000       -1699.339    -1715.381       16.042   310.3
67.0000       -1699.757    -1715.504       15.747   304.6
67.2000       -1700.566    -1715.886       15.320   296.3
67.4000       -1700.402    -1715.747       15.345   296.8
67.6000       -1700.329    -1716.128       15.799   305.6
67.8000       -1699.782    -1715.750       15.968   308.8
68.0000       -1699.682    -1716.109       16.427   317.7
68.2000       -1700.081    -1716.045       15.964   308.7
68.4000       -1700.333    -1715.280       14.947   289.1
68.6000       -1700.276    -1715.315       15.039   290.9
68.8000       -1700.134    -1715.838       15.704   303.7
69.0000       -1700.486    -1715.776       15.290   295.7
69.2000       -1701.425    -1716.364       14.939   288.9
69.4000       -1701.525    -1716.120       14.594   282.3
69.6000       -1701.000    -1715.895       14.895   288.1
69.8000       -1700.486    -1716.148       15.662   302.9
70.0000       -1700.695    -1716.611       15.916   307.8
70.2000       -1699.539    -1715.577       16.038   310.2
70.4000       -1698.735    -1714.725       15.989   309.2
70.6000       -1698.042    -1714.661       16.619   321.4
70.8000       -1698.927    -1715.895       16.968   328.2
71.0000       -1699.997    -1715.958       15.961   308.7
71.2000       -1699.518    -1715.146       15.628   302.3
71.4000       -1699.924    -1716.031       16.106   311.5
71.6000       -1699.555    -1715.071       15.516   300.1
71.8000       -1698.701    -1714.737       16.037   310.2
72.0000       -1698.341    -1714.864       16.523   319.6
72.2000       -1698.954    -1715.580       16.626   321.6
72.4000       -1698.201    -1714.916       16.715   323.3
72.6000       -1699.756    -1714.870       15.114   292.3
72.8000       -1699.168    -1714.464       15.296   295.8
73.0000       -1698.535    -1714.275       15.740   304.4
73.2000       -1698.740    -1715.058       16.318   315.6
73.4000       -1697.916    -1714.905       16.989   328.6
73.6000       -1698.283    -1714.749       16.466   318.5
73.8000       -1699.208    -1715.432       16.224   313.8
74.0000       -1700.336    -1715.832       15.495   299.7
74.2000       -1698.237    -1716.040       17.802   344.3
74.4000       -1697.683    -1714.909       17.226   333.2
74.6000       -1697.936    -1714.503       16.567   320.4
74.8000       -1697.950    -1715.161       17.210   332.9
75.0000       -1698.097    -1713.987       15.890   307.3
75.2000       -1696.245    -1713.939       17.693   342.2
75.4000       -1696.519    -1714.603       18.084   349.8
75.6000       -1697.910    -1715.203       17.292   334.5
75.8000       -1697.463    -1714.266       16.803   325.0
76.0000       -1697.786    -1714.707       16.920   327.3
76.2000       -1698.802    -1715.687       16.885   326.6
76.4000       -1698.987    -1715.625       16.638   321.8
76.6000       -1699.378    -1714.459       15.081   291.7
76.8000       -1698.319    -1714.975       16.656   322.1
77.0000       -1698.006    -1713.842       15.835   306.3
77.2000       -1698.240    -1715.894       17.654   341.4
77.4000       -1698.916    -1714.303       15.387   297.6
77.6000       -1699.891    -1715.173       15.282   295.6
77.8000       -1699.700    -1716.231       16.531   319.7
78.0000       -1699.421    -1715.114       15.692   303.5
78.2000       -1698.598    -1714.709       16.112   311.6
78.4000       -1699.411    -1715.180       15.769   305.0
78.6000       -1699.457    -1716.147       16.690   322.8
78.8000       -1700.294    -1715.708       15.414   298.1
79.0000       -1699.588    -1715.359       15.771   305.0
79.2000       -1700.383    -1715.771       15.389   297.6
79.4000       -1700.683    -1715.906       15.223   294.4
79.6000       -1700.684    -1716.070       15.385   297.6
79.8000       -1700.839    -1716.860       16.022   309.9
80.0000       -1700.680    -1716.113       15.433   298.5
80.2000       -1699.395    -1715.144       15.749   304.6
80.4000       -1699.349    -1714.430       15.081   291.7
80.6000       -1699.302    -1715.161       15.860   306.7
80.8000       -1699.201    -1715.540       16.339   316.0
81.0000       -1700.189    -1716.228       16.039   310.2
81.2000       -1700.071    -1715.354       15.284   295.6
81.4000       -1700.198    -1715.684       15.486   299.5
81.6000       -1700.593    -1715.853       15.260   295.1
81.8000       -1699.525    -1715.695       16.170   312.7
82.0000       -1698.291    -1713.979       15.688   303.4
82.2000       -1698.259    -1714.827       16.568   320.4
82.4000       -1699.040    -1715.771       16.732   323.6
82.6000       -1699.192    -1715.133       15.940   308.3
82.8000       -1698.721    -1714.593       15.872   307.0
83.0000       -1698.566    -1714.308       15.742   304.5
83.2000       -1698.463    -1715.206       16.744   323.8
83.4000       -1699.102    -1715.021       15.919   307.9
83.6000       -1698.607    -1715.019       16.412   317.4
83.8000       -1699.854    -1715.970       16.116   311.7
84.0000       -1700.280    -1716.001       15.721   304.1
84.2000       -1700.812    -1715.561       14.749   285.3
84.4000       -1700.613    -1716.036       15.424   298.3
84.6000       -1698.642    -1715.612       16.970   328.2
84.8000       -1698.878    -1714.582       15.703   303.7
85.0000       -1698.185    -1714.995       16.810   325.1
85.2000       -1699.316    -1714.757       15.441   298.7
85.4000       -1699.536    -1714.949       15.413   298.1
85.6000       -1699.656    -1714.675       15.019   290.5
85.8000       -1699.777    -1715.844       16.067   310.7
86.0000       -1699.022    -1714.987       15.965   308.8
86.2000       -1699.417    -1715.353       15.936   308.2
86.4000       -1699.712    -1714.870       15.158   293.2
86.6000       -1699.702    -1715.495       15.793   305.4
86.8000       -1699.534    -1716.539       17.005   328.9
87.0000       -1699.590    -1715.570       15.979   309.1
87.2000       -1700.215    -1716.134       15.920   307.9
87.4000       -1698.550    -1715.567       17.017   329.1
87.6000       -1698.973    -1715.331       16.357   316.4
87.8000       -1698.263    -1715.013       16.749   323.9
88.0000       -1699.286    -1715.450       16.164   312.6
88.2000       -1699.751    -1715.364       15.613   302.0
88.4000       -1698.460    -1715.154       16.694   322.9
88.6000       -1698.160    -1715.630       17.470   337.9
88.8000       -1699.931    -1716.733       16.802   325.0
89.0000       -1698.905    -1714.507       15.602   301.8
89.2000       -1699.537    -1715.112       15.575   301.2
89.4000       -1699.544    -1715.668       16.124   311.8
89.6000       -1699.136    -1714.891       15.755   304.7
89.8000       -1699.305    -1715.070       15.765   304.9
90.0000       -1698.931    -1714.754       15.823   306.0
90.2000       -1698.834    -1715.382       16.549   320.1
90.4000       -1700.041    -1715.008       14.967   289.5
90.6000       -1699.206    -1716.196       16.990   328.6
90.8000       -1699.143    -1714.433       15.290   295.7
91.0000       -1699.526    -1714.580       15.054   291.1
91.2000       -1699.410    -1715.428       16.018   309.8
91.4000       -1698.986    -1715.038       16.052   310.5
91.6000       -1699.552    -1714.672       15.120   292.4
91.8000       -1698.648    -1714.970       16.322   315.7
92.0000       -1697.955    -1714.420       16.465   318.5
92.2000       -1698.630    -1715.462       16.832   325.5
92.4000       -1697.839    -1714.540       16.701   323.0
92.6000       -1698.781    -1714.693       15.912   307.8
92.8000       -1697.965    -1713.792       15.827   306.1
93.0000       -1700.004    -1715.943       15.939   308.3
93.2000       -1700.436    -1716.524       16.088   311.2
93.4000       -1698.258    -1714.982       16.723   323.4
93.6000       -1699.193    -1715.548       16.355   316.3
93.8000       -1699.592    -1716.510       16.918   327.2
94.0000       -1698.698    -1715.794       17.096   330.7
94.2000       -1698.204    -1714.859       16.655   322.1
94.4000       -1698.614    -1715.246       16.632   321.7
94.6000       -1698.490    -1715.112       16.623   321.5
94.8000       -1699.771    -1715.877       16.106   311.5
95.0000       -1698.330    -1714.926       16.596   321.0
95.2000       -1697.031    -1714.496       17.465   337.8
95.4000       -1697.500    -1714.907       17.407   336.7
95.6000       -1699.192    -1715.596       16.404   317.3
95.8000       -1698.695    -1715.292       16.598   321.0
96.0000       -1698.698    -1715.402       16.704   323.1
96.2000       -1699.564    -1714.965       15.401   297.9
96.4000       -1700.937    -1716.352       15.415   298.1
96.6000       -1700.038    -1716.139       16.101   311.4
96.8000       -1700.079    -1715.547       15.467   299.2
97.0000       -1701.194    -1716.100       14.906   288.3
97.2000       -1700.451    -1715.569       15.117   292.4
97.4000       -1699.483    -1716.390       16.907   327.0
97.6000       -1698.646    -1714.301       15.655   302.8
97.8000       -1697.922    -1714.654       16.732   323.6
98.0000       -1696.739    -1714.516       17.776   343.8
98.2000       -1697.899    -1714.380       16.481   318.8
98.4000       -1697.611    -1715.818       18.207   352.1
98.6000       -1699.348    -1715.083       15.735   304.3
98.8000       -1699.296    -1715.393       16.097   311.3
99.0000       -1700.801    -1715.833       15.032   290.7
99.2000       -1700.803    -1715.968       15.166   293.3
99.4000       -1699.801    -1715.397       15.596   301.6
99.6000       -1699.466    -1715.258       15.792   305.4
99.8000       -1700.190    -1715.927       15.736   304.4
100.0000      -1700.393    -1715.401       15.007   290.3
100.2000      -1700.214    -1715.969       15.755   304.7
100.4000      -1699.783    -1715.516       15.733   304.3
100.6000      -1698.019    -1714.684       16.665   322.3
100.8000      -1699.646    -1714.585       14.939   288.9
101.0000      -1699.116    -1715.657       16.542   319.9
101.2000      -1700.255    -1716.278       16.023   309.9
101.4000      -1699.186    -1715.207       16.021   309.9
101.6000      -1698.523    -1714.727       16.203   313.4
101.8000      -1698.935    -1714.452       15.516   300.1
102.0000      -1699.052    -1715.543       16.491   318.9
102.2000      -1697.858    -1713.684       15.826   306.1
102.4000      -1697.739    -1714.125       16.386   316.9
102.6000      -1698.708    -1715.105       16.397   317.1
102.8000      -1700.335    -1715.220       14.885   287.9
103.0000      -1699.567    -1715.016       15.449   298.8
103.2000      -1699.024    -1715.000       15.975   309.0
103.4000      -1699.243    -1715.123       15.879   307.1
103.6000      -1699.351    -1714.728       15.376   297.4
103.8000      -1697.822    -1714.687       16.865   326.2
104.0000      -1698.683    -1714.790       16.107   311.5
104.2000      -1697.707    -1714.136       16.430   317.8
104.4000      -1698.284    -1714.259       15.975   309.0
104.6000      -1698.281    -1714.626       16.345   316.1
104.8000      -1698.578    -1714.848       16.270   314.7
105.0000      -1698.906    -1715.604       16.697   322.9
105.2000      -1700.233    -1716.016       15.783   305.2
105.4000      -1701.351    -1716.825       15.474   299.3
105.6000      -1700.986    -1716.089       15.103   292.1
105.8000      -1701.353    -1715.677       14.324   277.0
106.0000      -1700.295    -1715.147       14.852   287.2
106.2000      -1699.524    -1715.124       15.600   301.7
106.4000      -1699.192    -1715.514       16.322   315.7
106.6000      -1698.184    -1714.972       16.789   324.7
106.8000      -1698.528    -1715.238       16.710   323.2
107.0000      -1699.957    -1715.413       15.456   298.9
107.2000      -1699.042    -1715.263       16.221   313.7
107.4000      -1698.679    -1715.446       16.767   324.3
107.6000      -1699.616    -1715.353       15.737   304.4
107.8000      -1700.618    -1715.796       15.179   293.6
108.0000      -1701.541    -1717.160       15.619   302.1
108.2000      -1700.647    -1716.047       15.400   297.9
108.4000      -1701.043    -1715.382       14.339   277.3
108.6000      -1700.771    -1715.920       15.149   293.0
108.8000      -1699.035    -1714.526       15.490   299.6
109.0000      -1700.467    -1715.813       15.346   296.8
109.2000      -1700.771    -1715.905       15.134   292.7
109.4000      -1702.106    -1715.776       13.670   264.4
109.6000      -1701.597    -1716.340       14.743   285.2
109.8000      -1700.708    -1715.756       15.048   291.0
110.0000      -1701.119    -1715.697       14.578   282.0
110.2000      -1699.920    -1715.691       15.770   305.0
110.4000      -1700.526    -1715.526       15.000   290.1
110.6000      -1701.214    -1716.121       14.907   288.3
110.8000      -1700.619    -1716.181       15.561   301.0
111.0000      -1700.403    -1715.992       15.589   301.5
111.2000      -1700.238    -1715.543       15.305   296.0
111.4000      -1700.657    -1716.315       15.659   302.9
111.6000      -1701.609    -1715.659       14.050   271.7
111.8000      -1700.614    -1715.549       14.935   288.9
112.0000      -1700.407    -1715.963       15.556   300.9
112.2000      -1699.211    -1716.234       17.022   329.2
112.4000      -1699.642    -1715.453       15.811   305.8
112.6000      -1697.837    -1714.277       16.440   318.0
112.8000      -1698.181    -1714.713       16.532   319.7
113.0000      -1698.834    -1714.639       15.805   305.7
113.2000      -1700.294    -1714.949       14.655   283.4
113.4000      -1698.832    -1715.589       16.757   324.1
113.6000      -1698.876    -1715.386       16.510   319.3
113.8000      -1699.803    -1714.907       15.104   292.1
114.0000      -1698.705    -1714.660       15.956   308.6
114.2000      -1698.898    -1714.838       15.939   308.3
114.4000      -1700.267    -1716.332       16.065   310.7
114.6000      -1699.666    -1715.462       15.796   305.5
114.8000      -1700.200    -1715.009       14.809   286.4
115.0000      -1700.810    -1716.016       15.206   294.1
115.2000      -1699.651    -1715.255       15.603   301.8
115.4000      -1699.236    -1715.317       16.081   311.0
115.6000      -1699.536    -1716.019       16.483   318.8
115.8000      -1699.824    -1714.795       14.971   289.6
116.0000      -1700.469    -1715.049       14.580   282.0
116.2000      -1700.613    -1716.026       15.413   298.1
116.4000      -1700.889    -1716.277       15.388   297.6
116.6000      -1701.675    -1716.755       15.081   291.7
116.8000      -1699.645    -1714.649       15.004   290.2
117.0000      -1699.167    -1714.776       15.609   301.9
117.2000      -1700.005    -1716.135       16.129   312.0
117.4000      -1700.146    -1715.062       14.915   288.5
117.6000      -1698.706    -1715.087       16.380   316.8
117.8000      -1700.408    -1716.115       15.707   303.8
118.0000      -1701.033    -1715.568       14.536   281.1
118.2000      -1700.110    -1716.129       16.019   309.8
118.4000      -1700.547    -1715.767       15.220   294.4
118.6000      -1700.598    -1715.813       15.216   294.3
118.8000      -1697.443    -1714.403       16.960   328.0
119.0000      -1696.846    -1713.611       16.765   324.2
119.2000      -1699.001    -1714.915       15.913   307.8
119.4000      -1698.166    -1714.332       16.166   312.7
119.6000      -1699.672    -1715.452       15.780   305.2
119.8000      -1700.253    -1715.663       15.410   298.1
120.0000      -1700.163    -1716.019       15.855   306.7
120.2000      -1700.840    -1716.594       15.755   304.7
120.4000      -1701.572    -1716.060       14.488   280.2
120.6000      -1700.557    -1715.562       15.005   290.2
120.8000      -1700.250    -1715.450       15.200   294.0
121.0000      -1701.396    -1717.101       15.705   303.8
121.2000      -1700.041    -1715.913       15.872   307.0
121.4000      -1698.484    -1714.105       15.621   302.1
121.6000      -1698.988    -1716.067       17.079   330.3
121.8000      -1699.827    -1715.527       15.699   303.6
122.0000      -1698.005    -1713.643       15.638   302.5
122.2000      -1699.448    -1716.176       16.727   323.5
122.4000      -1699.867    -1715.409       15.542   300.6
122.6000      -1699.295    -1714.972       15.677   303.2
122.8000      -1699.732    -1715.494       15.762   304.8
123.0000      -1700.811    -1716.427       15.616   302.0
123.2000      -1700.233    -1715.759       15.526   300.3
123.4000      -1699.640    -1714.915       15.276   295.4
123.6000      -1699.254    -1715.443       16.189   313.1
123.8000      -1699.878    -1715.818       15.940   308.3
124.0000      -1699.515    -1715.835       16.320   315.7
124.2000      -1699.123    -1714.638       15.514   300.1
124.4000      -1699.278    -1714.711       15.433   298.5
124.6000      -1698.591    -1715.630       17.039   329.6
124.8000      -1698.374    -1714.354       15.981   309.1
125.0000      -1699.256    -1714.619       15.363   297.1
125.2000      -1699.397    -1715.307       15.910   307.7
125.4000      -1700.160    -1715.472       15.312   296.1
125.6000      -1700.156    -1715.433       15.277   295.5
125.8000      -1700.699    -1715.431       14.732   284.9
126.0000      -1700.857    -1715.764       14.907   288.3
126.2000      -1700.449    -1715.827       15.377   297.4
126.4000      -1700.858    -1716.253       15.395   297.8
126.6000      -1700.694    -1715.514       14.820   286.6
126.8000      -1698.970    -1715.731       16.761   324.2
127.0000      -1699.379    -1715.894       16.515   319.4
127.2000      -1698.131    -1714.895       16.764   324.2
127.4000      -1699.212    -1715.762       16.550   320.1
127.6000      -1699.115    -1715.033       15.918   307.9
127.8000      -1699.632    -1715.659       16.026   310.0
128.0000      -1698.688    -1714.666       15.978   309.0
128.2000      -1699.158    -1714.615       15.457   299.0
128.4000      -1699.927    -1716.057       16.130   312.0
128.6000      -1700.426    -1716.499       16.073   310.9
128.8000      -1699.278    -1715.434       16.157   312.5
129.0000      -1698.974    -1715.440       16.466   318.5
129.2000      -1699.672    -1715.098       15.427   298.4
129.4000      -1698.186    -1715.723       17.537   339.2
129.6000      -1698.697    -1715.273       16.576   320.6
129.8000      -1697.902    -1714.702       16.799   324.9
130.0000      -1698.323    -1714.137       15.814   305.8
130.2000      -1700.742    -1715.848       15.106   292.2
130.4000      -1701.122    -1716.336       15.214   294.3
130.6000      -1699.132    -1715.571       16.439   317.9
130.8000      -1700.003    -1715.322       15.319   296.3
131.0000      -1699.485    -1715.255       15.770   305.0
131.2000      -1698.100    -1715.044       16.943   327.7
131.4000      -1699.167    -1715.590       16.422   317.6
131.6000      -1697.849    -1715.564       17.715   342.6
131.8000      -1697.808    -1714.377       16.569   320.5
132.0000      -1699.775    -1715.013       15.238   294.7
132.2000      -1699.272    -1715.788       16.516   319.4
132.4000      -1699.138    -1715.211       16.073   310.9
132.6000      -1698.928    -1715.274       16.346   316.1
132.8000      -1698.959    -1715.035       16.076   310.9
133.0000      -1697.291    -1713.899       16.608   321.2
133.2000      -1698.295    -1714.548       16.253   314.4
133.4000      -1698.876    -1715.252       16.376   316.7
133.6000      -1698.565    -1714.997       16.432   317.8
133.8000      -1698.624    -1715.027       16.403   317.2
134.0000      -1698.624    -1715.355       16.731   323.6
134.2000      -1698.649    -1715.371       16.722   323.4
134.4000      -1697.639    -1714.598       16.959   328.0
134.6000      -1698.824    -1714.335       15.512   300.0
134.8000      -1699.314    -1716.106       16.792   324.8
135.0000      -1699.582    -1715.384       15.802   305.6
135.2000      -1699.817    -1715.600       15.782   305.2
135.4000      -1698.985    -1715.441       16.456   318.3
135.6000      -1700.526    -1715.643       15.118   292.4
135.8000      -1699.500    -1716.339       16.838   325.7
136.0000      -1699.063    -1715.194       16.131   312.0
136.2000      -1698.964    -1715.465       16.502   319.2
136.4000      -1699.978    -1714.985       15.007   290.3
136.6000      -1699.304    -1715.456       16.152   312.4
136.8000      -1699.212    -1716.181       16.969   328.2
137.0000      -1699.589    -1715.071       15.483   299.4
137.2000      -1699.935    -1715.512       15.577   301.3
137.4000      -1700.097    -1716.045       15.948   308.4
137.6000      -1699.346    -1714.842       15.496   299.7
137.8000      -1700.367    -1716.180       15.814   305.8
138.0000      -1699.685    -1715.431       15.746   304.5
138.2000      -1697.312    -1714.756       17.444   337.4
138.4000      -1697.410    -1714.059       16.649   322.0
138.6000      -1698.441    -1714.842       16.401   317.2
138.8000      -1698.298    -1714.348       16.051   310.4
139.0000      -1697.869    -1714.254       16.386   316.9
139.2000      -1698.981    -1715.105       16.124   311.9
139.4000      -1699.351    -1715.611       16.261   314.5
139.6000      -1699.468    -1715.690       16.223   313.8
139.8000      -1699.390    -1715.291       15.901   307.5
140.0000      -1699.500    -1716.704       17.204   332.7
140.2000      -1699.249    -1714.431       15.182   293.6
140.4000      -1697.876    -1713.375       15.498   299.7
140.6000      -1697.148    -1714.420       17.272   334.0
140.8000      -1697.686    -1714.473       16.788   324.7
141.0000      -1700.116    -1716.207       16.091   311.2
141.2000      -1699.965    -1715.931       15.966   308.8
141.4000      -1699.537    -1714.471       14.934   288.8
141.6000      -1700.703    -1715.597       14.894   288.1
141.8000      -1700.686    -1716.186       15.500   299.8
142.0000      -1700.567    -1716.370       15.803   305.6
142.2000      -1699.895    -1714.953       15.058   291.2
142.4000      -1700.402    -1715.916       15.514   300.1
142.6000      -1699.288    -1715.082       15.794   305.5
142.8000      -1699.076    -1714.155       15.079   291.6
143.0000      -1699.404    -1715.440       16.035   310.1
143.2000      -1700.275    -1715.554       15.279   295.5
143.4000      -1700.349    -1715.810       15.460   299.0
143.6000      -1700.671    -1715.941       15.270   295.3
143.8000      -1701.044    -1716.009       14.966   289.4
144.0000      -1698.816    -1714.524       15.708   303.8
144.2000      -1698.828    -1714.609       15.781   305.2
144.4000      -1699.070    -1715.083       16.013   309.7
144.6000      -1700.031    -1715.229       15.198   293.9
144.8000      -1699.137    -1715.586       16.448   318.1
145.0000      -1700.310    -1715.947       15.637   302.4
145.2000      -1699.426    -1714.867       15.441   298.6
145.4000      -1699.394    -1715.543       16.149   312.3
145.6000      -1699.424    -1714.353       14.929   288.7
145.8000      -1699.367    -1715.034       15.667   303.0
146.0000      -1698.353    -1714.479       16.127   311.9
146.2000      -1698.587    -1715.312       16.725   323.5
146.4000      -1698.786    -1714.751       15.964   308.8
146.6000      -1698.824    -1715.097       16.272   314.7
146.8000      -1699.176    -1715.129       15.953   308.5
147.0000      -1699.106    -1715.612       16.506   319.2
147.2000      -1698.507    -1714.842       16.335   315.9
147.4000      -1698.591    -1714.172       15.581   301.4
147.6000      -1699.295    -1715.777       16.482   318.8
147.8000      -1699.913    -1716.434       16.521   319.5
148.0000      -1700.045    -1715.385       15.340   296.7
148.2000      -1699.673    -1714.829       15.156   293.1
148.4000      -1699.541    -1715.428       15.887   307.3
148.6000      -1698.948    -1714.308       15.360   297.1
148.8000      -1699.896    -1716.058       16.163   312.6
149.0000      -1699.731    -1715.631       15.899   307.5
149.2000      -1699.773    -1715.507       15.734   304.3
149.4000      -1699.298    -1715.789       16.491   319.0
149.6000      -1699.629    -1715.193       15.563   301.0
149.8000      -1699.338    -1715.099       15.761   304.8
150.0000      -1700.039    -1715.905       15.866   306.9
150.2000      -1699.455    -1716.399       16.944   327.7
150.4000      -1699.426    -1714.603       15.177   293.5
150.6000      -1698.803    -1715.223       16.420   317.6
150.8000      -1700.336    -1715.538       15.201   294.0
151.0000      -1700.334    -1715.155       14.821   286.7
151.2000      -1699.517    -1715.387       15.870   306.9
151.4000      -1699.522    -1715.604       16.082   311.0
151.6000      -1698.998    -1714.429       15.431   298.4
151.8000      -1699.967    -1715.105       15.138   292.8
152.0000      -1699.493    -1715.547       16.055   310.5
152.2000      -1698.564    -1714.406       15.842   306.4
152.4000      -1699.092    -1715.045       15.954   308.6
152.6000      -1698.130    -1713.811       15.681   303.3
152.8000      -1698.395    -1715.324       16.929   327.4
153.0000      -1698.840    -1714.608       15.769   305.0
153.2000      -1699.084    -1715.804       16.720   323.4
153.4000      -1699.045    -1716.137       17.092   330.6
153.6000      -1699.120    -1715.937       16.817   325.3
153.8000      -1698.258    -1714.194       15.936   308.2
154.0000      -1698.496    -1713.747       15.251   295.0
154.2000      -1700.037    -1715.539       15.502   299.8
154.4000      -1700.765    -1716.780       16.015   309.7
154.6000      -1700.164    -1716.118       15.954   308.6
154.8000      -1700.425    -1716.104       15.679   303.3
155.0000      -1699.479    -1715.223       15.744   304.5
155.2000      -1700.260    -1715.992       15.731   304.3
155.4000      -1700.805    -1716.094       15.289   295.7
155.6000      -1700.106    -1714.839       14.734   285.0
155.8000      -1699.143    -1715.019       15.876   307.1
156.0000      -1698.874    -1715.003       16.129   311.9
156.2000      -1700.356    -1716.531       16.174   312.8
156.4000      -1700.168    -1715.472       15.304   296.0
156.6000      -1698.681    -1714.302       15.621   302.1
156.8000      -1699.715    -1715.648       15.933   308.2
157.0000      -1700.618    -1715.350       14.731   284.9
157.2000      -1699.402    -1715.789       16.387   316.9
157.4000      -1698.828    -1715.146       16.317   315.6
157.6000      -1697.264    -1714.797       17.533   339.1
157.8000      -1697.636    -1713.752       16.116   311.7
158.0000      -1699.142    -1714.752       15.609   301.9
158.2000      -1698.046    -1715.306       17.260   333.8
158.4000      -1698.494    -1715.100       16.606   321.2
158.6000      -1699.729    -1715.879       16.150   312.4
158.8000      -1699.809    -1714.943       15.134   292.7
159.0000      -1699.231    -1714.960       15.729   304.2
159.2000      -1698.921    -1714.310       15.389   297.6
159.4000      -1699.107    -1715.341       16.234   314.0
159.6000      -1698.953    -1714.749       15.796   305.5
159.8000      -1697.098    -1714.108       17.010   329.0
160.0000      -1697.516    -1714.642       17.126   331.2
160.2000      -1697.889    -1714.225       16.336   316.0
160.4000      -1697.907    -1714.970       17.064   330.0
160.6000      -1698.206    -1714.889       16.683   322.7
160.8000      -1699.268    -1714.832       15.564   301.0
161.0000      -1698.196    -1714.509       16.313   315.5
161.2000      -1698.483    -1714.019       15.536   300.5
161.4000      -1698.254    -1715.979       17.725   342.8
161.6000      -1699.801    -1716.593       16.793   324.8
161.8000      -1699.305    -1715.710       16.405   317.3
162.0000      -1699.537    -1715.641       16.104   311.5
162.2000      -1699.195    -1715.190       15.995   309.4
162.4000      -1699.298    -1715.173       15.875   307.0
162.6000      -1700.551    -1716.889       16.339   316.0
162.8000      -1699.941    -1715.679       15.738   304.4
163.0000      -1699.184    -1715.129       15.945   308.4
163.2000      -1699.197    -1715.174       15.977   309.0
163.4000      -1699.873    -1714.315       14.442   279.3
163.6000      -1699.771    -1715.007       15.236   294.7
163.8000      -1700.698    -1715.923       15.225   294.5
164.0000      -1701.454    -1716.890       15.436   298.5
164.2000      -1702.418    -1716.750       14.332   277.2
164.4000      -1702.534    -1716.756       14.222   275.1
164.6000      -1702.225    -1716.154       13.930   269.4
164.8000      -1701.573    -1716.625       15.052   291.1
165.0000      -1700.033    -1715.096       15.064   291.3
165.2000      -1700.180    -1716.012       15.832   306.2
165.4000      -1699.855    -1715.354       15.499   299.8
165.6000      -1700.138    -1715.399       15.261   295.2
165.8000      -1699.025    -1715.332       16.307   315.4
166.0000      -1700.096    -1715.601       15.505   299.9
166.2000      -1698.413    -1715.695       17.282   334.3
166.4000      -1698.823    -1714.896       16.073   310.9
166.6000      -1698.837    -1714.774       15.937   308.2
166.8000      -1699.530    -1715.655       16.125   311.9
167.0000      -1700.290    -1716.238       15.948   308.4
167.2000      -1698.186    -1714.177       15.991   309.3
167.4000      -1699.065    -1715.419       16.354   316.3
167.6000      -1698.514    -1715.266       16.752   324.0
167.8000      -1697.999    -1714.298       16.299   315.2
168.0000      -1698.765    -1714.266       15.501   299.8
168.2000      -1699.366    -1715.286       15.919   307.9
168.4000      -1699.940    -1714.662       14.722   284.7
168.6000      -1698.636    -1715.782       17.145   331.6
168.8000      -1698.802    -1715.508       16.706   323.1
169.0000      -1699.958    -1716.306       16.348   316.2
169.2000      -1699.353    -1714.744       15.391   297.7
169.4000      -1698.593    -1714.402       15.809   305.8
169.6000      -1699.427    -1715.660       16.233   314.0
169.8000      -1699.059    -1714.592       15.533   300.4
170.0000      -1699.455    -1715.101       15.646   302.6
170.2000      -1699.331    -1715.256       15.926   308.0
170.4000      -1699.670    -1715.428       15.758   304.8
170.6000      -1699.647    -1715.527       15.881   307.1
170.8000      -1698.919    -1715.158       16.239   314.1
171.0000      -1698.507    -1714.998       16.491   318.9
171.2000      -1698.250    -1713.377       15.127   292.6
171.4000      -1697.430    -1714.527       17.097   330.7
171.6000      -1697.841    -1714.004       16.163   312.6
171.8000      -1697.068    -1714.222       17.154   331.8
172.0000      -1696.784    -1714.391       17.607   340.5
172.2000      -1698.178    -1714.489       16.311   315.5
172.4000      -1698.448    -1715.753       17.305   334.7
172.6000      -1698.187    -1715.885       17.698   342.3
172.8000      -1696.428    -1713.018       16.590   320.9
173.0000      -1695.992    -1713.443       17.451   337.5
173.2000      -1697.525    -1714.513       16.988   328.6
173.4000      -1698.480    -1715.290       16.810   325.1
173.6000      -1698.687    -1714.918       16.230   313.9
173.8000      -1698.660    -1714.765       16.105   311.5
174.0000      -1699.214    -1715.364       16.150   312.4
174.2000      -1699.079    -1715.763       16.684   322.7
174.4000      -1699.920    -1715.454       15.533   300.4
174.6000      -1699.985    -1716.663       16.678   322.6
174.8000      -1699.777    -1715.540       15.763   304.9
175.0000      -1700.288    -1715.983       15.695   303.6
175.2000      -1700.579    -1715.485       14.906   288.3
175.4000      -1698.644    -1714.404       15.760   304.8
175.6000      -1697.564    -1715.203       17.640   341.2
175.8000      -1698.538    -1714.628       16.090   311.2
176.0000      -1699.423    -1716.129       16.706   323.1
176.2000      -1699.236    -1715.774       16.538   319.9
176.4000      -1699.401    -1715.422       16.021   309.9
176.6000      -1698.245    -1715.339       17.093   330.6
176.8000      -1697.269    -1714.406       17.138   331.5
177.0000      -1699.510    -1715.407       15.897   307.5
177.2000      -1699.244    -1715.705       16.461   318.4
177.4000      -1698.733    -1714.626       15.893   307.4
177.6000      -1698.221    -1714.744       16.523   319.6
177.8000      -1697.835    -1714.208       16.374   316.7
178.0000      -1697.792    -1714.264       16.471   318.6
178.2000      -1697.454    -1714.135       16.681   322.6
178.4000      -1696.975    -1712.516       15.540   300.6
178.6000      -1699.288    -1715.630       16.343   316.1
178.8000      -1700.099    -1715.895       15.796   305.5
179.0000      -1700.071    -1716.460       16.389   317.0
179.2000      -1702.239    -1717.170       14.931   288.8
179.4000      -1701.376    -1716.706       15.330   296.5
179.6000      -1701.399    -1716.160       14.761   285.5
179.8000      -1699.854    -1715.223       15.368   297.2
180.0000      -1697.904    -1713.511       15.607   301.9
180.2000      -1699.414    -1715.125       15.711   303.9
180.4000      -1699.353    -1714.573       15.219   294.4
180.6000      -1699.025    -1714.987       15.963   308.7
180.8000      -1699.189    -1715.712       16.523   319.6
181.0000      -1698.936    -1714.546       15.610   301.9
181.2000      -1699.442    -1714.320       14.879   287.8
181.4000      -1698.322    -1713.715       15.393   297.7
181.6000      -1698.350    -1714.515       16.165   312.6
181.8000      -1698.787    -1715.029       16.242   314.1
182.0000      -1697.591    -1714.248       16.657   322.2
182.2000      -1697.819    -1715.023       17.204   332.7
182.4000      -1698.583    -1716.041       17.458   337.7
182.6000      -1700.238    -1715.768       15.530   300.4
182.8000      -1699.242    -1714.982       15.740   304.4
183.0000      -1699.241    -1716.267       17.026   329.3
183.2000      -1699.673    -1715.521       15.848   306.5
183.4000      -1698.137    -1715.432       17.295   334.5
183.6000      -1697.655    -1713.637       15.981   309.1
183.8000      -1696.678    -1713.899       17.220   333.1
184.0000      -1697.751    -1714.511       16.760   324.2
184.2000      -1698.108    -1713.528       15.420   298.2
184.4000      -1699.831    -1715.435       15.604   301.8
184.6000      -1699.726    -1715.575       15.849   306.5
184.8000      -1699.522    -1715.418       15.896   307.5
185.0000      -1698.202    -1714.033       15.831   306.2
185.2000      -1698.845    -1715.138       16.294   315.1
185.4000      -1698.543    -1714.340       15.798   305.5
185.6000      -1698.863    -1715.215       16.352   316.3
185.8000      -1698.956    -1714.661       15.705   303.7
186.0000      -1700.037    -1716.450       16.413   317.4
186.2000      -1699.826    -1716.326       16.500   319.1
186.4000      -1699.758    -1715.760       16.002   309.5
186.6000      -1698.904    -1715.941       17.037   329.5
186.8000      -1698.505    -1714.865       16.360   316.4
187.0000      -1698.467    -1714.721       16.254   314.4
187.2000      -1698.442    -1715.451       17.009   329.0
187.4000      -1699.742    -1715.203       15.461   299.0
187.6000      -1700.345    -1715.594       15.249   294.9
187.8000      -1700.351    -1715.831       15.480   299.4
188.0000      -1699.667    -1714.982       15.315   296.2
188.2000      -1699.189    -1714.609       15.421   298.2
188.4000      -1699.924    -1716.419       16.495   319.0
188.6000      -1700.030    -1715.448       15.418   298.2
188.8000      -1700.395    -1715.422       15.026   290.6
189.0000      -1699.994    -1716.225       16.231   313.9
189.2000      -1700.244    -1715.739       15.494   299.7
189.4000      -1700.416    -1716.064       15.648   302.6
189.6000      -1699.557    -1714.982       15.424   298.3
189.8000      -1699.272    -1714.406       15.133   292.7
190.0000      -1698.316    -1714.336       16.020   309.8
190.2000      -1697.467    -1714.542       17.075   330.2
190.4000      -1697.958    -1713.760       15.802   305.6
190.6000      -1699.750    -1715.714       15.963   308.7
190.8000      -1700.161    -1716.375       16.214   313.6
191.0000      -1698.400    -1715.223       16.822   325.4
191.2000      -1697.780    -1713.942       16.162   312.6
191.4000      -1698.625    -1715.026       16.401   317.2
191.6000      -1698.959    -1715.022       16.063   310.7
191.8000      -1698.955    -1714.374       15.419   298.2
192.0000      -1700.119    -1715.779       15.660   302.9
192.2000      -1698.809    -1714.397       15.588   301.5
192.4000      -1699.222    -1715.536       16.314   315.5
192.6000      -1699.622    -1715.755       16.133   312.0
192.8000      -1699.051    -1715.458       16.407   317.3
193.0000      -1697.482    -1714.313       16.831   325.5
193.2000      -1697.296    -1713.495       16.199   313.3
193.4000      -1698.598    -1714.782       16.184   313.0
193.6000      -1698.744    -1714.359       15.615   302.0
193.8000      -1699.229    -1714.639       15.410   298.0
194.0000      -1699.562    -1716.236       16.674   322.5
194.2000      -1700.296    -1716.077       15.781   305.2
194.4000      -1700.902    -1717.014       16.112   311.6
194.6000      -1698.976    -1715.218       16.242   314.1
194.8000      -1699.024    -1714.980       15.957   308.6
195.0000      -1699.190    -1715.271       16.081   311.0
195.2000      -1698.740    -1714.831       16.091   311.2
195.4000      -1700.461    -1715.643       15.183   293.6
195.6000      -1700.084    -1716.000       15.916   307.8
195.8000      -1699.114    -1714.639       15.526   300.3
196.0000      -1700.563    -1716.856       16.294   315.1
196.2000      -1700.322    -1715.783       15.461   299.0
196.4000      -1699.449    -1715.699       16.250   314.3
196.6000      -1698.651    -1714.717       16.065   310.7
196.8000      -1698.696    -1715.403       16.707   323.1
197.0000      -1698.586    -1716.043       17.457   337.6
197.2000      -1699.015    -1714.994       15.979   309.0
197.4000      -1699.011    -1715.086       16.074   310.9
197.6000      -1699.876    -1715.099       15.223   294.4
197.8000      -1699.979    -1715.808       15.829   306.1
198.0000      -1699.459    -1715.031       15.572   301.2
198.2000      -1699.144    -1714.421       15.277   295.5
198.4000      -1698.284    -1715.198       16.914   327.1
198.6000      -1699.599    -1715.239       15.641   302.5
198.8000      -1699.823    -1715.125       15.303   296.0
199.0000      -1699.487    -1715.275       15.788   305.3
199.2000      -1698.390    -1715.922       17.532   339.1
199.4000      -1698.252    -1715.051       16.799   324.9
199.6000      -1699.725    -1715.243       15.518   300.1
199.8000      -1699.771    -1715.831       16.060   310.6
200.0000      -1699.149    -1714.485       15.337   296.6
