Time[ps]      Etot[eV]     Epot[eV]     Ekin[eV]    T[K]
0.0000        -1687.960    -1708.770       20.810   402.5
0.2000        -1688.926    -1709.507       20.581   398.1
0.4000        -1688.132    -1709.512       21.380   413.5
0.6000        -1686.274    -1709.084       22.810   441.2
0.8000        -1687.774    -1707.821       20.048   387.7
1.0000        -1686.402    -1708.895       22.493   435.0
1.2000        -1686.034    -1708.788       22.754   440.1
1.4000        -1687.853    -1709.533       21.680   419.3
1.6000        -1688.812    -1709.853       21.040   406.9
1.8000        -1687.919    -1708.594       20.675   399.9
2.0000        -1689.173    -1710.440       21.267   411.3
2.2000        -1689.155    -1708.926       19.771   382.4
2.4000        -1688.809    -1708.890       20.081   388.4
2.6000        -1688.237    -1709.890       21.653   418.8
2.8000        -1688.079    -1708.958       20.879   403.8
3.0000        -1688.922    -1710.896       21.974   425.0
3.2000        -1686.743    -1707.753       21.010   406.4
3.4000        -1688.330    -1708.998       20.668   399.7
3.6000        -1688.738    -1708.199       19.461   376.4
3.8000        -1687.204    -1708.071       20.868   403.6
4.0000        -1686.733    -1709.025       22.292   431.2
4.2000        -1685.857    -1708.512       22.655   438.2
4.4000        -1687.400    -1708.925       21.525   416.3
4.6000        -1687.014    -1708.682       21.668   419.1
4.8000        -1687.419    -1709.123       21.704   419.8
5.0000        -1687.789    -1708.614       20.825   402.8
5.2000        -1687.850    -1709.469       21.619   418.1
5.4000        -1688.831    -1708.787       19.956   386.0
5.6000        -1687.626    -1709.024       21.398   413.9
5.8000        -1687.192    -1708.904       21.713   419.9
6.0000        -1685.774    -1707.200       21.426   414.4
6.2000        -1686.509    -1707.845       21.335   412.6
6.4000        -1687.848    -1709.205       21.357   413.1
6.6000        -1687.504    -1708.131       20.627   398.9
6.8000        -1686.334    -1708.701       22.368   432.6
7.0000        -1686.354    -1708.308       21.954   424.6
7.2000        -1686.899    -1708.703       21.804   421.7
7.4000        -1687.589    -1707.637       20.049   387.8
7.6000        -1685.493    -1706.641       21.148   409.0
7.8000        -1686.772    -1707.306       20.535   397.2
8.0000        -1685.659    -1706.368       20.709   400.5
8.2000        -1685.806    -1707.877       22.070   426.9
8.4000        -1685.508    -1708.084       22.577   436.6
8.6000        -1686.744    -1707.769       21.025   406.6
8.8000        -1685.731    -1707.860       22.129   428.0
9.0000        -1685.156    -1708.302       23.146   447.7
9.2000        -1684.826    -1709.463       24.637   476.5
9.4000        -1685.419    -1709.464       24.045   465.0
9.6000        -1688.195    -1709.756       21.561   417.0
9.8000        -1688.242    -1709.545       21.303   412.0
10.0000       -1687.891    -1709.928       22.036   426.2
10.2000       -1685.582    -1707.316       21.734   420.4
10.4000       -1689.225    -1709.843       20.618   398.8
10.6000       -1688.264    -1708.563       20.299   392.6
10.8000       -1688.787    -1710.474       21.687   419.4
11.0000       -1687.154    -1708.201       21.047   407.1
11.2000       -1685.917    -1708.873       22.955   444.0
11.4000       -1686.702    -1707.512       20.810   402.5
11.6000       -1687.812    -1707.478       19.666   380.4
11.8000       -1688.842    -1708.432       19.590   378.9
12.0000       -1687.592    -1708.620       21.028   406.7
12.2000       -1685.987    -1706.827       20.840   403.1
12.4000       -1688.913    -1708.919       20.007   386.9
12.6000       -1688.377    -1709.238       20.860   403.5
12.8000       -1686.300    -1707.130       20.830   402.9
13.0000       -1686.190    -1706.491       20.301   392.6
13.2000       -1688.028    -1709.721       21.694   419.6
13.4000       -1686.585    -1708.733       22.147   428.3
13.6000       -1687.406    -1708.299       20.893   404.1
13.8000       -1687.565    -1709.329       21.764   420.9
14.0000       -1686.818    -1707.901       21.083   407.8
14.2000       -1686.041    -1707.489       21.448   414.8
14.4000       -1686.478    -1707.794       21.316   412.3
14.6000       -1685.556    -1708.035       22.479   434.8
14.8000       -1686.052    -1708.120       22.068   426.8
15.0000       -1687.400    -1708.225       20.825   402.8
15.2000       -1688.740    -1709.900       21.161   409.3
15.4000       -1685.884    -1708.004       22.120   427.8
15.6000       -1686.017    -1707.699       21.682   419.4
15.8000       -1685.060    -1707.432       22.372   432.7
16.0000       -1684.818    -1706.385       21.566   417.1
16.2000       -1685.685    -1707.758       22.073   426.9
16.4000       -1687.621    -1709.405       21.784   421.3
16.6000       -1686.836    -1708.403       21.568   417.1
16.8000       -1687.098    -1708.196       21.098   408.0
17.0000       -1687.680    -1709.052       21.371   413.3
17.2000       -1687.346    -1708.418       21.072   407.5
17.4000       -1688.339    -1707.576       19.237   372.1
17.6000       -1687.465    -1708.013       20.548   397.4
17.8000       -1685.705    -1707.973       22.268   430.7
18.0000       -1687.078    -1708.039       20.960   405.4
18.2000       -1688.801    -1709.322       20.520   396.9
18.4000       -1686.342    -1706.509       20.167   390.0
18.6000       -1685.470    -1707.694       22.224   429.8
18.8000       -1686.570    -1708.250       21.680   419.3
19.0000       -1686.219    -1708.175       21.956   424.7
19.2000       -1686.522    -1707.664       21.142   408.9
19.4000       -1687.690    -1708.995       21.304   412.0
19.6000       -1687.035    -1707.528       20.493   396.4
19.8000       -1685.778    -1707.031       21.253   411.1
20.0000       -1686.481    -1708.731       22.249   430.3
20.2000       -1685.986    -1708.918       22.933   443.5
20.4000       -1686.245    -1708.587       22.343   432.1
20.6000       -1685.822    -1707.196       21.374   413.4
20.8000       -1686.507    -1710.128       23.621   456.8
21.0000       -1685.744    -1708.240       22.496   435.1
21.2000       -1686.044    -1708.531       22.487   434.9
21.4000       -1688.126    -1709.134       21.008   406.3
21.6000       -1688.132    -1708.634       20.503   396.5
21.8000       -1686.648    -1709.059       22.410   433.4
22.0000       -1686.802    -1708.479       21.677   419.2
22.2000       -1687.563    -1710.877       23.314   450.9
22.4000       -1687.488    -1707.287       19.799   382.9
22.6000       -1689.028    -1709.864       20.836   403.0
22.8000       -1686.884    -1707.784       20.900   404.2
23.0000       -1686.605    -1708.365       21.760   420.9
23.2000       -1687.818    -1708.511       20.694   400.2
23.4000       -1686.998    -1708.975       21.976   425.0
23.6000       -1687.176    -1708.508       21.332   412.6
23.8000       -1685.957    -1708.477       22.520   435.6
24.0000       -1686.948    -1708.680       21.732   420.3
24.2000       -1688.499    -1708.975       20.477   396.0
24.4000       -1688.053    -1709.349       21.297   411.9
24.6000       -1686.780    -1709.164       22.385   432.9
24.8000       -1688.349    -1709.138       20.789   402.1
25.0000       -1689.105    -1710.810       21.706   419.8
25.2000       -1690.250    -1709.387       19.137   370.1
25.4000       -1689.393    -1709.860       20.467   395.9
25.6000       -1689.951    -1710.043       20.092   388.6
25.8000       -1689.890    -1711.270       21.380   413.5
26.0000       -1689.672    -1709.354       19.682   380.7
26.2000       -1687.181    -1709.677       22.496   435.1
26.4000       -1686.727    -1709.693       22.965   444.2
26.6000       -1687.148    -1708.824       21.675   419.2
26.8000       -1687.326    -1709.140       21.814   421.9
27.0000       -1686.902    -1707.922       21.020   406.6
27.2000       -1686.945    -1707.646       20.702   400.4
27.4000       -1687.596    -1708.730       21.134   408.7
27.6000       -1690.205    -1710.882       20.676   399.9
27.8000       -1688.029    -1708.849       20.820   402.7
28.0000       -1689.189    -1710.484       21.295   411.9
28.2000       -1687.376    -1709.090       21.714   420.0
28.4000       -1686.121    -1707.854       21.733   420.3
28.6000       -1686.024    -1708.792       22.768   440.4
28.8000       -1688.441    -1708.938       20.498   396.4
29.0000       -1687.849    -1709.205       21.357   413.1
29.2000       -1687.880    -1709.138       21.258   411.1
29.4000       -1688.512    -1708.767       20.255   391.8
29.6000       -1687.680    -1709.034       21.354   413.0
29.8000       -1687.345    -1709.745       22.401   433.2
30.0000       -1687.774    -1708.690       20.916   404.5
30.2000       -1688.184    -1709.469       21.285   411.7
30.4000       -1687.528    -1709.825       22.297   431.3
30.6000       -1687.102    -1709.000       21.897   423.5
30.8000       -1685.314    -1708.406       23.092   446.6
31.0000       -1687.750    -1708.825       21.075   407.6
31.2000       -1687.886    -1709.025       21.139   408.8
31.4000       -1688.418    -1710.009       21.591   417.6
31.6000       -1689.508    -1710.954       21.446   414.8
31.8000       -1689.016    -1709.565       20.548   397.4
32.0000       -1687.028    -1708.521       21.493   415.7
32.2000       -1686.411    -1707.975       21.564   417.1
32.4000       -1686.859    -1709.371       22.513   435.4
32.6000       -1686.336    -1708.144       21.808   421.8
32.8000       -1687.938    -1709.057       21.118   408.4
33.0000       -1689.411    -1710.478       21.068   407.5
33.2000       -1689.432    -1710.231       20.800   402.3
33.4000       -1688.977    -1709.140       20.162   390.0
33.6000       -1689.027    -1708.431       19.404   375.3
33.8000       -1687.731    -1708.574       20.843   403.1
34.0000       -1688.093    -1709.661       21.568   417.1
34.2000       -1685.203    -1707.868       22.665   438.4
34.4000       -1686.069    -1707.885       21.816   421.9
34.6000       -1685.365    -1707.970       22.605   437.2
34.8000       -1687.560    -1709.343       21.783   421.3
35.0000       -1686.843    -1707.658       20.816   402.6
35.2000       -1686.948    -1708.585       21.636   418.5
35.4000       -1686.493    -1708.773       22.281   430.9
35.6000       -1687.004    -1708.711       21.707   419.8
35.8000       -1688.131    -1709.741       21.610   417.9
36.0000       -1687.776    -1709.607       21.832   422.2
36.2000       -1688.129    -1709.811       21.683   419.4
36.4000       -1686.677    -1708.057       21.381   413.5
36.6000       -1687.540    -1709.242       21.702   419.7
36.8000       -1686.220    -1707.440       21.220   410.4
37.0000       -1685.146    -1706.999       21.852   422.6
37.2000       -1683.866    -1707.952       24.086   465.8
37.4000       -1684.559    -1706.063       21.504   415.9
37.6000       -1687.889    -1709.103       21.214   410.3
37.8000       -1687.878    -1709.453       21.574   417.3
38.0000       -1688.128    -1708.520       20.392   394.4
38.2000       -1689.544    -1708.705       19.161   370.6
38.4000       -1688.694    -1708.892       20.198   390.7
38.6000       -1688.586    -1709.385       20.799   402.3
38.8000       -1688.215    -1709.110       20.894   404.1
39.0000       -1689.339    -1709.473       20.134   389.4
39.2000       -1687.018    -1708.439       21.421   414.3
39.4000       -1687.040    -1708.057       21.017   406.5
39.6000       -1687.046    -1708.737       21.690   419.5
39.8000       -1687.372    -1708.103       20.732   401.0
40.0000       -1687.404    -1707.751       20.347   393.5
40.2000       -1687.327    -1708.280       20.952   405.2
40.4000       -1687.107    -1708.310       21.203   410.1
40.6000       -1689.789    -1709.690       19.901   384.9
40.8000       -1689.100    -1708.598       19.498   377.1
41.0000       -1687.681    -1707.308       19.627   379.6
41.2000       -1688.947    -1709.862       20.914   404.5
41.4000       -1688.334    -1708.583       20.250   391.7
41.6000       -1687.452    -1708.806       21.354   413.0
41.8000       -1687.147    -1708.124       20.978   405.7
42.0000       -1686.717    -1708.479       21.762   420.9
42.2000       -1688.752    -1708.825       20.073   388.2
42.4000       -1688.086    -1708.764       20.679   399.9
42.6000       -1686.694    -1708.165       21.470   415.3
42.8000       -1685.934    -1707.262       21.328   412.5
43.0000       -1685.995    -1707.674       21.679   419.3
43.2000       -1686.115    -1708.498       22.383   432.9
43.4000       -1686.806    -1706.521       19.716   381.3
43.6000       -1686.764    -1708.148       21.384   413.6
43.8000       -1687.476    -1709.319       21.842   422.5
44.0000       -1686.699    -1707.687       20.987   405.9
44.2000       -1685.382    -1706.201       20.819   402.7
44.4000       -1686.224    -1707.420       21.195   409.9
44.6000       -1684.780    -1708.458       23.678   457.9
44.8000       -1684.485    -1706.570       22.085   427.2
45.0000       -1684.537    -1707.703       23.166   448.0
45.2000       -1686.032    -1707.147       21.115   408.4
45.4000       -1687.678    -1709.010       21.331   412.6
45.6000       -1687.894    -1708.701       20.807   402.4
45.8000       -1686.177    -1708.842       22.665   438.4
46.0000       -1684.779    -1705.818       21.039   406.9
46.2000       -1686.368    -1706.800       20.432   395.2
46.4000       -1687.864    -1709.047       21.183   409.7
46.6000       -1687.796    -1708.272       20.476   396.0
46.8000       -1688.111    -1708.668       20.557   397.6
47.0000       -1688.644    -1709.474       20.830   402.9
47.2000       -1688.387    -1710.795       22.409   433.4
47.4000       -1687.600    -1709.415       21.816   421.9
47.6000       -1686.438    -1708.191       21.753   420.7
47.8000       -1684.935    -1706.554       21.619   418.1
48.0000       -1684.743    -1707.700       22.958   444.0
48.2000       -1685.179    -1707.326       22.147   428.3
48.4000       -1684.973    -1706.875       21.902   423.6
48.6000       -1686.284    -1707.921       21.637   418.5
48.8000       -1686.361    -1707.583       21.222   410.5
49.0000       -1687.620    -1709.896       22.276   430.8
49.2000       -1685.962    -1707.840       21.879   423.2
49.4000       -1686.262    -1707.854       21.592   417.6
49.6000       -1684.609    -1708.130       23.521   454.9
49.8000       -1687.346    -1708.741       21.395   413.8
50.0000       -1687.231    -1708.883       21.653   418.8
50.2000       -1687.036    -1707.667       20.631   399.0
50.4000       -1687.182    -1709.406       22.224   429.8
50.6000       -1686.746    -1708.053       21.307   412.1
50.8000       -1685.841    -1707.340       21.500   415.8
51.0000       -1686.024    -1708.222       22.198   429.3
51.2000       -1687.351    -1708.542       21.191   409.8
51.4000       -1686.246    -1707.832       21.586   417.5
51.6000       -1685.145    -1707.608       22.462   434.4
51.8000       -1685.658    -1709.461       23.803   460.4
52.0000       -1686.447    -1708.779       22.332   431.9
52.2000       -1686.825    -1707.371       20.547   397.4
52.4000       -1688.036    -1708.709       20.673   399.8
52.6000       -1686.374    -1708.024       21.650   418.7
52.8000       -1686.060    -1708.637       22.577   436.7
53.0000       -1686.150    -1707.295       21.144   408.9
53.2000       -1689.056    -1709.744       20.688   400.1
53.4000       -1688.338    -1709.185       20.847   403.2
53.6000       -1689.352    -1710.791       21.439   414.6
53.8000       -1688.382    -1708.964       20.582   398.1
54.0000       -1688.246    -1708.851       20.605   398.5
54.2000       -1687.237    -1707.838       20.601   398.4
54.4000       -1687.956    -1707.913       19.957   386.0
54.6000       -1687.993    -1708.574       20.580   398.0
54.8000       -1687.809    -1709.450       21.641   418.5
55.0000       -1685.736    -1707.488       21.752   420.7
55.2000       -1684.919    -1708.039       23.121   447.2
55.4000       -1686.557    -1709.123       22.566   436.4
55.6000       -1685.514    -1707.084       21.570   417.2
55.8000       -1686.402    -1708.889       22.487   434.9
56.0000       -1688.887    -1710.115       21.228   410.6
56.2000       -1688.688    -1710.052       21.364   413.2
56.4000       -1688.468    -1710.430       21.962   424.8
56.6000       -1690.082    -1711.574       21.493   415.7
56.8000       -1689.119    -1711.437       22.318   431.7
57.0000       -1687.378    -1707.825       20.446   395.5
57.2000       -1687.133    -1707.350       20.217   391.0
57.4000       -1687.183    -1707.811       20.627   398.9
57.6000       -1686.840    -1707.906       21.066   407.4
57.8000       -1688.089    -1708.980       20.890   404.0
58.0000       -1685.712    -1706.761       21.049   407.1
58.2000       -1685.526    -1707.113       21.587   417.5
58.4000       -1685.702    -1707.617       21.915   423.9
58.6000       -1687.026    -1708.933       21.907   423.7
58.8000       -1688.797    -1710.467       21.670   419.1
59.0000       -1687.679    -1709.170       21.491   415.7
59.2000       -1687.037    -1710.504       23.466   453.9
59.4000       -1687.420    -1709.091       21.671   419.1
59.6000       -1685.883    -1707.296       21.413   414.1
59.8000       -1686.209    -1708.280       22.070   426.9
60.0000       -1687.880    -1709.025       21.146   409.0
60.2000       -1685.781    -1706.924       21.144   408.9
60.4000       -1688.801    -1709.326       20.525   397.0
60.6000       -1689.544    -1709.560       20.016   387.1
60.8000       -1687.915    -1708.566       20.650   399.4
61.0000       -1687.619    -1708.871       21.252   411.0
61.2000       -1688.460    -1709.139       20.679   399.9
61.4000       -1687.165    -1708.462       21.297   411.9
61.6000       -1686.934    -1707.284       20.350   393.6
61.8000       -1688.167    -1709.309       21.142   408.9
62.0000       -1687.412    -1708.485       21.073   407.6
62.2000       -1688.560    -1708.910       20.350   393.6
62.4000       -1688.040    -1708.559       20.519   396.9
62.6000       -1687.298    -1708.978       21.680   419.3
62.8000       -1687.942    -1709.162       21.219   410.4
63.0000       -1687.557    -1709.206       21.649   418.7
63.2000       -1687.748    -1709.217       21.469   415.2
63.4000       -1688.352    -1709.256       20.904   404.3
63.6000       -1686.819    -1709.644       22.824   441.4
63.8000       -1684.742    -1707.436       22.694   438.9
64.0000       -1685.280    -1707.803       22.523   435.6
64.2000       -1685.823    -1708.693       22.869   442.3
64.4000       -1688.458    -1709.664       21.206   410.1
64.6000       -1689.125    -1710.768       21.643   418.6
64.8000       -1688.659    -1709.800       21.141   408.9
65.0000       -1688.903    -1710.035       21.132   408.7
65.2000       -1688.295    -1709.955       21.659   418.9
65.4000       -1687.448    -1708.549       21.101   408.1
65.6000       -1688.465    -1708.962       20.496   396.4
65.8000       -1686.990    -1709.547       22.557   436.3
66.0000       -1687.962    -1707.817       19.854   384.0
66.2000       -1689.038    -1709.878       20.840   403.1
66.4000       -1688.053    -1709.242       21.189   409.8
66.6000       -1688.237    -1709.167       20.931   404.8
66.8000       -1686.441    -1708.517       22.075   427.0
67.0000       -1687.355    -1709.085       21.730   420.3
67.2000       -1688.810    -1709.698       20.888   404.0
67.4000       -1688.177    -1709.230       21.054   407.2
67.6000       -1686.798    -1709.448       22.650   438.1
67.8000       -1687.190    -1709.948       22.758   440.2
68.0000       -1686.887    -1707.829       20.942   405.0
68.2000       -1685.118    -1707.712       22.594   437.0
68.4000       -1686.782    -1708.438       21.656   418.8
68.6000       -1687.530    -1709.843       22.312   431.5
68.8000       -1687.215    -1709.363       22.148   428.4
69.0000       -1687.744    -1710.537       22.793   440.8
69.2000       -1686.876    -1708.695       21.819   422.0
69.4000       -1687.148    -1708.161       21.013   406.4
69.6000       -1687.495    -1708.946       21.451   414.9
69.8000       -1688.195    -1709.000       20.805   402.4
70.0000       -1689.763    -1709.631       19.869   384.3
70.2000       -1689.670    -1709.617       19.947   385.8
70.4000       -1689.162    -1710.574       21.413   414.1
70.6000       -1687.513    -1709.263       21.749   420.6
70.8000       -1687.619    -1709.477       21.858   422.8
71.0000       -1688.669    -1707.943       19.273   372.8
71.2000       -1687.651    -1709.147       21.495   415.7
71.4000       -1686.585    -1708.908       22.323   431.7
71.6000       -1686.729    -1707.759       21.029   406.7
71.8000       -1687.690    -1709.319       21.629   418.3
72.0000       -1686.312    -1708.164       21.852   422.6
72.2000       -1687.686    -1707.653       19.967   386.2
72.4000       -1688.018    -1710.348       22.330   431.9
72.6000       -1688.754    -1711.017       22.264   430.6
72.8000       -1687.771    -1709.011       21.240   410.8
73.0000       -1687.321    -1709.240       21.920   423.9
73.2000       -1686.152    -1707.539       21.387   413.6
73.4000       -1685.656    -1707.997       22.341   432.1
73.6000       -1687.589    -1709.567       21.978   425.1
73.8000       -1686.062    -1707.925       21.863   422.8
74.0000       -1688.397    -1709.475       21.078   407.7
74.2000       -1687.120    -1707.656       20.536   397.2
74.4000       -1688.913    -1708.828       19.915   385.2
74.6000       -1689.438    -1710.548       21.110   408.3
74.8000       -1688.877    -1708.359       19.482   376.8
75.0000       -1685.423    -1708.343       22.920   443.3
75.2000       -1685.791    -1708.031       22.240   430.1
75.4000       -1686.522    -1708.716       22.194   429.3
75.6000       -1689.580    -1709.737       20.157   389.9
75.8000       -1688.902    -1709.322       20.420   394.9
76.0000       -1686.746    -1707.780       21.034   406.8
76.2000       -1687.288    -1707.810       20.522   396.9
76.4000       -1687.381    -1709.279       21.897   423.5
76.6000       -1686.838    -1709.659       22.821   441.4
76.8000       -1687.831    -1707.886       20.055   387.9
77.0000       -1687.620    -1707.992       20.372   394.0
77.2000       -1687.205    -1707.894       20.689   400.1
77.4000       -1686.753    -1707.469       20.716   400.7
77.6000       -1686.847    -1707.383       20.537   397.2
77.8000       -1686.328    -1708.005       21.677   419.3
78.0000       -1688.083    -1709.187       21.104   408.2
78.2000       -1688.025    -1708.739       20.715   400.6
78.4000       -1687.072    -1707.061       19.989   386.6
78.6000       -1688.082    -1708.975       20.893   404.1
78.8000       -1686.541    -1707.649       21.108   408.2
79.0000       -1685.880    -1707.531       21.652   418.8
79.2000       -1688.868    -1709.905       21.036   406.9
79.4000       -1687.181    -1707.267       20.086   388.5
79.6000       -1687.985    -1708.546       20.561   397.7
79.8000       -1687.885    -1707.783       19.898   384.8
80.0000       -1687.244    -1708.011       20.767   401.6
80.2000       -1686.514    -1708.603       22.089   427.2
80.4000       -1686.276    -1708.188       21.912   423.8
80.6000       -1685.871    -1708.492       22.621   437.5
80.8000       -1685.947    -1707.480       21.534   416.5
81.0000       -1686.570    -1708.483       21.912   423.8
81.2000       -1688.614    -1709.533       20.919   404.6
81.4000       -1688.798    -1709.327       20.529   397.0
81.6000       -1687.007    -1707.532       20.526   397.0
81.8000       -1684.488    -1707.038       22.550   436.1
82.0000       -1684.682    -1708.392       23.710   458.6
82.2000       -1686.901    -1708.494       21.593   417.6
82.4000       -1687.621    -1708.695       21.074   407.6
82.6000       -1686.006    -1707.649       21.644   418.6
82.8000       -1687.287    -1709.469       22.182   429.0
83.0000       -1685.231    -1707.236       22.004   425.6
83.2000       -1686.263    -1708.047       21.783   421.3
83.4000       -1686.893    -1707.843       20.950   405.2
83.6000       -1686.764    -1707.815       21.051   407.1
83.8000       -1687.102    -1709.576       22.473   434.7
84.0000       -1685.957    -1706.709       20.752   401.4
84.2000       -1687.045    -1708.791       21.746   420.6
84.4000       -1688.316    -1708.157       19.841   383.7
84.6000       -1687.630    -1708.179       20.549   397.4
84.8000       -1688.939    -1709.910       20.971   405.6
85.0000       -1687.173    -1710.375       23.203   448.8
85.2000       -1687.903    -1709.368       21.464   415.1
85.4000       -1688.610    -1709.777       21.167   409.4
85.6000       -1687.323    -1708.999       21.676   419.2
85.8000       -1687.742    -1709.644       21.902   423.6
86.0000       -1687.148    -1709.270       22.122   427.9
86.2000       -1689.274    -1709.627       20.353   393.6
86.4000       -1689.285    -1710.900       21.614   418.0
86.6000       -1688.986    -1708.804       19.818   383.3
86.8000       -1687.999    -1709.457       21.457   415.0
87.0000       -1687.556    -1710.454       22.898   442.9
87.2000       -1687.603    -1708.866       21.264   411.3
87.4000       -1689.963    -1709.540       19.577   378.6
87.6000       -1688.905    -1710.167       21.262   411.2
87.8000       -1689.033    -1708.739       19.706   381.1
88.0000       -1687.270    -1709.443       22.173   428.8
88.2000       -1688.064    -1708.603       20.539   397.2
88.4000       -1688.039    -1708.968       20.929   404.8
88.6000       -1687.903    -1709.207       21.304   412.0
88.8000       -1689.169    -1711.135       21.966   424.8
89.0000       -1688.098    -1708.535       20.437   395.3
89.2000       -1687.495    -1708.969       21.474   415.3
89.4000       -1689.135    -1709.864       20.730   400.9
89.6000       -1688.068    -1709.946       21.878   423.1
89.8000       -1688.724    -1710.087       21.363   413.2
90.0000       -1688.579    -1709.313       20.734   401.0
90.2000       -1687.747    -1708.883       21.137   408.8
90.4000       -1689.345    -1709.536       20.190   390.5
90.6000       -1689.410    -1710.016       20.607   398.5
90.8000       -1687.631    -1709.015       21.384   413.6
91.0000       -1688.184    -1710.081       21.896   423.5
91.2000       -1688.803    -1711.094       22.291   431.1
91.4000       -1687.774    -1709.385       21.611   418.0
91.6000       -1688.496    -1710.646       22.149   428.4
91.8000       -1688.746    -1709.226       20.480   396.1
92.0000       -1689.631    -1709.888       20.257   391.8
92.2000       -1689.681    -1708.767       19.086   369.1
92.4000       -1688.524    -1710.289       21.765   421.0
92.6000       -1686.470    -1708.709       22.239   430.1
92.8000       -1688.508    -1709.160       20.652   399.4
93.0000       -1687.596    -1708.270       20.674   399.9
93.2000       -1687.366    -1708.203       20.836   403.0
93.4000       -1687.024    -1709.336       22.312   431.5
93.6000       -1689.361    -1710.310       20.949   405.2
93.8000       -1685.715    -1708.475       22.760   440.2
94.0000       -1686.093    -1707.898       21.805   421.7
94.2000       -1688.690    -1709.964       21.274   411.5
94.4000       -1688.637    -1710.530       21.893   423.4
94.6000       -1687.412    -1708.513       21.101   408.1
94.8000       -1686.651    -1708.077       21.425   414.4
95.0000       -1684.405    -1708.146       23.741   459.2
95.2000       -1685.559    -1707.665       22.106   427.5
95.4000       -1684.628    -1707.744       23.116   447.1
95.6000       -1686.076    -1709.003       22.927   443.4
95.8000       -1685.500    -1706.799       21.299   411.9
96.0000       -1686.252    -1708.691       22.439   434.0
96.2000       -1686.716    -1707.658       20.942   405.0
96.4000       -1687.714    -1709.074       21.360   413.1
96.6000       -1688.676    -1709.132       20.457   395.7
96.8000       -1687.493    -1708.400       20.906   404.3
97.0000       -1687.729    -1708.143       20.414   394.8
97.2000       -1687.058    -1708.354       21.296   411.9
97.4000       -1687.440    -1708.489       21.049   407.1
97.6000       -1688.357    -1709.462       21.105   408.2
97.8000       -1686.995    -1708.746       21.752   420.7
98.0000       -1688.745    -1709.849       21.104   408.2
98.2000       -1687.993    -1709.636       21.644   418.6
98.4000       -1688.031    -1709.252       21.220   410.4
98.6000       -1687.147    -1709.372       22.226   429.9
98.8000       -1687.991    -1709.778       21.787   421.4
99.0000       -1687.236    -1708.673       21.437   414.6
99.2000       -1689.000    -1709.371       20.371   394.0
99.4000       -1687.279    -1708.352       21.072   407.6
99.6000       -1687.206    -1708.770       21.564   417.1
99.8000       -1685.983    -1708.182       22.200   429.4
100.0000      -1686.938    -1708.177       21.240   410.8
100.2000      -1686.394    -1708.232       21.838   422.4
100.4000      -1686.990    -1708.849       21.859   422.8
100.6000      -1688.278    -1709.949       21.671   419.1
100.8000      -1688.141    -1709.303       21.163   409.3
101.0000      -1687.511    -1709.115       21.605   417.9
101.2000      -1687.666    -1709.292       21.625   418.3
101.4000      -1688.482    -1708.081       19.600   379.1
101.6000      -1687.165    -1708.432       21.267   411.3
101.8000      -1688.547    -1708.800       20.253   391.7
102.0000      -1689.576    -1709.363       19.787   382.7
102.2000      -1687.595    -1709.590       21.995   425.4
102.4000      -1686.334    -1709.225       22.892   442.7
102.6000      -1686.331    -1708.750       22.419   433.6
102.8000      -1686.024    -1708.093       22.069   426.8
103.0000      -1686.587    -1709.048       22.461   434.4
103.2000      -1686.905    -1707.993       21.088   407.9
103.4000      -1686.667    -1707.755       21.089   407.9
103.6000      -1687.192    -1708.122       20.930   404.8
103.8000      -1687.033    -1709.760       22.727   439.6
104.0000      -1687.633    -1709.386       21.753   420.7
104.2000      -1685.399    -1708.677       23.278   450.2
104.4000      -1686.353    -1707.360       21.008   406.3
104.6000      -1687.406    -1710.297       22.891   442.7
104.8000      -1689.130    -1710.616       21.487   415.6
105.0000      -1688.080    -1708.898       20.818   402.6
105.2000      -1687.519    -1709.272       21.753   420.7
105.4000      -1688.017    -1708.077       20.060   388.0
105.6000      -1689.603    -1709.821       20.218   391.0
105.8000      -1688.607    -1708.195       19.588   378.9
106.0000      -1685.786    -1707.419       21.633   418.4
106.2000      -1685.578    -1706.984       21.406   414.0
106.4000      -1686.115    -1707.885       21.770   421.1
106.6000      -1688.090    -1709.592       21.502   415.9
106.8000      -1688.411    -1709.847       21.436   414.6
107.0000      -1687.158    -1709.185       22.027   426.0
107.2000      -1689.161    -1708.295       19.135   370.1
107.4000      -1689.115    -1709.218       20.103   388.8
107.6000      -1688.268    -1709.227       20.960   405.4
107.8000      -1687.630    -1709.126       21.496   415.7
108.0000      -1687.124    -1710.002       22.878   442.5
108.2000      -1687.647    -1708.792       21.145   409.0
108.4000      -1688.384    -1707.871       19.487   376.9
108.6000      -1688.286    -1708.419       20.133   389.4
108.8000      -1688.307    -1708.024       19.718   381.4
109.0000      -1687.845    -1710.067       22.222   429.8
109.2000      -1687.150    -1708.396       21.246   410.9
109.4000      -1687.261    -1708.907       21.646   418.7
109.6000      -1689.015    -1709.185       20.170   390.1
109.8000      -1689.035    -1710.026       20.992   406.0
110.0000      -1687.456    -1708.721       21.265   411.3
110.2000      -1687.576    -1709.946       22.371   432.7
110.4000      -1687.136    -1708.428       21.291   411.8
110.6000      -1686.150    -1708.369       22.219   429.7
110.8000      -1685.483    -1707.556       22.073   426.9
111.0000      -1685.191    -1707.857       22.666   438.4
111.2000      -1685.505    -1708.631       23.126   447.3
111.4000      -1687.280    -1708.661       21.380   413.5
111.6000      -1687.889    -1710.521       22.632   437.7
111.8000      -1686.584    -1707.116       20.532   397.1
112.0000      -1686.687    -1707.641       20.954   405.3
112.2000      -1687.152    -1708.859       21.707   419.8
112.4000      -1687.809    -1708.266       20.457   395.7
112.6000      -1688.541    -1710.437       21.896   423.5
112.8000      -1687.360    -1709.705       22.345   432.2
113.0000      -1686.832    -1707.189       20.357   393.7
113.2000      -1687.256    -1707.975       20.719   400.7
113.4000      -1688.865    -1709.378       20.513   396.7
113.6000      -1687.839    -1709.997       22.159   428.6
113.8000      -1686.528    -1708.513       21.985   425.2
114.0000      -1686.436    -1708.898       22.462   434.4
114.2000      -1686.930    -1708.084       21.154   409.1
114.4000      -1686.104    -1708.474       22.370   432.7
114.6000      -1687.424    -1708.844       21.420   414.3
114.8000      -1686.127    -1708.010       21.883   423.2
115.0000      -1686.527    -1708.363       21.835   422.3
115.2000      -1686.854    -1707.419       20.565   397.8
115.4000      -1688.002    -1708.317       20.315   392.9
115.6000      -1688.487    -1710.088       21.601   417.8
115.8000      -1688.534    -1710.502       21.968   424.9
116.0000      -1687.345    -1708.845       21.500   415.8
116.2000      -1687.980    -1708.851       20.871   403.7
116.4000      -1689.006    -1709.438       20.432   395.2
116.6000      -1689.007    -1709.405       20.398   394.5
116.8000      -1687.080    -1708.401       21.321   412.4
117.0000      -1687.198    -1707.421       20.223   391.1
117.2000      -1687.420    -1708.966       21.546   416.7
117.4000      -1686.578    -1708.623       22.045   426.4
117.6000      -1686.349    -1707.928       21.579   417.4
117.8000      -1687.062    -1709.437       22.375   432.8
118.0000      -1686.961    -1708.984       22.023   425.9
118.2000      -1687.472    -1709.009       21.537   416.5
118.4000      -1687.740    -1709.540       21.801   421.6
118.6000      -1687.761    -1709.886       22.125   427.9
118.8000      -1687.248    -1708.737       21.488   415.6
119.0000      -1686.155    -1707.965       21.810   421.8
119.2000      -1686.180    -1709.386       23.206   448.8
119.4000      -1685.143    -1707.670       22.527   435.7
119.6000      -1686.909    -1709.417       22.508   435.3
119.8000      -1687.212    -1708.760       21.549   416.8
120.0000      -1688.476    -1710.517       22.041   426.3
120.2000      -1687.314    -1707.464       20.150   389.7
120.4000      -1686.663    -1708.795       22.132   428.1
120.6000      -1688.350    -1710.521       22.171   428.8
120.8000      -1690.446    -1710.744       20.298   392.6
121.0000      -1688.151    -1709.000       20.850   403.2
121.2000      -1686.084    -1707.693       21.610   417.9
121.4000      -1684.738    -1706.337       21.599   417.7
121.6000      -1684.857    -1706.763       21.907   423.7
121.8000      -1685.162    -1707.965       22.803   441.0
122.0000      -1686.288    -1708.178       21.890   423.4
122.2000      -1687.180    -1708.317       21.137   408.8
122.4000      -1686.043    -1708.619       22.577   436.7
122.6000      -1684.630    -1706.799       22.170   428.8
122.8000      -1687.816    -1709.157       21.342   412.8
123.0000      -1689.217    -1709.863       20.646   399.3
123.2000      -1687.884    -1709.567       21.683   419.4
123.4000      -1686.779    -1708.268       21.489   415.6
123.6000      -1687.440    -1709.517       22.076   427.0
123.8000      -1686.555    -1708.376       21.821   422.0
124.0000      -1687.834    -1709.330       21.496   415.7
124.2000      -1687.351    -1709.267       21.916   423.9
124.4000      -1686.403    -1708.525       22.122   427.9
124.6000      -1686.190    -1710.409       24.219   468.4
124.8000      -1686.473    -1707.609       21.137   408.8
125.0000      -1685.639    -1707.691       22.052   426.5
125.2000      -1686.873    -1708.408       21.535   416.5
125.4000      -1687.223    -1708.533       21.310   412.2
125.6000      -1687.462    -1709.386       21.924   424.0
125.8000      -1685.371    -1708.009       22.638   437.8
126.0000      -1684.569    -1708.165       23.596   456.4
126.2000      -1686.162    -1707.494       21.332   412.6
126.4000      -1685.844    -1708.088       22.245   430.2
126.6000      -1687.424    -1708.584       21.160   409.2
126.8000      -1687.224    -1709.223       21.999   425.5
127.0000      -1687.786    -1707.333       19.546   378.0
127.2000      -1689.217    -1710.053       20.836   403.0
127.4000      -1689.192    -1709.439       20.247   391.6
127.6000      -1687.868    -1708.887       21.019   406.5
127.8000      -1687.768    -1708.677       20.909   404.4
128.0000      -1687.805    -1708.742       20.937   404.9
128.2000      -1687.748    -1708.616       20.869   403.6
128.4000      -1687.734    -1708.022       20.288   392.4
128.6000      -1687.932    -1708.926       20.993   406.0
128.8000      -1690.204    -1709.414       19.210   371.5
129.0000      -1689.018    -1709.325       20.307   392.8
129.2000      -1688.469    -1708.155       19.686   380.7
129.4000      -1685.870    -1707.168       21.298   411.9
129.6000      -1685.905    -1707.948       22.043   426.3
129.8000      -1686.907    -1709.529       22.622   437.5
130.0000      -1688.786    -1710.243       21.457   415.0
130.2000      -1688.721    -1710.522       21.801   421.7
130.4000      -1686.800    -1707.621       20.822   402.7
130.6000      -1687.302    -1708.502       21.201   410.0
130.8000      -1686.316    -1708.114       21.798   421.6
131.0000      -1684.526    -1707.248       22.721   439.4
131.2000      -1686.991    -1708.890       21.899   423.5
131.4000      -1686.648    -1708.643       21.995   425.4
131.6000      -1684.223    -1705.448       21.225   410.5
131.8000      -1684.214    -1707.067       22.853   442.0
132.0000      -1687.127    -1708.699       21.573   417.2
132.2000      -1687.230    -1708.036       20.806   402.4
132.4000      -1687.793    -1708.448       20.656   399.5
132.6000      -1686.400    -1706.931       20.532   397.1
132.8000      -1687.220    -1708.172       20.951   405.2
133.0000      -1687.169    -1707.747       20.578   398.0
133.2000      -1686.251    -1707.453       21.202   410.1
133.4000      -1687.072    -1706.836       19.765   382.3
133.6000      -1686.426    -1708.205       21.779   421.2
133.8000      -1690.097    -1710.746       20.650   399.4
134.0000      -1687.667    -1709.611       21.943   424.4
134.2000      -1688.487    -1709.476       20.989   405.9
134.4000      -1687.798    -1709.717       21.920   423.9
134.6000      -1686.617    -1707.566       20.949   405.2
134.8000      -1688.650    -1710.501       21.851   422.6
135.0000      -1688.080    -1708.950       20.869   403.6
135.2000      -1687.772    -1708.331       20.560   397.6
135.4000      -1687.450    -1707.873       20.424   395.0
135.6000      -1689.752    -1709.645       19.894   384.8
135.8000      -1687.049    -1709.121       22.072   426.9
136.0000      -1687.532    -1707.947       20.415   394.9
136.2000      -1687.692    -1709.525       21.832   422.3
136.4000      -1687.142    -1709.325       22.183   429.0
136.6000      -1687.762    -1709.170       21.408   414.0
136.8000      -1687.055    -1708.681       21.626   418.3
137.0000      -1687.122    -1707.811       20.690   400.2
137.2000      -1686.270    -1709.057       22.787   440.7
137.4000      -1688.633    -1708.724       20.090   388.6
137.6000      -1687.861    -1709.873       22.012   425.7
137.8000      -1687.942    -1708.466       20.523   396.9
138.0000      -1687.004    -1707.087       20.083   388.4
138.2000      -1687.062    -1708.351       21.289   411.7
138.4000      -1686.894    -1709.420       22.526   435.7
138.6000      -1687.185    -1708.301       21.116   408.4
138.8000      -1685.840    -1707.592       21.752   420.7
139.0000      -1686.703    -1708.663       21.960   424.7
139.2000      -1685.896    -1707.447       21.552   416.8
139.4000      -1685.964    -1707.434       21.470   415.2
139.6000      -1686.349    -1707.412       21.063   407.4
139.8000      -1686.594    -1708.315       21.722   420.1
140.0000      -1687.195    -1707.885       20.690   400.2
140.2000      -1687.902    -1708.772       20.870   403.6
140.4000      -1686.971    -1708.105       21.135   408.8
140.6000      -1686.986    -1707.649       20.663   399.6
140.8000      -1687.305    -1709.053       21.748   420.6
141.0000      -1684.562    -1707.420       22.858   442.1
141.2000      -1684.476    -1706.795       22.319   431.7
141.4000      -1685.351    -1707.767       22.416   433.5
141.6000      -1685.743    -1708.193       22.450   434.2
141.8000      -1685.470    -1706.982       21.512   416.1
142.0000      -1685.428    -1707.164       21.736   420.4
142.2000      -1684.984    -1707.264       22.280   430.9
142.4000      -1684.174    -1707.636       23.463   453.8
142.6000      -1687.011    -1708.878       21.867   422.9
142.8000      -1688.983    -1710.131       21.148   409.0
143.0000      -1686.246    -1707.507       21.261   411.2
143.2000      -1685.912    -1708.373       22.461   434.4
143.4000      -1685.516    -1706.599       21.082   407.8
143.6000      -1686.408    -1707.367       20.959   405.4
143.8000      -1685.225    -1708.005       22.780   440.6
144.0000      -1686.706    -1707.778       21.072   407.5
144.2000      -1688.606    -1708.716       20.110   388.9
144.4000      -1688.235    -1710.099       21.864   422.9
144.6000      -1688.204    -1709.282       21.078   407.7
144.8000      -1689.286    -1709.596       20.311   392.8
145.0000      -1689.132    -1708.984       19.852   384.0
145.2000      -1689.656    -1709.358       19.702   381.1
145.4000      -1689.101    -1708.743       19.642   379.9
145.6000      -1688.604    -1707.616       19.013   367.7
145.8000      -1689.321    -1709.263       19.943   385.7
146.0000      -1686.873    -1707.808       20.935   404.9
146.2000      -1688.234    -1708.987       20.752   401.4
146.4000      -1687.482    -1708.335       20.853   403.3
146.6000      -1688.989    -1709.112       20.124   389.2
146.8000      -1686.760    -1706.951       20.192   390.5
147.0000      -1685.444    -1708.393       22.949   443.9
147.2000      -1686.926    -1708.382       21.456   415.0
147.4000      -1688.399    -1708.786       20.387   394.3
147.6000      -1688.280    -1709.014       20.734   401.0
147.8000      -1687.635    -1708.339       20.704   400.4
148.0000      -1687.997    -1709.597       21.601   417.8
148.2000      -1687.944    -1709.661       21.717   420.0
148.4000      -1687.615    -1708.754       21.138   408.8
148.6000      -1688.279    -1707.953       19.674   380.5
148.8000      -1686.869    -1707.808       20.940   405.0
149.0000      -1684.039    -1705.960       21.921   424.0
149.2000      -1683.400    -1706.014       22.614   437.4
149.4000      -1684.034    -1706.259       22.225   429.8
149.6000      -1686.147    -1706.692       20.545   397.4
149.8000      -1686.489    -1707.204       20.714   400.6
150.0000      -1687.115    -1708.429       21.314   412.2
150.2000      -1686.252    -1707.468       21.216   410.3
150.4000      -1687.152    -1708.512       21.360   413.1
150.6000      -1687.024    -1707.933       20.909   404.4
150.8000      -1685.612    -1707.374       21.762   420.9
151.0000      -1687.186    -1708.766       21.580   417.4
151.2000      -1686.691    -1707.845       21.154   409.1
151.4000      -1687.254    -1707.924       20.670   399.8
151.6000      -1690.065    -1710.663       20.598   398.4
151.8000      -1690.560    -1709.262       18.702   361.7
152.0000      -1687.251    -1708.323       21.072   407.6
152.2000      -1688.973    -1708.980       20.007   387.0
152.4000      -1689.811    -1709.641       19.830   383.5
152.6000      -1689.265    -1708.307       19.042   368.3
152.8000      -1687.824    -1710.111       22.287   431.1
153.0000      -1688.772    -1709.255       20.483   396.2
153.2000      -1687.978    -1708.166       20.188   390.5
153.4000      -1687.358    -1707.624       20.266   392.0
153.6000      -1688.442    -1709.840       21.398   413.8
153.8000      -1687.641    -1709.041       21.399   413.9
154.0000      -1687.167    -1708.439       21.272   411.4
154.2000      -1688.313    -1709.391       21.077   407.7
154.4000      -1688.450    -1710.113       21.663   419.0
154.6000      -1687.560    -1708.226       20.666   399.7
154.8000      -1686.218    -1707.897       21.679   419.3
155.0000      -1685.419    -1707.733       22.314   431.6
155.2000      -1687.754    -1710.223       22.469   434.6
155.4000      -1687.789    -1708.496       20.706   400.5
155.6000      -1684.692    -1706.761       22.069   426.8
155.8000      -1684.563    -1708.271       23.709   458.5
156.0000      -1686.090    -1706.191       20.101   388.8
156.2000      -1685.256    -1708.457       23.201   448.7
156.4000      -1685.767    -1707.500       21.733   420.3
156.6000      -1686.101    -1707.920       21.819   422.0
156.8000      -1685.397    -1708.308       22.911   443.1
157.0000      -1686.712    -1708.604       21.893   423.4
157.2000      -1685.787    -1708.633       22.847   441.9
157.4000      -1685.421    -1706.783       21.363   413.2
157.6000      -1687.064    -1708.074       21.010   406.4
157.8000      -1686.311    -1707.155       20.843   403.1
158.0000      -1688.913    -1709.881       20.967   405.5
158.2000      -1689.609    -1710.153       20.545   397.3
158.4000      -1690.541    -1710.135       19.594   379.0
158.6000      -1688.790    -1709.108       20.317   393.0
158.8000      -1688.117    -1709.798       21.681   419.3
159.0000      -1687.714    -1708.345       20.631   399.0
159.2000      -1688.161    -1710.310       22.149   428.4
159.4000      -1685.844    -1708.229       22.385   432.9
159.6000      -1687.583    -1709.969       22.385   432.9
159.8000      -1687.607    -1709.210       21.603   417.8
160.0000      -1688.078    -1709.226       21.147   409.0
160.2000      -1686.620    -1708.050       21.430   414.5
160.4000      -1687.758    -1708.861       21.103   408.1
160.6000      -1687.350    -1709.919       22.569   436.5
160.8000      -1688.604    -1709.382       20.778   401.9
161.0000      -1687.796    -1708.430       20.634   399.1
161.2000      -1687.650    -1709.319       21.669   419.1
161.4000      -1687.801    -1708.642       20.841   403.1
161.6000      -1688.286    -1708.431       20.146   389.6
161.8000      -1687.170    -1709.312       22.142   428.2
162.0000      -1687.151    -1708.669       21.517   416.2
162.2000      -1686.584    -1708.800       22.216   429.7
162.4000      -1685.945    -1708.295       22.350   432.3
162.6000      -1686.103    -1709.004       22.901   442.9
162.8000      -1687.349    -1710.026       22.676   438.6
163.0000      -1686.729    -1709.260       22.531   435.8
163.2000      -1687.192    -1708.601       21.408   414.1
163.4000      -1688.551    -1710.016       21.465   415.2
163.6000      -1687.698    -1710.507       22.809   441.1
163.8000      -1687.566    -1707.999       20.433   395.2
164.0000      -1688.498    -1710.289       21.791   421.4
164.2000      -1687.731    -1709.075       21.343   412.8
164.4000      -1687.102    -1708.399       21.298   411.9
164.6000      -1688.078    -1708.983       20.905   404.3
164.8000      -1689.771    -1710.206       20.435   395.2
165.0000      -1690.416    -1710.077       19.660   380.2
165.2000      -1690.654    -1710.950       20.295   392.5
165.4000      -1689.362    -1708.984       19.622   379.5
165.6000      -1689.806    -1709.491       19.685   380.7
165.8000      -1690.521    -1710.000       19.480   376.8
166.0000      -1687.661    -1708.018       20.357   393.7
166.2000      -1688.579    -1708.832       20.253   391.7
166.4000      -1689.017    -1708.934       19.916   385.2
166.6000      -1688.566    -1709.470       20.904   404.3
166.8000      -1688.927    -1709.296       20.369   394.0
167.0000      -1689.707    -1710.056       20.349   393.6
167.2000      -1689.522    -1710.304       20.782   401.9
167.4000      -1689.066    -1709.242       20.175   390.2
167.6000      -1689.760    -1710.355       20.595   398.3
167.8000      -1689.463    -1710.576       21.113   408.3
168.0000      -1688.950    -1709.804       20.854   403.3
168.2000      -1688.803    -1708.748       19.944   385.7
168.4000      -1687.566    -1708.333       20.767   401.6
168.6000      -1687.229    -1709.020       21.791   421.4
168.8000      -1687.635    -1708.205       20.570   397.8
169.0000      -1687.993    -1708.925       20.932   404.8
169.2000      -1686.559    -1708.419       21.859   422.8
169.4000      -1686.599    -1707.340       20.741   401.1
169.6000      -1686.408    -1708.994       22.585   436.8
169.8000      -1688.629    -1709.990       21.361   413.1
170.0000      -1689.323    -1709.374       20.050   387.8
170.2000      -1687.349    -1708.394       21.045   407.0
170.4000      -1687.250    -1708.813       21.563   417.1
170.6000      -1687.486    -1708.818       21.332   412.6
170.8000      -1687.342    -1709.477       22.135   428.1
171.0000      -1688.013    -1708.685       20.672   399.8
171.2000      -1686.629    -1708.781       22.152   428.4
171.4000      -1687.055    -1708.186       21.131   408.7
171.6000      -1685.691    -1706.703       21.013   406.4
171.8000      -1685.561    -1707.467       21.905   423.7
172.0000      -1685.345    -1706.980       21.635   418.4
172.2000      -1686.191    -1707.774       21.584   417.4
172.4000      -1688.142    -1707.977       19.835   383.6
172.6000      -1687.993    -1710.270       22.277   430.9
172.8000      -1686.468    -1707.798       21.330   412.6
173.0000      -1687.671    -1709.484       21.813   421.9
173.2000      -1688.613    -1708.789       20.176   390.2
173.4000      -1688.031    -1707.691       19.660   380.2
173.6000      -1689.707    -1710.172       20.465   395.8
173.8000      -1688.893    -1710.501       21.608   417.9
174.0000      -1689.195    -1709.653       20.458   395.7
174.2000      -1688.980    -1710.471       21.491   415.6
174.4000      -1689.010    -1708.971       19.961   386.1
174.6000      -1689.328    -1709.557       20.229   391.2
174.8000      -1689.165    -1708.965       19.800   382.9
175.0000      -1687.578    -1709.011       21.433   414.5
175.2000      -1688.514    -1709.126       20.612   398.6
175.4000      -1687.895    -1708.720       20.825   402.8
175.6000      -1686.691    -1708.080       21.389   413.7
175.8000      -1686.205    -1708.074       21.869   423.0
176.0000      -1687.101    -1709.070       21.969   424.9
176.2000      -1684.933    -1707.252       22.319   431.7
176.4000      -1687.422    -1708.647       21.225   410.5
176.6000      -1686.894    -1707.727       20.832   402.9
176.8000      -1685.884    -1706.723       20.838   403.0
177.0000      -1685.844    -1707.900       22.057   426.6
177.2000      -1686.166    -1708.093       21.927   424.1
177.4000      -1688.956    -1710.199       21.243   410.9
177.6000      -1687.933    -1708.511       20.578   398.0
177.8000      -1688.153    -1708.729       20.577   398.0
178.0000      -1690.365    -1710.602       20.236   391.4
178.2000      -1689.229    -1708.847       19.617   379.4
178.4000      -1687.741    -1708.302       20.561   397.7
178.6000      -1687.843    -1708.739       20.896   404.1
178.8000      -1687.259    -1709.308       22.049   426.4
179.0000      -1687.345    -1707.932       20.587   398.2
179.2000      -1686.536    -1707.761       21.225   410.5
179.4000      -1688.242    -1708.370       20.129   389.3
179.6000      -1687.254    -1707.787       20.533   397.1
179.8000      -1686.192    -1707.997       21.805   421.7
180.0000      -1686.419    -1707.958       21.539   416.6
180.2000      -1688.654    -1708.507       19.853   384.0
180.4000      -1688.525    -1709.003       20.478   396.1
180.6000      -1687.537    -1708.603       21.066   407.4
180.8000      -1687.951    -1709.298       21.347   412.9
181.0000      -1689.481    -1710.306       20.824   402.8
181.2000      -1688.798    -1708.694       19.897   384.8
181.4000      -1687.732    -1709.427       21.695   419.6
181.6000      -1687.549    -1708.238       20.689   400.1
181.8000      -1688.565    -1708.210       19.645   380.0
182.0000      -1688.379    -1709.076       20.697   400.3
182.2000      -1687.776    -1709.999       22.223   429.8
182.4000      -1688.024    -1708.538       20.514   396.8
182.6000      -1687.713    -1709.323       21.611   418.0
182.8000      -1685.994    -1707.430       21.436   414.6
183.0000      -1686.779    -1708.507       21.728   420.2
183.2000      -1687.080    -1708.041       20.961   405.4
183.4000      -1685.594    -1708.069       22.475   434.7
183.6000      -1687.057    -1708.019       20.962   405.4
183.8000      -1685.681    -1709.720       24.039   464.9
184.0000      -1685.680    -1707.749       22.069   426.8
184.2000      -1687.031    -1708.848       21.818   422.0
184.4000      -1687.152    -1708.847       21.695   419.6
184.6000      -1687.419    -1707.976       20.557   397.6
184.8000      -1687.250    -1707.890       20.640   399.2
185.0000      -1687.905    -1708.985       21.080   407.7
185.2000      -1688.769    -1708.693       19.924   385.4
185.4000      -1686.414    -1708.358       21.944   424.4
185.6000      -1685.717    -1708.465       22.748   440.0
185.8000      -1683.590    -1705.709       22.119   427.8
186.0000      -1684.261    -1706.041       21.780   421.2
186.2000      -1686.133    -1708.221       22.088   427.2
186.4000      -1687.213    -1708.856       21.643   418.6
186.6000      -1689.213    -1709.081       19.868   384.3
186.8000      -1686.684    -1708.826       22.142   428.2
187.0000      -1684.772    -1706.233       21.461   415.1
187.2000      -1683.947    -1706.873       22.926   443.4
187.4000      -1686.188    -1707.813       21.625   418.2
187.6000      -1685.839    -1708.057       22.218   429.7
187.8000      -1687.221    -1708.692       21.471   415.3
188.0000      -1688.663    -1708.741       20.078   388.3
188.2000      -1687.019    -1706.534       19.515   377.4
188.4000      -1685.943    -1708.177       22.234   430.0
188.6000      -1685.627    -1707.009       21.382   413.6
188.8000      -1686.394    -1707.764       21.370   413.3
189.0000      -1686.674    -1709.393       22.719   439.4
189.2000      -1686.848    -1708.061       21.212   410.3
189.4000      -1688.738    -1708.711       19.973   386.3
189.6000      -1688.849    -1708.427       19.578   378.7
189.8000      -1687.998    -1708.789       20.791   402.1
190.0000      -1687.468    -1709.109       21.640   418.5
190.2000      -1686.502    -1707.846       21.344   412.8
190.4000      -1687.105    -1708.816       21.711   419.9
190.6000      -1687.705    -1708.828       21.123   408.5
190.8000      -1688.068    -1707.707       19.639   379.8
191.0000      -1689.281    -1708.904       19.623   379.5
191.2000      -1687.767    -1708.729       20.963   405.4
191.4000      -1688.649    -1709.712       21.063   407.4
191.6000      -1686.930    -1707.278       20.348   393.5
191.8000      -1686.660    -1708.425       21.765   421.0
192.0000      -1686.234    -1709.248       23.014   445.1
192.2000      -1688.320    -1710.089       21.769   421.0
192.4000      -1691.074    -1710.986       19.912   385.1
192.6000      -1689.331    -1709.876       20.545   397.4
192.8000      -1687.436    -1708.403       20.967   405.5
193.0000      -1691.518    -1711.029       19.511   377.4
193.2000      -1690.312    -1710.914       20.602   398.5
193.4000      -1688.260    -1708.929       20.669   399.8
193.6000      -1687.157    -1708.789       21.632   418.4
193.8000      -1687.888    -1708.381       20.493   396.4
194.0000      -1687.144    -1709.063       21.919   423.9
194.2000      -1687.422    -1708.132       20.710   400.6
194.4000      -1686.362    -1708.430       22.068   426.8
194.6000      -1687.235    -1708.348       21.113   408.3
194.8000      -1684.974    -1707.946       22.972   444.3
195.0000      -1685.862    -1707.215       21.353   413.0
195.2000      -1686.070    -1707.203       21.132   408.7
195.4000      -1686.833    -1709.123       22.290   431.1
195.6000      -1687.699    -1708.302       20.603   398.5
195.8000      -1688.676    -1709.060       20.384   394.2
196.0000      -1686.967    -1708.252       21.286   411.7
196.2000      -1687.421    -1708.266       20.845   403.2
196.4000      -1685.223    -1706.431       21.208   410.2
196.6000      -1686.309    -1707.597       21.288   411.7
196.8000      -1687.014    -1706.897       19.883   384.5
197.0000      -1687.020    -1707.662       20.642   399.2
197.2000      -1688.193    -1709.006       20.813   402.5
197.4000      -1688.191    -1709.480       21.289   411.7
197.6000      -1686.977    -1709.078       22.101   427.4
197.8000      -1688.376    -1709.321       20.944   405.1
198.0000      -1687.278    -1708.366       21.088   407.9
198.2000      -1687.305    -1708.557       21.252   411.0
198.4000      -1687.150    -1708.159       21.008   406.3
198.6000      -1686.094    -1708.366       22.272   430.8
198.8000      -1686.610    -1708.307       21.697   419.6
199.0000      -1686.439    -1707.698       21.259   411.2
199.2000      -1687.860    -1709.337       21.477   415.4
199.4000      -1689.068    -1708.568       19.501   377.2
199.6000      -1687.972    -1708.279       20.307   392.8
199.8000      -1688.510    -1709.680       21.170   409.4
200.0000      -1688.015    -1709.822       21.806   421.8
