Time[ps]      Etot[eV]     Epot[eV]     Ekin[eV]    T[K]
0.0000        -1664.811    -1697.977       33.166   641.5
0.2000        -1665.118    -1697.804       32.686   632.2
0.4000        -1663.803    -1695.657       31.854   616.1
0.6000        -1665.805    -1695.693       29.888   578.1
0.8000        -1663.751    -1696.284       32.533   629.2
1.0000        -1665.541    -1696.860       31.319   605.7
1.2000        -1666.293    -1696.407       30.114   582.4
1.4000        -1663.298    -1697.247       33.948   656.6
1.6000        -1662.447    -1696.153       33.705   651.9
1.8000        -1665.331    -1698.031       32.701   632.5
2.0000        -1664.030    -1697.690       33.660   651.0
2.2000        -1663.151    -1695.387       32.237   623.5
2.4000        -1663.981    -1697.946       33.966   656.9
2.6000        -1661.997    -1696.676       34.679   670.7
2.8000        -1664.426    -1698.120       33.693   651.7
3.0000        -1663.859    -1697.817       33.958   656.8
3.2000        -1662.158    -1695.585       33.427   646.5
3.4000        -1664.006    -1695.076       31.070   600.9
3.6000        -1662.141    -1696.584       34.443   666.2
3.8000        -1664.108    -1696.416       32.308   624.9
4.0000        -1665.081    -1695.952       30.871   597.1
4.2000        -1665.367    -1695.595       30.229   584.6
4.4000        -1664.514    -1696.926       32.412   626.9
4.6000        -1664.166    -1694.884       30.718   594.1
4.8000        -1665.245    -1696.057       30.812   595.9
5.0000        -1664.577    -1697.725       33.148   641.1
5.2000        -1662.845    -1696.166       33.321   644.5
5.4000        -1665.079    -1694.379       29.300   566.7
5.6000        -1666.232    -1696.753       30.521   590.3
5.8000        -1666.240    -1695.075       28.835   557.7
6.0000        -1665.943    -1698.054       32.111   621.1
6.2000        -1664.753    -1696.267       31.514   609.5
6.4000        -1662.611    -1696.808       34.197   661.4
6.6000        -1663.360    -1696.797       33.437   646.7
6.8000        -1662.901    -1694.713       31.812   615.3
7.0000        -1665.516    -1697.911       32.395   626.5
7.2000        -1663.877    -1696.128       32.251   623.8
7.4000        -1664.182    -1695.632       31.450   608.3
7.6000        -1664.009    -1696.280       32.271   624.1
7.8000        -1664.832    -1694.918       30.086   581.9
8.0000        -1662.905    -1695.649       32.744   633.3
8.2000        -1665.125    -1695.525       30.400   588.0
8.4000        -1666.412    -1697.262       30.850   596.7
8.6000        -1663.912    -1695.962       32.050   619.9
8.8000        -1663.268    -1694.241       30.973   599.0
9.0000        -1662.847    -1695.970       33.124   640.6
9.2000        -1663.911    -1696.653       32.742   633.3
9.4000        -1663.954    -1695.193       31.239   604.2
9.6000        -1663.875    -1695.111       31.236   604.1
9.8000        -1661.801    -1694.477       32.676   632.0
10.0000       -1665.090    -1696.724       31.634   611.8
10.2000       -1663.704    -1695.351       31.647   612.1
10.4000       -1663.555    -1696.684       33.129   640.7
10.6000       -1662.656    -1694.818       32.161   622.0
10.8000       -1664.250    -1695.964       31.714   613.4
11.0000       -1666.734    -1696.410       29.676   574.0
11.2000       -1664.673    -1695.411       30.738   594.5
11.4000       -1665.389    -1696.262       30.872   597.1
11.6000       -1664.471    -1695.521       31.050   600.5
11.8000       -1662.894    -1694.271       31.376   606.8
12.0000       -1662.003    -1695.086       33.083   639.9
12.2000       -1664.669    -1696.206       31.537   610.0
12.4000       -1662.694    -1696.820       34.126   660.0
12.6000       -1665.357    -1697.043       31.686   612.8
12.8000       -1667.149    -1698.521       31.372   606.8
13.0000       -1667.119    -1698.909       31.790   614.9
13.2000       -1664.666    -1697.470       32.804   634.5
13.4000       -1666.696    -1696.752       30.056   581.3
13.6000       -1663.975    -1695.616       31.641   612.0
13.8000       -1663.667    -1695.845       32.178   622.3
14.0000       -1663.348    -1696.382       33.034   638.9
14.2000       -1663.703    -1695.203       31.500   609.2
14.4000       -1665.326    -1697.773       32.447   627.5
14.6000       -1662.922    -1695.711       32.789   634.2
14.8000       -1661.801    -1694.536       32.736   633.1
15.0000       -1660.958    -1694.798       33.841   654.5
15.2000       -1662.894    -1695.780       32.886   636.0
15.4000       -1660.900    -1696.490       35.590   688.4
15.6000       -1662.508    -1697.150       34.641   670.0
15.8000       -1662.323    -1694.126       31.803   615.1
16.0000       -1665.113    -1696.165       31.052   600.6
16.2000       -1663.999    -1694.949       30.950   598.6
16.4000       -1664.063    -1696.039       31.976   618.4
16.6000       -1663.950    -1696.075       32.125   621.3
16.8000       -1663.761    -1695.926       32.165   622.1
17.0000       -1665.761    -1694.856       29.095   562.7
17.2000       -1664.718    -1696.856       32.139   621.6
17.4000       -1664.432    -1697.304       32.872   635.8
17.6000       -1663.543    -1694.766       31.223   603.9
17.8000       -1664.132    -1697.769       33.637   650.6
18.0000       -1662.263    -1696.192       33.930   656.2
18.2000       -1662.076    -1694.928       32.852   635.4
18.4000       -1664.350    -1696.062       31.712   613.3
18.6000       -1663.301    -1696.294       32.992   638.1
18.8000       -1663.374    -1695.294       31.919   617.3
19.0000       -1666.389    -1697.241       30.852   596.7
19.2000       -1663.659    -1695.703       32.044   619.8
19.4000       -1664.340    -1696.290       31.950   617.9
19.6000       -1662.135    -1695.841       33.706   651.9
19.8000       -1663.429    -1696.779       33.350   645.0
20.0000       -1664.462    -1697.645       33.183   641.8
20.2000       -1665.946    -1698.152       32.206   622.9
20.4000       -1667.633    -1698.647       31.014   599.8
20.6000       -1663.635    -1697.435       33.800   653.7
20.8000       -1663.731    -1695.273       31.542   610.1
21.0000       -1664.489    -1696.168       31.679   612.7
21.2000       -1663.316    -1697.142       33.827   654.2
21.4000       -1663.126    -1694.287       31.161   602.7
21.6000       -1664.717    -1697.087       32.369   626.1
21.8000       -1665.960    -1697.344       31.384   607.0
22.0000       -1667.405    -1697.144       29.739   575.2
22.2000       -1667.136    -1699.145       32.009   619.1
22.4000       -1668.238    -1698.961       30.724   594.2
22.6000       -1666.639    -1696.560       29.920   578.7
22.8000       -1666.027    -1697.746       31.719   613.5
23.0000       -1662.754    -1695.125       32.371   626.1
23.2000       -1661.782    -1693.061       31.279   605.0
23.4000       -1663.477    -1693.297       29.819   576.7
23.6000       -1665.175    -1697.345       32.170   622.2
23.8000       -1666.405    -1697.742       31.338   606.1
24.0000       -1664.550    -1696.907       32.358   625.8
24.2000       -1666.376    -1697.867       31.491   609.1
24.4000       -1665.385    -1697.116       31.731   613.7
24.6000       -1661.756    -1695.713       33.957   656.8
24.8000       -1664.206    -1697.360       33.154   641.2
25.0000       -1663.550    -1696.355       32.805   634.5
25.2000       -1664.478    -1697.823       33.344   644.9
25.4000       -1665.769    -1697.963       32.194   622.7
25.6000       -1663.975    -1693.805       29.830   576.9
25.8000       -1667.361    -1699.047       31.686   612.8
26.0000       -1665.885    -1698.292       32.407   626.8
26.2000       -1664.076    -1696.155       32.079   620.4
26.4000       -1666.305    -1699.191       32.886   636.1
26.6000       -1666.047    -1696.316       30.269   585.4
26.8000       -1661.856    -1693.473       31.617   611.5
27.0000       -1658.974    -1693.602       34.628   669.7
27.2000       -1659.795    -1694.433       34.638   669.9
27.4000       -1660.910    -1692.864       31.954   618.0
27.6000       -1662.042    -1694.705       32.663   631.7
27.8000       -1663.575    -1698.046       34.471   666.7
28.0000       -1668.369    -1699.624       31.255   604.5
28.2000       -1665.499    -1697.170       31.672   612.6
28.4000       -1666.057    -1698.151       32.094   620.7
28.6000       -1666.586    -1696.328       29.742   575.2
28.8000       -1664.350    -1695.996       31.646   612.1
29.0000       -1664.578    -1695.343       30.765   595.0
29.2000       -1662.262    -1696.783       34.520   667.7
29.4000       -1662.516    -1695.748       33.232   642.7
29.6000       -1660.922    -1695.078       34.156   660.6
29.8000       -1661.080    -1693.715       32.636   631.2
30.0000       -1661.308    -1694.093       32.785   634.1
30.2000       -1662.886    -1694.158       31.272   604.8
30.4000       -1665.822    -1696.449       30.627   592.4
30.6000       -1666.199    -1697.086       30.887   597.4
30.8000       -1666.895    -1697.879       30.984   599.2
31.0000       -1666.453    -1696.006       29.553   571.6
31.2000       -1665.835    -1696.004       30.168   583.5
31.4000       -1666.563    -1697.352       30.789   595.5
31.6000       -1667.724    -1698.278       30.554   590.9
31.8000       -1667.050    -1697.147       30.098   582.1
32.0000       -1662.142    -1695.530       33.388   645.8
32.2000       -1662.669    -1696.253       33.584   649.5
32.4000       -1663.243    -1695.577       32.334   625.4
32.6000       -1664.597    -1697.454       32.857   635.5
32.8000       -1665.049    -1696.874       31.825   615.5
33.0000       -1662.793    -1696.324       33.530   648.5
33.2000       -1663.066    -1694.972       31.905   617.1
33.4000       -1662.740    -1695.057       32.318   625.1
33.6000       -1663.158    -1695.513       32.355   625.8
33.8000       -1665.147    -1698.505       33.358   645.2
34.0000       -1664.221    -1697.823       33.602   649.9
34.2000       -1665.409    -1697.343       31.933   617.6
34.4000       -1666.927    -1695.809       28.882   558.6
34.6000       -1667.043    -1698.746       31.703   613.2
34.8000       -1664.229    -1694.907       30.678   593.3
35.0000       -1663.651    -1695.887       32.237   623.5
35.2000       -1664.147    -1695.547       31.401   607.3
35.4000       -1667.476    -1700.259       32.783   634.1
35.6000       -1666.364    -1697.863       31.499   609.2
35.8000       -1667.978    -1699.552       31.575   610.7
36.0000       -1666.316    -1696.410       30.093   582.0
36.2000       -1667.430    -1697.540       30.110   582.4
36.4000       -1666.160    -1697.007       30.847   596.6
36.6000       -1662.960    -1694.184       31.224   603.9
36.8000       -1664.368    -1697.823       33.455   647.0
37.0000       -1665.290    -1696.898       31.608   611.3
37.2000       -1665.343    -1697.799       32.456   627.7
37.4000       -1667.573    -1697.884       30.311   586.2
37.6000       -1665.294    -1695.444       30.150   583.1
37.8000       -1664.082    -1698.031       33.949   656.6
38.0000       -1665.483    -1696.962       31.479   608.8
38.2000       -1662.951    -1695.604       32.653   631.5
38.4000       -1660.718    -1695.442       34.723   671.6
38.6000       -1664.036    -1696.501       32.465   627.9
38.8000       -1662.308    -1696.554       34.246   662.4
39.0000       -1661.694    -1696.588       34.893   674.9
39.2000       -1661.550    -1695.133       33.583   649.5
39.4000       -1660.569    -1694.140       33.572   649.3
39.6000       -1660.381    -1694.950       34.569   668.6
39.8000       -1660.612    -1696.027       35.414   684.9
40.0000       -1661.257    -1694.336       33.079   639.8
40.2000       -1663.905    -1693.985       30.080   581.8
40.4000       -1665.947    -1695.193       29.247   565.7
40.6000       -1663.099    -1696.358       33.259   643.3
40.8000       -1664.752    -1696.390       31.638   611.9
41.0000       -1665.718    -1695.656       29.937   579.0
41.2000       -1666.849    -1698.234       31.385   607.0
41.4000       -1665.601    -1698.685       33.084   639.9
41.6000       -1666.032    -1695.143       29.110   563.0
41.8000       -1668.852    -1697.438       28.587   552.9
42.0000       -1666.855    -1699.461       32.606   630.6
42.2000       -1666.167    -1698.606       32.439   627.4
42.4000       -1668.085    -1698.381       30.296   586.0
42.6000       -1666.994    -1697.343       30.349   587.0
42.8000       -1664.520    -1696.122       31.602   611.2
43.0000       -1665.643    -1697.555       31.912   617.2
43.2000       -1665.350    -1698.521       33.171   641.6
43.4000       -1667.528    -1697.941       30.412   588.2
43.6000       -1667.222    -1698.833       31.611   611.4
43.8000       -1667.488    -1698.522       31.034   600.2
44.0000       -1668.860    -1699.250       30.390   587.8
44.2000       -1665.566    -1697.835       32.270   624.1
44.4000       -1665.277    -1695.233       29.956   579.4
44.6000       -1665.925    -1698.814       32.889   636.1
44.8000       -1664.306    -1697.924       33.618   650.2
45.0000       -1664.549    -1696.036       31.487   609.0
45.2000       -1666.618    -1697.873       31.255   604.5
45.4000       -1666.586    -1698.677       32.092   620.7
45.6000       -1666.059    -1697.194       31.135   602.2
45.8000       -1666.076    -1698.146       32.070   620.3
46.0000       -1666.193    -1699.577       33.384   645.7
46.2000       -1663.681    -1696.011       32.330   625.3
46.4000       -1664.720    -1697.028       32.308   624.9
46.6000       -1663.794    -1694.299       30.505   590.0
46.8000       -1664.481    -1695.963       31.482   608.9
47.0000       -1665.422    -1697.327       31.906   617.1
47.2000       -1664.898    -1699.366       34.467   666.6
47.4000       -1665.916    -1697.073       31.158   602.6
47.6000       -1664.947    -1695.946       30.999   599.6
47.8000       -1667.635    -1697.981       30.346   586.9
48.0000       -1666.939    -1697.241       30.302   586.1
48.2000       -1665.759    -1698.897       33.138   640.9
48.4000       -1665.468    -1699.181       33.713   652.0
48.6000       -1666.732    -1696.548       29.816   576.7
48.8000       -1668.031    -1699.437       31.406   607.4
49.0000       -1666.769    -1696.779       30.010   580.4
49.2000       -1666.499    -1697.566       31.068   600.9
49.4000       -1666.899    -1697.068       30.168   583.5
49.6000       -1666.501    -1696.798       30.296   586.0
49.8000       -1667.549    -1697.296       29.747   575.3
50.0000       -1663.639    -1696.466       32.827   634.9
50.2000       -1664.981    -1697.014       32.032   619.5
50.4000       -1665.731    -1699.329       33.597   649.8
50.6000       -1664.593    -1695.101       30.509   590.1
50.8000       -1663.983    -1695.322       31.338   606.1
51.0000       -1664.022    -1695.639       31.617   611.5
51.2000       -1663.805    -1695.000       31.195   603.3
51.4000       -1667.440    -1698.002       30.563   591.1
51.6000       -1665.207    -1697.323       32.116   621.1
51.8000       -1665.191    -1697.049       31.858   616.2
52.0000       -1665.335    -1697.180       31.845   615.9
52.2000       -1664.922    -1694.530       29.608   572.6
52.4000       -1667.117    -1697.686       30.569   591.2
52.6000       -1665.517    -1696.047       30.529   590.5
52.8000       -1666.463    -1696.732       30.269   585.4
53.0000       -1664.816    -1696.230       31.414   607.6
53.2000       -1663.086    -1695.723       32.637   631.2
53.4000       -1661.768    -1694.500       32.731   633.1
53.6000       -1662.707    -1695.688       32.981   637.9
53.8000       -1664.382    -1695.328       30.946   598.5
54.0000       -1665.183    -1695.584       30.401   588.0
54.2000       -1664.993    -1696.522       31.529   609.8
54.4000       -1666.396    -1697.928       31.532   609.9
54.6000       -1666.505    -1696.025       29.520   570.9
54.8000       -1664.710    -1697.323       32.613   630.8
55.0000       -1666.051    -1698.359       32.309   624.9
55.2000       -1665.445    -1696.715       31.270   604.8
55.4000       -1664.440    -1698.620       34.180   661.1
55.6000       -1666.478    -1697.108       30.630   592.4
55.8000       -1666.190    -1697.495       31.305   605.5
56.0000       -1664.929    -1697.548       32.619   630.9
56.2000       -1666.781    -1697.701       30.920   598.0
56.4000       -1666.837    -1698.174       31.337   606.1
56.6000       -1667.297    -1698.655       31.357   606.5
56.8000       -1664.797    -1695.049       30.252   585.1
57.0000       -1667.752    -1698.482       30.730   594.3
57.2000       -1664.635    -1697.827       33.192   642.0
57.4000       -1666.403    -1697.612       31.210   603.6
57.6000       -1665.933    -1697.078       31.144   602.4
57.8000       -1666.018    -1699.129       33.111   640.4
58.0000       -1661.808    -1693.643       31.835   615.7
58.2000       -1663.534    -1695.316       31.782   614.7
58.4000       -1666.055    -1698.034       31.978   618.5
58.6000       -1665.700    -1697.852       32.152   621.8
58.8000       -1664.651    -1696.688       32.037   619.6
59.0000       -1665.621    -1695.726       30.105   582.3
59.2000       -1665.536    -1696.936       31.400   607.3
59.4000       -1664.192    -1696.825       32.633   631.1
59.6000       -1663.135    -1695.821       32.686   632.2
59.8000       -1662.275    -1694.380       32.104   620.9
60.0000       -1664.688    -1694.587       29.899   578.3
60.2000       -1665.863    -1697.250       31.386   607.0
60.4000       -1663.912    -1695.473       31.561   610.4
60.6000       -1659.908    -1693.122       33.213   642.4
60.8000       -1664.488    -1696.653       32.166   622.1
61.0000       -1663.816    -1695.096       31.279   605.0
61.2000       -1664.029    -1694.584       30.555   591.0
61.4000       -1662.054    -1695.527       33.473   647.4
61.6000       -1663.976    -1695.257       31.281   605.0
61.8000       -1665.187    -1695.312       30.125   582.6
62.0000       -1663.248    -1696.489       33.241   642.9
62.2000       -1661.187    -1695.112       33.925   656.1
62.4000       -1660.911    -1694.036       33.126   640.7
62.6000       -1663.431    -1697.257       33.826   654.2
62.8000       -1665.919    -1696.592       30.673   593.2
63.0000       -1664.752    -1696.917       32.166   622.1
63.2000       -1665.160    -1696.852       31.692   613.0
63.4000       -1661.860    -1695.462       33.601   649.9
63.6000       -1662.074    -1695.582       33.508   648.1
63.8000       -1664.543    -1694.831       30.288   585.8
64.0000       -1662.489    -1695.954       33.465   647.2
64.2000       -1661.210    -1693.227       32.017   619.2
64.4000       -1659.965    -1694.345       34.380   664.9
64.6000       -1660.166    -1692.771       32.605   630.6
64.8000       -1658.663    -1694.141       35.478   686.2
65.0000       -1660.992    -1694.371       33.379   645.6
65.2000       -1661.141    -1694.592       33.452   647.0
65.4000       -1662.049    -1695.468       33.419   646.3
65.6000       -1664.530    -1696.649       32.119   621.2
65.8000       -1663.699    -1696.050       32.351   625.7
66.0000       -1664.443    -1695.856       31.413   607.6
66.2000       -1661.881    -1695.780       33.899   655.6
66.4000       -1661.995    -1695.140       33.146   641.1
66.6000       -1664.159    -1695.089       30.930   598.2
66.8000       -1662.723    -1696.342       33.619   650.2
67.0000       -1664.618    -1694.990       30.372   587.4
67.2000       -1663.820    -1696.676       32.856   635.5
67.4000       -1665.102    -1696.822       31.720   613.5
67.6000       -1663.766    -1696.354       32.587   630.3
67.8000       -1664.749    -1695.420       30.671   593.2
68.0000       -1667.491    -1698.662       31.171   602.9
68.2000       -1665.582    -1697.546       31.964   618.2
68.4000       -1666.287    -1695.728       29.441   569.4
68.6000       -1665.885    -1695.698       29.814   576.6
68.8000       -1666.223    -1696.458       30.235   584.8
69.0000       -1664.201    -1696.079       31.878   616.5
69.2000       -1661.270    -1694.438       33.167   641.5
69.4000       -1661.674    -1694.627       32.953   637.3
69.6000       -1661.075    -1694.099       33.024   638.7
69.8000       -1661.506    -1695.419       33.913   655.9
70.0000       -1664.653    -1695.628       30.975   599.1
70.2000       -1665.176    -1696.385       31.209   603.6
70.4000       -1665.159    -1697.202       32.043   619.7
70.6000       -1665.399    -1698.144       32.745   633.3
70.8000       -1665.328    -1697.583       32.255   623.8
71.0000       -1665.471    -1696.619       31.148   602.4
71.2000       -1661.637    -1696.820       35.183   680.5
71.4000       -1662.063    -1695.160       33.097   640.1
71.6000       -1660.825    -1693.951       33.127   640.7
71.8000       -1665.289    -1695.713       30.424   588.4
72.0000       -1665.611    -1697.902       32.291   624.5
72.2000       -1663.791    -1696.420       32.630   631.1
72.4000       -1663.330    -1696.305       32.975   637.8
72.6000       -1663.564    -1696.619       33.054   639.3
72.8000       -1662.997    -1695.663       32.666   631.8
73.0000       -1659.923    -1694.338       34.416   665.6
73.2000       -1662.409    -1694.591       32.183   622.4
73.4000       -1664.549    -1697.004       32.455   627.7
73.6000       -1667.145    -1699.058       31.913   617.2
73.8000       -1667.367    -1696.908       29.541   571.3
74.0000       -1668.497    -1699.864       31.367   606.7
74.2000       -1668.182    -1698.583       30.402   588.0
74.4000       -1667.729    -1698.615       30.887   597.4
74.6000       -1667.737    -1697.267       29.530   571.1
74.8000       -1667.755    -1698.091       30.336   586.7
75.0000       -1666.338    -1696.473       30.134   582.8
75.2000       -1665.840    -1697.104       31.264   604.7
75.4000       -1668.688    -1698.281       29.593   572.4
75.6000       -1665.448    -1696.643       31.195   603.3
75.8000       -1665.756    -1694.212       28.456   550.4
76.0000       -1667.022    -1698.398       31.375   606.8
76.2000       -1661.510    -1694.344       32.834   635.0
76.4000       -1661.775    -1694.803       33.028   638.8
76.6000       -1660.697    -1695.059       34.362   664.6
76.8000       -1660.435    -1693.135       32.699   632.4
77.0000       -1663.368    -1695.119       31.750   614.1
77.2000       -1665.900    -1696.905       31.005   599.7
77.4000       -1665.732    -1696.788       31.056   600.6
77.6000       -1665.742    -1695.507       29.765   575.7
77.8000       -1664.236    -1695.323       31.087   601.2
78.0000       -1665.805    -1697.851       32.046   619.8
78.2000       -1665.993    -1698.643       32.650   631.5
78.4000       -1665.784    -1697.093       31.309   605.5
78.6000       -1664.561    -1695.583       31.022   600.0
78.8000       -1665.300    -1696.428       31.128   602.0
79.0000       -1663.709    -1695.471       31.762   614.3
79.2000       -1667.612    -1699.640       32.028   619.5
79.4000       -1668.530    -1698.547       30.017   580.5
79.6000       -1668.137    -1699.646       31.509   609.4
79.8000       -1668.290    -1699.445       31.155   602.6
80.0000       -1665.879    -1696.018       30.139   582.9
80.2000       -1665.037    -1697.071       32.033   619.5
80.4000       -1665.046    -1696.901       31.856   616.1
80.6000       -1663.692    -1697.872       34.181   661.1
80.8000       -1663.558    -1694.152       30.595   591.7
81.0000       -1665.875    -1696.508       30.632   592.5
81.2000       -1662.673    -1696.357       33.684   651.5
81.4000       -1661.563    -1695.128       33.565   649.2
81.6000       -1662.324    -1694.374       32.050   619.9
81.8000       -1662.193    -1695.031       32.838   635.1
82.0000       -1660.806    -1695.362       34.556   668.4
82.2000       -1663.419    -1695.644       32.226   623.3
82.4000       -1664.784    -1698.089       33.305   644.1
82.6000       -1663.221    -1696.238       33.017   638.6
82.8000       -1666.918    -1696.438       29.520   570.9
83.0000       -1667.489    -1697.698       30.209   584.3
83.2000       -1665.896    -1697.140       31.245   604.3
83.4000       -1665.362    -1695.540       30.178   583.7
83.6000       -1664.402    -1697.532       33.129   640.8
83.8000       -1663.848    -1697.862       34.014   657.9
84.0000       -1664.195    -1696.965       32.769   633.8
84.2000       -1666.360    -1696.115       29.756   575.5
84.4000       -1665.363    -1697.227       31.864   616.3
84.6000       -1665.926    -1697.766       31.840   615.8
84.8000       -1667.054    -1698.856       31.801   615.1
85.0000       -1666.364    -1697.528       31.164   602.7
85.2000       -1665.456    -1697.876       32.420   627.0
85.4000       -1667.188    -1699.272       32.084   620.5
85.6000       -1666.456    -1699.175       32.719   632.8
85.8000       -1664.708    -1695.778       31.070   600.9
86.0000       -1662.868    -1693.854       30.985   599.3
86.2000       -1665.406    -1697.488       32.082   620.5
86.4000       -1664.246    -1693.726       29.480   570.2
86.6000       -1660.563    -1696.613       36.050   697.2
86.8000       -1658.520    -1693.478       34.958   676.1
87.0000       -1661.099    -1694.649       33.551   648.9
87.2000       -1664.134    -1695.206       31.071   600.9
87.4000       -1664.275    -1696.103       31.828   615.6
87.6000       -1666.040    -1698.461       32.422   627.1
87.8000       -1666.561    -1698.607       32.046   619.8
88.0000       -1666.516    -1696.808       30.291   585.9
88.2000       -1664.654    -1696.747       32.093   620.7
88.4000       -1664.177    -1697.019       32.842   635.2
88.6000       -1666.654    -1696.362       29.708   574.6
88.8000       -1666.491    -1698.866       32.375   626.2
89.0000       -1667.327    -1697.510       30.183   583.8
89.2000       -1664.650    -1695.269       30.619   592.2
89.4000       -1664.287    -1695.478       31.191   603.3
89.6000       -1663.471    -1696.371       32.900   636.3
89.8000       -1664.013    -1696.314       32.302   624.7
90.0000       -1665.269    -1695.687       30.418   588.3
90.2000       -1666.754    -1696.916       30.162   583.4
90.4000       -1664.833    -1696.596       31.763   614.3
90.6000       -1665.083    -1695.920       30.837   596.4
90.8000       -1664.264    -1696.884       32.620   630.9
91.0000       -1666.230    -1696.894       30.664   593.1
91.2000       -1666.067    -1696.203       30.135   582.8
91.4000       -1665.972    -1696.380       30.409   588.1
91.6000       -1665.582    -1695.800       30.218   584.4
91.8000       -1664.829    -1698.514       33.685   651.5
92.0000       -1666.453    -1696.496       30.043   581.1
92.2000       -1665.698    -1697.123       31.425   607.8
92.4000       -1666.945    -1697.741       30.796   595.6
92.6000       -1665.718    -1699.254       33.536   648.6
92.8000       -1663.696    -1695.647       31.951   618.0
93.0000       -1666.066    -1695.640       29.574   572.0
93.2000       -1663.963    -1697.935       33.972   657.1
93.4000       -1667.674    -1699.199       31.525   609.7
93.6000       -1665.615    -1697.757       32.142   621.7
93.8000       -1664.412    -1695.161       30.749   594.7
94.0000       -1663.417    -1695.167       31.751   614.1
94.2000       -1662.112    -1696.788       34.676   670.7
94.4000       -1663.577    -1696.262       32.684   632.1
94.6000       -1662.287    -1694.232       31.945   617.8
94.8000       -1663.914    -1696.412       32.498   628.5
95.0000       -1664.104    -1695.055       30.951   598.6
95.2000       -1663.608    -1696.657       33.049   639.2
95.4000       -1665.286    -1695.702       30.416   588.3
95.6000       -1665.726    -1697.836       32.110   621.0
95.8000       -1666.007    -1697.844       31.836   615.7
96.0000       -1664.822    -1696.921       32.099   620.8
96.2000       -1663.275    -1695.949       32.674   631.9
96.4000       -1661.058    -1694.235       33.177   641.7
96.6000       -1659.725    -1693.227       33.501   647.9
96.8000       -1659.814    -1694.054       34.240   662.2
97.0000       -1663.460    -1695.700       32.239   623.5
97.2000       -1663.871    -1695.772       31.901   617.0
97.4000       -1665.607    -1697.712       32.105   620.9
97.6000       -1667.581    -1698.418       30.837   596.4
97.8000       -1666.826    -1698.489       31.662   612.4
98.0000       -1666.202    -1696.127       29.924   578.8
98.2000       -1666.766    -1697.789       31.023   600.0
98.4000       -1663.309    -1695.478       32.169   622.2
98.6000       -1665.175    -1696.863       31.688   612.9
98.8000       -1668.096    -1698.321       30.225   584.6
99.0000       -1668.247    -1697.667       29.420   569.0
99.2000       -1667.059    -1697.955       30.896   597.6
99.4000       -1667.144    -1697.732       30.588   591.6
99.6000       -1667.594    -1698.743       31.148   602.4
99.8000       -1666.917    -1696.749       29.832   577.0
100.0000      -1664.036    -1696.368       32.332   625.3
100.2000      -1667.236    -1698.118       30.881   597.3
100.4000      -1665.838    -1697.531       31.692   613.0
100.6000      -1665.456    -1694.303       28.847   557.9
100.8000      -1665.338    -1696.969       31.631   611.8
101.0000      -1664.262    -1696.901       32.640   631.3
101.2000      -1666.300    -1696.143       29.843   577.2
101.4000      -1667.678    -1697.307       29.629   573.0
101.6000      -1665.021    -1696.724       31.703   613.2
101.8000      -1666.631    -1697.607       30.976   599.1
102.0000      -1665.716    -1697.052       31.336   606.1
102.2000      -1664.051    -1696.278       32.226   623.3
102.4000      -1665.404    -1695.980       30.577   591.4
102.6000      -1664.439    -1697.724       33.284   643.7
102.8000      -1665.512    -1697.409       31.897   616.9
103.0000      -1667.199    -1698.116       30.917   598.0
103.2000      -1665.848    -1695.058       29.211   565.0
103.4000      -1662.971    -1695.699       32.727   633.0
103.6000      -1664.738    -1696.675       31.937   617.7
103.8000      -1663.213    -1694.326       31.113   601.8
104.0000      -1663.849    -1695.241       31.392   607.2
104.2000      -1662.895    -1695.307       32.412   626.9
104.4000      -1663.418    -1694.431       31.012   599.8
104.6000      -1665.205    -1695.193       29.988   580.0
104.8000      -1665.430    -1697.093       31.664   612.4
105.0000      -1662.305    -1694.086       31.782   614.7
105.2000      -1663.745    -1694.352       30.607   592.0
105.4000      -1662.572    -1694.733       32.161   622.0
105.6000      -1663.661    -1694.949       31.288   605.1
105.8000      -1665.599    -1696.578       30.979   599.2
106.0000      -1665.747    -1696.736       30.989   599.4
106.2000      -1663.196    -1695.141       31.945   617.8
106.4000      -1663.679    -1694.941       31.262   604.6
106.6000      -1664.031    -1696.476       32.445   627.5
106.8000      -1663.850    -1696.477       32.627   631.0
107.0000      -1664.327    -1696.887       32.560   629.7
107.2000      -1664.630    -1695.695       31.065   600.8
107.4000      -1666.360    -1697.965       31.605   611.3
107.6000      -1666.212    -1697.653       31.441   608.1
107.8000      -1662.166    -1694.161       31.995   618.8
108.0000      -1668.398    -1697.552       29.154   563.9
108.2000      -1669.019    -1699.175       30.156   583.2
108.4000      -1669.150    -1700.500       31.351   606.4
108.6000      -1668.900    -1700.221       31.320   605.8
108.8000      -1666.561    -1697.195       30.633   592.5
109.0000      -1665.038    -1697.996       32.959   637.4
109.2000      -1666.216    -1697.475       31.259   604.6
109.4000      -1667.049    -1696.726       29.677   574.0
109.6000      -1664.835    -1696.127       31.292   605.2
109.8000      -1664.300    -1696.636       32.336   625.4
110.0000      -1667.920    -1698.353       30.433   588.6
110.2000      -1667.865    -1699.182       31.317   605.7
110.4000      -1666.790    -1696.448       29.659   573.6
110.6000      -1664.754    -1696.780       32.025   619.4
110.8000      -1664.335    -1696.564       32.230   623.3
111.0000      -1664.108    -1695.493       31.385   607.0
111.2000      -1663.911    -1694.198       30.287   585.8
111.4000      -1666.550    -1697.972       31.422   607.7
111.6000      -1666.907    -1697.663       30.757   594.9
111.8000      -1665.295    -1696.271       30.976   599.1
112.0000      -1664.099    -1696.859       32.760   633.6
112.2000      -1664.103    -1696.447       32.344   625.6
112.4000      -1664.505    -1696.935       32.430   627.2
112.6000      -1662.881    -1696.946       34.065   658.9
112.8000      -1662.593    -1695.152       32.558   629.7
113.0000      -1664.812    -1696.043       31.232   604.0
113.2000      -1664.794    -1697.575       32.781   634.0
113.4000      -1665.922    -1697.593       31.671   612.5
113.6000      -1666.209    -1697.586       31.377   606.9
113.8000      -1666.477    -1699.251       32.775   633.9
114.0000      -1666.647    -1697.594       30.947   598.5
114.2000      -1668.084    -1699.729       31.644   612.0
114.4000      -1667.711    -1698.210       30.499   589.9
114.6000      -1667.552    -1697.837       30.284   585.7
114.8000      -1667.637    -1698.939       31.302   605.4
115.0000      -1667.317    -1697.338       30.021   580.6
115.2000      -1665.054    -1696.438       31.384   607.0
115.4000      -1665.418    -1696.348       30.930   598.2
115.6000      -1666.266    -1697.508       31.242   604.3
115.8000      -1668.242    -1698.951       30.708   593.9
116.0000      -1665.364    -1699.147       33.783   653.4
116.2000      -1661.952    -1693.375       31.422   607.7
116.4000      -1664.419    -1697.425       33.006   638.4
116.6000      -1666.678    -1697.419       30.742   594.6
116.8000      -1664.504    -1698.709       34.205   661.5
117.0000      -1666.232    -1698.908       32.676   632.0
117.2000      -1664.439    -1698.043       33.604   649.9
117.4000      -1662.533    -1692.219       29.686   574.2
117.6000      -1660.362    -1695.229       34.867   674.4
117.8000      -1662.781    -1696.551       33.770   653.1
118.0000      -1661.706    -1697.870       36.164   699.4
118.2000      -1661.545    -1694.564       33.020   638.6
118.4000      -1662.012    -1694.570       32.558   629.7
118.6000      -1663.933    -1696.875       32.943   637.1
118.8000      -1665.155    -1698.673       33.517   648.3
119.0000      -1665.685    -1697.440       31.755   614.2
119.2000      -1668.097    -1697.602       29.505   570.7
119.4000      -1670.560    -1699.800       29.240   565.5
119.6000      -1666.864    -1696.999       30.135   582.8
119.8000      -1666.608    -1697.959       31.350   606.3
120.0000      -1667.975    -1697.887       29.912   578.5
120.2000      -1667.710    -1697.735       30.025   580.7
120.4000      -1666.411    -1696.831       30.420   588.4
120.6000      -1663.320    -1696.108       32.788   634.1
120.8000      -1664.100    -1697.219       33.118   640.5
121.0000      -1663.764    -1697.091       33.327   644.6
121.2000      -1664.541    -1696.820       32.278   624.3
121.4000      -1663.799    -1696.461       32.662   631.7
121.6000      -1665.042    -1696.282       31.240   604.2
121.8000      -1666.130    -1696.368       30.238   584.8
122.0000      -1663.566    -1696.351       32.784   634.1
122.2000      -1662.359    -1695.150       32.791   634.2
122.4000      -1662.826    -1695.991       33.165   641.4
122.6000      -1663.072    -1696.155       33.083   639.9
122.8000      -1661.174    -1695.433       34.259   662.6
123.0000      -1663.319    -1696.172       32.853   635.4
123.2000      -1666.270    -1697.237       30.966   598.9
123.4000      -1667.394    -1698.079       30.684   593.5
123.6000      -1668.654    -1698.566       29.912   578.5
123.8000      -1669.148    -1701.017       31.869   616.4
124.0000      -1669.952    -1699.155       29.203   564.8
124.2000      -1665.988    -1696.944       30.956   598.7
124.4000      -1665.848    -1696.663       30.816   596.0
124.6000      -1663.637    -1695.831       32.194   622.7
124.8000      -1663.514    -1698.301       34.787   672.8
125.0000      -1666.418    -1697.875       31.457   608.4
125.2000      -1665.242    -1697.271       32.030   619.5
125.4000      -1666.385    -1696.593       30.208   584.2
125.6000      -1663.794    -1696.132       32.338   625.4
125.8000      -1664.282    -1696.551       32.268   624.1
126.0000      -1663.128    -1693.269       30.142   583.0
126.2000      -1663.991    -1694.808       30.817   596.0
126.4000      -1667.503    -1698.411       30.907   597.8
126.6000      -1665.355    -1695.027       29.672   573.9
126.8000      -1664.632    -1697.568       32.936   637.0
127.0000      -1661.615    -1694.988       33.373   645.5
127.2000      -1661.861    -1694.833       32.972   637.7
127.4000      -1663.637    -1695.954       32.317   625.0
127.6000      -1662.633    -1696.168       33.535   648.6
127.8000      -1661.867    -1693.767       31.900   617.0
128.0000      -1664.032    -1696.941       32.909   636.5
128.2000      -1663.031    -1694.555       31.525   609.7
128.4000      -1664.323    -1696.550       32.227   623.3
128.6000      -1665.793    -1697.340       31.547   610.1
128.8000      -1663.364    -1697.845       34.481   666.9
129.0000      -1662.171    -1695.330       33.158   641.3
129.2000      -1662.460    -1696.871       34.411   665.5
129.4000      -1661.755    -1695.318       33.563   649.1
129.6000      -1662.498    -1694.109       31.612   611.4
129.8000      -1663.259    -1694.831       31.572   610.6
130.0000      -1665.419    -1696.285       30.866   597.0
130.2000      -1667.800    -1698.234       30.434   588.6
130.4000      -1667.151    -1699.116       31.965   618.2
130.6000      -1664.086    -1695.944       31.858   616.2
130.8000      -1665.007    -1697.741       32.734   633.1
131.0000      -1664.752    -1700.237       35.485   686.3
131.2000      -1664.056    -1698.460       34.404   665.4
131.4000      -1664.105    -1696.347       32.242   623.6
131.6000      -1663.841    -1696.556       32.715   632.7
131.8000      -1662.678    -1694.376       31.699   613.1
132.0000      -1661.924    -1695.148       33.224   642.6
132.2000      -1661.995    -1695.753       33.758   652.9
132.4000      -1662.991    -1696.689       33.699   651.8
132.6000      -1663.927    -1695.131       31.204   603.5
132.8000      -1664.465    -1695.982       31.517   609.6
133.0000      -1662.919    -1694.647       31.728   613.6
133.2000      -1661.842    -1693.891       32.049   619.9
133.4000      -1662.453    -1696.088       33.636   650.5
133.6000      -1663.117    -1696.784       33.667   651.1
133.8000      -1665.170    -1697.307       32.137   621.6
134.0000      -1664.055    -1697.375       33.320   644.4
134.2000      -1665.603    -1697.942       32.338   625.5
134.4000      -1662.728    -1695.349       32.621   630.9
134.6000      -1660.433    -1695.939       35.507   686.7
134.8000      -1661.977    -1695.339       33.363   645.3
135.0000      -1664.447    -1696.393       31.946   617.9
135.2000      -1664.887    -1696.128       31.240   604.2
135.4000      -1664.145    -1696.057       31.912   617.2
135.6000      -1664.835    -1696.985       32.150   621.8
135.8000      -1661.776    -1694.965       33.189   641.9
136.0000      -1660.509    -1695.597       35.087   678.6
136.2000      -1663.154    -1695.863       32.709   632.6
136.4000      -1662.912    -1695.143       32.231   623.4
136.6000      -1660.475    -1693.116       32.641   631.3
136.8000      -1662.005    -1693.497       31.492   609.1
137.0000      -1664.320    -1696.975       32.654   631.6
137.2000      -1666.383    -1698.372       31.989   618.7
137.4000      -1664.808    -1697.212       32.404   626.7
137.6000      -1668.209    -1698.577       30.368   587.3
137.8000      -1667.863    -1698.337       30.475   589.4
138.0000      -1665.994    -1698.767       32.773   633.9
138.2000      -1664.967    -1696.719       31.752   614.1
138.4000      -1663.794    -1696.114       32.320   625.1
138.6000      -1663.775    -1695.618       31.843   615.9
138.8000      -1663.010    -1695.451       32.441   627.4
139.0000      -1663.271    -1695.290       32.019   619.3
139.2000      -1664.666    -1697.526       32.861   635.6
139.4000      -1664.664    -1697.053       32.389   626.4
139.6000      -1665.377    -1696.806       31.429   607.9
139.8000      -1666.631    -1696.185       29.554   571.6
140.0000      -1667.234    -1698.353       31.119   601.9
140.2000      -1667.985    -1697.539       29.555   571.6
140.4000      -1667.821    -1697.344       29.522   571.0
140.6000      -1669.494    -1699.797       30.304   586.1
140.8000      -1668.852    -1698.627       29.775   575.9
141.0000      -1667.644    -1698.403       30.759   594.9
141.2000      -1668.489    -1700.022       31.533   609.9
141.4000      -1665.128    -1695.824       30.696   593.7
141.6000      -1665.448    -1697.491       32.043   619.7
141.8000      -1664.095    -1695.830       31.735   613.8
142.0000      -1664.522    -1695.715       31.194   603.3
142.2000      -1664.995    -1697.275       32.281   624.3
142.4000      -1668.932    -1697.912       28.980   560.5
142.6000      -1667.238    -1698.264       31.026   600.1
142.8000      -1665.486    -1697.259       31.774   614.5
143.0000      -1665.794    -1698.010       32.216   623.1
143.2000      -1667.221    -1696.463       29.242   565.6
143.4000      -1667.926    -1698.927       31.002   599.6
143.6000      -1667.783    -1697.449       29.666   573.8
143.8000      -1666.387    -1696.924       30.537   590.6
144.0000      -1664.762    -1696.903       32.141   621.6
144.2000      -1663.981    -1697.136       33.156   641.3
144.4000      -1665.049    -1698.030       32.981   637.9
144.6000      -1663.944    -1696.487       32.544   629.4
144.8000      -1665.299    -1698.480       33.181   641.8
145.0000      -1668.707    -1698.603       29.896   578.2
145.2000      -1665.660    -1697.657       31.997   618.9
145.4000      -1662.655    -1697.115       34.460   666.5
145.6000      -1663.976    -1696.941       32.965   637.6
145.8000      -1663.981    -1695.142       31.161   602.7
146.0000      -1663.914    -1697.080       33.165   641.4
146.2000      -1661.981    -1695.962       33.981   657.2
146.4000      -1662.812    -1695.906       33.094   640.1
146.6000      -1662.565    -1695.610       33.045   639.1
146.8000      -1661.815    -1693.682       31.866   616.3
147.0000      -1664.960    -1697.007       32.047   619.8
147.2000      -1665.268    -1697.627       32.359   625.8
147.4000      -1665.491    -1697.261       31.770   614.5
147.6000      -1662.642    -1695.109       32.467   627.9
147.8000      -1663.417    -1694.861       31.444   608.2
148.0000      -1667.198    -1697.274       30.076   581.7
148.2000      -1664.037    -1695.545       31.508   609.4
148.4000      -1666.537    -1697.728       31.191   603.3
148.6000      -1666.461    -1696.067       29.607   572.6
148.8000      -1665.988    -1697.718       31.729   613.7
149.0000      -1665.030    -1697.234       32.204   622.9
149.2000      -1667.308    -1696.590       29.282   566.3
149.4000      -1664.665    -1695.771       31.106   601.6
149.6000      -1665.134    -1698.272       33.139   640.9
149.8000      -1662.105    -1695.373       33.268   643.4
150.0000      -1663.377    -1695.321       31.945   617.8
150.2000      -1664.911    -1694.951       30.040   581.0
150.4000      -1662.703    -1695.840       33.137   640.9
150.6000      -1663.546    -1698.902       35.356   683.8
150.8000      -1664.007    -1695.516       31.509   609.4
151.0000      -1662.611    -1692.350       29.738   575.2
151.2000      -1664.021    -1695.288       31.267   604.7
151.4000      -1666.120    -1695.741       29.622   572.9
151.6000      -1665.509    -1696.093       30.584   591.5
151.8000      -1666.822    -1698.154       31.332   606.0
152.0000      -1666.379    -1697.057       30.677   593.3
152.2000      -1666.030    -1698.341       32.311   624.9
152.4000      -1667.408    -1698.618       31.210   603.6
152.6000      -1667.024    -1697.486       30.462   589.2
152.8000      -1667.015    -1697.242       30.226   584.6
153.0000      -1665.378    -1697.544       32.165   622.1
153.2000      -1665.795    -1696.466       30.671   593.2
153.4000      -1665.002    -1697.676       32.674   631.9
153.6000      -1664.358    -1697.714       33.356   645.1
153.8000      -1662.255    -1695.175       32.920   636.7
154.0000      -1663.958    -1696.166       32.207   622.9
154.2000      -1665.173    -1696.284       31.110   601.7
154.4000      -1662.353    -1696.724       34.371   664.8
154.6000      -1664.129    -1695.091       30.963   598.8
154.8000      -1664.680    -1696.492       31.812   615.3
155.0000      -1666.086    -1697.318       31.232   604.1
155.2000      -1666.566    -1698.197       31.631   611.8
155.4000      -1666.169    -1699.203       33.034   638.9
155.6000      -1666.945    -1696.726       29.782   576.0
155.8000      -1663.479    -1696.515       33.036   638.9
156.0000      -1664.984    -1696.085       31.101   601.5
156.2000      -1665.915    -1696.513       30.597   591.8
156.4000      -1665.037    -1695.547       30.510   590.1
156.6000      -1663.686    -1696.098       32.412   626.9
156.8000      -1663.127    -1697.623       34.495   667.2
157.0000      -1663.934    -1695.501       31.566   610.5
157.2000      -1665.795    -1696.009       30.214   584.4
157.4000      -1664.543    -1695.497       30.954   598.7
157.6000      -1664.811    -1695.828       31.016   599.9
157.8000      -1664.339    -1697.320       32.981   637.9
158.0000      -1663.900    -1696.781       32.881   635.9
158.2000      -1664.741    -1696.628       31.887   616.7
158.4000      -1664.292    -1699.367       35.075   678.4
158.6000      -1664.941    -1696.884       31.943   617.8
158.8000      -1665.961    -1697.938       31.977   618.5
159.0000      -1665.530    -1696.474       30.944   598.5
159.2000      -1664.915    -1696.898       31.983   618.6
159.4000      -1665.706    -1695.857       30.151   583.2
159.6000      -1667.217    -1697.002       29.786   576.1
159.8000      -1667.181    -1697.856       30.675   593.3
160.0000      -1665.836    -1695.492       29.656   573.6
160.2000      -1665.757    -1695.187       29.430   569.2
160.4000      -1665.873    -1695.815       29.942   579.1
160.6000      -1665.294    -1697.720       32.426   627.1
160.8000      -1667.152    -1698.014       30.863   596.9
161.0000      -1666.947    -1697.855       30.908   597.8
161.2000      -1665.657    -1697.448       31.791   614.9
161.4000      -1666.404    -1697.363       30.959   598.8
161.6000      -1667.739    -1698.701       30.962   598.8
161.8000      -1664.107    -1695.427       31.320   605.8
162.0000      -1664.240    -1694.903       30.662   593.0
162.2000      -1665.424    -1697.000       31.576   610.7
162.4000      -1664.623    -1696.402       31.780   614.6
162.6000      -1666.762    -1697.318       30.556   591.0
162.8000      -1663.089    -1695.681       32.592   630.4
163.0000      -1665.916    -1696.910       30.994   599.4
163.2000      -1665.851    -1697.612       31.761   614.3
163.4000      -1662.993    -1694.983       31.990   618.7
163.6000      -1663.586    -1694.729       31.143   602.3
163.8000      -1665.205    -1695.862       30.657   592.9
164.0000      -1664.828    -1694.448       29.621   572.9
164.2000      -1664.216    -1695.505       31.289   605.2
164.4000      -1664.095    -1695.920       31.825   615.5
164.6000      -1664.604    -1695.724       31.120   601.9
164.8000      -1663.758    -1694.853       31.095   601.4
165.0000      -1664.108    -1696.341       32.234   623.4
165.2000      -1664.484    -1696.127       31.644   612.0
165.4000      -1663.615    -1695.908       32.293   624.6
165.6000      -1660.228    -1692.908       32.679   632.0
165.8000      -1662.167    -1694.271       32.104   620.9
166.0000      -1662.052    -1695.101       33.049   639.2
166.2000      -1665.358    -1696.636       31.278   604.9
166.4000      -1664.571    -1695.775       31.204   603.5
166.6000      -1664.491    -1696.198       31.706   613.2
166.8000      -1666.015    -1699.066       33.051   639.2
167.0000      -1667.437    -1696.678       29.241   565.5
167.2000      -1666.476    -1695.895       29.418   569.0
167.4000      -1667.601    -1699.636       32.035   619.6
167.6000      -1663.962    -1696.678       32.716   632.8
167.8000      -1663.629    -1695.830       32.201   622.8
168.0000      -1660.699    -1693.874       33.174   641.6
168.2000      -1664.626    -1697.045       32.419   627.0
168.4000      -1664.656    -1696.463       31.807   615.2
168.6000      -1663.804    -1694.984       31.180   603.0
168.8000      -1663.273    -1695.610       32.337   625.4
169.0000      -1665.659    -1699.397       33.739   652.5
169.2000      -1664.941    -1697.965       33.023   638.7
169.4000      -1665.103    -1696.448       31.344   606.2
169.6000      -1666.065    -1697.206       31.140   602.3
169.8000      -1664.642    -1696.878       32.236   623.5
170.0000      -1664.625    -1697.402       32.778   633.9
170.2000      -1661.600    -1693.675       32.076   620.4
170.4000      -1662.628    -1695.449       32.821   634.8
170.6000      -1663.068    -1694.544       31.476   608.8
170.8000      -1665.173    -1697.865       32.691   632.3
171.0000      -1665.820    -1698.019       32.198   622.7
171.2000      -1664.651    -1698.049       33.397   645.9
171.4000      -1666.624    -1698.032       31.408   607.5
171.6000      -1665.257    -1697.046       31.789   614.8
171.8000      -1665.910    -1695.340       29.430   569.2
172.0000      -1663.777    -1695.301       31.524   609.7
172.2000      -1663.249    -1696.360       33.110   640.4
172.4000      -1664.168    -1694.732       30.563   591.1
172.6000      -1664.393    -1697.537       33.144   641.0
172.8000      -1665.029    -1697.740       32.710   632.6
173.0000      -1664.818    -1695.149       30.331   586.6
173.2000      -1665.423    -1697.493       32.070   620.3
173.4000      -1665.448    -1696.439       30.990   599.4
173.6000      -1665.574    -1696.447       30.872   597.1
173.8000      -1664.395    -1695.241       30.847   596.6
174.0000      -1664.166    -1697.119       32.953   637.3
174.2000      -1665.835    -1697.627       31.792   614.9
174.4000      -1663.688    -1696.775       33.087   639.9
174.6000      -1665.937    -1696.803       30.866   597.0
174.8000      -1662.606    -1694.814       32.208   622.9
175.0000      -1663.462    -1696.576       33.115   640.5
175.2000      -1665.588    -1696.298       30.710   594.0
175.4000      -1661.486    -1693.723       32.237   623.5
175.6000      -1663.235    -1694.816       31.581   610.8
175.8000      -1664.744    -1696.566       31.823   615.5
176.0000      -1663.630    -1694.126       30.497   589.8
176.2000      -1662.579    -1694.566       31.987   618.7
176.4000      -1660.071    -1694.036       33.965   656.9
176.6000      -1662.531    -1695.354       32.823   634.8
176.8000      -1661.789    -1695.059       33.269   643.5
177.0000      -1663.103    -1695.452       32.349   625.7
177.2000      -1663.753    -1695.490       31.736   613.8
177.4000      -1661.937    -1695.084       33.147   641.1
177.6000      -1661.904    -1696.783       34.879   674.6
177.8000      -1665.157    -1698.251       33.094   640.1
178.0000      -1666.552    -1698.743       32.191   622.6
178.2000      -1666.094    -1696.413       30.319   586.4
178.4000      -1666.848    -1697.354       30.505   590.0
178.6000      -1667.319    -1698.281       30.961   598.8
178.8000      -1663.447    -1696.445       32.998   638.2
179.0000      -1661.902    -1695.774       33.872   655.1
179.2000      -1663.407    -1695.198       31.792   614.9
179.4000      -1663.570    -1697.219       33.649   650.8
179.6000      -1666.536    -1696.187       29.651   573.5
179.8000      -1666.863    -1697.239       30.377   587.5
180.0000      -1666.725    -1699.458       32.733   633.1
180.2000      -1666.028    -1697.362       31.334   606.0
180.4000      -1663.655    -1696.012       32.357   625.8
180.6000      -1664.714    -1696.454       31.740   613.9
180.8000      -1664.114    -1696.859       32.745   633.3
181.0000      -1662.820    -1694.773       31.954   618.0
181.2000      -1661.013    -1694.790       33.777   653.3
181.4000      -1663.256    -1694.017       30.761   594.9
181.6000      -1662.874    -1694.750       31.875   616.5
181.8000      -1667.117    -1696.232       29.115   563.1
182.0000      -1665.916    -1696.059       30.142   583.0
182.2000      -1665.776    -1698.078       32.302   624.7
182.4000      -1666.032    -1696.780       30.748   594.7
182.6000      -1665.379    -1698.991       33.612   650.1
182.8000      -1667.222    -1695.637       28.415   549.6
183.0000      -1665.194    -1698.389       33.196   642.0
183.2000      -1667.331    -1697.870       30.539   590.6
183.4000      -1664.341    -1695.462       31.121   601.9
183.6000      -1663.419    -1695.702       32.283   624.4
183.8000      -1663.301    -1696.180       32.879   635.9
184.0000      -1661.985    -1694.314       32.329   625.3
184.2000      -1665.164    -1696.504       31.340   606.2
184.4000      -1667.857    -1698.912       31.055   600.6
184.6000      -1666.157    -1696.179       30.022   580.7
184.8000      -1666.550    -1697.031       30.481   589.5
185.0000      -1664.755    -1697.922       33.167   641.5
185.2000      -1666.334    -1696.152       29.817   576.7
185.4000      -1667.267    -1697.601       30.334   586.7
185.6000      -1668.436    -1698.349       29.913   578.5
185.8000      -1665.884    -1696.318       30.434   588.6
186.0000      -1666.109    -1696.770       30.660   593.0
186.2000      -1666.067    -1695.564       29.498   570.5
186.4000      -1669.766    -1701.023       31.258   604.6
186.6000      -1668.867    -1698.375       29.509   570.7
186.8000      -1666.384    -1698.163       31.779   614.6
187.0000      -1664.121    -1697.273       33.152   641.2
187.2000      -1664.157    -1695.712       31.555   610.3
187.4000      -1662.586    -1694.338       31.751   614.1
187.6000      -1662.712    -1696.196       33.484   647.6
187.8000      -1665.640    -1697.020       31.380   606.9
188.0000      -1665.311    -1697.764       32.453   627.7
188.2000      -1665.725    -1696.993       31.268   604.7
188.4000      -1664.763    -1695.363       30.601   591.8
188.6000      -1666.325    -1697.295       30.970   599.0
188.8000      -1666.828    -1696.672       29.844   577.2
189.0000      -1667.412    -1697.826       30.415   588.2
189.2000      -1668.218    -1698.554       30.336   586.7
189.4000      -1666.780    -1697.187       30.407   588.1
189.6000      -1666.423    -1696.461       30.038   581.0
189.8000      -1665.508    -1697.886       32.379   626.2
190.0000      -1663.898    -1697.113       33.214   642.4
190.2000      -1664.372    -1694.778       30.406   588.1
190.4000      -1663.804    -1696.415       32.611   630.7
190.6000      -1663.528    -1696.072       32.544   629.4
190.8000      -1664.745    -1696.592       31.848   616.0
191.0000      -1662.552    -1694.392       31.839   615.8
191.2000      -1667.637    -1697.894       30.257   585.2
191.4000      -1667.836    -1698.512       30.676   593.3
191.6000      -1666.897    -1697.550       30.653   592.9
191.8000      -1664.799    -1693.421       28.622   553.6
192.0000      -1665.796    -1697.388       31.592   611.0
192.2000      -1665.550    -1696.831       31.281   605.0
192.4000      -1665.953    -1696.562       30.609   592.0
192.6000      -1663.510    -1696.698       33.188   641.9
192.8000      -1663.103    -1695.500       32.397   626.6
193.0000      -1664.826    -1698.469       33.642   650.7
193.2000      -1664.667    -1696.677       32.011   619.1
193.4000      -1660.105    -1694.141       34.036   658.3
193.6000      -1661.763    -1695.246       33.483   647.6
193.8000      -1662.852    -1694.406       31.555   610.3
194.0000      -1663.860    -1694.865       31.005   599.7
194.2000      -1664.862    -1696.707       31.845   615.9
194.4000      -1665.886    -1696.728       30.842   596.5
194.6000      -1665.885    -1697.756       31.870   616.4
194.8000      -1664.706    -1695.769       31.062   600.8
195.0000      -1667.852    -1697.050       29.198   564.7
195.2000      -1667.128    -1697.760       30.632   592.5
195.4000      -1667.196    -1697.482       30.286   585.8
195.6000      -1666.655    -1696.768       30.112   582.4
195.8000      -1668.409    -1697.823       29.414   568.9
196.0000      -1665.346    -1696.235       30.889   597.4
196.2000      -1664.281    -1694.646       30.365   587.3
196.4000      -1663.370    -1695.848       32.478   628.1
196.6000      -1662.555    -1695.138       32.583   630.2
196.8000      -1663.712    -1696.327       32.616   630.8
197.0000      -1663.538    -1697.072       33.534   648.6
197.2000      -1665.813    -1696.026       30.213   584.4
197.4000      -1663.979    -1696.577       32.597   630.5
197.6000      -1664.260    -1695.745       31.485   608.9
197.8000      -1662.118    -1693.515       31.397   607.2
198.0000      -1662.461    -1695.944       33.484   647.6
198.2000      -1662.684    -1696.079       33.395   645.9
198.4000      -1662.930    -1695.381       32.451   627.6
198.6000      -1662.383    -1696.468       34.085   659.2
198.8000      -1663.502    -1696.409       32.907   636.4
199.0000      -1663.817    -1696.429       32.613   630.8
199.2000      -1666.139    -1697.081       30.942   598.4
199.4000      -1665.755    -1696.531       30.777   595.3
199.6000      -1664.538    -1696.256       31.718   613.4
199.8000      -1664.950    -1696.589       31.640   611.9
200.0000      -1666.174    -1698.246       32.073   620.3
