Time[ps]      Etot[eV]     Epot[eV]     Ekin[eV]    T[K]
0.0000        -1677.128    -1704.154       27.026   522.7
0.2000        -1677.940    -1704.463       26.523   513.0
0.4000        -1678.977    -1704.743       25.766   498.3
0.6000        -1677.425    -1703.716       26.291   508.5
0.8000        -1676.914    -1704.578       27.664   535.0
1.0000        -1678.109    -1704.454       26.345   509.5
1.2000        -1676.701    -1702.621       25.920   501.3
1.4000        -1675.722    -1703.147       27.425   530.4
1.6000        -1677.290    -1704.761       27.472   531.3
1.8000        -1673.315    -1701.461       28.147   544.4
2.0000        -1675.048    -1702.582       27.534   532.5
2.2000        -1675.876    -1703.410       27.534   532.5
2.4000        -1673.446    -1701.938       28.492   551.1
2.6000        -1675.786    -1703.575       27.790   537.5
2.8000        -1675.777    -1703.330       27.553   532.9
3.0000        -1675.875    -1702.460       26.585   514.2
3.2000        -1673.626    -1703.012       29.386   568.4
3.4000        -1674.082    -1704.052       29.971   579.7
3.6000        -1674.270    -1701.096       26.827   518.8
3.8000        -1675.234    -1702.487       27.253   527.1
4.0000        -1672.887    -1700.575       27.688   535.5
4.2000        -1674.819    -1701.709       26.890   520.1
4.4000        -1676.503    -1702.069       25.566   494.5
4.6000        -1674.168    -1701.950       27.781   537.3
4.8000        -1677.831    -1703.159       25.327   489.9
5.0000        -1678.443    -1702.586       24.144   467.0
5.2000        -1678.241    -1703.017       24.776   479.2
5.4000        -1679.942    -1704.875       24.933   482.2
5.6000        -1677.856    -1704.110       26.254   507.8
5.8000        -1678.641    -1703.952       25.311   489.5
6.0000        -1676.471    -1704.060       27.590   533.6
6.2000        -1676.058    -1703.013       26.955   521.3
6.4000        -1676.664    -1703.098       26.434   511.3
6.6000        -1675.260    -1702.204       26.943   521.1
6.8000        -1674.236    -1701.226       26.990   522.0
7.0000        -1675.576    -1702.183       26.607   514.6
7.2000        -1676.192    -1702.396       26.204   506.8
7.4000        -1676.512    -1701.904       25.392   491.1
7.6000        -1675.444    -1702.164       26.720   516.8
7.8000        -1678.121    -1703.005       24.884   481.3
8.0000        -1679.697    -1704.952       25.255   488.5
8.2000        -1676.979    -1703.455       26.476   512.1
8.4000        -1677.314    -1703.250       25.936   501.6
8.6000        -1678.060    -1703.891       25.831   499.6
8.8000        -1678.409    -1703.456       25.047   484.4
9.0000        -1674.871    -1702.626       27.755   536.8
9.2000        -1675.135    -1700.763       25.628   495.7
9.4000        -1676.366    -1704.537       28.171   544.9
9.6000        -1674.746    -1702.426       27.681   535.4
9.8000        -1677.597    -1702.207       24.609   476.0
10.0000       -1676.935    -1703.519       26.585   514.2
10.2000       -1678.645    -1704.248       25.603   495.2
10.4000       -1677.534    -1703.856       26.322   509.1
10.6000       -1675.116    -1701.261       26.145   505.7
10.8000       -1675.165    -1701.656       26.491   512.4
11.0000       -1674.481    -1701.911       27.430   530.5
11.2000       -1676.789    -1701.651       24.862   480.9
11.4000       -1677.393    -1703.011       25.618   495.5
11.6000       -1676.817    -1702.955       26.139   505.5
11.8000       -1675.971    -1702.369       26.397   510.5
12.0000       -1675.611    -1703.479       27.868   539.0
12.2000       -1675.705    -1703.606       27.901   539.6
12.4000       -1674.092    -1701.412       27.321   528.4
12.6000       -1676.874    -1703.721       26.847   519.3
12.8000       -1677.276    -1703.804       26.528   513.1
13.0000       -1675.022    -1702.896       27.874   539.1
13.2000       -1673.353    -1701.772       28.419   549.6
13.4000       -1674.378    -1700.925       26.546   513.4
13.6000       -1677.177    -1702.090       24.913   481.8
13.8000       -1673.864    -1701.991       28.127   544.0
14.0000       -1673.705    -1699.840       26.135   505.5
14.2000       -1673.091    -1700.430       27.339   528.8
14.4000       -1674.843    -1703.042       28.200   545.4
14.6000       -1675.096    -1702.814       27.718   536.1
14.8000       -1674.025    -1701.028       27.002   522.3
15.0000       -1674.446    -1700.780       26.334   509.3
15.2000       -1674.345    -1702.018       27.673   535.2
15.4000       -1674.404    -1700.847       26.443   511.4
15.6000       -1673.910    -1702.679       28.769   556.4
15.8000       -1672.723    -1701.942       29.219   565.1
16.0000       -1672.267    -1700.250       27.983   541.2
16.2000       -1675.087    -1701.433       26.346   509.6
16.4000       -1673.658    -1700.814       27.156   525.2
16.6000       -1675.408    -1702.075       26.667   515.8
16.8000       -1676.899    -1703.995       27.096   524.1
17.0000       -1675.206    -1702.469       27.263   527.3
17.2000       -1675.541    -1701.963       26.422   511.0
17.4000       -1675.339    -1703.373       28.034   542.2
17.6000       -1672.639    -1700.394       27.755   536.8
17.8000       -1675.342    -1701.267       25.925   501.4
18.0000       -1673.524    -1701.620       28.096   543.4
18.2000       -1675.955    -1702.119       26.165   506.0
18.4000       -1672.344    -1700.911       28.567   552.5
18.6000       -1672.365    -1700.820       28.455   550.3
18.8000       -1674.495    -1701.437       26.942   521.1
19.0000       -1673.650    -1701.771       28.121   543.9
19.2000       -1675.859    -1701.779       25.920   501.3
19.4000       -1674.058    -1701.546       27.488   531.6
19.6000       -1672.797    -1700.121       27.324   528.5
19.8000       -1672.422    -1700.756       28.335   548.0
20.0000       -1672.724    -1700.509       27.785   537.4
20.2000       -1674.783    -1701.498       26.715   516.7
20.4000       -1675.300    -1701.164       25.864   500.2
20.6000       -1675.600    -1702.014       26.414   510.9
20.8000       -1676.746    -1703.369       26.622   514.9
21.0000       -1676.738    -1702.944       26.206   506.9
21.2000       -1676.495    -1702.782       26.287   508.4
21.4000       -1676.873    -1703.207       26.333   509.3
21.6000       -1677.283    -1702.362       25.079   485.1
21.8000       -1675.667    -1701.393       25.726   497.6
22.0000       -1675.074    -1701.910       26.836   519.0
22.2000       -1674.042    -1699.827       25.784   498.7
22.4000       -1675.851    -1702.021       26.170   506.1
22.6000       -1674.082    -1701.490       27.408   530.1
22.8000       -1674.066    -1701.925       27.859   538.8
23.0000       -1674.887    -1701.660       26.773   517.8
23.2000       -1675.973    -1701.826       25.853   500.0
23.4000       -1676.548    -1702.825       26.277   508.2
23.6000       -1676.342    -1702.466       26.125   505.3
23.8000       -1676.763    -1701.816       25.053   484.6
24.0000       -1675.943    -1702.985       27.043   523.0
24.2000       -1676.797    -1703.508       26.711   516.6
24.4000       -1675.908    -1701.749       25.840   499.8
24.6000       -1674.434    -1702.329       27.895   539.5
24.8000       -1675.345    -1703.679       28.334   548.0
25.0000       -1673.526    -1701.244       27.718   536.1
25.2000       -1675.165    -1701.988       26.823   518.8
25.4000       -1674.066    -1702.452       28.386   549.0
25.6000       -1677.281    -1702.818       25.536   493.9
25.8000       -1679.199    -1704.958       25.759   498.2
26.0000       -1677.581    -1703.341       25.760   498.2
26.2000       -1676.561    -1701.444       24.883   481.3
26.4000       -1675.218    -1700.357       25.139   486.2
26.6000       -1675.264    -1703.395       28.131   544.1
26.8000       -1675.731    -1703.100       27.369   529.3
27.0000       -1674.526    -1702.576       28.050   542.5
27.2000       -1674.633    -1701.854       27.221   526.5
27.4000       -1675.370    -1702.711       27.341   528.8
27.6000       -1679.002    -1704.528       25.526   493.7
27.8000       -1679.081    -1705.115       26.034   503.5
28.0000       -1675.282    -1702.690       27.408   530.1
28.2000       -1674.149    -1701.169       27.020   522.6
28.4000       -1671.871    -1700.207       28.336   548.0
28.6000       -1672.300    -1702.338       30.038   581.0
28.8000       -1672.863    -1700.841       27.978   541.1
29.0000       -1673.744    -1701.692       27.948   540.5
29.2000       -1674.333    -1700.622       26.289   508.5
29.4000       -1672.257    -1700.170       27.914   539.9
29.6000       -1672.923    -1701.196       28.273   546.8
29.8000       -1676.296    -1702.875       26.579   514.1
30.0000       -1675.206    -1703.327       28.121   543.9
30.2000       -1676.807    -1703.017       26.210   506.9
30.4000       -1674.440    -1702.398       27.959   540.7
30.6000       -1675.865    -1703.118       27.253   527.1
30.8000       -1675.247    -1702.509       27.262   527.3
31.0000       -1677.441    -1703.463       26.021   503.3
31.2000       -1675.300    -1701.935       26.635   515.2
31.4000       -1675.716    -1701.102       25.385   491.0
31.6000       -1674.824    -1703.879       29.055   562.0
31.8000       -1675.025    -1701.247       26.221   507.1
32.0000       -1674.157    -1702.123       27.966   540.9
32.2000       -1674.912    -1702.598       27.686   535.5
32.4000       -1675.717    -1703.217       27.500   531.9
32.6000       -1675.976    -1702.965       26.989   522.0
32.8000       -1675.306    -1702.104       26.798   518.3
33.0000       -1675.947    -1702.547       26.601   514.5
33.2000       -1676.409    -1701.816       25.407   491.4
33.4000       -1675.189    -1702.705       27.516   532.2
33.6000       -1674.455    -1701.361       26.906   520.4
33.8000       -1674.481    -1702.564       28.083   543.1
34.0000       -1675.806    -1702.886       27.080   523.8
34.2000       -1676.349    -1701.988       25.639   495.9
34.4000       -1677.110    -1702.507       25.397   491.2
34.6000       -1675.816    -1703.402       27.586   533.5
34.8000       -1675.912    -1703.341       27.429   530.5
35.0000       -1676.212    -1703.477       27.265   527.3
35.2000       -1677.544    -1703.285       25.742   497.9
35.4000       -1677.083    -1703.688       26.605   514.6
35.6000       -1672.756    -1701.786       29.029   561.5
35.8000       -1674.370    -1701.621       27.251   527.1
36.0000       -1677.053    -1702.383       25.330   489.9
36.2000       -1676.551    -1702.844       26.293   508.5
36.4000       -1677.519    -1703.331       25.811   499.2
36.6000       -1676.697    -1703.946       27.249   527.0
36.8000       -1675.190    -1701.257       26.067   504.2
37.0000       -1674.901    -1701.055       26.154   505.8
37.2000       -1673.974    -1702.273       28.299   547.3
37.4000       -1673.402    -1701.590       28.187   545.2
37.6000       -1673.756    -1701.458       27.702   535.8
37.8000       -1675.637    -1702.984       27.347   528.9
38.0000       -1676.358    -1704.382       28.024   542.0
38.2000       -1676.101    -1703.706       27.605   533.9
38.4000       -1676.274    -1703.850       27.577   533.4
38.6000       -1675.995    -1703.463       27.468   531.2
38.8000       -1677.333    -1702.592       25.259   488.5
39.0000       -1679.703    -1704.293       24.591   475.6
39.2000       -1676.983    -1703.709       26.726   516.9
39.4000       -1676.299    -1701.968       25.668   496.4
39.6000       -1678.021    -1704.788       26.767   517.7
39.8000       -1676.302    -1702.595       26.293   508.5
40.0000       -1676.126    -1702.178       26.052   503.9
40.2000       -1675.990    -1701.389       25.399   491.2
40.4000       -1676.665    -1704.075       27.411   530.1
40.6000       -1676.778    -1704.182       27.405   530.0
40.8000       -1676.424    -1702.779       26.355   509.7
41.0000       -1678.345    -1704.529       26.183   506.4
41.2000       -1679.612    -1706.162       26.549   513.5
41.4000       -1678.454    -1703.635       25.182   487.0
41.6000       -1676.331    -1702.880       26.550   513.5
41.8000       -1679.328    -1703.901       24.574   475.3
42.0000       -1678.376    -1703.760       25.383   490.9
42.2000       -1678.220    -1704.199       25.978   502.4
42.4000       -1677.141    -1705.474       28.333   548.0
42.6000       -1674.588    -1701.101       26.513   512.8
42.8000       -1673.888    -1701.793       27.904   539.7
43.0000       -1675.112    -1700.854       25.741   497.9
43.2000       -1676.229    -1704.078       27.849   538.6
43.4000       -1679.222    -1705.406       26.184   506.4
43.6000       -1679.404    -1704.955       25.550   494.2
43.8000       -1678.392    -1702.552       24.160   467.3
44.0000       -1677.775    -1703.829       26.054   503.9
44.2000       -1677.504    -1702.710       25.205   487.5
44.4000       -1677.560    -1702.768       25.208   487.5
44.6000       -1674.596    -1702.121       27.525   532.4
44.8000       -1675.952    -1702.257       26.305   508.8
45.0000       -1674.705    -1701.990       27.285   527.7
45.2000       -1678.009    -1703.728       25.719   497.4
45.4000       -1676.129    -1702.397       26.268   508.0
45.6000       -1675.660    -1703.326       27.666   535.1
45.8000       -1676.856    -1703.556       26.701   516.4
46.0000       -1673.818    -1702.054       28.236   546.1
46.2000       -1672.018    -1698.807       26.789   518.1
46.4000       -1675.244    -1700.964       25.720   497.5
46.6000       -1676.484    -1702.859       26.375   510.1
46.8000       -1677.932    -1703.412       25.480   492.8
47.0000       -1677.224    -1705.252       28.028   542.1
47.2000       -1676.258    -1703.200       26.942   521.1
47.4000       -1675.268    -1700.662       25.394   491.1
47.6000       -1675.145    -1702.002       26.857   519.4
47.8000       -1675.742    -1702.209       26.467   511.9
48.0000       -1676.032    -1702.324       26.291   508.5
48.2000       -1676.031    -1701.855       25.825   499.5
48.4000       -1675.575    -1700.794       25.220   487.8
48.6000       -1676.004    -1702.395       26.391   510.4
48.8000       -1675.115    -1703.332       28.216   545.7
49.0000       -1673.837    -1701.717       27.880   539.2
49.2000       -1675.119    -1701.944       26.825   518.8
49.4000       -1675.118    -1702.176       27.057   523.3
49.6000       -1674.125    -1700.964       26.839   519.1
49.8000       -1673.943    -1700.211       26.268   508.1
50.0000       -1674.962    -1702.503       27.541   532.7
50.2000       -1674.849    -1701.869       27.020   522.6
50.4000       -1674.014    -1702.639       28.626   553.6
50.6000       -1674.159    -1701.112       26.953   521.3
50.8000       -1676.185    -1702.991       26.805   518.4
51.0000       -1679.159    -1702.867       23.708   458.5
51.2000       -1676.766    -1702.096       25.330   489.9
51.4000       -1678.346    -1702.954       24.608   475.9
51.6000       -1675.836    -1701.369       25.533   493.8
51.8000       -1676.049    -1701.885       25.836   499.7
52.0000       -1676.065    -1702.083       26.018   503.2
52.2000       -1675.420    -1701.685       26.265   508.0
52.4000       -1676.079    -1702.939       26.861   519.5
52.6000       -1676.450    -1702.532       26.082   504.5
52.8000       -1676.904    -1703.940       27.036   522.9
53.0000       -1674.972    -1702.274       27.301   528.0
53.2000       -1676.509    -1703.817       27.308   528.2
53.4000       -1675.991    -1701.601       25.610   495.3
53.6000       -1675.269    -1703.509       28.240   546.2
53.8000       -1673.866    -1702.810       28.944   559.8
54.0000       -1676.214    -1703.116       26.902   520.3
54.2000       -1676.925    -1702.583       25.658   496.2
54.4000       -1677.075    -1702.931       25.856   500.1
54.6000       -1677.816    -1704.102       26.287   508.4
54.8000       -1676.212    -1703.973       27.761   536.9
55.0000       -1676.454    -1702.513       26.059   504.0
55.2000       -1678.679    -1704.144       25.464   492.5
55.4000       -1676.259    -1704.388       28.129   544.0
55.6000       -1676.325    -1703.475       27.150   525.1
55.8000       -1676.611    -1702.284       25.673   496.5
56.0000       -1675.831    -1702.128       26.297   508.6
56.2000       -1674.850    -1701.809       26.959   521.4
56.4000       -1673.146    -1702.780       29.634   573.1
56.6000       -1673.065    -1701.782       28.717   555.4
56.8000       -1675.330    -1703.465       28.135   544.2
57.0000       -1676.725    -1702.734       26.009   503.0
57.2000       -1677.788    -1705.027       27.238   526.8
57.4000       -1676.973    -1702.949       25.976   502.4
57.6000       -1678.830    -1703.735       24.905   481.7
57.8000       -1674.975    -1703.918       28.943   559.8
58.0000       -1675.148    -1701.930       26.782   518.0
58.2000       -1676.096    -1703.787       27.692   535.6
58.4000       -1677.509    -1704.141       26.632   515.1
58.6000       -1677.775    -1703.626       25.851   500.0
58.8000       -1673.451    -1701.101       27.650   534.8
59.0000       -1673.249    -1700.812       27.564   533.1
59.2000       -1674.374    -1701.167       26.793   518.2
59.4000       -1674.499    -1702.896       28.397   549.2
59.6000       -1674.431    -1700.945       26.513   512.8
59.8000       -1677.790    -1702.563       24.773   479.1
60.0000       -1679.349    -1704.156       24.807   479.8
60.2000       -1679.339    -1703.795       24.456   473.0
60.4000       -1677.551    -1704.832       27.281   527.6
60.6000       -1677.493    -1703.093       25.600   495.1
60.8000       -1676.893    -1702.234       25.342   490.1
61.0000       -1679.152    -1705.037       25.885   500.6
61.2000       -1678.030    -1704.879       26.849   519.3
61.4000       -1677.700    -1703.510       25.809   499.2
61.6000       -1677.552    -1703.545       25.993   502.7
61.8000       -1677.755    -1702.893       25.138   486.2
62.0000       -1678.887    -1704.002       25.114   485.7
62.2000       -1677.675    -1704.496       26.820   518.7
62.4000       -1678.608    -1703.665       25.057   484.6
62.6000       -1678.795    -1705.202       26.407   510.7
62.8000       -1677.708    -1702.620       24.912   481.8
63.0000       -1678.094    -1704.643       26.549   513.5
63.2000       -1677.539    -1703.207       25.669   496.5
63.4000       -1677.761    -1703.433       25.672   496.5
63.6000       -1678.032    -1703.229       25.196   487.3
63.8000       -1676.703    -1702.835       26.132   505.4
64.0000       -1676.412    -1702.957       26.545   513.4
64.2000       -1677.779    -1704.993       27.214   526.3
64.4000       -1679.301    -1703.820       24.519   474.2
64.6000       -1678.479    -1705.024       26.546   513.4
64.8000       -1678.254    -1703.992       25.738   497.8
65.0000       -1675.786    -1703.345       27.560   533.0
65.2000       -1674.408    -1700.594       26.185   506.4
65.4000       -1672.375    -1699.478       27.103   524.2
65.6000       -1675.059    -1702.246       27.187   525.8
65.8000       -1673.868    -1700.818       26.950   521.2
66.0000       -1674.840    -1702.455       27.614   534.1
66.2000       -1676.898    -1702.257       25.359   490.5
66.4000       -1676.854    -1702.874       26.020   503.2
66.6000       -1676.877    -1703.004       26.127   505.3
66.8000       -1675.009    -1702.656       27.647   534.7
67.0000       -1675.757    -1701.169       25.412   491.5
67.2000       -1676.409    -1703.298       26.889   520.1
67.4000       -1676.402    -1703.160       26.757   517.5
67.6000       -1673.342    -1701.265       27.923   540.1
67.8000       -1672.549    -1699.538       26.989   522.0
68.0000       -1673.030    -1701.001       27.971   541.0
68.2000       -1670.577    -1699.381       28.804   557.1
68.4000       -1672.500    -1700.482       27.983   541.2
68.6000       -1674.454    -1702.645       28.191   545.2
68.8000       -1674.682    -1700.108       25.426   491.8
69.0000       -1672.564    -1700.315       27.751   536.7
69.2000       -1671.627    -1700.004       28.377   548.8
69.4000       -1671.803    -1701.409       29.606   572.6
69.6000       -1672.228    -1700.358       28.130   544.1
69.8000       -1673.410    -1701.423       28.013   541.8
70.0000       -1672.957    -1699.759       26.801   518.4
70.2000       -1672.500    -1700.355       27.855   538.7
70.4000       -1674.345    -1701.057       26.713   516.6
70.6000       -1677.052    -1702.892       25.840   499.8
70.8000       -1677.474    -1701.216       23.742   459.2
71.0000       -1677.090    -1702.474       25.384   491.0
71.2000       -1674.796    -1701.931       27.135   524.8
71.4000       -1673.386    -1701.815       28.429   549.8
71.6000       -1675.776    -1703.164       27.389   529.7
71.8000       -1675.762    -1703.758       27.996   541.5
72.0000       -1676.481    -1702.474       25.993   502.7
72.2000       -1675.507    -1703.229       27.723   536.2
72.4000       -1675.036    -1701.590       26.554   513.6
72.6000       -1674.436    -1700.788       26.352   509.7
72.8000       -1675.438    -1701.574       26.136   505.5
73.0000       -1676.542    -1703.976       27.434   530.6
73.2000       -1674.649    -1701.446       26.797   518.3
73.4000       -1674.128    -1701.835       27.707   535.9
73.6000       -1676.192    -1701.748       25.555   494.3
73.8000       -1675.458    -1702.198       26.740   517.2
74.0000       -1674.887    -1702.512       27.625   534.3
74.2000       -1672.322    -1699.787       27.465   531.2
74.4000       -1674.564    -1699.903       25.339   490.1
74.6000       -1674.087    -1701.055       26.968   521.6
74.8000       -1676.526    -1703.292       26.767   517.7
75.0000       -1675.160    -1701.802       26.641   515.3
75.2000       -1672.637    -1701.356       28.719   555.5
75.4000       -1672.258    -1700.809       28.551   552.2
75.6000       -1672.814    -1700.258       27.444   530.8
75.8000       -1675.776    -1703.429       27.654   534.8
76.0000       -1677.083    -1701.239       24.156   467.2
76.2000       -1676.538    -1702.066       25.527   493.7
76.4000       -1678.513    -1704.315       25.802   499.0
76.6000       -1676.943    -1704.014       27.071   523.6
76.8000       -1675.726    -1702.539       26.813   518.6
77.0000       -1674.112    -1701.137       27.025   522.7
77.2000       -1674.113    -1701.548       27.434   530.6
77.4000       -1674.524    -1702.299       27.775   537.2
77.6000       -1674.006    -1701.576       27.570   533.2
77.8000       -1672.619    -1701.776       29.158   563.9
78.0000       -1674.498    -1702.450       27.953   540.6
78.2000       -1677.986    -1703.763       25.778   498.6
78.4000       -1677.787    -1702.242       24.455   473.0
78.6000       -1678.172    -1703.621       25.449   492.2
78.8000       -1676.692    -1702.207       25.515   493.5
79.0000       -1676.828    -1703.357       26.529   513.1
79.2000       -1675.151    -1701.459       26.308   508.8
79.4000       -1675.076    -1702.790       27.714   536.0
79.6000       -1676.182    -1702.812       26.631   515.1
79.8000       -1676.094    -1702.836       26.742   517.2
80.0000       -1676.519    -1703.036       26.517   512.9
80.2000       -1674.358    -1702.547       28.189   545.2
80.4000       -1676.041    -1702.681       26.640   515.2
80.6000       -1672.877    -1702.293       29.416   568.9
80.8000       -1675.245    -1701.839       26.594   514.4
81.0000       -1676.093    -1703.444       27.351   529.0
81.2000       -1676.999    -1703.165       26.166   506.1
81.4000       -1677.152    -1702.525       25.372   490.7
81.6000       -1677.479    -1703.980       26.501   512.5
81.8000       -1677.844    -1704.673       26.829   518.9
82.0000       -1678.229    -1705.260       27.030   522.8
82.2000       -1677.724    -1705.018       27.294   527.9
82.4000       -1676.889    -1703.194       26.305   508.8
82.6000       -1677.307    -1704.381       27.074   523.6
82.8000       -1676.484    -1702.288       25.804   499.1
83.0000       -1675.601    -1703.593       27.991   541.4
83.2000       -1675.080    -1702.638       27.558   533.0
83.4000       -1674.562    -1701.256       26.694   516.3
83.6000       -1675.887    -1703.056       27.169   525.5
83.8000       -1675.392    -1702.766       27.375   529.5
84.0000       -1674.003    -1700.870       26.867   519.6
84.2000       -1671.906    -1700.564       28.658   554.3
84.4000       -1673.844    -1701.298       27.454   531.0
84.6000       -1672.795    -1700.328       27.533   532.5
84.8000       -1674.665    -1701.074       26.410   510.8
85.0000       -1673.298    -1701.248       27.950   540.6
85.2000       -1672.869    -1700.658       27.789   537.5
85.4000       -1673.306    -1702.966       29.660   573.7
85.6000       -1673.684    -1700.737       27.053   523.2
85.8000       -1672.504    -1701.779       29.275   566.2
86.0000       -1673.671    -1701.921       28.250   546.4
86.2000       -1675.658    -1700.884       25.226   487.9
86.4000       -1676.522    -1701.791       25.269   488.7
86.6000       -1676.800    -1702.944       26.144   505.6
86.8000       -1676.212    -1703.635       27.423   530.4
87.0000       -1678.895    -1704.311       25.416   491.6
87.2000       -1677.450    -1702.954       25.505   493.3
87.4000       -1677.627    -1703.865       26.238   507.5
87.6000       -1677.700    -1704.628       26.929   520.8
87.8000       -1677.203    -1703.672       26.469   511.9
88.0000       -1677.280    -1703.688       26.407   510.7
88.2000       -1676.992    -1704.133       27.141   524.9
88.4000       -1676.465    -1703.868       27.403   530.0
88.6000       -1676.878    -1704.189       27.311   528.2
88.8000       -1676.331    -1703.925       27.594   533.7
89.0000       -1677.028    -1703.488       26.460   511.8
89.2000       -1676.819    -1702.213       25.394   491.1
89.4000       -1676.685    -1703.467       26.782   518.0
89.6000       -1676.370    -1702.122       25.752   498.1
89.8000       -1676.429    -1705.258       28.829   557.6
90.0000       -1675.949    -1701.861       25.912   501.2
90.2000       -1673.575    -1701.262       27.687   535.5
90.4000       -1675.196    -1701.942       26.746   517.3
90.6000       -1676.242    -1703.528       27.286   527.7
90.8000       -1673.414    -1701.145       27.731   536.3
91.0000       -1672.785    -1700.895       28.110   543.7
91.2000       -1674.586    -1702.318       27.732   536.4
91.4000       -1677.220    -1703.188       25.968   502.2
91.6000       -1679.075    -1704.858       25.783   498.7
91.8000       -1678.846    -1704.709       25.863   500.2
92.0000       -1678.523    -1704.596       26.074   504.3
92.2000       -1677.945    -1702.514       24.569   475.2
92.4000       -1677.696    -1703.955       26.260   507.9
92.6000       -1676.168    -1702.659       26.491   512.4
92.8000       -1676.236    -1703.420       27.184   525.8
93.0000       -1675.579    -1702.371       26.792   518.2
93.2000       -1675.606    -1702.159       26.553   513.6
93.4000       -1673.958    -1701.215       27.257   527.2
93.6000       -1674.206    -1703.151       28.944   559.8
93.8000       -1675.236    -1703.251       28.015   541.8
94.0000       -1675.111    -1703.247       28.136   544.2
94.2000       -1674.722    -1701.087       26.365   509.9
94.4000       -1677.431    -1703.753       26.322   509.1
94.6000       -1678.270    -1703.648       25.378   490.8
94.8000       -1677.014    -1701.300       24.286   469.7
95.0000       -1678.810    -1705.420       26.610   514.7
95.2000       -1676.069    -1701.879       25.810   499.2
95.4000       -1675.592    -1702.696       27.104   524.2
95.6000       -1675.117    -1701.489       26.371   510.0
95.8000       -1676.760    -1701.976       25.216   487.7
96.0000       -1676.799    -1701.156       24.357   471.1
96.2000       -1677.396    -1703.218       25.822   499.4
96.4000       -1676.500    -1703.821       27.320   528.4
96.6000       -1676.190    -1702.656       26.467   511.9
96.8000       -1674.260    -1701.483       27.223   526.5
97.0000       -1676.531    -1703.492       26.961   521.4
97.2000       -1678.331    -1702.976       24.644   476.6
97.4000       -1676.808    -1703.697       26.889   520.1
97.6000       -1675.030    -1702.255       27.225   526.6
97.8000       -1676.429    -1701.748       25.319   489.7
98.0000       -1675.930    -1702.445       26.514   512.8
98.2000       -1673.417    -1699.102       25.685   496.8
98.4000       -1672.913    -1700.086       27.174   525.6
98.6000       -1671.377    -1699.126       27.749   536.7
98.8000       -1672.069    -1702.658       30.589   591.6
99.0000       -1674.009    -1700.739       26.729   517.0
99.2000       -1674.850    -1700.593       25.744   497.9
99.4000       -1675.121    -1701.889       26.768   517.7
99.6000       -1674.236    -1701.748       27.511   532.1
99.8000       -1677.516    -1702.758       25.242   488.2
100.0000      -1676.722    -1702.935       26.213   507.0
100.2000      -1675.196    -1702.732       27.537   532.6
100.4000      -1675.651    -1702.492       26.841   519.1
100.6000      -1675.087    -1702.021       26.934   520.9
100.8000      -1677.628    -1702.705       25.077   485.0
101.0000      -1677.998    -1703.551       25.554   494.2
101.2000      -1678.638    -1704.485       25.848   499.9
101.4000      -1676.103    -1701.884       25.781   498.6
101.6000      -1676.195    -1702.545       26.350   509.6
101.8000      -1675.752    -1701.947       26.194   506.6
102.0000      -1675.340    -1702.255       26.914   520.5
102.2000      -1675.995    -1702.423       26.428   511.1
102.4000      -1674.507    -1701.852       27.345   528.9
102.6000      -1675.915    -1702.999       27.084   523.8
102.8000      -1675.892    -1702.904       27.012   522.4
103.0000      -1676.975    -1702.430       25.454   492.3
103.2000      -1675.439    -1700.568       25.129   486.0
103.4000      -1674.032    -1701.584       27.553   532.9
103.6000      -1674.013    -1701.474       27.461   531.1
103.8000      -1675.254    -1701.705       26.451   511.6
104.0000      -1674.848    -1701.849       27.001   522.2
104.2000      -1675.938    -1702.958       27.019   522.6
104.4000      -1674.646    -1702.085       27.439   530.7
104.6000      -1673.840    -1699.384       25.543   494.0
104.8000      -1676.165    -1702.860       26.695   516.3
105.0000      -1674.753    -1701.479       26.726   516.9
105.2000      -1675.289    -1703.414       28.125   544.0
105.4000      -1677.413    -1703.965       26.552   513.5
105.6000      -1674.725    -1702.453       27.728   536.3
105.8000      -1675.096    -1703.177       28.081   543.1
106.0000      -1674.881    -1702.534       27.654   534.8
106.2000      -1674.449    -1702.943       28.494   551.1
106.4000      -1675.145    -1702.053       26.908   520.4
106.6000      -1673.893    -1701.290       27.397   529.9
106.8000      -1674.790    -1701.879       27.089   523.9
107.0000      -1673.866    -1701.885       28.019   541.9
107.2000      -1675.072    -1703.323       28.250   546.4
107.4000      -1675.018    -1702.862       27.844   538.5
107.6000      -1674.372    -1701.554       27.182   525.7
107.8000      -1675.449    -1702.512       27.062   523.4
108.0000      -1675.621    -1702.817       27.197   526.0
108.2000      -1675.680    -1702.601       26.921   520.7
108.4000      -1676.546    -1702.516       25.969   502.3
108.6000      -1676.473    -1703.616       27.142   525.0
108.8000      -1675.552    -1701.865       26.313   508.9
109.0000      -1675.076    -1701.986       26.911   520.5
109.2000      -1674.886    -1700.913       26.027   503.4
109.4000      -1675.492    -1701.518       26.026   503.4
109.6000      -1676.523    -1704.742       28.218   545.8
109.8000      -1677.652    -1703.543       25.892   500.8
110.0000      -1675.765    -1702.086       26.321   509.1
110.2000      -1672.570    -1701.220       28.651   554.1
110.4000      -1670.822    -1701.245       30.423   588.4
110.6000      -1674.393    -1700.301       25.908   501.1
110.8000      -1675.560    -1701.725       26.164   506.0
111.0000      -1678.100    -1703.709       25.609   495.3
111.2000      -1679.398    -1704.782       25.384   490.9
111.4000      -1677.372    -1703.437       26.065   504.1
111.6000      -1677.332    -1702.448       25.116   485.8
111.8000      -1676.758    -1702.434       25.676   496.6
112.0000      -1676.292    -1703.624       27.332   528.6
112.2000      -1675.540    -1701.877       26.336   509.4
112.4000      -1674.351    -1702.544       28.193   545.3
112.6000      -1674.684    -1702.842       28.159   544.6
112.8000      -1675.226    -1702.021       26.795   518.2
113.0000      -1676.820    -1703.618       26.798   518.3
113.2000      -1674.642    -1702.256       27.615   534.1
113.4000      -1675.583    -1703.191       27.607   534.0
113.6000      -1674.540    -1701.817       27.278   527.6
113.8000      -1675.927    -1701.815       25.888   500.7
114.0000      -1675.092    -1702.322       27.230   526.6
114.2000      -1673.945    -1699.864       25.919   501.3
114.4000      -1674.978    -1700.985       26.007   503.0
114.6000      -1675.137    -1703.356       28.219   545.8
114.8000      -1672.793    -1699.851       27.057   523.3
115.0000      -1673.324    -1700.093       26.769   517.7
115.2000      -1673.720    -1700.228       26.507   512.7
115.4000      -1674.565    -1700.338       25.773   498.5
115.6000      -1676.282    -1702.803       26.522   513.0
115.8000      -1676.680    -1703.929       27.249   527.0
116.0000      -1675.592    -1701.033       25.441   492.1
116.2000      -1675.726    -1702.325       26.599   514.4
116.4000      -1675.375    -1701.743       26.368   510.0
116.6000      -1675.278    -1701.097       25.819   499.4
116.8000      -1675.358    -1702.184       26.826   518.8
117.0000      -1676.051    -1702.777       26.726   516.9
117.2000      -1675.118    -1702.485       27.366   529.3
117.4000      -1673.455    -1701.052       27.597   533.7
117.6000      -1674.657    -1702.636       27.979   541.1
117.8000      -1674.937    -1702.954       28.017   541.9
118.0000      -1675.554    -1701.787       26.232   507.4
118.2000      -1675.255    -1702.108       26.853   519.4
118.4000      -1674.466    -1702.125       27.660   535.0
118.6000      -1674.237    -1701.761       27.524   532.3
118.8000      -1673.259    -1700.145       26.886   520.0
119.0000      -1675.679    -1702.931       27.252   527.1
119.2000      -1676.862    -1702.506       25.644   496.0
119.4000      -1676.152    -1702.781       26.630   515.0
119.6000      -1674.623    -1701.445       26.821   518.7
119.8000      -1674.915    -1702.017       27.102   524.2
120.0000      -1674.971    -1701.432       26.461   511.8
120.2000      -1675.428    -1703.270       27.842   538.5
120.4000      -1676.351    -1702.237       25.886   500.7
120.6000      -1674.682    -1702.052       27.370   529.4
120.8000      -1677.764    -1703.586       25.822   499.4
121.0000      -1676.073    -1703.422       27.349   528.9
121.2000      -1675.375    -1702.250       26.875   519.8
121.4000      -1675.795    -1703.089       27.293   527.9
121.6000      -1675.234    -1702.102       26.868   519.7
121.8000      -1672.692    -1700.416       27.724   536.2
122.0000      -1672.410    -1699.506       27.096   524.1
122.2000      -1675.420    -1702.444       27.024   522.7
122.4000      -1676.948    -1703.261       26.314   508.9
122.6000      -1676.395    -1701.909       25.514   493.5
122.8000      -1678.869    -1704.486       25.617   495.5
123.0000      -1676.159    -1703.398       27.239   526.8
123.2000      -1676.451    -1701.854       25.403   491.3
123.4000      -1677.333    -1703.143       25.810   499.2
123.6000      -1677.246    -1702.013       24.767   479.0
123.8000      -1678.340    -1704.441       26.101   504.8
124.0000      -1679.454    -1703.968       24.515   474.1
124.2000      -1677.761    -1704.047       26.286   508.4
124.4000      -1677.590    -1702.470       24.880   481.2
124.6000      -1676.610    -1703.797       27.186   525.8
124.8000      -1677.482    -1703.714       26.232   507.4
125.0000      -1676.416    -1703.102       26.686   516.1
125.2000      -1674.318    -1700.118       25.799   499.0
125.4000      -1674.225    -1701.184       26.959   521.4
125.6000      -1674.819    -1702.884       28.065   542.8
125.8000      -1674.428    -1702.403       27.975   541.1
126.0000      -1674.270    -1703.161       28.891   558.8
126.2000      -1675.620    -1702.244       26.624   514.9
126.4000      -1674.005    -1702.028       28.023   542.0
126.6000      -1674.095    -1700.116       26.021   503.3
126.8000      -1673.429    -1702.832       29.403   568.7
127.0000      -1670.619    -1699.535       28.915   559.2
127.2000      -1672.769    -1700.617       27.848   538.6
127.4000      -1674.335    -1701.822       27.487   531.6
127.6000      -1676.464    -1703.153       26.688   516.2
127.8000      -1673.830    -1701.885       28.054   542.6
128.0000      -1673.446    -1700.245       26.800   518.3
128.2000      -1674.549    -1700.901       26.352   509.7
128.4000      -1675.934    -1701.013       25.079   485.0
128.6000      -1675.210    -1703.115       27.905   539.7
128.8000      -1674.633    -1702.762       28.130   544.1
129.0000      -1675.207    -1700.638       25.430   491.8
129.2000      -1674.772    -1702.288       27.517   532.2
129.4000      -1677.230    -1703.077       25.847   499.9
129.6000      -1677.457    -1704.232       26.774   517.8
129.8000      -1676.191    -1703.289       27.097   524.1
130.0000      -1673.800    -1700.840       27.040   523.0
130.2000      -1674.825    -1701.428       26.603   514.5
130.4000      -1676.091    -1703.624       27.533   532.5
130.6000      -1677.409    -1704.107       26.699   516.4
130.8000      -1675.612    -1701.489       25.877   500.5
131.0000      -1675.885    -1702.688       26.803   518.4
131.2000      -1676.326    -1702.668       26.343   509.5
131.4000      -1676.363    -1704.538       28.174   544.9
131.6000      -1675.639    -1700.470       24.831   480.3
131.8000      -1676.511    -1703.053       26.542   513.4
132.0000      -1678.076    -1702.806       24.730   478.3
132.2000      -1679.517    -1704.415       24.898   481.5
132.4000      -1676.965    -1702.945       25.980   502.5
132.6000      -1678.924    -1703.348       24.424   472.4
132.8000      -1678.263    -1703.125       24.862   480.9
133.0000      -1677.671    -1702.269       24.598   475.7
133.2000      -1678.773    -1703.915       25.142   486.3
133.4000      -1678.434    -1702.468       24.034   464.8
133.6000      -1677.790    -1704.144       26.354   509.7
133.8000      -1679.121    -1703.843       24.721   478.1
134.0000      -1680.827    -1704.146       23.318   451.0
134.2000      -1680.061    -1703.176       23.115   447.1
134.4000      -1676.853    -1702.500       25.647   496.0
134.6000      -1677.812    -1703.895       26.083   504.5
134.8000      -1676.823    -1702.995       26.172   506.2
135.0000      -1677.948    -1704.618       26.670   515.8
135.2000      -1678.102    -1703.115       25.013   483.8
135.4000      -1677.624    -1702.619       24.995   483.4
135.6000      -1677.197    -1704.900       27.703   535.8
135.8000      -1677.033    -1702.629       25.596   495.1
136.0000      -1677.788    -1703.614       25.826   499.5
136.2000      -1677.087    -1703.284       26.197   506.7
136.4000      -1678.439    -1703.780       25.341   490.1
136.6000      -1676.453    -1702.380       25.927   501.5
136.8000      -1677.161    -1702.300       25.138   486.2
137.0000      -1675.768    -1701.183       25.416   491.6
137.2000      -1674.303    -1703.220       28.917   559.3
137.4000      -1676.074    -1703.758       27.683   535.4
137.6000      -1673.487    -1702.715       29.228   565.3
137.8000      -1674.543    -1702.387       27.844   538.5
138.0000      -1677.201    -1704.177       26.976   521.7
138.2000      -1677.163    -1704.145       26.982   521.9
138.4000      -1677.126    -1703.264       26.138   505.5
138.6000      -1676.976    -1702.377       25.401   491.3
138.8000      -1677.700    -1704.680       26.980   521.8
139.0000      -1678.187    -1704.057       25.871   500.4
139.2000      -1676.906    -1704.139       27.233   526.7
139.4000      -1675.826    -1702.901       27.075   523.7
139.6000      -1676.224    -1702.026       25.802   499.0
139.8000      -1675.871    -1701.834       25.962   502.1
140.0000      -1676.731    -1702.544       25.813   499.2
140.2000      -1677.159    -1702.996       25.836   499.7
140.4000      -1675.985    -1704.447       28.462   550.5
140.6000      -1676.020    -1701.659       25.639   495.9
140.8000      -1674.541    -1701.483       26.942   521.1
141.0000      -1675.715    -1703.410       27.694   535.6
141.2000      -1675.985    -1702.041       26.056   503.9
141.4000      -1677.654    -1704.395       26.741   517.2
141.6000      -1677.749    -1704.983       27.234   526.7
141.8000      -1677.090    -1703.418       26.329   509.2
142.0000      -1676.296    -1703.531       27.236   526.8
142.2000      -1673.661    -1702.500       28.839   557.8
142.4000      -1675.563    -1701.595       26.033   503.5
142.6000      -1672.908    -1700.289       27.382   529.6
142.8000      -1674.385    -1701.987       27.602   533.8
143.0000      -1673.178    -1702.597       29.419   569.0
143.2000      -1671.699    -1699.469       27.770   537.1
143.4000      -1674.024    -1700.722       26.698   516.4
143.6000      -1673.826    -1701.025       27.198   526.0
143.8000      -1674.697    -1701.080       26.383   510.3
144.0000      -1674.369    -1701.358       26.988   522.0
144.2000      -1676.854    -1704.841       27.987   541.3
144.4000      -1674.414    -1701.144       26.730   517.0
144.6000      -1674.271    -1702.503       28.231   546.0
144.8000      -1675.497    -1701.933       26.437   511.3
145.0000      -1676.195    -1701.282       25.087   485.2
145.2000      -1674.397    -1701.052       26.655   515.5
145.4000      -1673.344    -1701.011       27.667   535.1
145.6000      -1673.937    -1700.758       26.820   518.7
145.8000      -1674.465    -1702.402       27.937   540.3
146.0000      -1674.927    -1701.490       26.563   513.7
146.2000      -1672.879    -1700.910       28.031   542.2
146.4000      -1672.388    -1702.090       29.702   574.5
146.6000      -1675.677    -1701.885       26.208   506.9
146.8000      -1676.877    -1702.833       25.956   502.0
147.0000      -1675.842    -1701.502       25.661   496.3
147.2000      -1674.613    -1702.130       27.516   532.2
147.4000      -1675.846    -1701.452       25.606   495.2
147.6000      -1676.852    -1702.625       25.773   498.5
147.8000      -1677.265    -1703.151       25.886   500.7
148.0000      -1677.980    -1703.858       25.879   500.5
148.2000      -1676.487    -1703.195       26.708   516.6
148.4000      -1675.649    -1701.789       26.140   505.6
148.6000      -1676.383    -1703.573       27.190   525.9
148.8000      -1677.195    -1703.918       26.723   516.9
149.0000      -1676.302    -1701.348       25.046   484.4
149.2000      -1676.963    -1702.073       25.109   485.6
149.4000      -1676.351    -1703.405       27.054   523.2
149.6000      -1675.175    -1702.316       27.141   524.9
149.8000      -1675.774    -1702.048       26.274   508.2
150.0000      -1677.059    -1703.382       26.323   509.1
150.2000      -1676.339    -1703.611       27.271   527.4
150.4000      -1676.118    -1702.953       26.835   519.0
150.6000      -1674.817    -1700.938       26.121   505.2
150.8000      -1676.413    -1702.168       25.755   498.1
151.0000      -1676.163    -1703.162       26.999   522.2
151.2000      -1675.883    -1703.542       27.659   534.9
151.4000      -1677.662    -1703.808       26.146   505.7
151.6000      -1677.874    -1702.605       24.731   478.3
151.8000      -1677.332    -1703.174       25.842   499.8
152.0000      -1676.733    -1703.037       26.304   508.7
152.2000      -1677.007    -1703.528       26.520   512.9
152.4000      -1678.639    -1703.276       24.637   476.5
152.6000      -1676.895    -1704.373       27.478   531.4
152.8000      -1674.596    -1702.544       27.948   540.5
153.0000      -1676.092    -1703.695       27.603   533.9
153.2000      -1676.801    -1703.498       26.698   516.4
153.4000      -1678.073    -1704.203       26.130   505.4
153.6000      -1674.228    -1700.940       26.712   516.6
153.8000      -1678.177    -1703.712       25.535   493.9
154.0000      -1677.234    -1702.691       25.457   492.4
154.2000      -1676.155    -1703.272       27.118   524.5
154.4000      -1674.949    -1702.715       27.767   537.0
154.6000      -1674.543    -1702.462       27.919   540.0
154.8000      -1675.677    -1703.637       27.960   540.8
155.0000      -1675.887    -1701.724       25.837   499.7
155.2000      -1674.593    -1701.568       26.975   521.7
155.4000      -1677.466    -1703.177       25.711   497.3
155.6000      -1676.554    -1703.363       26.809   518.5
155.8000      -1675.987    -1702.760       26.772   517.8
156.0000      -1677.017    -1703.832       26.814   518.6
156.2000      -1674.962    -1703.382       28.421   549.7
156.4000      -1676.525    -1701.975       25.450   492.2
156.6000      -1677.948    -1704.064       26.116   505.1
156.8000      -1677.261    -1703.436       26.175   506.3
157.0000      -1679.438    -1703.546       24.108   466.3
157.2000      -1678.522    -1704.963       26.441   511.4
157.4000      -1679.038    -1702.664       23.626   457.0
157.6000      -1676.818    -1702.167       25.349   490.3
157.8000      -1679.368    -1703.697       24.329   470.5
158.0000      -1676.830    -1703.217       26.387   510.3
158.2000      -1676.000    -1703.449       27.450   530.9
158.4000      -1676.645    -1701.177       24.532   474.5
158.6000      -1678.784    -1704.038       25.254   488.4
158.8000      -1677.967    -1703.999       26.032   503.5
159.0000      -1678.884    -1704.617       25.732   497.7
159.2000      -1677.533    -1704.301       26.767   517.7
159.4000      -1674.836    -1702.033       27.198   526.0
159.6000      -1677.669    -1704.430       26.761   517.6
159.8000      -1677.487    -1702.486       24.999   483.5
160.0000      -1677.394    -1702.995       25.600   495.1
160.2000      -1676.437    -1703.905       27.468   531.2
160.4000      -1677.564    -1704.890       27.325   528.5
160.6000      -1678.418    -1702.790       24.372   471.4
160.8000      -1675.842    -1703.020       27.178   525.6
161.0000      -1677.469    -1702.611       25.141   486.3
161.2000      -1679.248    -1705.404       26.157   505.9
161.4000      -1677.382    -1705.093       27.711   536.0
161.6000      -1678.007    -1704.584       26.577   514.0
161.8000      -1674.457    -1700.207       25.750   498.0
162.0000      -1672.756    -1700.633       27.877   539.2
162.2000      -1674.847    -1703.460       28.613   553.4
162.4000      -1675.374    -1703.327       27.953   540.6
162.6000      -1674.143    -1701.320       27.178   525.6
162.8000      -1675.718    -1703.413       27.695   535.6
163.0000      -1674.746    -1701.487       26.740   517.2
163.2000      -1673.936    -1701.814       27.878   539.2
163.4000      -1674.952    -1703.428       28.476   550.8
163.6000      -1675.416    -1701.690       26.274   508.2
163.8000      -1676.300    -1701.684       25.384   491.0
164.0000      -1677.053    -1701.723       24.670   477.1
164.2000      -1677.918    -1703.947       26.029   503.4
164.4000      -1676.468    -1701.885       25.417   491.6
164.6000      -1676.201    -1701.698       25.497   493.1
164.8000      -1676.171    -1702.167       25.996   502.8
165.0000      -1676.252    -1702.372       26.120   505.2
165.2000      -1676.451    -1702.820       26.369   510.0
165.4000      -1675.807    -1703.797       27.991   541.4
165.6000      -1675.585    -1702.958       27.372   529.4
165.8000      -1673.601    -1702.983       29.382   568.3
166.0000      -1673.135    -1700.107       26.972   521.7
166.2000      -1674.698    -1700.677       25.980   502.5
166.4000      -1674.346    -1703.089       28.743   555.9
166.6000      -1675.682    -1702.705       27.024   522.7
166.8000      -1675.962    -1703.125       27.163   525.4
167.0000      -1675.517    -1702.279       26.762   517.6
167.2000      -1674.450    -1702.670       28.220   545.8
167.4000      -1678.091    -1704.022       25.931   501.5
167.6000      -1673.894    -1701.600       27.705   535.8
167.8000      -1675.718    -1704.119       28.402   549.3
168.0000      -1674.164    -1702.545       28.381   548.9
168.2000      -1672.678    -1701.589       28.911   559.2
168.4000      -1672.703    -1700.469       27.766   537.0
168.6000      -1671.889    -1700.599       28.710   555.3
168.8000      -1672.957    -1701.078       28.122   543.9
169.0000      -1672.671    -1701.267       28.597   553.1
169.2000      -1673.520    -1701.126       27.606   533.9
169.4000      -1676.988    -1703.630       26.643   515.3
169.6000      -1678.608    -1703.873       25.265   488.7
169.8000      -1678.417    -1702.797       24.380   471.5
170.0000      -1677.556    -1703.542       25.986   502.6
170.2000      -1676.761    -1702.819       26.058   504.0
170.4000      -1676.055    -1702.644       26.588   514.2
170.6000      -1677.014    -1702.395       25.381   490.9
170.8000      -1677.081    -1703.349       26.268   508.0
171.0000      -1675.177    -1702.591       27.414   530.2
171.2000      -1672.993    -1701.799       28.806   557.1
171.4000      -1674.472    -1701.336       26.864   519.6
171.6000      -1675.333    -1703.178       27.845   538.5
171.8000      -1674.332    -1702.559       28.227   545.9
172.0000      -1674.814    -1701.138       26.324   509.1
172.2000      -1674.594    -1701.842       27.248   527.0
172.4000      -1675.363    -1703.427       28.064   542.8
172.6000      -1674.921    -1702.495       27.573   533.3
172.8000      -1674.875    -1702.037       27.162   525.3
173.0000      -1676.241    -1702.365       26.124   505.3
173.2000      -1676.231    -1702.627       26.396   510.5
173.4000      -1675.907    -1703.645       27.738   536.5
173.6000      -1675.074    -1703.627       28.553   552.2
173.8000      -1674.150    -1701.283       27.133   524.8
174.0000      -1673.886    -1700.643       26.757   517.5
174.2000      -1675.797    -1703.004       27.206   526.2
174.4000      -1674.594    -1702.344       27.749   536.7
174.6000      -1674.836    -1702.168       27.332   528.6
174.8000      -1674.784    -1701.116       26.332   509.3
175.0000      -1675.312    -1702.025       26.712   516.6
175.2000      -1675.925    -1702.389       26.464   511.8
175.4000      -1677.154    -1704.216       27.062   523.4
175.6000      -1676.412    -1703.341       26.929   520.8
175.8000      -1675.331    -1701.648       26.317   509.0
176.0000      -1676.005    -1702.309       26.304   508.8
176.2000      -1674.588    -1701.791       27.203   526.1
176.4000      -1675.051    -1701.388       26.337   509.4
176.6000      -1674.868    -1703.500       28.632   553.8
176.8000      -1674.664    -1702.424       27.760   536.9
177.0000      -1676.284    -1704.140       27.856   538.8
177.2000      -1674.209    -1702.147       27.937   540.3
177.4000      -1674.441    -1701.589       27.149   525.1
177.6000      -1673.680    -1702.712       29.032   561.5
177.8000      -1671.606    -1700.610       29.003   561.0
178.0000      -1674.985    -1703.061       28.076   543.0
178.2000      -1675.957    -1701.762       25.805   499.1
178.4000      -1675.349    -1701.863       26.513   512.8
178.6000      -1675.517    -1702.432       26.915   520.6
178.8000      -1675.998    -1701.410       25.412   491.5
179.0000      -1675.410    -1701.732       26.322   509.1
179.2000      -1676.855    -1702.668       25.813   499.2
179.4000      -1676.158    -1701.714       25.556   494.3
179.6000      -1675.617    -1702.325       26.708   516.5
179.8000      -1675.076    -1702.926       27.849   538.6
180.0000      -1675.538    -1702.645       27.108   524.3
180.2000      -1676.313    -1701.384       25.071   484.9
180.4000      -1673.874    -1700.231       26.358   509.8
180.6000      -1673.098    -1699.292       26.194   506.6
180.8000      -1675.454    -1703.296       27.842   538.5
181.0000      -1676.433    -1704.294       27.861   538.8
181.2000      -1676.141    -1702.142       26.001   502.9
181.4000      -1676.431    -1703.446       27.015   522.5
181.6000      -1676.965    -1702.921       25.955   502.0
181.8000      -1676.330    -1701.417       25.087   485.2
182.0000      -1677.057    -1702.782       25.725   497.5
182.2000      -1677.864    -1703.486       25.622   495.6
182.4000      -1676.054    -1701.527       25.473   492.7
182.6000      -1675.151    -1700.939       25.788   498.8
182.8000      -1675.857    -1702.188       26.331   509.3
183.0000      -1676.842    -1703.509       26.666   515.7
183.2000      -1675.303    -1702.545       27.242   526.9
183.4000      -1677.235    -1703.164       25.929   501.5
183.6000      -1678.119    -1702.970       24.851   480.6
183.8000      -1677.085    -1703.190       26.105   504.9
184.0000      -1676.067    -1702.424       26.357   509.8
184.2000      -1675.357    -1702.633       27.275   527.5
184.4000      -1675.730    -1703.127       27.397   529.9
184.6000      -1675.644    -1702.198       26.554   513.6
184.8000      -1675.273    -1702.367       27.094   524.0
185.0000      -1675.568    -1703.504       27.936   540.3
185.2000      -1674.914    -1700.838       25.924   501.4
185.4000      -1676.262    -1703.446       27.183   525.7
185.6000      -1677.958    -1703.483       25.525   493.7
185.8000      -1678.985    -1704.776       25.791   498.8
186.0000      -1675.264    -1701.142       25.878   500.5
186.2000      -1674.124    -1702.066       27.941   540.4
186.4000      -1673.284    -1700.257       26.973   521.7
186.6000      -1676.056    -1702.909       26.853   519.4
186.8000      -1675.252    -1702.682       27.429   530.5
187.0000      -1673.723    -1701.273       27.550   532.8
187.2000      -1670.480    -1699.434       28.954   560.0
187.4000      -1671.873    -1701.009       29.135   563.5
187.6000      -1670.641    -1699.651       29.010   561.1
187.8000      -1669.873    -1698.914       29.040   561.7
188.0000      -1672.956    -1701.003       28.047   542.5
188.2000      -1670.435    -1699.598       29.162   564.0
188.4000      -1671.892    -1699.389       27.497   531.8
188.6000      -1672.607    -1700.443       27.836   538.4
188.8000      -1673.825    -1701.172       27.347   528.9
189.0000      -1673.954    -1700.957       27.003   522.3
189.2000      -1673.770    -1701.911       28.141   544.3
189.4000      -1675.232    -1702.726       27.495   531.8
189.6000      -1674.211    -1700.722       26.512   512.8
189.8000      -1672.716    -1700.541       27.825   538.2
190.0000      -1674.579    -1701.287       26.708   516.6
190.2000      -1675.677    -1702.194       26.517   512.9
190.4000      -1676.339    -1702.421       26.082   504.4
190.6000      -1673.256    -1701.329       28.074   543.0
190.8000      -1673.643    -1702.430       28.787   556.8
191.0000      -1674.037    -1701.000       26.962   521.5
191.2000      -1673.473    -1701.453       27.980   541.2
191.4000      -1673.889    -1700.418       26.529   513.1
191.6000      -1673.683    -1700.877       27.194   526.0
191.8000      -1674.210    -1701.349       27.139   524.9
192.0000      -1673.105    -1700.897       27.792   537.5
192.2000      -1675.856    -1700.163       24.307   470.1
192.4000      -1676.448    -1703.272       26.824   518.8
192.6000      -1675.292    -1703.235       27.943   540.4
192.8000      -1676.623    -1702.008       25.384   491.0
193.0000      -1676.340    -1701.637       25.297   489.3
193.2000      -1675.479    -1702.448       26.968   521.6
193.4000      -1675.456    -1701.357       25.901   501.0
193.6000      -1676.589    -1702.053       25.464   492.5
193.8000      -1676.795    -1703.116       26.321   509.1
194.0000      -1676.671    -1703.250       26.579   514.1
194.2000      -1676.819    -1702.946       26.127   505.3
194.4000      -1676.947    -1702.249       25.303   489.4
194.6000      -1676.153    -1703.158       27.005   522.3
194.8000      -1675.596    -1701.970       26.374   510.1
195.0000      -1678.424    -1704.205       25.781   498.6
195.2000      -1676.542    -1702.334       25.792   498.8
195.4000      -1674.362    -1701.869       27.507   532.0
195.6000      -1672.234    -1700.824       28.589   552.9
195.8000      -1673.393    -1699.889       26.496   512.4
196.0000      -1672.193    -1700.275       28.082   543.1
196.2000      -1673.845    -1701.302       27.457   531.0
196.4000      -1672.302    -1700.929       28.627   553.7
196.6000      -1674.480    -1702.161       27.681   535.4
196.8000      -1673.373    -1701.805       28.432   549.9
197.0000      -1674.099    -1702.357       28.258   546.5
197.2000      -1676.874    -1703.355       26.481   512.2
197.4000      -1676.836    -1704.417       27.581   533.4
197.6000      -1678.537    -1702.530       23.993   464.0
197.8000      -1678.334    -1702.741       24.408   472.1
198.0000      -1676.798    -1703.186       26.388   510.4
198.2000      -1678.085    -1702.341       24.257   469.1
198.4000      -1676.211    -1702.652       26.441   511.4
198.6000      -1674.696    -1702.405       27.709   535.9
198.8000      -1673.958    -1702.469       28.511   551.4
199.0000      -1674.694    -1701.648       26.955   521.3
199.2000      -1676.647    -1702.512       25.865   500.2
199.4000      -1676.133    -1701.777       25.644   496.0
199.6000      -1675.130    -1702.227       27.097   524.1
199.8000      -1675.924    -1703.125       27.202   526.1
200.0000      -1676.763    -1704.124       27.361   529.2
