
     Program GIPAW v.7.3.1 starts on 11Nov2024 at 11:45:29 

     This program is part of the open-source Quantum ESPRESSO suite
     for quantum simulation of materials; please cite
         "P. Giannozzi et al., J. Phys.:Condens. Matter 21 395502 (2009);
         "P. Giannozzi et al., J. Phys.:Condens. Matter 29 465901 (2017);
         "P. Giannozzi et al., J. Chem. Phys. 152 154105 (2020);
          URL http://www.quantum-espresso.org", 
     in publications or presentations arising from this work. More details at
     http://www.quantum-espresso.org/quote

     Parallel version (MPI & OpenMP), running on       4 processor cores
     Number of MPI processes:                 4
     Threads/MPI process:                     1

     MPI processes distributed on     1 nodes
     R & G space division:  proc/nbgrp/npool/nimage =       4
     484106 MiB available memory on the printing compute node when the environment starts


     ***** This is GIPAW git revision                                          *****
     ***** you can cite: N. Varini et al., Comp. Phys. Comm. 184, 1827 (2013)  *****
     ***** in publications or presentations arising from this work.            *****

     Parallelizing q-star over 1 images
     Reading input from LZPO_nmr.in

     ------------------- Input file: --------------------
&inputgipaw
 job = 'nmr'
 prefix = 'LZPO'
 tmp_dir = './out/'
 diagonalization = 'david'
 q_gipaw = 0.01
 use_nmr_macroscopic_shape = .true.
 verbosity = 'high'
/


     Reading xml data from directory:

     ./out/LZPO.save/
     file Li.pbe-tm-gipaw-dc.UPF: wavefunction(s)  2S 2P 3S 3P renormalized
     WARNING: atomic wfc #  3 for atom typeP has zero norm
     WARNING: atomic wfc #  4 for atom typeP has zero norm
     WARNING: atomic wfc #  6 for atom typeZr has zero norm

     IMPORTANT: XC functional enforced from input :
     Exchange-correlation= PBE
                           (   1   4   3   4   0   0   0)
     Any further DFT definition will be discarded
     Please, verify this is what you really want


     Parallelization info
     --------------------
     sticks:   dense  smooth     PW     G-vecs:    dense   smooth      PW
     Min        2800    1794    476               310705   159084   21953
     Max        2801    1795    477               310706   159089   21957
     Sum       11203    7179   1905              1242821   636349   87817

     Using Slab Decomposition

     Reading collected, re-writing distributed wavefunctions
     Subspace diagonalization in iterative solution of the eigenvalue problem:
     one sub-group per band group will be used
     scalapack distributed-memory algorithm (size of sub-group:  2*  2 procs)

     GIPAW projectors -----------------------------------------------
     atom=Li     l=0  rc=    2.8000  rs=    1.8667
     atom=Li     l=1  rc=    2.8000  rs=    1.8667
     atom=Li     l=0  rc=    2.8000  rs=    1.8667
     atom=Li     l=1  rc=    2.8000  rs=    1.8667
     projs nearly linearly dependent: l=0  n1,n2= 1, 2  s=  0.99888467
     projs nearly linearly dependent: l=1  n1,n2= 1, 2  s=  0.99998898

     atom=O      l=0  rc=    1.4000  rs=    0.9333
     atom=O      l=0  rc=    1.4000  rs=    0.9333
     atom=O      l=1  rc=    1.4000  rs=    0.9333
     atom=O      l=1  rc=    1.4000  rs=    0.9333
     projs nearly linearly dependent: l=1  n1,n2= 1, 2  s=  0.99858905

     atom=P      l=0  rc=    1.9000  rs=    1.2667
     atom=P      l=1  rc=    1.9000  rs=    1.2667
     atom=P      l=0  rc=    1.9000  rs=    1.2667
     atom=P      l=1  rc=    1.9000  rs=    1.2667
     atom=P      l=2  rc=    1.9000  rs=    1.2667
     projs nearly linearly dependent: l=0  n1,n2= 1, 2  s=  0.99121032
     projs nearly linearly dependent: l=1  n1,n2= 1, 2  s=  0.99828427

     atom=Zr     l=0  rc=    1.7500  rs=    1.1667
     atom=Zr     l=0  rc=    1.7500  rs=    1.1667
     atom=Zr     l=1  rc=    1.5500  rs=    1.0333
     atom=Zr     l=1  rc=    1.5500  rs=    1.0333
     atom=Zr     l=2  rc=    1.7000  rs=    1.1333
     atom=Zr     l=2  rc=    1.7000  rs=    1.1333
     projs nearly linearly dependent: l=2  n1,n2= 1, 2  s=  0.99833268
     -----------------------------------------------------------------

     GIPAW integrals: -------------------------------------------
     Atom  i/j   nmr_para   nmr_dia   epr_rmc  epr_para   epr_dia
     Li    1 1   0.11E+03  0.25E+00  0.20E+01  0.67E+03  0.17E+01
     Li    2 2   0.11E+00  0.17E-01  0.50E-01  0.11E+01  0.99E-01
     Li    3 1   0.11E+03  0.25E+00  0.21E+01  0.69E+03  0.17E+01
     Li    3 3   0.11E+03  0.24E+00  0.21E+01  0.70E+03  0.17E+01
     Li    4 2   0.11E+00  0.16E-01  0.49E-01  0.11E+01  0.97E-01
     Li    4 4   0.11E+00  0.16E-01  0.48E-01  0.11E+01  0.95E-01
     O     1 1   0.11E+04  0.23E+00  0.84E+01  0.19E+05  0.60E+01
     O     2 1   0.12E+04  0.48E-01  0.84E+01  0.20E+05  0.47E+01
     O     2 2   0.12E+04 -0.15E+00  0.80E+01  0.20E+05  0.37E+01
     O     3 3   0.42E+01  0.12E+00  0.11E+01  0.96E+02  0.22E+01
     O     4 3   0.47E+01  0.16E+00  0.14E+01  0.11E+03  0.27E+01
     O     4 4   0.52E+01  0.20E+00  0.17E+01  0.12E+03  0.33E+01
     P     1 1   0.16E+04  0.27E+00  0.10E+02  0.49E+05  0.95E+01
     P     2 2   0.16E+02  0.30E+00  0.82E+01  0.44E+03  0.89E+01
     P     3 1   0.17E+04  0.23E+00  0.10E+02  0.51E+05  0.95E+01
     P     3 3   0.18E+04  0.17E+00  0.11E+02  0.53E+05  0.94E+01
     P     4 2   0.16E+02  0.30E+00  0.84E+01  0.45E+03  0.90E+01
     P     4 4   0.17E+02  0.29E+00  0.86E+01  0.46E+03  0.92E+01
     P     5 5   0.19E+00  0.24E-01  0.28E+00  0.63E+01  0.55E+00
     Zr    1 1   0.10E+05  0.17E+00  0.23E+02  0.80E+06  0.37E+02
     Zr    2 1   0.13E+05  0.24E+00  0.31E+02  0.11E+07  0.49E+02
     Zr    2 2   0.18E+05  0.96E-01  0.41E+02  0.14E+07  0.63E+02
     Zr    3 3   0.93E+02  0.32E+00  0.24E+02  0.72E+04  0.41E+02
     Zr    4 3   0.96E+02  0.22E+00  0.24E+02  0.75E+04  0.41E+02
     Zr    4 4   0.99E+02  0.11E+00  0.24E+02  0.78E+04  0.42E+02
     Zr    5 5   0.99E+01  0.27E+00  0.15E+02  0.67E+03  0.29E+02
     Zr    6 5   0.10E+02  0.27E+00  0.15E+02  0.69E+03  0.30E+02
     Zr    6 6   0.11E+02  0.28E+00  0.16E+02  0.72E+03  0.31E+02
     ------------------------------------------------------------

     alpha_pv=     95.5147 eV

     Number of occupied bands for each k-point:
     k-point:     1    nbnd_occ= 224
     k-point:     2    nbnd_occ= 224
     k-point:     3    nbnd_occ= 224
     k-point:     4    nbnd_occ= 224
     k-point:     5    nbnd_occ= 224
     k-point:     6    nbnd_occ= 224
     k-point:     7    nbnd_occ= 224
     k-point:     8    nbnd_occ= 224


     Message from routine gipaw_summary:
     spline_ps is .false., expect some extrapolation errors

     q-space interpolation up to    96.00 Rydberg

     GIPAW job: nmr                                                                             
     NMR macroscopic correction: yes
             0.6667          0.0000          0.0000
             0.0000          0.6667          0.0000
             0.0000          0.0000          0.6667


     Largest allocated arrays     est. size (Mb)     dimensions
        KS wavefunctions at k          68.67 Mb     (   20090,  224)
        KS wavefunctions at k+q        68.67 Mb     (   20090,  224)
        First-order wavefunctions     686.67 Mb     (   20090,  224, 10)
        Charge/spin density             2.64 Mb     (  345600,    1)
        Induced current                23.73 Mb     (  345600,    3,3,1)
        Induced magnetic field         23.73 Mb     (  345600,    3,3,1)
        NL pseudopotentials            40.46 Mb     (   20090,  132)
        GIPAW NL terms                219.49 Mb     (   20090,  716)

     Computing the magnetic susceptibility     isolve=0    ethr=  0.1000E-13
     Restarting from a previous run
     Resuming from k-point #    1   and q #  4
     k-point #    1 of     8      pool #  1    cpu time:      15.6
     compute_u_kq: q = (    0.0000,    0.0000,    0.0000)
     Rotating WFCS
     ethr =  1.00E-14,  avg # of iterations = 22.0
     eigenvalues at k:
 -44.0776 -44.0776 -44.0776 -44.0775 -43.8096 -43.8096 -43.8095 -43.8095
 -22.3532 -22.3494 -22.3484 -22.3472 -22.3420 -22.3412 -22.3388 -22.3368
 -22.3030 -22.3025 -22.2956 -22.2953 -22.0678 -22.0672 -22.0664 -22.0656
 -22.0414 -22.0400 -22.0391 -22.0375 -22.0059 -22.0049 -22.0042 -22.0038
 -16.4995 -16.3721 -16.3694 -16.3203 -16.3107 -16.2794 -16.2347 -16.1952
 -16.1831 -16.1780 -16.1477 -16.1413 -14.1272 -14.0623 -14.0610 -14.0319
 -13.9531 -13.9469 -13.9362 -13.9350 -13.9295 -13.9105 -13.8731 -13.8728
 -13.8501 -13.8134 -13.8128 -13.7984 -13.7736 -13.7561 -13.7375 -13.7339
 -13.6865 -13.6670 -13.6617 -13.6269 -13.5482 -13.5223 -13.5206 -13.4921
 -13.4878 -13.4844 -13.4765 -13.4646 -13.4565 -13.4511 -13.4483 -13.4349
  -4.4459  -4.4114  -4.2808  -4.2127  -4.1276  -4.0706  -3.9042  -3.8568
  -3.8199  -3.6529  -3.3589  -3.2200  -2.2871  -2.2792  -2.1150  -2.0879
  -2.0592  -2.0468  -2.0120  -1.9991  -1.9272  -1.9059  -1.8810  -1.8626
  -1.8136  -1.8102  -1.7452  -1.7107  -1.6947  -1.6945  -1.6347  -1.5806
  -1.3954  -1.3556  -1.2563  -1.2246  -1.1825  -1.0629  -1.0346  -1.0037
  -1.0030  -1.0010  -0.9555  -0.9205  -0.9087  -0.8979  -0.8491  -0.7569
   0.2762   0.3112   0.3756   0.4029   0.5000   0.5457   0.5520   0.5700
   0.6036   0.6184   0.6467   0.6611   0.6617   0.7140   0.7420   0.7810
   0.7825   0.8892   0.9362   0.9470   0.9555   0.9975   1.0221   1.0261
   1.0518   1.0981   1.1517   1.1613   1.2368   1.2736   1.2840   1.3298
   1.3564   1.3703   1.3908   1.4386   1.4411   1.5211   1.5252   1.5844
   1.6514   1.6837   1.6876   1.7395   1.8177   1.8318   1.8392   1.8523
   1.8674   1.8799   1.9081   1.9217   1.9499   1.9541   1.9676   2.0307
   2.1541   2.1601   2.1965   2.2043   2.3357   2.3421   2.3783   2.3937
   2.4842   2.6957   2.6989   2.7081   2.7424   2.7714   2.7738   2.8475
   2.9262   2.9393   3.0047   3.0242   3.0281   3.0451   3.0556   3.0932
   3.1696   3.1764   3.1865   3.1893   3.2031   3.3037   3.3226   3.3308
   3.3685   3.4012   3.4123   3.5227   3.5358   3.5842   3.6116   3.6797
     eigenvalues at k+q:
 -44.0776 -44.0776 -44.0775 -44.0775 -43.8095 -43.8095 -43.8095 -43.8094
 -22.3532 -22.3494 -22.3484 -22.3471 -22.3420 -22.3412 -22.3388 -22.3368
 -22.3030 -22.3024 -22.2956 -22.2953 -22.0677 -22.0671 -22.0664 -22.0655
 -22.0414 -22.0399 -22.0391 -22.0374 -22.0059 -22.0048 -22.0041 -22.0037
 -16.4995 -16.3721 -16.3694 -16.3203 -16.3107 -16.2794 -16.2347 -16.1952
 -16.1831 -16.1780 -16.1477 -16.1413 -14.1272 -14.0623 -14.0610 -14.0318
 -13.9531 -13.9469 -13.9362 -13.9350 -13.9295 -13.9106 -13.8731 -13.8728
 -13.8502 -13.8134 -13.8128 -13.7984 -13.7736 -13.7561 -13.7376 -13.7339
 -13.6865 -13.6670 -13.6617 -13.6269 -13.5482 -13.5223 -13.5207 -13.4921
 -13.4878 -13.4844 -13.4765 -13.4647 -13.4565 -13.4511 -13.4484 -13.4349
  -4.4459  -4.4114  -4.2808  -4.2127  -4.1276  -4.0706  -3.9042  -3.8568
  -3.8199  -3.6529  -3.3589  -3.2200  -2.2871  -2.2792  -2.1150  -2.0879
  -2.0592  -2.0468  -2.0120  -1.9991  -1.9272  -1.9059  -1.8810  -1.8626
  -1.8136  -1.8102  -1.7452  -1.7107  -1.6947  -1.6945  -1.6347  -1.5806
  -1.3954  -1.3556  -1.2563  -1.2246  -1.1825  -1.0629  -1.0346  -1.0037
  -1.0030  -1.0011  -0.9555  -0.9205  -0.9087  -0.8979  -0.8491  -0.7569
   0.2762   0.3112   0.3756   0.4028   0.5000   0.5457   0.5520   0.5700
   0.6036   0.6184   0.6467   0.6611   0.6617   0.7140   0.7420   0.7810
   0.7825   0.8892   0.9362   0.9470   0.9555   0.9975   1.0221   1.0261
   1.0518   1.0981   1.1517   1.1613   1.2368   1.2736   1.2839   1.3298
   1.3564   1.3703   1.3908   1.4386   1.4410   1.5211   1.5252   1.5844
   1.6514   1.6837   1.6875   1.7395   1.8177   1.8318   1.8392   1.8523
   1.8674   1.8799   1.9081   1.9217   1.9499   1.9540   1.9676   2.0307
   2.1541   2.1601   2.1965   2.2043   2.3357   2.3421   2.3783   2.3937
   2.4842   2.6957   2.6989   2.7081   2.7424   2.7713   2.7738   2.8475
   2.9262   2.9393   3.0047   3.0242   3.0281   3.0450   3.0556   3.0932
   3.1696   3.1764   3.1865   3.1893   3.2031   3.3037   3.3226   3.3308
   3.3685   3.4012   3.4123   3.5227   3.5357   3.5842   3.6116   3.6797
     compute_u_kq: q = (    0.0000,   -0.0265,    0.0000)
     Rotating WFCS
     ethr =  1.00E-14,  avg # of iterations = 22.0
     eigenvalues at k:
 -44.0776 -44.0776 -44.0776 -44.0775 -43.8096 -43.8096 -43.8095 -43.8095
 -22.3532 -22.3494 -22.3484 -22.3472 -22.3420 -22.3412 -22.3388 -22.3368
 -22.3030 -22.3025 -22.2956 -22.2953 -22.0678 -22.0672 -22.0664 -22.0656
 -22.0414 -22.0400 -22.0391 -22.0375 -22.0059 -22.0049 -22.0042 -22.0038
 -16.4995 -16.3721 -16.3694 -16.3203 -16.3107 -16.2794 -16.2347 -16.1952
 -16.1831 -16.1780 -16.1477 -16.1413 -14.1272 -14.0623 -14.0610 -14.0319
 -13.9531 -13.9469 -13.9362 -13.9350 -13.9295 -13.9105 -13.8731 -13.8728
 -13.8501 -13.8134 -13.8128 -13.7984 -13.7736 -13.7561 -13.7375 -13.7339
 -13.6865 -13.6670 -13.6617 -13.6269 -13.5482 -13.5223 -13.5206 -13.4921
 -13.4878 -13.4844 -13.4765 -13.4646 -13.4565 -13.4511 -13.4483 -13.4349
  -4.4459  -4.4114  -4.2808  -4.2127  -4.1276  -4.0706  -3.9042  -3.8568
  -3.8199  -3.6529  -3.3589  -3.2200  -2.2871  -2.2792  -2.1150  -2.0879
  -2.0592  -2.0468  -2.0120  -1.9991  -1.9272  -1.9059  -1.8810  -1.8626
  -1.8136  -1.8102  -1.7452  -1.7107  -1.6947  -1.6945  -1.6347  -1.5806
  -1.3954  -1.3556  -1.2563  -1.2246  -1.1825  -1.0629  -1.0346  -1.0037
  -1.0030  -1.0010  -0.9555  -0.9205  -0.9087  -0.8979  -0.8491  -0.7569
   0.2762   0.3112   0.3756   0.4029   0.5000   0.5457   0.5520   0.5700
   0.6036   0.6184   0.6467   0.6611   0.6617   0.7140   0.7420   0.7810
   0.7825   0.8892   0.9362   0.9470   0.9555   0.9975   1.0221   1.0261
   1.0518   1.0981   1.1517   1.1613   1.2368   1.2736   1.2840   1.3298
   1.3564   1.3703   1.3908   1.4386   1.4411   1.5211   1.5252   1.5844
   1.6514   1.6837   1.6876   1.7395   1.8177   1.8318   1.8392   1.8523
   1.8674   1.8799   1.9081   1.9217   1.9499   1.9541   1.9676   2.0307
   2.1541   2.1601   2.1965   2.2043   2.3357   2.3421   2.3783   2.3937
   2.4842   2.6957   2.6989   2.7081   2.7424   2.7714   2.7738   2.8475
   2.9262   2.9393   3.0047   3.0242   3.0281   3.0451   3.0556   3.0932
   3.1696   3.1764   3.1865   3.1893   3.2031   3.3037   3.3226   3.3308
   3.3685   3.4012   3.4123   3.5227   3.5358   3.5842   3.6116   3.6797
     eigenvalues at k+q:
 -44.0776 -44.0776 -44.0775 -44.0775 -43.8095 -43.8095 -43.8095 -43.8094
 -22.3532 -22.3494 -22.3484 -22.3471 -22.3420 -22.3412 -22.3388 -22.3368
 -22.3030 -22.3024 -22.2956 -22.2953 -22.0677 -22.0671 -22.0664 -22.0655
 -22.0414 -22.0399 -22.0391 -22.0374 -22.0059 -22.0048 -22.0041 -22.0037
 -16.4991 -16.3719 -16.3691 -16.3210 -16.3100 -16.2790 -16.2349 -16.1957
 -16.1832 -16.1780 -16.1481 -16.1418 -14.1271 -14.0624 -14.0605 -14.0317
 -13.9527 -13.9472 -13.9373 -13.9337 -13.9295 -13.9105 -13.8732 -13.8725
 -13.8503 -13.8139 -13.8124 -13.7982 -13.7733 -13.7561 -13.7374 -13.7338
 -13.6863 -13.6671 -13.6615 -13.6271 -13.5482 -13.5223 -13.5207 -13.4924
 -13.4883 -13.4843 -13.4768 -13.4646 -13.4567 -13.4512 -13.4484 -13.4352
  -4.4448  -4.4104  -4.2808  -4.2126  -4.1267  -4.0699  -3.9065  -3.8575
  -3.8180  -3.6529  -3.3613  -3.2229  -2.2882  -2.2764  -2.1149  -2.0908
  -2.0589  -2.0471  -2.0151  -1.9967  -1.9277  -1.9192  -1.8665  -1.8616
  -1.8149  -1.8117  -1.7448  -1.7116  -1.6968  -1.6869  -1.6347  -1.5800
  -1.3947  -1.3573  -1.2553  -1.2230  -1.1823  -1.0626  -1.0352  -1.0080
  -1.0013  -0.9993  -0.9560  -0.9201  -0.9091  -0.8977  -0.8488  -0.7570
   0.2763   0.3114   0.3763   0.4032   0.5003   0.5442   0.5520   0.5682
   0.6038   0.6186   0.6459   0.6511   0.6710   0.7156   0.7428   0.7780
   0.7865   0.8885   0.9359   0.9465   0.9550   0.9915   1.0235   1.0329
   1.0497   1.1002   1.1487   1.1637   1.2344   1.2750   1.2839   1.3322
   1.3559   1.3667   1.3956   1.4370   1.4433   1.5206   1.5247   1.5837
   1.6526   1.6833   1.6892   1.7387   1.8176   1.8245   1.8457   1.8524
   1.8649   1.8815   1.9069   1.9215   1.9491   1.9525   1.9680   2.0324
   2.1542   2.1600   2.1955   2.2043   2.3363   2.3429   2.3782   2.3940
   2.4851   2.6945   2.7004   2.7072   2.7419   2.7728   2.7731   2.8468
   2.9160   2.9487   3.0033   3.0246   3.0279   3.0462   3.0564   3.0940
   3.1688   3.1762   3.1875   3.1885   3.2037   3.3007   3.3213   3.3305
   3.3715   3.4005   3.4124   3.5192   3.5390   3.5842   3.6113   3.6795
     cgsolve_all iterations  38    anorm=    0.76E-07
     cgsolve_all iterations  38    anorm=    0.76E-07
     cgsolve_all iterations  38    anorm=    0.78E-07
     compute_u_kq: q = (    0.0000,    0.0000,    0.0265)
     Rotating WFCS
     ethr =  1.00E-14,  avg # of iterations = 22.0
     eigenvalues at k:
 -44.0776 -44.0776 -44.0776 -44.0775 -43.8096 -43.8096 -43.8095 -43.8095
 -22.3532 -22.3494 -22.3484 -22.3472 -22.3420 -22.3412 -22.3388 -22.3368
 -22.3030 -22.3025 -22.2956 -22.2953 -22.0678 -22.0672 -22.0664 -22.0656
 -22.0414 -22.0400 -22.0391 -22.0375 -22.0059 -22.0049 -22.0042 -22.0038
 -16.4995 -16.3721 -16.3694 -16.3203 -16.3107 -16.2794 -16.2347 -16.1952
 -16.1831 -16.1780 -16.1477 -16.1413 -14.1272 -14.0623 -14.0610 -14.0319
 -13.9531 -13.9469 -13.9362 -13.9350 -13.9295 -13.9105 -13.8731 -13.8728
 -13.8501 -13.8134 -13.8128 -13.7984 -13.7736 -13.7561 -13.7375 -13.7339
 -13.6865 -13.6670 -13.6617 -13.6269 -13.5482 -13.5223 -13.5206 -13.4921
 -13.4878 -13.4844 -13.4765 -13.4646 -13.4565 -13.4511 -13.4483 -13.4349
  -4.4459  -4.4114  -4.2808  -4.2127  -4.1276  -4.0706  -3.9042  -3.8568
  -3.8199  -3.6529  -3.3589  -3.2200  -2.2871  -2.2792  -2.1150  -2.0879
  -2.0592  -2.0468  -2.0120  -1.9991  -1.9272  -1.9059  -1.8810  -1.8626
  -1.8136  -1.8102  -1.7452  -1.7107  -1.6947  -1.6945  -1.6347  -1.5806
  -1.3954  -1.3556  -1.2563  -1.2246  -1.1825  -1.0629  -1.0346  -1.0037
  -1.0030  -1.0010  -0.9555  -0.9205  -0.9087  -0.8979  -0.8491  -0.7569
   0.2762   0.3112   0.3756   0.4029   0.5000   0.5457   0.5520   0.5700
   0.6036   0.6184   0.6467   0.6611   0.6617   0.7140   0.7420   0.7810
   0.7825   0.8892   0.9362   0.9470   0.9555   0.9975   1.0221   1.0261
   1.0518   1.0981   1.1517   1.1613   1.2368   1.2736   1.2840   1.3298
   1.3564   1.3703   1.3908   1.4386   1.4411   1.5211   1.5252   1.5844
   1.6514   1.6837   1.6876   1.7395   1.8177   1.8318   1.8392   1.8523
   1.8674   1.8799   1.9081   1.9217   1.9499   1.9541   1.9676   2.0307
   2.1541   2.1601   2.1965   2.2043   2.3357   2.3421   2.3783   2.3937
   2.4842   2.6957   2.6989   2.7081   2.7424   2.7714   2.7738   2.8475
   2.9262   2.9393   3.0047   3.0242   3.0281   3.0451   3.0556   3.0932
   3.1696   3.1764   3.1865   3.1893   3.2031   3.3037   3.3226   3.3308
   3.3685   3.4012   3.4123   3.5227   3.5358   3.5842   3.6116   3.6797
     eigenvalues at k+q:
 -44.0776 -44.0776 -44.0775 -44.0775 -43.8095 -43.8095 -43.8095 -43.8094
 -22.3532 -22.3494 -22.3484 -22.3471 -22.3420 -22.3412 -22.3388 -22.3368
 -22.3030 -22.3024 -22.2956 -22.2953 -22.0677 -22.0671 -22.0663 -22.0655
 -22.0414 -22.0399 -22.0391 -22.0374 -22.0059 -22.0049 -22.0041 -22.0037
 -16.4991 -16.3726 -16.3689 -16.3200 -16.3104 -16.2795 -16.2348 -16.1957
 -16.1831 -16.1780 -16.1480 -16.1415 -14.1271 -14.0660 -14.0576 -14.0319
 -13.9532 -13.9473 -13.9360 -13.9352 -13.9293 -13.9099 -13.8727 -13.8723
 -13.8502 -13.8134 -13.8125 -13.7983 -13.7735 -13.7557 -13.7375 -13.7337
 -13.6863 -13.6670 -13.6615 -13.6269 -13.5487 -13.5241 -13.5201 -13.4930
 -13.4873 -13.4844 -13.4764 -13.4649 -13.4566 -13.4515 -13.4480 -13.4349
  -4.4448  -4.4103  -4.2803  -4.2121  -4.1275  -4.0704  -3.9043  -3.8565
  -3.8207  -3.6532  -3.3617  -3.2233  -2.2870  -2.2792  -2.1169  -2.0869
  -2.0618  -2.0451  -2.0091  -1.9985  -1.9274  -1.9057  -1.8820  -1.8603
  -1.8141  -1.8097  -1.7446  -1.7102  -1.6954  -1.6948  -1.6336  -1.5797
  -1.3958  -1.3547  -1.2567  -1.2240  -1.1826  -1.0636  -1.0355  -1.0079
  -1.0062  -0.9969  -0.9539  -0.9197  -0.9094  -0.8975  -0.8485  -0.7573
   0.2770   0.3111   0.3758   0.4027   0.5003   0.5443   0.5498   0.5724
   0.6044   0.6177   0.6468   0.6601   0.6643   0.7141   0.7435   0.7814
   0.7820   0.8896   0.9360   0.9469   0.9520   0.9954   1.0234   1.0271
   1.0510   1.0987   1.1518   1.1621   1.2366   1.2731   1.2836   1.3301
   1.3566   1.3704   1.3911   1.4399   1.4423   1.5226   1.5251   1.5850
   1.6506   1.6841   1.6886   1.7386   1.8166   1.8327   1.8370   1.8506
   1.8687   1.8782   1.9089   1.9200   1.9488   1.9547   1.9687   2.0311
   2.1541   2.1592   2.1964   2.2041   2.3362   2.3430   2.3771   2.3962
   2.4837   2.6874   2.6978   2.7150   2.7388   2.7723   2.7748   2.8488
   2.9263   2.9375   3.0046   3.0207   3.0333   3.0449   3.0562   3.0930
   3.1673   3.1705   3.1915   3.1932   3.2014   3.3038   3.3225   3.3323
   3.3683   3.4018   3.4121   3.5231   3.5355   3.5841   3.6116   3.6793
     cgsolve_all iterations  38    anorm=    0.76E-07
     cgsolve_all iterations  38    anorm=    0.77E-07
     cgsolve_all iterations  38    anorm=    0.78E-07
     compute_u_kq: q = (    0.0000,    0.0000,   -0.0265)
     Rotating WFCS

 %%%%%%%%%%%%%%%%%%%%%%%%%%%%%%%%%%%%%%%%%%%%%%%%%%%%%%%%%%%%%%%%%%%%%%%%%%%%%%
     Error in routine  cdiaghg (513):
      problems computing cholesky
 %%%%%%%%%%%%%%%%%%%%%%%%%%%%%%%%%%%%%%%%%%%%%%%%%%%%%%%%%%%%%%%%%%%%%%%%%%%%%%

     stopping ...
