
     Program GIPAW v.7.3.1 starts on 11Nov2024 at  3:20:51 

     This program is part of the open-source Quantum ESPRESSO suite
     for quantum simulation of materials; please cite
         "P. Giannozzi et al., J. Phys.:Condens. Matter 21 395502 (2009);
         "P. Giannozzi et al., J. Phys.:Condens. Matter 29 465901 (2017);
         "P. Giannozzi et al., J. Chem. Phys. 152 154105 (2020);
          URL http://www.quantum-espresso.org", 
     in publications or presentations arising from this work. More details at
     http://www.quantum-espresso.org/quote

     Parallel version (MPI & OpenMP), running on       4 processor cores
     Number of MPI processes:                 4
     Threads/MPI process:                     1

     MPI processes distributed on     1 nodes
     R & G space division:  proc/nbgrp/npool/nimage =       4
     473433 MiB available memory on the printing compute node when the environment starts


     ***** This is GIPAW git revision                                          *****
     ***** you can cite: N. Varini et al., Comp. Phys. Comm. 184, 1827 (2013)  *****
     ***** in publications or presentations arising from this work.            *****

     Parallelizing q-star over 1 images
     Reading input from LZPO_efg.in

     ------------------- Input file: --------------------
&inputgipaw
 job = 'efg'
 prefix = 'LZPO'
 tmp_dir = './out/'
 diagonalization = 'david'
 q_gipaw = 0.01
 use_nmr_macroscopic_shape = .true.
 verbosity = 'high'
/


     Reading xml data from directory:

     ./out/LZPO.save/
     file Li.pbe-tm-gipaw-dc.UPF: wavefunction(s)  2S 2P 3S 3P renormalized
     WARNING: atomic wfc #  3 for atom typeP has zero norm
     WARNING: atomic wfc #  4 for atom typeP has zero norm
     WARNING: atomic wfc #  6 for atom typeZr has zero norm

     IMPORTANT: XC functional enforced from input :
     Exchange-correlation= PBE
                           (   1   4   3   4   0   0   0)
     Any further DFT definition will be discarded
     Please, verify this is what you really want


     Parallelization info
     --------------------
     sticks:   dense  smooth     PW     G-vecs:    dense   smooth      PW
     Min        2800    1794    476               310705   159084   21953
     Max        2801    1795    477               310706   159089   21957
     Sum       11203    7179   1905              1242821   636349   87817

     Using Slab Decomposition

     Reading collected, re-writing distributed wavefunctions
     Subspace diagonalization in iterative solution of the eigenvalue problem:
     one sub-group per band group will be used
     scalapack distributed-memory algorithm (size of sub-group:  2*  2 procs)

     GIPAW projectors -----------------------------------------------
     atom=Li     l=0  rc=    2.8000  rs=    1.8667
     atom=Li     l=1  rc=    2.8000  rs=    1.8667
     atom=Li     l=0  rc=    2.8000  rs=    1.8667
     atom=Li     l=1  rc=    2.8000  rs=    1.8667
     projs nearly linearly dependent: l=0  n1,n2= 1, 2  s=  0.99888467
     projs nearly linearly dependent: l=1  n1,n2= 1, 2  s=  0.99998898

     atom=O      l=0  rc=    1.4000  rs=    0.9333
     atom=O      l=0  rc=    1.4000  rs=    0.9333
     atom=O      l=1  rc=    1.4000  rs=    0.9333
     atom=O      l=1  rc=    1.4000  rs=    0.9333
     projs nearly linearly dependent: l=1  n1,n2= 1, 2  s=  0.99858905

     atom=P      l=0  rc=    1.9000  rs=    1.2667
     atom=P      l=1  rc=    1.9000  rs=    1.2667
     atom=P      l=0  rc=    1.9000  rs=    1.2667
     atom=P      l=1  rc=    1.9000  rs=    1.2667
     atom=P      l=2  rc=    1.9000  rs=    1.2667
     projs nearly linearly dependent: l=0  n1,n2= 1, 2  s=  0.99121032
     projs nearly linearly dependent: l=1  n1,n2= 1, 2  s=  0.99828427

     atom=Zr     l=0  rc=    1.7500  rs=    1.1667
     atom=Zr     l=0  rc=    1.7500  rs=    1.1667
     atom=Zr     l=1  rc=    1.5500  rs=    1.0333
     atom=Zr     l=1  rc=    1.5500  rs=    1.0333
     atom=Zr     l=2  rc=    1.7000  rs=    1.1333
     atom=Zr     l=2  rc=    1.7000  rs=    1.1333
     projs nearly linearly dependent: l=2  n1,n2= 1, 2  s=  0.99833268
     -----------------------------------------------------------------

     GIPAW integrals: -------------------------------------------
     Atom  i/j   nmr_para   nmr_dia   epr_rmc  epr_para   epr_dia
     Li    1 1   0.11E+03  0.25E+00  0.20E+01  0.67E+03  0.17E+01
     Li    2 2   0.11E+00  0.17E-01  0.50E-01  0.11E+01  0.99E-01
     Li    3 1   0.11E+03  0.25E+00  0.21E+01  0.69E+03  0.17E+01
     Li    3 3   0.11E+03  0.24E+00  0.21E+01  0.70E+03  0.17E+01
     Li    4 2   0.11E+00  0.16E-01  0.49E-01  0.11E+01  0.97E-01
     Li    4 4   0.11E+00  0.16E-01  0.48E-01  0.11E+01  0.95E-01
     O     1 1   0.11E+04  0.23E+00  0.84E+01  0.19E+05  0.60E+01
     O     2 1   0.12E+04  0.48E-01  0.84E+01  0.20E+05  0.47E+01
     O     2 2   0.12E+04 -0.15E+00  0.80E+01  0.20E+05  0.37E+01
     O     3 3   0.42E+01  0.12E+00  0.11E+01  0.96E+02  0.22E+01
     O     4 3   0.47E+01  0.16E+00  0.14E+01  0.11E+03  0.27E+01
     O     4 4   0.52E+01  0.20E+00  0.17E+01  0.12E+03  0.33E+01
     P     1 1   0.16E+04  0.27E+00  0.10E+02  0.49E+05  0.95E+01
     P     2 2   0.16E+02  0.30E+00  0.82E+01  0.44E+03  0.89E+01
     P     3 1   0.17E+04  0.23E+00  0.10E+02  0.51E+05  0.95E+01
     P     3 3   0.18E+04  0.17E+00  0.11E+02  0.53E+05  0.94E+01
     P     4 2   0.16E+02  0.30E+00  0.84E+01  0.45E+03  0.90E+01
     P     4 4   0.17E+02  0.29E+00  0.86E+01  0.46E+03  0.92E+01
     P     5 5   0.19E+00  0.24E-01  0.28E+00  0.63E+01  0.55E+00
     Zr    1 1   0.10E+05  0.17E+00  0.23E+02  0.80E+06  0.37E+02
     Zr    2 1   0.13E+05  0.24E+00  0.31E+02  0.11E+07  0.49E+02
     Zr    2 2   0.18E+05  0.96E-01  0.41E+02  0.14E+07  0.63E+02
     Zr    3 3   0.93E+02  0.32E+00  0.24E+02  0.72E+04  0.41E+02
     Zr    4 3   0.96E+02  0.22E+00  0.24E+02  0.75E+04  0.41E+02
     Zr    4 4   0.99E+02  0.11E+00  0.24E+02  0.78E+04  0.42E+02
     Zr    5 5   0.99E+01  0.27E+00  0.15E+02  0.67E+03  0.29E+02
     Zr    6 5   0.10E+02  0.27E+00  0.15E+02  0.69E+03  0.30E+02
     Zr    6 6   0.11E+02  0.28E+00  0.16E+02  0.72E+03  0.31E+02
     ------------------------------------------------------------

     alpha_pv=     95.5147 eV

     Number of occupied bands for each k-point:
     k-point:     1    nbnd_occ= 224
     k-point:     2    nbnd_occ= 224
     k-point:     3    nbnd_occ= 224
     k-point:     4    nbnd_occ= 224
     k-point:     5    nbnd_occ= 224
     k-point:     6    nbnd_occ= 224
     k-point:     7    nbnd_occ= 224
     k-point:     8    nbnd_occ= 224


     Message from routine gipaw_summary:
     spline_ps is .false., expect some extrapolation errors

     q-space interpolation up to    96.00 Rydberg

     GIPAW job: efg                                                                             


     ELECTRIC FIELD GRADIENTS TENSORS IN Hartree/bohrradius^2:

     ----- bare term -----
     Li      1        0.164709       -0.071614       -0.004892
     Li      1       -0.071614       -0.246556        0.229551
     Li      1       -0.004892        0.229551        0.081847

     Li      2        0.164709        0.071614       -0.004892
     Li      2        0.071614       -0.246556       -0.229551
     Li      2       -0.004892       -0.229551        0.081847

     Li      3        0.164709       -0.071614       -0.004892
     Li      3       -0.071614       -0.246556        0.229551
     Li      3       -0.004892        0.229551        0.081847

     Li      4        0.164709        0.071614       -0.004892
     Li      4        0.071614       -0.246556       -0.229551
     Li      4       -0.004892       -0.229551        0.081847

     Zr      5        0.034961       -0.016251       -0.000215
     Zr      5       -0.016251       -0.029639        0.056681
     Zr      5       -0.000215        0.056681       -0.005322

     Zr      6        0.034961        0.016251       -0.000215
     Zr      6        0.016251       -0.029639       -0.056681
     Zr      6       -0.000215       -0.056681       -0.005322

     Zr      7        0.034961       -0.016251       -0.000215
     Zr      7       -0.016251       -0.029639        0.056681
     Zr      7       -0.000215        0.056681       -0.005322

     Zr      8        0.034961        0.016251       -0.000215
     Zr      8        0.016251       -0.029639       -0.056681
     Zr      8       -0.000215       -0.056681       -0.005322

     Zr      9       -0.013114       -0.028936       -0.010072
     Zr      9       -0.028936        0.005412        0.038323
     Zr      9       -0.010072        0.038323        0.007702

     Zr     10       -0.013114        0.028936       -0.010072
     Zr     10        0.028936        0.005412       -0.038323
     Zr     10       -0.010072       -0.038323        0.007702

     Zr     11       -0.013114       -0.028936       -0.010072
     Zr     11       -0.028936        0.005412        0.038323
     Zr     11       -0.010072        0.038323        0.007702

     Zr     12       -0.013114        0.028936       -0.010072
     Zr     12        0.028936        0.005412       -0.038323
     Zr     12       -0.010072       -0.038323        0.007702

     P      13       -0.032852        0.064140        0.017426
     P      13        0.064140        0.066990       -0.001867
     P      13        0.017426       -0.001867       -0.034138

     P      14       -0.032852       -0.064140        0.017426
     P      14       -0.064140        0.066990        0.001867
     P      14        0.017426        0.001867       -0.034138

     P      15       -0.032852        0.064140        0.017426
     P      15        0.064140        0.066990       -0.001867
     P      15        0.017426       -0.001867       -0.034138

     P      16       -0.032852       -0.064140        0.017426
     P      16       -0.064140        0.066990        0.001867
     P      16        0.017426        0.001867       -0.034138

     P      17        0.022746       -0.014481       -0.003089
     P      17       -0.014481       -0.020384       -0.039293
     P      17       -0.003089       -0.039293       -0.002363

     P      18        0.022746        0.014481       -0.003089
     P      18        0.014481       -0.020384        0.039293
     P      18       -0.003089        0.039293       -0.002363

     P      19        0.022746       -0.014481       -0.003089
     P      19       -0.014481       -0.020384       -0.039293
     P      19       -0.003089       -0.039293       -0.002363

     P      20        0.022746        0.014481       -0.003089
     P      20        0.014481       -0.020384        0.039293
     P      20       -0.003089        0.039293       -0.002363

     P      21       -0.025557       -0.009966       -0.024784
     P      21       -0.009966       -0.015838       -0.008819
     P      21       -0.024784       -0.008819        0.041396

     P      22       -0.025557        0.009966       -0.024784
     P      22        0.009966       -0.015838        0.008819
     P      22       -0.024784        0.008819        0.041396

     P      23       -0.025557       -0.009966       -0.024784
     P      23       -0.009966       -0.015838       -0.008819
     P      23       -0.024784       -0.008819        0.041396

     P      24       -0.025557        0.009966       -0.024784
     P      24        0.009966       -0.015838        0.008819
     P      24       -0.024784        0.008819        0.041396

     O      25        0.043599       -0.021207       -0.274904
     O      25       -0.021207        0.182253        0.141484
     O      25       -0.274904        0.141484       -0.225852

     O      26        0.043599        0.021207       -0.274904
     O      26        0.021207        0.182253       -0.141484
     O      26       -0.274904       -0.141484       -0.225852

     O      27        0.043599       -0.021207       -0.274904
     O      27       -0.021207        0.182253        0.141484
     O      27       -0.274904        0.141484       -0.225852

     O      28        0.043599        0.021207       -0.274904
     O      28        0.021207        0.182253       -0.141484
     O      28       -0.274904       -0.141484       -0.225852

     O      29        0.191950        0.144305        0.066497
     O      29        0.144305       -0.200887       -0.186660
     O      29        0.066497       -0.186660        0.008937

     O      30        0.191950       -0.144305        0.066497
     O      30       -0.144305       -0.200887        0.186660
     O      30        0.066497        0.186660        0.008937

     O      31        0.191950        0.144305        0.066497
     O      31        0.144305       -0.200887       -0.186660
     O      31        0.066497       -0.186660        0.008937

     O      32        0.191950       -0.144305        0.066497
     O      32       -0.144305       -0.200887        0.186660
     O      32        0.066497        0.186660        0.008937

     O      33       -0.219137       -0.188003        0.203193
     O      33       -0.188003        0.055492        0.085837
     O      33        0.203193        0.085837        0.163645

     O      34       -0.219137        0.188003        0.203193
     O      34        0.188003        0.055492       -0.085837
     O      34        0.203193       -0.085837        0.163645

     O      35       -0.219137       -0.188003        0.203193
     O      35       -0.188003        0.055492        0.085837
     O      35        0.203193        0.085837        0.163645

     O      36       -0.219137        0.188003        0.203193
     O      36        0.188003        0.055492       -0.085837
     O      36        0.203193       -0.085837        0.163645

     O      37       -0.179333       -0.243823        0.089821
     O      37       -0.243823        0.056474        0.098593
     O      37        0.089821        0.098593        0.122859

     O      38       -0.179333        0.243823        0.089821
     O      38        0.243823        0.056474       -0.098593
     O      38        0.089821       -0.098593        0.122859

     O      39       -0.179333       -0.243823        0.089821
     O      39       -0.243823        0.056474        0.098593
     O      39        0.089821        0.098593        0.122859

     O      40       -0.179333        0.243823        0.089821
     O      40        0.243823        0.056474       -0.098593
     O      40        0.089821       -0.098593        0.122859

     O      41        0.090612        0.001526       -0.177692
     O      41        0.001526        0.148112        0.073490
     O      41       -0.177692        0.073490       -0.238724

     O      42        0.090612       -0.001526       -0.177692
     O      42       -0.001526        0.148112       -0.073490
     O      42       -0.177692       -0.073490       -0.238724

     O      43        0.090612        0.001526       -0.177692
     O      43        0.001526        0.148112        0.073490
     O      43       -0.177692        0.073490       -0.238724

     O      44        0.090612       -0.001526       -0.177692
     O      44       -0.001526        0.148112       -0.073490
     O      44       -0.177692       -0.073490       -0.238724

     O      45        0.082010        0.173084        0.094044
     O      45        0.173084       -0.219117       -0.120387
     O      45        0.094044       -0.120387        0.137106

     O      46        0.082010       -0.173084        0.094044
     O      46       -0.173084       -0.219117        0.120387
     O      46        0.094044        0.120387        0.137106

     O      47        0.082010        0.173084        0.094044
     O      47        0.173084       -0.219117       -0.120387
     O      47        0.094044       -0.120387        0.137106

     O      48        0.082010       -0.173084        0.094044
     O      48       -0.173084       -0.219117        0.120387
     O      48        0.094044        0.120387        0.137106

     O      49        0.117106        0.026274        0.162630
     O      49        0.026274        0.180610        0.072638
     O      49        0.162630        0.072638       -0.297716

     O      50        0.117106       -0.026274        0.162630
     O      50       -0.026274        0.180610       -0.072638
     O      50        0.162630       -0.072638       -0.297716

     O      51        0.117106        0.026274        0.162630
     O      51        0.026274        0.180610        0.072638
     O      51        0.162630        0.072638       -0.297716

     O      52        0.117106       -0.026274        0.162630
     O      52       -0.026274        0.180610       -0.072638
     O      52        0.162630       -0.072638       -0.297716

     O      53        0.043457       -0.220924       -0.121021
     O      53       -0.220924       -0.182057       -0.106330
     O      53       -0.121021       -0.106330        0.138600

     O      54        0.043457        0.220924       -0.121021
     O      54        0.220924       -0.182057        0.106330
     O      54       -0.121021        0.106330        0.138600

     O      55        0.043457       -0.220924       -0.121021
     O      55       -0.220924       -0.182057       -0.106330
     O      55       -0.121021       -0.106330        0.138600

     O      56        0.043457        0.220924       -0.121021
     O      56        0.220924       -0.182057        0.106330
     O      56       -0.121021        0.106330        0.138600

     O      57       -0.135641        0.235829       -0.081507
     O      57        0.235829       -0.060421        0.071337
     O      57       -0.081507        0.071337        0.196062

     O      58       -0.135641       -0.235829       -0.081507
     O      58       -0.235829       -0.060421       -0.071337
     O      58       -0.081507       -0.071337        0.196062

     O      59       -0.135641        0.235829       -0.081507
     O      59        0.235829       -0.060421        0.071337
     O      59       -0.081507        0.071337        0.196062

     O      60       -0.135641       -0.235829       -0.081507
     O      60       -0.235829       -0.060421       -0.071337
     O      60       -0.081507       -0.071337        0.196062

     O      61       -0.204472        0.249586       -0.030282
     O      61        0.249586        0.057876        0.058084
     O      61       -0.030282        0.058084        0.146596

     O      62       -0.204472       -0.249586       -0.030282
     O      62       -0.249586        0.057876       -0.058084
     O      62       -0.030282       -0.058084        0.146596

     O      63       -0.204472        0.249586       -0.030282
     O      63        0.249586        0.057876        0.058084
     O      63       -0.030282        0.058084        0.146596

     O      64       -0.204472       -0.249586       -0.030282
     O      64       -0.249586        0.057876       -0.058084
     O      64       -0.030282       -0.058084        0.146596

     O      65        0.141480       -0.064141        0.169440
     O      65       -0.064141        0.197578        0.162151
     O      65        0.169440        0.162151       -0.339058

     O      66        0.141480        0.064141        0.169440
     O      66        0.064141        0.197578       -0.162151
     O      66        0.169440       -0.162151       -0.339058

     O      67        0.141480       -0.064141        0.169440
     O      67       -0.064141        0.197578        0.162151
     O      67        0.169440        0.162151       -0.339058

     O      68        0.141480        0.064141        0.169440
     O      68        0.064141        0.197578       -0.162151
     O      68        0.169440       -0.162151       -0.339058

     O      69        0.011994       -0.294614       -0.143043
     O      69       -0.294614       -0.143694       -0.165228
     O      69       -0.143043       -0.165228        0.131700

     O      70        0.011994        0.294614       -0.143043
     O      70        0.294614       -0.143694        0.165228
     O      70       -0.143043        0.165228        0.131700

     O      71        0.011994       -0.294614       -0.143043
     O      71       -0.294614       -0.143694       -0.165228
     O      71       -0.143043       -0.165228        0.131700

     O      72        0.011994        0.294614       -0.143043
     O      72        0.294614       -0.143694        0.165228
     O      72       -0.143043        0.165228        0.131700

     ----- ionic term -----
     Li      1       -0.159678        0.069648        0.007908
     Li      1        0.069648        0.234847       -0.215632
     Li      1        0.007908       -0.215632       -0.075169

     Li      2       -0.159678       -0.069648        0.007908
     Li      2       -0.069648        0.234847        0.215632
     Li      2        0.007908        0.215632       -0.075169

     Li      3       -0.159678        0.069648        0.007908
     Li      3        0.069648        0.234847       -0.215632
     Li      3        0.007908       -0.215632       -0.075169

     Li      4       -0.159678       -0.069648        0.007908
     Li      4       -0.069648        0.234847        0.215632
     Li      4        0.007908        0.215632       -0.075169

     Zr      5       -0.036480        0.012633       -0.000738
     Zr      5        0.012633        0.033348       -0.057602
     Zr      5       -0.000738       -0.057602        0.003132

     Zr      6       -0.036480       -0.012633       -0.000738
     Zr      6       -0.012633        0.033348        0.057602
     Zr      6       -0.000738        0.057602        0.003132

     Zr      7       -0.036480        0.012633       -0.000738
     Zr      7        0.012633        0.033348       -0.057602
     Zr      7       -0.000738       -0.057602        0.003132

     Zr      8       -0.036480       -0.012633       -0.000738
     Zr      8       -0.012633        0.033348        0.057602
     Zr      8       -0.000738        0.057602        0.003132

     Zr      9        0.013514        0.029398        0.010149
     Zr      9        0.029398       -0.004208       -0.039381
     Zr      9        0.010149       -0.039381       -0.009306

     Zr     10        0.013514       -0.029398        0.010149
     Zr     10       -0.029398       -0.004208        0.039381
     Zr     10        0.010149        0.039381       -0.009306

     Zr     11        0.013514        0.029398        0.010149
     Zr     11        0.029398       -0.004208       -0.039381
     Zr     11        0.010149       -0.039381       -0.009306

     Zr     12        0.013514       -0.029398        0.010149
     Zr     12       -0.029398       -0.004208        0.039381
     Zr     12        0.010149        0.039381       -0.009306

     P      13        0.014654       -0.064679       -0.011091
     P      13       -0.064679       -0.049361        0.005393
     P      13       -0.011091        0.005393        0.034707

     P      14        0.014654        0.064679       -0.011091
     P      14        0.064679       -0.049361       -0.005393
     P      14       -0.011091       -0.005393        0.034707

     P      15        0.014654       -0.064679       -0.011091
     P      15       -0.064679       -0.049361        0.005393
     P      15       -0.011091        0.005393        0.034707

     P      16        0.014654        0.064679       -0.011091
     P      16        0.064679       -0.049361       -0.005393
     P      16       -0.011091       -0.005393        0.034707

     P      17       -0.017849        0.017870        0.010795
     P      17        0.017870        0.009089        0.031837
     P      17        0.010795        0.031837        0.008760

     P      18       -0.017849       -0.017870        0.010795
     P      18       -0.017870        0.009089       -0.031837
     P      18        0.010795       -0.031837        0.008760

     P      19       -0.017849        0.017870        0.010795
     P      19        0.017870        0.009089        0.031837
     P      19        0.010795        0.031837        0.008760

     P      20       -0.017849       -0.017870        0.010795
     P      20       -0.017870        0.009089       -0.031837
     P      20        0.010795       -0.031837        0.008760

     P      21        0.025691        0.008561        0.010890
     P      21        0.008561        0.017911        0.009848
     P      21        0.010890        0.009848       -0.043602

     P      22        0.025691       -0.008561        0.010890
     P      22       -0.008561        0.017911       -0.009848
     P      22        0.010890       -0.009848       -0.043602

     P      23        0.025691        0.008561        0.010890
     P      23        0.008561        0.017911        0.009848
     P      23        0.010890        0.009848       -0.043602

     P      24        0.025691       -0.008561        0.010890
     P      24       -0.008561        0.017911       -0.009848
     P      24        0.010890       -0.009848       -0.043602

     O      25       -0.249006       -0.018888        0.471696
     O      25       -0.018888       -0.400731       -0.264998
     O      25        0.471696       -0.264998        0.649737

     O      26       -0.249006        0.018888        0.471696
     O      26        0.018888       -0.400731        0.264998
     O      26        0.471696        0.264998        0.649737

     O      27       -0.249006       -0.018888        0.471696
     O      27       -0.018888       -0.400731       -0.264998
     O      27        0.471696       -0.264998        0.649737

     O      28       -0.249006        0.018888        0.471696
     O      28        0.018888       -0.400731        0.264998
     O      28        0.471696        0.264998        0.649737

     O      29       -0.340622       -0.428678        0.035746
     O      29       -0.428678        0.539230        0.045066
     O      29        0.035746        0.045066       -0.198608

     O      30       -0.340622        0.428678        0.035746
     O      30        0.428678        0.539230       -0.045066
     O      30        0.035746       -0.045066       -0.198608

     O      31       -0.340622       -0.428678        0.035746
     O      31       -0.428678        0.539230        0.045066
     O      31        0.035746        0.045066       -0.198608

     O      32       -0.340622        0.428678        0.035746
     O      32        0.428678        0.539230       -0.045066
     O      32        0.035746       -0.045066       -0.198608

     O      33        0.182273        0.433275       -0.429513
     O      33        0.433275        0.013178       -0.351971
     O      33       -0.429513       -0.351971       -0.195451

     O      34        0.182273       -0.433275       -0.429513
     O      34       -0.433275        0.013178        0.351971
     O      34       -0.429513        0.351971       -0.195451

     O      35        0.182273        0.433275       -0.429513
     O      35        0.433275        0.013178       -0.351971
     O      35       -0.429513       -0.351971       -0.195451

     O      36        0.182273       -0.433275       -0.429513
     O      36       -0.433275        0.013178        0.351971
     O      36       -0.429513        0.351971       -0.195451

     O      37        0.657265        0.363851       -0.029379
     O      37        0.363851       -0.250928       -0.112372
     O      37       -0.029379       -0.112372       -0.406337

     O      38        0.657265       -0.363851       -0.029379
     O      38       -0.363851       -0.250928        0.112372
     O      38       -0.029379        0.112372       -0.406337

     O      39        0.657265        0.363851       -0.029379
     O      39        0.363851       -0.250928       -0.112372
     O      39       -0.029379       -0.112372       -0.406337

     O      40        0.657265       -0.363851       -0.029379
     O      40       -0.363851       -0.250928        0.112372
     O      40       -0.029379        0.112372       -0.406337

     O      41       -0.330722       -0.163761        0.363608
     O      41       -0.163761       -0.022920       -0.386558
     O      41        0.363608       -0.386558        0.353642

     O      42       -0.330722        0.163761        0.363608
     O      42        0.163761       -0.022920        0.386558
     O      42        0.363608        0.386558        0.353642

     O      43       -0.330722       -0.163761        0.363608
     O      43       -0.163761       -0.022920       -0.386558
     O      43        0.363608       -0.386558        0.353642

     O      44       -0.330722        0.163761        0.363608
     O      44        0.163761       -0.022920        0.386558
     O      44        0.363608        0.386558        0.353642

     O      45        0.011004       -0.424560       -0.395504
     O      45       -0.424560        0.193759        0.299047
     O      45       -0.395504        0.299047       -0.204763

     O      46        0.011004        0.424560       -0.395504
     O      46        0.424560        0.193759       -0.299047
     O      46       -0.395504       -0.299047       -0.204763

     O      47        0.011004       -0.424560       -0.395504
     O      47       -0.424560        0.193759        0.299047
     O      47       -0.395504        0.299047       -0.204763

     O      48        0.011004        0.424560       -0.395504
     O      48        0.424560        0.193759       -0.299047
     O      48       -0.395504       -0.299047       -0.204763

     O      49       -0.291046        0.049745       -0.428504
     O      49        0.049745       -0.370668       -0.243866
     O      49       -0.428504       -0.243866        0.661714

     O      50       -0.291046       -0.049745       -0.428504
     O      50       -0.049745       -0.370668        0.243866
     O      50       -0.428504        0.243866        0.661714

     O      51       -0.291046        0.049745       -0.428504
     O      51        0.049745       -0.370668       -0.243866
     O      51       -0.428504       -0.243866        0.661714

     O      52       -0.291046       -0.049745       -0.428504
     O      52       -0.049745       -0.370668        0.243866
     O      52       -0.428504        0.243866        0.661714

     O      53       -0.266460        0.337477        0.112413
     O      53        0.337477        0.637494       -0.003415
     O      53        0.112413       -0.003415       -0.371034

     O      54       -0.266460       -0.337477        0.112413
     O      54       -0.337477        0.637494        0.003415
     O      54        0.112413        0.003415       -0.371034

     O      55       -0.266460        0.337477        0.112413
     O      55        0.337477        0.637494       -0.003415
     O      55        0.112413       -0.003415       -0.371034

     O      56       -0.266460       -0.337477        0.112413
     O      56       -0.337477        0.637494        0.003415
     O      56        0.112413        0.003415       -0.371034

     O      57        0.207911       -0.474663        0.365403
     O      57       -0.474663       -0.059340       -0.289695
     O      57        0.365403       -0.289695       -0.148570

     O      58        0.207911        0.474663        0.365403
     O      58        0.474663       -0.059340        0.289695
     O      58        0.365403        0.289695       -0.148570

     O      59        0.207911       -0.474663        0.365403
     O      59       -0.474663       -0.059340       -0.289695
     O      59        0.365403       -0.289695       -0.148570

     O      60        0.207911        0.474663        0.365403
     O      60        0.474663       -0.059340        0.289695
     O      60        0.365403        0.289695       -0.148570

     O      61        0.702394       -0.260848        0.047672
     O      61       -0.260848       -0.257045       -0.058360
     O      61        0.047672       -0.058360       -0.445350

     O      62        0.702394        0.260848        0.047672
     O      62        0.260848       -0.257045        0.058360
     O      62        0.047672        0.058360       -0.445350

     O      63        0.702394       -0.260848        0.047672
     O      63       -0.260848       -0.257045       -0.058360
     O      63        0.047672       -0.058360       -0.445350

     O      64        0.702394        0.260848        0.047672
     O      64        0.260848       -0.257045        0.058360
     O      64        0.047672        0.058360       -0.445350

     O      65       -0.214083        0.288132       -0.409453
     O      65        0.288132       -0.190281       -0.432215
     O      65       -0.409453       -0.432215        0.404365

     O      66       -0.214083       -0.288132       -0.409453
     O      66       -0.288132       -0.190281        0.432215
     O      66       -0.409453        0.432215        0.404365

     O      67       -0.214083        0.288132       -0.409453
     O      67        0.288132       -0.190281       -0.432215
     O      67       -0.409453       -0.432215        0.404365

     O      68       -0.214083       -0.288132       -0.409453
     O      68       -0.288132       -0.190281        0.432215
     O      68       -0.409453        0.432215        0.404365

     O      69       -0.108942        0.526321        0.342243
     O      69        0.526321        0.213502        0.466162
     O      69        0.342243        0.466162       -0.104559

     O      70       -0.108942       -0.526321        0.342243
     O      70       -0.526321        0.213502       -0.466162
     O      70        0.342243       -0.466162       -0.104559

     O      71       -0.108942        0.526321        0.342243
     O      71        0.526321        0.213502        0.466162
     O      71        0.342243        0.466162       -0.104559

     O      72       -0.108942       -0.526321        0.342243
     O      72       -0.526321        0.213502       -0.466162
     O      72        0.342243       -0.466162       -0.104559

     ----- GIPAW term -----
     Li      1        0.000804       -0.000317        0.000329
     Li      1       -0.000317       -0.001543        0.001388
     Li      1        0.000329        0.001388        0.000739

     Li      2        0.000804        0.000317        0.000329
     Li      2        0.000317       -0.001543       -0.001388
     Li      2        0.000329       -0.001388        0.000739

     Li      3        0.000804       -0.000317        0.000329
     Li      3       -0.000317       -0.001543        0.001388
     Li      3        0.000329        0.001388        0.000739

     Li      4        0.000804        0.000317        0.000329
     Li      4        0.000317       -0.001543       -0.001388
     Li      4        0.000329       -0.001388        0.000739

     Zr      5        0.030479       -0.187579        0.024502
     Zr      5       -0.187579        0.033269        0.197255
     Zr      5        0.024502        0.197255       -0.063748

     Zr      6        0.030479        0.187579        0.024502
     Zr      6        0.187579        0.033269       -0.197255
     Zr      6        0.024502       -0.197255       -0.063748

     Zr      7        0.030479       -0.187579        0.024502
     Zr      7       -0.187579        0.033269        0.197255
     Zr      7        0.024502        0.197255       -0.063748

     Zr      8        0.030479        0.187579        0.024502
     Zr      8        0.187579        0.033269       -0.197255
     Zr      8        0.024502       -0.197255       -0.063748

     Zr      9       -0.019965       -0.135415       -0.068719
     Zr      9       -0.135415       -0.006333        0.054041
     Zr      9       -0.068719        0.054041        0.026298

     Zr     10       -0.019965        0.135415       -0.068719
     Zr     10        0.135415       -0.006333       -0.054041
     Zr     10       -0.068719       -0.054041        0.026298

     Zr     11       -0.019965       -0.135415       -0.068719
     Zr     11       -0.135415       -0.006333        0.054041
     Zr     11       -0.068719        0.054041        0.026298

     Zr     12       -0.019965        0.135415       -0.068719
     Zr     12        0.135415       -0.006333       -0.054041
     Zr     12       -0.068719       -0.054041        0.026298

     P      13       -0.118707        0.001355        0.041247
     P      13        0.001355        0.113677        0.022960
     P      13        0.041247        0.022960        0.005030

     P      14       -0.118707       -0.001355        0.041247
     P      14       -0.001355        0.113677       -0.022960
     P      14        0.041247       -0.022960        0.005030

     P      15       -0.118707        0.001355        0.041247
     P      15        0.001355        0.113677        0.022960
     P      15        0.041247        0.022960        0.005030

     P      16       -0.118707       -0.001355        0.041247
     P      16       -0.001355        0.113677       -0.022960
     P      16        0.041247       -0.022960        0.005030

     P      17        0.034081        0.017518        0.055667
     P      17        0.017518       -0.076162       -0.051343
     P      17        0.055667       -0.051343        0.042081

     P      18        0.034081       -0.017518        0.055667
     P      18       -0.017518       -0.076162        0.051343
     P      18        0.055667        0.051343        0.042081

     P      19        0.034081        0.017518        0.055667
     P      19        0.017518       -0.076162       -0.051343
     P      19        0.055667       -0.051343        0.042081

     P      20        0.034081       -0.017518        0.055667
     P      20       -0.017518       -0.076162        0.051343
     P      20        0.055667        0.051343        0.042081

     P      21       -0.002655       -0.013404       -0.088175
     P      21       -0.013404        0.009881        0.010061
     P      21       -0.088175        0.010061       -0.007226

     P      22       -0.002655        0.013404       -0.088175
     P      22        0.013404        0.009881       -0.010061
     P      22       -0.088175       -0.010061       -0.007226

     P      23       -0.002655       -0.013404       -0.088175
     P      23       -0.013404        0.009881        0.010061
     P      23       -0.088175        0.010061       -0.007226

     P      24       -0.002655        0.013404       -0.088175
     P      24        0.013404        0.009881       -0.010061
     P      24       -0.088175       -0.010061       -0.007226

     O      25       -0.183815       -0.036210        0.177266
     O      25       -0.036210       -0.197248       -0.111210
     O      25        0.177266       -0.111210        0.381064

     O      26       -0.183815        0.036210        0.177266
     O      26        0.036210       -0.197248        0.111210
     O      26        0.177266        0.111210        0.381064

     O      27       -0.183815       -0.036210        0.177266
     O      27       -0.036210       -0.197248       -0.111210
     O      27        0.177266       -0.111210        0.381064

     O      28       -0.183815        0.036210        0.177266
     O      28        0.036210       -0.197248        0.111210
     O      28        0.177266        0.111210        0.381064

     O      29       -0.134504       -0.255728        0.092636
     O      29       -0.255728        0.302522       -0.124305
     O      29        0.092636       -0.124305       -0.168018

     O      30       -0.134504        0.255728        0.092636
     O      30        0.255728        0.302522        0.124305
     O      30        0.092636        0.124305       -0.168018

     O      31       -0.134504       -0.255728        0.092636
     O      31       -0.255728        0.302522       -0.124305
     O      31        0.092636       -0.124305       -0.168018

     O      32       -0.134504        0.255728        0.092636
     O      32        0.255728        0.302522        0.124305
     O      32        0.092636        0.124305       -0.168018

     O      33       -0.031115        0.221571       -0.203952
     O      33        0.221571        0.059994       -0.238971
     O      33       -0.203952       -0.238971       -0.028879

     O      34       -0.031115       -0.221571       -0.203952
     O      34       -0.221571        0.059994        0.238971
     O      34       -0.203952        0.238971       -0.028879

     O      35       -0.031115        0.221571       -0.203952
     O      35        0.221571        0.059994       -0.238971
     O      35       -0.203952       -0.238971       -0.028879

     O      36       -0.031115       -0.221571       -0.203952
     O      36       -0.221571        0.059994        0.238971
     O      36       -0.203952        0.238971       -0.028879

     O      37        0.426868        0.107719        0.053188
     O      37        0.107719       -0.171411       -0.013939
     O      37        0.053188       -0.013939       -0.255457

     O      38        0.426868       -0.107719        0.053188
     O      38       -0.107719       -0.171411        0.013939
     O      38        0.053188        0.013939       -0.255457

     O      39        0.426868        0.107719        0.053188
     O      39        0.107719       -0.171411       -0.013939
     O      39        0.053188       -0.013939       -0.255457

     O      40        0.426868       -0.107719        0.053188
     O      40       -0.107719       -0.171411        0.013939
     O      40        0.053188        0.013939       -0.255457

     O      41       -0.217455       -0.145744        0.165863
     O      41       -0.145744        0.113181       -0.278442
     O      41        0.165863       -0.278442        0.104274

     O      42       -0.217455        0.145744        0.165863
     O      42        0.145744        0.113181        0.278442
     O      42        0.165863        0.278442        0.104274

     O      43       -0.217455       -0.145744        0.165863
     O      43       -0.145744        0.113181       -0.278442
     O      43        0.165863       -0.278442        0.104274

     O      44       -0.217455        0.145744        0.165863
     O      44        0.145744        0.113181        0.278442
     O      44        0.165863        0.278442        0.104274

     O      45        0.082521       -0.224369       -0.272029
     O      45       -0.224369       -0.020449        0.157736
     O      45       -0.272029        0.157736       -0.062072

     O      46        0.082521        0.224369       -0.272029
     O      46        0.224369       -0.020449       -0.157736
     O      46       -0.272029       -0.157736       -0.062072

     O      47        0.082521       -0.224369       -0.272029
     O      47       -0.224369       -0.020449        0.157736
     O      47       -0.272029        0.157736       -0.062072

     O      48        0.082521        0.224369       -0.272029
     O      48        0.224369       -0.020449       -0.157736
     O      48       -0.272029       -0.157736       -0.062072

     O      49       -0.155929        0.067446       -0.238247
     O      49        0.067446       -0.172136       -0.153013
     O      49       -0.238247       -0.153013        0.328065

     O      50       -0.155929       -0.067446       -0.238247
     O      50       -0.067446       -0.172136        0.153013
     O      50       -0.238247        0.153013        0.328065

     O      51       -0.155929        0.067446       -0.238247
     O      51        0.067446       -0.172136       -0.153013
     O      51       -0.238247       -0.153013        0.328065

     O      52       -0.155929       -0.067446       -0.238247
     O      52       -0.067446       -0.172136        0.153013
     O      52       -0.238247        0.153013        0.328065

     O      53       -0.199656        0.107717       -0.007998
     O      53        0.107717        0.409044       -0.096188
     O      53       -0.007998       -0.096188       -0.209388

     O      54       -0.199656       -0.107717       -0.007998
     O      54       -0.107717        0.409044        0.096188
     O      54       -0.007998        0.096188       -0.209388

     O      55       -0.199656        0.107717       -0.007998
     O      55        0.107717        0.409044       -0.096188
     O      55       -0.007998       -0.096188       -0.209388

     O      56       -0.199656       -0.107717       -0.007998
     O      56       -0.107717        0.409044        0.096188
     O      56       -0.007998        0.096188       -0.209388

     O      57        0.065841       -0.215282        0.255324
     O      57       -0.215282       -0.104399       -0.195826
     O      57        0.255324       -0.195826        0.038558

     O      58        0.065841        0.215282        0.255324
     O      58        0.215282       -0.104399        0.195826
     O      58        0.255324        0.195826        0.038558

     O      59        0.065841       -0.215282        0.255324
     O      59       -0.215282       -0.104399       -0.195826
     O      59        0.255324       -0.195826        0.038558

     O      60        0.065841        0.215282        0.255324
     O      60        0.215282       -0.104399        0.195826
     O      60        0.255324        0.195826        0.038558

     O      61        0.446988       -0.014872        0.016187
     O      61       -0.014872       -0.181077        0.000178
     O      61        0.016187        0.000178       -0.265910

     O      62        0.446988        0.014872        0.016187
     O      62        0.014872       -0.181077       -0.000178
     O      62        0.016187       -0.000178       -0.265910

     O      63        0.446988       -0.014872        0.016187
     O      63       -0.014872       -0.181077        0.000178
     O      63        0.016187        0.000178       -0.265910

     O      64        0.446988        0.014872        0.016187
     O      64        0.014872       -0.181077       -0.000178
     O      64        0.016187       -0.000178       -0.265910

     O      65       -0.065540        0.199279       -0.216160
     O      65        0.199279        0.004349       -0.243286
     O      65       -0.216160       -0.243286        0.061191

     O      66       -0.065540       -0.199279       -0.216160
     O      66       -0.199279        0.004349        0.243286
     O      66       -0.216160        0.243286        0.061191

     O      67       -0.065540        0.199279       -0.216160
     O      67        0.199279        0.004349       -0.243286
     O      67       -0.216160       -0.243286        0.061191

     O      68       -0.065540       -0.199279       -0.216160
     O      68       -0.199279        0.004349        0.243286
     O      68       -0.216160        0.243286        0.061191

     O      69       -0.086050        0.208135        0.179271
     O      69        0.208135        0.063413        0.270125
     O      69        0.179271        0.270125        0.022637

     O      70       -0.086050       -0.208135        0.179271
     O      70       -0.208135        0.063413       -0.270125
     O      70        0.179271       -0.270125        0.022637

     O      71       -0.086050        0.208135        0.179271
     O      71        0.208135        0.063413        0.270125
     O      71        0.179271        0.270125        0.022637

     O      72       -0.086050       -0.208135        0.179271
     O      72       -0.208135        0.063413       -0.270125
     O      72        0.179271       -0.270125        0.022637

     ----- total EFG -----
     Li      1        0.005836       -0.002283        0.003345
     Li      1       -0.002283       -0.013253        0.015308
     Li      1        0.003345        0.015308        0.007417

     Li      2        0.005836        0.002283        0.003345
     Li      2        0.002283       -0.013253       -0.015308
     Li      2        0.003345       -0.015308        0.007417

     Li      3        0.005836       -0.002283        0.003345
     Li      3       -0.002283       -0.013253        0.015308
     Li      3        0.003345        0.015308        0.007417

     Li      4        0.005836        0.002283        0.003345
     Li      4        0.002283       -0.013253       -0.015308
     Li      4        0.003345       -0.015308        0.007417

     Zr      5        0.028960       -0.191197        0.023549
     Zr      5       -0.191197        0.036978        0.196333
     Zr      5        0.023549        0.196333       -0.065938

     Zr      6        0.028960        0.191197        0.023549
     Zr      6        0.191197        0.036978       -0.196333
     Zr      6        0.023549       -0.196333       -0.065938

     Zr      7        0.028960       -0.191197        0.023549
     Zr      7       -0.191197        0.036978        0.196333
     Zr      7        0.023549        0.196333       -0.065938

     Zr      8        0.028960        0.191197        0.023549
     Zr      8        0.191197        0.036978       -0.196333
     Zr      8        0.023549       -0.196333       -0.065938

     Zr      9       -0.019566       -0.134953       -0.068642
     Zr      9       -0.134953       -0.005129        0.052983
     Zr      9       -0.068642        0.052983        0.024695

     Zr     10       -0.019566        0.134953       -0.068642
     Zr     10        0.134953       -0.005129       -0.052983
     Zr     10       -0.068642       -0.052983        0.024695

     Zr     11       -0.019566       -0.134953       -0.068642
     Zr     11       -0.134953       -0.005129        0.052983
     Zr     11       -0.068642        0.052983        0.024695

     Zr     12       -0.019566        0.134953       -0.068642
     Zr     12        0.134953       -0.005129       -0.052983
     Zr     12       -0.068642       -0.052983        0.024695

     P      13       -0.136905        0.000816        0.047582
     P      13        0.000816        0.131306        0.026487
     P      13        0.047582        0.026487        0.005599

     P      14       -0.136905       -0.000816        0.047582
     P      14       -0.000816        0.131306       -0.026487
     P      14        0.047582       -0.026487        0.005599

     P      15       -0.136905        0.000816        0.047582
     P      15        0.000816        0.131306        0.026487
     P      15        0.047582        0.026487        0.005599

     P      16       -0.136905       -0.000816        0.047582
     P      16       -0.000816        0.131306       -0.026487
     P      16        0.047582       -0.026487        0.005599

     P      17        0.038978        0.020908        0.063372
     P      17        0.020908       -0.087456       -0.058799
     P      17        0.063372       -0.058799        0.048478

     P      18        0.038978       -0.020908        0.063372
     P      18       -0.020908       -0.087456        0.058799
     P      18        0.063372        0.058799        0.048478

     P      19        0.038978        0.020908        0.063372
     P      19        0.020908       -0.087456       -0.058799
     P      19        0.063372       -0.058799        0.048478

     P      20        0.038978       -0.020908        0.063372
     P      20       -0.020908       -0.087456        0.058799
     P      20        0.063372        0.058799        0.048478

     P      21       -0.002521       -0.014808       -0.102069
     P      21       -0.014808        0.011954        0.011089
     P      21       -0.102069        0.011089       -0.009433

     P      22       -0.002521        0.014808       -0.102069
     P      22        0.014808        0.011954       -0.011089
     P      22       -0.102069       -0.011089       -0.009433

     P      23       -0.002521       -0.014808       -0.102069
     P      23       -0.014808        0.011954        0.011089
     P      23       -0.102069        0.011089       -0.009433

     P      24       -0.002521        0.014808       -0.102069
     P      24        0.014808        0.011954       -0.011089
     P      24       -0.102069       -0.011089       -0.009433

     O      25       -0.389222       -0.076305        0.374059
     O      25       -0.076305       -0.415727       -0.234724
     O      25        0.374059       -0.234724        0.804949

     O      26       -0.389222        0.076305        0.374059
     O      26        0.076305       -0.415727        0.234724
     O      26        0.374059        0.234724        0.804949

     O      27       -0.389222       -0.076305        0.374059
     O      27       -0.076305       -0.415727       -0.234724
     O      27        0.374059       -0.234724        0.804949

     O      28       -0.389222        0.076305        0.374059
     O      28        0.076305       -0.415727        0.234724
     O      28        0.374059        0.234724        0.804949

     O      29       -0.283176       -0.540102        0.194879
     O      29       -0.540102        0.640865       -0.265899
     O      29        0.194879       -0.265899       -0.357689

     O      30       -0.283176        0.540102        0.194879
     O      30        0.540102        0.640865        0.265899
     O      30        0.194879        0.265899       -0.357689

     O      31       -0.283176       -0.540102        0.194879
     O      31       -0.540102        0.640865       -0.265899
     O      31        0.194879       -0.265899       -0.357689

     O      32       -0.283176        0.540102        0.194879
     O      32        0.540102        0.640865        0.265899
     O      32        0.194879        0.265899       -0.357689

     O      33       -0.067979        0.466842       -0.430272
     O      33        0.466842        0.128664       -0.505104
     O      33       -0.430272       -0.505104       -0.060685

     O      34       -0.067979       -0.466842       -0.430272
     O      34       -0.466842        0.128664        0.505104
     O      34       -0.430272        0.505104       -0.060685

     O      35       -0.067979        0.466842       -0.430272
     O      35        0.466842        0.128664       -0.505104
     O      35       -0.430272       -0.505104       -0.060685

     O      36       -0.067979       -0.466842       -0.430272
     O      36       -0.466842        0.128664        0.505104
     O      36       -0.430272        0.505104       -0.060685

     O      37        0.904800        0.227746        0.113630
     O      37        0.227746       -0.365865       -0.027719
     O      37        0.113630       -0.027719       -0.538935

     O      38        0.904800       -0.227746        0.113630
     O      38       -0.227746       -0.365865        0.027719
     O      38        0.113630        0.027719       -0.538935

     O      39        0.904800        0.227746        0.113630
     O      39        0.227746       -0.365865       -0.027719
     O      39        0.113630       -0.027719       -0.538935

     O      40        0.904800       -0.227746        0.113630
     O      40       -0.227746       -0.365865        0.027719
     O      40        0.113630        0.027719       -0.538935

     O      41       -0.457565       -0.307979        0.351778
     O      41       -0.307979        0.238373       -0.591510
     O      41        0.351778       -0.591510        0.219192

     O      42       -0.457565        0.307979        0.351778
     O      42        0.307979        0.238373        0.591510
     O      42        0.351778        0.591510        0.219192

     O      43       -0.457565       -0.307979        0.351778
     O      43       -0.307979        0.238373       -0.591510
     O      43        0.351778       -0.591510        0.219192

     O      44       -0.457565        0.307979        0.351778
     O      44        0.307979        0.238373        0.591510
     O      44        0.351778        0.591510        0.219192

     O      45        0.175535       -0.475845       -0.573489
     O      45       -0.475845       -0.045807        0.336395
     O      45       -0.573489        0.336395       -0.129728

     O      46        0.175535        0.475845       -0.573489
     O      46        0.475845       -0.045807       -0.336395
     O      46       -0.573489       -0.336395       -0.129728

     O      47        0.175535       -0.475845       -0.573489
     O      47       -0.475845       -0.045807        0.336395
     O      47       -0.573489        0.336395       -0.129728

     O      48        0.175535        0.475845       -0.573489
     O      48        0.475845       -0.045807       -0.336395
     O      48       -0.573489       -0.336395       -0.129728

     O      49       -0.329868        0.143466       -0.504121
     O      49        0.143466       -0.362194       -0.324240
     O      49       -0.504121       -0.324240        0.692063

     O      50       -0.329868       -0.143466       -0.504121
     O      50       -0.143466       -0.362194        0.324240
     O      50       -0.504121        0.324240        0.692063

     O      51       -0.329868        0.143466       -0.504121
     O      51        0.143466       -0.362194       -0.324240
     O      51       -0.504121       -0.324240        0.692063

     O      52       -0.329868       -0.143466       -0.504121
     O      52       -0.143466       -0.362194        0.324240
     O      52       -0.504121        0.324240        0.692063

     O      53       -0.422659        0.224269       -0.016606
     O      53        0.224269        0.864481       -0.205933
     O      53       -0.016606       -0.205933       -0.441822

     O      54       -0.422659       -0.224269       -0.016606
     O      54       -0.224269        0.864481        0.205933
     O      54       -0.016606        0.205933       -0.441822

     O      55       -0.422659        0.224269       -0.016606
     O      55        0.224269        0.864481       -0.205933
     O      55       -0.016606       -0.205933       -0.441822

     O      56       -0.422659       -0.224269       -0.016606
     O      56       -0.224269        0.864481        0.205933
     O      56       -0.016606        0.205933       -0.441822

     O      57        0.138111       -0.454116        0.539220
     O      57       -0.454116       -0.224160       -0.414184
     O      57        0.539220       -0.414184        0.086049

     O      58        0.138111        0.454116        0.539220
     O      58        0.454116       -0.224160        0.414184
     O      58        0.539220        0.414184        0.086049

     O      59        0.138111       -0.454116        0.539220
     O      59       -0.454116       -0.224160       -0.414184
     O      59        0.539220       -0.414184        0.086049

     O      60        0.138111        0.454116        0.539220
     O      60        0.454116       -0.224160        0.414184
     O      60        0.539220        0.414184        0.086049

     O      61        0.944910       -0.026135        0.033578
     O      61       -0.026135       -0.380246       -0.000098
     O      61        0.033578       -0.000098       -0.564664

     O      62        0.944910        0.026135        0.033578
     O      62        0.026135       -0.380246        0.000098
     O      62        0.033578        0.000098       -0.564664

     O      63        0.944910       -0.026135        0.033578
     O      63       -0.026135       -0.380246       -0.000098
     O      63        0.033578       -0.000098       -0.564664

     O      64        0.944910        0.026135        0.033578
     O      64        0.026135       -0.380246        0.000098
     O      64        0.033578        0.000098       -0.564664

     O      65       -0.138143        0.423270       -0.456173
     O      65        0.423270        0.011645       -0.513350
     O      65       -0.456173       -0.513350        0.126498

     O      66       -0.138143       -0.423270       -0.456173
     O      66       -0.423270        0.011645        0.513350
     O      66       -0.456173        0.513350        0.126498

     O      67       -0.138143        0.423270       -0.456173
     O      67        0.423270        0.011645       -0.513350
     O      67       -0.456173       -0.513350        0.126498

     O      68       -0.138143       -0.423270       -0.456173
     O      68       -0.423270        0.011645        0.513350
     O      68       -0.456173        0.513350        0.126498

     O      69       -0.182999        0.439842        0.378471
     O      69        0.439842        0.133221        0.571059
     O      69        0.378471        0.571059        0.049778

     O      70       -0.182999       -0.439842        0.378471
     O      70       -0.439842        0.133221       -0.571059
     O      70        0.378471       -0.571059        0.049778

     O      71       -0.182999        0.439842        0.378471
     O      71        0.439842        0.133221        0.571059
     O      71        0.378471        0.571059        0.049778

     O      72       -0.182999       -0.439842        0.378471
     O      72       -0.439842        0.133221       -0.571059
     O      72        0.378471       -0.571059        0.049778

     ----- total EFG (symmetrized) -----
     Li      1        0.005836       -0.002283        0.003345
     Li      1       -0.002283       -0.013253        0.015308
     Li      1        0.003345        0.015308        0.007417

     Li      2        0.005836        0.002283        0.003345
     Li      2        0.002283       -0.013253       -0.015308
     Li      2        0.003345       -0.015308        0.007417

     Li      3        0.005836       -0.002283        0.003345
     Li      3       -0.002283       -0.013253        0.015308
     Li      3        0.003345        0.015308        0.007417

     Li      4        0.005836        0.002283        0.003345
     Li      4        0.002283       -0.013253       -0.015308
     Li      4        0.003345       -0.015308        0.007417

     Zr      5        0.028960       -0.191197        0.023549
     Zr      5       -0.191197        0.036978        0.196333
     Zr      5        0.023549        0.196333       -0.065938

     Zr      6        0.028960        0.191197        0.023549
     Zr      6        0.191197        0.036978       -0.196333
     Zr      6        0.023549       -0.196333       -0.065938

     Zr      7        0.028960       -0.191197        0.023549
     Zr      7       -0.191197        0.036978        0.196333
     Zr      7        0.023549        0.196333       -0.065938

     Zr      8        0.028960        0.191197        0.023549
     Zr      8        0.191197        0.036978       -0.196333
     Zr      8        0.023549       -0.196333       -0.065938

     Zr      9       -0.019566       -0.134953       -0.068642
     Zr      9       -0.134953       -0.005129        0.052983
     Zr      9       -0.068642        0.052983        0.024695

     Zr     10       -0.019566        0.134953       -0.068642
     Zr     10        0.134953       -0.005129       -0.052983
     Zr     10       -0.068642       -0.052983        0.024695

     Zr     11       -0.019566       -0.134953       -0.068642
     Zr     11       -0.134953       -0.005129        0.052983
     Zr     11       -0.068642        0.052983        0.024695

     Zr     12       -0.019566        0.134953       -0.068642
     Zr     12        0.134953       -0.005129       -0.052983
     Zr     12       -0.068642       -0.052983        0.024695

     P      13       -0.136905        0.000816        0.047582
     P      13        0.000816        0.131306        0.026487
     P      13        0.047582        0.026487        0.005599

     P      14       -0.136905       -0.000816        0.047582
     P      14       -0.000816        0.131306       -0.026487
     P      14        0.047582       -0.026487        0.005599

     P      15       -0.136905        0.000816        0.047582
     P      15        0.000816        0.131306        0.026487
     P      15        0.047582        0.026487        0.005599

     P      16       -0.136905       -0.000816        0.047582
     P      16       -0.000816        0.131306       -0.026487
     P      16        0.047582       -0.026487        0.005599

     P      17        0.038978        0.020908        0.063372
     P      17        0.020908       -0.087456       -0.058799
     P      17        0.063372       -0.058799        0.048478

     P      18        0.038978       -0.020908        0.063372
     P      18       -0.020908       -0.087456        0.058799
     P      18        0.063372        0.058799        0.048478

     P      19        0.038978        0.020908        0.063372
     P      19        0.020908       -0.087456       -0.058799
     P      19        0.063372       -0.058799        0.048478

     P      20        0.038978       -0.020908        0.063372
     P      20       -0.020908       -0.087456        0.058799
     P      20        0.063372        0.058799        0.048478

     P      21       -0.002521       -0.014808       -0.102069
     P      21       -0.014808        0.011954        0.011089
     P      21       -0.102069        0.011089       -0.009433

     P      22       -0.002521        0.014808       -0.102069
     P      22        0.014808        0.011954       -0.011089
     P      22       -0.102069       -0.011089       -0.009433

     P      23       -0.002521       -0.014808       -0.102069
     P      23       -0.014808        0.011954        0.011089
     P      23       -0.102069        0.011089       -0.009433

     P      24       -0.002521        0.014808       -0.102069
     P      24        0.014808        0.011954       -0.011089
     P      24       -0.102069       -0.011089       -0.009433

     O      25       -0.389222       -0.076305        0.374059
     O      25       -0.076305       -0.415727       -0.234724
     O      25        0.374059       -0.234724        0.804949

     O      26       -0.389222        0.076305        0.374059
     O      26        0.076305       -0.415727        0.234724
     O      26        0.374059        0.234724        0.804949

     O      27       -0.389222       -0.076305        0.374059
     O      27       -0.076305       -0.415727       -0.234724
     O      27        0.374059       -0.234724        0.804949

     O      28       -0.389222        0.076305        0.374059
     O      28        0.076305       -0.415727        0.234724
     O      28        0.374059        0.234724        0.804949

     O      29       -0.283176       -0.540102        0.194879
     O      29       -0.540102        0.640865       -0.265899
     O      29        0.194879       -0.265899       -0.357689

     O      30       -0.283176        0.540102        0.194879
     O      30        0.540102        0.640865        0.265899
     O      30        0.194879        0.265899       -0.357689

     O      31       -0.283176       -0.540102        0.194879
     O      31       -0.540102        0.640865       -0.265899
     O      31        0.194879       -0.265899       -0.357689

     O      32       -0.283176        0.540102        0.194879
     O      32        0.540102        0.640865        0.265899
     O      32        0.194879        0.265899       -0.357689

     O      33       -0.067979        0.466842       -0.430272
     O      33        0.466842        0.128664       -0.505104
     O      33       -0.430272       -0.505104       -0.060685

     O      34       -0.067979       -0.466842       -0.430272
     O      34       -0.466842        0.128664        0.505104
     O      34       -0.430272        0.505104       -0.060685

     O      35       -0.067979        0.466842       -0.430272
     O      35        0.466842        0.128664       -0.505104
     O      35       -0.430272       -0.505104       -0.060685

     O      36       -0.067979       -0.466842       -0.430272
     O      36       -0.466842        0.128664        0.505104
     O      36       -0.430272        0.505104       -0.060685

     O      37        0.904800        0.227746        0.113630
     O      37        0.227746       -0.365865       -0.027719
     O      37        0.113630       -0.027719       -0.538935

     O      38        0.904800       -0.227746        0.113630
     O      38       -0.227746       -0.365865        0.027719
     O      38        0.113630        0.027719       -0.538935

     O      39        0.904800        0.227746        0.113630
     O      39        0.227746       -0.365865       -0.027719
     O      39        0.113630       -0.027719       -0.538935

     O      40        0.904800       -0.227746        0.113630
     O      40       -0.227746       -0.365865        0.027719
     O      40        0.113630        0.027719       -0.538935

     O      41       -0.457565       -0.307979        0.351778
     O      41       -0.307979        0.238373       -0.591510
     O      41        0.351778       -0.591510        0.219192

     O      42       -0.457565        0.307979        0.351778
     O      42        0.307979        0.238373        0.591510
     O      42        0.351778        0.591510        0.219192

     O      43       -0.457565       -0.307979        0.351778
     O      43       -0.307979        0.238373       -0.591510
     O      43        0.351778       -0.591510        0.219192

     O      44       -0.457565        0.307979        0.351778
     O      44        0.307979        0.238373        0.591510
     O      44        0.351778        0.591510        0.219192

     O      45        0.175535       -0.475845       -0.573489
     O      45       -0.475845       -0.045807        0.336395
     O      45       -0.573489        0.336395       -0.129728

     O      46        0.175535        0.475845       -0.573489
     O      46        0.475845       -0.045807       -0.336395
     O      46       -0.573489       -0.336395       -0.129728

     O      47        0.175535       -0.475845       -0.573489
     O      47       -0.475845       -0.045807        0.336395
     O      47       -0.573489        0.336395       -0.129728

     O      48        0.175535        0.475845       -0.573489
     O      48        0.475845       -0.045807       -0.336395
     O      48       -0.573489       -0.336395       -0.129728

     O      49       -0.329868        0.143466       -0.504121
     O      49        0.143466       -0.362194       -0.324240
     O      49       -0.504121       -0.324240        0.692063

     O      50       -0.329868       -0.143466       -0.504121
     O      50       -0.143466       -0.362194        0.324240
     O      50       -0.504121        0.324240        0.692063

     O      51       -0.329868        0.143466       -0.504121
     O      51        0.143466       -0.362194       -0.324240
     O      51       -0.504121       -0.324240        0.692063

     O      52       -0.329868       -0.143466       -0.504121
     O      52       -0.143466       -0.362194        0.324240
     O      52       -0.504121        0.324240        0.692063

     O      53       -0.422659        0.224269       -0.016606
     O      53        0.224269        0.864481       -0.205933
     O      53       -0.016606       -0.205933       -0.441822

     O      54       -0.422659       -0.224269       -0.016606
     O      54       -0.224269        0.864481        0.205933
     O      54       -0.016606        0.205933       -0.441822

     O      55       -0.422659        0.224269       -0.016606
     O      55        0.224269        0.864481       -0.205933
     O      55       -0.016606       -0.205933       -0.441822

     O      56       -0.422659       -0.224269       -0.016606
     O      56       -0.224269        0.864481        0.205933
     O      56       -0.016606        0.205933       -0.441822

     O      57        0.138111       -0.454116        0.539220
     O      57       -0.454116       -0.224160       -0.414184
     O      57        0.539220       -0.414184        0.086049

     O      58        0.138111        0.454116        0.539220
     O      58        0.454116       -0.224160        0.414184
     O      58        0.539220        0.414184        0.086049

     O      59        0.138111       -0.454116        0.539220
     O      59       -0.454116       -0.224160       -0.414184
     O      59        0.539220       -0.414184        0.086049

     O      60        0.138111        0.454116        0.539220
     O      60        0.454116       -0.224160        0.414184
     O      60        0.539220        0.414184        0.086049

     O      61        0.944910       -0.026135        0.033578
     O      61       -0.026135       -0.380246       -0.000098
     O      61        0.033578       -0.000098       -0.564664

     O      62        0.944910        0.026135        0.033578
     O      62        0.026135       -0.380246        0.000098
     O      62        0.033578        0.000098       -0.564664

     O      63        0.944910       -0.026135        0.033578
     O      63       -0.026135       -0.380246       -0.000098
     O      63        0.033578       -0.000098       -0.564664

     O      64        0.944910        0.026135        0.033578
     O      64        0.026135       -0.380246        0.000098
     O      64        0.033578        0.000098       -0.564664

     O      65       -0.138143        0.423270       -0.456173
     O      65        0.423270        0.011645       -0.513350
     O      65       -0.456173       -0.513350        0.126498

     O      66       -0.138143       -0.423270       -0.456173
     O      66       -0.423270        0.011645        0.513350
     O      66       -0.456173        0.513350        0.126498

     O      67       -0.138143        0.423270       -0.456173
     O      67        0.423270        0.011645       -0.513350
     O      67       -0.456173       -0.513350        0.126498

     O      68       -0.138143       -0.423270       -0.456173
     O      68       -0.423270        0.011645        0.513350
     O      68       -0.456173        0.513350        0.126498

     O      69       -0.182999        0.439842        0.378471
     O      69        0.439842        0.133221        0.571059
     O      69        0.378471        0.571059        0.049778

     O      70       -0.182999       -0.439842        0.378471
     O      70       -0.439842        0.133221       -0.571059
     O      70        0.378471       -0.571059        0.049778

     O      71       -0.182999        0.439842        0.378471
     O      71        0.439842        0.133221        0.571059
     O      71        0.378471        0.571059        0.049778

     O      72       -0.182999       -0.439842        0.378471
     O      72       -0.439842        0.133221       -0.571059
     O      72        0.378471       -0.571059        0.049778


     NQR/NMR SPECTROSCOPIC PARAMETERS:
     Li      1    Vxx=    0.0059    axis=(  0.973330 -0.202212 -0.108348)
     Li      1    Vyy=    0.0159    axis=(  0.189807  0.444560  0.875408)
     Li      1    Vzz=   -0.0219    axis=( -0.128850 -0.872626  0.471085)
     Li      1  Q=         1.0000 1e-30 m^2  Cq=        -0.0513 MHz  eta= 0.45660

     Li      2    Vxx=    0.0059    axis=(  0.973330  0.202212 -0.108348)
     Li      2    Vyy=    0.0159    axis=( -0.189807  0.444560 -0.875408)
     Li      2    Vzz=   -0.0219    axis=( -0.128850  0.872626  0.471085)
     Li      2  Q=         1.0000 1e-30 m^2  Cq=        -0.0513 MHz  eta= 0.45660

     Li      3    Vxx=    0.0059    axis=(  0.973330 -0.202212 -0.108348)
     Li      3    Vyy=    0.0159    axis=(  0.189807  0.444560  0.875408)
     Li      3    Vzz=   -0.0219    axis=( -0.128850 -0.872626  0.471085)
     Li      3  Q=         1.0000 1e-30 m^2  Cq=        -0.0513 MHz  eta= 0.45660

     Li      4    Vxx=    0.0059    axis=(  0.973330  0.202212 -0.108348)
     Li      4    Vyy=    0.0159    axis=( -0.189807  0.444560 -0.875408)
     Li      4    Vzz=   -0.0219    axis=( -0.128850  0.872626  0.471085)
     Li      4  Q=         1.0000 1e-30 m^2  Cq=        -0.0513 MHz  eta= 0.45660

     Zr      5    Vxx=    0.0072    axis=(  0.718999  0.165123  0.675111)
     Zr      5    Vyy=    0.2773    axis=( -0.538108  0.747024  0.390378)
     Zr      5    Vzz=   -0.2845    axis=( -0.439864 -0.643964  0.625964)
     Zr      5  Q=         1.0000 1e-30 m^2  Cq=        -0.6684 MHz  eta= 0.94965

     Zr      6    Vxx=    0.0072    axis=(  0.718999 -0.165123  0.675111)
     Zr      6    Vyy=    0.2773    axis=( -0.538108 -0.747024  0.390378)
     Zr      6    Vzz=   -0.2845    axis=(  0.439864 -0.643964 -0.625964)
     Zr      6  Q=         1.0000 1e-30 m^2  Cq=        -0.6684 MHz  eta= 0.94965

     Zr      7    Vxx=    0.0072    axis=(  0.718999  0.165123  0.675111)
     Zr      7    Vyy=    0.2773    axis=( -0.538108  0.747024  0.390378)
     Zr      7    Vzz=   -0.2845    axis=( -0.439864 -0.643964  0.625964)
     Zr      7  Q=         1.0000 1e-30 m^2  Cq=        -0.6684 MHz  eta= 0.94965

     Zr      8    Vxx=    0.0072    axis=(  0.718999 -0.165123  0.675111)
     Zr      8    Vyy=    0.2773    axis=( -0.538108 -0.747024  0.390378)
     Zr      8    Vzz=   -0.2845    axis=(  0.439864 -0.643964 -0.625964)
     Zr      8  Q=         1.0000 1e-30 m^2  Cq=        -0.6684 MHz  eta= 0.94965

     Zr      9    Vxx=   -0.0239    axis=(  0.277972 -0.428390  0.859775)
     Zr      9    Vyy=   -0.1487    axis=( -0.742173 -0.664015 -0.090901)
     Zr      9    Vzz=    0.1726    axis=(  0.609844 -0.612834 -0.502518)
     Zr      9  Q=         1.0000 1e-30 m^2  Cq=         0.4056 MHz  eta= 0.72311

     Zr     10    Vxx=   -0.0239    axis=(  0.277972  0.428390  0.859775)
     Zr     10    Vyy=   -0.1487    axis=( -0.742173  0.664015 -0.090901)
     Zr     10    Vzz=    0.1726    axis=( -0.609844 -0.612834  0.502518)
     Zr     10  Q=         1.0000 1e-30 m^2  Cq=         0.4056 MHz  eta= 0.72311

     Zr     11    Vxx=   -0.0239    axis=(  0.277972 -0.428390  0.859775)
     Zr     11    Vyy=   -0.1487    axis=( -0.742173 -0.664015 -0.090901)
     Zr     11    Vzz=    0.1726    axis=(  0.609844 -0.612834 -0.502518)
     Zr     11  Q=         1.0000 1e-30 m^2  Cq=         0.4056 MHz  eta= 0.72311

     Zr     12    Vxx=   -0.0239    axis=(  0.277972  0.428390  0.859775)
     Zr     12    Vyy=   -0.1487    axis=( -0.742173  0.664015 -0.090901)
     Zr     12    Vzz=    0.1726    axis=( -0.609844 -0.612834  0.502518)
     Zr     12  Q=         1.0000 1e-30 m^2  Cq=         0.4056 MHz  eta= 0.72311

     P      13    Vxx=    0.0144    axis=(  0.291969 -0.213344  0.932330)
     P      13    Vyy=    0.1371    axis=(  0.039572  0.976664  0.211096)
     P      13    Vzz=   -0.1515    axis=( -0.955609 -0.024740  0.293598)
     P      13  Q=         1.0000 1e-30 m^2  Cq=        -0.3560 MHz  eta= 0.80939

     P      14    Vxx=    0.0144    axis=(  0.291969  0.213344  0.932330)
     P      14    Vyy=    0.1371    axis=( -0.039572  0.976664 -0.211096)
     P      14    Vzz=   -0.1515    axis=( -0.955609  0.024740  0.293598)
     P      14  Q=         1.0000 1e-30 m^2  Cq=        -0.3560 MHz  eta= 0.80939

     P      15    Vxx=    0.0144    axis=(  0.291969 -0.213344  0.932330)
     P      15    Vyy=    0.1371    axis=(  0.039572  0.976664  0.211096)
     P      15    Vzz=   -0.1515    axis=( -0.955609 -0.024740  0.293598)
     P      15  Q=         1.0000 1e-30 m^2  Cq=        -0.3560 MHz  eta= 0.80939

     P      16    Vxx=    0.0144    axis=(  0.291969  0.213344  0.932330)
     P      16    Vyy=    0.1371    axis=( -0.039572  0.976664 -0.211096)
     P      16    Vzz=   -0.1515    axis=( -0.955609  0.024740  0.293598)
     P      16  Q=         1.0000 1e-30 m^2  Cq=        -0.3560 MHz  eta= 0.80939

     P      17    Vxx=    0.0093    axis=(  0.735237  0.461018 -0.496880)
     P      17    Vyy=    0.1120    axis=(  0.620048 -0.161337  0.767796)
     P      17    Vzz=   -0.1213    axis=(  0.273803 -0.872601 -0.404474)
     P      17  Q=         1.0000 1e-30 m^2  Cq=        -0.2849 MHz  eta= 0.84728

     P      18    Vxx=    0.0093    axis=(  0.735237 -0.461018 -0.496880)
     P      18    Vyy=    0.1120    axis=( -0.620048 -0.161337 -0.767796)
     P      18    Vzz=   -0.1213    axis=(  0.273803  0.872601 -0.404474)
     P      18  Q=         1.0000 1e-30 m^2  Cq=        -0.2849 MHz  eta= 0.84728

     P      19    Vxx=    0.0093    axis=(  0.735237  0.461018 -0.496880)
     P      19    Vyy=    0.1120    axis=(  0.620048 -0.161337  0.767796)
     P      19    Vzz=   -0.1213    axis=(  0.273803 -0.872601 -0.404474)
     P      19  Q=         1.0000 1e-30 m^2  Cq=        -0.2849 MHz  eta= 0.84728

     P      20    Vxx=    0.0093    axis=(  0.735237 -0.461018 -0.496880)
     P      20    Vyy=    0.1120    axis=( -0.620048 -0.161337 -0.767796)
     P      20    Vzz=   -0.1213    axis=(  0.273803  0.872601 -0.404474)
     P      20  Q=         1.0000 1e-30 m^2  Cq=        -0.2849 MHz  eta= 0.84728

     P      21    Vxx=    0.0082    axis=(  0.133234  0.978737 -0.155955)
     P      21    Vyy=    0.1000    axis=( -0.705404  0.204181  0.678761)
     P      21    Vzz=   -0.1081    axis=(  0.696171  0.019577  0.717609)
     P      21  Q=         1.0000 1e-30 m^2  Cq=        -0.2541 MHz  eta= 0.84889

     P      22    Vxx=    0.0082    axis=(  0.133234 -0.978737 -0.155955)
     P      22    Vyy=    0.1000    axis=(  0.705404  0.204181 -0.678761)
     P      22    Vzz=   -0.1081    axis=(  0.696171 -0.019577  0.717609)
     P      22  Q=         1.0000 1e-30 m^2  Cq=        -0.2541 MHz  eta= 0.84889

     P      23    Vxx=    0.0082    axis=(  0.133234  0.978737 -0.155955)
     P      23    Vyy=    0.1000    axis=( -0.705404  0.204181  0.678761)
     P      23    Vzz=   -0.1081    axis=(  0.696171  0.019577  0.717609)
     P      23  Q=         1.0000 1e-30 m^2  Cq=        -0.2541 MHz  eta= 0.84889

     P      24    Vxx=    0.0082    axis=(  0.133234 -0.978737 -0.155955)
     P      24    Vyy=    0.1000    axis=(  0.705404  0.204181 -0.678761)
     P      24    Vzz=   -0.1081    axis=(  0.696171 -0.019577  0.717609)
     P      24  Q=         1.0000 1e-30 m^2  Cq=        -0.2541 MHz  eta= 0.84889

     O      25    Vxx=   -0.4582    axis=( -0.156572  0.961682  0.225063)
     O      25    Vyy=   -0.4985    axis=(  0.949236  0.209468 -0.234680)
     O      25    Vzz=    0.9568    axis=(  0.272832 -0.176894  0.945659)
     O      25  Q=         1.0000 1e-30 m^2  Cq=         2.2480 MHz  eta= 0.04212

     O      26    Vxx=   -0.4582    axis=( -0.156572 -0.961682  0.225063)
     O      26    Vyy=   -0.4985    axis=( -0.949236  0.209468  0.234680)
     O      26    Vzz=    0.9568    axis=(  0.272832  0.176894  0.945659)
     O      26  Q=         1.0000 1e-30 m^2  Cq=         2.2480 MHz  eta= 0.04212

     O      27    Vxx=   -0.4582    axis=( -0.156572  0.961682  0.225063)
     O      27    Vyy=   -0.4985    axis=(  0.949236  0.209468 -0.234680)
     O      27    Vzz=    0.9568    axis=(  0.272832 -0.176894  0.945659)
     O      27  Q=         1.0000 1e-30 m^2  Cq=         2.2480 MHz  eta= 0.04212

     O      28    Vxx=   -0.4582    axis=( -0.156572 -0.961682  0.225063)
     O      28    Vyy=   -0.4985    axis=( -0.949236  0.209468  0.234680)
     O      28    Vzz=    0.9568    axis=(  0.272832  0.176894  0.945659)
     O      28  Q=         1.0000 1e-30 m^2  Cq=         2.2480 MHz  eta= 0.04212

     O      29    Vxx=   -0.4044    axis=(  0.315948  0.383962  0.867612)
     O      29    Vyy=   -0.5641    axis=( -0.852815 -0.285822  0.437050)
     O      29    Vzz=    0.9685    axis=(  0.415794 -0.877997  0.237144)
     O      29  Q=         1.0000 1e-30 m^2  Cq=         2.2755 MHz  eta= 0.16487

     O      30    Vxx=   -0.4044    axis=(  0.315948 -0.383962  0.867612)
     O      30    Vyy=   -0.5641    axis=(  0.852815 -0.285822 -0.437050)
     O      30    Vzz=    0.9685    axis=(  0.415794  0.877997  0.237144)
     O      30  Q=         1.0000 1e-30 m^2  Cq=         2.2755 MHz  eta= 0.16487

     O      31    Vxx=   -0.4044    axis=(  0.315948  0.383962  0.867612)
     O      31    Vyy=   -0.5641    axis=( -0.852815 -0.285822  0.437050)
     O      31    Vzz=    0.9685    axis=(  0.415794 -0.877997  0.237144)
     O      31  Q=         1.0000 1e-30 m^2  Cq=         2.2755 MHz  eta= 0.16487

     O      32    Vxx=   -0.4044    axis=(  0.315948 -0.383962  0.867612)
     O      32    Vyy=   -0.5641    axis=(  0.852815 -0.285822 -0.437050)
     O      32    Vzz=    0.9685    axis=(  0.415794  0.877997  0.237144)
     O      32  Q=         1.0000 1e-30 m^2  Cq=         2.2755 MHz  eta= 0.16487

     O      33    Vxx=   -0.4436    axis=(  0.669561 -0.717092 -0.193562)
     O      33    Vyy=   -0.5014    axis=(  0.519569  0.265954  0.811983)
     O      33    Vzz=    0.9450    axis=(  0.530788  0.644242 -0.550651)
     O      33  Q=         1.0000 1e-30 m^2  Cq=         2.2204 MHz  eta= 0.06124

     O      34    Vxx=   -0.4436    axis=( -0.669561 -0.717092  0.193562)
     O      34    Vyy=   -0.5014    axis=(  0.519569 -0.265954  0.811983)
     O      34    Vzz=    0.9450    axis=(  0.530788 -0.644242 -0.550651)
     O      34  Q=         1.0000 1e-30 m^2  Cq=         2.2204 MHz  eta= 0.06124

     O      35    Vxx=   -0.4436    axis=(  0.669561 -0.717092 -0.193562)
     O      35    Vyy=   -0.5014    axis=(  0.519569  0.265954  0.811983)
     O      35    Vzz=    0.9450    axis=(  0.530788  0.644242 -0.550651)
     O      35  Q=         1.0000 1e-30 m^2  Cq=         2.2204 MHz  eta= 0.06124

     O      36    Vxx=   -0.4436    axis=( -0.669561 -0.717092  0.193562)
     O      36    Vyy=   -0.5014    axis=(  0.519569 -0.265954  0.811983)
     O      36    Vzz=    0.9450    axis=(  0.530788 -0.644242 -0.550651)
     O      36  Q=         1.0000 1e-30 m^2  Cq=         2.2204 MHz  eta= 0.06124

     O      37    Vxx=   -0.3914    axis=( -0.141316  0.947471 -0.286928)
     O      37    Vyy=   -0.5607    axis=(  0.116330 -0.271935 -0.955258)
     O      37    Vzz=    0.9521    axis=( -0.983106 -0.168372 -0.071791)
     O      37  Q=         1.0000 1e-30 m^2  Cq=         2.2371 MHz  eta= 0.17774

     O      38    Vxx=   -0.3914    axis=( -0.141316 -0.947471 -0.286928)
     O      38    Vyy=   -0.5607    axis=( -0.116330 -0.271935  0.955258)
     O      38    Vzz=    0.9521    axis=( -0.983106  0.168372 -0.071791)
     O      38  Q=         1.0000 1e-30 m^2  Cq=         2.2371 MHz  eta= 0.17774

     O      39    Vxx=   -0.3914    axis=( -0.141316  0.947471 -0.286928)
     O      39    Vyy=   -0.5607    axis=(  0.116330 -0.271935 -0.955258)
     O      39    Vzz=    0.9521    axis=( -0.983106 -0.168372 -0.071791)
     O      39  Q=         1.0000 1e-30 m^2  Cq=         2.2371 MHz  eta= 0.17774

     O      40    Vxx=   -0.3914    axis=( -0.141316 -0.947471 -0.286928)
     O      40    Vyy=   -0.5607    axis=( -0.116330 -0.271935  0.955258)
     O      40    Vzz=    0.9521    axis=( -0.983106  0.168372 -0.071791)
     O      40  Q=         1.0000 1e-30 m^2  Cq=         2.2371 MHz  eta= 0.17774

     O      41    Vxx=   -0.3585    axis=(  0.121561  0.729603  0.672980)
     O      41    Vyy=   -0.6139    axis=( -0.942885 -0.126973  0.307971)
     O      41    Vzz=    0.9725    axis=(  0.310147 -0.671980  0.672497)
     O      41  Q=         1.0000 1e-30 m^2  Cq=         2.2849 MHz  eta= 0.26262

     O      42    Vxx=   -0.3585    axis=( -0.121561  0.729603 -0.672980)
     O      42    Vyy=   -0.6139    axis=( -0.942885  0.126973  0.307971)
     O      42    Vzz=    0.9725    axis=(  0.310147  0.671980  0.672497)
     O      42  Q=         1.0000 1e-30 m^2  Cq=         2.2849 MHz  eta= 0.26262

     O      43    Vxx=   -0.3585    axis=(  0.121561  0.729603  0.672980)
     O      43    Vyy=   -0.6139    axis=( -0.942885 -0.126973  0.307971)
     O      43    Vzz=    0.9725    axis=(  0.310147 -0.671980  0.672497)
     O      43  Q=         1.0000 1e-30 m^2  Cq=         2.2849 MHz  eta= 0.26262

     O      44    Vxx=   -0.3585    axis=( -0.121561  0.729603 -0.672980)
     O      44    Vyy=   -0.6139    axis=( -0.942885  0.126973  0.307971)
     O      44    Vzz=    0.9725    axis=(  0.310147  0.671980  0.672497)
     O      44  Q=         1.0000 1e-30 m^2  Cq=         2.2849 MHz  eta= 0.26262

     O      45    Vxx=   -0.3824    axis=( -0.332270 -0.859006  0.389494)
     O      45    Vyy=   -0.5728    axis=(  0.643121  0.095728  0.759758)
     O      45    Vzz=    0.9552    axis=(  0.689922 -0.502936 -0.520637)
     O      45  Q=         1.0000 1e-30 m^2  Cq=         2.2443 MHz  eta= 0.19933

     O      46    Vxx=   -0.3824    axis=(  0.332270 -0.859006 -0.389494)
     O      46    Vyy=   -0.5728    axis=(  0.643121 -0.095728  0.759758)
     O      46    Vzz=    0.9552    axis=(  0.689922  0.502936 -0.520637)
     O      46  Q=         1.0000 1e-30 m^2  Cq=         2.2443 MHz  eta= 0.19933

     O      47    Vxx=   -0.3824    axis=( -0.332270 -0.859006  0.389494)
     O      47    Vyy=   -0.5728    axis=(  0.643121  0.095728  0.759758)
     O      47    Vzz=    0.9552    axis=(  0.689922 -0.502936 -0.520637)
     O      47  Q=         1.0000 1e-30 m^2  Cq=         2.2443 MHz  eta= 0.19933

     O      48    Vxx=   -0.3824    axis=(  0.332270 -0.859006 -0.389494)
     O      48    Vyy=   -0.5728    axis=(  0.643121 -0.095728  0.759758)
     O      48    Vzz=    0.9552    axis=(  0.689922  0.502936 -0.520637)
     O      48  Q=         1.0000 1e-30 m^2  Cq=         2.2443 MHz  eta= 0.19933

     O      49    Vxx=   -0.4539    axis=(  0.008191  0.961245  0.275573)
     O      49    Vyy=   -0.5378    axis=( -0.929524  0.108922 -0.352309)
     O      49    Vzz=    0.9917    axis=( -0.368672 -0.253266  0.894392)
     O      49  Q=         1.0000 1e-30 m^2  Cq=         2.3300 MHz  eta= 0.08453

     O      50    Vxx=   -0.4539    axis=( -0.008191  0.961245 -0.275573)
     O      50    Vyy=   -0.5378    axis=( -0.929524 -0.108922 -0.352309)
     O      50    Vzz=    0.9917    axis=( -0.368672  0.253266  0.894392)
     O      50  Q=         1.0000 1e-30 m^2  Cq=         2.3300 MHz  eta= 0.08453

     O      51    Vxx=   -0.4539    axis=(  0.008191  0.961245  0.275573)
     O      51    Vyy=   -0.5378    axis=( -0.929524  0.108922 -0.352309)
     O      51    Vzz=    0.9917    axis=( -0.368672 -0.253266  0.894392)
     O      51  Q=         1.0000 1e-30 m^2  Cq=         2.3300 MHz  eta= 0.08453

     O      52    Vxx=   -0.4539    axis=( -0.008191  0.961245 -0.275573)
     O      52    Vyy=   -0.5378    axis=( -0.929524 -0.108922 -0.352309)
     O      52    Vzz=    0.9917    axis=( -0.368672  0.253266  0.894392)
     O      52  Q=         1.0000 1e-30 m^2  Cq=         2.3300 MHz  eta= 0.08453

     O      53    Vxx=   -0.4478    axis=(  0.815586 -0.048903  0.576566)
     O      53    Vyy=   -0.4854    axis=(  0.555159 -0.214817 -0.803525)
     O      53    Vzz=    0.9332    axis=( -0.163151 -0.975429  0.148052)
     O      53  Q=         1.0000 1e-30 m^2  Cq=         2.1928 MHz  eta= 0.04024

     O      54    Vxx=   -0.4478    axis=(  0.815586  0.048903  0.576566)
     O      54    Vyy=   -0.4854    axis=( -0.555159 -0.214817  0.803525)
     O      54    Vzz=    0.9332    axis=( -0.163151  0.975429  0.148052)
     O      54  Q=         1.0000 1e-30 m^2  Cq=         2.1928 MHz  eta= 0.04024

     O      55    Vxx=   -0.4478    axis=(  0.815586 -0.048903  0.576566)
     O      55    Vyy=   -0.4854    axis=(  0.555159 -0.214817 -0.803525)
     O      55    Vzz=    0.9332    axis=( -0.163151 -0.975429  0.148052)
     O      55  Q=         1.0000 1e-30 m^2  Cq=         2.1928 MHz  eta= 0.04024

     O      56    Vxx=   -0.4478    axis=(  0.815586  0.048903  0.576566)
     O      56    Vyy=   -0.4854    axis=( -0.555159 -0.214817  0.803525)
     O      56    Vzz=    0.9332    axis=( -0.163151  0.975429  0.148052)
     O      56  Q=         1.0000 1e-30 m^2  Cq=         2.1928 MHz  eta= 0.04024

     O      57    Vxx=   -0.4265    axis=( -0.648837  0.090357  0.755544)
     O      57    Vyy=   -0.5420    axis=( -0.401180 -0.884334 -0.238761)
     O      57    Vzz=    0.9685    axis=(  0.646580 -0.458026  0.610038)
     O      57  Q=         1.0000 1e-30 m^2  Cq=         2.2757 MHz  eta= 0.11920

     O      58    Vxx=   -0.4265    axis=( -0.648837 -0.090357  0.755544)
     O      58    Vyy=   -0.5420    axis=(  0.401180 -0.884334  0.238761)
     O      58    Vzz=    0.9685    axis=(  0.646580  0.458026  0.610038)
     O      58  Q=         1.0000 1e-30 m^2  Cq=         2.2757 MHz  eta= 0.11920

     O      59    Vxx=   -0.4265    axis=( -0.648837  0.090357  0.755544)
     O      59    Vyy=   -0.5420    axis=( -0.401180 -0.884334 -0.238761)
     O      59    Vzz=    0.9685    axis=(  0.646580 -0.458026  0.610038)
     O      59  Q=         1.0000 1e-30 m^2  Cq=         2.2757 MHz  eta= 0.11920

     O      60    Vxx=   -0.4265    axis=( -0.648837 -0.090357  0.755544)
     O      60    Vyy=   -0.5420    axis=(  0.401180 -0.884334  0.238761)
     O      60    Vzz=    0.9685    axis=(  0.646580  0.458026  0.610038)
     O      60  Q=         1.0000 1e-30 m^2  Cq=         2.2757 MHz  eta= 0.11920

     O      61    Vxx=   -0.3808    axis=(  0.019633  0.999803  0.003052)
     O      61    Vyy=   -0.5654    axis=(  0.022272  0.002614 -0.999749)
     O      61    Vzz=    0.9462    axis=( -0.999559  0.019696 -0.022216)
     O      61  Q=         1.0000 1e-30 m^2  Cq=         2.2231 MHz  eta= 0.19516

     O      62    Vxx=   -0.3808    axis=(  0.019633 -0.999803  0.003052)
     O      62    Vyy=   -0.5654    axis=( -0.022272  0.002614  0.999749)
     O      62    Vzz=    0.9462    axis=( -0.999559 -0.019696 -0.022216)
     O      62  Q=         1.0000 1e-30 m^2  Cq=         2.2231 MHz  eta= 0.19516

     O      63    Vxx=   -0.3808    axis=(  0.019633  0.999803  0.003052)
     O      63    Vyy=   -0.5654    axis=(  0.022272  0.002614 -0.999749)
     O      63    Vzz=    0.9462    axis=( -0.999559  0.019696 -0.022216)
     O      63  Q=         1.0000 1e-30 m^2  Cq=         2.2231 MHz  eta= 0.19516

     O      64    Vxx=   -0.3808    axis=(  0.019633 -0.999803  0.003052)
     O      64    Vyy=   -0.5654    axis=( -0.022272  0.002614  0.999749)
     O      64    Vzz=    0.9462    axis=( -0.999559 -0.019696 -0.022216)
     O      64  Q=         1.0000 1e-30 m^2  Cq=         2.2231 MHz  eta= 0.19516

     O      65    Vxx=   -0.4456    axis=(  0.164440  0.665358  0.728188)
     O      65    Vyy=   -0.4980    axis=( -0.851073  0.468895 -0.236248)
     O      65    Vzz=    0.9435    axis=( -0.498633 -0.580893  0.643373)
     O      65  Q=         1.0000 1e-30 m^2  Cq=         2.2169 MHz  eta= 0.05553

     O      66    Vxx=   -0.4456    axis=(  0.164440 -0.665358  0.728188)
     O      66    Vyy=   -0.4980    axis=(  0.851073  0.468895  0.236248)
     O      66    Vzz=    0.9435    axis=( -0.498633  0.580893  0.643373)
     O      66  Q=         1.0000 1e-30 m^2  Cq=         2.2169 MHz  eta= 0.05553

     O      67    Vxx=   -0.4456    axis=(  0.164440  0.665358  0.728188)
     O      67    Vyy=   -0.4980    axis=( -0.851073  0.468895 -0.236248)
     O      67    Vzz=    0.9435    axis=( -0.498633 -0.580893  0.643373)
     O      67  Q=         1.0000 1e-30 m^2  Cq=         2.2169 MHz  eta= 0.05553

     O      68    Vxx=   -0.4456    axis=(  0.164440 -0.665358  0.728188)
     O      68    Vyy=   -0.4980    axis=(  0.851073  0.468895  0.236248)
     O      68    Vzz=    0.9435    axis=( -0.498633  0.580893  0.643373)
     O      68  Q=         1.0000 1e-30 m^2  Cq=         2.2169 MHz  eta= 0.05553

     O      69    Vxx=   -0.4594    axis=( -0.656470 -0.210738  0.724318)
     O      69    Vyy=   -0.4993    axis=( -0.603245  0.723171 -0.336333)
     O      69    Vzz=    0.9587    axis=( -0.452927 -0.657734 -0.601866)
     O      69  Q=         1.0000 1e-30 m^2  Cq=         2.2525 MHz  eta= 0.04160

     O      70    Vxx=   -0.4594    axis=(  0.656470 -0.210738 -0.724318)
     O      70    Vyy=   -0.4993    axis=( -0.603245 -0.723171 -0.336333)
     O      70    Vzz=    0.9587    axis=( -0.452927  0.657734 -0.601866)
     O      70  Q=         1.0000 1e-30 m^2  Cq=         2.2525 MHz  eta= 0.04160

     O      71    Vxx=   -0.4594    axis=( -0.656470 -0.210738  0.724318)
     O      71    Vyy=   -0.4993    axis=( -0.603245  0.723171 -0.336333)
     O      71    Vzz=    0.9587    axis=( -0.452927 -0.657734 -0.601866)
     O      71  Q=         1.0000 1e-30 m^2  Cq=         2.2525 MHz  eta= 0.04160

     O      72    Vxx=   -0.4594    axis=(  0.656470 -0.210738 -0.724318)
     O      72    Vyy=   -0.4993    axis=( -0.603245 -0.723171 -0.336333)
     O      72    Vzz=    0.9587    axis=( -0.452927  0.657734 -0.601866)
     O      72  Q=         1.0000 1e-30 m^2  Cq=         2.2525 MHz  eta= 0.04160

     Initialization:
     gipaw_setup  :      1.03s CPU      1.05s WALL (       1 calls)

     Linear response

     Apply operators

     Induced current

     Other routines
     efg          :     22.29s CPU     46.18s WALL (       1 calls)

     General routines
     calbec       :      5.76s CPU      5.77s WALL (       8 calls)
     fft          :      1.15s CPU      1.20s WALL (      13 calls)
     ffts         :      0.74s CPU      0.74s WALL (       2 calls)
     fftw         :      7.55s CPU      7.84s WALL (    1792 calls)
     davcio       :      0.00s CPU      1.05s WALL (      24 calls)

     Parallel routines
     fft_scatter  :      1.99s CPU      2.29s WALL (    1807 calls)

     Plugins


     GIPAW        :     27.77s CPU   1m40.70s WALL


   This run was terminated on:   3:22:31  11Nov2024            

=------------------------------------------------------------------------------=
   JOB DONE.
=------------------------------------------------------------------------------=
