Time[ps]      Etot[eV]     Epot[eV]     Ekin[eV]    T[K]
0.0000        -6028.476    -6063.530       35.054   305.4
0.2000        -6031.553    -6065.645       34.092   297.0
0.4000        -6029.439    -6064.136       34.697   302.3
0.6000        -6029.159    -6064.409       35.249   307.1
0.8000        -6029.452    -6064.070       34.619   301.6
1.0000        -6029.706    -6065.674       35.969   313.4
1.2000        -6031.236    -6066.104       34.868   303.8
1.4000        -6030.629    -6064.692       34.063   296.8
1.6000        -6030.559    -6064.400       33.842   294.8
1.8000        -6031.383    -6065.639       34.256   298.4
2.0000        -6029.719    -6063.934       34.215   298.1
2.2000        -6031.014    -6067.395       36.381   317.0
2.4000        -6030.846    -6065.068       34.223   298.2
2.6000        -6031.943    -6066.125       34.182   297.8
2.8000        -6032.223    -6066.362       34.139   297.4
3.0000        -6031.511    -6065.052       33.541   292.2
3.2000        -6030.238    -6065.691       35.453   308.9
3.4000        -6030.539    -6065.600       35.061   305.5
3.6000        -6030.247    -6066.364       36.117   314.7
3.8000        -6030.724    -6065.296       34.573   301.2
4.0000        -6032.746    -6065.942       33.195   289.2
4.2000        -6031.729    -6066.627       34.898   304.0
4.4000        -6032.151    -6066.986       34.835   303.5
4.6000        -6030.873    -6065.954       35.081   305.6
4.8000        -6029.798    -6064.361       34.563   301.1
5.0000        -6029.546    -6065.409       35.863   312.4
5.2000        -6029.455    -6065.793       36.338   316.6
5.4000        -6029.753    -6066.606       36.854   321.1
5.6000        -6030.662    -6066.338       35.676   310.8
5.8000        -6029.753    -6064.512       34.759   302.8
6.0000        -6028.945    -6064.259       35.314   307.7
6.2000        -6028.174    -6064.700       36.526   318.2
6.4000        -6027.383    -6063.787       36.404   317.2
6.6000        -6027.359    -6064.875       37.516   326.8
6.8000        -6028.132    -6064.998       36.865   321.2
7.0000        -6027.149    -6064.391       37.242   324.5
7.2000        -6028.804    -6064.587       35.783   311.7
7.4000        -6029.402    -6065.691       36.289   316.2
7.6000        -6029.663    -6067.049       37.386   325.7
7.8000        -6029.752    -6064.790       35.038   305.3
8.0000        -6029.543    -6066.389       36.845   321.0
8.2000        -6027.527    -6064.626       37.099   323.2
8.4000        -6025.892    -6063.819       37.927   330.4
8.6000        -6029.016    -6064.825       35.808   312.0
8.8000        -6030.232    -6065.436       35.204   306.7
9.0000        -6029.620    -6065.153       35.533   309.6
9.2000        -6028.835    -6064.868       36.033   313.9
9.4000        -6028.724    -6064.104       35.381   308.2
9.6000        -6027.774    -6064.783       37.009   322.4
9.8000        -6028.403    -6064.416       36.013   313.7
10.0000       -6030.289    -6065.840       35.551   309.7
10.2000       -6031.308    -6067.119       35.811   312.0
10.4000       -6029.508    -6066.007       36.500   318.0
10.6000       -6029.899    -6064.438       34.539   300.9
10.8000       -6029.918    -6066.118       36.200   315.4
11.0000       -6030.656    -6066.193       35.538   309.6
11.2000       -6029.515    -6065.483       35.968   313.4
11.4000       -6030.386    -6064.952       34.566   301.1
11.6000       -6030.393    -6065.346       34.954   304.5
11.8000       -6030.536    -6064.150       33.614   292.9
12.0000       -6029.482    -6065.571       36.089   314.4
12.2000       -6030.297    -6065.977       35.680   310.8
12.4000       -6029.461    -6066.160       36.698   319.7
12.6000       -6028.537    -6064.932       36.396   317.1
12.8000       -6028.584    -6063.640       35.056   305.4
13.0000       -6027.348    -6064.901       37.553   327.2
13.2000       -6027.230    -6064.922       37.692   328.4
13.4000       -6027.485    -6064.010       36.525   318.2
13.6000       -6028.422    -6063.667       35.244   307.1
13.8000       -6027.067    -6064.956       37.889   330.1
14.0000       -6028.814    -6065.704       36.890   321.4
14.2000       -6028.062    -6063.020       34.958   304.6
14.4000       -6026.255    -6063.560       37.305   325.0
14.6000       -6024.815    -6062.451       37.636   327.9
14.8000       -6028.495    -6065.139       36.643   319.2
15.0000       -6029.036    -6064.763       35.726   311.3
15.2000       -6029.979    -6064.531       34.552   301.0
15.4000       -6030.015    -6065.919       35.904   312.8
15.6000       -6029.146    -6063.842       34.696   302.3
15.8000       -6031.169    -6065.730       34.562   301.1
16.0000       -6030.769    -6065.664       34.894   304.0
16.2000       -6030.401    -6065.120       34.718   302.5
16.4000       -6030.783    -6066.015       35.232   306.9
16.6000       -6028.995    -6063.986       34.992   304.8
16.8000       -6026.800    -6063.100       36.300   316.3
17.0000       -6026.619    -6063.240       36.621   319.0
17.2000       -6026.840    -6063.404       36.563   318.5
17.4000       -6027.204    -6065.593       38.389   334.5
17.6000       -6026.988    -6063.322       36.334   316.5
17.8000       -6029.041    -6065.211       36.170   315.1
18.0000       -6028.241    -6064.312       36.071   314.3
18.2000       -6030.241    -6065.392       35.151   306.2
18.4000       -6030.125    -6065.155       35.030   305.2
18.6000       -6027.584    -6063.608       36.024   313.8
18.8000       -6028.469    -6063.797       35.328   307.8
19.0000       -6029.357    -6065.895       36.538   318.3
19.2000       -6029.733    -6065.299       35.566   309.9
19.4000       -6028.889    -6064.429       35.540   309.6
19.6000       -6029.703    -6065.336       35.633   310.4
19.8000       -6029.247    -6065.253       36.007   313.7
20.0000       -6029.521    -6065.625       36.104   314.5
20.2000       -6028.807    -6065.583       36.776   320.4
20.4000       -6028.856    -6064.011       35.155   306.3
20.6000       -6028.435    -6064.021       35.586   310.0
20.8000       -6030.882    -6067.044       36.162   315.0
21.0000       -6030.536    -6065.035       34.500   300.6
21.2000       -6030.025    -6065.532       35.508   309.3
21.4000       -6030.397    -6065.747       35.350   308.0
21.6000       -6029.853    -6064.963       35.109   305.9
21.8000       -6027.987    -6064.535       36.548   318.4
22.0000       -6029.363    -6066.273       36.911   321.6
22.2000       -6029.995    -6064.885       34.891   304.0
22.4000       -6029.336    -6065.105       35.769   311.6
22.6000       -6029.216    -6066.021       36.805   320.6
22.8000       -6028.423    -6065.444       37.021   322.5
23.0000       -6029.394    -6064.905       35.510   309.4
23.2000       -6030.007    -6064.918       34.911   304.1
23.4000       -6029.746    -6066.543       36.797   320.6
23.6000       -6028.559    -6063.639       35.080   305.6
23.8000       -6028.644    -6064.627       35.983   313.5
24.0000       -6029.510    -6064.949       35.439   308.7
24.2000       -6028.111    -6064.618       36.507   318.1
24.4000       -6028.248    -6064.715       36.468   317.7
24.6000       -6029.374    -6064.817       35.444   308.8
24.8000       -6028.858    -6063.970       35.112   305.9
25.0000       -6030.268    -6065.977       35.708   311.1
25.2000       -6030.908    -6065.353       34.445   300.1
25.4000       -6030.449    -6065.728       35.279   307.4
25.6000       -6029.904    -6065.424       35.520   309.5
25.8000       -6027.802    -6064.478       36.675   319.5
26.0000       -6029.566    -6064.743       35.176   306.5
26.2000       -6030.161    -6065.408       35.247   307.1
26.4000       -6031.053    -6065.790       34.737   302.6
26.6000       -6032.709    -6067.312       34.604   301.5
26.8000       -6031.881    -6065.322       33.441   291.3
27.0000       -6031.762    -6066.398       34.636   301.8
27.2000       -6030.838    -6066.536       35.698   311.0
27.4000       -6031.382    -6064.862       33.481   291.7
27.6000       -6031.420    -6065.790       34.370   299.4
27.8000       -6032.774    -6067.481       34.708   302.4
28.0000       -6034.308    -6067.380       33.072   288.1
28.2000       -6032.591    -6066.916       34.325   299.0
28.4000       -6031.911    -6065.127       33.216   289.4
28.6000       -6032.964    -6067.006       34.042   296.6
28.8000       -6029.773    -6067.169       37.396   325.8
29.0000       -6029.840    -6065.299       35.459   308.9
29.2000       -6031.500    -6065.475       33.975   296.0
29.4000       -6031.849    -6066.917       35.068   305.5
29.6000       -6031.646    -6066.456       34.810   303.3
29.8000       -6028.164    -6063.718       35.555   309.8
30.0000       -6029.606    -6064.926       35.320   307.7
30.2000       -6030.574    -6065.352       34.777   303.0
30.4000       -6028.108    -6064.720       36.612   319.0
30.6000       -6026.483    -6063.370       36.887   321.4
30.8000       -6027.220    -6063.779       36.560   318.5
31.0000       -6027.886    -6064.838       36.952   321.9
31.2000       -6028.191    -6064.805       36.614   319.0
31.4000       -6028.633    -6064.898       36.265   315.9
31.6000       -6028.687    -6064.295       35.609   310.2
31.8000       -6028.508    -6062.730       34.222   298.1
32.0000       -6028.100    -6064.574       36.474   317.8
32.2000       -6028.982    -6064.025       35.043   305.3
32.4000       -6029.473    -6065.008       35.535   309.6
32.6000       -6028.128    -6065.066       36.937   321.8
32.8000       -6028.775    -6064.263       35.488   309.2
33.0000       -6029.741    -6064.894       35.153   306.3
33.2000       -6028.508    -6064.147       35.640   310.5
33.4000       -6028.363    -6064.773       36.411   317.2
33.6000       -6029.562    -6066.042       36.479   317.8
33.8000       -6027.281    -6064.487       37.206   324.1
34.0000       -6028.895    -6064.580       35.686   310.9
34.2000       -6027.875    -6063.593       35.719   311.2
34.4000       -6027.903    -6065.554       37.651   328.0
34.6000       -6027.823    -6064.560       36.737   320.1
34.8000       -6027.997    -6063.758       35.761   311.6
35.0000       -6028.342    -6064.958       36.616   319.0
35.2000       -6028.627    -6064.664       36.036   314.0
35.4000       -6029.046    -6065.680       36.635   319.2
35.6000       -6029.286    -6065.859       36.574   318.6
35.8000       -6032.030    -6067.402       35.372   308.2
36.0000       -6029.977    -6064.826       34.849   303.6
36.2000       -6030.535    -6065.426       34.890   304.0
36.4000       -6030.467    -6065.911       35.445   308.8
36.6000       -6031.313    -6066.590       35.278   307.3
36.8000       -6030.760    -6064.425       33.665   293.3
37.0000       -6030.877    -6066.064       35.188   306.6
37.2000       -6032.554    -6066.707       34.153   297.5
37.4000       -6032.855    -6067.574       34.718   302.5
37.6000       -6030.335    -6065.683       35.348   308.0
37.8000       -6029.055    -6065.388       36.333   316.5
38.0000       -6029.777    -6066.052       36.275   316.0
38.2000       -6030.206    -6066.403       36.197   315.4
38.4000       -6030.502    -6066.292       35.790   311.8
38.6000       -6030.511    -6066.635       36.124   314.7
38.8000       -6030.651    -6065.968       35.317   307.7
39.0000       -6028.679    -6064.256       35.578   310.0
39.2000       -6027.990    -6064.807       36.817   320.8
39.4000       -6027.314    -6065.708       38.395   334.5
39.6000       -6029.138    -6065.104       35.966   313.3
39.8000       -6027.202    -6063.559       36.357   316.7
40.0000       -6027.664    -6062.932       35.268   307.3
40.2000       -6030.473    -6065.215       34.743   302.7
40.4000       -6031.274    -6066.254       34.981   304.8
40.6000       -6029.853    -6067.162       37.309   325.0
40.8000       -6029.622    -6065.776       36.154   315.0
41.0000       -6031.411    -6067.528       36.117   314.7
41.2000       -6029.953    -6065.426       35.473   309.0
41.4000       -6028.267    -6064.186       35.919   312.9
41.6000       -6028.376    -6063.994       35.618   310.3
41.8000       -6028.484    -6064.981       36.497   318.0
42.0000       -6032.426    -6067.567       35.142   306.2
42.2000       -6030.976    -6067.749       36.773   320.4
42.4000       -6030.777    -6065.912       35.134   306.1
42.6000       -6031.481    -6065.616       34.135   297.4
42.8000       -6031.596    -6066.038       34.442   300.1
43.0000       -6032.213    -6066.828       34.615   301.6
43.2000       -6032.704    -6066.777       34.073   296.8
43.4000       -6030.333    -6064.370       34.038   296.5
43.6000       -6028.958    -6066.044       37.087   323.1
43.8000       -6031.152    -6065.450       34.298   298.8
44.0000       -6031.244    -6066.840       35.596   310.1
44.2000       -6031.515    -6065.735       34.220   298.1
44.4000       -6032.345    -6066.150       33.804   294.5
44.6000       -6029.542    -6064.390       34.848   303.6
44.8000       -6029.656    -6064.380       34.724   302.5
45.0000       -6029.357    -6066.533       37.176   323.9
45.2000       -6030.517    -6065.860       35.343   307.9
45.4000       -6029.215    -6065.434       36.218   315.5
45.6000       -6028.985    -6063.958       34.973   304.7
45.8000       -6028.371    -6064.801       36.430   317.4
46.0000       -6028.775    -6065.072       36.297   316.2
46.2000       -6026.115    -6064.073       37.957   330.7
46.4000       -6026.009    -6063.646       37.638   327.9
46.6000       -6027.417    -6063.882       36.465   317.7
46.8000       -6027.973    -6065.327       37.354   325.4
47.0000       -6026.562    -6063.762       37.200   324.1
47.2000       -6027.938    -6064.112       36.175   315.2
47.4000       -6029.646    -6065.079       35.433   308.7
47.6000       -6029.777    -6065.868       36.091   314.4
47.8000       -6030.050    -6066.963       36.913   321.6
48.0000       -6030.810    -6065.698       34.888   303.9
48.2000       -6030.828    -6066.443       35.615   310.3
48.4000       -6029.060    -6065.028       35.968   313.4
48.6000       -6027.610    -6064.277       36.667   319.4
48.8000       -6028.555    -6065.098       36.542   318.4
49.0000       -6029.191    -6064.251       35.060   305.4
49.2000       -6029.921    -6065.682       35.760   311.5
49.4000       -6031.827    -6065.914       34.087   297.0
49.6000       -6030.909    -6066.794       35.886   312.6
49.8000       -6031.435    -6066.262       34.827   303.4
50.0000       -6028.027    -6065.302       37.275   324.7
50.2000       -6029.117    -6064.346       35.229   306.9
50.4000       -6029.355    -6064.944       35.589   310.1
50.6000       -6029.593    -6065.414       35.821   312.1
50.8000       -6030.020    -6066.737       36.717   319.9
51.0000       -6030.341    -6067.473       37.132   323.5
51.2000       -6030.596    -6064.751       34.154   297.6
51.4000       -6030.373    -6065.032       34.660   302.0
51.6000       -6029.858    -6065.476       35.617   310.3
51.8000       -6030.229    -6065.082       34.852   303.6
52.0000       -6030.504    -6064.843       34.339   299.2
52.2000       -6028.394    -6064.221       35.827   312.1
52.4000       -6030.332    -6065.664       35.332   307.8
52.6000       -6030.405    -6064.139       33.734   293.9
52.8000       -6030.993    -6064.959       33.966   295.9
53.0000       -6029.897    -6065.591       35.695   311.0
53.2000       -6029.263    -6064.730       35.467   309.0
53.4000       -6030.392    -6066.220       35.829   312.1
53.6000       -6032.246    -6064.920       32.675   284.7
53.8000       -6031.151    -6066.989       35.838   312.2
54.0000       -6031.649    -6066.301       34.652   301.9
54.2000       -6031.862    -6065.907       34.045   296.6
54.4000       -6030.585    -6065.268       34.682   302.2
54.6000       -6031.038    -6065.768       34.729   302.6
54.8000       -6032.744    -6066.160       33.416   291.1
55.0000       -6032.571    -6067.966       35.396   308.4
55.2000       -6031.113    -6065.237       34.124   297.3
55.4000       -6029.990    -6064.883       34.893   304.0
55.6000       -6029.905    -6065.502       35.598   310.1
55.8000       -6029.172    -6066.008       36.836   320.9
56.0000       -6028.765    -6064.506       35.741   311.4
56.2000       -6029.416    -6065.163       35.747   311.4
56.4000       -6031.523    -6066.833       35.310   307.6
56.6000       -6028.399    -6065.233       36.835   320.9
56.8000       -6031.032    -6066.000       34.969   304.7
57.0000       -6030.199    -6065.864       35.665   310.7
57.2000       -6029.721    -6065.025       35.305   307.6
57.4000       -6029.919    -6064.325       34.406   299.7
57.6000       -6029.931    -6064.417       34.486   300.4
57.8000       -6030.544    -6066.766       36.222   315.6
58.0000       -6029.882    -6065.698       35.817   312.0
58.2000       -6029.835    -6064.520       34.685   302.2
58.4000       -6029.145    -6066.623       37.477   326.5
58.6000       -6028.942    -6063.798       34.857   303.7
58.8000       -6030.981    -6065.100       34.119   297.2
59.0000       -6032.982    -6067.506       34.524   300.8
59.2000       -6031.550    -6065.771       34.222   298.1
59.4000       -6032.354    -6066.965       34.611   301.5
59.6000       -6032.747    -6066.497       33.750   294.0
59.8000       -6030.497    -6066.755       36.259   315.9
60.0000       -6031.451    -6067.020       35.568   309.9
60.2000       -6031.551    -6065.473       33.922   295.5
60.4000       -6030.212    -6064.861       34.649   301.9
60.6000       -6031.865    -6066.198       34.333   299.1
60.8000       -6032.307    -6067.222       34.915   304.2
61.0000       -6032.166    -6066.075       33.909   295.4
61.2000       -6031.287    -6064.660       33.373   290.8
61.4000       -6030.695    -6065.396       34.701   302.3
61.6000       -6029.513    -6065.254       35.741   311.4
61.8000       -6030.639    -6065.281       34.642   301.8
62.0000       -6031.918    -6066.296       34.378   299.5
62.2000       -6032.232    -6068.280       36.048   314.1
62.4000       -6031.144    -6066.214       35.070   305.5
62.6000       -6031.563    -6066.454       34.890   304.0
62.8000       -6031.707    -6065.816       34.109   297.2
63.0000       -6030.702    -6065.568       34.867   303.8
63.2000       -6032.146    -6066.850       34.704   302.3
63.4000       -6032.835    -6067.557       34.722   302.5
63.6000       -6031.665    -6065.914       34.249   298.4
63.8000       -6031.010    -6066.534       35.524   309.5
64.0000       -6028.716    -6064.744       36.027   313.9
64.2000       -6029.270    -6065.935       36.665   319.4
64.4000       -6030.653    -6065.552       34.899   304.0
64.6000       -6032.190    -6065.485       33.296   290.1
64.8000       -6031.866    -6066.655       34.789   303.1
65.0000       -6031.229    -6066.743       35.513   309.4
65.2000       -6030.226    -6065.968       35.742   311.4
65.4000       -6033.243    -6065.965       32.722   285.1
65.6000       -6031.520    -6066.835       35.315   307.7
65.8000       -6032.479    -6065.582       33.103   288.4
66.0000       -6033.058    -6066.989       33.931   295.6
66.2000       -6031.159    -6066.194       35.035   305.2
66.4000       -6031.153    -6065.839       34.686   302.2
66.6000       -6030.653    -6066.009       35.356   308.0
66.8000       -6030.513    -6066.069       35.555   309.8
67.0000       -6030.000    -6065.763       35.763   311.6
67.2000       -6029.904    -6066.436       36.532   318.3
67.4000       -6031.932    -6068.689       36.758   320.2
67.6000       -6033.075    -6066.740       33.665   293.3
67.8000       -6035.405    -6067.875       32.470   282.9
68.0000       -6033.781    -6066.834       33.053   288.0
68.2000       -6032.530    -6066.612       34.082   296.9
68.4000       -6033.473    -6067.326       33.853   294.9
68.6000       -6032.568    -6066.426       33.858   295.0
68.8000       -6030.948    -6065.576       34.629   301.7
69.0000       -6029.896    -6067.133       37.237   324.4
69.2000       -6031.400    -6065.829       34.429   299.9
69.4000       -6032.635    -6067.396       34.761   302.8
69.6000       -6030.255    -6065.955       35.701   311.0
69.8000       -6029.762    -6066.551       36.789   320.5
70.0000       -6031.820    -6066.146       34.326   299.0
70.2000       -6032.108    -6066.897       34.789   303.1
70.4000       -6031.463    -6066.244       34.781   303.0
70.6000       -6029.865    -6065.184       35.319   307.7
70.8000       -6027.754    -6065.029       37.275   324.7
71.0000       -6027.613    -6065.215       37.603   327.6
71.2000       -6028.681    -6063.831       35.150   306.2
71.4000       -6029.008    -6065.134       36.126   314.7
71.6000       -6031.166    -6065.922       34.757   302.8
71.8000       -6031.829    -6066.990       35.161   306.3
72.0000       -6031.019    -6066.571       35.552   309.7
72.2000       -6031.064    -6065.024       33.960   295.9
72.4000       -6030.720    -6066.208       35.488   309.2
72.6000       -6031.144    -6066.083       34.939   304.4
72.8000       -6030.911    -6065.789       34.878   303.9
73.0000       -6030.565    -6065.684       35.119   306.0
73.2000       -6029.643    -6065.235       35.593   310.1
73.4000       -6030.916    -6065.560       34.644   301.8
73.6000       -6030.379    -6064.518       34.139   297.4
73.8000       -6031.579    -6066.466       34.888   303.9
74.0000       -6032.008    -6066.906       34.898   304.0
74.2000       -6030.832    -6067.196       36.365   316.8
74.4000       -6031.771    -6065.822       34.051   296.7
74.6000       -6031.540    -6065.557       34.017   296.4
74.8000       -6031.352    -6066.977       35.625   310.4
75.0000       -6029.665    -6066.225       36.560   318.5
75.2000       -6029.675    -6064.703       35.027   305.2
75.4000       -6030.835    -6066.176       35.341   307.9
75.6000       -6030.469    -6065.358       34.890   304.0
75.8000       -6030.957    -6066.340       35.383   308.3
76.0000       -6030.665    -6066.601       35.936   313.1
76.2000       -6031.382    -6066.860       35.478   309.1
76.4000       -6030.365    -6065.449       35.084   305.7
76.6000       -6030.370    -6065.994       35.624   310.4
76.8000       -6031.962    -6066.519       34.557   301.1
77.0000       -6030.354    -6064.056       33.702   293.6
77.2000       -6029.840    -6065.136       35.296   307.5
77.4000       -6028.634    -6064.731       36.098   314.5
77.6000       -6028.529    -6064.993       36.464   317.7
77.8000       -6027.607    -6063.461       35.854   312.4
78.0000       -6028.427    -6065.049       36.621   319.0
78.2000       -6029.486    -6063.534       34.048   296.6
78.4000       -6029.031    -6065.255       36.224   315.6
78.6000       -6030.991    -6066.361       35.370   308.1
78.8000       -6030.086    -6064.444       34.358   299.3
79.0000       -6031.764    -6067.560       35.796   311.9
79.2000       -6032.998    -6067.603       34.605   301.5
79.4000       -6030.857    -6065.784       34.927   304.3
79.6000       -6029.592    -6063.770       34.177   297.8
79.8000       -6029.242    -6064.699       35.457   308.9
80.0000       -6030.527    -6066.281       35.754   311.5
80.2000       -6030.761    -6065.733       34.972   304.7
80.4000       -6030.865    -6066.407       35.542   309.6
80.6000       -6029.384    -6064.355       34.971   304.7
80.8000       -6029.227    -6066.220       36.992   322.3
81.0000       -6027.890    -6064.877       36.987   322.2
81.2000       -6028.201    -6065.194       36.993   322.3
81.4000       -6030.081    -6066.538       36.457   317.6
81.6000       -6029.502    -6064.544       35.042   305.3
81.8000       -6030.856    -6065.763       34.907   304.1
82.0000       -6028.999    -6064.516       35.518   309.4
82.2000       -6030.156    -6066.890       36.734   320.0
82.4000       -6028.795    -6064.936       36.141   314.9
82.6000       -6028.261    -6064.160       35.899   312.8
82.8000       -6029.502    -6066.231       36.729   320.0
83.0000       -6029.409    -6065.931       36.522   318.2
83.2000       -6030.097    -6065.196       35.099   305.8
83.4000       -6030.854    -6066.441       35.587   310.0
83.6000       -6031.575    -6065.562       33.986   296.1
83.8000       -6029.802    -6065.885       36.083   314.4
84.0000       -6029.086    -6064.884       35.798   311.9
84.2000       -6027.483    -6064.543       37.060   322.9
84.4000       -6030.073    -6064.826       34.753   302.8
84.6000       -6032.722    -6068.188       35.465   309.0
84.8000       -6031.019    -6065.821       34.802   303.2
85.0000       -6030.818    -6066.396       35.579   310.0
85.2000       -6030.438    -6065.710       35.272   307.3
85.4000       -6031.477    -6065.741       34.264   298.5
85.6000       -6030.937    -6066.250       35.313   307.7
85.8000       -6032.376    -6066.249       33.873   295.1
86.0000       -6031.669    -6067.556       35.887   312.7
86.2000       -6032.148    -6066.592       34.444   300.1
86.4000       -6032.140    -6066.678       34.538   300.9
86.6000       -6032.097    -6066.764       34.667   302.0
86.8000       -6031.764    -6066.955       35.191   306.6
87.0000       -6031.380    -6066.134       34.754   302.8
87.2000       -6031.933    -6066.721       34.788   303.1
87.4000       -6032.291    -6066.991       34.700   302.3
87.6000       -6032.548    -6067.815       35.267   307.3
87.8000       -6030.582    -6065.935       35.353   308.0
88.0000       -6029.930    -6064.824       34.894   304.0
88.2000       -6030.419    -6065.683       35.264   307.2
88.4000       -6029.696    -6065.272       35.576   309.9
88.6000       -6031.469    -6066.990       35.521   309.5
88.8000       -6032.081    -6067.357       35.276   307.3
89.0000       -6029.656    -6065.294       35.638   310.5
89.2000       -6029.877    -6065.137       35.260   307.2
89.4000       -6030.162    -6065.892       35.729   311.3
89.6000       -6030.916    -6066.232       35.316   307.7
89.8000       -6031.717    -6066.780       35.063   305.5
90.0000       -6030.942    -6065.987       35.044   305.3
90.2000       -6032.890    -6067.224       34.334   299.1
90.4000       -6031.304    -6067.506       36.203   315.4
90.6000       -6028.026    -6062.564       34.538   300.9
90.8000       -6027.349    -6063.962       36.613   319.0
91.0000       -6028.795    -6064.753       35.958   313.3
91.2000       -6028.692    -6065.235       36.543   318.4
91.4000       -6029.248    -6066.309       37.061   322.9
91.6000       -6029.731    -6066.279       36.548   318.4
91.8000       -6028.802    -6063.948       35.145   306.2
92.0000       -6030.440    -6065.267       34.827   303.4
92.2000       -6030.261    -6065.977       35.716   311.2
92.4000       -6030.201    -6065.302       35.101   305.8
92.6000       -6030.028    -6065.354       35.326   307.8
92.8000       -6031.743    -6068.020       36.278   316.1
93.0000       -6031.844    -6065.680       33.836   294.8
93.2000       -6032.434    -6066.274       33.840   294.8
93.4000       -6032.332    -6066.452       34.120   297.3
93.6000       -6034.136    -6067.423       33.287   290.0
93.8000       -6033.867    -6067.740       33.873   295.1
94.0000       -6033.071    -6067.521       34.450   300.1
94.2000       -6032.113    -6065.597       33.483   291.7
94.4000       -6031.375    -6065.205       33.830   294.7
94.6000       -6029.875    -6065.392       35.517   309.4
94.8000       -6030.653    -6066.585       35.932   313.0
95.0000       -6030.085    -6065.732       35.648   310.6
95.2000       -6032.486    -6066.976       34.490   300.5
95.4000       -6030.336    -6065.576       35.240   307.0
95.6000       -6030.160    -6064.360       34.200   298.0
95.8000       -6030.282    -6064.724       34.442   300.1
96.0000       -6030.561    -6067.328       36.767   320.3
96.2000       -6029.890    -6065.557       35.666   310.7
96.4000       -6031.770    -6068.116       36.346   316.7
96.6000       -6030.491    -6067.056       36.565   318.6
96.8000       -6029.787    -6066.373       36.586   318.7
97.0000       -6029.382    -6065.111       35.729   311.3
97.2000       -6031.466    -6066.923       35.457   308.9
97.4000       -6031.374    -6068.067       36.693   319.7
97.6000       -6031.513    -6066.595       35.082   305.6
97.8000       -6031.673    -6066.852       35.179   306.5
98.0000       -6031.584    -6065.194       33.610   292.8
98.2000       -6033.034    -6067.892       34.858   303.7
98.4000       -6032.322    -6066.714       34.393   299.6
98.6000       -6033.514    -6067.955       34.441   300.1
98.8000       -6032.255    -6066.008       33.753   294.1
99.0000       -6030.779    -6065.919       35.140   306.1
99.2000       -6030.573    -6066.344       35.771   311.6
99.4000       -6031.843    -6065.406       33.563   292.4
99.6000       -6030.161    -6064.802       34.641   301.8
99.8000       -6032.317    -6066.704       34.386   299.6
100.0000      -6032.208    -6067.081       34.873   303.8
100.2000      -6030.701    -6065.998       35.296   307.5
100.4000      -6027.990    -6064.949       36.959   322.0
100.6000      -6030.291    -6065.431       35.139   306.1
100.8000      -6028.504    -6064.356       35.852   312.3
101.0000      -6029.113    -6065.393       36.280   316.1
101.2000      -6028.424    -6063.373       34.948   304.5
101.4000      -6029.359    -6065.299       35.940   313.1
101.6000      -6030.521    -6065.780       35.259   307.2
101.8000      -6030.887    -6066.275       35.388   308.3
102.0000      -6028.680    -6065.170       36.490   317.9
102.2000      -6029.360    -6065.342       35.982   313.5
102.4000      -6029.555    -6065.392       35.837   312.2
102.6000      -6030.445    -6065.683       35.238   307.0
102.8000      -6033.076    -6067.711       34.635   301.7
103.0000      -6032.622    -6066.551       33.929   295.6
103.2000      -6031.400    -6065.913       34.513   300.7
103.4000      -6031.039    -6066.628       35.589   310.1
103.6000      -6031.155    -6066.451       35.296   307.5
103.8000      -6031.245    -6065.798       34.552   301.0
104.0000      -6031.646    -6066.995       35.349   308.0
104.2000      -6030.340    -6064.549       34.209   298.0
104.4000      -6029.623    -6065.994       36.371   316.9
104.6000      -6030.223    -6066.260       36.037   314.0
104.8000      -6031.207    -6066.222       35.016   305.1
105.0000      -6030.402    -6065.592       35.189   306.6
105.2000      -6029.926    -6065.670       35.744   311.4
105.4000      -6031.980    -6066.521       34.541   300.9
105.6000      -6032.441    -6066.603       34.162   297.6
105.8000      -6033.701    -6067.927       34.226   298.2
106.0000      -6031.438    -6066.535       35.097   305.8
106.2000      -6030.149    -6066.313       36.165   315.1
106.4000      -6028.848    -6064.186       35.338   307.9
106.6000      -6030.713    -6065.020       34.306   298.9
106.8000      -6028.713    -6065.127       36.415   317.2
107.0000      -6029.662    -6065.743       36.081   314.3
107.2000      -6029.116    -6065.764       36.649   319.3
107.4000      -6029.322    -6065.190       35.868   312.5
107.6000      -6028.766    -6064.111       35.345   307.9
107.8000      -6027.801    -6064.618       36.817   320.8
108.0000      -6028.334    -6065.022       36.688   319.6
108.2000      -6030.007    -6065.739       35.732   311.3
108.4000      -6029.814    -6066.665       36.851   321.0
108.6000      -6031.681    -6066.302       34.621   301.6
108.8000      -6031.356    -6065.926       34.569   301.2
109.0000      -6029.895    -6065.704       35.809   312.0
109.2000      -6030.387    -6065.873       35.486   309.2
109.4000      -6031.141    -6065.137       33.996   296.2
109.6000      -6032.566    -6066.795       34.229   298.2
109.8000      -6029.696    -6065.748       36.052   314.1
110.0000      -6029.542    -6064.245       34.703   302.3
110.2000      -6029.534    -6065.283       35.749   311.4
110.4000      -6031.442    -6066.429       34.987   304.8
110.6000      -6030.468    -6065.965       35.497   309.3
110.8000      -6030.218    -6065.614       35.396   308.4
111.0000      -6030.779    -6064.333       33.554   292.3
111.2000      -6032.271    -6067.600       35.330   307.8
111.4000      -6032.063    -6066.958       34.895   304.0
111.6000      -6029.519    -6066.105       36.587   318.7
111.8000      -6029.394    -6065.267       35.873   312.5
112.0000      -6028.919    -6064.450       35.531   309.6
112.2000      -6029.715    -6066.122       36.407   317.2
112.4000      -6028.402    -6065.333       36.931   321.7
112.6000      -6027.832    -6064.732       36.900   321.5
112.8000      -6030.012    -6065.537       35.525   309.5
113.0000      -6030.349    -6065.635       35.285   307.4
113.2000      -6031.656    -6065.940       34.284   298.7
113.4000      -6032.387    -6066.848       34.461   300.2
113.6000      -6031.580    -6064.918       33.339   290.5
113.8000      -6032.948    -6068.373       35.425   308.6
114.0000      -6031.161    -6066.881       35.719   311.2
114.2000      -6032.105    -6067.211       35.106   305.9
114.4000      -6031.528    -6067.591       36.063   314.2
114.6000      -6032.446    -6066.913       34.467   300.3
114.8000      -6031.601    -6066.695       35.094   305.7
115.0000      -6032.198    -6067.271       35.073   305.6
115.2000      -6032.489    -6067.110       34.621   301.6
115.4000      -6031.503    -6066.184       34.681   302.1
115.6000      -6032.187    -6066.323       34.137   297.4
115.8000      -6031.719    -6065.730       34.011   296.3
116.0000      -6031.396    -6066.552       35.156   306.3
116.2000      -6030.739    -6065.399       34.660   302.0
116.4000      -6030.807    -6064.919       34.113   297.2
116.6000      -6029.917    -6066.005       36.089   314.4
116.8000      -6029.964    -6065.386       35.422   308.6
117.0000      -6028.209    -6065.146       36.937   321.8
117.2000      -6030.542    -6065.542       35.000   304.9
117.4000      -6030.278    -6065.108       34.831   303.4
117.6000      -6031.066    -6065.553       34.487   300.5
117.8000      -6030.561    -6066.437       35.875   312.5
118.0000      -6031.473    -6066.830       35.357   308.0
118.2000      -6031.403    -6065.658       34.255   298.4
118.4000      -6033.176    -6066.562       33.386   290.9
118.6000      -6031.782    -6067.409       35.627   310.4
118.8000      -6030.627    -6065.887       35.260   307.2
119.0000      -6030.925    -6067.544       36.619   319.0
119.2000      -6032.317    -6066.685       34.368   299.4
119.4000      -6029.193    -6064.816       35.624   310.4
119.6000      -6031.009    -6065.697       34.688   302.2
119.8000      -6030.912    -6065.253       34.341   299.2
120.0000      -6031.511    -6068.210       36.699   319.7
120.2000      -6032.650    -6066.276       33.625   292.9
120.4000      -6031.511    -6065.717       34.206   298.0
120.6000      -6030.437    -6065.370       34.933   304.3
120.8000      -6030.421    -6066.268       35.847   312.3
121.0000      -6030.903    -6067.134       36.231   315.6
121.2000      -6030.800    -6067.693       36.893   321.4
121.4000      -6030.707    -6064.991       34.283   298.7
121.6000      -6031.047    -6067.083       36.036   313.9
121.8000      -6031.058    -6067.344       36.286   316.1
122.0000      -6031.676    -6065.663       33.987   296.1
122.2000      -6031.171    -6066.118       34.947   304.5
122.4000      -6031.019    -6066.050       35.031   305.2
122.6000      -6030.469    -6067.218       36.749   320.2
122.8000      -6031.518    -6067.115       35.597   310.1
123.0000      -6030.568    -6066.088       35.520   309.4
123.2000      -6030.390    -6066.554       36.164   315.1
123.4000      -6029.993    -6066.161       36.168   315.1
123.6000      -6029.749    -6066.882       37.133   323.5
123.8000      -6028.271    -6063.720       35.449   308.8
124.0000      -6028.854    -6064.845       35.991   313.6
124.2000      -6029.658    -6064.171       34.513   300.7
124.4000      -6028.902    -6065.394       36.492   317.9
124.6000      -6029.567    -6065.410       35.842   312.3
124.8000      -6028.311    -6063.948       35.638   310.5
125.0000      -6029.650    -6064.858       35.208   306.7
125.2000      -6031.021    -6066.612       35.591   310.1
125.4000      -6032.257    -6066.718       34.461   300.2
125.6000      -6029.807    -6065.479       35.672   310.8
125.8000      -6029.005    -6065.425       36.420   317.3
126.0000      -6031.069    -6065.913       34.843   303.6
126.2000      -6031.905    -6068.012       36.107   314.6
126.4000      -6031.667    -6066.679       35.012   305.0
126.6000      -6031.275    -6066.925       35.650   310.6
126.8000      -6030.545    -6067.441       36.896   321.4
127.0000      -6028.240    -6064.541       36.301   316.3
127.2000      -6030.071    -6066.776       36.705   319.8
127.4000      -6030.391    -6066.380       35.989   313.5
127.6000      -6030.789    -6065.470       34.681   302.1
127.8000      -6029.385    -6066.044       36.659   319.4
128.0000      -6029.828    -6064.791       34.963   304.6
128.2000      -6030.059    -6066.147       36.088   314.4
128.4000      -6028.393    -6065.907       37.513   326.8
128.6000      -6030.326    -6066.691       36.365   316.8
128.8000      -6032.251    -6066.842       34.591   301.4
129.0000      -6029.956    -6066.641       36.685   319.6
129.2000      -6031.140    -6066.715       35.576   309.9
129.4000      -6032.260    -6066.935       34.675   302.1
129.6000      -6030.427    -6065.412       34.985   304.8
129.8000      -6029.943    -6066.083       36.140   314.9
130.0000      -6030.309    -6066.332       36.023   313.8
130.2000      -6031.469    -6066.534       35.065   305.5
130.4000      -6031.225    -6065.533       34.308   298.9
130.6000      -6030.908    -6065.771       34.864   303.7
130.8000      -6028.978    -6064.048       35.069   305.5
131.0000      -6028.907    -6064.897       35.991   313.6
131.2000      -6031.860    -6068.019       36.159   315.0
131.4000      -6031.852    -6066.156       34.305   298.9
131.6000      -6030.587    -6066.723       36.136   314.8
131.8000      -6031.018    -6066.887       35.869   312.5
132.0000      -6032.293    -6066.528       34.235   298.3
132.2000      -6031.796    -6066.370       34.574   301.2
132.4000      -6030.992    -6066.163       35.171   306.4
132.6000      -6028.576    -6065.495       36.919   321.6
132.8000      -6030.432    -6065.499       35.067   305.5
133.0000      -6030.727    -6065.449       34.722   302.5
133.2000      -6031.951    -6066.040       34.088   297.0
133.4000      -6032.545    -6066.914       34.369   299.4
133.6000      -6030.339    -6065.887       35.547   309.7
133.8000      -6029.534    -6065.142       35.608   310.2
134.0000      -6028.498    -6064.240       35.742   311.4
134.2000      -6028.264    -6065.303       37.039   322.7
134.4000      -6029.360    -6065.590       36.231   315.6
134.6000      -6031.694    -6066.944       35.251   307.1
134.8000      -6032.839    -6067.243       34.404   299.7
135.0000      -6030.955    -6066.941       35.987   313.5
135.2000      -6031.699    -6066.341       34.642   301.8
135.4000      -6030.251    -6065.245       34.994   304.9
135.6000      -6030.192    -6065.531       35.339   307.9
135.8000      -6031.839    -6067.128       35.289   307.4
136.0000      -6031.103    -6065.625       34.522   300.8
136.2000      -6031.659    -6064.815       33.156   288.9
136.4000      -6032.133    -6066.727       34.594   301.4
136.6000      -6029.355    -6064.947       35.592   310.1
136.8000      -6029.870    -6064.698       34.828   303.4
137.0000      -6030.915    -6066.842       35.928   313.0
137.2000      -6031.614    -6065.797       34.184   297.8
137.4000      -6030.447    -6065.971       35.524   309.5
137.6000      -6028.731    -6064.379       35.649   310.6
137.8000      -6031.345    -6066.097       34.751   302.8
138.0000      -6031.919    -6066.555       34.636   301.7
138.2000      -6031.009    -6065.526       34.517   300.7
138.4000      -6029.896    -6064.912       35.016   305.1
138.6000      -6029.188    -6064.946       35.759   311.5
138.8000      -6031.560    -6066.825       35.264   307.2
139.0000      -6030.688    -6066.279       35.591   310.1
139.2000      -6032.770    -6067.273       34.503   300.6
139.4000      -6032.286    -6066.614       34.328   299.1
139.6000      -6032.402    -6067.060       34.657   301.9
139.8000      -6030.977    -6067.201       36.224   315.6
140.0000      -6032.126    -6067.000       34.875   303.8
140.2000      -6030.703    -6066.814       36.111   314.6
140.4000      -6032.231    -6066.472       34.241   298.3
140.6000      -6032.032    -6067.413       35.381   308.2
140.8000      -6032.972    -6067.037       34.065   296.8
141.0000      -6029.210    -6064.362       35.152   306.2
141.2000      -6028.747    -6064.694       35.948   313.2
141.4000      -6031.799    -6066.514       34.715   302.4
141.6000      -6030.411    -6065.479       35.068   305.5
141.8000      -6030.125    -6065.604       35.479   309.1
142.0000      -6027.933    -6064.182       36.249   315.8
142.2000      -6029.287    -6064.989       35.701   311.0
142.4000      -6028.779    -6066.179       37.400   325.8
142.6000      -6029.414    -6066.040       36.626   319.1
142.8000      -6027.226    -6062.822       35.596   310.1
143.0000      -6029.805    -6066.841       37.036   322.7
143.2000      -6030.321    -6066.715       36.394   317.1
143.4000      -6028.434    -6064.205       35.771   311.6
143.6000      -6028.865    -6064.661       35.795   311.9
143.8000      -6028.749    -6064.782       36.033   313.9
144.0000      -6029.018    -6065.477       36.458   317.6
144.2000      -6030.229    -6064.770       34.540   300.9
144.4000      -6031.385    -6066.584       35.199   306.7
144.6000      -6029.833    -6066.415       36.581   318.7
144.8000      -6030.014    -6066.004       35.991   313.6
145.0000      -6029.288    -6064.825       35.538   309.6
145.2000      -6028.585    -6064.806       36.221   315.6
145.4000      -6027.407    -6063.742       36.335   316.6
145.6000      -6027.705    -6064.453       36.747   320.1
145.8000      -6028.509    -6063.505       34.996   304.9
146.0000      -6026.204    -6063.247       37.042   322.7
146.2000      -6027.197    -6064.508       37.311   325.1
146.4000      -6029.285    -6065.924       36.638   319.2
146.6000      -6030.699    -6065.424       34.725   302.5
146.8000      -6030.004    -6066.092       36.087   314.4
147.0000      -6030.521    -6066.983       36.462   317.7
147.2000      -6030.056    -6065.429       35.373   308.2
147.4000      -6031.069    -6067.094       36.024   313.8
147.6000      -6029.076    -6065.230       36.155   315.0
147.8000      -6030.348    -6066.221       35.873   312.5
148.0000      -6030.834    -6065.768       34.933   304.3
148.2000      -6032.168    -6066.276       34.108   297.2
148.4000      -6030.938    -6066.879       35.942   313.1
148.6000      -6032.607    -6066.879       34.272   298.6
148.8000      -6030.876    -6064.625       33.750   294.0
149.0000      -6031.147    -6066.811       35.664   310.7
149.2000      -6029.698    -6065.083       35.386   308.3
149.4000      -6033.080    -6067.185       34.105   297.1
149.6000      -6032.685    -6066.533       33.848   294.9
149.8000      -6031.514    -6066.256       34.742   302.7
150.0000      -6031.530    -6066.581       35.050   305.4
150.2000      -6032.148    -6068.309       36.161   315.0
150.4000      -6030.302    -6065.383       35.081   305.6
150.6000      -6028.541    -6064.212       35.670   310.8
150.8000      -6029.445    -6064.141       34.696   302.3
151.0000      -6029.398    -6064.860       35.463   309.0
151.2000      -6030.198    -6066.714       36.516   318.1
151.4000      -6030.056    -6065.795       35.739   311.4
151.6000      -6030.553    -6066.590       36.038   314.0
151.8000      -6031.607    -6067.096       35.489   309.2
152.0000      -6031.856    -6067.087       35.231   306.9
152.2000      -6030.831    -6066.501       35.670   310.8
152.4000      -6030.782    -6065.404       34.622   301.6
152.6000      -6031.521    -6067.402       35.881   312.6
152.8000      -6031.585    -6067.791       36.206   315.4
153.0000      -6030.738    -6066.323       35.585   310.0
153.2000      -6031.016    -6067.075       36.059   314.1
153.4000      -6031.480    -6066.482       35.002   304.9
153.6000      -6031.348    -6065.821       34.473   300.3
153.8000      -6031.287    -6067.511       36.224   315.6
154.0000      -6030.674    -6066.184       35.510   309.4
154.2000      -6030.158    -6065.622       35.464   309.0
154.4000      -6029.447    -6066.024       36.577   318.7
154.6000      -6030.863    -6067.198       36.335   316.6
154.8000      -6031.775    -6067.514       35.739   311.4
155.0000      -6030.157    -6066.216       36.059   314.1
155.2000      -6031.761    -6066.607       34.846   303.6
155.4000      -6032.127    -6066.527       34.401   299.7
155.6000      -6031.265    -6065.479       34.214   298.1
155.8000      -6031.371    -6066.772       35.401   308.4
156.0000      -6032.155    -6067.210       35.055   305.4
156.2000      -6033.256    -6066.887       33.631   293.0
156.4000      -6031.271    -6066.859       35.589   310.1
156.6000      -6032.470    -6067.111       34.642   301.8
156.8000      -6030.360    -6066.105       35.745   311.4
157.0000      -6029.561    -6064.921       35.360   308.1
157.2000      -6029.694    -6064.804       35.110   305.9
157.4000      -6029.492    -6064.176       34.684   302.2
157.6000      -6030.651    -6066.969       36.318   316.4
157.8000      -6030.369    -6065.496       35.127   306.0
158.0000      -6030.750    -6064.680       33.930   295.6
158.2000      -6031.456    -6065.515       34.058   296.7
158.4000      -6032.705    -6068.624       35.918   312.9
158.6000      -6030.148    -6065.509       35.361   308.1
158.8000      -6029.185    -6065.354       36.169   315.1
159.0000      -6030.938    -6066.157       35.220   306.8
159.2000      -6030.531    -6065.903       35.372   308.2
159.4000      -6029.547    -6066.441       36.894   321.4
159.6000      -6028.521    -6065.446       36.925   321.7
159.8000      -6028.019    -6066.157       38.138   332.3
160.0000      -6029.475    -6065.864       36.389   317.0
160.2000      -6030.522    -6065.748       35.225   306.9
160.4000      -6029.983    -6066.256       36.274   316.0
160.6000      -6029.420    -6065.002       35.582   310.0
160.8000      -6029.756    -6065.421       35.665   310.7
161.0000      -6030.514    -6066.369       35.855   312.4
161.2000      -6030.587    -6065.073       34.486   300.4
161.4000      -6030.564    -6066.750       36.186   315.3
161.6000      -6026.923    -6062.647       35.724   311.2
161.8000      -6026.981    -6064.685       37.703   328.5
162.0000      -6028.582    -6064.690       36.108   314.6
162.2000      -6030.654    -6066.338       35.684   310.9
162.4000      -6029.176    -6064.660       35.484   309.1
162.6000      -6030.331    -6065.406       35.074   305.6
162.8000      -6030.241    -6066.173       35.933   313.0
163.0000      -6029.779    -6066.235       36.456   317.6
163.2000      -6031.597    -6065.765       34.169   297.7
163.4000      -6030.806    -6066.232       35.426   308.6
163.6000      -6030.151    -6066.195       36.044   314.0
163.8000      -6030.223    -6065.991       35.768   311.6
164.0000      -6031.274    -6066.271       34.997   304.9
164.2000      -6033.480    -6068.497       35.017   305.1
164.4000      -6032.032    -6066.270       34.237   298.3
164.6000      -6033.058    -6066.968       33.910   295.4
164.8000      -6032.059    -6066.742       34.683   302.2
165.0000      -6030.808    -6064.563       33.755   294.1
165.2000      -6028.968    -6065.285       36.317   316.4
165.4000      -6030.745    -6064.861       34.117   297.2
165.6000      -6031.390    -6065.312       33.922   295.5
165.8000      -6031.352    -6064.633       33.281   290.0
166.0000      -6030.954    -6066.541       35.586   310.0
166.2000      -6030.030    -6065.950       35.920   312.9
166.4000      -6032.074    -6066.839       34.765   302.9
166.6000      -6030.871    -6066.382       35.510   309.4
166.8000      -6031.323    -6066.174       34.851   303.6
167.0000      -6031.915    -6067.522       35.607   310.2
167.2000      -6031.595    -6064.964       33.370   290.7
167.4000      -6030.748    -6065.611       34.863   303.7
167.6000      -6033.256    -6067.912       34.656   301.9
167.8000      -6029.537    -6064.314       34.777   303.0
168.0000      -6029.790    -6066.327       36.537   318.3
168.2000      -6026.978    -6065.087       38.109   332.0
168.4000      -6028.026    -6064.615       36.589   318.8
168.6000      -6030.418    -6065.365       34.946   304.5
168.8000      -6030.017    -6065.807       35.790   311.8
169.0000      -6030.007    -6066.632       36.625   319.1
169.2000      -6030.838    -6066.145       35.307   307.6
169.4000      -6030.390    -6065.991       35.601   310.2
169.6000      -6028.652    -6065.790       37.138   323.6
169.8000      -6028.690    -6065.687       36.997   322.3
170.0000      -6030.033    -6064.914       34.881   303.9
170.2000      -6030.104    -6065.675       35.571   309.9
170.4000      -6028.775    -6064.300       35.525   309.5
170.6000      -6030.124    -6066.185       36.060   314.2
170.8000      -6032.812    -6066.313       33.501   291.9
171.0000      -6032.288    -6066.404       34.116   297.2
171.2000      -6030.739    -6066.364       35.625   310.4
171.4000      -6030.797    -6066.535       35.738   311.3
171.6000      -6029.858    -6064.876       35.018   305.1
171.8000      -6030.011    -6065.589       35.578   310.0
172.0000      -6031.758    -6066.911       35.153   306.3
172.2000      -6031.007    -6065.286       34.280   298.6
172.4000      -6030.027    -6065.675       35.648   310.6
172.6000      -6031.455    -6064.419       32.964   287.2
172.8000      -6032.083    -6067.172       35.089   305.7
173.0000      -6033.247    -6067.313       34.066   296.8
173.2000      -6031.304    -6065.403       34.099   297.1
173.4000      -6031.689    -6065.764       34.076   296.9
173.6000      -6031.937    -6065.569       33.633   293.0
173.8000      -6029.586    -6066.227       36.640   319.2
174.0000      -6030.461    -6065.076       34.615   301.6
174.2000      -6030.684    -6066.386       35.701   311.0
174.4000      -6029.751    -6065.038       35.287   307.4
174.6000      -6030.249    -6065.151       34.902   304.1
174.8000      -6030.634    -6065.543       34.909   304.1
175.0000      -6031.561    -6067.094       35.534   309.6
175.2000      -6031.522    -6066.432       34.910   304.1
175.4000      -6031.814    -6065.264       33.450   291.4
175.6000      -6030.856    -6066.182       35.326   307.8
175.8000      -6029.588    -6066.457       36.869   321.2
176.0000      -6031.440    -6066.631       35.192   306.6
176.2000      -6030.235    -6065.498       35.263   307.2
176.4000      -6031.447    -6066.514       35.067   305.5
176.6000      -6032.745    -6066.302       33.557   292.4
176.8000      -6032.137    -6067.164       35.027   305.2
177.0000      -6032.255    -6067.062       34.806   303.2
177.2000      -6032.323    -6065.609       33.286   290.0
177.4000      -6029.959    -6066.360       36.401   317.1
177.6000      -6029.922    -6066.257       36.335   316.6
177.8000      -6028.172    -6064.576       36.404   317.2
178.0000      -6029.717    -6065.307       35.590   310.1
178.2000      -6030.839    -6067.008       36.168   315.1
178.4000      -6030.281    -6066.404       36.123   314.7
178.6000      -6029.823    -6066.051       36.228   315.6
178.8000      -6030.654    -6066.038       35.384   308.3
179.0000      -6030.529    -6066.245       35.716   311.2
179.2000      -6029.396    -6065.951       36.555   318.5
179.4000      -6028.735    -6065.466       36.731   320.0
179.6000      -6029.382    -6066.208       36.826   320.8
179.8000      -6030.514    -6065.036       34.522   300.8
180.0000      -6029.218    -6065.623       36.405   317.2
180.2000      -6027.544    -6064.753       37.209   324.2
180.4000      -6028.213    -6065.659       37.446   326.2
180.6000      -6028.263    -6066.613       38.351   334.1
180.8000      -6028.711    -6065.967       37.257   324.6
181.0000      -6030.142    -6065.570       35.428   308.7
181.2000      -6030.551    -6066.229       35.678   310.8
181.4000      -6032.047    -6067.232       35.185   306.5
181.6000      -6029.119    -6065.525       36.407   317.2
181.8000      -6031.612    -6067.829       36.217   315.5
182.0000      -6030.562    -6065.827       35.264   307.2
182.2000      -6029.907    -6065.432       35.525   309.5
182.4000      -6029.424    -6066.124       36.700   319.7
182.6000      -6030.196    -6066.631       36.435   317.4
182.8000      -6030.498    -6066.956       36.458   317.6
183.0000      -6030.571    -6067.373       36.801   320.6
183.2000      -6029.997    -6065.828       35.831   312.2
183.4000      -6029.014    -6065.570       36.556   318.5
183.6000      -6029.897    -6064.883       34.986   304.8
183.8000      -6029.259    -6064.306       35.047   305.3
184.0000      -6028.821    -6063.746       34.925   304.3
184.2000      -6028.282    -6064.923       36.641   319.2
184.4000      -6028.902    -6064.663       35.761   311.6
184.6000      -6028.375    -6064.698       36.323   316.5
184.8000      -6031.270    -6067.585       36.315   316.4
185.0000      -6030.515    -6066.635       36.119   314.7
185.2000      -6031.234    -6065.201       33.967   295.9
185.4000      -6028.202    -6064.007       35.805   311.9
185.6000      -6029.849    -6063.589       33.740   293.9
185.8000      -6030.329    -6066.121       35.791   311.8
186.0000      -6029.787    -6064.984       35.197   306.6
186.2000      -6030.851    -6066.543       35.692   310.9
186.4000      -6030.575    -6066.652       36.077   314.3
186.6000      -6031.648    -6065.815       34.167   297.7
186.8000      -6030.660    -6065.717       35.056   305.4
187.0000      -6031.881    -6067.642       35.761   311.6
187.2000      -6028.831    -6066.074       37.243   324.5
187.4000      -6029.928    -6065.209       35.281   307.4
187.6000      -6031.032    -6066.583       35.551   309.7
187.8000      -6031.331    -6067.099       35.768   311.6
188.0000      -6029.815    -6065.752       35.937   313.1
188.2000      -6032.170    -6067.058       34.887   303.9
188.4000      -6031.662    -6066.516       34.854   303.6
188.6000      -6030.902    -6066.272       35.370   308.1
188.8000      -6030.819    -6065.914       35.095   305.8
189.0000      -6030.311    -6065.830       35.519   309.4
189.2000      -6031.552    -6065.859       34.307   298.9
189.4000      -6030.516    -6067.661       37.145   323.6
189.6000      -6030.709    -6065.736       35.027   305.2
189.8000      -6032.320    -6066.220       33.899   295.3
190.0000      -6030.639    -6065.879       35.240   307.0
190.2000      -6032.063    -6066.875       34.812   303.3
190.4000      -6034.128    -6068.357       34.229   298.2
190.6000      -6034.400    -6067.175       32.774   285.5
190.8000      -6031.087    -6066.304       35.217   306.8
191.0000      -6033.369    -6067.648       34.279   298.6
191.2000      -6032.190    -6066.164       33.974   296.0
191.4000      -6031.559    -6066.928       35.370   308.1
191.6000      -6030.647    -6065.355       34.708   302.4
191.8000      -6030.833    -6065.849       35.017   305.1
192.0000      -6031.515    -6065.241       33.725   293.8
192.2000      -6029.503    -6065.854       36.350   316.7
192.4000      -6030.464    -6065.657       35.192   306.6
192.6000      -6029.562    -6064.559       34.997   304.9
192.8000      -6029.380    -6065.641       36.261   315.9
193.0000      -6029.828    -6065.632       35.805   311.9
193.2000      -6030.344    -6065.854       35.510   309.4
193.4000      -6031.930    -6065.876       33.946   295.7
193.6000      -6031.959    -6066.446       34.488   300.5
193.8000      -6032.213    -6067.434       35.220   306.8
194.0000      -6031.766    -6067.016       35.250   307.1
194.2000      -6030.848    -6066.647       35.800   311.9
194.4000      -6031.552    -6066.879       35.327   307.8
194.6000      -6030.510    -6066.085       35.575   309.9
194.8000      -6030.839    -6065.509       34.671   302.1
195.0000      -6031.771    -6066.036       34.266   298.5
195.2000      -6031.189    -6065.455       34.265   298.5
195.4000      -6029.955    -6064.989       35.034   305.2
195.6000      -6028.127    -6064.952       36.825   320.8
195.8000      -6028.075    -6064.978       36.902   321.5
196.0000      -6028.668    -6065.484       36.816   320.7
196.2000      -6028.072    -6065.918       37.846   329.7
196.4000      -6028.710    -6064.843       36.133   314.8
196.6000      -6026.549    -6063.856       37.308   325.0
196.8000      -6028.976    -6066.044       37.068   322.9
197.0000      -6031.656    -6065.074       33.418   291.1
197.2000      -6030.967    -6065.741       34.774   303.0
197.4000      -6029.920    -6065.806       35.886   312.6
197.6000      -6029.618    -6065.643       36.025   313.9
197.8000      -6029.786    -6066.145       36.359   316.8
198.0000      -6029.053    -6064.679       35.627   310.4
198.2000      -6029.850    -6065.344       35.493   309.2
198.4000      -6029.487    -6065.380       35.892   312.7
198.6000      -6030.779    -6066.961       36.182   315.2
198.8000      -6031.984    -6066.356       34.372   299.5
199.0000      -6031.370    -6067.196       35.826   312.1
199.2000      -6031.125    -6066.924       35.799   311.9
199.4000      -6030.633    -6066.335       35.702   311.0
199.6000      -6030.621    -6065.990       35.369   308.1
199.8000      -6031.561    -6066.182       34.621   301.6
200.0000      -6032.046    -6066.137       34.091   297.0
