Time[ps]      Etot[eV]     Epot[eV]     Ekin[eV]    T[K]
0.0000        -6004.596    -6053.372       48.775   424.9
0.2000        -6004.314    -6051.201       46.887   408.5
0.4000        -6005.476    -6051.925       46.449   404.7
0.6000        -6005.831    -6052.227       46.395   404.2
0.8000        -6009.269    -6056.426       47.157   410.8
1.0000        -6009.674    -6055.212       45.539   396.7
1.2000        -6009.557    -6053.896       44.339   386.3
1.4000        -6006.897    -6053.304       46.407   404.3
1.6000        -6006.422    -6054.756       48.333   421.1
1.8000        -6007.809    -6054.030       46.221   402.7
2.0000        -6006.205    -6052.632       46.427   404.5
2.2000        -6007.332    -6054.776       47.444   413.3
2.4000        -6006.449    -6053.860       47.411   413.1
2.6000        -6009.883    -6055.014       45.131   393.2
2.8000        -6009.614    -6057.146       47.531   414.1
3.0000        -6008.841    -6056.667       47.827   416.7
3.2000        -6007.567    -6052.846       45.279   394.5
3.4000        -6006.123    -6052.589       46.466   404.8
3.6000        -6006.248    -6053.670       47.423   413.2
3.8000        -6007.405    -6054.378       46.973   409.2
4.0000        -6008.294    -6056.313       48.019   418.3
4.2000        -6006.467    -6055.029       48.562   423.1
4.4000        -6007.167    -6054.817       47.650   415.1
4.6000        -6008.152    -6054.109       45.957   400.4
4.8000        -6008.173    -6054.225       46.051   401.2
5.0000        -6008.811    -6053.465       44.654   389.0
5.2000        -6010.970    -6054.402       43.432   378.4
5.4000        -6006.214    -6053.026       46.812   407.8
5.6000        -6005.655    -6055.203       49.548   431.7
5.8000        -6007.683    -6053.833       46.150   402.1
6.0000        -6004.729    -6052.456       47.727   415.8
6.2000        -6006.045    -6052.328       46.284   403.2
6.4000        -6004.861    -6051.463       46.602   406.0
6.6000        -6006.256    -6051.803       45.547   396.8
6.8000        -6008.445    -6056.872       48.427   421.9
7.0000        -6007.327    -6053.641       46.314   403.5
7.2000        -6007.554    -6052.909       45.355   395.1
7.4000        -6005.515    -6052.471       46.956   409.1
7.6000        -6007.418    -6055.243       47.825   416.7
7.8000        -6007.059    -6053.366       46.306   403.4
8.0000        -6005.420    -6053.054       47.634   415.0
8.2000        -6006.609    -6053.735       47.125   410.6
8.4000        -6005.855    -6052.466       46.611   406.1
8.6000        -6006.535    -6053.997       47.462   413.5
8.8000        -6005.868    -6051.774       45.907   399.9
9.0000        -6004.230    -6052.113       47.883   417.2
9.2000        -6005.475    -6054.566       49.091   427.7
9.4000        -6006.142    -6052.823       46.681   406.7
9.6000        -6004.900    -6052.511       47.610   414.8
9.8000        -6007.119    -6054.408       47.289   412.0
10.0000       -6006.622    -6054.909       48.287   420.7
10.2000       -6004.646    -6053.406       48.760   424.8
10.4000       -6004.530    -6055.419       50.889   443.4
10.6000       -6002.541    -6052.640       50.099   436.5
10.8000       -6002.138    -6051.111       48.973   426.7
11.0000       -6000.186    -6049.222       49.035   427.2
11.2000       -6002.752    -6050.960       48.208   420.0
11.4000       -6002.425    -6051.684       49.258   429.1
11.6000       -6004.481    -6051.096       46.615   406.1
11.8000       -6003.010    -6052.269       49.258   429.1
12.0000       -6006.705    -6055.125       48.421   421.8
12.2000       -6006.930    -6054.880       47.950   417.7
12.4000       -6009.186    -6055.983       46.797   407.7
12.6000       -6005.639    -6052.476       46.837   408.0
12.8000       -6002.798    -6052.575       49.777   433.7
13.0000       -6004.275    -6054.618       50.344   438.6
13.2000       -6005.357    -6052.993       47.635   415.0
13.4000       -6005.110    -6053.365       48.255   420.4
13.6000       -6002.867    -6052.743       49.875   434.5
13.8000       -6004.674    -6053.687       49.013   427.0
14.0000       -6001.084    -6049.590       48.506   422.6
14.2000       -6005.265    -6053.731       48.467   422.2
14.4000       -6009.109    -6055.319       46.210   402.6
14.6000       -6007.016    -6053.264       46.248   402.9
14.8000       -6007.421    -6052.999       45.578   397.1
15.0000       -6006.416    -6054.401       47.985   418.1
15.2000       -6004.805    -6052.324       47.519   414.0
15.4000       -6004.998    -6052.043       47.045   409.9
15.6000       -6005.598    -6053.457       47.859   417.0
15.8000       -6007.229    -6054.292       47.063   410.0
16.0000       -6007.604    -6055.468       47.863   417.0
16.2000       -6008.028    -6054.026       45.998   400.7
16.4000       -6007.325    -6053.157       45.832   399.3
16.6000       -6007.252    -6054.812       47.560   414.3
16.8000       -6004.771    -6053.619       48.848   425.6
17.0000       -6005.128    -6052.242       47.115   410.5
17.2000       -6005.434    -6054.098       48.664   424.0
17.4000       -6004.921    -6052.537       47.616   414.8
17.6000       -6006.780    -6054.290       47.509   413.9
17.8000       -6006.099    -6053.458       47.359   412.6
18.0000       -6004.934    -6053.344       48.411   421.8
18.2000       -6006.111    -6053.701       47.590   414.6
18.4000       -6005.325    -6051.288       45.962   400.4
18.6000       -6008.260    -6055.784       47.524   414.0
18.8000       -6006.644    -6054.109       47.465   413.5
19.0000       -6005.902    -6053.766       47.864   417.0
19.2000       -6004.070    -6052.830       48.760   424.8
19.4000       -6002.764    -6050.100       47.336   412.4
19.6000       -6003.112    -6054.021       50.909   443.5
19.8000       -6006.542    -6053.130       46.588   405.9
20.0000       -6008.619    -6056.142       47.523   414.0
20.2000       -6007.231    -6053.794       46.563   405.7
20.4000       -6005.075    -6051.406       46.331   403.6
20.6000       -6006.461    -6055.379       48.918   426.2
20.8000       -6004.270    -6052.001       47.731   415.8
21.0000       -6004.901    -6053.856       48.955   426.5
21.2000       -6005.224    -6052.548       47.323   412.3
21.4000       -6004.109    -6051.105       46.997   409.4
21.6000       -6004.846    -6052.160       47.314   412.2
21.8000       -6008.184    -6054.448       46.264   403.1
22.0000       -6010.652    -6055.158       44.506   387.7
22.2000       -6010.086    -6054.791       44.704   389.5
22.4000       -6010.463    -6056.369       45.906   399.9
22.6000       -6011.332    -6054.789       43.457   378.6
22.8000       -6011.614    -6056.306       44.693   389.4
23.0000       -6010.567    -6054.439       43.872   382.2
23.2000       -6010.448    -6055.293       44.845   390.7
23.4000       -6007.493    -6053.719       46.226   402.7
23.6000       -6007.786    -6054.752       46.967   409.2
23.8000       -6006.841    -6054.595       47.754   416.0
24.0000       -6007.266    -6052.677       45.410   395.6
24.2000       -6008.393    -6053.642       45.249   394.2
24.4000       -6007.648    -6053.145       45.497   396.4
24.6000       -6008.981    -6054.626       45.646   397.7
24.8000       -6006.059    -6052.309       46.250   402.9
25.0000       -6008.564    -6055.888       47.324   412.3
25.2000       -6008.409    -6053.343       44.934   391.5
25.4000       -6006.291    -6053.685       47.394   412.9
25.6000       -6006.888    -6054.993       48.105   419.1
25.8000       -6005.327    -6052.242       46.916   408.7
26.0000       -6005.894    -6054.438       48.544   422.9
26.2000       -6007.304    -6053.203       45.898   399.9
26.4000       -6008.285    -6055.337       47.053   409.9
26.6000       -6007.165    -6054.153       46.988   409.4
26.8000       -6008.105    -6054.718       46.613   406.1
27.0000       -6007.910    -6055.797       47.887   417.2
27.2000       -6008.513    -6054.570       46.058   401.3
27.4000       -6009.611    -6055.107       45.496   396.4
27.6000       -6007.797    -6054.213       46.416   404.4
27.8000       -6006.446    -6054.079       47.633   415.0
28.0000       -6010.571    -6054.048       43.478   378.8
28.2000       -6009.088    -6055.200       46.111   401.7
28.4000       -6008.357    -6053.889       45.531   396.7
28.6000       -6008.332    -6053.859       45.527   396.6
28.8000       -6006.726    -6053.369       46.643   406.4
29.0000       -6006.437    -6054.794       48.358   421.3
29.2000       -6006.301    -6053.173       46.873   408.4
29.4000       -6007.306    -6052.739       45.433   395.8
29.6000       -6006.312    -6053.308       46.995   409.4
29.8000       -6007.623    -6055.338       47.715   415.7
30.0000       -6003.698    -6050.203       46.505   405.2
30.2000       -6005.605    -6054.401       48.796   425.1
30.4000       -6006.032    -6053.933       47.901   417.3
30.6000       -6006.458    -6053.676       47.219   411.4
30.8000       -6005.708    -6053.242       47.534   414.1
31.0000       -6006.885    -6054.383       47.498   413.8
31.2000       -6006.192    -6054.145       47.953   417.8
31.4000       -6006.979    -6054.185       47.206   411.3
31.6000       -6008.589    -6054.599       46.009   400.8
31.8000       -6007.613    -6052.826       45.212   393.9
32.0000       -6009.981    -6055.047       45.065   392.6
32.2000       -6007.395    -6055.400       48.005   418.2
32.4000       -6006.006    -6054.376       48.370   421.4
32.6000       -6004.219    -6051.460       47.242   411.6
32.8000       -6005.060    -6054.408       49.348   429.9
33.0000       -6004.732    -6053.515       48.783   425.0
33.2000       -6005.408    -6053.100       47.692   415.5
33.4000       -6005.979    -6051.523       45.544   396.8
33.6000       -6004.963    -6051.484       46.521   405.3
33.8000       -6004.527    -6053.794       49.267   429.2
34.0000       -6005.870    -6053.631       47.761   416.1
34.2000       -6005.276    -6052.683       47.407   413.0
34.4000       -6005.876    -6054.761       48.885   425.9
34.6000       -6005.399    -6052.081       46.682   406.7
34.8000       -6006.040    -6055.078       49.038   427.2
35.0000       -6009.706    -6055.349       45.643   397.6
35.2000       -6007.601    -6055.125       47.525   414.0
35.4000       -6008.528    -6053.501       44.973   391.8
35.6000       -6007.022    -6054.679       47.656   415.2
35.8000       -6007.959    -6053.656       45.697   398.1
36.0000       -6008.614    -6053.470       44.857   390.8
36.2000       -6010.025    -6053.951       43.927   382.7
36.4000       -6008.727    -6054.291       45.564   397.0
36.6000       -6006.363    -6053.836       47.474   413.6
36.8000       -6010.473    -6056.538       46.065   401.3
37.0000       -6009.707    -6055.046       45.339   395.0
37.2000       -6007.223    -6054.013       46.791   407.6
37.4000       -6004.760    -6053.106       48.346   421.2
37.6000       -6006.914    -6052.781       45.868   399.6
37.8000       -6008.132    -6054.135       46.002   400.8
38.0000       -6006.968    -6053.698       46.730   407.1
38.2000       -6007.068    -6053.485       46.417   404.4
38.4000       -6005.826    -6053.256       47.430   413.2
38.6000       -6004.528    -6053.047       48.519   422.7
38.8000       -6006.799    -6053.813       47.014   409.6
39.0000       -6005.831    -6053.243       47.412   413.1
39.2000       -6008.286    -6053.290       45.004   392.1
39.4000       -6007.651    -6053.278       45.627   397.5
39.6000       -6010.100    -6055.850       45.750   398.6
39.8000       -6007.675    -6054.938       47.263   411.8
40.0000       -6006.761    -6053.521       46.759   407.4
40.2000       -6005.472    -6052.455       46.983   409.3
40.4000       -6006.864    -6052.777       45.913   400.0
40.6000       -6008.207    -6053.900       45.693   398.1
40.8000       -6010.468    -6053.417       42.949   374.2
41.0000       -6009.126    -6054.483       45.357   395.2
41.2000       -6008.098    -6055.817       47.719   415.7
41.4000       -6007.651    -6053.449       45.798   399.0
41.6000       -6005.985    -6053.694       47.709   415.6
41.8000       -6005.419    -6053.460       48.041   418.5
42.0000       -6005.855    -6053.656       47.802   416.5
42.2000       -6007.483    -6055.611       48.128   419.3
42.4000       -6006.655    -6054.778       48.123   419.3
42.6000       -6006.016    -6053.083       47.068   410.1
42.8000       -6006.621    -6053.571       46.951   409.0
43.0000       -6006.044    -6053.973       47.929   417.6
43.2000       -6007.773    -6053.917       46.144   402.0
43.4000       -6008.656    -6054.375       45.719   398.3
43.6000       -6010.467    -6056.316       45.849   399.4
43.8000       -6007.625    -6054.184       46.558   405.6
44.0000       -6006.033    -6053.462       47.430   413.2
44.2000       -6005.089    -6052.166       47.076   410.1
44.4000       -6004.826    -6054.381       49.555   431.7
44.6000       -6008.042    -6055.219       47.177   411.0
44.8000       -6006.461    -6055.735       49.273   429.3
45.0000       -6005.280    -6053.353       48.073   418.8
45.2000       -6004.753    -6053.697       48.944   426.4
45.4000       -6006.156    -6052.193       46.037   401.1
45.6000       -6003.594    -6052.139       48.545   422.9
45.8000       -6006.059    -6054.569       48.510   422.6
46.0000       -6007.405    -6053.816       46.411   404.3
46.2000       -6005.856    -6052.618       46.762   407.4
46.4000       -6007.410    -6053.693       46.283   403.2
46.6000       -6005.481    -6055.098       49.617   432.3
46.8000       -6008.341    -6054.940       46.599   406.0
47.0000       -6007.524    -6053.749       46.224   402.7
47.2000       -6007.242    -6054.603       47.360   412.6
47.4000       -6005.644    -6052.600       46.956   409.1
47.6000       -6011.243    -6055.699       44.456   387.3
47.8000       -6007.507    -6052.087       44.580   388.4
48.0000       -6006.558    -6053.482       46.924   408.8
48.2000       -6005.810    -6054.161       48.351   421.2
48.4000       -6003.320    -6050.538       47.218   411.4
48.6000       -6002.419    -6051.765       49.346   429.9
48.8000       -6005.472    -6053.138       47.666   415.3
49.0000       -6009.033    -6055.177       46.144   402.0
49.2000       -6006.034    -6053.539       47.505   413.9
49.4000       -6006.347    -6053.046       46.699   406.8
49.6000       -6004.977    -6052.837       47.861   417.0
49.8000       -6003.653    -6051.557       47.903   417.3
50.0000       -6004.786    -6053.857       49.071   427.5
50.2000       -6006.453    -6054.390       47.937   417.6
50.4000       -6006.618    -6054.395       47.776   416.2
50.6000       -6009.653    -6055.024       45.371   395.3
50.8000       -6010.639    -6054.978       44.339   386.3
51.0000       -6008.569    -6054.454       45.885   399.8
51.2000       -6005.975    -6055.248       49.273   429.3
51.4000       -6004.138    -6053.097       48.959   426.5
51.6000       -6004.559    -6052.649       48.090   419.0
51.8000       -6005.009    -6053.164       48.155   419.5
52.0000       -6004.783    -6051.721       46.938   408.9
52.2000       -6007.896    -6055.981       48.085   418.9
52.4000       -6008.346    -6053.329       44.983   391.9
52.6000       -6006.170    -6054.260       48.090   419.0
52.8000       -6005.006    -6052.193       47.186   411.1
53.0000       -6004.034    -6052.886       48.852   425.6
53.2000       -6005.351    -6054.440       49.089   427.7
53.4000       -6004.558    -6053.212       48.654   423.9
53.6000       -6004.430    -6053.542       49.113   427.9
53.8000       -6001.742    -6051.718       49.976   435.4
54.0000       -6001.377    -6051.065       49.688   432.9
54.2000       -6006.422    -6054.801       48.379   421.5
54.4000       -6004.891    -6052.689       47.798   416.4
54.6000       -6005.712    -6052.566       46.854   408.2
54.8000       -6006.472    -6054.541       48.069   418.8
55.0000       -6005.896    -6052.849       46.953   409.1
55.2000       -6007.278    -6055.124       47.846   416.8
55.4000       -6007.723    -6054.331       46.608   406.1
55.6000       -6007.558    -6054.166       46.608   406.1
55.8000       -6006.586    -6051.978       45.392   395.5
56.0000       -6006.424    -6052.970       46.546   405.5
56.2000       -6004.424    -6052.813       48.390   421.6
56.4000       -6004.820    -6051.403       46.582   405.8
56.6000       -6005.385    -6052.640       47.255   411.7
56.8000       -6004.260    -6052.172       47.913   417.4
57.0000       -6003.119    -6051.468       48.348   421.2
57.2000       -6006.135    -6052.955       46.820   407.9
57.4000       -6003.837    -6052.970       49.133   428.1
57.6000       -6004.514    -6051.485       46.971   409.2
57.8000       -6006.877    -6052.930       46.053   401.2
58.0000       -6005.864    -6052.936       47.072   410.1
58.2000       -6005.856    -6054.548       48.692   424.2
58.4000       -6008.007    -6055.938       47.931   417.6
58.6000       -6007.938    -6053.223       45.285   394.5
58.8000       -6008.446    -6055.534       47.087   410.2
59.0000       -6006.964    -6053.710       46.746   407.3
59.2000       -6006.770    -6052.242       45.472   396.2
59.4000       -6008.810    -6055.797       46.987   409.4
59.6000       -6007.230    -6054.042       46.812   407.8
59.8000       -6005.775    -6052.351       46.576   405.8
60.0000       -6007.334    -6053.875       46.540   405.5
60.2000       -6004.820    -6053.580       48.761   424.8
60.4000       -6003.549    -6051.853       48.304   420.8
60.6000       -6006.042    -6054.022       47.980   418.0
60.8000       -6004.970    -6055.430       50.460   439.6
61.0000       -6004.005    -6051.746       47.741   415.9
61.2000       -6003.028    -6050.365       47.337   412.4
61.4000       -6002.927    -6052.177       49.251   429.1
61.6000       -6003.818    -6052.204       48.386   421.5
61.8000       -6006.863    -6054.733       47.870   417.1
62.0000       -6003.290    -6051.923       48.633   423.7
62.2000       -6003.789    -6051.437       47.648   415.1
62.4000       -6003.521    -6052.693       49.172   428.4
62.6000       -6006.304    -6055.133       48.830   425.4
62.8000       -6007.404    -6054.034       46.630   406.2
63.0000       -6006.556    -6054.893       48.337   421.1
63.2000       -6005.886    -6053.103       47.217   411.4
63.4000       -6007.159    -6054.663       47.504   413.9
63.6000       -6007.324    -6055.096       47.772   416.2
63.8000       -6007.916    -6053.128       45.212   393.9
64.0000       -6006.616    -6052.835       46.219   402.7
64.2000       -6007.322    -6053.118       45.796   399.0
64.4000       -6007.164    -6053.735       46.571   405.7
64.6000       -6006.081    -6051.205       45.123   393.1
64.8000       -6004.936    -6052.430       47.494   413.8
65.0000       -6004.325    -6054.625       50.300   438.2
65.2000       -6006.565    -6053.350       46.784   407.6
65.4000       -6006.019    -6052.419       46.400   404.2
65.6000       -6003.099    -6052.177       49.078   427.6
65.8000       -6005.387    -6053.927       48.540   422.9
66.0000       -6007.954    -6055.956       48.002   418.2
66.2000       -6005.657    -6053.520       47.863   417.0
66.4000       -6004.284    -6052.203       47.919   417.5
66.6000       -6004.507    -6053.348       48.841   425.5
66.8000       -6005.529    -6052.743       47.213   411.3
67.0000       -6004.898    -6053.255       48.357   421.3
67.2000       -6003.155    -6049.355       46.200   402.5
67.4000       -6002.816    -6051.800       48.984   426.8
67.6000       -6002.717    -6053.167       50.450   439.5
67.8000       -6002.194    -6052.679       50.484   439.8
68.0000       -6003.150    -6053.601       50.451   439.5
68.2000       -6002.361    -6050.038       47.677   415.4
68.4000       -6005.200    -6054.023       48.824   425.4
68.6000       -6004.410    -6052.999       48.589   423.3
68.8000       -6006.213    -6052.847       46.634   406.3
69.0000       -6003.396    -6052.218       48.822   425.3
69.2000       -6003.690    -6050.379       46.690   406.8
69.4000       -6006.468    -6053.556       47.089   410.2
69.6000       -6005.492    -6053.559       48.066   418.8
69.8000       -6007.507    -6052.188       44.681   389.3
70.0000       -6005.267    -6054.491       49.223   428.8
70.2000       -6006.656    -6051.519       44.862   390.8
70.4000       -6006.050    -6054.381       48.331   421.1
70.6000       -6007.394    -6054.687       47.293   412.0
70.8000       -6007.947    -6054.187       46.240   402.8
71.0000       -6008.471    -6055.452       46.981   409.3
71.2000       -6008.964    -6055.057       46.093   401.6
71.4000       -6007.234    -6055.974       48.740   424.6
71.6000       -6008.101    -6055.293       47.192   411.1
71.8000       -6006.738    -6053.485       46.747   407.3
72.0000       -6006.577    -6053.046       46.469   404.8
72.2000       -6007.909    -6054.172       46.263   403.0
72.4000       -6008.530    -6055.218       46.689   406.8
72.6000       -6007.944    -6054.765       46.821   407.9
72.8000       -6006.278    -6053.756       47.478   413.6
73.0000       -6006.262    -6053.317       47.056   410.0
73.2000       -6007.904    -6053.369       45.464   396.1
73.4000       -6006.994    -6053.130       46.136   401.9
73.6000       -6004.658    -6053.508       48.850   425.6
73.8000       -6006.554    -6053.434       46.880   408.4
74.0000       -6007.867    -6052.968       45.101   392.9
74.2000       -6006.674    -6054.742       48.068   418.8
74.4000       -6008.657    -6055.574       46.918   408.8
74.6000       -6007.511    -6054.093       46.582   405.8
74.8000       -6008.708    -6055.421       46.713   407.0
75.0000       -6007.366    -6055.011       47.646   415.1
75.2000       -6007.316    -6054.227       46.911   408.7
75.4000       -6005.994    -6054.083       48.088   418.9
75.6000       -6007.500    -6055.429       47.930   417.6
75.8000       -6006.788    -6055.598       48.811   425.2
76.0000       -6006.225    -6053.779       47.554   414.3
76.2000       -6006.256    -6054.300       48.044   418.6
76.4000       -6005.750    -6052.891       47.141   410.7
76.6000       -6004.518    -6051.591       47.073   410.1
76.8000       -6004.854    -6052.443       47.589   414.6
77.0000       -6009.577    -6055.827       46.250   402.9
77.2000       -6009.908    -6054.579       44.671   389.2
77.4000       -6010.901    -6055.938       45.038   392.4
77.6000       -6011.400    -6055.799       44.400   386.8
77.8000       -6008.524    -6054.042       45.518   396.6
78.0000       -6008.447    -6054.698       46.250   402.9
78.2000       -6010.262    -6056.028       45.766   398.7
78.4000       -6008.235    -6053.618       45.383   395.4
78.6000       -6006.379    -6053.507       47.128   410.6
78.8000       -6008.227    -6053.608       45.381   395.4
79.0000       -6008.113    -6056.572       48.459   422.2
79.2000       -6004.034    -6052.630       48.596   423.4
79.4000       -6003.464    -6052.237       48.773   424.9
79.6000       -6005.937    -6054.481       48.544   422.9
79.8000       -6005.286    -6053.265       47.979   418.0
80.0000       -6004.682    -6052.205       47.523   414.0
80.2000       -6005.518    -6052.336       46.818   407.9
80.4000       -6007.381    -6054.883       47.502   413.8
80.6000       -6006.910    -6053.239       46.329   403.6
80.8000       -6009.215    -6055.431       46.216   402.6
81.0000       -6010.241    -6055.741       45.500   396.4
81.2000       -6009.581    -6054.501       44.920   391.4
81.4000       -6008.830    -6053.689       44.860   390.8
81.6000       -6009.859    -6055.934       46.075   401.4
81.8000       -6007.049    -6054.823       47.774   416.2
82.0000       -6007.644    -6054.562       46.919   408.8
82.2000       -6009.568    -6054.194       44.626   388.8
82.4000       -6011.006    -6055.622       44.615   388.7
82.6000       -6009.742    -6055.109       45.368   395.2
82.8000       -6009.144    -6054.233       45.089   392.8
83.0000       -6010.365    -6054.799       44.435   387.1
83.2000       -6006.832    -6055.940       49.108   427.8
83.4000       -6006.868    -6054.586       47.719   415.7
83.6000       -6005.658    -6053.333       47.674   415.3
83.8000       -6006.952    -6052.954       46.002   400.8
84.0000       -6007.851    -6055.112       47.261   411.7
84.2000       -6009.305    -6054.831       45.525   396.6
84.4000       -6005.633    -6053.979       48.347   421.2
84.6000       -6004.047    -6051.589       47.542   414.2
84.8000       -6007.125    -6057.094       49.969   435.3
85.0000       -6006.222    -6052.584       46.363   403.9
85.2000       -6003.815    -6053.251       49.436   430.7
85.4000       -6003.401    -6050.961       47.560   414.3
85.6000       -6003.978    -6052.854       48.875   425.8
85.8000       -6003.708    -6051.543       47.836   416.7
86.0000       -6006.491    -6053.455       46.963   409.2
86.2000       -6007.491    -6052.763       45.272   394.4
86.4000       -6008.046    -6054.795       46.749   407.3
86.6000       -6007.446    -6053.721       46.275   403.1
86.8000       -6010.515    -6055.401       44.886   391.1
87.0000       -6009.005    -6056.471       47.466   413.5
87.2000       -6008.975    -6056.458       47.483   413.7
87.4000       -6008.634    -6055.617       46.983   409.3
87.6000       -6010.372    -6054.056       43.684   380.6
87.8000       -6008.509    -6053.306       44.797   390.3
88.0000       -6009.410    -6053.812       44.402   386.8
88.2000       -6009.381    -6053.592       44.211   385.2
88.4000       -6008.726    -6054.361       45.635   397.6
88.6000       -6011.673    -6056.246       44.573   388.3
88.8000       -6008.339    -6052.706       44.367   386.5
89.0000       -6007.041    -6053.398       46.357   403.9
89.2000       -6006.157    -6052.699       46.542   405.5
89.4000       -6004.724    -6050.695       45.971   400.5
89.6000       -6002.347    -6050.016       47.669   415.3
89.8000       -6005.575    -6051.468       45.892   399.8
90.0000       -6004.226    -6053.195       48.969   426.6
90.2000       -6005.788    -6053.621       47.833   416.7
90.4000       -6007.958    -6054.112       46.154   402.1
90.6000       -6008.525    -6054.839       46.314   403.5
90.8000       -6005.017    -6052.873       47.856   416.9
91.0000       -6008.982    -6055.399       46.417   404.4
91.2000       -6010.404    -6053.959       43.555   379.5
91.4000       -6010.456    -6055.877       45.421   395.7
91.6000       -6012.529    -6057.763       45.234   394.1
91.8000       -6009.794    -6054.957       45.163   393.5
92.0000       -6005.717    -6052.861       47.144   410.7
92.2000       -6003.317    -6053.360       50.043   436.0
92.4000       -6005.700    -6053.296       47.596   414.7
92.6000       -6006.213    -6054.515       48.302   420.8
92.8000       -6005.287    -6055.912       50.625   441.1
93.0000       -6004.772    -6052.046       47.274   411.9
93.2000       -6003.995    -6051.767       47.772   416.2
93.4000       -6007.370    -6055.626       48.256   420.4
93.6000       -6005.698    -6052.093       46.395   404.2
93.8000       -6004.303    -6051.356       47.054   409.9
94.0000       -6007.181    -6054.533       47.352   412.5
94.2000       -6006.220    -6052.375       46.154   402.1
94.4000       -6006.667    -6052.811       46.143   402.0
94.6000       -6006.442    -6051.934       45.492   396.3
94.8000       -6007.502    -6054.469       46.967   409.2
95.0000       -6008.464    -6054.026       45.563   396.9
95.2000       -6008.335    -6053.441       45.106   393.0
95.4000       -6008.405    -6054.266       45.860   399.5
95.6000       -6009.576    -6056.042       46.467   404.8
95.8000       -6009.968    -6056.350       46.381   404.1
96.0000       -6011.379    -6058.566       47.187   411.1
96.2000       -6011.442    -6055.568       44.126   384.4
96.4000       -6007.333    -6055.258       47.925   417.5
96.6000       -6009.359    -6055.393       46.033   401.0
96.8000       -6006.591    -6054.083       47.491   413.7
97.0000       -6004.395    -6053.158       48.763   424.8
97.2000       -6005.592    -6053.586       47.995   418.1
97.4000       -6006.366    -6054.176       47.810   416.5
97.6000       -6004.071    -6051.330       47.258   411.7
97.8000       -6005.398    -6054.203       48.805   425.2
98.0000       -6005.375    -6053.870       48.496   422.5
98.2000       -6008.283    -6054.274       45.991   400.7
98.4000       -6007.224    -6056.530       49.307   429.6
98.6000       -6008.896    -6054.966       46.071   401.4
98.8000       -6006.377    -6052.931       46.554   405.6
99.0000       -6008.192    -6054.869       46.677   406.7
99.2000       -6005.743    -6053.532       47.790   416.3
99.4000       -6004.067    -6052.225       48.159   419.6
99.6000       -6003.999    -6052.352       48.353   421.3
99.8000       -6003.500    -6053.738       50.238   437.7
100.0000      -6003.293    -6051.059       47.765   416.1
100.2000      -6005.561    -6053.645       48.084   418.9
100.4000      -6005.883    -6052.818       46.935   408.9
100.6000      -6006.430    -6054.040       47.610   414.8
100.8000      -6003.768    -6053.105       49.337   429.8
101.0000      -6004.899    -6053.812       48.914   426.1
101.2000      -6002.787    -6050.954       48.167   419.6
101.4000      -6004.612    -6052.519       47.906   417.4
101.6000      -6004.754    -6054.126       49.372   430.1
101.8000      -6006.673    -6053.208       46.535   405.4
102.0000      -6005.870    -6051.784       45.913   400.0
102.2000      -6005.906    -6055.359       49.453   430.8
102.4000      -6006.778    -6054.655       47.877   417.1
102.6000      -6004.569    -6052.380       47.812   416.5
102.8000      -6006.237    -6053.713       47.476   413.6
103.0000      -6004.205    -6052.120       47.915   417.4
103.2000      -6003.058    -6051.450       48.392   421.6
103.4000      -6003.414    -6050.918       47.504   413.9
103.6000      -6003.570    -6051.273       47.703   415.6
103.8000      -6002.299    -6052.440       50.141   436.8
104.0000      -6005.470    -6053.762       48.292   420.7
104.2000      -6008.095    -6054.807       46.712   407.0
104.4000      -6005.706    -6053.420       47.714   415.7
104.6000      -6006.615    -6052.506       45.891   399.8
104.8000      -6006.655    -6054.118       47.463   413.5
105.0000      -6006.727    -6053.410       46.683   406.7
105.2000      -6009.708    -6052.840       43.132   375.8
105.4000      -6008.048    -6054.034       45.986   400.6
105.6000      -6009.772    -6055.223       45.451   396.0
105.8000      -6009.059    -6053.817       44.758   389.9
106.0000      -6006.025    -6053.900       47.875   417.1
106.2000      -6004.869    -6053.479       48.610   423.5
106.4000      -6008.738    -6054.946       46.208   402.6
106.6000      -6008.182    -6055.912       47.730   415.8
106.8000      -6006.203    -6052.152       45.949   400.3
107.0000      -6007.577    -6054.532       46.955   409.1
107.2000      -6006.745    -6054.075       47.329   412.3
107.4000      -6006.543    -6053.836       47.293   412.0
107.6000      -6006.713    -6054.822       48.109   419.1
107.8000      -6007.102    -6054.746       47.644   415.1
108.0000      -6005.122    -6054.110       48.988   426.8
108.2000      -6008.357    -6056.281       47.924   417.5
108.4000      -6010.088    -6056.105       46.017   400.9
108.6000      -6009.756    -6054.218       44.461   387.4
108.8000      -6007.749    -6054.242       46.493   405.1
109.0000      -6006.081    -6054.177       48.096   419.0
109.2000      -6007.086    -6054.933       47.847   416.8
109.4000      -6006.033    -6053.850       47.817   416.6
109.6000      -6003.301    -6053.842       50.541   440.3
109.8000      -6005.335    -6053.185       47.850   416.9
110.0000      -6006.010    -6051.565       45.555   396.9
110.2000      -6007.948    -6054.592       46.644   406.4
110.4000      -6006.732    -6053.720       46.988   409.4
110.6000      -6004.148    -6052.962       48.814   425.3
110.8000      -6001.935    -6051.054       49.119   427.9
111.0000      -6004.500    -6052.729       48.229   420.2
111.2000      -6004.107    -6053.204       49.097   427.7
111.4000      -6004.509    -6052.042       47.532   414.1
111.6000      -6007.362    -6052.958       45.597   397.2
111.8000      -6005.883    -6052.145       46.262   403.0
112.0000      -6003.368    -6052.597       49.230   428.9
112.2000      -6005.248    -6051.513       46.265   403.1
112.4000      -6008.794    -6054.623       45.829   399.3
112.6000      -6006.923    -6053.823       46.900   408.6
112.8000      -6005.902    -6051.573       45.672   397.9
113.0000      -6006.436    -6052.320       45.884   399.7
113.2000      -6007.217    -6054.522       47.305   412.1
113.4000      -6005.127    -6052.568       47.442   413.3
113.6000      -6006.052    -6053.742       47.689   415.5
113.8000      -6004.574    -6052.503       47.929   417.6
114.0000      -6006.927    -6053.697       46.770   407.5
114.2000      -6006.586    -6054.425       47.838   416.8
114.4000      -6007.804    -6053.740       45.937   400.2
114.6000      -6003.194    -6052.281       49.087   427.7
114.8000      -6003.872    -6052.834       48.962   426.6
115.0000      -6004.406    -6051.992       47.585   414.6
115.2000      -6005.258    -6053.051       47.794   416.4
115.4000      -6005.940    -6054.430       48.490   422.5
115.6000      -6006.647    -6053.365       46.718   407.0
115.8000      -6008.056    -6054.096       46.040   401.1
116.0000      -6009.139    -6052.445       43.306   377.3
116.2000      -6009.650    -6055.695       46.045   401.2
116.4000      -6007.120    -6054.250       47.130   410.6
116.6000      -6004.646    -6051.213       46.567   405.7
116.8000      -6004.124    -6052.205       48.081   418.9
117.0000      -6004.124    -6051.966       47.842   416.8
117.2000      -6008.100    -6053.050       44.950   391.6
117.4000      -6008.540    -6055.630       47.090   410.3
117.6000      -6009.581    -6054.313       44.732   389.7
117.8000      -6010.914    -6055.570       44.656   389.0
118.0000      -6011.199    -6056.485       45.286   394.5
118.2000      -6011.025    -6054.747       43.722   380.9
118.4000      -6009.101    -6054.899       45.798   399.0
118.6000      -6007.471    -6054.194       46.723   407.1
118.8000      -6009.571    -6054.861       45.291   394.6
119.0000      -6005.046    -6050.977       45.931   400.2
119.2000      -6005.827    -6054.569       48.742   424.6
119.4000      -6005.819    -6053.661       47.842   416.8
119.6000      -6005.607    -6053.722       48.115   419.2
119.8000      -6004.372    -6050.209       45.837   399.3
120.0000      -6007.238    -6052.311       45.072   392.7
120.2000      -6004.427    -6051.805       47.378   412.8
120.4000      -6003.298    -6051.406       48.109   419.1
120.6000      -6000.341    -6050.410       50.069   436.2
120.8000      -6001.583    -6052.515       50.931   443.7
121.0000      -6002.071    -6051.027       48.956   426.5
121.2000      -6002.971    -6052.456       49.485   431.1
121.4000      -6005.987    -6054.264       48.277   420.6
121.6000      -6004.785    -6050.978       46.192   402.4
121.8000      -6005.247    -6053.358       48.111   419.1
122.0000      -6004.068    -6052.113       48.045   418.6
122.2000      -6006.286    -6052.425       46.140   402.0
122.4000      -6003.199    -6052.691       49.492   431.2
122.6000      -6004.608    -6055.027       50.419   439.3
122.8000      -6005.820    -6051.746       45.926   400.1
123.0000      -6004.635    -6051.838       47.203   411.2
123.2000      -6006.046    -6051.777       45.732   398.4
123.4000      -6007.420    -6055.068       47.648   415.1
123.6000      -6008.244    -6054.315       46.071   401.4
123.8000      -6006.948    -6053.861       46.913   408.7
124.0000      -6005.406    -6052.113       46.707   406.9
124.2000      -6006.054    -6053.186       47.132   410.6
124.4000      -6007.569    -6054.335       46.766   407.4
124.6000      -6007.718    -6054.400       46.682   406.7
124.8000      -6007.301    -6054.619       47.317   412.2
125.0000      -6007.434    -6053.851       46.416   404.4
125.2000      -6005.284    -6053.355       48.072   418.8
125.4000      -6007.118    -6054.959       47.842   416.8
125.6000      -6003.414    -6051.400       47.986   418.1
125.8000      -6004.611    -6052.200       47.589   414.6
126.0000      -6005.195    -6055.675       50.479   439.8
126.2000      -6004.882    -6052.591       47.709   415.6
126.4000      -6007.566    -6054.483       46.917   408.7
126.6000      -6007.412    -6054.775       47.363   412.6
126.8000      -6007.903    -6054.207       46.304   403.4
127.0000      -6009.098    -6054.154       45.056   392.5
127.2000      -6007.495    -6053.409       45.914   400.0
127.4000      -6007.604    -6054.292       46.688   406.8
127.6000      -6007.500    -6053.699       46.200   402.5
127.8000      -6008.314    -6055.134       46.820   407.9
128.0000      -6004.805    -6052.466       47.661   415.2
128.2000      -6003.316    -6050.856       47.540   414.2
128.4000      -6004.883    -6053.369       48.486   422.4
128.6000      -6006.456    -6054.667       48.212   420.0
128.8000      -6007.336    -6055.803       48.466   422.2
129.0000      -6008.038    -6053.612       45.574   397.0
129.2000      -6006.612    -6055.551       48.939   426.4
129.4000      -6008.532    -6052.834       44.302   386.0
129.6000      -6007.336    -6052.856       45.520   396.6
129.8000      -6006.556    -6053.765       47.210   411.3
130.0000      -6004.611    -6053.299       48.688   424.2
130.2000      -6005.415    -6053.295       47.880   417.1
130.4000      -6004.593    -6053.191       48.598   423.4
130.6000      -6001.978    -6051.222       49.245   429.0
130.8000      -6004.050    -6052.025       47.975   418.0
131.0000      -6005.026    -6051.174       46.149   402.1
131.2000      -6007.266    -6053.453       46.186   402.4
131.4000      -6009.286    -6055.319       46.033   401.0
131.6000      -6008.647    -6055.456       46.808   407.8
131.8000      -6005.838    -6054.731       48.893   426.0
132.0000      -6004.863    -6053.374       48.511   422.6
132.2000      -6003.847    -6052.497       48.650   423.8
132.4000      -6006.966    -6053.987       47.021   409.6
132.6000      -6008.750    -6054.010       45.260   394.3
132.8000      -6007.477    -6052.701       45.223   394.0
133.0000      -6006.855    -6053.233       46.378   404.0
133.2000      -6006.951    -6054.422       47.471   413.6
133.4000      -6006.018    -6052.338       46.320   403.5
133.6000      -6005.752    -6051.594       45.841   399.4
133.8000      -6006.783    -6055.603       48.820   425.3
134.0000      -6006.693    -6052.540       45.847   399.4
134.2000      -6003.856    -6051.468       47.612   414.8
134.4000      -6005.543    -6052.713       47.170   411.0
134.6000      -6006.599    -6052.733       46.134   401.9
134.8000      -6007.830    -6053.283       45.454   396.0
135.0000      -6003.855    -6050.879       47.024   409.7
135.2000      -6004.220    -6053.321       49.101   427.8
135.4000      -6008.268    -6052.676       44.408   386.9
135.6000      -6007.960    -6054.891       46.931   408.9
135.8000      -6008.879    -6052.693       43.814   381.7
136.0000      -6010.081    -6055.455       45.374   395.3
136.2000      -6009.428    -6054.379       44.951   391.6
136.4000      -6006.481    -6052.875       46.394   404.2
136.6000      -6005.771    -6052.034       46.263   403.1
136.8000      -6005.930    -6052.440       46.511   405.2
137.0000      -6007.380    -6052.358       44.979   391.9
137.2000      -6007.413    -6053.617       46.204   402.5
137.4000      -6006.874    -6053.150       46.276   403.2
137.6000      -6007.748    -6053.690       45.942   400.2
137.8000      -6005.770    -6052.020       46.250   402.9
138.0000      -6007.097    -6053.696       46.599   406.0
138.2000      -6005.288    -6053.038       47.750   416.0
138.4000      -6005.097    -6053.811       48.713   424.4
138.6000      -6005.273    -6054.306       49.033   427.2
138.8000      -6008.097    -6055.099       47.002   409.5
139.0000      -6007.957    -6052.113       44.156   384.7
139.2000      -6006.793    -6053.001       46.208   402.6
139.4000      -6004.799    -6051.573       46.774   407.5
139.6000      -6003.975    -6053.150       49.175   428.4
139.8000      -6005.229    -6053.211       47.982   418.0
140.0000      -6006.550    -6052.837       46.287   403.3
140.2000      -6009.342    -6052.767       43.424   378.3
140.4000      -6006.970    -6054.898       47.928   417.6
140.6000      -6006.595    -6052.183       45.588   397.2
140.8000      -6004.156    -6051.065       46.910   408.7
141.0000      -6007.328    -6054.312       46.984   409.3
141.2000      -6006.233    -6054.821       48.588   423.3
141.4000      -6004.086    -6052.039       47.953   417.8
141.6000      -6006.026    -6053.868       47.842   416.8
141.8000      -6006.697    -6053.796       47.099   410.3
142.0000      -6007.627    -6054.429       46.802   407.7
142.2000      -6006.739    -6053.169       46.431   404.5
142.4000      -6006.993    -6053.577       46.583   405.8
142.6000      -6006.583    -6053.935       47.352   412.5
142.8000      -6007.305    -6053.259       45.954   400.4
143.0000      -6008.714    -6055.064       46.350   403.8
143.2000      -6009.084    -6055.569       46.485   405.0
143.4000      -6007.628    -6054.434       46.806   407.8
143.6000      -6008.118    -6053.558       45.440   395.9
143.8000      -6007.097    -6055.027       47.929   417.6
144.0000      -6005.114    -6053.764       48.650   423.8
144.2000      -6004.106    -6052.214       48.108   419.1
144.4000      -6008.352    -6054.084       45.733   398.4
144.6000      -6009.843    -6054.765       44.922   391.4
144.8000      -6012.036    -6056.706       44.670   389.2
145.0000      -6011.355    -6056.205       44.849   390.7
145.2000      -6008.197    -6054.382       46.185   402.4
145.4000      -6007.578    -6056.240       48.662   423.9
145.6000      -6008.739    -6055.527       46.788   407.6
145.8000      -6008.892    -6058.093       49.201   428.6
146.0000      -6009.311    -6055.928       46.617   406.1
146.2000      -6008.154    -6054.795       46.642   406.3
146.4000      -6006.751    -6054.902       48.152   419.5
146.6000      -6003.646    -6052.910       49.264   429.2
146.8000      -6005.617    -6054.191       48.574   423.2
147.0000      -6004.801    -6054.308       49.506   431.3
147.2000      -6001.931    -6051.291       49.360   430.0
147.4000      -6002.530    -6050.830       48.300   420.8
147.6000      -6002.503    -6052.424       49.921   434.9
147.8000      -6005.326    -6052.559       47.233   411.5
148.0000      -6007.113    -6052.374       45.261   394.3
148.2000      -6007.125    -6053.602       46.476   404.9
148.4000      -6005.820    -6054.668       48.848   425.6
148.6000      -6006.191    -6053.297       47.106   410.4
148.8000      -6004.649    -6051.930       47.281   411.9
149.0000      -6002.158    -6052.237       50.079   436.3
149.2000      -6003.879    -6052.192       48.313   420.9
149.4000      -6006.019    -6054.409       48.390   421.6
149.6000      -6007.205    -6054.741       47.536   414.1
149.8000      -6005.115    -6052.534       47.419   413.1
150.0000      -6006.908    -6053.293       46.385   404.1
150.2000      -6007.097    -6054.115       47.018   409.6
150.4000      -6006.614    -6055.761       49.147   428.2
150.6000      -6006.562    -6054.087       47.526   414.0
150.8000      -6005.965    -6052.891       46.925   408.8
151.0000      -6006.213    -6054.708       48.495   422.5
151.2000      -6008.804    -6056.369       47.565   414.4
151.4000      -6008.209    -6053.750       45.541   396.8
151.6000      -6009.314    -6053.251       43.937   382.8
151.8000      -6008.795    -6054.493       45.698   398.1
152.0000      -6008.005    -6054.858       46.852   408.2
152.2000      -6007.452    -6054.711       47.259   411.7
152.4000      -6009.714    -6054.630       44.916   391.3
152.6000      -6007.240    -6052.498       45.258   394.3
152.8000      -6008.021    -6053.513       45.492   396.3
153.0000      -6008.592    -6055.633       47.041   409.8
153.2000      -6009.567    -6055.473       45.905   399.9
153.4000      -6008.434    -6055.373       46.940   408.9
153.6000      -6007.012    -6052.733       45.722   398.3
153.8000      -6005.784    -6053.082       47.298   412.1
154.0000      -6007.370    -6053.542       46.172   402.3
154.2000      -6005.732    -6052.937       47.204   411.2
154.4000      -6006.529    -6054.476       47.946   417.7
154.6000      -6006.332    -6053.556       47.224   411.4
154.8000      -6005.623    -6053.958       48.336   421.1
155.0000      -6004.863    -6051.484       46.622   406.2
155.2000      -6006.679    -6054.870       48.191   419.8
155.4000      -6005.991    -6051.542       45.550   396.8
155.6000      -6008.173    -6055.830       47.657   415.2
155.8000      -6008.904    -6054.089       45.184   393.7
156.0000      -6008.956    -6055.908       46.952   409.0
156.2000      -6007.252    -6052.229       44.976   391.8
156.4000      -6004.710    -6051.290       46.580   405.8
156.6000      -6003.484    -6052.410       48.926   426.2
156.8000      -6002.685    -6050.494       47.809   416.5
157.0000      -6003.889    -6051.706       47.817   416.6
157.2000      -6006.658    -6052.799       46.141   402.0
157.4000      -6006.394    -6053.546       47.152   410.8
157.6000      -6004.443    -6053.228       48.785   425.0
157.8000      -6005.064    -6054.487       49.423   430.6
158.0000      -6005.181    -6051.324       46.143   402.0
158.2000      -6006.941    -6053.624       46.683   406.7
158.4000      -6006.129    -6052.273       46.145   402.0
158.6000      -6005.445    -6052.812       47.367   412.7
158.8000      -6006.318    -6051.604       45.286   394.5
159.0000      -6007.960    -6055.402       47.442   413.3
159.2000      -6008.777    -6054.787       46.011   400.8
159.4000      -6007.711    -6055.976       48.264   420.5
159.6000      -6006.545    -6052.405       45.860   399.5
159.8000      -6004.555    -6051.323       46.767   407.4
160.0000      -6003.052    -6051.026       47.973   417.9
160.2000      -6005.615    -6054.473       48.858   425.7
160.4000      -6007.952    -6053.271       45.318   394.8
160.6000      -6006.778    -6053.849       47.072   410.1
160.8000      -6007.177    -6053.917       46.741   407.2
161.0000      -6006.917    -6053.106       46.189   402.4
161.2000      -6005.740    -6052.899       47.159   410.9
161.4000      -6004.603    -6053.282       48.678   424.1
161.6000      -6006.697    -6054.033       47.336   412.4
161.8000      -6006.965    -6053.402       46.438   404.6
162.0000      -6008.882    -6053.716       44.834   390.6
162.2000      -6006.904    -6054.329       47.425   413.2
162.4000      -6007.901    -6053.036       45.135   393.2
162.6000      -6006.683    -6054.049       47.367   412.7
162.8000      -6009.550    -6056.312       46.762   407.4
163.0000      -6009.136    -6055.399       46.263   403.0
163.2000      -6007.024    -6052.955       45.931   400.2
163.4000      -6007.304    -6055.016       47.712   415.7
163.6000      -6007.535    -6054.920       47.386   412.8
163.8000      -6006.062    -6054.633       48.571   423.2
164.0000      -6006.425    -6053.368       46.943   409.0
164.2000      -6004.260    -6052.928       48.667   424.0
164.4000      -6002.109    -6050.729       48.620   423.6
164.6000      -6004.025    -6053.029       49.003   426.9
164.8000      -6007.268    -6053.003       45.736   398.5
165.0000      -6007.930    -6052.812       44.882   391.0
165.2000      -6008.062    -6055.652       47.590   414.6
165.4000      -6008.509    -6057.103       48.593   423.3
165.6000      -6007.889    -6054.179       46.290   403.3
165.8000      -6008.705    -6054.164       45.459   396.0
166.0000      -6009.071    -6052.428       43.356   377.7
166.2000      -6008.558    -6056.539       47.981   418.0
166.4000      -6008.638    -6053.608       44.970   391.8
166.6000      -6011.202    -6056.495       45.293   394.6
166.8000      -6010.392    -6053.737       43.345   377.6
167.0000      -6009.026    -6054.559       45.533   396.7
167.2000      -6009.819    -6055.483       45.665   397.8
167.4000      -6008.543    -6053.069       44.527   387.9
167.6000      -6005.172    -6052.118       46.946   409.0
167.8000      -6005.431    -6052.995       47.564   414.4
168.0000      -6004.545    -6052.604       48.059   418.7
168.2000      -6007.965    -6055.892       47.927   417.5
168.4000      -6007.787    -6055.967       48.180   419.8
168.6000      -6004.191    -6051.117       46.926   408.8
168.8000      -6007.402    -6053.345       45.943   400.3
169.0000      -6007.281    -6052.651       45.371   395.3
169.2000      -6007.857    -6053.296       45.438   395.9
169.4000      -6006.458    -6053.769       47.311   412.2
169.6000      -6004.210    -6053.611       49.401   430.4
169.8000      -6005.939    -6054.410       48.471   422.3
170.0000      -6008.723    -6055.555       46.832   408.0
170.2000      -6007.111    -6053.772       46.661   406.5
170.4000      -6006.349    -6052.526       46.177   402.3
170.6000      -6007.254    -6055.510       48.257   420.4
170.8000      -6007.450    -6054.729       47.278   411.9
171.0000      -6006.145    -6052.652       46.507   405.2
171.2000      -6006.515    -6052.239       45.725   398.4
171.4000      -6005.680    -6054.264       48.584   423.3
171.6000      -6006.440    -6052.787       46.347   403.8
171.8000      -6006.686    -6053.152       46.466   404.8
172.0000      -6007.154    -6054.259       47.106   410.4
172.2000      -6006.758    -6053.433       46.674   406.6
172.4000      -6006.316    -6053.543       47.227   411.4
172.6000      -6004.828    -6051.713       46.885   408.5
172.8000      -6006.346    -6054.068       47.723   415.8
173.0000      -6010.111    -6054.128       44.017   383.5
173.2000      -6009.202    -6056.914       47.712   415.7
173.4000      -6008.766    -6053.701       44.935   391.5
173.6000      -6007.055    -6055.493       48.438   422.0
173.8000      -6007.304    -6053.453       46.148   402.0
174.0000      -6005.562    -6053.819       48.257   420.4
174.2000      -6007.855    -6054.470       46.615   406.1
174.4000      -6005.614    -6052.938       47.323   412.3
174.6000      -6007.091    -6055.060       47.968   417.9
174.8000      -6005.371    -6053.668       48.297   420.8
175.0000      -6004.438    -6052.612       48.174   419.7
175.2000      -6003.152    -6049.379       46.227   402.7
175.4000      -6005.608    -6053.377       47.769   416.2
175.6000      -6005.199    -6051.989       46.790   407.6
175.8000      -6002.890    -6052.384       49.494   431.2
176.0000      -6004.319    -6051.480       47.162   410.9
176.2000      -6007.481    -6053.516       46.034   401.1
176.4000      -6004.796    -6052.822       48.026   418.4
176.6000      -6007.389    -6052.376       44.987   391.9
176.8000      -6005.413    -6053.507       48.094   419.0
177.0000      -6005.005    -6053.908       48.903   426.0
177.2000      -6003.742    -6051.297       47.556   414.3
177.4000      -6005.714    -6054.730       49.016   427.0
177.6000      -6007.307    -6053.102       45.795   399.0
177.8000      -6007.880    -6055.843       47.963   417.9
178.0000      -6006.383    -6052.898       46.516   405.3
178.2000      -6005.443    -6051.959       46.516   405.3
178.4000      -6005.292    -6052.203       46.911   408.7
178.6000      -6005.345    -6053.438       48.092   419.0
178.8000      -6008.092    -6055.043       46.951   409.0
179.0000      -6006.889    -6055.447       48.557   423.0
179.2000      -6005.297    -6052.988       47.691   415.5
179.4000      -6005.761    -6055.439       49.678   432.8
179.6000      -6008.040    -6054.531       46.491   405.0
179.8000      -6008.648    -6054.792       46.143   402.0
180.0000      -6008.338    -6054.306       45.968   400.5
180.2000      -6005.882    -6053.515       47.632   415.0
180.4000      -6005.164    -6052.859       47.695   415.5
180.6000      -6006.506    -6052.873       46.367   404.0
180.8000      -6004.370    -6053.018       48.648   423.8
181.0000      -6005.217    -6053.773       48.556   423.0
181.2000      -6006.358    -6053.308       46.950   409.0
181.4000      -6006.096    -6055.059       48.962   426.6
181.6000      -6007.919    -6054.064       46.146   402.0
181.8000      -6007.887    -6054.429       46.541   405.5
182.0000      -6004.863    -6052.223       47.360   412.6
182.2000      -6005.026    -6052.610       47.584   414.6
182.4000      -6006.302    -6054.749       48.447   422.1
182.6000      -6004.015    -6053.845       49.830   434.1
182.8000      -6007.259    -6053.736       46.477   404.9
183.0000      -6005.726    -6052.557       46.831   408.0
183.2000      -6004.351    -6052.339       47.988   418.1
183.4000      -6004.095    -6053.135       49.040   427.2
183.6000      -6004.282    -6052.143       47.861   417.0
183.8000      -6004.268    -6052.852       48.584   423.3
184.0000      -6003.675    -6050.496       46.821   407.9
184.2000      -6003.721    -6054.122       50.401   439.1
184.4000      -6005.749    -6051.847       46.098   401.6
184.6000      -6007.639    -6054.546       46.907   408.7
184.8000      -6006.186    -6054.658       48.472   422.3
185.0000      -6008.069    -6054.872       46.803   407.8
185.2000      -6011.393    -6056.333       44.940   391.5
185.4000      -6008.773    -6054.464       45.692   398.1
185.6000      -6006.890    -6055.444       48.554   423.0
185.8000      -6007.086    -6053.287       46.200   402.5
186.0000      -6008.089    -6054.654       46.565   405.7
186.2000      -6006.244    -6051.318       45.075   392.7
186.4000      -6006.363    -6053.154       46.792   407.7
186.6000      -6006.539    -6053.713       47.174   411.0
186.8000      -6006.838    -6053.327       46.489   405.0
187.0000      -6005.716    -6052.791       47.075   410.1
187.2000      -6006.278    -6053.707       47.429   413.2
187.4000      -6005.618    -6053.278       47.660   415.2
187.6000      -6005.792    -6053.248       47.455   413.4
187.8000      -6006.912    -6055.429       48.517   422.7
188.0000      -6007.326    -6054.327       47.001   409.5
188.2000      -6005.951    -6053.125       47.173   411.0
188.4000      -6004.430    -6051.444       47.014   409.6
188.6000      -6006.718    -6054.755       48.038   418.5
188.8000      -6005.829    -6053.106       47.277   411.9
189.0000      -6004.996    -6052.828       47.832   416.7
189.2000      -6007.950    -6055.259       47.309   412.2
189.4000      -6007.066    -6053.828       46.762   407.4
189.6000      -6007.522    -6054.418       46.896   408.6
189.8000      -6007.880    -6055.267       47.386   412.8
190.0000      -6007.659    -6052.473       44.814   390.4
190.2000      -6005.027    -6052.367       47.340   412.4
190.4000      -6004.953    -6051.970       47.017   409.6
190.6000      -6007.530    -6055.133       47.603   414.7
190.8000      -6004.782    -6052.411       47.629   414.9
191.0000      -6007.978    -6055.556       47.578   414.5
191.2000      -6006.735    -6054.582       47.847   416.8
191.4000      -6005.049    -6052.238       47.189   411.1
191.6000      -6004.820    -6052.143       47.322   412.3
191.8000      -6006.602    -6054.467       47.865   417.0
192.0000      -6005.391    -6054.010       48.619   423.6
192.2000      -6006.443    -6054.744       48.301   420.8
192.4000      -6006.727    -6053.713       46.986   409.3
192.6000      -6006.906    -6054.543       47.637   415.0
192.8000      -6007.851    -6053.327       45.476   396.2
193.0000      -6007.268    -6054.344       47.076   410.1
193.2000      -6007.405    -6053.892       46.487   405.0
193.4000      -6005.350    -6052.330       46.979   409.3
193.6000      -6002.689    -6051.254       48.564   423.1
193.8000      -6005.267    -6053.636       48.369   421.4
194.0000      -6006.056    -6052.754       46.698   406.8
194.2000      -6006.222    -6054.829       48.607   423.5
194.4000      -6006.185    -6052.789       46.604   406.0
194.6000      -6007.429    -6053.907       46.478   404.9
194.8000      -6006.544    -6053.560       47.016   409.6
195.0000      -6009.589    -6054.701       45.112   393.0
195.2000      -6006.147    -6054.043       47.897   417.3
195.4000      -6009.885    -6054.749       44.863   390.9
195.6000      -6008.670    -6054.297       45.627   397.5
195.8000      -6008.779    -6054.999       46.220   402.7
196.0000      -6008.721    -6054.420       45.699   398.1
196.2000      -6006.391    -6053.398       47.007   409.5
196.4000      -6003.250    -6052.284       49.034   427.2
196.6000      -6001.741    -6051.354       49.613   432.2
196.8000      -6005.657    -6053.832       48.175   419.7
197.0000      -6004.482    -6050.909       46.427   404.5
197.2000      -6002.188    -6051.656       49.468   431.0
197.4000      -6004.969    -6052.910       47.941   417.7
197.6000      -6003.137    -6052.407       49.270   429.2
197.8000      -6004.473    -6052.294       47.821   416.6
198.0000      -6004.358    -6052.466       48.108   419.1
198.2000      -6005.522    -6053.785       48.263   420.5
198.4000      -6004.202    -6051.887       47.685   415.4
198.6000      -6005.931    -6053.372       47.441   413.3
198.8000      -6009.539    -6055.911       46.372   404.0
199.0000      -6008.495    -6055.076       46.581   405.8
199.2000      -6007.113    -6053.626       46.513   405.2
199.4000      -6005.830    -6053.761       47.931   417.6
199.6000      -6005.386    -6052.707       47.321   412.3
199.8000      -6007.453    -6054.499       47.046   409.9
200.0000      -6005.784    -6053.952       48.168   419.6
