Time[ps]      Etot[eV]     Epot[eV]     Ekin[eV]    T[K]
0.0000        -6028.494    -6063.652       35.158   306.3
0.2000        -6029.603    -6064.423       34.820   303.4
0.4000        -6031.434    -6066.949       35.515   309.4
0.6000        -6030.978    -6066.106       35.129   306.0
0.8000        -6029.167    -6065.194       36.027   313.9
1.0000        -6028.501    -6064.649       36.148   314.9
1.2000        -6028.111    -6063.042       34.931   304.3
1.4000        -6028.164    -6064.282       36.118   314.7
1.6000        -6029.397    -6064.769       35.372   308.2
1.8000        -6029.961    -6065.882       35.921   312.9
2.0000        -6029.467    -6067.505       38.038   331.4
2.2000        -6029.580    -6065.873       36.293   316.2
2.4000        -6029.153    -6065.340       36.187   315.3
2.6000        -6028.765    -6065.053       36.288   316.1
2.8000        -6030.213    -6065.371       35.158   306.3
3.0000        -6029.035    -6064.183       35.148   306.2
3.2000        -6028.302    -6064.816       36.514   318.1
3.4000        -6027.348    -6063.963       36.615   319.0
3.6000        -6028.555    -6065.093       36.539   318.3
3.8000        -6029.038    -6064.763       35.725   311.2
4.0000        -6027.205    -6063.507       36.302   316.3
4.2000        -6026.111    -6062.989       36.878   321.3
4.4000        -6027.519    -6064.049       36.530   318.2
4.6000        -6028.893    -6064.451       35.558   309.8
4.8000        -6028.530    -6063.321       34.791   303.1
5.0000        -6027.146    -6064.231       37.085   323.1
5.2000        -6025.971    -6062.688       36.717   319.9
5.4000        -6028.563    -6065.002       36.439   317.5
5.6000        -6028.497    -6064.848       36.350   316.7
5.8000        -6029.566    -6065.096       35.530   309.5
6.0000        -6029.207    -6064.178       34.971   304.7
6.2000        -6028.594    -6065.752       37.158   323.7
6.4000        -6027.190    -6065.183       37.993   331.0
6.6000        -6027.606    -6064.119       36.513   318.1
6.8000        -6029.989    -6064.734       34.746   302.7
7.0000        -6030.353    -6065.323       34.970   304.7
7.2000        -6030.301    -6066.208       35.907   312.8
7.4000        -6031.688    -6068.013       36.325   316.5
7.6000        -6033.212    -6067.737       34.525   300.8
7.8000        -6030.091    -6064.836       34.746   302.7
8.0000        -6029.390    -6064.163       34.773   302.9
8.2000        -6028.868    -6064.144       35.276   307.3
8.4000        -6028.709    -6064.127       35.418   308.6
8.6000        -6030.273    -6065.584       35.311   307.6
8.8000        -6030.587    -6065.875       35.288   307.4
9.0000        -6031.215    -6066.422       35.207   306.7
9.2000        -6029.392    -6065.561       36.169   315.1
9.4000        -6030.801    -6066.561       35.760   311.5
9.6000        -6030.774    -6065.702       34.928   304.3
9.8000        -6030.765    -6065.412       34.647   301.8
10.0000       -6030.361    -6065.307       34.946   304.5
10.2000       -6032.198    -6066.343       34.145   297.5
10.4000       -6029.546    -6065.478       35.932   313.0
10.6000       -6028.927    -6064.919       35.992   313.6
10.8000       -6030.188    -6064.818       34.631   301.7
11.0000       -6031.690    -6067.195       35.505   309.3
11.2000       -6030.891    -6066.541       35.649   310.6
11.4000       -6031.324    -6067.272       35.948   313.2
11.6000       -6031.393    -6066.749       35.356   308.0
11.8000       -6031.314    -6066.581       35.267   307.3
12.0000       -6028.881    -6065.907       37.026   322.6
12.2000       -6032.273    -6067.698       35.425   308.6
12.4000       -6029.527    -6064.696       35.169   306.4
12.6000       -6029.179    -6065.220       36.041   314.0
12.8000       -6028.886    -6064.104       35.218   306.8
13.0000       -6029.312    -6064.399       35.087   305.7
13.2000       -6029.284    -6064.781       35.497   309.3
13.4000       -6028.905    -6064.884       35.979   313.5
13.6000       -6028.833    -6065.251       36.418   317.3
13.8000       -6031.042    -6066.559       35.517   309.4
14.0000       -6031.058    -6065.422       34.365   299.4
14.2000       -6030.972    -6066.659       35.686   310.9
14.4000       -6030.939    -6066.457       35.518   309.4
14.6000       -6028.708    -6065.005       36.297   316.2
14.8000       -6028.706    -6064.396       35.690   310.9
15.0000       -6028.738    -6064.725       35.987   313.5
15.2000       -6026.153    -6064.746       38.593   336.2
15.4000       -6029.145    -6065.264       36.119   314.7
15.6000       -6027.822    -6064.083       36.261   315.9
15.8000       -6030.089    -6065.293       35.204   306.7
16.0000       -6029.357    -6065.175       35.818   312.0
16.2000       -6027.854    -6065.317       37.463   326.4
16.4000       -6028.124    -6065.468       37.343   325.3
16.6000       -6029.393    -6064.888       35.495   309.2
16.8000       -6029.156    -6064.217       35.061   305.5
17.0000       -6031.786    -6066.532       34.746   302.7
17.2000       -6032.382    -6066.737       34.355   299.3
17.4000       -6031.764    -6067.357       35.593   310.1
17.6000       -6029.835    -6064.698       34.862   303.7
17.8000       -6027.709    -6064.321       36.612   319.0
18.0000       -6028.430    -6065.006       36.577   318.7
18.2000       -6028.511    -6063.854       35.343   307.9
18.4000       -6029.634    -6065.441       35.807   312.0
18.6000       -6029.281    -6064.685       35.403   308.4
18.8000       -6030.697    -6065.907       35.210   306.8
19.0000       -6029.256    -6065.221       35.965   313.3
19.2000       -6028.221    -6064.664       36.442   317.5
19.4000       -6029.288    -6065.933       36.645   319.3
19.6000       -6028.480    -6064.208       35.728   311.3
19.8000       -6029.983    -6064.563       34.581   301.3
20.0000       -6028.804    -6064.589       35.786   311.8
20.2000       -6030.586    -6066.444       35.858   312.4
20.4000       -6030.522    -6065.599       35.077   305.6
20.6000       -6028.850    -6066.127       37.277   324.8
20.8000       -6029.098    -6065.498       36.400   317.1
21.0000       -6029.520    -6065.370       35.850   312.3
21.2000       -6030.926    -6067.259       36.333   316.5
21.4000       -6029.766    -6066.000       36.234   315.7
21.6000       -6030.895    -6066.657       35.762   311.6
21.8000       -6031.118    -6066.604       35.486   309.2
22.0000       -6030.036    -6066.579       36.543   318.4
22.2000       -6029.859    -6065.210       35.351   308.0
22.4000       -6028.881    -6065.398       36.517   318.1
22.6000       -6029.518    -6065.366       35.848   312.3
22.8000       -6028.763    -6065.412       36.649   319.3
23.0000       -6029.604    -6066.056       36.452   317.6
23.2000       -6030.742    -6065.595       34.852   303.6
23.4000       -6030.603    -6067.558       36.955   322.0
23.6000       -6028.757    -6066.645       37.888   330.1
23.8000       -6028.128    -6064.421       36.294   316.2
24.0000       -6027.987    -6063.873       35.885   312.6
24.2000       -6029.225    -6066.233       37.008   322.4
24.4000       -6029.775    -6064.460       34.686   302.2
24.6000       -6030.389    -6066.182       35.793   311.8
24.8000       -6029.658    -6064.611       34.953   304.5
25.0000       -6028.744    -6065.287       36.542   318.4
25.2000       -6029.618    -6066.270       36.652   319.3
25.4000       -6027.725    -6064.447       36.723   319.9
25.6000       -6028.323    -6066.097       37.773   329.1
25.8000       -6030.898    -6067.256       36.358   316.8
26.0000       -6029.695    -6065.937       36.242   315.7
26.2000       -6030.475    -6066.598       36.123   314.7
26.4000       -6030.135    -6065.809       35.673   310.8
26.6000       -6031.556    -6066.897       35.342   307.9
26.8000       -6030.265    -6064.708       34.443   300.1
27.0000       -6031.070    -6066.495       35.424   308.6
27.2000       -6031.160    -6065.866       34.706   302.4
27.4000       -6031.299    -6065.726       34.426   299.9
27.6000       -6031.901    -6067.016       35.115   305.9
27.8000       -6029.411    -6064.438       35.027   305.2
28.0000       -6030.729    -6066.494       35.765   311.6
28.2000       -6028.281    -6064.167       35.886   312.6
28.4000       -6029.605    -6066.194       36.590   318.8
28.6000       -6027.668    -6064.175       36.507   318.1
28.8000       -6029.891    -6064.159       34.268   298.5
29.0000       -6030.888    -6066.049       35.161   306.3
29.2000       -6030.949    -6065.938       34.989   304.8
29.4000       -6031.362    -6066.159       34.796   303.2
29.6000       -6029.603    -6064.835       35.232   306.9
29.8000       -6029.521    -6065.529       36.008   313.7
30.0000       -6029.616    -6064.356       34.740   302.7
30.2000       -6030.755    -6067.363       36.607   318.9
30.4000       -6030.177    -6065.552       35.375   308.2
30.6000       -6030.315    -6065.900       35.585   310.0
30.8000       -6029.323    -6064.968       35.645   310.5
31.0000       -6032.255    -6066.296       34.042   296.6
31.2000       -6031.638    -6067.140       35.502   309.3
31.4000       -6031.816    -6065.714       33.899   295.3
31.6000       -6031.361    -6066.594       35.233   307.0
31.8000       -6031.872    -6067.123       35.251   307.1
32.0000       -6032.306    -6066.135       33.829   294.7
32.2000       -6030.481    -6065.686       35.205   306.7
32.4000       -6029.741    -6064.677       34.936   304.4
32.6000       -6031.030    -6066.709       35.679   310.8
32.8000       -6030.614    -6066.830       36.216   315.5
33.0000       -6030.602    -6066.646       36.043   314.0
33.2000       -6032.050    -6066.563       34.514   300.7
33.4000       -6031.943    -6065.958       34.015   296.3
33.6000       -6030.688    -6065.122       34.434   300.0
33.8000       -6030.983    -6065.617       34.634   301.7
34.0000       -6030.464    -6065.993       35.529   309.5
34.2000       -6031.812    -6066.060       34.248   298.4
34.4000       -6032.053    -6065.906       33.853   294.9
34.6000       -6032.863    -6067.160       34.297   298.8
34.8000       -6031.087    -6066.279       35.193   306.6
35.0000       -6029.320    -6065.770       36.450   317.6
35.2000       -6029.286    -6065.637       36.351   316.7
35.4000       -6031.396    -6066.506       35.110   305.9
35.6000       -6031.882    -6066.306       34.423   299.9
35.8000       -6032.325    -6067.568       35.243   307.0
36.0000       -6031.611    -6066.607       34.997   304.9
36.2000       -6031.637    -6066.633       34.996   304.9
36.4000       -6029.391    -6065.041       35.649   310.6
36.6000       -6030.137    -6065.292       35.155   306.3
36.8000       -6030.104    -6067.100       36.995   322.3
37.0000       -6031.283    -6066.982       35.699   311.0
37.2000       -6032.747    -6068.094       35.347   307.9
37.4000       -6030.779    -6065.332       34.552   301.0
37.6000       -6030.043    -6066.045       36.002   313.7
37.8000       -6030.820    -6066.508       35.688   310.9
38.0000       -6032.115    -6067.085       34.971   304.7
38.2000       -6032.622    -6067.044       34.423   299.9
38.4000       -6031.171    -6065.714       34.543   300.9
38.6000       -6031.750    -6067.287       35.537   309.6
38.8000       -6033.971    -6067.932       33.961   295.9
39.0000       -6033.042    -6067.763       34.721   302.5
39.2000       -6031.785    -6067.328       35.544   309.7
39.4000       -6030.494    -6066.828       36.333   316.5
39.6000       -6030.385    -6067.531       37.146   323.6
39.8000       -6028.703    -6064.488       35.785   311.8
40.0000       -6027.773    -6064.546       36.773   320.4
40.2000       -6027.384    -6064.399       37.016   322.5
40.4000       -6028.336    -6064.247       35.911   312.9
40.6000       -6029.759    -6065.804       36.045   314.0
40.8000       -6028.859    -6064.009       35.150   306.2
41.0000       -6030.045    -6065.642       35.597   310.1
41.2000       -6029.214    -6066.272       37.058   322.8
41.4000       -6031.340    -6065.219       33.879   295.2
41.6000       -6032.011    -6066.820       34.809   303.3
41.8000       -6032.672    -6067.677       35.005   305.0
42.0000       -6031.099    -6064.817       33.718   293.8
42.2000       -6031.693    -6065.317       33.624   292.9
42.4000       -6031.159    -6065.725       34.566   301.1
42.6000       -6030.466    -6066.430       35.964   313.3
42.8000       -6032.183    -6066.034       33.851   294.9
43.0000       -6030.618    -6065.346       34.728   302.6
43.2000       -6031.331    -6066.047       34.716   302.5
43.4000       -6030.475    -6065.335       34.860   303.7
43.6000       -6028.901    -6064.718       35.817   312.0
43.8000       -6030.341    -6064.750       34.409   299.8
44.0000       -6030.237    -6066.690       36.453   317.6
44.2000       -6032.000    -6066.797       34.797   303.2
44.4000       -6032.847    -6066.260       33.412   291.1
44.6000       -6029.475    -6064.745       35.270   307.3
44.8000       -6029.955    -6065.259       35.303   307.6
45.0000       -6030.125    -6067.107       36.983   322.2
45.2000       -6029.032    -6064.208       35.176   306.5
45.4000       -6028.317    -6065.070       36.753   320.2
45.6000       -6029.646    -6065.170       35.525   309.5
45.8000       -6030.849    -6066.319       35.471   309.0
46.0000       -6029.408    -6065.500       36.092   314.4
46.2000       -6029.750    -6065.687       35.937   313.1
46.4000       -6030.925    -6066.060       35.135   306.1
46.6000       -6030.753    -6067.682       36.929   321.7
46.8000       -6031.020    -6066.684       35.664   310.7
47.0000       -6029.429    -6064.644       35.215   306.8
47.2000       -6030.693    -6065.749       35.056   305.4
47.4000       -6031.513    -6065.917       34.404   299.7
47.6000       -6031.999    -6067.726       35.727   311.3
47.8000       -6031.249    -6067.321       36.072   314.3
48.0000       -6031.019    -6066.444       35.425   308.6
48.2000       -6029.577    -6066.454       36.877   321.3
48.4000       -6028.727    -6065.986       37.260   324.6
48.6000       -6028.394    -6063.265       34.870   303.8
48.8000       -6027.807    -6064.016       36.208   315.5
49.0000       -6027.746    -6064.963       37.217   324.2
49.2000       -6028.742    -6065.230       36.489   317.9
49.4000       -6031.501    -6066.709       35.209   306.7
49.6000       -6030.707    -6064.386       33.679   293.4
49.8000       -6031.334    -6066.368       35.034   305.2
50.0000       -6031.712    -6067.399       35.687   310.9
50.2000       -6029.715    -6064.594       34.879   303.9
50.4000       -6030.289    -6066.299       36.009   313.7
50.6000       -6030.286    -6066.382       36.096   314.5
50.8000       -6030.960    -6065.497       34.537   300.9
51.0000       -6029.518    -6063.797       34.279   298.6
51.2000       -6031.618    -6067.057       35.438   308.7
51.4000       -6030.989    -6066.720       35.730   311.3
51.6000       -6028.007    -6065.384       37.377   325.6
51.8000       -6031.002    -6067.299       36.297   316.2
52.0000       -6031.372    -6066.322       34.949   304.5
52.2000       -6032.941    -6067.486       34.545   301.0
52.4000       -6032.607    -6068.436       35.829   312.1
52.6000       -6029.999    -6065.099       35.100   305.8
52.8000       -6030.087    -6067.145       37.058   322.9
53.0000       -6030.470    -6066.137       35.666   310.7
53.2000       -6030.678    -6065.396       34.718   302.5
53.4000       -6030.817    -6065.385       34.568   301.2
53.6000       -6030.877    -6066.125       35.249   307.1
53.8000       -6030.543    -6066.374       35.831   312.2
54.0000       -6032.860    -6066.575       33.714   293.7
54.2000       -6031.453    -6065.958       34.505   300.6
54.4000       -6031.239    -6066.841       35.602   310.2
54.6000       -6029.755    -6065.442       35.687   310.9
54.8000       -6029.828    -6065.811       35.983   313.5
55.0000       -6028.954    -6065.284       36.329   316.5
55.2000       -6028.239    -6064.968       36.730   320.0
55.4000       -6029.166    -6065.327       36.161   315.0
55.6000       -6029.493    -6065.121       35.628   310.4
55.8000       -6030.428    -6064.732       34.304   298.9
56.0000       -6030.188    -6066.029       35.841   312.3
56.2000       -6030.799    -6066.313       35.514   309.4
56.4000       -6030.184    -6066.459       36.275   316.0
56.6000       -6030.040    -6064.962       34.922   304.2
56.8000       -6030.930    -6065.431       34.501   300.6
57.0000       -6029.974    -6065.432       35.458   308.9
57.2000       -6030.289    -6065.302       35.013   305.0
57.4000       -6030.698    -6067.104       36.406   317.2
57.6000       -6028.734    -6065.512       36.778   320.4
57.8000       -6031.014    -6065.548       34.534   300.9
58.0000       -6032.877    -6067.795       34.918   304.2
58.2000       -6031.170    -6065.447       34.277   298.6
58.4000       -6032.472    -6066.240       33.768   294.2
58.6000       -6030.267    -6066.190       35.924   313.0
58.8000       -6029.206    -6065.113       35.907   312.8
59.0000       -6029.965    -6066.750       36.785   320.5
59.2000       -6030.211    -6065.353       35.142   306.2
59.4000       -6031.714    -6065.269       33.555   292.3
59.6000       -6030.299    -6066.985       36.686   319.6
59.8000       -6029.633    -6064.603       34.969   304.7
60.0000       -6029.355    -6065.247       35.892   312.7
60.2000       -6028.976    -6064.335       35.359   308.0
60.4000       -6027.330    -6065.589       38.259   333.3
60.6000       -6026.559    -6065.297       38.738   337.5
60.8000       -6028.103    -6064.287       36.183   315.2
61.0000       -6027.845    -6064.170       36.325   316.5
61.2000       -6029.016    -6066.314       37.298   324.9
61.4000       -6029.897    -6066.102       36.205   315.4
61.6000       -6029.169    -6065.483       36.314   316.4
61.8000       -6030.648    -6065.750       35.102   305.8
62.0000       -6030.459    -6065.825       35.366   308.1
62.2000       -6029.614    -6065.396       35.782   311.7
62.4000       -6030.013    -6065.627       35.615   310.3
62.6000       -6027.987    -6064.427       36.441   317.5
62.8000       -6028.125    -6065.519       37.394   325.8
63.0000       -6029.654    -6065.075       35.421   308.6
63.2000       -6028.071    -6065.003       36.932   321.8
63.4000       -6029.018    -6064.854       35.836   312.2
63.6000       -6032.067    -6066.312       34.244   298.3
63.8000       -6030.349    -6067.437       37.088   323.1
64.0000       -6030.297    -6065.151       34.854   303.7
64.2000       -6029.531    -6065.238       35.706   311.1
64.4000       -6031.119    -6065.704       34.586   301.3
64.6000       -6031.983    -6065.868       33.885   295.2
64.8000       -6029.653    -6065.654       36.000   313.6
65.0000       -6030.548    -6066.434       35.886   312.6
65.2000       -6030.301    -6065.040       34.739   302.7
65.4000       -6029.968    -6065.875       35.907   312.8
65.6000       -6029.310    -6063.836       34.526   300.8
65.8000       -6031.913    -6066.591       34.678   302.1
66.0000       -6031.018    -6066.536       35.518   309.4
66.2000       -6029.831    -6065.387       35.556   309.8
66.4000       -6030.317    -6064.984       34.667   302.0
66.6000       -6029.846    -6065.424       35.578   310.0
66.8000       -6031.109    -6066.655       35.546   309.7
67.0000       -6032.097    -6067.964       35.867   312.5
67.2000       -6030.976    -6066.311       35.335   307.8
67.4000       -6030.029    -6066.078       36.049   314.1
67.6000       -6030.052    -6065.271       35.219   306.8
67.8000       -6029.472    -6065.822       36.350   316.7
68.0000       -6030.133    -6066.881       36.748   320.2
68.2000       -6030.105    -6065.648       35.543   309.7
68.4000       -6030.046    -6065.583       35.537   309.6
68.6000       -6030.543    -6065.470       34.928   304.3
68.8000       -6030.522    -6066.220       35.698   311.0
69.0000       -6030.107    -6066.586       36.479   317.8
69.2000       -6029.597    -6064.759       35.162   306.3
69.4000       -6030.271    -6065.796       35.525   309.5
69.6000       -6029.666    -6065.078       35.412   308.5
69.8000       -6029.924    -6065.517       35.593   310.1
70.0000       -6028.334    -6065.174       36.840   321.0
70.2000       -6029.674    -6066.048       36.375   316.9
70.4000       -6030.027    -6065.685       35.657   310.7
70.6000       -6028.927    -6065.400       36.472   317.8
70.8000       -6026.686    -6063.635       36.949   321.9
71.0000       -6027.231    -6064.767       37.535   327.0
71.2000       -6029.576    -6066.388       36.812   320.7
71.4000       -6030.559    -6065.572       35.014   305.0
71.6000       -6031.109    -6065.853       34.743   302.7
71.8000       -6031.446    -6066.069       34.624   301.6
72.0000       -6029.230    -6063.367       34.137   297.4
72.2000       -6029.744    -6066.112       36.368   316.8
72.4000       -6028.216    -6064.573       36.357   316.7
72.6000       -6028.932    -6064.645       35.713   311.1
72.8000       -6029.889    -6065.883       35.994   313.6
73.0000       -6030.086    -6065.609       35.524   309.5
73.2000       -6030.961    -6067.676       36.715   319.9
73.4000       -6031.057    -6066.428       35.371   308.2
73.6000       -6030.238    -6065.381       35.144   306.2
73.8000       -6031.010    -6066.899       35.888   312.7
74.0000       -6030.320    -6066.559       36.239   315.7
74.2000       -6031.301    -6065.816       34.515   300.7
74.4000       -6031.951    -6066.410       34.458   300.2
74.6000       -6030.746    -6066.627       35.881   312.6
74.8000       -6031.377    -6065.466       34.089   297.0
75.0000       -6026.958    -6063.837       36.880   321.3
75.2000       -6028.308    -6064.821       36.514   318.1
75.4000       -6027.964    -6064.210       36.246   315.8
75.6000       -6029.721    -6064.984       35.263   307.2
75.8000       -6032.034    -6066.858       34.824   303.4
76.0000       -6032.373    -6066.665       34.292   298.8
76.2000       -6032.151    -6065.861       33.710   293.7
76.4000       -6030.643    -6065.943       35.301   307.5
76.6000       -6031.706    -6066.262       34.556   301.1
76.8000       -6031.639    -6066.223       34.584   301.3
77.0000       -6030.325    -6067.130       36.806   320.7
77.2000       -6031.708    -6066.278       34.569   301.2
77.4000       -6031.109    -6066.015       34.906   304.1
77.6000       -6031.736    -6068.051       36.315   316.4
77.8000       -6033.275    -6068.626       35.351   308.0
78.0000       -6033.190    -6067.515       34.325   299.0
78.2000       -6032.469    -6065.906       33.437   291.3
78.4000       -6032.254    -6066.858       34.605   301.5
78.6000       -6032.538    -6067.508       34.970   304.7
78.8000       -6032.069    -6067.090       35.021   305.1
79.0000       -6030.384    -6066.072       35.688   310.9
79.2000       -6029.895    -6065.799       35.904   312.8
79.4000       -6029.276    -6064.073       34.797   303.2
79.6000       -6029.138    -6066.156       37.017   322.5
79.8000       -6030.735    -6066.472       35.737   311.3
80.0000       -6029.443    -6065.526       36.083   314.4
80.2000       -6029.671    -6064.585       34.914   304.2
80.4000       -6028.286    -6065.260       36.974   322.1
80.6000       -6029.147    -6065.654       36.507   318.1
80.8000       -6031.312    -6065.625       34.313   298.9
81.0000       -6031.076    -6065.720       34.644   301.8
81.2000       -6031.444    -6065.480       34.037   296.5
81.4000       -6032.372    -6065.799       33.427   291.2
81.6000       -6029.707    -6066.041       36.334   316.5
81.8000       -6029.396    -6064.958       35.561   309.8
82.0000       -6031.227    -6067.130       35.903   312.8
82.2000       -6031.345    -6066.961       35.616   310.3
82.4000       -6030.314    -6066.417       36.103   314.5
82.6000       -6027.520    -6064.117       36.597   318.8
82.8000       -6026.908    -6063.884       36.977   322.1
83.0000       -6027.801    -6064.116       36.314   316.4
83.2000       -6029.650    -6066.219       36.569   318.6
83.4000       -6028.163    -6062.795       34.632   301.7
83.6000       -6029.914    -6066.180       36.266   316.0
83.8000       -6029.851    -6065.402       35.551   309.7
84.0000       -6029.892    -6065.420       35.529   309.5
84.2000       -6028.397    -6065.777       37.380   325.7
84.4000       -6029.309    -6065.191       35.883   312.6
84.6000       -6031.144    -6065.296       34.152   297.5
84.8000       -6032.600    -6066.605       34.005   296.3
85.0000       -6031.534    -6067.223       35.689   310.9
85.2000       -6032.008    -6066.177       34.169   297.7
85.4000       -6032.214    -6065.568       33.354   290.6
85.6000       -6031.349    -6067.492       36.143   314.9
85.8000       -6031.547    -6066.720       35.173   306.4
86.0000       -6029.508    -6063.768       34.260   298.5
86.2000       -6030.633    -6066.339       35.706   311.1
86.4000       -6029.193    -6065.550       36.357   316.7
86.6000       -6031.110    -6066.980       35.869   312.5
86.8000       -6029.773    -6065.278       35.505   309.3
87.0000       -6029.951    -6065.688       35.737   311.3
87.2000       -6029.075    -6065.711       36.636   319.2
87.4000       -6031.555    -6065.948       34.393   299.6
87.6000       -6029.664    -6066.049       36.385   317.0
87.8000       -6028.261    -6065.250       36.989   322.3
88.0000       -6030.001    -6066.050       36.049   314.1
88.2000       -6031.226    -6066.579       35.352   308.0
88.4000       -6030.215    -6065.182       34.966   304.6
88.6000       -6030.276    -6065.033       34.757   302.8
88.8000       -6030.531    -6066.883       36.352   316.7
89.0000       -6030.169    -6065.892       35.723   311.2
89.2000       -6030.200    -6065.296       35.096   305.8
89.4000       -6030.375    -6065.842       35.466   309.0
89.6000       -6032.113    -6066.594       34.480   300.4
89.8000       -6030.491    -6066.399       35.908   312.8
90.0000       -6030.143    -6065.487       35.344   307.9
90.2000       -6030.196    -6066.703       36.507   318.1
90.4000       -6030.974    -6065.729       34.755   302.8
90.6000       -6030.200    -6065.345       35.145   306.2
90.8000       -6029.186    -6064.463       35.277   307.3
91.0000       -6029.098    -6065.605       36.507   318.1
91.2000       -6031.397    -6066.510       35.112   305.9
91.4000       -6031.917    -6066.881       34.964   304.6
91.6000       -6032.133    -6067.468       35.335   307.8
91.8000       -6032.875    -6067.269       34.394   299.6
92.0000       -6033.086    -6067.754       34.668   302.0
92.2000       -6032.656    -6067.745       35.089   305.7
92.4000       -6030.789    -6065.495       34.707   302.4
92.6000       -6030.538    -6064.594       34.056   296.7
92.8000       -6029.001    -6064.962       35.961   313.3
93.0000       -6029.790    -6066.602       36.812   320.7
93.2000       -6029.678    -6065.659       35.981   313.5
93.4000       -6029.797    -6065.247       35.450   308.8
93.6000       -6027.974    -6064.772       36.798   320.6
93.8000       -6027.849    -6064.228       36.378   316.9
94.0000       -6028.894    -6064.594       35.701   311.0
94.2000       -6030.184    -6066.343       36.159   315.0
94.4000       -6031.024    -6066.005       34.982   304.8
94.6000       -6032.352    -6068.161       35.809   312.0
94.8000       -6031.605    -6066.535       34.930   304.3
95.0000       -6032.322    -6066.704       34.382   299.5
95.2000       -6032.634    -6067.120       34.485   300.4
95.4000       -6032.374    -6066.556       34.182   297.8
95.6000       -6032.886    -6068.000       35.113   305.9
95.8000       -6032.159    -6066.467       34.308   298.9
96.0000       -6030.597    -6066.818       36.221   315.6
96.2000       -6029.363    -6066.033       36.670   319.5
96.4000       -6028.823    -6064.023       35.200   306.7
96.6000       -6031.061    -6066.129       35.068   305.5
96.8000       -6029.785    -6065.286       35.501   309.3
97.0000       -6029.047    -6064.873       35.826   312.1
97.2000       -6030.303    -6065.578       35.274   307.3
97.4000       -6029.617    -6065.006       35.389   308.3
97.6000       -6028.219    -6064.796       36.577   318.7
97.8000       -6029.118    -6064.454       35.336   307.9
98.0000       -6029.719    -6066.311       36.592   318.8
98.2000       -6029.952    -6065.369       35.417   308.6
98.4000       -6030.088    -6065.016       34.928   304.3
98.6000       -6030.905    -6066.306       35.400   308.4
98.8000       -6031.037    -6064.990       33.953   295.8
99.0000       -6028.533    -6065.625       37.093   323.2
99.2000       -6029.180    -6065.005       35.825   312.1
99.4000       -6030.619    -6065.438       34.819   303.3
99.6000       -6029.352    -6064.731       35.379   308.2
99.8000       -6030.335    -6066.229       35.894   312.7
100.0000      -6028.256    -6063.914       35.657   310.7
100.2000      -6028.644    -6064.882       36.238   315.7
100.4000      -6028.539    -6064.086       35.547   309.7
100.6000      -6028.460    -6065.941       37.481   326.5
100.8000      -6030.802    -6066.210       35.409   308.5
101.0000      -6030.299    -6065.762       35.463   309.0
101.2000      -6029.914    -6064.634       34.720   302.5
101.4000      -6029.773    -6064.795       35.023   305.1
101.6000      -6031.686    -6067.396       35.709   311.1
101.8000      -6030.180    -6066.401       36.221   315.6
102.0000      -6031.439    -6067.106       35.667   310.7
102.2000      -6033.705    -6068.328       34.623   301.6
102.4000      -6031.729    -6066.978       35.248   307.1
102.6000      -6032.873    -6067.287       34.414   299.8
102.8000      -6031.038    -6066.507       35.470   309.0
103.0000      -6034.228    -6067.762       33.534   292.2
103.2000      -6034.035    -6067.426       33.391   290.9
103.4000      -6033.150    -6066.443       33.293   290.1
103.6000      -6034.605    -6069.884       35.279   307.4
103.8000      -6030.798    -6067.416       36.618   319.0
104.0000      -6030.204    -6066.193       35.989   313.5
104.2000      -6030.659    -6066.737       36.079   314.3
104.4000      -6031.446    -6066.921       35.475   309.1
104.6000      -6031.438    -6066.075       34.637   301.8
104.8000      -6029.839    -6065.864       36.025   313.9
105.0000      -6029.209    -6065.313       36.104   314.5
105.2000      -6028.030    -6064.712       36.681   319.6
105.4000      -6027.726    -6064.455       36.729   320.0
105.6000      -6029.615    -6065.649       36.034   313.9
105.8000      -6029.512    -6065.424       35.912   312.9
106.0000      -6029.373    -6064.676       35.303   307.6
106.2000      -6030.287    -6066.936       36.649   319.3
106.4000      -6030.181    -6065.429       35.248   307.1
106.6000      -6028.759    -6064.855       36.096   314.5
106.8000      -6029.431    -6065.418       35.987   313.5
107.0000      -6031.185    -6066.671       35.487   309.2
107.2000      -6029.573    -6065.433       35.859   312.4
107.4000      -6029.926    -6065.449       35.522   309.5
107.6000      -6026.844    -6064.768       37.924   330.4
107.8000      -6029.741    -6065.450       35.709   311.1
108.0000      -6030.176    -6065.895       35.719   311.2
108.2000      -6031.928    -6066.176       34.248   298.4
108.4000      -6031.962    -6067.563       35.602   310.2
108.6000      -6031.794    -6066.080       34.286   298.7
108.8000      -6032.563    -6067.116       34.553   301.0
109.0000      -6031.172    -6066.219       35.047   305.3
109.2000      -6030.043    -6064.731       34.688   302.2
109.4000      -6030.498    -6065.759       35.261   307.2
109.6000      -6028.939    -6066.044       37.105   323.3
109.8000      -6029.153    -6065.291       36.137   314.8
110.0000      -6026.755    -6064.648       37.893   330.1
110.2000      -6029.237    -6064.800       35.563   309.8
110.4000      -6028.357    -6065.589       37.232   324.4
110.6000      -6029.331    -6066.448       37.118   323.4
110.8000      -6029.035    -6064.901       35.866   312.5
111.0000      -6031.316    -6066.583       35.267   307.3
111.2000      -6030.454    -6066.564       36.110   314.6
111.4000      -6029.673    -6066.746       37.073   323.0
111.6000      -6028.467    -6065.070       36.603   318.9
111.8000      -6030.914    -6066.303       35.389   308.3
112.0000      -6030.755    -6064.869       34.114   297.2
112.2000      -6029.366    -6065.540       36.174   315.2
112.4000      -6028.414    -6064.832       36.418   317.3
112.6000      -6028.506    -6065.918       37.412   325.9
112.8000      -6030.314    -6065.948       35.633   310.4
113.0000      -6030.203    -6065.542       35.339   307.9
113.2000      -6030.373    -6065.484       35.111   305.9
113.4000      -6030.485    -6065.812       35.327   307.8
113.6000      -6031.695    -6067.609       35.914   312.9
113.8000      -6029.241    -6066.205       36.963   322.0
114.0000      -6029.171    -6064.481       35.310   307.6
114.2000      -6029.638    -6065.248       35.610   310.2
114.4000      -6031.023    -6066.279       35.256   307.2
114.6000      -6029.114    -6065.777       36.663   319.4
114.8000      -6029.831    -6065.846       36.014   313.8
115.0000      -6029.661    -6065.135       35.474   309.1
115.2000      -6028.189    -6064.802       36.613   319.0
115.4000      -6027.128    -6064.684       37.556   327.2
115.6000      -6028.698    -6065.617       36.919   321.6
115.8000      -6028.895    -6064.958       36.062   314.2
116.0000      -6028.767    -6064.476       35.709   311.1
116.2000      -6028.187    -6065.593       37.407   325.9
116.4000      -6031.219    -6065.714       34.495   300.5
116.6000      -6030.669    -6065.808       35.139   306.1
116.8000      -6031.218    -6066.702       35.485   309.1
117.0000      -6031.205    -6066.455       35.250   307.1
117.2000      -6028.918    -6064.700       35.782   311.7
117.4000      -6030.686    -6065.589       34.903   304.1
117.6000      -6029.458    -6065.388       35.930   313.0
117.8000      -6031.204    -6065.765       34.561   301.1
118.0000      -6031.961    -6067.712       35.752   311.5
118.2000      -6031.066    -6064.566       33.501   291.9
118.4000      -6031.713    -6066.006       34.293   298.8
118.6000      -6031.072    -6065.512       34.440   300.0
118.8000      -6030.748    -6065.764       35.016   305.1
119.0000      -6031.600    -6066.268       34.667   302.0
119.2000      -6030.490    -6064.608       34.118   297.2
119.4000      -6030.750    -6065.826       35.076   305.6
119.6000      -6027.594    -6064.252       36.658   319.4
119.8000      -6031.120    -6065.458       34.337   299.1
120.0000      -6031.013    -6065.566       34.553   301.0
120.2000      -6030.549    -6066.374       35.825   312.1
120.4000      -6030.658    -6066.479       35.821   312.1
120.6000      -6029.703    -6064.990       35.287   307.4
120.8000      -6030.217    -6065.989       35.773   311.7
121.0000      -6030.046    -6064.961       34.915   304.2
121.2000      -6030.612    -6066.584       35.972   313.4
121.4000      -6030.698    -6067.262       36.564   318.5
121.6000      -6028.961    -6065.419       36.458   317.6
121.8000      -6028.655    -6065.806       37.150   323.7
122.0000      -6028.728    -6064.666       35.938   313.1
122.2000      -6027.761    -6065.027       37.266   324.7
122.4000      -6028.348    -6063.792       35.443   308.8
122.6000      -6026.947    -6063.203       36.256   315.9
122.8000      -6026.389    -6063.667       37.277   324.8
123.0000      -6025.876    -6064.835       38.959   339.4
123.2000      -6028.765    -6066.689       37.924   330.4
123.4000      -6031.009    -6064.583       33.575   292.5
123.6000      -6031.943    -6067.144       35.201   306.7
123.8000      -6030.961    -6065.510       34.548   301.0
124.0000      -6029.816    -6065.626       35.810   312.0
124.2000      -6030.623    -6067.028       36.405   317.2
124.4000      -6033.666    -6067.856       34.190   297.9
124.6000      -6030.161    -6065.458       35.297   307.5
124.8000      -6030.678    -6065.315       34.637   301.8
125.0000      -6031.083    -6065.353       34.270   298.6
125.2000      -6029.639    -6065.724       36.085   314.4
125.4000      -6030.469    -6066.360       35.891   312.7
125.6000      -6031.063    -6065.895       34.832   303.5
125.8000      -6031.129    -6067.239       36.110   314.6
126.0000      -6030.660    -6066.659       35.998   313.6
126.2000      -6028.721    -6065.031       36.311   316.3
126.4000      -6031.543    -6067.006       35.464   309.0
126.6000      -6030.084    -6064.763       34.679   302.1
126.8000      -6028.222    -6065.165       36.943   321.9
127.0000      -6028.939    -6065.513       36.574   318.6
127.2000      -6029.873    -6064.920       35.047   305.3
127.4000      -6031.032    -6066.597       35.565   309.8
127.6000      -6030.970    -6065.046       34.076   296.9
127.8000      -6028.935    -6066.176       37.241   324.4
128.0000      -6028.026    -6064.957       36.931   321.7
128.2000      -6028.278    -6065.202       36.924   321.7
128.4000      -6029.197    -6065.241       36.044   314.0
128.6000      -6028.009    -6063.877       35.868   312.5
128.8000      -6027.845    -6065.076       37.231   324.4
129.0000      -6031.120    -6065.959       34.839   303.5
129.2000      -6031.520    -6066.373       34.852   303.6
129.4000      -6032.291    -6066.834       34.543   300.9
129.6000      -6031.345    -6065.547       34.202   298.0
129.8000      -6034.100    -6067.523       33.423   291.2
130.0000      -6032.521    -6067.911       35.390   308.3
130.2000      -6031.719    -6066.008       34.289   298.7
130.4000      -6031.322    -6066.143       34.821   303.4
130.6000      -6030.338    -6066.431       36.094   314.5
130.8000      -6029.530    -6065.348       35.818   312.0
131.0000      -6030.104    -6065.727       35.623   310.4
131.2000      -6032.511    -6067.082       34.571   301.2
131.4000      -6028.862    -6065.623       36.761   320.3
131.6000      -6029.342    -6065.802       36.460   317.6
131.8000      -6030.387    -6066.938       36.551   318.4
132.0000      -6030.443    -6064.366       33.923   295.5
132.2000      -6029.941    -6065.369       35.428   308.6
132.4000      -6029.378    -6064.657       35.280   307.4
132.6000      -6029.096    -6065.440       36.345   316.6
132.8000      -6029.281    -6065.393       36.112   314.6
133.0000      -6030.029    -6066.432       36.403   317.1
133.2000      -6029.148    -6065.442       36.294   316.2
133.4000      -6028.396    -6065.883       37.487   326.6
133.6000      -6032.000    -6066.635       34.635   301.7
133.8000      -6030.994    -6065.531       34.537   300.9
134.0000      -6030.263    -6065.357       35.094   305.7
134.2000      -6030.767    -6065.751       34.984   304.8
134.4000      -6029.342    -6065.500       36.158   315.0
134.6000      -6029.142    -6066.760       37.618   327.7
134.8000      -6029.808    -6065.881       36.074   314.3
135.0000      -6028.854    -6065.861       37.007   322.4
135.2000      -6031.155    -6066.780       35.625   310.4
135.4000      -6028.458    -6064.501       36.043   314.0
135.6000      -6027.681    -6064.318       36.637   319.2
135.8000      -6029.608    -6064.034       34.426   299.9
136.0000      -6030.370    -6066.560       36.190   315.3
136.2000      -6028.564    -6064.934       36.369   316.9
136.4000      -6029.470    -6065.922       36.452   317.6
136.6000      -6028.815    -6065.221       36.406   317.2
136.8000      -6029.974    -6064.697       34.723   302.5
137.0000      -6029.962    -6065.897       35.936   313.1
137.2000      -6029.405    -6064.556       35.151   306.2
137.4000      -6029.993    -6066.660       36.667   319.4
137.6000      -6030.420    -6067.998       37.577   327.4
137.8000      -6028.515    -6064.367       35.852   312.3
138.0000      -6028.815    -6065.585       36.770   320.3
138.2000      -6029.473    -6065.459       35.987   313.5
138.4000      -6030.481    -6066.274       35.794   311.8
138.6000      -6031.595    -6065.338       33.743   294.0
138.8000      -6030.703    -6067.013       36.310   316.3
139.0000      -6029.044    -6064.934       35.890   312.7
139.2000      -6030.495    -6065.191       34.696   302.3
139.4000      -6029.947    -6064.087       34.140   297.4
139.6000      -6029.970    -6065.323       35.353   308.0
139.8000      -6030.265    -6066.375       36.110   314.6
140.0000      -6029.950    -6066.459       36.509   318.1
140.2000      -6029.183    -6064.725       35.541   309.6
140.4000      -6030.779    -6065.981       35.203   306.7
140.6000      -6028.721    -6065.465       36.744   320.1
140.8000      -6029.223    -6064.595       35.372   308.2
141.0000      -6029.650    -6066.956       37.306   325.0
141.2000      -6030.768    -6065.272       34.504   300.6
141.4000      -6030.812    -6068.322       37.510   326.8
141.6000      -6033.215    -6066.053       32.837   286.1
141.8000      -6030.079    -6064.296       34.217   298.1
142.0000      -6029.018    -6064.621       35.603   310.2
142.2000      -6030.176    -6065.408       35.232   306.9
142.4000      -6029.231    -6065.312       36.081   314.3
142.6000      -6029.644    -6065.275       35.631   310.4
142.8000      -6029.666    -6063.923       34.257   298.5
143.0000      -6031.966    -6066.420       34.454   300.2
143.2000      -6034.043    -6067.507       33.464   291.5
143.4000      -6030.719    -6065.280       34.561   301.1
143.6000      -6032.554    -6065.373       32.819   285.9
143.8000      -6030.651    -6065.245       34.593   301.4
144.0000      -6030.632    -6066.144       35.512   309.4
144.2000      -6030.029    -6065.382       35.353   308.0
144.4000      -6031.145    -6066.612       35.467   309.0
144.6000      -6030.177    -6065.126       34.949   304.5
144.8000      -6029.114    -6065.645       36.530   318.3
145.0000      -6028.673    -6065.611       36.938   321.8
145.2000      -6029.367    -6065.906       36.538   318.3
145.4000      -6030.566    -6067.271       36.705   319.8
145.6000      -6032.394    -6067.021       34.626   301.7
145.8000      -6030.809    -6066.545       35.736   311.3
146.0000      -6028.208    -6064.756       36.549   318.4
146.2000      -6028.491    -6065.504       37.013   322.5
146.4000      -6027.531    -6064.919       37.389   325.7
146.6000      -6028.069    -6064.984       36.915   321.6
146.8000      -6028.954    -6064.774       35.820   312.1
147.0000      -6028.825    -6064.623       35.798   311.9
147.2000      -6028.152    -6065.697       37.546   327.1
147.4000      -6029.140    -6066.474       37.335   325.3
147.6000      -6030.794    -6065.893       35.098   305.8
147.8000      -6031.741    -6066.218       34.477   300.4
148.0000      -6031.939    -6067.692       35.753   311.5
148.2000      -6031.073    -6067.508       36.435   317.4
148.4000      -6030.440    -6065.194       34.754   302.8
148.6000      -6029.540    -6064.960       35.421   308.6
148.8000      -6030.686    -6066.576       35.889   312.7
149.0000      -6030.387    -6066.901       36.514   318.1
149.2000      -6030.684    -6066.814       36.130   314.8
149.4000      -6029.264    -6064.975       35.711   311.1
149.6000      -6030.697    -6066.905       36.208   315.4
149.8000      -6030.136    -6066.146       36.009   313.7
150.0000      -6030.388    -6066.132       35.744   311.4
150.2000      -6029.148    -6064.562       35.414   308.5
150.4000      -6030.810    -6065.531       34.721   302.5
150.6000      -6031.556    -6067.585       36.029   313.9
150.8000      -6034.269    -6068.873       34.604   301.5
151.0000      -6033.706    -6066.588       32.882   286.5
151.2000      -6032.533    -6067.391       34.858   303.7
151.4000      -6032.909    -6066.630       33.721   293.8
151.6000      -6032.709    -6067.042       34.333   299.1
151.8000      -6030.822    -6065.338       34.516   300.7
152.0000      -6030.635    -6066.494       35.859   312.4
152.2000      -6028.286    -6064.522       36.236   315.7
152.4000      -6030.581    -6065.912       35.331   307.8
152.6000      -6030.654    -6065.029       34.375   299.5
152.8000      -6029.412    -6065.219       35.807   312.0
153.0000      -6029.221    -6065.236       36.014   313.8
153.2000      -6028.894    -6063.414       34.520   300.7
153.4000      -6030.276    -6064.886       34.611   301.5
153.6000      -6028.910    -6065.797       36.887   321.4
153.8000      -6030.049    -6066.050       36.001   313.6
154.0000      -6028.527    -6065.604       37.076   323.0
154.2000      -6028.622    -6065.303       36.681   319.6
154.4000      -6029.725    -6065.194       35.469   309.0
154.6000      -6030.266    -6065.901       35.635   310.5
154.8000      -6029.274    -6064.485       35.212   306.8
155.0000      -6030.999    -6066.904       35.905   312.8
155.2000      -6028.984    -6064.877       35.893   312.7
155.4000      -6028.856    -6064.849       35.993   313.6
155.6000      -6030.163    -6065.230       35.067   305.5
155.8000      -6030.638    -6065.926       35.287   307.4
156.0000      -6028.587    -6065.646       37.060   322.9
156.2000      -6027.531    -6064.409       36.879   321.3
156.4000      -6028.370    -6066.359       37.989   331.0
156.6000      -6029.576    -6065.372       35.796   311.9
156.8000      -6030.217    -6064.984       34.767   302.9
157.0000      -6028.375    -6065.376       37.001   322.4
157.2000      -6030.398    -6066.141       35.743   311.4
157.4000      -6029.538    -6065.207       35.669   310.8
157.6000      -6029.916    -6065.946       36.030   313.9
157.8000      -6028.556    -6063.809       35.253   307.1
158.0000      -6027.289    -6065.091       37.802   329.3
158.2000      -6028.938    -6065.625       36.687   319.6
158.4000      -6029.524    -6066.424       36.900   321.5
158.6000      -6029.663    -6066.965       37.302   325.0
158.8000      -6031.697    -6066.655       34.958   304.6
159.0000      -6030.905    -6066.436       35.530   309.5
159.2000      -6032.198    -6068.558       36.360   316.8
159.4000      -6033.469    -6066.479       33.011   287.6
159.6000      -6033.544    -6067.422       33.879   295.2
159.8000      -6033.784    -6068.654       34.870   303.8
160.0000      -6033.071    -6068.210       35.140   306.1
160.2000      -6029.660    -6066.887       37.227   324.3
160.4000      -6030.433    -6066.281       35.848   312.3
160.6000      -6031.005    -6066.198       35.193   306.6
160.8000      -6028.947    -6064.646       35.699   311.0
161.0000      -6030.243    -6066.400       36.157   315.0
161.2000      -6029.347    -6064.987       35.640   310.5
161.4000      -6030.439    -6066.298       35.859   312.4
161.6000      -6030.598    -6066.234       35.635   310.5
161.8000      -6028.132    -6065.098       36.966   322.0
162.0000      -6028.513    -6064.757       36.243   315.8
162.2000      -6030.190    -6066.023       35.833   312.2
162.4000      -6032.060    -6066.509       34.449   300.1
162.6000      -6029.410    -6065.510       36.101   314.5
162.8000      -6030.381    -6065.932       35.551   309.7
163.0000      -6029.931    -6065.306       35.375   308.2
163.2000      -6029.192    -6065.094       35.902   312.8
163.4000      -6029.891    -6064.310       34.419   299.9
163.6000      -6029.759    -6065.313       35.554   309.8
163.8000      -6031.322    -6065.707       34.385   299.6
164.0000      -6031.804    -6067.319       35.515   309.4
164.2000      -6031.166    -6065.563       34.398   299.7
164.4000      -6032.101    -6066.017       33.916   295.5
164.6000      -6030.765    -6065.776       35.012   305.0
164.8000      -6031.282    -6066.137       34.854   303.7
165.0000      -6031.969    -6067.114       35.145   306.2
165.2000      -6030.885    -6065.994       35.109   305.9
165.4000      -6030.734    -6067.137       36.402   317.1
165.6000      -6031.656    -6066.073       34.417   299.8
165.8000      -6029.929    -6066.497       36.568   318.6
166.0000      -6029.025    -6065.164       36.138   314.8
166.2000      -6031.910    -6067.094       35.184   306.5
166.4000      -6032.550    -6066.734       34.184   297.8
166.6000      -6032.188    -6068.135       35.947   313.2
166.8000      -6033.229    -6067.672       34.443   300.1
167.0000      -6032.604    -6066.363       33.760   294.1
167.2000      -6031.942    -6066.441       34.499   300.6
167.4000      -6032.534    -6067.569       35.035   305.2
167.6000      -6031.746    -6067.200       35.454   308.9
167.8000      -6031.967    -6066.684       34.717   302.5
168.0000      -6031.183    -6066.145       34.962   304.6
168.2000      -6032.163    -6066.891       34.728   302.6
168.4000      -6032.593    -6066.963       34.370   299.4
168.6000      -6032.228    -6066.071       33.843   294.8
168.8000      -6031.401    -6067.421       36.020   313.8
169.0000      -6032.800    -6068.042       35.241   307.0
169.2000      -6031.494    -6066.925       35.431   308.7
169.4000      -6032.083    -6067.514       35.431   308.7
169.6000      -6032.624    -6066.438       33.814   294.6
169.8000      -6030.549    -6066.966       36.418   317.3
170.0000      -6031.726    -6065.916       34.190   297.9
170.2000      -6030.054    -6065.422       35.368   308.1
170.4000      -6027.233    -6064.001       36.768   320.3
170.6000      -6029.692    -6065.910       36.218   315.5
170.8000      -6030.359    -6065.238       34.879   303.9
171.0000      -6030.542    -6067.455       36.912   321.6
171.2000      -6031.158    -6066.169       35.011   305.0
171.4000      -6032.735    -6067.466       34.732   302.6
171.6000      -6032.688    -6066.791       34.103   297.1
171.8000      -6033.279    -6066.907       33.628   293.0
172.0000      -6030.627    -6066.137       35.510   309.4
172.2000      -6029.806    -6064.791       34.985   304.8
172.4000      -6031.010    -6066.833       35.823   312.1
172.6000      -6030.435    -6066.906       36.471   317.7
172.8000      -6031.556    -6066.957       35.401   308.4
173.0000      -6032.378    -6065.818       33.441   291.3
173.2000      -6033.020    -6067.737       34.717   302.5
173.4000      -6029.987    -6066.513       36.526   318.2
173.6000      -6030.465    -6065.226       34.761   302.8
173.8000      -6029.970    -6065.556       35.586   310.0
174.0000      -6030.922    -6066.507       35.585   310.0
174.2000      -6028.756    -6065.685       36.929   321.7
174.4000      -6030.460    -6065.635       35.176   306.5
174.6000      -6030.221    -6066.883       36.662   319.4
174.8000      -6027.684    -6064.457       36.773   320.4
175.0000      -6027.575    -6063.140       35.565   309.8
175.2000      -6030.536    -6066.299       35.763   311.6
175.4000      -6030.764    -6065.988       35.224   306.9
175.6000      -6031.276    -6067.469       36.193   315.3
175.8000      -6030.681    -6066.161       35.480   309.1
176.0000      -6030.620    -6065.595       34.976   304.7
176.2000      -6032.607    -6067.051       34.444   300.1
176.4000      -6030.648    -6065.360       34.712   302.4
176.6000      -6031.895    -6067.209       35.315   307.7
176.8000      -6029.805    -6064.867       35.062   305.5
177.0000      -6030.820    -6065.954       35.134   306.1
177.2000      -6029.998    -6064.174       34.176   297.7
177.4000      -6030.781    -6066.836       36.055   314.1
177.6000      -6031.229    -6065.510       34.281   298.7
177.8000      -6029.521    -6064.121       34.601   301.4
178.0000      -6031.527    -6066.557       35.030   305.2
178.2000      -6031.215    -6065.136       33.921   295.5
178.4000      -6031.079    -6066.111       35.032   305.2
178.6000      -6031.872    -6065.693       33.821   294.7
178.8000      -6031.716    -6066.486       34.770   302.9
179.0000      -6031.673    -6065.487       33.815   294.6
179.2000      -6029.675    -6064.760       35.085   305.7
179.4000      -6027.309    -6064.638       37.328   325.2
179.6000      -6029.619    -6066.104       36.486   317.9
179.8000      -6029.813    -6066.032       36.220   315.5
180.0000      -6030.371    -6065.435       35.064   305.5
180.2000      -6028.807    -6065.255       36.448   317.5
180.4000      -6028.200    -6064.319       36.120   314.7
180.6000      -6027.643    -6065.114       37.471   326.5
180.8000      -6028.231    -6065.259       37.028   322.6
181.0000      -6028.071    -6065.193       37.122   323.4
181.2000      -6029.315    -6064.688       35.372   308.2
181.4000      -6028.560    -6064.626       36.066   314.2
181.6000      -6027.793    -6065.096       37.303   325.0
181.8000      -6029.053    -6066.569       37.517   326.8
182.0000      -6028.394    -6064.543       36.149   314.9
182.2000      -6030.272    -6065.393       35.120   306.0
182.4000      -6031.042    -6065.631       34.589   301.3
182.6000      -6032.038    -6066.997       34.959   304.6
182.8000      -6031.688    -6067.102       35.415   308.5
183.0000      -6030.043    -6065.171       35.128   306.0
183.2000      -6029.540    -6065.892       36.352   316.7
183.4000      -6030.669    -6066.258       35.589   310.1
183.6000      -6030.214    -6066.209       35.995   313.6
183.8000      -6030.338    -6066.234       35.896   312.7
184.0000      -6029.413    -6064.877       35.464   309.0
184.2000      -6029.931    -6064.997       35.066   305.5
184.4000      -6031.162    -6066.865       35.704   311.1
184.6000      -6032.074    -6066.989       34.915   304.2
184.8000      -6030.265    -6066.218       35.954   313.2
185.0000      -6032.442    -6067.958       35.517   309.4
185.2000      -6029.089    -6064.194       35.105   305.8
185.4000      -6030.245    -6066.623       36.378   316.9
185.6000      -6028.746    -6066.739       37.994   331.0
185.8000      -6031.357    -6066.321       34.964   304.6
186.0000      -6030.008    -6065.810       35.801   311.9
186.2000      -6029.790    -6065.314       35.525   309.5
186.4000      -6030.807    -6065.663       34.856   303.7
186.6000      -6030.583    -6065.156       34.573   301.2
186.8000      -6032.114    -6067.324       35.210   306.8
187.0000      -6029.221    -6065.343       36.122   314.7
187.2000      -6028.467    -6065.399       36.932   321.8
187.4000      -6028.607    -6065.167       36.561   318.5
187.6000      -6029.789    -6065.473       35.684   310.9
187.8000      -6031.011    -6066.497       35.485   309.2
188.0000      -6029.029    -6062.854       33.826   294.7
188.2000      -6028.193    -6065.990       37.796   329.3
188.4000      -6027.536    -6064.434       36.898   321.5
188.6000      -6029.962    -6066.280       36.317   316.4
188.8000      -6031.512    -6066.997       35.485   309.1
189.0000      -6029.984    -6066.565       36.581   318.7
189.2000      -6027.687    -6063.221       35.534   309.6
189.4000      -6029.866    -6064.717       34.850   303.6
189.6000      -6028.831    -6065.271       36.440   317.5
189.8000      -6030.462    -6066.484       36.022   313.8
190.0000      -6031.029    -6066.750       35.721   311.2
190.2000      -6030.109    -6064.928       34.819   303.3
190.4000      -6031.074    -6066.025       34.952   304.5
190.6000      -6032.812    -6066.947       34.135   297.4
190.8000      -6032.371    -6067.276       34.905   304.1
191.0000      -6031.248    -6066.519       35.271   307.3
191.2000      -6030.485    -6066.772       36.288   316.1
191.4000      -6031.140    -6067.268       36.128   314.8
191.6000      -6032.066    -6066.818       34.752   302.8
191.8000      -6030.589    -6066.391       35.802   311.9
192.0000      -6030.008    -6066.116       36.108   314.6
192.2000      -6030.440    -6065.844       35.405   308.4
192.4000      -6031.958    -6067.310       35.352   308.0
192.6000      -6030.972    -6066.759       35.787   311.8
192.8000      -6029.885    -6067.007       37.122   323.4
193.0000      -6030.703    -6065.296       34.594   301.4
193.2000      -6028.811    -6064.805       35.994   313.6
193.4000      -6027.697    -6064.128       36.431   317.4
193.6000      -6027.771    -6064.239       36.468   317.7
193.8000      -6027.408    -6065.666       38.258   333.3
194.0000      -6028.130    -6064.796       36.666   319.4
194.2000      -6027.716    -6063.567       35.850   312.3
194.4000      -6028.469    -6065.742       37.273   324.7
194.6000      -6027.950    -6064.146       36.196   315.3
194.8000      -6029.668    -6065.838       36.170   315.1
195.0000      -6028.808    -6065.156       36.348   316.7
195.2000      -6029.393    -6065.553       36.160   315.0
195.4000      -6028.930    -6065.145       36.215   315.5
195.6000      -6028.517    -6064.086       35.569   309.9
195.8000      -6028.731    -6065.479       36.748   320.2
196.0000      -6030.474    -6065.485       35.011   305.0
196.2000      -6031.633    -6066.436       34.803   303.2
196.4000      -6029.381    -6065.095       35.714   311.1
196.6000      -6029.300    -6065.505       36.205   315.4
196.8000      -6028.260    -6062.869       34.609   301.5
197.0000      -6026.673    -6064.192       37.520   326.9
197.2000      -6029.028    -6065.266       36.238   315.7
197.4000      -6029.281    -6065.041       35.760   311.5
197.6000      -6030.388    -6065.573       35.185   306.5
197.8000      -6029.621    -6065.107       35.487   309.2
198.0000      -6030.140    -6065.603       35.463   309.0
198.2000      -6031.678    -6065.726       34.048   296.6
198.4000      -6031.342    -6066.110       34.768   302.9
198.6000      -6030.639    -6064.247       33.608   292.8
198.8000      -6030.673    -6066.997       36.323   316.5
199.0000      -6030.432    -6065.188       34.755   302.8
199.2000      -6029.385    -6064.274       34.890   304.0
199.4000      -6031.005    -6066.015       35.010   305.0
199.6000      -6032.150    -6067.761       35.611   310.2
199.8000      -6032.354    -6066.807       34.453   300.2
200.0000      -6031.040    -6066.225       35.185   306.5
