Time[ps]      Etot[eV]     Epot[eV]     Ekin[eV]    T[K]
0.0000        -5980.459    -6037.913       57.454   500.5
0.2000        -5984.415    -6043.981       59.566   518.9
0.4000        -5982.764    -6040.648       57.884   504.3
0.6000        -5981.163    -6041.029       59.866   521.6
0.8000        -5983.892    -6041.000       57.108   497.5
1.0000        -5982.877    -6040.012       57.135   497.8
1.2000        -5981.770    -6040.430       58.659   511.0
1.4000        -5981.694    -6042.395       60.701   528.8
1.6000        -5980.949    -6038.998       58.049   505.7
1.8000        -5982.167    -6042.069       59.903   521.9
2.0000        -5980.824    -6041.542       60.717   529.0
2.2000        -5978.019    -6039.764       61.745   537.9
2.4000        -5977.602    -6037.267       59.665   519.8
2.6000        -5978.838    -6039.394       60.556   527.6
2.8000        -5983.501    -6041.931       58.429   509.0
3.0000        -5979.953    -6040.910       60.956   531.1
3.2000        -5981.693    -6041.142       59.449   517.9
3.4000        -5984.201    -6041.395       57.194   498.3
3.6000        -5982.516    -6039.329       56.813   495.0
3.8000        -5983.835    -6042.493       58.658   511.0
4.0000        -5982.334    -6040.923       58.589   510.4
4.2000        -5982.051    -6041.625       59.575   519.0
4.4000        -5982.752    -6042.766       60.014   522.9
4.6000        -5981.405    -6041.489       60.084   523.5
4.8000        -5982.092    -6041.760       59.668   519.8
5.0000        -5983.158    -6041.205       58.047   505.7
5.2000        -5982.341    -6041.875       59.533   518.7
5.4000        -5983.789    -6041.777       57.988   505.2
5.6000        -5984.854    -6041.867       57.013   496.7
5.8000        -5982.989    -6041.578       58.589   510.4
6.0000        -5985.200    -6043.518       58.318   508.1
6.2000        -5983.337    -6040.450       57.113   497.6
6.4000        -5982.540    -6041.052       58.512   509.8
6.6000        -5983.037    -6042.392       59.355   517.1
6.8000        -5983.868    -6043.030       59.162   515.4
7.0000        -5984.208    -6044.471       60.263   525.0
7.2000        -5983.026    -6041.697       58.671   511.1
7.4000        -5987.944    -6043.927       55.983   487.7
7.6000        -5986.393    -6042.366       55.973   487.6
7.8000        -5990.037    -6044.935       54.898   478.3
8.0000        -5988.753    -6043.414       54.661   476.2
8.2000        -5983.653    -6041.484       57.831   503.8
8.4000        -5984.040    -6042.109       58.068   505.9
8.6000        -5982.739    -6042.109       59.370   517.2
8.8000        -5983.463    -6042.247       58.783   512.1
9.0000        -5981.011    -6042.354       61.343   534.4
9.2000        -5982.622    -6041.379       58.757   511.9
9.4000        -5986.274    -6041.780       55.505   483.6
9.6000        -5985.454    -6042.022       56.568   492.8
9.8000        -5984.531    -6043.249       58.717   511.6
10.0000       -5981.089    -6041.352       60.262   525.0
10.2000       -5982.306    -6040.471       58.165   506.7
10.4000       -5982.103    -6040.513       58.410   508.9
10.6000       -5982.745    -6041.518       58.773   512.0
10.8000       -5981.220    -6040.740       59.521   518.5
11.0000       -5984.710    -6043.357       58.647   510.9
11.2000       -5981.620    -6039.895       58.275   507.7
11.4000       -5978.219    -6038.417       60.198   524.5
11.6000       -5978.249    -6039.845       61.596   536.6
11.8000       -5980.380    -6039.235       58.855   512.8
12.0000       -5980.484    -6041.548       61.064   532.0
12.2000       -5980.478    -6040.065       59.587   519.1
12.4000       -5981.508    -6038.178       56.670   493.7
12.6000       -5981.553    -6042.324       60.771   529.4
12.8000       -5975.544    -6038.069       62.525   544.7
13.0000       -5977.267    -6040.963       63.696   554.9
13.2000       -5978.603    -6037.628       59.025   514.2
13.4000       -5979.672    -6039.298       59.626   519.5
13.6000       -5979.027    -6038.718       59.691   520.0
13.8000       -5978.291    -6040.464       62.173   541.7
14.0000       -5978.188    -6041.294       63.106   549.8
14.2000       -5979.305    -6038.626       59.322   516.8
14.4000       -5983.075    -6042.245       59.169   515.5
14.6000       -5983.222    -6042.399       59.177   515.6
14.8000       -5984.385    -6042.455       58.070   505.9
15.0000       -5988.265    -6042.379       54.114   471.4
15.2000       -5986.948    -6043.722       56.774   494.6
15.4000       -5985.987    -6042.286       56.299   490.5
15.6000       -5982.157    -6041.682       59.525   518.6
15.8000       -5980.852    -6039.238       58.386   508.7
16.0000       -5984.801    -6041.841       57.040   496.9
16.2000       -5981.860    -6042.681       60.821   529.9
16.4000       -5985.976    -6043.615       57.640   502.2
16.6000       -5985.763    -6043.657       57.894   504.4
16.8000       -5982.697    -6040.480       57.784   503.4
17.0000       -5982.844    -6040.029       57.185   498.2
17.2000       -5982.222    -6042.376       60.154   524.1
17.4000       -5986.467    -6043.749       57.282   499.0
17.6000       -5982.181    -6041.215       59.034   514.3
17.8000       -5982.612    -6040.761       58.148   506.6
18.0000       -5984.877    -6040.369       55.491   483.4
18.2000       -5985.086    -6042.777       57.692   502.6
18.4000       -5982.611    -6043.076       60.465   526.8
18.6000       -5983.117    -6040.829       57.712   502.8
18.8000       -5979.603    -6039.611       60.008   522.8
19.0000       -5980.833    -6040.219       59.387   517.4
19.2000       -5982.418    -6041.338       58.920   513.3
19.4000       -5986.031    -6045.094       59.063   514.6
19.6000       -5986.464    -6041.808       55.345   482.2
19.8000       -5985.752    -6042.369       56.617   493.3
20.0000       -5984.105    -6041.438       57.332   499.5
20.2000       -5983.065    -6040.808       57.743   503.1
20.4000       -5982.099    -6040.117       58.018   505.5
20.6000       -5980.948    -6039.506       58.558   510.2
20.8000       -5981.879    -6040.161       58.281   507.8
21.0000       -5978.322    -6037.176       58.854   512.7
21.2000       -5977.997    -6037.574       59.577   519.0
21.4000       -5979.001    -6039.868       60.867   530.3
21.6000       -5981.434    -6040.922       59.488   518.3
21.8000       -5984.804    -6042.752       57.949   504.9
22.0000       -5985.452    -6041.956       56.504   492.3
22.2000       -5981.623    -6040.729       59.106   514.9
22.4000       -5978.043    -6039.023       60.980   531.3
22.6000       -5980.682    -6041.861       61.180   533.0
22.8000       -5980.461    -6039.220       58.760   511.9
23.0000       -5983.156    -6042.148       58.992   513.9
23.2000       -5982.168    -6040.474       58.306   508.0
23.4000       -5984.070    -6040.582       56.512   492.3
23.6000       -5983.207    -6041.848       58.641   510.9
23.8000       -5983.433    -6043.374       59.941   522.2
24.0000       -5981.140    -6040.807       59.667   519.8
24.2000       -5983.068    -6038.798       55.730   485.5
24.4000       -5981.096    -6041.529       60.433   526.5
24.6000       -5982.330    -6041.267       58.936   513.5
24.8000       -5983.874    -6042.189       58.315   508.0
25.0000       -5983.389    -6041.463       58.074   506.0
25.2000       -5978.029    -6037.591       59.563   518.9
25.4000       -5979.892    -6039.791       59.898   521.8
25.6000       -5978.715    -6039.787       61.071   532.1
25.8000       -5976.889    -6037.006       60.117   523.7
26.0000       -5979.274    -6040.269       60.995   531.4
26.2000       -5984.395    -6042.874       58.479   509.5
26.4000       -5981.081    -6040.086       59.006   514.1
26.6000       -5978.314    -6038.208       59.894   521.8
26.8000       -5981.233    -6042.685       61.452   535.4
27.0000       -5982.375    -6042.210       59.835   521.3
27.2000       -5979.784    -6039.342       59.558   518.9
27.4000       -5981.245    -6040.333       59.089   514.8
27.6000       -5980.433    -6040.032       59.598   519.2
27.8000       -5979.200    -6042.031       62.830   547.4
28.0000       -5976.381    -6038.827       62.446   544.0
28.2000       -5982.567    -6039.703       57.136   497.8
28.4000       -5979.512    -6039.486       59.973   522.5
28.6000       -5981.082    -6041.375       60.293   525.3
28.8000       -5978.011    -6039.705       61.694   537.5
29.0000       -5983.889    -6042.090       58.202   507.1
29.2000       -5980.862    -6040.174       59.313   516.7
29.4000       -5979.126    -6039.799       60.673   528.6
29.6000       -5980.017    -6040.059       60.041   523.1
29.8000       -5980.247    -6037.084       56.837   495.2
30.0000       -5980.132    -6039.529       59.397   517.5
30.2000       -5979.101    -6039.545       60.444   526.6
30.4000       -5980.628    -6038.879       58.251   507.5
30.6000       -5980.912    -6041.518       60.606   528.0
30.8000       -5982.667    -6039.501       56.834   495.1
31.0000       -5983.236    -6042.065       58.829   512.5
31.2000       -5985.979    -6042.339       56.360   491.0
31.4000       -5987.103    -6044.653       57.550   501.4
31.6000       -5986.132    -6043.048       56.916   495.9
31.8000       -5983.943    -6041.435       57.492   500.9
32.0000       -5982.422    -6040.545       58.123   506.4
32.2000       -5985.006    -6045.627       60.621   528.1
32.4000       -5984.031    -6041.116       57.085   497.3
32.6000       -5982.546    -6042.339       59.793   520.9
32.8000       -5982.164    -6039.847       57.682   502.5
33.0000       -5982.575    -6043.342       60.766   529.4
33.2000       -5982.363    -6039.699       57.336   499.5
33.4000       -5982.197    -6041.400       59.203   515.8
33.6000       -5982.775    -6041.783       59.008   514.1
33.8000       -5982.644    -6040.727       58.083   506.0
34.0000       -5981.893    -6041.379       59.486   518.3
34.2000       -5979.228    -6042.958       63.731   555.2
34.4000       -5980.993    -6038.527       57.534   501.2
34.6000       -5980.326    -6040.282       59.956   522.3
34.8000       -5978.975    -6038.888       59.913   522.0
35.0000       -5980.804    -6040.154       59.350   517.1
35.2000       -5982.173    -6041.834       59.661   519.8
35.4000       -5979.428    -6038.251       58.823   512.5
35.6000       -5981.012    -6038.310       57.298   499.2
35.8000       -5980.864    -6040.098       59.233   516.0
36.0000       -5980.090    -6039.666       59.576   519.0
36.2000       -5979.631    -6037.481       57.850   504.0
36.4000       -5980.963    -6039.592       58.629   510.8
36.6000       -5981.600    -6042.343       60.743   529.2
36.8000       -5980.805    -6040.327       59.522   518.6
37.0000       -5979.711    -6041.451       61.740   537.9
37.2000       -5977.709    -6038.650       60.941   530.9
37.4000       -5984.227    -6042.315       58.088   506.1
37.6000       -5985.782    -6042.836       57.054   497.1
37.8000       -5983.848    -6042.343       58.495   509.6
38.0000       -5985.506    -6043.842       58.337   508.2
38.2000       -5981.393    -6040.440       59.048   514.4
38.4000       -5980.741    -6043.023       62.282   542.6
38.6000       -5981.852    -6041.512       59.660   519.8
38.8000       -5981.895    -6041.152       59.256   516.2
39.0000       -5980.188    -6039.608       59.420   517.7
39.2000       -5985.954    -6042.761       56.807   494.9
39.4000       -5984.347    -6043.136       58.789   512.2
39.6000       -5986.087    -6043.537       57.449   500.5
39.8000       -5985.681    -6044.172       58.491   509.6
40.0000       -5985.496    -6041.848       56.352   490.9
40.2000       -5981.505    -6040.176       58.671   511.1
40.4000       -5981.831    -6043.160       61.329   534.3
40.6000       -5982.979    -6041.281       58.303   507.9
40.8000       -5983.122    -6039.542       56.420   491.5
41.0000       -5981.383    -6041.409       60.026   523.0
41.2000       -5981.819    -6041.256       59.437   517.8
41.4000       -5985.535    -6042.336       56.802   494.9
41.6000       -5986.739    -6043.126       56.387   491.2
41.8000       -5985.654    -6044.347       58.693   511.3
42.0000       -5982.228    -6040.342       58.114   506.3
42.2000       -5981.001    -6041.752       60.752   529.3
42.4000       -5981.473    -6039.535       58.062   505.8
42.6000       -5983.107    -6041.114       58.007   505.4
42.8000       -5982.534    -6040.935       58.401   508.8
43.0000       -5981.732    -6040.750       59.018   514.2
43.2000       -5981.838    -6039.279       57.442   500.4
43.4000       -5983.706    -6041.683       57.976   505.1
43.6000       -5986.755    -6042.016       55.261   481.4
43.8000       -5986.959    -6044.126       57.167   498.0
44.0000       -5986.457    -6044.242       57.785   503.4
44.2000       -5987.903    -6041.895       53.992   470.4
44.4000       -5985.082    -6041.255       56.173   489.4
44.6000       -5984.143    -6041.730       57.587   501.7
44.8000       -5980.655    -6040.476       59.821   521.2
45.0000       -5980.540    -6041.635       61.095   532.3
45.2000       -5981.378    -6040.224       58.846   512.7
45.4000       -5982.526    -6042.856       60.330   525.6
45.6000       -5985.436    -6044.392       58.956   513.6
45.8000       -5986.650    -6041.907       55.257   481.4
46.0000       -5985.383    -6044.129       58.746   511.8
46.2000       -5980.937    -6039.502       58.565   510.2
46.4000       -5982.469    -6040.875       58.406   508.8
46.6000       -5985.117    -6042.826       57.709   502.8
46.8000       -5982.172    -6041.783       59.610   519.3
47.0000       -5982.308    -6041.320       59.012   514.1
47.2000       -5978.760    -6039.033       60.273   525.1
47.4000       -5979.604    -6037.152       57.548   501.4
47.6000       -5982.135    -6041.780       59.645   519.6
47.8000       -5983.404    -6042.459       59.055   514.5
48.0000       -5983.466    -6042.495       59.029   514.3
48.2000       -5982.491    -6041.376       58.885   513.0
48.4000       -5981.659    -6041.629       59.970   522.5
48.6000       -5980.839    -6040.198       59.359   517.1
48.8000       -5981.077    -6041.242       60.165   524.2
49.0000       -5980.664    -6039.872       59.208   515.8
49.2000       -5981.432    -6040.014       58.582   510.4
49.4000       -5980.845    -6040.087       59.242   516.1
49.6000       -5980.556    -6042.208       61.652   537.1
49.8000       -5979.833    -6042.478       62.644   545.8
50.0000       -5982.138    -6041.214       59.076   514.7
50.2000       -5983.499    -6041.750       58.251   507.5
50.4000       -5983.718    -6040.652       56.934   496.0
50.6000       -5982.423    -6042.786       60.364   525.9
50.8000       -5983.973    -6040.463       56.490   492.1
51.0000       -5986.207    -6041.130       54.923   478.5
51.2000       -5984.557    -6040.270       55.713   485.4
51.4000       -5981.902    -6041.398       59.497   518.3
51.6000       -5984.321    -6042.045       57.724   502.9
51.8000       -5985.077    -6043.440       58.363   508.5
52.0000       -5986.266    -6042.133       55.866   486.7
52.2000       -5984.236    -6043.158       58.923   513.3
52.4000       -5984.340    -6042.711       58.371   508.5
52.6000       -5981.328    -6040.527       59.199   515.8
52.8000       -5981.293    -6040.155       58.862   512.8
53.0000       -5983.157    -6040.840       57.683   502.5
53.2000       -5984.786    -6042.573       57.787   503.4
53.4000       -5986.213    -6043.898       57.686   502.6
53.6000       -5983.632    -6043.056       59.424   517.7
53.8000       -5981.161    -6040.415       59.253   516.2
54.0000       -5980.639    -6041.314       60.676   528.6
54.2000       -5980.951    -6041.322       60.372   526.0
54.4000       -5981.875    -6041.218       59.343   517.0
54.6000       -5980.580    -6040.708       60.128   523.8
54.8000       -5977.046    -6039.234       62.188   541.8
55.0000       -5977.463    -6040.014       62.551   545.0
55.2000       -5982.930    -6041.955       59.024   514.2
55.4000       -5984.802    -6039.853       55.051   479.6
55.6000       -5981.917    -6039.028       57.111   497.6
55.8000       -5980.610    -6039.016       58.405   508.8
56.0000       -5979.898    -6039.155       59.256   516.2
56.2000       -5980.836    -6040.562       59.726   520.3
56.4000       -5980.495    -6042.332       61.837   538.7
56.6000       -5979.420    -6039.443       60.023   522.9
56.8000       -5977.947    -6038.404       60.457   526.7
57.0000       -5978.321    -6038.378       60.057   523.2
57.2000       -5979.998    -6038.865       58.867   512.9
57.4000       -5977.776    -6038.186       60.410   526.3
57.6000       -5980.281    -6041.564       61.283   533.9
57.8000       -5982.359    -6041.814       59.455   518.0
58.0000       -5983.373    -6042.491       59.118   515.0
58.2000       -5979.701    -6039.884       60.183   524.3
58.4000       -5983.504    -6041.774       58.271   507.7
58.6000       -5983.769    -6039.301       55.532   483.8
58.8000       -5981.499    -6041.992       60.493   527.0
59.0000       -5981.820    -6041.294       59.474   518.1
59.2000       -5984.083    -6042.973       58.890   513.1
59.4000       -5985.005    -6040.817       55.812   486.2
59.6000       -5984.581    -6042.511       57.931   504.7
59.8000       -5985.977    -6041.372       55.395   482.6
60.0000       -5982.778    -6043.313       60.535   527.4
60.2000       -5981.578    -6040.312       58.734   511.7
60.4000       -5983.663    -6040.597       56.933   496.0
60.6000       -5984.172    -6041.484       57.312   499.3
60.8000       -5983.326    -6042.325       58.999   514.0
61.0000       -5979.058    -6039.364       60.306   525.4
61.2000       -5981.799    -6041.572       59.773   520.7
61.4000       -5980.828    -6042.422       61.595   536.6
61.6000       -5979.663    -6038.588       58.924   513.4
61.8000       -5981.098    -6039.885       58.787   512.2
62.0000       -5977.460    -6037.911       60.451   526.7
62.2000       -5977.539    -6037.886       60.347   525.7
62.4000       -5977.601    -6037.188       59.586   519.1
62.6000       -5977.148    -6038.972       61.823   538.6
62.8000       -5978.881    -6036.690       57.809   503.6
63.0000       -5977.680    -6036.581       58.901   513.2
63.2000       -5977.938    -6039.474       61.536   536.1
63.4000       -5978.804    -6040.437       61.633   537.0
63.6000       -5980.197    -6039.566       59.369   517.2
63.8000       -5979.350    -6038.707       59.357   517.1
64.0000       -5978.118    -6037.244       59.126   515.1
64.2000       -5977.095    -6039.971       62.876   547.8
64.4000       -5980.488    -6039.707       59.219   515.9
64.6000       -5982.079    -6041.909       59.830   521.2
64.8000       -5982.597    -6040.961       58.364   508.5
65.0000       -5980.953    -6041.929       60.977   531.2
65.2000       -5980.112    -6039.794       59.682   520.0
65.4000       -5979.847    -6041.243       61.396   534.9
65.6000       -5975.710    -6037.685       61.975   539.9
65.8000       -5977.410    -6038.300       60.890   530.5
66.0000       -5978.093    -6039.340       61.247   533.6
66.2000       -5979.883    -6040.754       60.871   530.3
66.4000       -5984.220    -6042.090       57.870   504.2
66.6000       -5982.877    -6041.847       58.970   513.8
66.8000       -5982.207    -6040.363       58.156   506.7
67.0000       -5979.985    -6040.581       60.596   527.9
67.2000       -5977.724    -6038.320       60.595   527.9
67.4000       -5979.099    -6039.234       60.135   523.9
67.6000       -5982.813    -6041.844       59.031   514.3
67.8000       -5982.037    -6043.499       61.462   535.5
68.0000       -5980.622    -6039.750       59.128   515.1
68.2000       -5978.605    -6038.073       59.468   518.1
68.4000       -5979.606    -6039.325       59.719   520.3
68.6000       -5980.466    -6039.449       58.984   513.9
68.8000       -5980.762    -6040.523       59.761   520.6
69.0000       -5980.028    -6040.835       60.807   529.8
69.2000       -5980.267    -6039.417       59.150   515.3
69.4000       -5984.497    -6042.435       57.937   504.8
69.6000       -5985.344    -6045.573       60.228   524.7
69.8000       -5984.974    -6040.449       55.475   483.3
70.0000       -5983.607    -6041.528       57.921   504.6
70.2000       -5985.627    -6044.639       59.012   514.1
70.4000       -5982.694    -6042.994       60.300   525.3
70.6000       -5983.474    -6043.023       59.549   518.8
70.8000       -5984.442    -6041.732       57.290   499.1
71.0000       -5985.809    -6043.963       58.154   506.6
71.2000       -5986.624    -6043.546       56.922   495.9
71.4000       -5984.217    -6042.246       58.028   505.6
71.6000       -5981.491    -6040.041       58.550   510.1
71.8000       -5981.363    -6041.012       59.649   519.7
72.0000       -5982.666    -6042.308       59.642   519.6
72.2000       -5981.650    -6040.948       59.297   516.6
72.4000       -5981.848    -6039.709       57.861   504.1
72.6000       -5977.980    -6037.672       59.692   520.0
72.8000       -5978.473    -6038.987       60.514   527.2
73.0000       -5982.400    -6040.564       58.164   506.7
73.2000       -5980.862    -6040.768       59.906   521.9
73.4000       -5979.680    -6039.448       59.768   520.7
73.6000       -5983.075    -6042.420       59.346   517.0
73.8000       -5983.728    -6040.938       57.210   498.4
74.0000       -5982.747    -6042.641       59.894   521.8
74.2000       -5986.512    -6042.222       55.710   485.3
74.4000       -5989.052    -6045.299       56.247   490.0
74.6000       -5985.263    -6043.600       58.337   508.2
74.8000       -5983.220    -6040.558       57.338   499.5
75.0000       -5982.796    -6041.241       58.445   509.2
75.2000       -5980.993    -6041.841       60.848   530.1
75.4000       -5980.979    -6042.335       61.356   534.5
75.6000       -5984.978    -6041.031       56.053   488.3
75.8000       -5985.223    -6043.724       58.501   509.7
76.0000       -5982.848    -6041.161       58.313   508.0
76.2000       -5982.820    -6042.500       59.680   519.9
76.4000       -5983.950    -6042.384       58.433   509.1
76.6000       -5981.609    -6040.088       58.479   509.5
76.8000       -5982.738    -6041.435       58.697   511.4
77.0000       -5981.283    -6042.045       60.762   529.4
77.2000       -5979.969    -6038.945       58.976   513.8
77.4000       -5982.713    -6042.324       59.611   519.3
77.6000       -5979.471    -6040.176       60.705   528.9
77.8000       -5982.475    -6040.643       58.168   506.8
78.0000       -5978.990    -6038.680       59.689   520.0
78.2000       -5981.091    -6041.796       60.706   528.9
78.4000       -5980.197    -6040.189       59.992   522.7
78.6000       -5980.096    -6039.717       59.621   519.4
78.8000       -5978.560    -6040.333       61.773   538.2
79.0000       -5980.176    -6039.904       59.728   520.4
79.2000       -5979.437    -6039.387       59.950   522.3
79.4000       -5979.850    -6040.076       60.226   524.7
79.6000       -5978.055    -6040.638       62.583   545.2
79.8000       -5982.198    -6041.321       59.123   515.1
80.0000       -5983.043    -6042.887       59.844   521.4
80.2000       -5981.839    -6042.563       60.724   529.0
80.4000       -5981.613    -6039.570       57.957   504.9
80.6000       -5979.353    -6038.347       58.994   514.0
80.8000       -5980.226    -6039.487       59.261   516.3
81.0000       -5980.131    -6040.538       60.407   526.3
81.2000       -5982.354    -6040.900       58.546   510.1
81.4000       -5980.754    -6040.331       59.577   519.0
81.6000       -5980.708    -6040.521       59.813   521.1
81.8000       -5982.960    -6041.589       58.630   510.8
82.0000       -5981.284    -6039.972       58.687   511.3
82.2000       -5980.986    -6041.424       60.438   526.5
82.4000       -5981.025    -6041.800       60.775   529.5
82.6000       -5978.218    -6036.013       57.795   503.5
82.8000       -5978.747    -6039.883       61.136   532.6
83.0000       -5975.672    -6039.017       63.345   551.9
83.2000       -5981.321    -6041.835       60.515   527.2
83.4000       -5984.219    -6042.493       58.274   507.7
83.6000       -5983.640    -6041.983       58.343   508.3
83.8000       -5978.056    -6037.702       59.646   519.6
84.0000       -5978.992    -6039.688       60.696   528.8
84.2000       -5979.541    -6039.583       60.042   523.1
84.4000       -5978.607    -6039.810       61.203   533.2
84.6000       -5982.239    -6039.228       56.989   496.5
84.8000       -5981.788    -6039.841       58.054   505.8
85.0000       -5979.119    -6038.199       59.080   514.7
85.2000       -5983.152    -6041.741       58.589   510.4
85.4000       -5980.521    -6041.397       60.876   530.4
85.6000       -5979.443    -6039.643       60.200   524.5
85.8000       -5980.948    -6041.433       60.484   526.9
86.0000       -5982.127    -6040.438       58.311   508.0
86.2000       -5981.610    -6041.918       60.309   525.4
86.4000       -5980.845    -6039.979       59.134   515.2
86.6000       -5983.178    -6041.498       58.320   508.1
86.8000       -5983.179    -6040.995       57.816   503.7
87.0000       -5981.260    -6041.074       59.814   521.1
87.2000       -5983.441    -6040.393       56.952   496.2
87.4000       -5986.466    -6042.963       56.497   492.2
87.6000       -5986.301    -6043.733       57.432   500.4
87.8000       -5985.559    -6043.095       57.536   501.3
88.0000       -5984.177    -6045.106       60.930   530.8
88.2000       -5979.242    -6042.360       63.118   549.9
88.4000       -5981.046    -6040.343       59.296   516.6
88.6000       -5980.624    -6038.433       57.809   503.6
88.8000       -5984.144    -6042.105       57.962   505.0
89.0000       -5982.195    -6040.703       58.508   509.7
89.2000       -5979.665    -6039.432       59.767   520.7
89.4000       -5979.625    -6040.109       60.484   526.9
89.6000       -5978.995    -6038.441       59.446   517.9
89.8000       -5978.725    -6038.356       59.631   519.5
90.0000       -5979.028    -6038.645       59.616   519.4
90.2000       -5979.186    -6038.988       59.802   521.0
90.4000       -5981.373    -6039.132       57.759   503.2
90.6000       -5979.792    -6039.574       59.783   520.8
90.8000       -5980.921    -6039.471       58.550   510.1
91.0000       -5981.483    -6042.920       61.437   535.2
91.2000       -5980.950    -6039.184       58.234   507.3
91.4000       -5982.123    -6040.121       57.998   505.3
91.6000       -5980.048    -6037.855       57.808   503.6
91.8000       -5979.607    -6040.106       60.499   527.1
92.0000       -5979.094    -6040.167       61.073   532.1
92.2000       -5982.427    -6041.009       58.583   510.4
92.4000       -5978.191    -6036.953       58.762   511.9
92.6000       -5979.131    -6039.939       60.808   529.8
92.8000       -5980.613    -6041.484       60.871   530.3
93.0000       -5981.989    -6041.202       59.212   515.9
93.2000       -5983.556    -6042.511       58.955   513.6
93.4000       -5982.113    -6040.519       58.406   508.8
93.6000       -5982.458    -6040.233       57.775   503.3
93.8000       -5981.556    -6041.822       60.266   525.0
94.0000       -5984.192    -6041.938       57.746   503.1
94.2000       -5984.881    -6041.622       56.740   494.3
94.4000       -5982.604    -6041.009       58.405   508.8
94.6000       -5983.324    -6041.847       58.523   509.9
94.8000       -5982.624    -6042.282       59.657   519.7
95.0000       -5980.797    -6042.398       61.601   536.7
95.2000       -5981.627    -6039.704       58.077   506.0
95.4000       -5981.044    -6041.917       60.872   530.3
95.6000       -5980.739    -6038.730       57.991   505.2
95.8000       -5977.878    -6039.089       61.211   533.3
96.0000       -5974.103    -6035.843       61.740   537.9
96.2000       -5972.385    -6035.877       63.493   553.2
96.4000       -5976.553    -6038.524       61.971   539.9
96.6000       -5977.969    -6037.785       59.816   521.1
96.8000       -5979.939    -6040.865       60.926   530.8
97.0000       -5980.580    -6040.493       59.913   522.0
97.2000       -5979.815    -6040.384       60.569   527.7
97.4000       -5979.676    -6038.035       58.358   508.4
97.6000       -5982.247    -6039.934       57.687   502.6
97.8000       -5982.945    -6042.777       59.833   521.3
98.0000       -5981.821    -6038.983       57.162   498.0
98.2000       -5982.196    -6039.984       57.789   503.5
98.4000       -5981.417    -6041.936       60.518   527.2
98.6000       -5981.668    -6042.265       60.597   527.9
98.8000       -5981.490    -6040.795       59.305   516.7
99.0000       -5982.375    -6043.044       60.670   528.6
99.2000       -5979.074    -6040.352       61.278   533.9
99.4000       -5980.878    -6042.313       61.435   535.2
99.6000       -5981.171    -6041.835       60.664   528.5
99.8000       -5976.856    -6037.721       60.865   530.3
100.0000      -5979.026    -6039.022       59.996   522.7
100.2000      -5980.829    -6039.373       58.544   510.0
100.4000      -5983.098    -6041.136       58.038   505.6
100.6000      -5984.360    -6043.652       59.292   516.6
100.8000      -5982.669    -6041.335       58.666   511.1
101.0000      -5983.370    -6043.348       59.978   522.5
101.2000      -5981.601    -6041.293       59.693   520.1
101.4000      -5982.923    -6045.083       62.160   541.5
101.6000      -5984.410    -6042.577       58.167   506.8
101.8000      -5983.289    -6040.846       57.556   501.4
102.0000      -5983.354    -6041.805       58.451   509.2
102.2000      -5981.246    -6041.736       60.490   527.0
102.4000      -5982.318    -6042.087       59.768   520.7
102.6000      -5979.728    -6039.212       59.484   518.2
102.8000      -5977.416    -6038.466       61.050   531.9
103.0000      -5981.929    -6042.043       60.114   523.7
103.2000      -5981.524    -6040.891       59.366   517.2
103.4000      -5982.985    -6039.967       56.983   496.4
103.6000      -5981.768    -6040.539       58.770   512.0
103.8000      -5979.131    -6039.809       60.678   528.6
104.0000      -5979.055    -6041.208       62.153   541.5
104.2000      -5978.883    -6038.569       59.686   520.0
104.4000      -5980.264    -6040.207       59.943   522.2
104.6000      -5985.109    -6044.782       59.673   519.9
104.8000      -5984.178    -6043.411       59.233   516.0
105.0000      -5983.067    -6044.179       61.112   532.4
105.2000      -5980.721    -6038.884       58.162   506.7
105.4000      -5982.658    -6041.139       58.481   509.5
105.6000      -5981.348    -6039.945       58.597   510.5
105.8000      -5979.812    -6038.084       58.272   507.7
106.0000      -5976.239    -6036.883       60.645   528.3
106.2000      -5979.385    -6041.136       61.751   538.0
106.4000      -5978.353    -6040.344       61.990   540.1
106.6000      -5977.799    -6039.505       61.707   537.6
106.8000      -5978.660    -6037.175       58.515   509.8
107.0000      -5979.194    -6041.321       62.127   541.3
107.2000      -5982.160    -6040.169       58.009   505.4
107.4000      -5984.652    -6042.921       58.269   507.6
107.6000      -5985.808    -6041.439       55.631   484.7
107.8000      -5988.018    -6042.374       54.356   473.6
108.0000      -5987.141    -6043.237       56.097   488.7
108.2000      -5984.879    -6043.148       58.269   507.6
108.4000      -5984.954    -6042.417       57.462   500.6
108.6000      -5982.265    -6040.931       58.665   511.1
108.8000      -5984.646    -6042.109       57.463   500.6
109.0000      -5985.671    -6042.359       56.688   493.9
109.2000      -5984.217    -6043.899       59.682   520.0
109.4000      -5984.575    -6041.957       57.381   499.9
109.6000      -5984.983    -6041.921       56.938   496.0
109.8000      -5981.329    -6042.545       61.216   533.3
110.0000      -5981.229    -6039.807       58.578   510.3
110.2000      -5980.508    -6040.255       59.747   520.5
110.4000      -5982.522    -6041.345       58.823   512.5
110.6000      -5984.635    -6043.978       59.343   517.0
110.8000      -5986.981    -6046.570       59.589   519.1
111.0000      -5984.592    -6041.151       56.559   492.7
111.2000      -5983.289    -6040.369       57.080   497.3
111.4000      -5982.323    -6041.237       58.914   513.3
111.6000      -5978.618    -6039.915       61.297   534.0
111.8000      -5979.527    -6039.283       59.755   520.6
112.0000      -5978.545    -6039.855       61.311   534.1
112.2000      -5977.767    -6038.180       60.414   526.3
112.4000      -5979.115    -6039.384       60.269   525.1
112.6000      -5977.027    -6037.016       59.989   522.6
112.8000      -5978.065    -6039.066       61.001   531.4
113.0000      -5978.841    -6038.319       59.479   518.2
113.2000      -5979.305    -6039.604       60.299   525.3
113.4000      -5980.134    -6039.791       59.657   519.7
113.6000      -5983.941    -6044.107       60.166   524.2
113.8000      -5976.877    -6036.021       59.144   515.3
114.0000      -5978.823    -6040.107       61.284   533.9
114.2000      -5980.919    -6039.566       58.647   510.9
114.4000      -5980.505    -6041.270       60.764   529.4
114.6000      -5980.178    -6042.515       62.337   543.1
114.8000      -5982.703    -6039.504       56.801   494.9
115.0000      -5980.550    -6039.832       59.281   516.5
115.2000      -5982.298    -6041.104       58.806   512.3
115.4000      -5979.607    -6038.990       59.383   517.4
115.6000      -5978.633    -6037.306       58.673   511.2
115.8000      -5980.126    -6040.743       60.617   528.1
116.0000      -5983.121    -6042.652       59.531   518.6
116.2000      -5981.244    -6038.728       57.484   500.8
116.4000      -5980.881    -6041.727       60.846   530.1
116.6000      -5983.418    -6041.088       57.671   502.4
116.8000      -5981.773    -6041.608       59.835   521.3
117.0000      -5982.219    -6042.568       60.349   525.8
117.2000      -5984.986    -6039.251       54.265   472.8
117.4000      -5984.033    -6042.500       58.468   509.4
117.6000      -5985.140    -6043.542       58.401   508.8
117.8000      -5983.488    -6039.688       56.200   489.6
118.0000      -5985.625    -6043.236       57.611   501.9
118.2000      -5985.921    -6042.243       56.321   490.7
118.4000      -5983.697    -6042.755       59.058   514.5
118.6000      -5983.374    -6041.871       58.497   509.6
118.8000      -5983.199    -6040.614       57.415   500.2
119.0000      -5986.382    -6045.049       58.667   511.1
119.2000      -5983.775    -6042.457       58.682   511.2
119.4000      -5983.113    -6041.143       58.031   505.6
119.6000      -5982.334    -6041.244       58.910   513.2
119.8000      -5982.740    -6041.200       58.460   509.3
120.0000      -5980.410    -6039.931       59.521   518.6
120.2000      -5981.032    -6039.728       58.696   511.4
120.4000      -5982.012    -6041.285       59.273   516.4
120.6000      -5982.510    -6042.555       60.045   523.1
120.8000      -5983.857    -6043.159       59.302   516.6
121.0000      -5981.888    -6040.790       58.902   513.2
121.2000      -5979.562    -6040.493       60.931   530.8
121.4000      -5982.610    -6041.254       58.645   510.9
121.6000      -5982.826    -6041.533       58.707   511.5
121.8000      -5980.045    -6040.049       60.004   522.8
122.0000      -5982.156    -6041.068       58.912   513.2
122.2000      -5981.745    -6039.938       58.193   507.0
122.4000      -5981.418    -6041.257       59.839   521.3
122.6000      -5978.989    -6040.279       61.290   534.0
122.8000      -5982.902    -6040.668       57.767   503.3
123.0000      -5978.197    -6039.382       61.185   533.0
123.2000      -5975.807    -6037.632       61.824   538.6
123.4000      -5979.017    -6038.774       59.757   520.6
123.6000      -5982.337    -6041.295       58.957   513.6
123.8000      -5981.436    -6042.236       60.800   529.7
124.0000      -5982.535    -6041.975       59.440   517.8
124.2000      -5980.712    -6041.005       60.293   525.3
124.4000      -5986.293    -6043.376       57.083   497.3
124.6000      -5986.631    -6043.329       56.698   494.0
124.8000      -5986.830    -6043.127       56.297   490.5
125.0000      -5987.297    -6043.516       56.219   489.8
125.2000      -5987.073    -6044.250       57.176   498.1
125.4000      -5985.301    -6043.052       57.751   503.1
125.6000      -5985.056    -6042.923       57.867   504.1
125.8000      -5988.624    -6044.477       55.853   486.6
126.0000      -5985.274    -6042.622       57.348   499.6
126.2000      -5986.399    -6043.973       57.574   501.6
126.4000      -5987.397    -6043.699       56.302   490.5
126.6000      -5985.379    -6043.694       58.316   508.1
126.8000      -5984.083    -6041.396       57.313   499.3
127.0000      -5982.548    -6040.877       58.329   508.2
127.2000      -5978.753    -6039.271       60.519   527.2
127.4000      -5978.367    -6038.849       60.482   526.9
127.6000      -5979.748    -6039.457       59.709   520.2
127.8000      -5981.293    -6040.076       58.783   512.1
128.0000      -5982.824    -6042.092       59.268   516.4
128.2000      -5986.524    -6044.457       57.933   504.7
128.4000      -5983.061    -6043.757       60.696   528.8
128.6000      -5981.205    -6039.323       58.118   506.3
128.8000      -5984.966    -6042.729       57.763   503.2
129.0000      -5983.297    -6042.657       59.360   517.1
129.2000      -5986.540    -6042.045       55.505   483.6
129.4000      -5986.934    -6043.636       56.702   494.0
129.6000      -5988.892    -6046.189       57.297   499.2
129.8000      -5983.654    -6042.891       59.237   516.1
130.0000      -5987.282    -6043.348       56.066   488.5
130.2000      -5984.931    -6045.276       60.345   525.7
130.4000      -5983.011    -6042.818       59.807   521.0
130.6000      -5984.921    -6043.306       58.385   508.7
130.8000      -5982.315    -6039.258       56.943   496.1
131.0000      -5980.469    -6039.704       59.235   516.1
131.2000      -5980.891    -6042.007       61.116   532.5
131.4000      -5981.648    -6039.632       57.984   505.2
131.6000      -5982.143    -6039.817       57.674   502.5
131.8000      -5980.798    -6041.669       60.871   530.3
132.0000      -5980.854    -6042.138       61.283   533.9
132.2000      -5981.370    -6040.465       59.095   514.8
132.4000      -5983.402    -6041.902       58.500   509.7
132.6000      -5980.151    -6040.381       60.230   524.7
132.8000      -5980.897    -6039.404       58.506   509.7
133.0000      -5981.121    -6039.226       58.105   506.2
133.2000      -5979.162    -6038.189       59.027   514.2
133.4000      -5982.686    -6041.989       59.303   516.7
133.6000      -5982.939    -6041.590       58.651   511.0
133.8000      -5982.267    -6040.156       57.889   504.3
134.0000      -5983.438    -6041.154       57.716   502.8
134.2000      -5983.838    -6044.928       61.090   532.2
134.4000      -5980.185    -6042.233       62.048   540.6
134.6000      -5981.538    -6039.240       57.702   502.7
134.8000      -5981.652    -6040.743       59.090   514.8
135.0000      -5980.255    -6039.642       59.387   517.4
135.2000      -5981.965    -6039.698       57.733   503.0
135.4000      -5980.564    -6039.542       58.978   513.8
135.6000      -5984.697    -6044.149       59.452   518.0
135.8000      -5982.692    -6041.547       58.856   512.8
136.0000      -5981.708    -6039.479       57.770   503.3
136.2000      -5983.505    -6040.140       56.635   493.4
136.4000      -5983.764    -6043.697       59.932   522.1
136.6000      -5979.765    -6038.086       58.322   508.1
136.8000      -5977.994    -6038.667       60.673   528.6
137.0000      -5977.494    -6040.447       62.953   548.5
137.2000      -5978.508    -6038.582       60.074   523.4
137.4000      -5977.235    -6039.052       61.817   538.6
137.6000      -5979.782    -6040.832       61.050   531.9
137.8000      -5977.126    -6040.511       63.385   552.2
138.0000      -5981.242    -6041.639       60.397   526.2
138.2000      -5986.010    -6043.454       57.444   500.5
138.4000      -5983.008    -6041.599       58.591   510.5
138.6000      -5981.051    -6040.847       59.796   521.0
138.8000      -5977.500    -6038.635       61.135   532.6
139.0000      -5980.541    -6039.801       59.260   516.3
139.2000      -5979.633    -6038.477       58.844   512.7
139.4000      -5981.129    -6037.624       56.494   492.2
139.6000      -5981.758    -6043.108       61.350   534.5
139.8000      -5980.820    -6039.442       58.622   510.7
140.0000      -5981.522    -6040.642       59.119   515.1
140.2000      -5982.641    -6041.863       59.221   515.9
140.4000      -5982.225    -6042.527       60.302   525.4
140.6000      -5983.334    -6041.107       57.773   503.3
140.8000      -5979.745    -6040.798       61.053   531.9
141.0000      -5981.305    -6040.265       58.960   513.7
141.2000      -5981.716    -6041.983       60.267   525.1
141.4000      -5979.349    -6041.192       61.843   538.8
141.6000      -5982.950    -6040.588       57.638   502.2
141.8000      -5982.941    -6042.153       59.212   515.9
142.0000      -5978.206    -6039.861       61.655   537.1
142.2000      -5982.374    -6042.434       60.060   523.2
142.4000      -5985.697    -6045.099       59.401   517.5
142.6000      -5985.164    -6040.544       55.380   482.5
142.8000      -5986.716    -6046.688       59.971   522.5
143.0000      -5984.612    -6043.929       59.318   516.8
143.2000      -5982.481    -6041.404       58.922   513.3
143.4000      -5981.224    -6039.200       57.976   505.1
143.6000      -5981.834    -6037.953       56.119   488.9
143.8000      -5981.468    -6039.446       57.978   505.1
144.0000      -5982.121    -6041.718       59.598   519.2
144.2000      -5981.292    -6038.966       57.674   502.5
144.4000      -5984.647    -6041.968       57.320   499.4
144.6000      -5983.241    -6041.371       58.129   506.4
144.8000      -5980.302    -6039.181       58.879   513.0
145.0000      -5985.610    -6043.293       57.683   502.5
145.2000      -5982.148    -6041.658       59.510   518.5
145.4000      -5980.595    -6041.757       61.163   532.9
145.6000      -5981.499    -6040.369       58.869   512.9
145.8000      -5981.805    -6042.285       60.479   526.9
146.0000      -5982.631    -6038.237       55.607   484.5
146.2000      -5980.975    -6042.003       61.028   531.7
146.4000      -5981.574    -6038.148       56.574   492.9
146.6000      -5977.886    -6037.454       59.568   519.0
146.8000      -5979.090    -6039.034       59.944   522.2
147.0000      -5977.241    -6037.354       60.113   523.7
147.2000      -5975.793    -6036.422       60.629   528.2
147.4000      -5980.134    -6040.603       60.469   526.8
147.6000      -5981.041    -6039.975       58.934   513.4
147.8000      -5981.043    -6040.805       59.762   520.7
148.0000      -5984.407    -6040.275       55.868   486.7
148.2000      -5984.582    -6043.524       58.942   513.5
148.4000      -5984.567    -6041.571       57.005   496.6
148.6000      -5983.199    -6042.810       59.611   519.3
148.8000      -5984.783    -6042.345       57.563   501.5
149.0000      -5981.668    -6041.082       59.414   517.6
149.2000      -5982.451    -6039.513       57.061   497.1
149.4000      -5985.664    -6041.429       55.764   485.8
149.6000      -5983.190    -6041.490       58.300   507.9
149.8000      -5984.284    -6042.356       58.072   505.9
150.0000      -5985.456    -6044.652       59.196   515.7
150.2000      -5981.501    -6041.634       60.133   523.9
150.4000      -5982.744    -6040.433       57.689   502.6
150.6000      -5981.744    -6042.093       60.349   525.8
150.8000      -5981.531    -6039.562       58.031   505.6
151.0000      -5982.821    -6039.365       56.544   492.6
151.2000      -5987.460    -6043.328       55.868   486.7
151.4000      -5985.164    -6045.458       60.294   525.3
151.6000      -5987.431    -6043.844       56.413   491.5
151.8000      -5988.166    -6044.492       56.326   490.7
152.0000      -5984.261    -6042.541       58.280   507.7
152.2000      -5979.960    -6038.940       58.980   513.8
152.4000      -5979.454    -6037.623       58.169   506.8
152.6000      -5982.555    -6042.379       59.824   521.2
152.8000      -5981.362    -6040.224       58.862   512.8
153.0000      -5982.845    -6043.359       60.514   527.2
153.2000      -5984.147    -6043.438       59.291   516.5
153.4000      -5979.599    -6039.055       59.456   518.0
153.6000      -5979.491    -6037.286       57.795   503.5
153.8000      -5978.172    -6038.851       60.678   528.6
154.0000      -5981.877    -6041.992       60.114   523.7
154.2000      -5983.616    -6040.076       56.460   491.9
154.4000      -5981.906    -6040.119       58.213   507.2
154.6000      -5980.224    -6040.321       60.098   523.6
154.8000      -5982.837    -6042.749       59.912   522.0
155.0000      -5982.848    -6039.828       56.980   496.4
155.2000      -5981.806    -6040.430       58.624   510.7
155.4000      -5984.024    -6043.466       59.442   517.9
155.6000      -5981.388    -6040.787       59.399   517.5
155.8000      -5979.451    -6039.590       60.139   523.9
156.0000      -5975.997    -6036.602       60.604   528.0
156.2000      -5976.842    -6037.999       61.157   532.8
156.4000      -5979.417    -6040.777       61.360   534.6
156.6000      -5982.666    -6040.858       58.193   507.0
156.8000      -5978.309    -6038.846       60.537   527.4
157.0000      -5980.467    -6039.605       59.137   515.2
157.2000      -5978.196    -6038.142       59.946   522.3
157.4000      -5980.276    -6040.487       60.211   524.6
157.6000      -5982.052    -6041.954       59.902   521.9
157.8000      -5982.330    -6041.966       59.637   519.6
158.0000      -5982.276    -6042.853       60.577   527.8
158.2000      -5984.792    -6043.989       59.197   515.7
158.4000      -5985.083    -6043.811       58.728   511.6
158.6000      -5985.722    -6043.216       57.495   500.9
158.8000      -5983.285    -6040.202       56.916   495.9
159.0000      -5981.575    -6041.068       59.493   518.3
159.2000      -5983.625    -6041.567       57.942   504.8
159.4000      -5982.407    -6041.961       59.554   518.8
159.6000      -5982.437    -6044.021       61.584   536.5
159.8000      -5982.567    -6043.799       61.232   533.5
160.0000      -5980.241    -6038.904       58.663   511.1
160.2000      -5982.775    -6043.667       60.891   530.5
160.4000      -5983.772    -6041.297       57.525   501.2
160.6000      -5980.822    -6042.735       61.914   539.4
160.8000      -5979.171    -6037.562       58.391   508.7
161.0000      -5977.643    -6038.730       61.087   532.2
161.2000      -5976.524    -6039.062       62.538   544.8
161.4000      -5978.215    -6040.024       61.809   538.5
161.6000      -5978.285    -6041.146       62.862   547.7
161.8000      -5980.697    -6041.634       60.937   530.9
162.0000      -5982.678    -6041.450       58.771   512.0
162.2000      -5981.865    -6040.938       59.073   514.7
162.4000      -5983.997    -6042.097       58.100   506.2
162.6000      -5985.961    -6043.067       57.106   497.5
162.8000      -5985.223    -6042.117       56.895   495.7
163.0000      -5982.517    -6043.672       61.155   532.8
163.2000      -5980.685    -6037.960       57.275   499.0
163.4000      -5983.971    -6041.444       57.473   500.7
163.6000      -5985.530    -6043.624       58.093   506.1
163.8000      -5984.374    -6043.789       59.415   517.6
164.0000      -5984.668    -6042.462       57.794   503.5
164.2000      -5982.544    -6041.628       59.085   514.8
164.4000      -5980.831    -6039.818       58.986   513.9
164.6000      -5980.643    -6042.496       61.853   538.9
164.8000      -5981.452    -6040.428       58.976   513.8
165.0000      -5983.406    -6043.493       60.088   523.5
165.2000      -5985.728    -6043.604       57.876   504.2
165.4000      -5982.311    -6040.562       58.251   507.5
165.6000      -5982.394    -6040.862       58.468   509.4
165.8000      -5980.400    -6039.396       58.995   514.0
166.0000      -5978.584    -6042.084       63.500   553.2
166.2000      -5984.997    -6042.317       57.320   499.4
166.4000      -5983.758    -6043.580       59.821   521.2
166.6000      -5983.413    -6041.998       58.585   510.4
166.8000      -5984.750    -6042.506       57.756   503.2
167.0000      -5984.927    -6041.468       56.542   492.6
167.2000      -5980.470    -6041.366       60.895   530.5
167.4000      -5981.730    -6040.107       58.378   508.6
167.6000      -5978.631    -6038.307       59.676   519.9
167.8000      -5977.015    -6039.358       62.343   543.1
168.0000      -5973.932    -6038.374       64.442   561.4
168.2000      -5974.017    -6036.875       62.857   547.6
168.4000      -5973.798    -6035.958       62.161   541.5
168.6000      -5976.911    -6038.147       61.236   533.5
168.8000      -5978.359    -6040.638       62.279   542.6
169.0000      -5983.083    -6042.660       59.577   519.0
169.2000      -5981.022    -6042.117       61.095   532.3
169.4000      -5981.381    -6042.796       61.415   535.1
169.6000      -5983.160    -6043.065       59.906   521.9
169.8000      -5980.839    -6041.639       60.800   529.7
170.0000      -5982.885    -6043.059       60.174   524.2
170.2000      -5982.392    -6039.407       57.015   496.7
170.4000      -5984.657    -6041.299       56.642   493.5
170.6000      -5985.502    -6044.776       59.275   516.4
170.8000      -5981.862    -6040.675       58.813   512.4
171.0000      -5983.023    -6040.870       57.847   504.0
171.2000      -5982.560    -6040.915       58.355   508.4
171.4000      -5984.496    -6043.356       58.860   512.8
171.6000      -5984.349    -6042.978       58.628   510.8
171.8000      -5981.677    -6040.975       59.298   516.6
172.0000      -5981.634    -6042.147       60.513   527.2
172.2000      -5983.143    -6042.229       59.086   514.8
172.4000      -5981.610    -6040.019       58.409   508.9
172.6000      -5983.423    -6039.838       56.415   491.5
172.8000      -5983.808    -6041.355       57.547   501.4
173.0000      -5983.806    -6041.797       57.992   505.2
173.2000      -5981.501    -6040.677       59.175   515.5
173.4000      -5981.058    -6042.348       61.290   534.0
173.6000      -5982.861    -6042.218       59.358   517.1
173.8000      -5985.743    -6042.469       56.725   494.2
174.0000      -5982.560    -6042.084       59.524   518.6
174.2000      -5986.049    -6043.339       57.290   499.1
174.4000      -5987.465    -6042.221       54.757   477.0
174.6000      -5983.776    -6045.385       61.609   536.7
174.8000      -5981.766    -6040.080       58.314   508.0
175.0000      -5983.531    -6041.065       57.534   501.2
175.2000      -5981.420    -6041.621       60.201   524.5
175.4000      -5982.530    -6041.890       59.360   517.2
175.6000      -5982.560    -6042.935       60.374   526.0
175.8000      -5982.169    -6039.057       56.887   495.6
176.0000      -5983.602    -6043.400       59.798   521.0
176.2000      -5983.428    -6043.021       59.593   519.2
176.4000      -5981.773    -6040.003       58.230   507.3
176.6000      -5980.153    -6039.134       58.981   513.8
176.8000      -5980.805    -6040.647       59.842   521.4
177.0000      -5979.638    -6040.018       60.380   526.0
177.2000      -5978.238    -6040.469       62.231   542.2
177.4000      -5977.675    -6038.813       61.138   532.6
177.6000      -5980.045    -6039.296       59.251   516.2
177.8000      -5977.705    -6036.172       58.467   509.4
178.0000      -5981.265    -6038.735       57.470   500.7
178.2000      -5979.823    -6040.849       61.026   531.7
178.4000      -5981.610    -6039.771       58.161   506.7
178.6000      -5983.976    -6044.289       60.312   525.4
178.8000      -5985.338    -6040.927       55.590   484.3
179.0000      -5982.295    -6039.508       57.212   498.4
179.2000      -5979.314    -6038.753       59.439   517.8
179.4000      -5978.427    -6037.039       58.611   510.6
179.6000      -5981.030    -6041.203       60.172   524.2
179.8000      -5977.697    -6037.433       59.735   520.4
180.0000      -5979.265    -6040.866       61.601   536.7
180.2000      -5983.473    -6043.155       59.683   520.0
180.4000      -5982.082    -6041.004       58.922   513.3
180.6000      -5983.456    -6042.051       58.595   510.5
180.8000      -5982.983    -6042.307       59.324   516.8
181.0000      -5983.377    -6043.208       59.832   521.3
181.2000      -5981.808    -6040.964       59.156   515.4
181.4000      -5981.470    -6043.529       62.059   540.7
181.6000      -5980.151    -6041.389       61.238   533.5
181.8000      -5981.321    -6041.425       60.105   523.6
182.0000      -5981.037    -6037.636       56.599   493.1
182.2000      -5980.354    -6038.948       58.595   510.5
182.4000      -5982.906    -6041.349       58.443   509.2
182.6000      -5982.756    -6040.690       57.935   504.7
182.8000      -5982.466    -6040.632       58.166   506.7
183.0000      -5982.040    -6042.547       60.507   527.1
183.2000      -5984.955    -6039.812       54.857   477.9
183.4000      -5985.467    -6041.955       56.488   492.1
183.6000      -5985.055    -6045.633       60.578   527.8
183.8000      -5983.122    -6041.907       58.785   512.1
184.0000      -5980.182    -6037.890       57.708   502.8
184.2000      -5980.495    -6039.089       58.594   510.5
184.4000      -5980.576    -6039.902       59.327   516.9
184.6000      -5982.385    -6040.714       58.329   508.2
184.8000      -5982.989    -6040.592       57.603   501.8
185.0000      -5984.319    -6040.871       56.552   492.7
185.2000      -5982.089    -6040.482       58.394   508.7
185.4000      -5980.712    -6038.542       57.830   503.8
185.6000      -5981.071    -6040.613       59.543   518.7
185.8000      -5982.068    -6042.730       60.662   528.5
186.0000      -5981.509    -6042.070       60.561   527.6
186.2000      -5984.209    -6043.224       59.015   514.1
186.4000      -5979.455    -6038.203       58.748   511.8
186.6000      -5979.256    -6040.905       61.649   537.1
186.8000      -5979.893    -6040.080       60.187   524.4
187.0000      -5979.235    -6040.823       61.588   536.6
187.2000      -5983.595    -6041.210       57.615   501.9
187.4000      -5983.155    -6041.614       58.460   509.3
187.6000      -5983.119    -6042.229       59.110   515.0
187.8000      -5983.401    -6041.117       57.717   502.8
188.0000      -5980.753    -6038.852       58.098   506.2
188.2000      -5980.882    -6040.540       59.658   519.7
188.4000      -5983.622    -6042.609       58.987   513.9
188.6000      -5983.420    -6041.881       58.461   509.3
188.8000      -5979.235    -6039.196       59.961   522.4
189.0000      -5983.118    -6042.113       58.995   514.0
189.2000      -5980.175    -6040.615       60.441   526.6
189.4000      -5979.681    -6039.786       60.105   523.6
189.6000      -5980.152    -6039.470       59.318   516.8
189.8000      -5975.946    -6035.686       59.740   520.5
190.0000      -5979.135    -6040.016       60.881   530.4
190.2000      -5982.240    -6041.422       59.182   515.6
190.4000      -5980.651    -6040.867       60.216   524.6
190.6000      -5982.164    -6042.523       60.359   525.9
190.8000      -5984.402    -6042.753       58.351   508.4
191.0000      -5985.535    -6042.221       56.687   493.9
191.2000      -5981.832    -6040.095       58.263   507.6
191.4000      -5980.640    -6040.343       59.703   520.1
191.6000      -5981.170    -6040.691       59.522   518.6
191.8000      -5982.629    -6042.651       60.022   522.9
192.0000      -5981.438    -6041.767       60.329   525.6
192.2000      -5981.885    -6039.121       57.235   498.6
192.4000      -5984.468    -6041.102       56.634   493.4
192.6000      -5984.218    -6041.933       57.715   502.8
192.8000      -5983.144    -6040.659       57.515   501.1
193.0000      -5984.412    -6043.353       58.941   513.5
193.2000      -5984.269    -6042.744       58.475   509.4
193.4000      -5983.600    -6042.265       58.665   511.1
193.6000      -5986.099    -6040.459       54.360   473.6
193.8000      -5981.512    -6039.634       58.122   506.4
194.0000      -5982.789    -6042.764       59.975   522.5
194.2000      -5983.326    -6041.020       57.694   502.6
194.4000      -5983.839    -6043.204       59.365   517.2
194.6000      -5985.061    -6042.690       57.629   502.1
194.8000      -5981.925    -6040.935       59.010   514.1
195.0000      -5983.613    -6040.158       56.545   492.6
195.2000      -5984.361    -6043.043       58.682   511.2
195.4000      -5979.653    -6037.420       57.767   503.3
195.6000      -5980.083    -6038.222       58.139   506.5
195.8000      -5982.206    -6039.960       57.755   503.2
196.0000      -5983.675    -6041.385       57.711   502.8
196.2000      -5984.146    -6042.427       58.281   507.7
196.4000      -5983.746    -6041.544       57.799   503.5
196.6000      -5984.610    -6041.800       57.190   498.2
196.8000      -5983.054    -6041.618       58.563   510.2
197.0000      -5984.066    -6040.333       56.267   490.2
197.2000      -5983.079    -6042.018       58.938   513.5
197.4000      -5987.436    -6044.575       57.139   497.8
197.6000      -5984.586    -6042.691       58.105   506.2
197.8000      -5978.449    -6040.179       61.730   537.8
198.0000      -5975.960    -6038.093       62.133   541.3
198.2000      -5976.727    -6037.649       60.922   530.8
198.4000      -5978.425    -6040.070       61.645   537.1
198.6000      -5979.494    -6039.217       59.723   520.3
198.8000      -5977.250    -6038.252       61.002   531.5
199.0000      -5981.791    -6041.755       59.964   522.4
199.2000      -5985.503    -6042.241       56.738   494.3
199.4000      -5984.596    -6041.819       57.223   498.5
199.6000      -5987.376    -6042.614       55.238   481.2
199.8000      -5984.972    -6041.598       56.625   493.3
200.0000      -5983.720    -6042.708       58.988   513.9
