Time[ps]      Etot[eV]     Epot[eV]     Ekin[eV]    T[K]
0.0000        -5954.936    -6026.287       71.351   621.6
0.2000        -5955.977    -6024.520       68.543   597.2
0.4000        -5959.676    -6028.935       69.258   603.4
0.6000        -5956.217    -6027.582       71.365   621.7
0.8000        -5956.102    -6026.539       70.437   613.7
1.0000        -5958.719    -6029.441       70.722   616.1
1.2000        -5955.637    -6028.998       73.361   639.1
1.4000        -5954.437    -6026.909       72.472   631.4
1.6000        -5954.111    -6027.050       72.939   635.5
1.8000        -5957.718    -6027.060       69.342   604.1
2.0000        -5954.137    -6022.385       68.248   594.6
2.2000        -5958.004    -6028.477       70.473   614.0
2.4000        -5955.821    -6025.758       69.937   609.3
2.6000        -5954.618    -6026.927       72.309   630.0
2.8000        -5957.044    -6027.631       70.587   615.0
3.0000        -5952.403    -6025.013       72.610   632.6
3.2000        -5955.958    -6026.574       70.616   615.2
3.4000        -5955.455    -6027.013       71.559   623.4
3.6000        -5959.164    -6031.466       72.301   629.9
3.8000        -5957.917    -6028.268       70.351   612.9
4.0000        -5960.016    -6031.492       71.476   622.7
4.2000        -5965.922    -6034.563       68.642   598.0
4.4000        -5963.135    -6032.553       69.417   604.8
4.6000        -5964.151    -6031.745       67.594   588.9
4.8000        -5961.834    -6030.607       68.774   599.2
5.0000        -5959.553    -6031.139       71.586   623.7
5.2000        -5956.108    -6028.619       72.511   631.7
5.4000        -5956.829    -6027.211       70.382   613.2
5.6000        -5955.904    -6025.918       70.015   610.0
5.8000        -5957.627    -6028.889       71.261   620.8
6.0000        -5957.398    -6029.699       72.301   629.9
6.2000        -5959.727    -6030.461       70.735   616.2
6.4000        -5957.573    -6029.274       71.701   624.7
6.6000        -5957.505    -6029.970       72.464   631.3
6.8000        -5957.098    -6026.723       69.626   606.6
7.0000        -5956.916    -6027.206       70.289   612.4
7.2000        -5954.016    -6027.313       73.297   638.6
7.4000        -5957.354    -6027.672       70.318   612.6
7.6000        -5959.387    -6030.886       71.500   622.9
7.8000        -5958.997    -6031.948       72.951   635.6
8.0000        -5957.134    -6026.404       69.270   603.5
8.2000        -5957.928    -6029.763       71.834   625.8
8.4000        -5958.749    -6028.869       70.120   610.9
8.6000        -5956.595    -6025.078       68.483   596.6
8.8000        -5958.967    -6030.285       71.318   621.3
9.0000        -5961.662    -6031.620       69.958   609.5
9.2000        -5955.695    -6029.372       73.677   641.9
9.4000        -5956.691    -6027.688       70.997   618.5
9.6000        -5954.127    -6024.895       70.767   616.5
9.8000        -5954.256    -6025.150       70.894   617.6
10.0000       -5954.746    -6025.813       71.067   619.1
10.2000       -5954.132    -6025.239       71.107   619.5
10.4000       -5959.753    -6031.885       72.133   628.4
10.6000       -5956.383    -6028.506       72.123   628.3
10.8000       -5953.386    -6027.555       74.168   646.2
11.0000       -5958.456    -6026.676       68.220   594.3
11.2000       -5957.849    -6028.236       70.386   613.2
11.4000       -5961.642    -6030.707       69.065   601.7
11.6000       -5959.527    -6027.730       68.203   594.2
11.8000       -5960.287    -6029.706       69.419   604.8
12.0000       -5955.555    -6027.333       71.778   625.3
12.2000       -5956.761    -6028.503       71.743   625.0
12.4000       -5958.281    -6029.218       70.937   618.0
12.6000       -5956.822    -6028.384       71.562   623.5
12.8000       -5957.076    -6027.966       70.891   617.6
13.0000       -5959.647    -6029.465       69.818   608.3
13.2000       -5957.382    -6029.413       72.031   627.5
13.4000       -5958.196    -6028.250       70.054   610.3
13.6000       -5960.891    -6028.406       67.516   588.2
13.8000       -5961.835    -6032.726       70.891   617.6
14.0000       -5960.578    -6030.705       70.127   611.0
14.2000       -5960.240    -6030.292       70.052   610.3
14.4000       -5959.356    -6027.356       68.000   592.4
14.6000       -5962.664    -6029.335       66.672   580.9
14.8000       -5958.317    -6027.601       69.284   603.6
15.0000       -5956.370    -6027.000       70.630   615.3
15.2000       -5957.762    -6027.872       70.109   610.8
15.4000       -5957.166    -6028.476       71.310   621.3
15.6000       -5956.327    -6026.624       70.297   612.4
15.8000       -5956.037    -6027.144       71.107   619.5
16.0000       -5953.086    -6027.892       74.806   651.7
16.2000       -5956.398    -6029.378       72.980   635.8
16.4000       -5953.890    -6028.783       74.894   652.5
16.6000       -5952.348    -6026.081       73.733   642.4
16.8000       -5952.309    -6029.455       77.146   672.1
17.0000       -5950.241    -6024.783       74.542   649.4
17.2000       -5955.672    -6026.901       71.230   620.6
17.4000       -5957.640    -6030.383       72.744   633.8
17.6000       -5958.771    -6028.108       69.337   604.1
17.8000       -5961.278    -6027.914       66.636   580.5
18.0000       -5959.155    -6028.355       69.200   602.9
18.2000       -5959.704    -6029.882       70.178   611.4
18.4000       -5960.893    -6029.715       68.822   599.6
18.6000       -5959.946    -6030.361       70.415   613.5
18.8000       -5957.809    -6030.590       72.781   634.1
19.0000       -5959.993    -6028.534       68.541   597.1
19.2000       -5955.998    -6029.490       73.492   640.3
19.4000       -5953.896    -6025.204       71.308   621.2
19.6000       -5957.987    -6029.407       71.420   622.2
19.8000       -5958.221    -6028.016       69.795   608.1
20.0000       -5961.185    -6027.697       66.512   579.5
20.2000       -5955.716    -6026.394       70.678   615.8
20.4000       -5957.757    -6028.079       70.322   612.6
20.6000       -5955.151    -6027.271       72.121   628.3
20.8000       -5953.586    -6025.494       71.908   626.5
21.0000       -5951.500    -6025.719       74.220   646.6
21.2000       -5952.660    -6028.954       76.293   664.7
21.4000       -5954.624    -6026.086       71.462   622.6
21.6000       -5957.116    -6030.813       73.697   642.1
21.8000       -5957.161    -6026.480       69.319   603.9
22.0000       -5956.635    -6028.093       71.458   622.5
22.2000       -5957.274    -6029.484       72.210   629.1
22.4000       -5957.007    -6031.470       74.463   648.7
22.6000       -5957.022    -6028.103       71.081   619.3
22.8000       -5955.448    -6030.167       74.719   651.0
23.0000       -5960.741    -6032.018       71.277   621.0
23.2000       -5959.004    -6028.501       69.497   605.5
23.4000       -5957.937    -6027.387       69.450   605.1
23.6000       -5957.262    -6028.554       71.292   621.1
23.8000       -5955.656    -6028.953       73.298   638.6
24.0000       -5959.027    -6029.066       70.040   610.2
24.2000       -5956.758    -6027.418       70.660   615.6
24.4000       -5955.316    -6027.625       72.309   630.0
24.6000       -5956.905    -6030.863       73.958   644.3
24.8000       -5956.865    -6029.873       73.008   636.1
25.0000       -5959.445    -6027.228       67.783   590.5
25.2000       -5956.910    -6030.947       74.037   645.0
25.4000       -5956.729    -6030.189       73.460   640.0
25.6000       -5954.901    -6026.999       72.098   628.1
25.8000       -5955.043    -6026.240       71.197   620.3
26.0000       -5953.957    -6028.395       74.438   648.5
26.2000       -5954.724    -6027.166       72.442   631.1
26.4000       -5960.751    -6030.168       69.417   604.8
26.6000       -5956.749    -6029.387       72.638   632.8
26.8000       -5955.242    -6026.247       71.005   618.6
27.0000       -5957.506    -6028.248       70.741   616.3
27.2000       -5959.280    -6030.336       71.056   619.1
27.4000       -5959.611    -6031.190       71.579   623.6
27.6000       -5957.519    -6025.949       68.429   596.2
27.8000       -5956.212    -6028.239       72.027   627.5
28.0000       -5958.450    -6029.908       71.458   622.5
28.2000       -5956.682    -6025.953       69.271   603.5
28.4000       -5956.587    -6026.705       70.119   610.9
28.6000       -5957.861    -6030.538       72.677   633.2
28.8000       -5953.301    -6028.852       75.550   658.2
29.0000       -5953.160    -6025.528       72.368   630.5
29.2000       -5956.357    -6025.641       69.284   603.6
29.4000       -5957.853    -6027.834       69.981   609.7
29.6000       -5959.542    -6032.013       72.471   631.4
29.8000       -5958.237    -6029.449       71.212   620.4
30.0000       -5957.754    -6027.252       69.499   605.5
30.2000       -5955.965    -6028.751       72.786   634.1
30.4000       -5959.007    -6031.344       72.337   630.2
30.6000       -5956.825    -6026.917       70.092   610.7
30.8000       -5959.124    -6031.810       72.685   633.2
31.0000       -5960.657    -6033.011       72.353   630.3
31.2000       -5964.957    -6032.536       67.579   588.8
31.4000       -5963.170    -6031.463       68.293   595.0
31.6000       -5962.572    -6033.059       70.486   614.1
31.8000       -5962.396    -6030.627       68.231   594.4
32.0000       -5959.234    -6030.134       70.900   617.7
32.2000       -5957.661    -6027.241       69.580   606.2
32.4000       -5957.389    -6029.706       72.317   630.0
32.6000       -5959.023    -6029.637       70.614   615.2
32.8000       -5956.157    -6027.158       71.000   618.6
33.0000       -5958.981    -6028.017       69.036   601.4
33.2000       -5955.838    -6029.361       73.522   640.5
33.4000       -5956.371    -6026.664       70.293   612.4
33.6000       -5955.788    -6028.568       72.781   634.1
33.8000       -5956.932    -6028.248       71.316   621.3
34.0000       -5957.483    -6027.951       70.468   613.9
34.2000       -5953.915    -6029.575       75.660   659.2
34.4000       -5954.770    -6025.771       71.001   618.6
34.6000       -5949.992    -6024.224       74.232   646.7
34.8000       -5953.576    -6026.278       72.702   633.4
35.0000       -5957.086    -6027.839       70.753   616.4
35.2000       -5955.055    -6026.891       71.835   625.8
35.4000       -5956.859    -6027.675       70.816   617.0
35.6000       -5960.623    -6030.924       70.301   612.5
35.8000       -5960.271    -6029.425       69.154   602.5
36.0000       -5958.119    -6029.268       71.149   619.9
36.2000       -5956.695    -6027.799       71.105   619.5
36.4000       -5955.909    -6026.196       70.287   612.4
36.6000       -5961.521    -6028.719       67.198   585.4
36.8000       -5961.132    -6030.154       69.022   601.3
37.0000       -5961.443    -6030.477       69.033   601.4
37.2000       -5963.336    -6032.777       69.441   605.0
37.4000       -5963.456    -6034.046       70.590   615.0
37.6000       -5962.028    -6031.023       68.996   601.1
37.8000       -5959.417    -6030.800       71.383   621.9
38.0000       -5958.733    -6029.425       70.692   615.9
38.2000       -5960.257    -6030.054       69.796   608.1
38.4000       -5958.843    -6026.518       67.675   589.6
38.6000       -5954.867    -6028.987       74.121   645.7
38.8000       -5954.745    -6027.688       72.943   635.5
39.0000       -5956.722    -6027.592       70.870   617.4
39.2000       -5961.750    -6029.091       67.341   586.7
39.4000       -5965.950    -6030.559       64.610   562.9
39.6000       -5966.077    -6033.203       67.126   584.8
39.8000       -5963.398    -6030.842       67.444   587.6
40.0000       -5959.992    -6031.064       71.072   619.2
40.2000       -5957.383    -6028.918       71.535   623.2
40.4000       -5959.427    -6030.877       71.450   622.5
40.6000       -5954.804    -6026.061       71.256   620.8
40.8000       -5951.890    -6025.296       73.406   639.5
41.0000       -5959.024    -6029.431       70.407   613.4
41.2000       -5955.423    -6025.903       70.480   614.0
41.4000       -5956.849    -6028.220       71.372   621.8
41.6000       -5955.915    -6027.968       72.053   627.7
41.8000       -5948.520    -6022.358       73.838   643.3
42.0000       -5952.756    -6026.058       73.303   638.6
42.2000       -5956.569    -6029.711       73.142   637.2
42.4000       -5957.255    -6028.612       71.357   621.7
42.6000       -5960.171    -6027.474       67.304   586.4
42.8000       -5958.260    -6025.581       67.321   586.5
43.0000       -5957.187    -6028.957       71.770   625.3
43.2000       -5956.097    -6028.476       72.379   630.6
43.4000       -5957.825    -6026.595       68.770   599.1
43.6000       -5956.084    -6029.514       73.429   639.7
43.8000       -5959.338    -6031.509       72.171   628.8
44.0000       -5957.784    -6028.559       70.775   616.6
44.2000       -5954.508    -6026.480       71.973   627.0
44.4000       -5957.300    -6029.311       72.010   627.4
44.6000       -5954.772    -6022.497       67.724   590.0
44.8000       -5955.363    -6026.752       71.390   622.0
45.0000       -5955.801    -6028.376       72.575   632.3
45.2000       -5962.006    -6030.013       68.006   592.5
45.4000       -5960.215    -6027.884       67.670   589.5
45.6000       -5960.007    -6027.735       67.729   590.1
45.8000       -5957.517    -6027.542       70.025   610.1
46.0000       -5957.936    -6029.401       71.465   622.6
46.2000       -5956.971    -6027.631       70.660   615.6
46.4000       -5957.960    -6031.067       73.107   636.9
46.6000       -5956.122    -6030.614       74.492   649.0
46.8000       -5957.992    -6029.653       71.661   624.3
47.0000       -5960.183    -6033.676       73.493   640.3
47.2000       -5958.607    -6030.122       71.515   623.0
47.4000       -5958.039    -6029.696       71.657   624.3
47.6000       -5958.331    -6031.631       73.300   638.6
47.8000       -5956.882    -6027.443       70.561   614.7
48.0000       -5953.469    -6025.433       71.964   627.0
48.2000       -5958.119    -6027.530       69.411   604.7
48.4000       -5956.106    -6028.792       72.687   633.3
48.6000       -5958.384    -6028.202       69.818   608.3
48.8000       -5959.964    -6028.490       68.526   597.0
49.0000       -5955.876    -6027.208       71.332   621.4
49.2000       -5957.757    -6027.748       69.991   609.8
49.4000       -5956.433    -6029.121       72.688   633.3
49.6000       -5955.961    -6028.462       72.502   631.6
49.8000       -5954.302    -6028.510       74.208   646.5
50.0000       -5958.489    -6029.436       70.947   618.1
50.2000       -5955.892    -6028.380       72.488   631.5
50.4000       -5953.430    -6028.197       74.768   651.4
50.6000       -5951.877    -6027.325       75.448   657.3
50.8000       -5954.409    -6024.780       70.371   613.1
51.0000       -5958.190    -6030.820       72.630   632.8
51.2000       -5957.941    -6029.418       71.477   622.7
51.4000       -5957.595    -6030.510       72.915   635.2
51.6000       -5958.694    -6030.988       72.294   629.8
51.8000       -5959.079    -6030.391       71.312   621.3
52.0000       -5959.847    -6028.439       68.592   597.6
52.2000       -5958.217    -6030.346       72.130   628.4
52.4000       -5954.975    -6028.726       73.751   642.5
52.6000       -5957.945    -6031.492       73.547   640.7
52.8000       -5958.930    -6029.606       70.676   615.7
53.0000       -5959.423    -6030.612       71.189   620.2
53.2000       -5956.900    -6029.810       72.910   635.2
53.4000       -5957.388    -6028.331       70.943   618.1
53.6000       -5955.483    -6026.728       71.244   620.7
53.8000       -5957.715    -6029.199       71.484   622.8
54.0000       -5954.522    -6027.475       72.952   635.6
54.2000       -5957.495    -6027.643       70.147   611.1
54.4000       -5958.643    -6028.149       69.506   605.5
54.6000       -5955.254    -6029.815       74.562   649.6
54.8000       -5952.579    -6024.183       71.604   623.8
55.0000       -5951.908    -6025.976       74.069   645.3
55.2000       -5952.911    -6024.548       71.637   624.1
55.4000       -5954.398    -6027.937       73.539   640.7
55.6000       -5954.310    -6026.979       72.669   633.1
55.8000       -5955.176    -6026.107       70.931   618.0
56.0000       -5956.825    -6029.766       72.941   635.5
56.2000       -5957.054    -6027.335       70.282   612.3
56.4000       -5957.156    -6029.743       72.587   632.4
56.6000       -5960.028    -6027.639       67.611   589.0
56.8000       -5957.563    -6026.656       69.093   601.9
57.0000       -5956.323    -6028.238       71.915   626.5
57.2000       -5954.169    -6025.298       71.129   619.7
57.4000       -5955.414    -6026.454       71.040   618.9
57.6000       -5958.649    -6029.753       71.104   619.5
57.8000       -5964.686    -6031.579       66.893   582.8
58.0000       -5960.425    -6032.273       71.848   625.9
58.2000       -5958.087    -6030.159       72.072   627.9
58.4000       -5961.360    -6033.248       71.887   626.3
58.6000       -5959.602    -6029.408       69.806   608.2
58.8000       -5961.412    -6028.903       67.492   588.0
59.0000       -5959.461    -6031.433       71.972   627.0
59.2000       -5957.481    -6029.636       72.156   628.6
59.4000       -5962.337    -6031.143       68.806   599.4
59.6000       -5962.349    -6029.977       67.628   589.2
59.8000       -5962.618    -6032.252       69.635   606.7
60.0000       -5961.216    -6030.454       69.238   603.2
60.2000       -5961.807    -6032.261       70.454   613.8
60.4000       -5957.797    -6030.137       72.339   630.2
60.6000       -5956.683    -6028.884       72.201   629.0
60.8000       -5957.392    -6029.410       72.018   627.4
61.0000       -5961.546    -6032.870       71.325   621.4
61.2000       -5962.919    -6029.466       66.547   579.8
61.4000       -5962.699    -6030.409       67.709   589.9
61.6000       -5963.485    -6030.830       67.345   586.7
61.8000       -5959.198    -6027.973       68.775   599.2
62.0000       -5955.763    -6027.090       71.327   621.4
62.2000       -5957.173    -6028.307       71.134   619.7
62.4000       -5958.810    -6029.463       70.652   615.5
62.6000       -5962.388    -6029.137       66.749   581.5
62.8000       -5962.854    -6032.367       69.513   605.6
63.0000       -5959.954    -6031.250       71.296   621.1
63.2000       -5964.311    -6032.764       68.454   596.4
63.4000       -5962.862    -6031.151       68.289   594.9
63.6000       -5957.961    -6030.426       72.465   631.3
63.8000       -5956.372    -6028.034       71.662   624.3
64.0000       -5954.009    -6028.443       74.434   648.5
64.2000       -5952.565    -6026.657       74.092   645.5
64.4000       -5954.471    -6026.677       72.206   629.1
64.6000       -5954.238    -6025.641       71.403   622.1
64.8000       -5953.605    -6028.148       74.543   649.4
65.0000       -5957.249    -6027.002       69.754   607.7
65.2000       -5953.776    -6027.815       74.039   645.0
65.4000       -5951.472    -6027.024       75.552   658.2
65.6000       -5951.824    -6026.822       74.998   653.4
65.8000       -5955.450    -6028.727       73.276   638.4
66.0000       -5955.831    -6029.269       73.437   639.8
66.2000       -5953.152    -6026.382       73.230   638.0
66.4000       -5951.521    -6025.093       73.572   641.0
66.6000       -5956.339    -6028.873       72.534   631.9
66.8000       -5957.891    -6028.126       70.235   611.9
67.0000       -5954.973    -6028.146       73.173   637.5
67.2000       -5957.718    -6028.900       71.182   620.1
67.4000       -5959.865    -6028.334       68.469   596.5
67.6000       -5962.645    -6030.921       68.276   594.8
67.8000       -5956.928    -6029.491       72.563   632.2
68.0000       -5958.342    -6030.082       71.740   625.0
68.2000       -5960.746    -6032.919       72.173   628.8
68.4000       -5962.136    -6031.004       68.868   600.0
68.6000       -5957.906    -6029.948       72.043   627.6
68.8000       -5958.123    -6029.007       70.885   617.6
69.0000       -5958.054    -6028.247       70.193   611.5
69.2000       -5956.459    -6026.753       70.294   612.4
69.4000       -5955.041    -6026.786       71.745   625.1
69.6000       -5953.260    -6027.019       73.759   642.6
69.8000       -5955.848    -6028.031       72.182   628.9
70.0000       -5956.852    -6028.127       71.275   621.0
70.2000       -5956.743    -6027.385       70.643   615.4
70.4000       -5955.295    -6027.816       72.521   631.8
70.6000       -5960.033    -6028.215       68.182   594.0
70.8000       -5960.660    -6029.817       69.157   602.5
71.0000       -5963.253    -6032.681       69.428   604.9
71.2000       -5962.001    -6034.214       72.213   629.1
71.4000       -5961.139    -6029.020       67.881   591.4
71.6000       -5957.769    -6028.985       71.216   620.4
71.8000       -5955.376    -6026.260       70.884   617.5
72.0000       -5955.148    -6028.086       72.938   635.4
72.2000       -5960.021    -6030.998       70.976   618.4
72.4000       -5956.360    -6029.463       73.104   636.9
72.6000       -5955.519    -6024.410       68.891   600.2
72.8000       -5955.069    -6026.166       71.097   619.4
73.0000       -5954.975    -6028.173       73.198   637.7
73.2000       -5956.374    -6026.568       70.194   611.5
73.4000       -5957.503    -6028.859       71.356   621.7
73.6000       -5956.303    -6028.509       72.206   629.1
73.8000       -5957.228    -6027.508       70.280   612.3
74.0000       -5958.991    -6030.229       71.238   620.6
74.2000       -5959.090    -6030.721       71.631   624.1
74.4000       -5961.985    -6032.946       70.961   618.2
74.6000       -5959.258    -6031.347       72.089   628.0
74.8000       -5959.010    -6031.299       72.290   629.8
75.0000       -5958.109    -6028.498       70.389   613.2
75.2000       -5957.207    -6029.189       71.982   627.1
75.4000       -5956.028    -6025.604       69.575   606.1
75.6000       -5952.559    -6025.220       72.661   633.0
75.8000       -5954.339    -6026.088       71.749   625.1
76.0000       -5958.602    -6029.552       70.950   618.1
76.2000       -5961.015    -6029.031       68.016   592.6
76.4000       -5960.579    -6031.235       70.657   615.6
76.6000       -5958.286    -6029.307       71.021   618.7
76.8000       -5958.911    -6027.375       68.464   596.5
77.0000       -5958.867    -6029.874       71.007   618.6
77.2000       -5958.623    -6028.940       70.317   612.6
77.4000       -5959.208    -6030.053       70.845   617.2
77.6000       -5958.109    -6029.437       71.328   621.4
77.8000       -5960.697    -6028.732       68.035   592.7
78.0000       -5955.889    -6027.248       71.359   621.7
78.2000       -5959.742    -6029.183       69.441   605.0
78.4000       -5963.395    -6032.663       69.268   603.5
78.6000       -5960.671    -6029.613       68.942   600.6
78.8000       -5961.284    -6030.224       68.941   600.6
79.0000       -5958.252    -6029.676       71.424   622.3
79.2000       -5959.388    -6030.361       70.973   618.3
79.4000       -5959.108    -6029.051       69.943   609.3
79.6000       -5959.450    -6029.539       70.090   610.6
79.8000       -5958.061    -6030.250       72.189   628.9
80.0000       -5954.102    -6027.953       73.851   643.4
80.2000       -5958.159    -6029.797       71.637   624.1
80.4000       -5954.527    -6026.627       72.100   628.1
80.6000       -5955.565    -6026.828       71.263   620.8
80.8000       -5956.129    -6026.090       69.961   609.5
81.0000       -5953.221    -6024.213       70.992   618.5
81.2000       -5957.670    -6027.016       69.346   604.2
81.4000       -5956.732    -6027.092       70.360   613.0
81.6000       -5956.172    -6024.586       68.414   596.0
81.8000       -5958.534    -6026.812       68.278   594.8
82.0000       -5959.139    -6031.658       72.519   631.8
82.2000       -5962.921    -6032.251       69.331   604.0
82.4000       -5958.533    -6026.615       68.082   593.1
82.6000       -5960.060    -6030.301       70.241   611.9
82.8000       -5959.710    -6028.822       69.112   602.1
83.0000       -5957.893    -6029.174       71.281   621.0
83.2000       -5963.447    -6033.281       69.834   608.4
83.4000       -5958.568    -6027.603       69.035   601.4
83.6000       -5958.349    -6028.688       70.339   612.8
83.8000       -5956.253    -6027.187       70.934   618.0
84.0000       -5959.165    -6026.898       67.734   590.1
84.2000       -5961.406    -6030.361       68.955   600.7
84.4000       -5961.403    -6031.389       69.986   609.7
84.6000       -5961.846    -6028.900       67.055   584.2
84.8000       -5960.671    -6030.716       70.045   610.2
85.0000       -5956.820    -6025.415       68.596   597.6
85.2000       -5953.748    -6029.703       75.955   661.7
85.4000       -5956.461    -6027.711       71.251   620.7
85.6000       -5953.831    -6025.720       71.889   626.3
85.8000       -5954.785    -6026.112       71.327   621.4
86.0000       -5957.498    -6025.438       67.940   591.9
86.2000       -5956.671    -6028.010       71.339   621.5
86.4000       -5958.356    -6026.276       67.920   591.7
86.6000       -5956.834    -6027.081       70.247   612.0
86.8000       -5957.819    -6029.156       71.337   621.5
87.0000       -5955.462    -6029.653       74.191   646.4
87.2000       -5958.457    -6031.207       72.750   633.8
87.4000       -5959.242    -6030.040       70.799   616.8
87.6000       -5956.942    -6031.148       74.206   646.5
87.8000       -5958.853    -6030.385       71.532   623.2
88.0000       -5956.701    -6030.726       74.025   644.9
88.2000       -5955.460    -6026.192       70.733   616.2
88.4000       -5954.421    -6024.447       70.026   610.1
88.6000       -5949.480    -6023.537       74.057   645.2
88.8000       -5951.063    -6024.409       73.346   639.0
89.0000       -5956.908    -6029.626       72.718   633.5
89.2000       -5956.744    -6027.309       70.565   614.8
89.4000       -5955.345    -6027.549       72.204   629.1
89.6000       -5957.213    -6029.978       72.764   633.9
89.8000       -5958.393    -6029.351       70.958   618.2
90.0000       -5958.870    -6030.680       71.809   625.6
90.2000       -5960.466    -6030.660       70.194   611.5
90.4000       -5957.843    -6029.161       71.318   621.3
90.6000       -5956.127    -6028.201       72.074   627.9
90.8000       -5958.121    -6027.057       68.935   600.6
91.0000       -5953.553    -6024.655       71.102   619.4
91.2000       -5948.382    -6023.816       75.434   657.2
91.4000       -5953.654    -6026.251       72.597   632.5
91.6000       -5955.287    -6028.525       73.238   638.1
91.8000       -5961.243    -6030.044       68.801   599.4
92.0000       -5960.647    -6030.111       69.464   605.2
92.2000       -5959.805    -6028.492       68.687   598.4
92.4000       -5961.939    -6030.425       68.486   596.7
92.6000       -5961.848    -6028.944       67.096   584.6
92.8000       -5960.662    -6028.897       68.235   594.5
93.0000       -5955.148    -6028.233       73.085   636.7
93.2000       -5959.675    -6028.857       69.182   602.7
93.4000       -5961.665    -6030.292       68.628   597.9
93.6000       -5957.448    -6029.340       71.892   626.3
93.8000       -5956.307    -6027.689       71.382   621.9
94.0000       -5956.353    -6027.613       71.260   620.8
94.2000       -5960.155    -6030.286       70.130   611.0
94.4000       -5961.918    -6027.869       65.950   574.6
94.6000       -5959.473    -6029.365       69.892   608.9
94.8000       -5955.638    -6027.046       71.408   622.1
95.0000       -5956.245    -6025.794       69.549   605.9
95.2000       -5957.991    -6028.836       70.845   617.2
95.4000       -5960.991    -6028.939       67.948   592.0
95.6000       -5956.943    -6029.034       72.091   628.1
95.8000       -5957.473    -6028.706       71.233   620.6
96.0000       -5957.194    -6026.896       69.702   607.2
96.2000       -5955.199    -6026.576       71.377   621.8
96.4000       -5951.737    -6025.893       74.156   646.1
96.6000       -5955.920    -6031.141       75.221   655.3
96.8000       -5957.005    -6028.305       71.301   621.2
97.0000       -5957.450    -6027.880       70.431   613.6
97.2000       -5958.987    -6029.579       70.592   615.0
97.4000       -5956.504    -6029.832       73.328   638.8
97.6000       -5955.845    -6026.105       70.260   612.1
97.8000       -5960.232    -6027.797       67.564   588.6
98.0000       -5958.731    -6027.683       68.952   600.7
98.2000       -5951.788    -6024.851       73.063   636.5
98.4000       -5952.873    -6025.279       72.406   630.8
98.6000       -5953.042    -6025.575       72.532   631.9
98.8000       -5955.343    -6026.600       71.257   620.8
99.0000       -5955.084    -6028.281       73.197   637.7
99.2000       -5957.485    -6030.930       73.445   639.9
99.4000       -5958.953    -6030.436       71.483   622.8
99.6000       -5957.940    -6028.714       70.774   616.6
99.8000       -5958.709    -6029.821       71.112   619.5
100.0000      -5961.281    -6030.621       69.340   604.1
100.2000      -5955.963    -6027.480       71.517   623.1
100.4000      -5958.004    -6030.217       72.213   629.1
100.6000      -5957.021    -6026.941       69.920   609.1
100.8000      -5955.974    -6027.425       71.452   622.5
101.0000      -5956.788    -6025.898       69.110   602.1
101.2000      -5954.963    -6028.954       73.991   644.6
101.4000      -5955.369    -6026.193       70.825   617.0
101.6000      -5955.088    -6028.181       73.094   636.8
101.8000      -5955.986    -6028.039       72.053   627.7
102.0000      -5956.276    -6030.169       73.893   643.8
102.2000      -5956.177    -6028.850       72.674   633.1
102.4000      -5957.210    -6031.542       74.331   647.6
102.6000      -5958.206    -6029.539       71.333   621.5
102.8000      -5956.365    -6029.729       73.364   639.2
103.0000      -5955.596    -6024.095       68.499   596.8
103.2000      -5957.288    -6029.762       72.474   631.4
103.4000      -5957.198    -6027.236       70.038   610.2
103.6000      -5955.695    -6028.252       72.557   632.1
103.8000      -5954.575    -6029.765       75.190   655.1
104.0000      -5955.163    -6023.872       68.709   598.6
104.2000      -5956.316    -6028.977       72.661   633.0
104.4000      -5956.216    -6027.150       70.934   618.0
104.6000      -5957.237    -6029.918       72.681   633.2
104.8000      -5955.918    -6028.342       72.424   631.0
105.0000      -5954.143    -6026.600       72.457   631.2
105.2000      -5956.054    -6028.756       72.703   633.4
105.4000      -5956.791    -6027.604       70.813   616.9
105.6000      -5956.830    -6030.411       73.581   641.0
105.8000      -5952.807    -6026.817       74.010   644.8
106.0000      -5955.283    -6027.095       71.812   625.6
106.2000      -5956.676    -6027.375       70.700   615.9
106.4000      -5960.077    -6029.000       68.923   600.5
106.6000      -5963.146    -6032.373       69.227   603.1
106.8000      -5958.829    -6026.562       67.734   590.1
107.0000      -5955.316    -6025.634       70.318   612.6
107.2000      -5953.429    -6029.699       76.270   664.5
107.4000      -5952.971    -6027.088       74.117   645.7
107.6000      -5960.047    -6029.621       69.573   606.1
107.8000      -5959.534    -6029.949       70.414   613.5
108.0000      -5959.929    -6030.116       70.187   611.5
108.2000      -5959.199    -6028.593       69.394   604.6
108.4000      -5960.154    -6027.944       67.789   590.6
108.6000      -5957.802    -6028.013       70.211   611.7
108.8000      -5957.886    -6028.308       70.422   613.5
109.0000      -5957.194    -6028.382       71.188   620.2
109.2000      -5955.898    -6028.183       72.285   629.8
109.4000      -5957.077    -6027.960       70.883   617.5
109.6000      -5959.648    -6031.257       71.609   623.9
109.8000      -5960.645    -6029.886       69.241   603.2
110.0000      -5963.056    -6030.542       67.486   587.9
110.2000      -5959.283    -6028.652       69.369   604.4
110.4000      -5955.371    -6027.273       71.902   626.4
110.6000      -5958.123    -6027.127       69.004   601.2
110.8000      -5963.248    -6030.946       67.698   589.8
111.0000      -5962.262    -6030.824       68.562   597.3
111.2000      -5959.336    -6030.970       71.633   624.1
111.4000      -5959.767    -6030.829       71.062   619.1
111.6000      -5958.811    -6030.118       71.306   621.2
111.8000      -5956.679    -6027.803       71.124   619.6
112.0000      -5954.215    -6026.861       72.646   632.9
112.2000      -5955.943    -6027.938       71.995   627.2
112.4000      -5957.951    -6026.183       68.232   594.4
112.6000      -5955.849    -6025.926       70.077   610.5
112.8000      -5957.443    -6028.929       71.485   622.8
113.0000      -5957.417    -6028.802       71.385   621.9
113.2000      -5956.874    -6027.345       70.471   613.9
113.4000      -5957.864    -6030.636       72.773   634.0
113.6000      -5957.793    -6029.875       72.082   628.0
113.8000      -5953.386    -6026.515       73.129   637.1
114.0000      -5953.150    -6026.614       73.464   640.0
114.2000      -5951.012    -6026.293       75.281   655.9
114.4000      -5949.983    -6025.674       75.692   659.4
114.6000      -5952.319    -6025.058       72.740   633.7
114.8000      -5953.046    -6025.221       72.175   628.8
115.0000      -5956.636    -6028.381       71.745   625.1
115.2000      -5955.258    -6024.872       69.613   606.5
115.4000      -5955.046    -6025.232       70.186   611.5
115.6000      -5956.858    -6027.198       70.340   612.8
115.8000      -5958.314    -6030.573       72.259   629.5
116.0000      -5956.781    -6028.267       71.486   622.8
116.2000      -5957.809    -6028.883       71.074   619.2
116.4000      -5957.297    -6028.490       71.193   620.2
116.6000      -5955.867    -6028.584       72.718   633.5
116.8000      -5959.301    -6026.862       67.561   588.6
117.0000      -5962.070    -6030.851       68.781   599.2
117.2000      -5960.608    -6031.525       70.917   617.8
117.4000      -5957.908    -6028.847       70.938   618.0
117.6000      -5961.493    -6029.614       68.121   593.5
117.8000      -5956.159    -6028.324       72.165   628.7
118.0000      -5959.204    -6027.608       68.405   596.0
118.2000      -5955.535    -6026.894       71.358   621.7
118.4000      -5959.925    -6030.389       70.464   613.9
118.6000      -5959.723    -6030.074       70.350   612.9
118.8000      -5960.161    -6031.483       71.321   621.4
119.0000      -5959.549    -6030.085       70.537   614.5
119.2000      -5959.446    -6028.404       68.958   600.8
119.4000      -5957.309    -6029.083       71.775   625.3
119.6000      -5959.331    -6029.949       70.617   615.2
119.8000      -5961.900    -6033.068       71.168   620.0
120.0000      -5959.781    -6029.074       69.293   603.7
120.2000      -5957.103    -6026.857       69.754   607.7
120.4000      -5956.590    -6028.105       71.515   623.0
120.6000      -5953.204    -6027.310       74.106   645.6
120.8000      -5957.780    -6029.351       71.571   623.5
121.0000      -5958.496    -6029.386       70.890   617.6
121.2000      -5959.931    -6030.347       70.416   613.5
121.4000      -5958.503    -6025.870       67.367   586.9
121.6000      -5952.841    -6024.473       71.632   624.1
121.8000      -5956.456    -6026.361       69.906   609.0
122.0000      -5955.881    -6027.895       72.013   627.4
122.2000      -5955.617    -6025.056       69.439   605.0
122.4000      -5952.050    -6025.926       73.876   643.6
122.6000      -5953.339    -6026.790       73.451   639.9
122.8000      -5951.602    -6026.406       74.805   651.7
123.0000      -5954.170    -6027.620       73.450   639.9
123.2000      -5958.065    -6026.834       68.769   599.1
123.4000      -5959.539    -6028.117       68.577   597.5
123.6000      -5960.864    -6029.231       68.367   595.6
123.8000      -5964.082    -6029.490       65.409   569.8
124.0000      -5961.831    -6030.867       69.035   601.4
124.2000      -5962.459    -6030.555       68.095   593.3
124.4000      -5959.066    -6028.020       68.954   600.7
124.6000      -5957.733    -6026.674       68.941   600.6
124.8000      -5959.224    -6032.844       73.620   641.4
125.0000      -5955.378    -6028.392       73.014   636.1
125.2000      -5954.600    -6027.486       72.886   635.0
125.4000      -5959.604    -6032.437       72.833   634.5
125.6000      -5960.105    -6028.876       68.771   599.1
125.8000      -5960.636    -6031.192       70.557   614.7
126.0000      -5960.206    -6028.371       68.166   593.9
126.2000      -5960.619    -6030.380       69.761   607.8
126.4000      -5964.516    -6031.456       66.940   583.2
126.6000      -5957.228    -6029.892       72.664   633.1
126.8000      -5960.517    -6029.027       68.510   596.9
127.0000      -5956.720    -6028.924       72.204   629.0
127.2000      -5958.812    -6029.135       70.323   612.7
127.4000      -5961.423    -6028.073       66.650   580.7
127.6000      -5961.118    -6028.515       67.397   587.2
127.8000      -5960.885    -6028.461       67.576   588.7
128.0000      -5959.558    -6029.809       70.250   612.0
128.2000      -5960.894    -6031.757       70.863   617.4
128.4000      -5967.385    -6031.809       64.424   561.3
128.6000      -5963.720    -6032.167       68.447   596.3
128.8000      -5956.245    -6028.046       71.801   625.5
129.0000      -5955.773    -6026.631       70.858   617.3
129.2000      -5958.892    -6031.360       72.469   631.4
129.4000      -5961.127    -6030.466       69.338   604.1
129.6000      -5959.142    -6028.893       69.751   607.7
129.8000      -5957.514    -6028.259       70.744   616.3
130.0000      -5958.379    -6029.067       70.688   615.8
130.2000      -5960.184    -6027.808       67.624   589.1
130.4000      -5959.861    -6029.927       70.066   610.4
130.6000      -5963.698    -6033.113       69.416   604.8
130.8000      -5957.300    -6029.725       72.424   631.0
131.0000      -5954.996    -6028.401       73.405   639.5
131.2000      -5955.896    -6028.269       72.373   630.5
131.4000      -5959.120    -6028.381       69.261   603.4
131.6000      -5960.204    -6029.998       69.794   608.0
131.8000      -5961.787    -6031.841       70.054   610.3
132.0000      -5959.600    -6030.488       70.888   617.6
132.2000      -5958.679    -6028.831       70.152   611.2
132.4000      -5961.252    -6032.159       70.907   617.7
132.6000      -5961.032    -6028.191       67.159   585.1
132.8000      -5961.890    -6030.867       68.977   600.9
133.0000      -5960.263    -6029.282       69.019   601.3
133.2000      -5959.487    -6028.999       69.512   605.6
133.4000      -5960.629    -6027.240       66.610   580.3
133.6000      -5962.010    -6032.381       70.371   613.1
133.8000      -5964.375    -6032.770       68.395   595.9
134.0000      -5962.462    -6028.818       66.355   578.1
134.2000      -5961.039    -6030.337       69.298   603.7
134.4000      -5957.235    -6030.283       73.048   636.4
134.6000      -5957.644    -6027.560       69.915   609.1
134.8000      -5954.580    -6028.097       73.517   640.5
135.0000      -5952.727    -6024.757       72.030   627.5
135.2000      -5955.579    -6026.496       70.917   617.8
135.4000      -5951.834    -6023.736       71.902   626.4
135.6000      -5955.103    -6026.256       71.153   619.9
135.8000      -5954.707    -6029.239       74.532   649.3
136.0000      -5958.554    -6027.804       69.250   603.3
136.2000      -5956.377    -6028.458       72.081   628.0
136.4000      -5959.837    -6030.804       70.967   618.3
136.6000      -5957.847    -6027.633       69.786   608.0
136.8000      -5958.245    -6027.311       69.066   601.7
137.0000      -5957.786    -6027.229       69.444   605.0
137.2000      -5957.352    -6029.142       71.790   625.4
137.4000      -5956.939    -6030.656       73.717   642.2
137.6000      -5958.198    -6026.568       68.370   595.6
137.8000      -5956.778    -6027.462       70.684   615.8
138.0000      -5958.117    -6028.030       69.912   609.1
138.2000      -5957.830    -6027.204       69.374   604.4
138.4000      -5956.081    -6029.249       73.167   637.4
138.6000      -5957.296    -6028.482       71.186   620.2
138.8000      -5959.468    -6030.255       70.787   616.7
139.0000      -5959.909    -6029.130       69.222   603.1
139.2000      -5960.372    -6030.780       70.409   613.4
139.4000      -5957.220    -6029.800       72.580   632.3
139.6000      -5957.886    -6029.815       71.929   626.7
139.8000      -5955.703    -6028.450       72.747   633.8
140.0000      -5958.190    -6027.667       69.477   605.3
140.2000      -5955.025    -6024.680       69.654   606.8
140.4000      -5958.351    -6028.404       70.053   610.3
140.6000      -5956.918    -6029.182       72.264   629.6
140.8000      -5961.529    -6029.899       68.370   595.6
141.0000      -5961.822    -6029.250       67.428   587.4
141.2000      -5956.783    -6028.609       71.825   625.8
141.4000      -5952.549    -6023.172       70.623   615.3
141.6000      -5951.601    -6026.102       74.501   649.1
141.8000      -5953.783    -6025.030       71.247   620.7
142.0000      -5954.301    -6026.491       72.190   628.9
142.2000      -5958.801    -6029.425       70.624   615.3
142.4000      -5956.115    -6028.476       72.361   630.4
142.6000      -5952.641    -6024.521       71.879   626.2
142.8000      -5954.667    -6028.573       73.906   643.9
143.0000      -5960.105    -6029.267       69.162   602.5
143.2000      -5958.911    -6028.439       69.529   605.7
143.4000      -5958.270    -6026.295       68.026   592.6
143.6000      -5960.908    -6030.115       69.207   602.9
143.8000      -5955.386    -6027.560       72.173   628.8
144.0000      -5953.447    -6027.669       74.222   646.6
144.2000      -5956.156    -6027.543       71.387   621.9
144.4000      -5955.115    -6027.951       72.836   634.6
144.6000      -5955.880    -6027.988       72.108   628.2
144.8000      -5953.067    -6025.706       72.639   632.8
145.0000      -5953.786    -6027.086       73.300   638.6
145.2000      -5952.583    -6027.915       75.333   656.3
145.4000      -5952.424    -6024.712       72.288   629.8
145.6000      -5957.288    -6030.693       73.405   639.5
145.8000      -5958.850    -6027.768       68.918   600.4
146.0000      -5955.977    -6024.784       68.806   599.4
146.2000      -5952.007    -6024.004       71.997   627.2
146.4000      -5953.773    -6026.698       72.925   635.3
146.6000      -5954.982    -6025.607       70.625   615.3
146.8000      -5957.632    -6030.195       72.564   632.2
147.0000      -5956.997    -6026.018       69.020   601.3
147.2000      -5956.514    -6029.045       72.531   631.9
147.4000      -5954.269    -6024.433       70.164   611.3
147.6000      -5959.449    -6028.387       68.938   600.6
147.8000      -5960.899    -6029.668       68.769   599.1
148.0000      -5959.522    -6031.660       72.138   628.5
148.2000      -5957.565    -6029.724       72.158   628.6
148.4000      -5956.379    -6027.694       71.315   621.3
148.6000      -5957.272    -6027.309       70.036   610.2
148.8000      -5954.482    -6025.936       71.454   622.5
149.0000      -5954.308    -6026.444       72.135   628.5
149.2000      -5955.914    -6029.279       73.364   639.2
149.4000      -5958.221    -6027.997       69.776   607.9
149.6000      -5961.424    -6029.727       68.302   595.1
149.8000      -5959.648    -6030.570       70.922   617.9
150.0000      -5959.349    -6026.739       67.389   587.1
150.2000      -5957.108    -6027.702       70.594   615.0
150.4000      -5957.101    -6028.875       71.774   625.3
150.6000      -5958.005    -6027.378       69.374   604.4
150.8000      -5958.197    -6028.809       70.612   615.2
151.0000      -5955.375    -6028.833       73.459   640.0
151.2000      -5956.390    -6027.395       71.005   618.6
151.4000      -5958.606    -6027.819       69.213   603.0
151.6000      -5956.137    -6026.290       70.153   611.2
151.8000      -5956.687    -6029.333       72.646   632.9
152.0000      -5957.113    -6028.895       71.782   625.4
152.2000      -5961.028    -6030.147       69.119   602.2
152.4000      -5957.684    -6025.931       68.247   594.6
152.6000      -5959.635    -6029.322       69.687   607.1
152.8000      -5964.986    -6031.078       66.092   575.8
153.0000      -5961.644    -6031.979       70.335   612.8
153.2000      -5958.940    -6028.919       69.980   609.7
153.4000      -5958.218    -6029.271       71.053   619.0
153.6000      -5956.900    -6026.884       69.984   609.7
153.8000      -5955.736    -6028.106       72.370   630.5
154.0000      -5957.137    -6028.612       71.475   622.7
154.2000      -5956.189    -6025.956       69.767   607.8
154.4000      -5957.567    -6028.206       70.639   615.4
154.6000      -5959.488    -6029.001       69.513   605.6
154.8000      -5962.489    -6032.764       70.275   612.2
155.0000      -5960.161    -6030.295       70.134   611.0
155.2000      -5959.078    -6030.117       71.039   618.9
155.4000      -5955.095    -6028.526       73.431   639.7
155.6000      -5958.954    -6028.933       69.979   609.7
155.8000      -5956.567    -6026.217       69.650   606.8
156.0000      -5958.316    -6029.579       71.263   620.9
156.2000      -5958.306    -6028.187       69.881   608.8
156.4000      -5956.542    -6028.312       71.770   625.3
156.6000      -5957.144    -6028.438       71.294   621.1
156.8000      -5958.881    -6030.897       72.017   627.4
157.0000      -5958.834    -6031.668       72.835   634.5
157.2000      -5956.426    -6028.472       72.046   627.7
157.4000      -5957.309    -6027.254       69.945   609.4
157.6000      -5953.171    -6024.596       71.425   622.3
157.8000      -5959.056    -6031.104       72.048   627.7
158.0000      -5954.780    -6027.103       72.323   630.1
158.2000      -5956.407    -6031.095       74.688   650.7
158.4000      -5956.574    -6028.028       71.454   622.5
158.6000      -5955.176    -6029.191       74.015   644.8
158.8000      -5952.334    -6023.965       71.631   624.1
159.0000      -5950.300    -6025.638       75.338   656.3
159.2000      -5953.827    -6026.904       73.076   636.6
159.4000      -5955.176    -6029.063       73.888   643.7
159.6000      -5956.242    -6027.282       71.041   618.9
159.8000      -5955.239    -6027.654       72.415   630.9
160.0000      -5954.058    -6025.210       71.152   619.9
160.2000      -5957.745    -6031.310       73.565   640.9
160.4000      -5956.677    -6029.121       72.444   631.1
160.6000      -5955.066    -6027.700       72.634   632.8
160.8000      -5955.112    -6027.552       72.440   631.1
161.0000      -5954.631    -6027.556       72.925   635.3
161.2000      -5956.568    -6027.309       70.740   616.3
161.4000      -5957.738    -6028.580       70.841   617.2
161.6000      -5957.540    -6029.964       72.424   631.0
161.8000      -5960.675    -6031.593       70.918   617.8
162.0000      -5960.813    -6030.162       69.349   604.2
162.2000      -5962.474    -6027.929       65.455   570.3
162.4000      -5960.783    -6029.443       68.661   598.2
162.6000      -5960.330    -6027.731       67.401   587.2
162.8000      -5957.787    -6031.235       73.448   639.9
163.0000      -5957.140    -6026.994       69.854   608.6
163.2000      -5953.854    -6028.005       74.151   646.0
163.4000      -5952.855    -6026.812       73.957   644.3
163.6000      -5955.030    -6028.625       73.595   641.2
163.8000      -5955.378    -6027.515       72.136   628.5
164.0000      -5956.024    -6030.405       74.381   648.0
164.2000      -5955.908    -6028.367       72.459   631.3
164.4000      -5956.688    -6030.535       73.847   643.4
164.6000      -5959.841    -6028.606       68.766   599.1
164.8000      -5960.941    -6028.513       67.572   588.7
165.0000      -5958.831    -6026.335       67.505   588.1
165.2000      -5955.988    -6027.406       71.419   622.2
165.4000      -5960.372    -6029.545       69.173   602.6
165.6000      -5958.675    -6029.474       70.799   616.8
165.8000      -5960.057    -6028.604       68.547   597.2
166.0000      -5952.494    -6026.812       74.318   647.5
166.2000      -5954.525    -6025.480       70.955   618.2
166.4000      -5956.978    -6026.631       69.653   606.8
166.6000      -5956.997    -6030.828       73.831   643.2
166.8000      -5955.551    -6027.630       72.078   628.0
167.0000      -5961.048    -6031.089       70.041   610.2
167.2000      -5956.141    -6028.432       72.290   629.8
167.4000      -5957.126    -6028.799       71.673   624.4
167.6000      -5952.679    -6027.101       74.421   648.4
167.8000      -5954.828    -6029.689       74.861   652.2
168.0000      -5954.586    -6027.027       72.442   631.1
168.2000      -5953.523    -6027.797       74.274   647.1
168.4000      -5953.677    -6025.829       72.152   628.6
168.6000      -5958.135    -6028.357       70.222   611.8
168.8000      -5961.294    -6031.707       70.413   613.4
169.0000      -5960.169    -6029.547       69.378   604.4
169.2000      -5962.406    -6030.730       68.324   595.2
169.4000      -5960.403    -6030.233       69.830   608.4
169.6000      -5957.908    -6027.958       70.051   610.3
169.8000      -5955.262    -6025.238       69.976   609.6
170.0000      -5955.253    -6026.524       71.271   620.9
170.2000      -5955.181    -6029.296       74.116   645.7
170.4000      -5955.187    -6029.218       74.031   645.0
170.6000      -5955.223    -6027.150       71.927   626.6
170.8000      -5958.716    -6030.287       71.571   623.5
171.0000      -5957.104    -6025.545       68.441   596.3
171.2000      -5957.977    -6031.356       73.380   639.3
171.4000      -5957.254    -6028.936       71.683   624.5
171.6000      -5957.671    -6027.912       70.241   611.9
171.8000      -5963.127    -6029.760       66.633   580.5
172.0000      -5959.891    -6029.956       70.064   610.4
172.2000      -5959.048    -6029.775       70.727   616.2
172.4000      -5959.120    -6028.961       69.841   608.5
172.6000      -5957.283    -6027.993       70.709   616.0
172.8000      -5956.453    -6029.488       73.035   636.3
173.0000      -5954.659    -6027.890       73.232   638.0
173.2000      -5953.746    -6026.333       72.587   632.4
173.4000      -5952.055    -6025.852       73.797   642.9
173.6000      -5957.169    -6026.787       69.618   606.5
173.8000      -5960.507    -6029.483       68.976   600.9
174.0000      -5962.062    -6031.161       69.099   602.0
174.2000      -5960.570    -6031.046       70.477   614.0
174.4000      -5961.853    -6026.655       64.801   564.6
174.6000      -5959.327    -6029.534       70.207   611.6
174.8000      -5958.936    -6027.311       68.375   595.7
175.0000      -5957.365    -6028.208       70.843   617.2
175.2000      -5951.756    -6025.323       73.566   640.9
175.4000      -5954.492    -6025.179       70.687   615.8
175.6000      -5953.478    -6028.555       75.077   654.1
175.8000      -5955.297    -6024.917       69.620   606.5
176.0000      -5955.516    -6027.576       72.060   627.8
176.2000      -5955.099    -6025.310       70.211   611.7
176.4000      -5954.328    -6027.042       72.714   633.5
176.6000      -5958.873    -6025.264       66.391   578.4
176.8000      -5957.798    -6029.828       72.030   627.5
177.0000      -5958.864    -6030.645       71.781   625.4
177.2000      -5959.517    -6027.372       67.855   591.2
177.4000      -5960.984    -6031.504       70.520   614.4
177.6000      -5958.141    -6029.825       71.684   624.5
177.8000      -5962.172    -6033.047       70.875   617.5
178.0000      -5959.162    -6029.429       70.267   612.2
178.2000      -5956.593    -6025.916       69.323   603.9
178.4000      -5960.359    -6030.298       69.939   609.3
178.6000      -5957.643    -6027.870       70.226   611.8
178.8000      -5961.141    -6030.471       69.330   604.0
179.0000      -5955.644    -6028.604       72.960   635.6
179.2000      -5957.265    -6027.880       70.615   615.2
179.4000      -5958.532    -6029.646       71.114   619.5
179.6000      -5959.288    -6024.938       65.650   571.9
179.8000      -5960.597    -6029.541       68.944   600.6
180.0000      -5963.368    -6030.665       67.297   586.3
180.2000      -5960.207    -6029.946       69.739   607.6
180.4000      -5958.890    -6028.830       69.940   609.3
180.6000      -5960.756    -6030.305       69.549   605.9
180.8000      -5958.959    -6030.159       71.201   620.3
181.0000      -5958.863    -6028.570       69.707   607.3
181.2000      -5958.194    -6028.243       70.048   610.3
181.4000      -5956.943    -6028.252       71.309   621.3
181.6000      -5956.319    -6027.896       71.577   623.6
181.8000      -5957.006    -6025.244       68.239   594.5
182.0000      -5960.614    -6030.359       69.745   607.6
182.2000      -5959.928    -6027.929       68.000   592.4
182.4000      -5957.013    -6029.893       72.879   634.9
182.6000      -5954.637    -6027.952       73.314   638.7
182.8000      -5951.563    -6025.348       73.785   642.8
183.0000      -5954.509    -6027.196       72.687   633.3
183.2000      -5955.893    -6029.205       73.312   638.7
183.4000      -5963.155    -6031.134       67.979   592.2
183.6000      -5963.046    -6031.512       68.465   596.5
183.8000      -5960.386    -6029.793       69.406   604.7
184.0000      -5960.306    -6029.128       68.821   599.6
184.2000      -5960.456    -6030.920       70.464   613.9
184.4000      -5956.371    -6028.275       71.904   626.4
184.6000      -5956.355    -6026.148       69.794   608.0
184.8000      -5954.558    -6026.027       71.469   622.6
185.0000      -5954.753    -6023.566       68.813   599.5
185.2000      -5954.190    -6027.444       73.254   638.2
185.4000      -5953.004    -6025.433       72.428   631.0
185.6000      -5958.005    -6028.764       70.758   616.5
185.8000      -5963.840    -6032.556       68.716   598.7
186.0000      -5959.998    -6028.454       68.457   596.4
186.2000      -5957.052    -6029.268       72.215   629.1
186.4000      -5960.001    -6031.562       71.560   623.4
186.6000      -5956.556    -6026.979       70.423   613.5
186.8000      -5958.691    -6028.071       69.380   604.4
187.0000      -5957.478    -6025.835       68.357   595.5
187.2000      -5956.332    -6027.855       71.523   623.1
187.4000      -5953.428    -6026.518       73.089   636.8
187.6000      -5951.087    -6025.919       74.832   651.9
187.8000      -5954.627    -6027.061       72.434   631.1
188.0000      -5955.755    -6026.537       70.782   616.7
188.2000      -5955.045    -6027.333       72.288   629.8
188.4000      -5958.516    -6028.002       69.486   605.4
188.6000      -5961.702    -6028.573       66.871   582.6
188.8000      -5960.746    -6031.281       70.534   614.5
189.0000      -5961.084    -6031.542       70.458   613.8
189.2000      -5956.947    -6027.172       70.225   611.8
189.4000      -5957.613    -6026.318       68.705   598.6
189.6000      -5959.749    -6031.232       71.483   622.8
189.8000      -5961.584    -6032.519       70.934   618.0
190.0000      -5960.291    -6028.189       67.899   591.5
190.2000      -5962.379    -6027.942       65.563   571.2
190.4000      -5961.700    -6032.461       70.761   616.5
190.6000      -5961.945    -6030.488       68.543   597.2
190.8000      -5957.121    -6025.361       68.241   594.5
191.0000      -5961.345    -6030.862       69.517   605.6
191.2000      -5960.685    -6027.501       66.816   582.1
191.4000      -5961.774    -6027.766       65.992   574.9
191.6000      -5956.242    -6026.979       70.738   616.3
191.8000      -5960.058    -6030.078       70.020   610.0
192.0000      -5963.250    -6030.680       67.430   587.5
192.2000      -5961.130    -6029.089       67.959   592.1
192.4000      -5962.025    -6029.735       67.710   589.9
192.6000      -5960.448    -6030.330       69.882   608.8
192.8000      -5958.709    -6026.002       67.294   586.3
193.0000      -5960.573    -6028.232       67.659   589.5
193.2000      -5959.950    -6032.259       72.308   630.0
193.4000      -5958.755    -6028.046       69.291   603.7
193.6000      -5958.147    -6030.809       72.661   633.0
193.8000      -5954.434    -6025.934       71.500   622.9
194.0000      -5956.133    -6027.833       71.700   624.7
194.2000      -5960.064    -6030.084       70.021   610.0
194.4000      -5966.298    -6033.776       67.479   587.9
194.6000      -5966.246    -6032.950       66.704   581.1
194.8000      -5966.969    -6032.923       65.954   574.6
195.0000      -5965.502    -6033.790       68.288   594.9
195.2000      -5962.363    -6031.623       69.260   603.4
195.4000      -5959.257    -6030.470       71.213   620.4
195.6000      -5958.942    -6032.819       73.877   643.6
195.8000      -5956.493    -6028.680       72.186   628.9
196.0000      -5956.345    -6027.613       71.267   620.9
196.2000      -5952.765    -6025.661       72.896   635.1
196.4000      -5953.374    -6022.865       69.490   605.4
196.6000      -5954.340    -6027.782       73.441   639.8
196.8000      -5955.180    -6028.742       73.562   640.9
197.0000      -5953.977    -6029.363       75.386   656.8
197.2000      -5950.306    -6022.423       72.118   628.3
197.4000      -5954.970    -6027.830       72.860   634.8
197.6000      -5954.363    -6027.032       72.669   633.1
197.8000      -5955.242    -6026.632       71.389   622.0
198.0000      -5955.855    -6027.887       72.032   627.5
198.2000      -5956.813    -6030.165       73.351   639.0
198.4000      -5957.907    -6029.989       72.083   628.0
198.6000      -5957.166    -6027.213       70.047   610.3
198.8000      -5959.475    -6029.999       70.524   614.4
199.0000      -5958.308    -6028.484       70.177   611.4
199.2000      -5961.048    -6031.495       70.447   613.7
199.4000      -5958.384    -6029.599       71.214   620.4
199.6000      -5956.339    -6027.097       70.757   616.4
199.8000      -5957.885    -6029.928       72.043   627.6
200.0000      -5958.149    -6030.167       72.018   627.4
