Time[ps]      Etot[eV]     Epot[eV]     Ekin[eV]    T[K]
0.0000        -5979.007    -6038.779       59.772   520.7
0.2000        -5978.014    -6037.311       59.297   516.6
0.4000        -5979.288    -6039.257       59.969   522.5
0.6000        -5981.889    -6039.406       57.517   501.1
0.8000        -5982.848    -6040.356       57.509   501.0
1.0000        -5979.227    -6039.771       60.544   527.5
1.2000        -5980.013    -6041.596       61.583   536.5
1.4000        -5980.077    -6038.785       58.708   511.5
1.6000        -5983.455    -6043.823       60.368   525.9
1.8000        -5982.932    -6042.643       59.711   520.2
2.0000        -5983.658    -6042.598       58.940   513.5
2.2000        -5982.968    -6040.833       57.865   504.1
2.4000        -5984.328    -6041.219       56.891   495.6
2.6000        -5983.597    -6041.965       58.368   508.5
2.8000        -5984.483    -6040.694       56.212   489.7
3.0000        -5984.922    -6043.041       58.119   506.3
3.2000        -5980.903    -6041.171       60.268   525.1
3.4000        -5980.285    -6041.420       61.135   532.6
3.6000        -5981.311    -6041.672       60.360   525.9
3.8000        -5981.255    -6041.113       59.859   521.5
4.0000        -5982.243    -6040.814       58.572   510.3
4.2000        -5981.473    -6041.208       59.734   520.4
4.4000        -5981.296    -6042.626       61.330   534.3
4.6000        -5980.395    -6038.535       58.139   506.5
4.8000        -5978.823    -6039.763       60.940   530.9
5.0000        -5977.315    -6040.387       63.071   549.5
5.2000        -5980.173    -6039.464       59.291   516.5
5.4000        -5983.969    -6041.876       57.907   504.5
5.6000        -5983.285    -6042.382       59.096   514.9
5.8000        -5980.091    -6039.412       59.320   516.8
6.0000        -5980.173    -6040.512       60.339   525.7
6.2000        -5981.720    -6041.388       59.668   519.8
6.4000        -5981.334    -6041.036       59.702   520.1
6.6000        -5983.350    -6043.379       60.029   523.0
6.8000        -5983.221    -6040.634       57.412   500.2
7.0000        -5978.356    -6039.374       61.018   531.6
7.2000        -5980.815    -6040.381       59.566   518.9
7.4000        -5979.818    -6039.102       59.284   516.5
7.6000        -5979.869    -6040.295       60.426   526.4
7.8000        -5980.831    -6041.863       61.032   531.7
8.0000        -5979.173    -6036.474       57.301   499.2
8.2000        -5980.858    -6038.477       57.618   502.0
8.4000        -5981.403    -6039.943       58.540   510.0
8.6000        -5980.589    -6040.529       59.940   522.2
8.8000        -5979.155    -6037.582       58.427   509.0
9.0000        -5981.356    -6040.888       59.531   518.6
9.2000        -5982.237    -6041.676       59.439   517.8
9.4000        -5981.789    -6039.814       58.025   505.5
9.6000        -5981.595    -6040.207       58.611   510.6
9.8000        -5978.707    -6039.357       60.650   528.4
10.0000       -5980.163    -6038.615       58.452   509.2
10.2000       -5980.300    -6041.302       61.002   531.5
10.4000       -5979.377    -6038.828       59.451   517.9
10.6000       -5979.228    -6040.348       61.120   532.5
10.8000       -5982.204    -6042.778       60.574   527.7
11.0000       -5981.379    -6038.335       56.957   496.2
11.2000       -5978.156    -6040.260       62.103   541.1
11.4000       -5976.983    -6039.332       62.349   543.2
11.6000       -5976.149    -6038.612       62.464   544.2
11.8000       -5978.538    -6038.689       60.151   524.0
12.0000       -5975.338    -6038.042       62.704   546.3
12.2000       -5977.513    -6039.027       61.514   535.9
12.4000       -5981.095    -6039.820       58.725   511.6
12.6000       -5981.730    -6040.071       58.342   508.3
12.8000       -5981.451    -6039.356       57.905   504.5
13.0000       -5980.674    -6039.840       59.166   515.5
13.2000       -5979.587    -6040.889       61.302   534.1
13.4000       -5981.481    -6041.837       60.356   525.8
13.6000       -5980.563    -6038.671       58.107   506.2
13.8000       -5981.721    -6040.542       58.821   512.5
14.0000       -5983.337    -6040.591       57.253   498.8
14.2000       -5982.130    -6041.515       59.384   517.4
14.4000       -5984.803    -6039.387       54.584   475.5
14.6000       -5982.652    -6041.920       59.267   516.3
14.8000       -5981.833    -6040.791       58.957   513.6
15.0000       -5982.687    -6042.556       59.870   521.6
15.2000       -5986.965    -6044.191       57.226   498.6
15.4000       -5985.222    -6042.063       56.841   495.2
15.6000       -5987.082    -6042.851       55.769   485.9
15.8000       -5985.667    -6041.749       56.081   488.6
16.0000       -5982.219    -6041.636       59.416   517.6
16.2000       -5980.759    -6040.976       60.217   524.6
16.4000       -5978.538    -6039.062       60.524   527.3
16.6000       -5976.556    -6038.291       61.735   537.8
16.8000       -5977.512    -6038.188       60.676   528.6
17.0000       -5977.271    -6037.117       59.846   521.4
17.2000       -5979.216    -6040.865       61.649   537.1
17.4000       -5977.020    -6037.548       60.528   527.3
17.6000       -5979.439    -6037.965       58.526   509.9
17.8000       -5977.769    -6036.774       59.006   514.1
18.0000       -5977.386    -6038.241       60.855   530.2
18.2000       -5978.361    -6038.733       60.372   526.0
18.4000       -5976.991    -6035.916       58.925   513.4
18.6000       -5977.318    -6039.766       62.449   544.1
18.8000       -5978.378    -6040.979       62.602   545.4
19.0000       -5977.530    -6040.578       63.048   549.3
19.2000       -5979.175    -6040.237       61.062   532.0
19.4000       -5976.632    -6036.921       60.288   525.2
19.6000       -5978.701    -6037.426       58.725   511.6
19.8000       -5979.441    -6040.908       61.467   535.5
20.0000       -5983.955    -6041.512       57.557   501.4
20.2000       -5980.201    -6039.882       59.681   520.0
20.4000       -5980.578    -6040.350       59.772   520.7
20.6000       -5980.992    -6042.905       61.913   539.4
20.8000       -5980.879    -6040.098       59.219   515.9
21.0000       -5978.725    -6037.962       59.237   516.1
21.2000       -5983.507    -6042.948       59.441   517.9
21.4000       -5984.010    -6042.126       58.116   506.3
21.6000       -5981.237    -6038.817       57.580   501.6
21.8000       -5980.418    -6039.885       59.466   518.1
22.0000       -5983.451    -6041.255       57.803   503.6
22.2000       -5980.406    -6039.140       58.733   511.7
22.4000       -5979.224    -6039.650       60.427   526.4
22.6000       -5981.495    -6040.512       59.017   514.2
22.8000       -5980.191    -6039.634       59.443   517.9
23.0000       -5980.725    -6039.218       58.493   509.6
23.2000       -5978.596    -6040.738       62.142   541.4
23.4000       -5981.905    -6041.125       59.220   515.9
23.6000       -5982.126    -6041.266       59.141   515.2
23.8000       -5983.887    -6041.443       57.556   501.4
24.0000       -5985.579    -6044.722       59.143   515.3
24.2000       -5984.786    -6045.472       60.685   528.7
24.4000       -5983.749    -6043.013       59.263   516.3
24.6000       -5980.564    -6039.633       59.069   514.6
24.8000       -5979.015    -6040.093       61.078   532.1
25.0000       -5982.953    -6041.679       58.725   511.6
25.2000       -5983.783    -6041.566       57.784   503.4
25.4000       -5984.926    -6042.666       57.740   503.0
25.6000       -5980.570    -6039.893       59.323   516.8
25.8000       -5979.533    -6040.163       60.630   528.2
26.0000       -5981.164    -6039.284       58.120   506.3
26.2000       -5979.099    -6039.103       60.004   522.8
26.4000       -5979.577    -6036.963       57.385   499.9
26.6000       -5980.065    -6038.702       58.637   510.8
26.8000       -5977.768    -6040.151       62.382   543.5
27.0000       -5979.992    -6039.161       59.169   515.5
27.2000       -5980.319    -6039.711       59.392   517.4
27.4000       -5976.782    -6039.792       63.010   548.9
27.6000       -5978.650    -6036.488       57.839   503.9
27.8000       -5979.398    -6038.877       59.480   518.2
28.0000       -5979.720    -6040.414       60.694   528.8
28.2000       -5979.171    -6041.656       62.486   544.4
28.4000       -5978.552    -6038.485       59.933   522.1
28.6000       -5979.998    -6042.879       62.882   547.8
28.8000       -5977.284    -6039.733       62.449   544.1
29.0000       -5976.934    -6036.113       59.178   515.6
29.2000       -5976.156    -6036.952       60.797   529.7
29.4000       -5975.294    -6037.790       62.496   544.5
29.6000       -5978.445    -6039.829       61.384   534.8
29.8000       -5982.711    -6041.235       58.524   509.9
30.0000       -5978.687    -6037.614       58.926   513.4
30.2000       -5980.373    -6042.425       62.052   540.6
30.4000       -5981.395    -6038.673       57.278   499.0
30.6000       -5981.462    -6042.870       61.408   535.0
30.8000       -5980.814    -6039.347       58.533   509.9
31.0000       -5980.132    -6039.671       59.539   518.7
31.2000       -5978.699    -6039.610       60.911   530.7
31.4000       -5978.152    -6038.984       60.831   530.0
31.6000       -5979.677    -6038.847       59.170   515.5
31.8000       -5979.954    -6039.358       59.404   517.5
32.0000       -5981.734    -6041.938       60.204   524.5
32.2000       -5977.584    -6037.526       59.941   522.2
32.4000       -5977.313    -6039.562       62.249   542.3
32.6000       -5980.733    -6041.157       60.423   526.4
32.8000       -5979.668    -6037.000       57.332   499.5
33.0000       -5980.636    -6040.411       59.775   520.8
33.2000       -5980.335    -6039.858       59.523   518.6
33.4000       -5983.721    -6043.408       59.688   520.0
33.6000       -5983.263    -6042.058       58.795   512.2
33.8000       -5983.107    -6042.117       59.010   514.1
34.0000       -5982.860    -6040.812       57.953   504.9
34.2000       -5980.290    -6040.021       59.731   520.4
34.4000       -5979.289    -6042.921       63.632   554.4
34.6000       -5976.336    -6039.712       63.375   552.1
34.8000       -5978.379    -6039.899       61.521   536.0
35.0000       -5977.584    -6040.848       63.264   551.2
35.2000       -5977.991    -6038.492       60.501   527.1
35.4000       -5980.298    -6041.678       61.380   534.7
35.6000       -5981.158    -6039.046       57.888   504.3
35.8000       -5985.700    -6043.844       58.144   506.6
36.0000       -5984.667    -6042.089       57.422   500.3
36.2000       -5980.681    -6041.190       60.509   527.2
36.4000       -5977.551    -6038.557       61.005   531.5
36.6000       -5977.285    -6038.844       61.559   536.3
36.8000       -5977.610    -6040.790       63.180   550.4
37.0000       -5981.586    -6039.057       57.471   500.7
37.2000       -5979.808    -6039.335       59.527   518.6
37.4000       -5979.999    -6039.695       59.696   520.1
37.6000       -5979.096    -6042.119       63.023   549.1
37.8000       -5979.827    -6039.383       59.556   518.9
38.0000       -5983.518    -6041.095       57.578   501.6
38.2000       -5983.184    -6042.553       59.369   517.2
38.4000       -5982.789    -6041.234       58.446   509.2
38.6000       -5982.074    -6041.158       59.084   514.7
38.8000       -5985.479    -6042.519       57.040   496.9
39.0000       -5981.656    -6040.099       58.442   509.2
39.2000       -5985.339    -6043.796       58.458   509.3
39.4000       -5983.380    -6042.250       58.870   512.9
39.6000       -5982.988    -6041.338       58.350   508.4
39.8000       -5981.582    -6042.289       60.707   528.9
40.0000       -5980.893    -6038.943       58.050   505.7
40.2000       -5978.601    -6042.497       63.896   556.7
40.4000       -5979.952    -6038.748       58.796   512.2
40.6000       -5981.489    -6041.672       60.184   524.3
40.8000       -5980.803    -6041.274       60.471   526.8
41.0000       -5982.142    -6042.694       60.551   527.5
41.2000       -5980.488    -6040.794       60.306   525.4
41.4000       -5984.216    -6039.625       55.409   482.7
41.6000       -5982.160    -6041.121       58.961   513.7
41.8000       -5982.444    -6041.613       59.169   515.5
42.0000       -5979.831    -6040.849       61.018   531.6
42.2000       -5980.003    -6039.528       59.525   518.6
42.4000       -5981.884    -6039.360       57.476   500.7
42.6000       -5980.204    -6041.080       60.876   530.4
42.8000       -5979.823    -6038.596       58.773   512.0
43.0000       -5979.605    -6040.758       61.153   532.8
43.2000       -5981.987    -6041.426       59.439   517.8
43.4000       -5986.339    -6042.477       56.138   489.1
43.6000       -5984.778    -6042.559       57.780   503.4
43.8000       -5980.161    -6039.671       59.510   518.5
44.0000       -5982.587    -6038.338       55.751   485.7
44.2000       -5979.503    -6040.664       61.160   532.8
44.4000       -5978.491    -6038.220       59.730   520.4
44.6000       -5980.304    -6041.270       60.965   531.1
44.8000       -5980.955    -6042.161       61.206   533.2
45.0000       -5983.831    -6043.754       59.923   522.1
45.2000       -5981.943    -6038.123       56.180   489.5
45.4000       -5982.259    -6041.054       58.795   512.2
45.6000       -5980.905    -6039.968       59.063   514.6
45.8000       -5982.135    -6040.719       58.583   510.4
46.0000       -5977.912    -6038.884       60.972   531.2
46.2000       -5979.502    -6040.887       61.385   534.8
46.4000       -5981.435    -6042.435       61.000   531.4
46.6000       -5983.626    -6040.905       57.279   499.0
46.8000       -5986.520    -6044.009       57.489   500.8
47.0000       -5984.176    -6041.881       57.705   502.7
47.2000       -5986.847    -6042.660       55.813   486.2
47.4000       -5981.902    -6039.109       57.207   498.4
47.6000       -5980.755    -6041.351       60.596   527.9
47.8000       -5983.099    -6042.107       59.008   514.1
48.0000       -5982.655    -6040.602       57.947   504.8
48.2000       -5981.123    -6041.550       60.427   526.4
48.4000       -5983.547    -6042.388       58.841   512.6
48.6000       -5983.463    -6039.847       56.384   491.2
48.8000       -5981.700    -6039.469       57.769   503.3
49.0000       -5980.818    -6041.967       61.149   532.7
49.2000       -5985.047    -6041.831       56.784   494.7
49.4000       -5984.377    -6043.653       59.277   516.4
49.6000       -5981.696    -6040.975       59.279   516.4
49.8000       -5978.548    -6039.485       60.937   530.9
50.0000       -5976.893    -6039.299       62.407   543.7
50.2000       -5978.358    -6039.178       60.820   529.9
50.4000       -5979.394    -6038.818       59.425   517.7
50.6000       -5978.507    -6038.631       60.124   523.8
50.8000       -5978.776    -6039.091       60.315   525.5
51.0000       -5983.320    -6041.703       58.383   508.6
51.2000       -5982.943    -6040.721       57.778   503.4
51.4000       -5985.150    -6043.966       58.816   512.4
51.6000       -5983.694    -6040.499       56.805   494.9
51.8000       -5984.149    -6042.063       57.915   504.6
52.0000       -5984.520    -6042.517       57.997   505.3
52.2000       -5985.583    -6040.152       54.569   475.4
52.4000       -5983.432    -6041.448       58.016   505.4
52.6000       -5980.670    -6039.530       58.860   512.8
52.8000       -5981.672    -6040.653       58.981   513.8
53.0000       -5981.712    -6040.279       58.567   510.2
53.2000       -5982.062    -6041.351       59.289   516.5
53.4000       -5984.873    -6044.106       59.233   516.0
53.6000       -5981.974    -6040.054       58.081   506.0
53.8000       -5981.358    -6041.663       60.305   525.4
54.0000       -5981.492    -6040.817       59.326   516.9
54.2000       -5979.987    -6038.609       58.622   510.7
54.4000       -5982.394    -6041.245       58.851   512.7
54.6000       -5979.785    -6041.798       62.013   540.3
54.8000       -5983.610    -6044.199       60.589   527.9
55.0000       -5983.762    -6041.880       58.118   506.3
55.2000       -5979.768    -6040.600       60.832   530.0
55.4000       -5979.590    -6040.040       60.450   526.6
55.6000       -5975.083    -6036.104       61.021   531.6
55.8000       -5978.627    -6040.461       61.834   538.7
56.0000       -5984.587    -6041.569       56.982   496.4
56.2000       -5981.668    -6040.794       59.126   515.1
56.4000       -5980.269    -6037.342       57.073   497.2
56.6000       -5978.821    -6040.183       61.361   534.6
56.8000       -5978.906    -6038.342       59.436   517.8
57.0000       -5980.026    -6041.156       61.130   532.6
57.2000       -5982.094    -6042.782       60.688   528.7
57.4000       -5984.490    -6042.756       58.266   507.6
57.6000       -5982.196    -6040.599       58.403   508.8
57.8000       -5981.534    -6038.409       56.875   495.5
58.0000       -5981.839    -6042.694       60.855   530.2
58.2000       -5980.543    -6039.662       59.119   515.1
58.4000       -5980.461    -6040.839       60.378   526.0
58.6000       -5979.260    -6038.538       59.278   516.4
58.8000       -5979.137    -6040.499       61.362   534.6
59.0000       -5981.588    -6039.151       57.563   501.5
59.2000       -5982.449    -6041.181       58.732   511.7
59.4000       -5979.839    -6038.236       58.397   508.8
59.6000       -5981.883    -6041.092       59.210   515.8
59.8000       -5983.748    -6043.640       59.891   521.8
60.0000       -5984.526    -6045.510       60.984   531.3
60.2000       -5982.012    -6039.659       57.648   502.2
60.4000       -5981.382    -6042.632       61.250   533.6
60.6000       -5979.436    -6038.397       58.961   513.7
60.8000       -5977.137    -6037.356       60.219   524.6
61.0000       -5977.269    -6039.892       62.622   545.6
61.2000       -5978.188    -6039.071       60.883   530.4
61.4000       -5981.874    -6037.651       55.777   485.9
61.6000       -5978.679    -6040.144       61.465   535.5
61.8000       -5981.068    -6039.795       58.727   511.6
62.0000       -5983.706    -6043.170       59.464   518.1
62.2000       -5983.741    -6043.065       59.325   516.8
62.4000       -5982.105    -6040.579       58.474   509.4
62.6000       -5984.308    -6042.039       57.730   503.0
62.8000       -5983.196    -6043.979       60.783   529.5
63.0000       -5983.659    -6041.154       57.495   500.9
63.2000       -5984.717    -6044.087       59.370   517.2
63.4000       -5983.442    -6041.269       57.827   503.8
63.6000       -5982.403    -6042.759       60.356   525.8
63.8000       -5977.143    -6037.761       60.618   528.1
64.0000       -5977.967    -6040.071       62.104   541.1
64.2000       -5979.046    -6039.277       60.231   524.7
64.4000       -5981.214    -6039.965       58.751   511.8
64.6000       -5982.704    -6042.139       59.435   517.8
64.8000       -5981.760    -6041.087       59.327   516.9
65.0000       -5983.094    -6041.812       58.718   511.6
65.2000       -5984.210    -6044.729       60.519   527.3
65.4000       -5984.936    -6042.989       58.053   505.8
65.6000       -5984.490    -6041.778       57.288   499.1
65.8000       -5981.328    -6039.419       58.091   506.1
66.0000       -5979.907    -6039.941       60.035   523.0
66.2000       -5981.354    -6040.757       59.403   517.5
66.4000       -5982.077    -6040.930       58.853   512.7
66.6000       -5980.446    -6039.215       58.769   512.0
66.8000       -5979.617    -6041.492       61.876   539.1
67.0000       -5979.991    -6039.678       59.686   520.0
67.2000       -5976.614    -6037.991       61.376   534.7
67.4000       -5977.210    -6038.198       60.988   531.3
67.6000       -5978.251    -6038.843       60.593   527.9
67.8000       -5979.102    -6039.510       60.409   526.3
68.0000       -5979.940    -6038.658       58.718   511.6
68.2000       -5978.755    -6038.194       59.439   517.8
68.4000       -5982.332    -6040.807       58.476   509.4
68.6000       -5982.535    -6042.429       59.894   521.8
68.8000       -5980.941    -6040.485       59.544   518.8
69.0000       -5977.086    -6037.957       60.871   530.3
69.2000       -5979.816    -6041.414       61.598   536.6
69.4000       -5982.880    -6041.084       58.205   507.1
69.6000       -5985.501    -6042.644       57.143   497.8
69.8000       -5987.047    -6042.135       55.088   479.9
70.0000       -5984.723    -6041.644       56.921   495.9
70.2000       -5981.305    -6042.916       61.611   536.8
70.4000       -5980.884    -6039.134       58.250   507.5
70.6000       -5982.229    -6040.275       58.046   505.7
70.8000       -5983.094    -6040.020       56.926   495.9
71.0000       -5983.272    -6039.485       56.213   489.7
71.2000       -5983.840    -6043.314       59.475   518.1
71.4000       -5980.722    -6038.574       57.851   504.0
71.6000       -5981.134    -6041.563       60.430   526.5
71.8000       -5983.469    -6043.224       59.754   520.6
72.0000       -5981.158    -6039.421       58.264   507.6
72.2000       -5980.043    -6038.411       58.368   508.5
72.4000       -5979.799    -6039.471       59.672   519.9
72.6000       -5984.039    -6042.233       58.194   507.0
72.8000       -5982.956    -6040.389       57.433   500.4
73.0000       -5981.512    -6039.981       58.469   509.4
73.2000       -5980.361    -6040.250       59.889   521.8
73.4000       -5979.283    -6038.542       59.259   516.3
73.6000       -5979.157    -6037.365       58.209   507.1
73.8000       -5977.818    -6039.899       62.081   540.9
74.0000       -5979.210    -6038.901       59.691   520.0
74.2000       -5978.174    -6036.894       58.720   511.6
74.4000       -5976.896    -6039.963       63.068   549.5
74.6000       -5976.524    -6037.352       60.828   529.9
74.8000       -5978.944    -6039.797       60.853   530.2
75.0000       -5976.813    -6038.723       61.910   539.4
75.2000       -5975.368    -6038.035       62.667   546.0
75.4000       -5974.017    -6037.287       63.270   551.2
75.6000       -5978.777    -6038.576       59.799   521.0
75.8000       -5980.600    -6040.009       59.409   517.6
76.0000       -5981.981    -6043.146       61.166   532.9
76.2000       -5980.313    -6040.953       60.640   528.3
76.4000       -5979.620    -6040.295       60.675   528.6
76.6000       -5979.106    -6039.406       60.299   525.3
76.8000       -5981.385    -6040.285       58.900   513.1
77.0000       -5984.133    -6042.609       58.476   509.5
77.2000       -5979.340    -6038.440       59.100   514.9
77.4000       -5980.283    -6037.820       57.538   501.3
77.6000       -5979.708    -6040.269       60.561   527.6
77.8000       -5981.905    -6040.301       58.396   508.7
78.0000       -5977.253    -6037.878       60.625   528.2
78.2000       -5979.468    -6038.939       59.472   518.1
78.4000       -5982.391    -6039.602       57.210   498.4
78.6000       -5982.627    -6041.778       59.152   515.3
78.8000       -5982.287    -6040.748       58.461   509.3
79.0000       -5981.690    -6041.348       59.658   519.7
79.2000       -5984.758    -6042.308       57.550   501.4
79.4000       -5985.881    -6039.273       53.392   465.2
79.6000       -5987.099    -6043.892       56.792   494.8
79.8000       -5985.823    -6043.384       57.562   501.5
80.0000       -5986.562    -6044.430       57.867   504.1
80.2000       -5983.647    -6042.947       59.301   516.6
80.4000       -5981.684    -6039.490       57.805   503.6
80.6000       -5983.021    -6042.091       59.070   514.6
80.8000       -5981.997    -6040.249       58.251   507.5
81.0000       -5983.338    -6042.181       58.843   512.6
81.2000       -5981.624    -6040.573       58.949   513.6
81.4000       -5982.882    -6040.429       57.548   501.4
81.6000       -5983.600    -6043.545       59.946   522.3
81.8000       -5975.988    -6038.626       62.638   545.7
82.0000       -5978.151    -6040.343       62.192   541.8
82.2000       -5980.050    -6041.670       61.620   536.8
82.4000       -5977.354    -6038.936       61.582   536.5
82.6000       -5981.649    -6040.956       59.307   516.7
82.8000       -5979.348    -6038.838       59.491   518.3
83.0000       -5979.827    -6041.065       61.237   533.5
83.2000       -5978.091    -6040.726       62.635   545.7
83.4000       -5983.044    -6040.160       57.116   497.6
83.6000       -5984.937    -6044.578       59.641   519.6
83.8000       -5983.392    -6041.830       58.438   509.1
84.0000       -5979.325    -6039.130       59.805   521.0
84.2000       -5977.258    -6039.774       62.516   544.6
84.4000       -5977.246    -6037.766       60.520   527.3
84.6000       -5976.820    -6037.990       61.170   532.9
84.8000       -5975.420    -6037.792       62.372   543.4
85.0000       -5979.016    -6039.192       60.176   524.3
85.2000       -5980.451    -6040.715       60.265   525.0
85.4000       -5982.172    -6041.875       59.703   520.1
85.6000       -5980.928    -6039.121       58.193   507.0
85.8000       -5980.114    -6040.837       60.723   529.0
86.0000       -5981.373    -6040.784       59.411   517.6
86.2000       -5982.251    -6040.860       58.609   510.6
86.4000       -5980.600    -6040.429       59.829   521.2
86.6000       -5980.727    -6040.284       59.556   518.9
86.8000       -5981.570    -6041.070       59.500   518.4
87.0000       -5979.754    -6040.031       60.277   525.1
87.2000       -5979.928    -6040.816       60.888   530.5
87.4000       -5981.015    -6040.897       59.882   521.7
87.6000       -5982.206    -6040.036       57.830   503.8
87.8000       -5979.745    -6041.625       61.880   539.1
88.0000       -5982.155    -6043.478       61.322   534.2
88.2000       -5982.624    -6041.274       58.651   511.0
88.4000       -5984.870    -6043.673       58.804   512.3
88.6000       -5985.145    -6042.783       57.638   502.1
88.8000       -5983.009    -6039.803       56.794   494.8
89.0000       -5981.561    -6039.385       57.824   503.8
89.2000       -5978.918    -6040.474       61.556   536.3
89.4000       -5979.752    -6039.844       60.092   523.5
89.6000       -5980.629    -6039.570       58.941   513.5
89.8000       -5978.743    -6038.001       59.258   516.3
90.0000       -5981.619    -6041.862       60.243   524.8
90.2000       -5981.537    -6041.229       59.692   520.0
90.4000       -5980.126    -6040.107       59.981   522.6
90.6000       -5983.178    -6044.168       60.991   531.4
90.8000       -5981.231    -6039.164       57.933   504.7
91.0000       -5977.120    -6038.998       61.878   539.1
91.2000       -5979.844    -6041.561       61.717   537.7
91.4000       -5979.986    -6037.244       57.258   498.8
91.6000       -5983.193    -6039.374       56.181   489.5
91.8000       -5983.343    -6040.978       57.634   502.1
92.0000       -5983.978    -6040.690       56.713   494.1
92.2000       -5981.156    -6038.861       57.705   502.7
92.4000       -5980.939    -6041.715       60.776   529.5
92.6000       -5981.505    -6040.705       59.200   515.8
92.8000       -5980.057    -6041.391       61.335   534.4
93.0000       -5979.132    -6039.312       60.180   524.3
93.2000       -5981.436    -6039.276       57.840   503.9
93.4000       -5983.405    -6041.974       58.569   510.3
93.6000       -5983.855    -6041.468       57.613   501.9
93.8000       -5981.536    -6039.372       57.835   503.9
94.0000       -5984.468    -6043.049       58.580   510.4
94.2000       -5986.020    -6045.026       59.007   514.1
94.4000       -5985.015    -6043.815       58.799   512.3
94.6000       -5985.384    -6041.724       56.340   490.8
94.8000       -5983.957    -6043.494       59.537   518.7
95.0000       -5984.365    -6042.172       57.807   503.6
95.2000       -5985.155    -6041.247       56.092   488.7
95.4000       -5982.836    -6041.244       58.408   508.9
95.6000       -5981.628    -6040.904       59.276   516.4
95.8000       -5981.483    -6040.447       58.964   513.7
96.0000       -5979.375    -6038.945       59.570   519.0
96.2000       -5979.795    -6040.205       60.410   526.3
96.4000       -5981.549    -6039.926       58.377   508.6
96.6000       -5984.106    -6043.003       58.897   513.1
96.8000       -5981.493    -6040.110       58.617   510.7
97.0000       -5981.825    -6040.256       58.431   509.1
97.2000       -5981.938    -6042.055       60.117   523.7
97.4000       -5984.378    -6040.450       56.072   488.5
97.6000       -5984.329    -6041.479       57.150   497.9
97.8000       -5983.755    -6041.647       57.892   504.4
98.0000       -5981.641    -6042.493       60.852   530.1
98.2000       -5979.748    -6039.148       59.401   517.5
98.4000       -5979.094    -6040.942       61.849   538.8
98.6000       -5981.417    -6040.178       58.762   511.9
98.8000       -5981.408    -6041.145       59.737   520.4
99.0000       -5980.982    -6042.666       61.684   537.4
99.2000       -5979.972    -6040.214       60.242   524.8
99.4000       -5981.707    -6040.846       59.139   515.2
99.6000       -5981.367    -6039.860       58.494   509.6
99.8000       -5982.898    -6043.309       60.410   526.3
100.0000      -5982.501    -6041.923       59.422   517.7
100.2000      -5983.135    -6042.447       59.312   516.7
100.4000      -5981.009    -6041.084       60.076   523.4
100.6000      -5982.456    -6042.829       60.373   526.0
100.8000      -5981.679    -6037.850       56.171   489.4
101.0000      -5982.923    -6042.288       59.365   517.2
101.2000      -5980.277    -6042.456       62.179   541.7
101.4000      -5979.714    -6041.644       61.930   539.5
101.6000      -5981.204    -6040.714       59.510   518.5
101.8000      -5981.825    -6042.386       60.561   527.6
102.0000      -5980.419    -6037.414       56.995   496.5
102.2000      -5980.586    -6039.988       59.402   517.5
102.4000      -5980.067    -6038.115       58.049   505.7
102.6000      -5978.082    -6038.578       60.495   527.0
102.8000      -5979.781    -6039.568       59.788   520.9
103.0000      -5980.828    -6040.159       59.331   516.9
103.2000      -5981.805    -6042.006       60.200   524.5
103.4000      -5980.269    -6040.101       59.832   521.3
103.6000      -5981.849    -6041.531       59.682   520.0
103.8000      -5979.628    -6040.492       60.865   530.3
104.0000      -5981.971    -6041.493       59.521   518.6
104.2000      -5980.250    -6039.385       59.135   515.2
104.4000      -5979.991    -6042.555       62.565   545.1
104.6000      -5978.714    -6038.279       59.565   518.9
104.8000      -5978.941    -6040.177       61.236   533.5
105.0000      -5981.588    -6042.166       60.578   527.8
105.2000      -5981.114    -6040.278       59.164   515.4
105.4000      -5981.521    -6040.074       58.553   510.1
105.6000      -5981.136    -6040.359       59.223   516.0
105.8000      -5981.286    -6043.029       61.742   537.9
106.0000      -5981.867    -6039.072       57.205   498.4
106.2000      -5983.682    -6040.857       57.175   498.1
106.4000      -5978.882    -6038.340       59.458   518.0
106.6000      -5977.787    -6037.712       59.925   522.1
106.8000      -5983.099    -6042.503       59.405   517.5
107.0000      -5984.288    -6041.818       57.530   501.2
107.2000      -5983.924    -6042.549       58.625   510.7
107.4000      -5979.624    -6039.023       59.400   517.5
107.6000      -5981.389    -6043.461       62.073   540.8
107.8000      -5979.650    -6040.987       61.337   534.4
108.0000      -5981.804    -6041.552       59.749   520.5
108.2000      -5981.542    -6041.557       60.014   522.9
108.4000      -5983.354    -6042.575       59.221   515.9
108.6000      -5980.524    -6042.302       61.778   538.2
108.8000      -5983.259    -6041.182       57.923   504.6
109.0000      -5978.867    -6039.158       60.291   525.3
109.2000      -5977.357    -6038.527       61.171   532.9
109.4000      -5980.094    -6040.357       60.264   525.0
109.6000      -5983.393    -6040.838       57.445   500.5
109.8000      -5985.001    -6040.877       55.876   486.8
110.0000      -5985.557    -6042.928       57.371   499.8
110.2000      -5983.834    -6043.964       60.130   523.9
110.4000      -5983.040    -6041.754       58.714   511.5
110.6000      -5983.806    -6042.541       58.735   511.7
110.8000      -5983.152    -6040.745       57.592   501.7
111.0000      -5982.305    -6041.961       59.656   519.7
111.2000      -5980.157    -6041.046       60.889   530.5
111.4000      -5978.898    -6040.403       61.505   535.8
111.6000      -5980.243    -6038.768       58.525   509.9
111.8000      -5982.530    -6042.989       60.459   526.7
112.0000      -5980.238    -6040.813       60.575   527.7
112.2000      -5981.850    -6041.443       59.594   519.2
112.4000      -5981.368    -6040.369       59.001   514.0
112.6000      -5981.338    -6039.975       58.637   510.9
112.8000      -5981.205    -6040.307       59.102   514.9
113.0000      -5980.971    -6040.150       59.179   515.6
113.2000      -5982.738    -6043.452       60.713   528.9
113.4000      -5980.215    -6040.925       60.710   528.9
113.6000      -5981.115    -6040.145       59.029   514.3
113.8000      -5980.945    -6043.393       62.447   544.0
114.0000      -5983.718    -6044.224       60.506   527.1
114.2000      -5981.955    -6042.453       60.498   527.1
114.4000      -5977.779    -6035.611       57.832   503.8
114.6000      -5980.392    -6038.442       58.050   505.7
114.8000      -5981.525    -6041.941       60.416   526.3
115.0000      -5984.315    -6041.731       57.416   500.2
115.2000      -5985.626    -6042.712       57.086   497.3
115.4000      -5984.796    -6042.019       57.223   498.5
115.6000      -5986.032    -6044.750       58.718   511.6
115.8000      -5983.832    -6043.193       59.361   517.2
116.0000      -5983.625    -6043.085       59.461   518.0
116.2000      -5981.649    -6042.340       60.691   528.7
116.4000      -5979.303    -6039.829       60.526   527.3
116.6000      -5982.289    -6044.189       61.900   539.3
116.8000      -5983.133    -6042.040       58.907   513.2
117.0000      -5983.255    -6042.467       59.212   515.9
117.2000      -5986.237    -6042.647       56.410   491.5
117.4000      -5985.467    -6040.537       55.070   479.8
117.6000      -5986.748    -6043.350       56.602   493.1
117.8000      -5982.273    -6039.457       57.184   498.2
118.0000      -5979.138    -6037.702       58.565   510.2
118.2000      -5978.295    -6038.896       60.601   528.0
118.4000      -5975.236    -6036.957       61.721   537.7
118.6000      -5976.372    -6038.586       62.215   542.0
118.8000      -5976.610    -6038.309       61.698   537.5
119.0000      -5975.074    -6036.765       61.690   537.5
119.2000      -5976.925    -6039.175       62.251   542.3
119.4000      -5977.904    -6040.519       62.615   545.5
119.6000      -5977.311    -6038.894       61.583   536.5
119.8000      -5975.856    -6036.155       60.299   525.3
120.0000      -5975.911    -6037.167       61.256   533.7
120.2000      -5977.044    -6040.830       63.786   555.7
120.4000      -5980.160    -6040.833       60.674   528.6
120.6000      -5981.302    -6041.054       59.752   520.6
120.8000      -5979.255    -6040.096       60.840   530.0
121.0000      -5978.326    -6036.729       58.403   508.8
121.2000      -5977.370    -6037.619       60.249   524.9
121.4000      -5980.231    -6040.399       60.168   524.2
121.6000      -5978.042    -6040.306       62.264   542.4
121.8000      -5980.913    -6040.121       59.208   515.8
122.0000      -5979.513    -6039.156       59.643   519.6
122.2000      -5981.872    -6041.542       59.670   519.9
122.4000      -5982.691    -6042.635       59.945   522.2
122.6000      -5981.315    -6041.084       59.769   520.7
122.8000      -5981.525    -6040.262       58.737   511.7
123.0000      -5980.831    -6036.913       56.081   488.6
123.2000      -5978.448    -6037.693       59.245   516.1
123.4000      -5974.942    -6035.610       60.667   528.5
123.6000      -5976.031    -6036.949       60.918   530.7
123.8000      -5977.436    -6039.068       61.632   536.9
124.0000      -5979.428    -6038.459       59.031   514.3
124.2000      -5980.877    -6040.753       59.876   521.6
124.4000      -5977.132    -6037.852       60.720   529.0
124.6000      -5979.910    -6038.691       58.781   512.1
124.8000      -5979.169    -6040.575       61.405   535.0
125.0000      -5978.646    -6036.565       57.919   504.6
125.2000      -5980.760    -6039.433       58.673   511.2
125.4000      -5978.827    -6038.670       59.844   521.4
125.6000      -5977.675    -6037.671       59.997   522.7
125.8000      -5975.843    -6037.547       61.705   537.6
126.0000      -5977.804    -6038.782       60.978   531.2
126.2000      -5980.300    -6040.406       60.106   523.7
126.4000      -5981.147    -6039.845       58.698   511.4
126.6000      -5982.820    -6042.888       60.068   523.3
126.8000      -5981.613    -6041.084       59.472   518.1
127.0000      -5979.000    -6039.072       60.072   523.4
127.2000      -5979.487    -6040.070       60.583   527.8
127.4000      -5979.792    -6042.504       62.712   546.4
127.6000      -5976.778    -6038.354       61.576   536.5
127.8000      -5974.860    -6037.412       62.552   545.0
128.0000      -5977.138    -6037.881       60.743   529.2
128.2000      -5977.229    -6039.802       62.573   545.1
128.4000      -5980.032    -6039.201       59.169   515.5
128.6000      -5979.810    -6041.466       61.656   537.2
128.8000      -5980.478    -6039.913       59.435   517.8
129.0000      -5978.516    -6040.137       61.621   536.8
129.2000      -5978.559    -6039.768       61.209   533.3
129.4000      -5976.351    -6036.454       60.103   523.6
129.6000      -5978.720    -6039.539       60.818   529.9
129.8000      -5979.764    -6039.087       59.323   516.8
130.0000      -5979.726    -6040.915       61.189   533.1
130.2000      -5982.382    -6040.508       58.127   506.4
130.4000      -5982.378    -6041.220       58.842   512.6
130.6000      -5986.844    -6043.842       56.998   496.6
130.8000      -5980.913    -6038.358       57.445   500.5
131.0000      -5981.437    -6041.283       59.846   521.4
131.2000      -5983.671    -6042.780       59.109   515.0
131.4000      -5983.896    -6042.022       58.126   506.4
131.6000      -5982.750    -6041.727       58.977   513.8
131.8000      -5983.347    -6040.694       57.347   499.6
132.0000      -5983.614    -6040.979       57.366   499.8
132.2000      -5978.958    -6039.573       60.615   528.1
132.4000      -5980.755    -6041.912       61.156   532.8
132.6000      -5977.478    -6038.233       60.755   529.3
132.8000      -5975.922    -6039.436       63.513   553.3
133.0000      -5976.961    -6037.078       60.117   523.7
133.2000      -5977.522    -6039.220       61.698   537.5
133.4000      -5982.482    -6039.647       57.165   498.0
133.6000      -5982.244    -6043.226       60.982   531.3
133.8000      -5982.500    -6040.867       58.367   508.5
134.0000      -5981.485    -6040.997       59.512   518.5
134.2000      -5981.235    -6041.358       60.124   523.8
134.4000      -5983.017    -6040.369       57.352   499.7
134.6000      -5982.218    -6039.100       56.881   495.6
134.8000      -5980.975    -6039.278       58.303   507.9
135.0000      -5983.840    -6041.038       57.198   498.3
135.2000      -5981.263    -6039.807       58.544   510.0
135.4000      -5983.889    -6042.410       58.521   509.8
135.6000      -5984.150    -6044.487       60.337   525.7
135.8000      -5982.505    -6041.550       59.045   514.4
136.0000      -5978.688    -6039.403       60.715   529.0
136.2000      -5979.897    -6041.013       61.116   532.5
136.4000      -5981.436    -6043.021       61.585   536.5
136.6000      -5983.781    -6041.842       58.060   505.8
136.8000      -5983.173    -6041.389       58.216   507.2
137.0000      -5985.089    -6042.912       57.823   503.8
137.2000      -5983.519    -6040.222       56.703   494.0
137.4000      -5981.605    -6041.499       59.894   521.8
137.6000      -5980.012    -6041.319       61.307   534.1
137.8000      -5981.453    -6041.177       59.724   520.3
138.0000      -5980.691    -6041.054       60.363   525.9
138.2000      -5981.822    -6038.579       56.757   494.5
138.4000      -5984.483    -6042.451       57.968   505.0
138.6000      -5987.175    -6043.510       56.335   490.8
138.8000      -5982.398    -6041.705       59.307   516.7
139.0000      -5982.540    -6040.316       57.776   503.4
139.2000      -5981.586    -6042.260       60.674   528.6
139.4000      -5979.433    -6042.437       63.004   548.9
139.6000      -5982.116    -6041.439       59.324   516.8
139.8000      -5979.190    -6040.855       61.665   537.2
140.0000      -5980.898    -6040.037       59.139   515.2
140.2000      -5982.283    -6040.733       58.450   509.2
140.4000      -5981.351    -6043.688       62.338   543.1
140.6000      -5982.544    -6040.496       57.952   504.9
140.8000      -5983.446    -6042.040       58.594   510.5
141.0000      -5983.266    -6043.907       60.641   528.3
141.2000      -5980.909    -6039.249       58.339   508.3
141.4000      -5983.679    -6041.891       58.211   507.1
141.6000      -5983.036    -6041.456       58.420   509.0
141.8000      -5981.758    -6041.255       59.497   518.3
142.0000      -5984.073    -6043.550       59.477   518.2
142.2000      -5984.982    -6044.371       59.389   517.4
142.4000      -5984.062    -6043.002       58.940   513.5
142.6000      -5980.548    -6040.772       60.224   524.7
142.8000      -5981.780    -6040.394       58.614   510.7
143.0000      -5980.677    -6037.445       56.768   494.6
143.2000      -5979.870    -6040.140       60.270   525.1
143.4000      -5981.417    -6040.527       59.110   515.0
143.6000      -5987.400    -6041.640       54.240   472.5
143.8000      -5986.775    -6043.086       56.311   490.6
144.0000      -5985.504    -6042.482       56.978   496.4
144.2000      -5985.277    -6043.027       57.750   503.1
144.4000      -5982.366    -6041.002       58.636   510.8
144.6000      -5982.743    -6041.042       58.300   507.9
144.8000      -5983.802    -6041.970       58.168   506.8
145.0000      -5978.243    -6037.692       59.449   517.9
145.2000      -5978.698    -6039.720       61.022   531.6
145.4000      -5982.092    -6041.353       59.261   516.3
145.6000      -5982.774    -6039.473       56.699   494.0
145.8000      -5983.365    -6039.869       56.504   492.3
146.0000      -5983.999    -6044.176       60.177   524.3
146.2000      -5981.178    -6039.938       58.761   511.9
146.4000      -5978.121    -6039.099       60.978   531.2
146.6000      -5978.878    -6038.402       59.524   518.6
146.8000      -5981.407    -6041.118       59.711   520.2
147.0000      -5980.351    -6040.361       60.010   522.8
147.2000      -5979.152    -6038.469       59.317   516.8
147.4000      -5979.218    -6039.997       60.779   529.5
147.6000      -5982.161    -6040.647       58.487   509.5
147.8000      -5981.908    -6040.390       58.482   509.5
148.0000      -5981.195    -6040.341       59.146   515.3
148.2000      -5981.565    -6039.281       57.717   502.8
148.4000      -5981.329    -6041.983       60.655   528.4
148.6000      -5981.823    -6039.313       57.490   500.9
148.8000      -5982.319    -6042.931       60.613   528.1
149.0000      -5979.864    -6041.051       61.187   533.1
149.2000      -5979.552    -6038.721       59.169   515.5
149.4000      -5980.425    -6042.053       61.628   536.9
149.6000      -5981.258    -6041.658       60.400   526.2
149.8000      -5979.168    -6037.728       58.560   510.2
150.0000      -5977.501    -6038.726       61.225   533.4
150.2000      -5981.996    -6040.409       58.412   508.9
150.4000      -5983.151    -6041.119       57.968   505.0
150.6000      -5980.320    -6039.920       59.600   519.2
150.8000      -5982.933    -6042.939       60.006   522.8
151.0000      -5981.723    -6041.202       59.480   518.2
151.2000      -5983.099    -6040.516       57.417   500.2
151.4000      -5983.903    -6040.144       56.241   490.0
151.6000      -5978.598    -6041.416       62.817   547.3
151.8000      -5976.455    -6038.938       62.484   544.4
152.0000      -5981.795    -6038.910       57.116   497.6
152.2000      -5981.128    -6039.826       58.699   511.4
152.4000      -5981.673    -6040.715       59.042   514.4
152.6000      -5981.149    -6041.714       60.565   527.7
152.8000      -5984.642    -6045.835       61.194   533.1
153.0000      -5984.518    -6041.265       56.747   494.4
153.2000      -5985.592    -6044.183       58.591   510.4
153.4000      -5983.781    -6039.969       56.188   489.5
153.6000      -5979.409    -6038.590       59.181   515.6
153.8000      -5979.386    -6037.854       58.467   509.4
154.0000      -5979.910    -6037.833       57.923   504.6
154.2000      -5981.305    -6038.373       57.068   497.2
154.4000      -5981.473    -6039.685       58.211   507.1
154.6000      -5980.129    -6039.732       59.603   519.3
154.8000      -5981.180    -6039.539       58.359   508.4
155.0000      -5983.768    -6040.907       57.139   497.8
155.2000      -5980.335    -6039.200       58.865   512.8
155.4000      -5981.312    -6039.624       58.311   508.0
155.6000      -5982.865    -6039.666       56.801   494.9
155.8000      -5980.382    -6038.631       58.250   507.5
156.0000      -5978.592    -6036.709       58.117   506.3
156.2000      -5978.407    -6038.208       59.801   521.0
156.4000      -5978.532    -6040.645       62.113   541.1
156.6000      -5981.210    -6039.487       58.277   507.7
156.8000      -5979.504    -6036.644       57.140   497.8
157.0000      -5983.260    -6042.408       59.148   515.3
157.2000      -5980.860    -6038.846       57.986   505.2
157.4000      -5978.681    -6039.160       60.479   526.9
157.6000      -5982.956    -6041.911       58.955   513.6
157.8000      -5985.406    -6043.293       57.887   504.3
158.0000      -5982.603    -6043.098       60.495   527.0
158.2000      -5981.370    -6040.874       59.503   518.4
158.4000      -5980.677    -6039.925       59.248   516.2
158.6000      -5979.291    -6038.946       59.655   519.7
158.8000      -5978.426    -6040.544       62.118   541.2
159.0000      -5981.176    -6039.861       58.686   511.3
159.2000      -5979.848    -6039.922       60.074   523.4
159.4000      -5976.554    -6039.569       63.014   549.0
159.6000      -5979.280    -6039.842       60.562   527.6
159.8000      -5980.462    -6040.350       59.888   521.7
160.0000      -5980.348    -6042.105       61.757   538.0
160.2000      -5978.655    -6038.391       59.736   520.4
160.4000      -5976.784    -6038.464       61.680   537.4
160.6000      -5974.154    -6036.961       62.807   547.2
160.8000      -5978.769    -6041.104       62.335   543.1
161.0000      -5977.734    -6039.240       61.506   535.8
161.2000      -5978.285    -6040.461       62.176   541.7
161.4000      -5981.147    -6041.690       60.543   527.5
161.6000      -5979.356    -6039.395       60.039   523.1
161.8000      -5980.445    -6041.382       60.937   530.9
162.0000      -5981.328    -6042.100       60.772   529.4
162.2000      -5982.109    -6042.074       59.965   522.4
162.4000      -5982.169    -6039.639       57.470   500.7
162.6000      -5982.526    -6040.480       57.955   504.9
162.8000      -5986.586    -6044.401       57.815   503.7
163.0000      -5983.554    -6040.208       56.654   493.6
163.2000      -5984.913    -6041.483       56.571   492.9
163.4000      -5982.567    -6042.099       59.531   518.6
163.6000      -5981.888    -6041.812       59.925   522.1
163.8000      -5983.386    -6043.548       60.162   524.1
164.0000      -5985.672    -6044.344       58.672   511.2
164.2000      -5982.185    -6038.037       55.852   486.6
164.4000      -5982.355    -6040.374       58.019   505.5
164.6000      -5980.107    -6040.155       60.048   523.1
164.8000      -5979.563    -6038.144       58.580   510.4
165.0000      -5981.242    -6042.528       61.286   533.9
165.2000      -5984.108    -6043.514       59.406   517.6
165.4000      -5981.622    -6040.557       58.934   513.4
165.6000      -5979.990    -6040.655       60.665   528.5
165.8000      -5978.631    -6037.345       58.714   511.5
166.0000      -5976.948    -6038.750       61.802   538.4
166.2000      -5977.215    -6038.645       61.429   535.2
166.4000      -5979.271    -6039.207       59.936   522.2
166.6000      -5977.920    -6041.606       63.686   554.8
166.8000      -5978.645    -6037.799       59.155   515.4
167.0000      -5979.557    -6040.003       60.445   526.6
167.2000      -5978.101    -6038.353       60.252   524.9
167.4000      -5976.823    -6036.684       59.861   521.5
167.6000      -5978.669    -6040.292       61.623   536.9
167.8000      -5981.468    -6040.572       59.104   514.9
168.0000      -5981.774    -6041.734       59.960   522.4
168.2000      -5980.101    -6040.646       60.546   527.5
168.4000      -5980.265    -6040.062       59.797   521.0
168.6000      -5980.216    -6040.438       60.223   524.7
168.8000      -5979.981    -6042.784       62.802   547.1
169.0000      -5981.739    -6040.315       58.577   510.3
169.2000      -5980.011    -6040.718       60.707   528.9
169.4000      -5981.351    -6041.271       59.920   522.0
169.6000      -5979.650    -6041.374       61.723   537.7
169.8000      -5977.945    -6039.049       61.105   532.3
170.0000      -5976.711    -6038.885       62.175   541.7
170.2000      -5978.517    -6039.631       61.114   532.4
170.4000      -5980.150    -6041.824       61.675   537.3
170.6000      -5985.127    -6042.444       57.318   499.4
170.8000      -5985.802    -6044.446       58.644   510.9
171.0000      -5985.448    -6043.436       57.988   505.2
171.2000      -5980.446    -6040.168       59.722   520.3
171.4000      -5976.365    -6038.584       62.219   542.1
171.6000      -5977.505    -6039.109       61.604   536.7
171.8000      -5975.974    -6037.146       61.173   532.9
172.0000      -5982.252    -6042.496       60.244   524.9
172.2000      -5984.027    -6041.194       57.168   498.1
172.4000      -5982.968    -6040.290       57.322   499.4
172.6000      -5980.767    -6040.022       59.255   516.2
172.8000      -5981.818    -6042.367       60.549   527.5
173.0000      -5981.348    -6041.650       60.303   525.4
173.2000      -5984.164    -6042.360       58.197   507.0
173.4000      -5982.516    -6040.546       58.030   505.6
173.6000      -5980.450    -6038.708       58.257   507.5
173.8000      -5982.693    -6041.390       58.697   511.4
174.0000      -5982.175    -6041.965       59.790   520.9
174.2000      -5985.027    -6039.882       54.855   477.9
174.4000      -5984.194    -6043.099       58.905   513.2
174.6000      -5986.322    -6043.143       56.820   495.0
174.8000      -5982.483    -6040.148       57.665   502.4
175.0000      -5982.258    -6039.305       57.047   497.0
175.2000      -5979.340    -6039.917       60.576   527.7
175.4000      -5980.747    -6040.107       59.361   517.2
175.6000      -5980.596    -6039.962       59.367   517.2
175.8000      -5984.885    -6041.768       56.883   495.6
176.0000      -5981.054    -6040.684       59.630   519.5
176.2000      -5981.761    -6041.553       59.791   520.9
176.4000      -5983.459    -6041.468       58.009   505.4
176.6000      -5984.118    -6041.913       57.794   503.5
176.8000      -5978.576    -6040.780       62.204   541.9
177.0000      -5980.728    -6042.639       61.911   539.4
177.2000      -5979.391    -6039.223       59.832   521.3
177.4000      -5979.804    -6039.600       59.796   521.0
177.6000      -5981.302    -6039.062       57.759   503.2
177.8000      -5978.562    -6039.103       60.541   527.4
178.0000      -5979.908    -6038.238       58.331   508.2
178.2000      -5975.754    -6037.065       61.311   534.1
178.4000      -5977.322    -6040.726       63.404   552.4
178.6000      -5979.881    -6036.572       56.691   493.9
178.8000      -5982.288    -6040.155       57.867   504.1
179.0000      -5979.610    -6038.786       59.176   515.6
179.2000      -5982.056    -6039.661       57.605   501.9
179.4000      -5984.217    -6044.183       59.966   522.4
179.6000      -5981.106    -6040.573       59.467   518.1
179.8000      -5980.558    -6040.317       59.759   520.6
180.0000      -5982.199    -6040.580       58.381   508.6
180.2000      -5981.542    -6038.936       57.394   500.0
180.4000      -5982.104    -6042.769       60.665   528.5
180.6000      -5978.738    -6040.302       61.564   536.4
180.8000      -5979.892    -6039.019       59.127   515.1
181.0000      -5979.284    -6039.880       60.597   527.9
181.2000      -5977.941    -6035.841       57.900   504.4
181.4000      -5979.950    -6040.399       60.450   526.6
181.6000      -5981.194    -6039.964       58.769   512.0
181.8000      -5979.536    -6038.390       58.854   512.7
182.0000      -5982.519    -6040.497       57.978   505.1
182.2000      -5980.148    -6039.284       59.136   515.2
182.4000      -5980.713    -6038.424       57.711   502.8
182.6000      -5978.339    -6037.258       58.920   513.3
182.8000      -5976.977    -6038.171       61.194   533.1
183.0000      -5979.334    -6038.373       59.039   514.4
183.2000      -5980.138    -6038.419       58.281   507.7
183.4000      -5985.562    -6042.986       57.425   500.3
183.6000      -5986.211    -6044.647       58.436   509.1
183.8000      -5984.138    -6043.308       59.170   515.5
184.0000      -5984.833    -6042.805       57.972   505.1
184.2000      -5984.417    -6041.012       56.595   493.1
184.4000      -5982.061    -6040.041       57.980   505.1
184.6000      -5983.474    -6042.272       58.798   512.3
184.8000      -5982.631    -6040.916       58.285   507.8
185.0000      -5982.850    -6040.957       58.107   506.2
185.2000      -5983.040    -6042.710       59.670   519.9
185.4000      -5980.581    -6040.184       59.603   519.3
185.6000      -5979.373    -6039.382       60.009   522.8
185.8000      -5979.723    -6038.791       59.067   514.6
186.0000      -5978.177    -6037.990       59.813   521.1
186.2000      -5979.035    -6042.378       63.344   551.9
186.4000      -5980.438    -6041.447       61.009   531.5
186.6000      -5978.865    -6036.936       58.071   505.9
186.8000      -5978.845    -6039.269       60.424   526.4
187.0000      -5979.854    -6041.130       61.277   533.8
187.2000      -5977.982    -6041.771       63.788   555.7
187.4000      -5982.305    -6041.261       58.955   513.6
187.6000      -5985.020    -6042.053       57.034   496.9
187.8000      -5980.873    -6041.962       61.090   532.2
188.0000      -5982.793    -6042.483       59.690   520.0
188.2000      -5982.750    -6038.355       55.605   484.4
188.4000      -5982.060    -6042.403       60.342   525.7
188.6000      -5982.030    -6041.411       59.381   517.3
188.8000      -5980.564    -6040.553       59.988   522.6
189.0000      -5981.243    -6038.939       57.696   502.7
189.2000      -5981.416    -6039.719       58.303   507.9
189.4000      -5980.138    -6039.646       59.507   518.4
189.6000      -5979.739    -6041.753       62.015   540.3
189.8000      -5978.607    -6040.313       61.707   537.6
190.0000      -5984.768    -6043.850       59.082   514.7
190.2000      -5986.287    -6041.606       55.319   481.9
190.4000      -5984.070    -6041.369       57.299   499.2
190.6000      -5986.905    -6044.221       57.316   499.3
190.8000      -5986.973    -6044.560       57.586   501.7
191.0000      -5987.595    -6043.406       55.811   486.2
191.2000      -5981.832    -6039.447       57.616   502.0
191.4000      -5981.432    -6042.148       60.716   529.0
191.6000      -5981.303    -6039.730       58.427   509.0
191.8000      -5983.030    -6038.862       55.832   486.4
192.0000      -5981.150    -6040.438       59.289   516.5
192.2000      -5982.401    -6042.510       60.108   523.7
192.4000      -5981.478    -6041.273       59.796   520.9
192.6000      -5983.684    -6041.268       57.584   501.7
192.8000      -5982.889    -6040.935       58.046   505.7
193.0000      -5985.083    -6042.892       57.810   503.6
193.2000      -5983.239    -6041.748       58.509   509.7
193.4000      -5981.316    -6041.815       60.499   527.1
193.6000      -5980.386    -6039.223       58.837   512.6
193.8000      -5981.539    -6041.971       60.431   526.5
194.0000      -5983.182    -6040.690       57.508   501.0
194.2000      -5983.563    -6042.269       58.706   511.5
194.4000      -5983.912    -6042.869       58.957   513.6
194.6000      -5980.771    -6040.013       59.242   516.1
194.8000      -5980.440    -6041.139       60.699   528.8
195.0000      -5978.470    -6039.276       60.806   529.7
195.2000      -5979.768    -6039.047       59.279   516.4
195.4000      -5978.650    -6038.995       60.345   525.7
195.6000      -5980.152    -6042.243       62.091   540.9
195.8000      -5985.754    -6043.833       58.079   506.0
196.0000      -5982.840    -6042.312       59.471   518.1
196.2000      -5984.823    -6042.317       57.494   500.9
196.4000      -5982.809    -6041.324       58.515   509.8
196.6000      -5981.120    -6042.469       61.349   534.5
196.8000      -5981.878    -6040.102       58.225   507.3
197.0000      -5983.587    -6043.793       60.206   524.5
197.2000      -5980.875    -6041.868       60.993   531.4
197.4000      -5979.971    -6038.342       58.371   508.5
197.6000      -5981.970    -6042.034       60.065   523.3
197.8000      -5983.474    -6041.257       57.783   503.4
198.0000      -5982.856    -6042.963       60.107   523.7
198.2000      -5980.883    -6039.038       58.155   506.7
198.4000      -5983.597    -6042.369       58.772   512.0
198.6000      -5981.924    -6042.691       60.767   529.4
198.8000      -5982.995    -6040.877       57.883   504.3
199.0000      -5979.708    -6041.383       61.676   537.3
199.2000      -5981.048    -6038.489       57.441   500.4
199.4000      -5981.373    -6040.389       59.016   514.2
199.6000      -5979.010    -6041.034       62.024   540.4
199.8000      -5980.129    -6038.986       58.857   512.8
200.0000      -5979.804    -6038.870       59.065   514.6
