Time[ps]      Etot[eV]     Epot[eV]     Ekin[eV]    T[K]
0.0000        -5955.019    -6025.139       70.120   610.9
0.2000        -5958.937    -6027.399       68.463   596.5
0.4000        -5960.219    -6031.300       71.082   619.3
0.6000        -5956.863    -6025.900       69.037   601.5
0.8000        -5954.969    -6027.907       72.938   635.4
1.0000        -5955.409    -6025.263       69.854   608.6
1.2000        -5955.364    -6026.111       70.748   616.4
1.4000        -5957.980    -6029.889       71.909   626.5
1.6000        -5956.211    -6027.526       71.316   621.3
1.8000        -5954.835    -6027.994       73.159   637.4
2.0000        -5955.862    -6029.189       73.327   638.8
2.2000        -5958.042    -6027.387       69.344   604.1
2.4000        -5963.234    -6030.444       67.210   585.5
2.6000        -5959.203    -6030.505       71.302   621.2
2.8000        -5956.193    -6027.438       71.245   620.7
3.0000        -5960.106    -6031.817       71.711   624.8
3.2000        -5959.823    -6029.928       70.105   610.8
3.4000        -5958.669    -6031.595       72.926   635.3
3.6000        -5956.272    -6028.391       72.118   628.3
3.8000        -5953.286    -6025.949       72.663   633.0
4.0000        -5958.018    -6030.573       72.555   632.1
4.2000        -5960.349    -6032.179       71.830   625.8
4.4000        -5958.089    -6027.023       68.934   600.6
4.6000        -5955.905    -6027.702       71.797   625.5
4.8000        -5956.651    -6028.582       71.931   626.7
5.0000        -5959.133    -6030.130       70.997   618.5
5.2000        -5958.392    -6028.796       70.404   613.4
5.4000        -5954.720    -6026.356       71.635   624.1
5.6000        -5958.383    -6027.167       68.784   599.3
5.8000        -5958.296    -6029.028       70.733   616.2
6.0000        -5957.242    -6028.012       70.770   616.6
6.2000        -5952.474    -6025.620       73.146   637.3
6.4000        -5953.588    -6025.794       72.206   629.1
6.6000        -5956.657    -6028.792       72.135   628.4
6.8000        -5958.800    -6028.993       70.192   611.5
7.0000        -5959.828    -6027.580       67.752   590.3
7.2000        -5958.968    -6029.630       70.661   615.6
7.4000        -5960.822    -6030.176       69.354   604.2
7.6000        -5957.742    -6031.185       73.443   639.8
7.8000        -5958.839    -6030.902       72.063   627.8
8.0000        -5957.218    -6029.391       72.173   628.8
8.2000        -5959.914    -6030.981       71.067   619.1
8.4000        -5960.332    -6028.701       68.369   595.6
8.6000        -5962.613    -6029.904       67.291   586.2
8.8000        -5958.957    -6029.292       70.335   612.8
9.0000        -5956.828    -6030.108       73.280   638.4
9.2000        -5955.033    -6027.107       72.075   627.9
9.4000        -5959.719    -6027.989       68.270   594.8
9.6000        -5960.202    -6029.020       68.818   599.5
9.8000        -5957.560    -6027.981       70.422   613.5
10.0000       -5962.611    -6032.226       69.615   606.5
10.2000       -5956.877    -6028.834       71.957   626.9
10.4000       -5953.492    -6026.521       73.028   636.2
10.6000       -5956.300    -6025.166       68.866   600.0
10.8000       -5955.306    -6026.875       71.569   623.5
11.0000       -5956.424    -6028.589       72.165   628.7
11.2000       -5957.469    -6027.324       69.855   608.6
11.4000       -5958.395    -6026.713       68.318   595.2
11.6000       -5953.828    -6024.881       71.053   619.0
11.8000       -5958.071    -6026.904       68.833   599.7
12.0000       -5957.949    -6028.031       70.083   610.6
12.2000       -5959.612    -6029.441       69.829   608.4
12.4000       -5957.337    -6028.356       71.019   618.7
12.6000       -5961.559    -6029.095       67.536   588.4
12.8000       -5959.341    -6030.393       71.052   619.0
13.0000       -5957.364    -6027.756       70.392   613.3
13.2000       -5956.219    -6026.877       70.658   615.6
13.4000       -5954.149    -6026.816       72.667   633.1
13.6000       -5954.413    -6028.098       73.684   641.9
13.8000       -5954.075    -6028.315       74.240   646.8
14.0000       -5955.421    -6026.776       71.355   621.7
14.2000       -5956.449    -6029.400       72.951   635.6
14.4000       -5957.549    -6026.830       69.280   603.6
14.6000       -5955.946    -6028.184       72.238   629.3
14.8000       -5952.527    -6024.947       72.421   630.9
15.0000       -5953.844    -6028.105       74.262   647.0
15.2000       -5953.546    -6026.542       72.996   635.9
15.4000       -5953.892    -6025.423       71.531   623.2
15.6000       -5956.737    -6027.672       70.936   618.0
15.8000       -5955.628    -6026.680       71.052   619.0
16.0000       -5954.382    -6028.471       74.089   645.5
16.2000       -5955.107    -6026.584       71.478   622.7
16.4000       -5951.050    -6024.216       73.166   637.4
16.6000       -5952.857    -6026.062       73.205   637.8
16.8000       -5951.986    -6026.458       74.472   648.8
17.0000       -5951.602    -6025.489       73.888   643.7
17.2000       -5951.382    -6025.336       73.954   644.3
17.4000       -5951.100    -6025.346       74.246   646.8
17.6000       -5951.249    -6025.136       73.887   643.7
17.8000       -5953.205    -6025.493       72.287   629.8
18.0000       -5955.025    -6027.452       72.426   631.0
18.2000       -5954.527    -6029.741       75.213   655.3
18.4000       -5954.241    -6025.867       71.626   624.0
18.6000       -5956.907    -6029.413       72.506   631.7
18.8000       -5959.053    -6028.209       69.156   602.5
19.0000       -5959.427    -6030.230       70.804   616.9
19.2000       -5957.569    -6027.392       69.823   608.3
19.4000       -5959.614    -6028.341       68.727   598.8
19.6000       -5957.884    -6028.329       70.444   613.7
19.8000       -5959.588    -6032.489       72.901   635.1
20.0000       -5957.380    -6031.314       73.935   644.1
20.2000       -5959.207    -6028.123       68.916   600.4
20.4000       -5956.781    -6024.946       68.165   593.9
20.6000       -5960.908    -6032.482       71.574   623.6
20.8000       -5958.310    -6026.667       68.357   595.5
21.0000       -5958.893    -6027.816       68.923   600.5
21.2000       -5959.037    -6027.714       68.677   598.3
21.4000       -5960.556    -6030.062       69.506   605.5
21.6000       -5959.743    -6028.500       68.758   599.0
21.8000       -5955.672    -6027.585       71.912   626.5
22.0000       -5953.487    -6025.548       72.061   627.8
22.2000       -5957.203    -6027.713       70.511   614.3
22.4000       -5955.290    -6030.503       75.214   655.3
22.6000       -5960.623    -6030.760       70.137   611.0
22.8000       -5956.937    -6028.647       71.711   624.8
23.0000       -5953.500    -6024.762       71.262   620.8
23.2000       -5952.686    -6025.323       72.636   632.8
23.4000       -5953.688    -6027.444       73.756   642.6
23.6000       -5957.928    -6029.747       71.819   625.7
23.8000       -5959.648    -6030.128       70.480   614.0
24.0000       -5961.593    -6031.168       69.575   606.1
24.2000       -5959.302    -6028.968       69.666   606.9
24.4000       -5955.408    -6027.676       72.268   629.6
24.6000       -5958.937    -6029.277       70.339   612.8
24.8000       -5961.264    -6029.870       68.606   597.7
25.0000       -5961.430    -6030.953       69.523   605.7
25.2000       -5963.338    -6030.974       67.636   589.3
25.4000       -5957.078    -6028.647       71.570   623.5
25.6000       -5956.722    -6027.397       70.675   615.7
25.8000       -5956.705    -6026.996       70.291   612.4
26.0000       -5958.945    -6027.532       68.587   597.5
26.2000       -5956.350    -6027.819       71.468   622.6
26.4000       -5958.846    -6029.786       70.940   618.0
26.6000       -5957.819    -6027.461       69.642   606.7
26.8000       -5956.525    -6028.234       71.709   624.7
27.0000       -5957.768    -6028.669       70.900   617.7
27.2000       -5960.675    -6027.506       66.831   582.2
27.4000       -5960.930    -6027.757       66.827   582.2
27.6000       -5955.952    -6028.898       72.946   635.5
27.8000       -5954.492    -6026.652       72.161   628.7
28.0000       -5955.650    -6027.122       71.472   622.7
28.2000       -5953.354    -6024.147       70.793   616.8
28.4000       -5955.859    -6026.785       70.927   617.9
28.6000       -5956.430    -6028.779       72.349   630.3
28.8000       -5956.540    -6029.707       73.167   637.4
29.0000       -5956.530    -6029.159       72.629   632.8
29.2000       -5956.545    -6026.600       70.055   610.3
29.4000       -5955.783    -6027.717       71.935   626.7
29.6000       -5960.040    -6028.966       68.926   600.5
29.8000       -5959.996    -6028.946       68.950   600.7
30.0000       -5959.181    -6028.800       69.620   606.5
30.2000       -5959.796    -6028.362       68.566   597.4
30.4000       -5954.782    -6028.373       73.591   641.1
30.6000       -5956.916    -6027.180       70.264   612.2
30.8000       -5957.269    -6024.264       66.995   583.7
31.0000       -5956.619    -6024.778       68.159   593.8
31.2000       -5957.700    -6031.376       73.676   641.9
31.4000       -5956.651    -6026.390       69.738   607.6
31.6000       -5955.264    -6027.568       72.304   629.9
31.8000       -5957.969    -6029.024       71.056   619.0
32.0000       -5958.422    -6029.127       70.706   616.0
32.2000       -5959.836    -6031.759       71.924   626.6
32.4000       -5959.271    -6032.685       73.413   639.6
32.6000       -5957.692    -6026.289       68.597   597.6
32.8000       -5959.769    -6029.914       70.145   611.1
33.0000       -5962.657    -6030.313       67.657   589.4
33.2000       -5959.667    -6027.315       67.648   589.4
33.4000       -5958.677    -6027.538       68.862   599.9
33.6000       -5960.601    -6030.377       69.777   607.9
33.8000       -5957.931    -6027.115       69.184   602.7
34.0000       -5957.782    -6029.839       72.057   627.8
34.2000       -5955.088    -6028.152       73.064   636.5
34.4000       -5958.159    -6029.064       70.905   617.7
34.6000       -5956.020    -6027.132       71.112   619.5
34.8000       -5956.541    -6029.642       73.101   636.9
35.0000       -5955.750    -6026.668       70.917   617.8
35.2000       -5953.571    -6027.691       74.120   645.7
35.4000       -5954.400    -6028.072       73.672   641.8
35.6000       -5957.930    -6027.650       69.720   607.4
35.8000       -5961.284    -6029.875       68.591   597.6
36.0000       -5958.108    -6028.366       70.259   612.1
36.2000       -5956.262    -6026.566       70.304   612.5
36.4000       -5960.845    -6029.838       68.993   601.1
36.6000       -5954.403    -6027.033       72.630   632.8
36.8000       -5955.386    -6027.600       72.214   629.1
37.0000       -5957.429    -6025.787       68.359   595.5
37.2000       -5958.094    -6029.281       71.187   620.2
37.4000       -5959.088    -6028.366       69.278   603.6
37.6000       -5959.090    -6029.158       70.068   610.4
37.8000       -5959.746    -6028.765       69.019   601.3
38.0000       -5959.029    -6028.251       69.223   603.1
38.2000       -5955.861    -6026.435       70.573   614.8
38.4000       -5958.602    -6031.302       72.700   633.4
38.6000       -5954.923    -6026.785       71.862   626.1
38.8000       -5957.178    -6029.066       71.888   626.3
39.0000       -5961.312    -6032.750       71.439   622.4
39.2000       -5960.004    -6029.259       69.255   603.4
39.4000       -5961.333    -6032.717       71.384   621.9
39.6000       -5961.246    -6031.036       69.791   608.0
39.8000       -5963.869    -6031.067       67.199   585.4
40.0000       -5961.578    -6028.744       67.166   585.2
40.2000       -5957.541    -6027.209       69.668   607.0
40.4000       -5955.976    -6028.735       72.758   633.9
40.6000       -5956.499    -6027.405       70.906   617.7
40.8000       -5958.630    -6026.749       68.119   593.5
41.0000       -5957.197    -6030.600       73.403   639.5
41.2000       -5957.624    -6028.816       71.192   620.2
41.4000       -5957.883    -6029.002       71.120   619.6
41.6000       -5957.451    -6027.734       70.283   612.3
41.8000       -5957.300    -6029.205       71.905   626.4
42.0000       -5956.542    -6026.852       70.310   612.6
42.2000       -5958.343    -6029.827       71.484   622.8
42.4000       -5955.982    -6027.967       71.985   627.1
42.6000       -5960.363    -6030.201       69.837   608.4
42.8000       -5956.709    -6027.602       70.893   617.6
43.0000       -5956.960    -6027.575       70.615   615.2
43.2000       -5957.041    -6029.303       72.262   629.6
43.4000       -5959.398    -6032.237       72.840   634.6
43.6000       -5957.666    -6029.751       72.085   628.0
43.8000       -5959.123    -6029.375       70.252   612.0
44.0000       -5956.360    -6028.507       72.148   628.6
44.2000       -5955.753    -6026.770       71.016   618.7
44.4000       -5954.427    -6026.566       72.139   628.5
44.6000       -5956.599    -6029.291       72.692   633.3
44.8000       -5957.491    -6029.225       71.734   625.0
45.0000       -5956.888    -6028.773       71.886   626.3
45.2000       -5960.072    -6030.242       70.170   611.3
45.4000       -5953.839    -6025.299       71.459   622.6
45.6000       -5952.935    -6024.509       71.574   623.6
45.8000       -5955.765    -6027.895       72.130   628.4
46.0000       -5958.166    -6026.803       68.638   598.0
46.2000       -5958.420    -6032.966       74.546   649.5
46.4000       -5956.655    -6027.253       70.599   615.1
46.6000       -5957.693    -6028.477       70.784   616.7
46.8000       -5958.470    -6029.468       70.998   618.5
47.0000       -5957.874    -6028.103       70.229   611.8
47.2000       -5958.556    -6029.160       70.604   615.1
47.4000       -5956.068    -6026.001       69.933   609.3
47.6000       -5952.155    -6025.118       72.963   635.7
47.8000       -5951.707    -6026.497       74.790   651.6
48.0000       -5952.847    -6025.203       72.356   630.4
48.2000       -5952.181    -6023.601       71.419   622.2
48.4000       -5954.908    -6028.302       73.394   639.4
48.6000       -5957.042    -6026.503       69.461   605.1
48.8000       -5956.018    -6030.707       74.689   650.7
49.0000       -5957.464    -6028.772       71.308   621.2
49.2000       -5956.137    -6027.164       71.027   618.8
49.4000       -5956.359    -6026.089       69.730   607.5
49.6000       -5957.511    -6029.791       72.280   629.7
49.8000       -5956.516    -6028.678       72.163   628.7
50.0000       -5959.861    -6028.631       68.770   599.1
50.2000       -5959.001    -6029.162       70.161   611.3
50.4000       -5958.887    -6030.373       71.486   622.8
50.6000       -5960.815    -6031.359       70.544   614.6
50.8000       -5958.060    -6028.646       70.586   615.0
51.0000       -5955.172    -6027.971       72.799   634.2
51.2000       -5956.272    -6028.513       72.241   629.4
51.4000       -5957.318    -6029.060       71.742   625.0
51.6000       -5955.449    -6024.269       68.820   599.6
51.8000       -5956.739    -6028.542       71.804   625.6
52.0000       -5954.136    -6027.594       73.458   640.0
52.2000       -5955.892    -6028.031       72.138   628.5
52.4000       -5955.622    -6027.932       72.310   630.0
52.6000       -5956.130    -6026.165       70.034   610.1
52.8000       -5959.449    -6028.933       69.484   605.4
53.0000       -5958.645    -6027.503       68.859   599.9
53.2000       -5960.061    -6030.741       70.679   615.8
53.4000       -5956.748    -6026.792       70.044   610.2
53.6000       -5959.362    -6030.173       70.811   616.9
53.8000       -5955.237    -6026.511       71.273   620.9
54.0000       -5953.713    -6025.060       71.346   621.6
54.2000       -5955.447    -6027.967       72.520   631.8
54.4000       -5955.573    -6027.646       72.073   627.9
54.6000       -5953.886    -6024.541       70.655   615.5
54.8000       -5955.988    -6025.624       69.636   606.7
55.0000       -5954.304    -6025.584       71.280   621.0
55.2000       -5953.539    -6025.324       71.786   625.4
55.4000       -5956.023    -6027.000       70.976   618.4
55.6000       -5956.875    -6027.811       70.936   618.0
55.8000       -5956.586    -6028.459       71.873   626.2
56.0000       -5959.128    -6029.789       70.661   615.6
56.2000       -5960.777    -6029.867       69.090   601.9
56.4000       -5960.538    -6030.030       69.492   605.4
56.6000       -5958.279    -6025.690       67.412   587.3
56.8000       -5958.455    -6028.819       70.364   613.0
57.0000       -5957.556    -6031.119       73.563   640.9
57.2000       -5960.385    -6029.174       68.789   599.3
57.4000       -5961.038    -6033.782       72.745   633.8
57.6000       -5958.680    -6029.630       70.951   618.1
57.8000       -5956.958    -6029.356       72.399   630.7
58.0000       -5957.292    -6029.865       72.573   632.3
58.2000       -5958.104    -6027.685       69.581   606.2
58.4000       -5959.993    -6026.715       66.722   581.3
58.6000       -5956.780    -6028.419       71.639   624.1
58.8000       -5957.088    -6027.284       70.196   611.6
59.0000       -5960.561    -6028.394       67.832   591.0
59.2000       -5957.353    -6027.086       69.734   607.5
59.4000       -5960.340    -6030.296       69.956   609.5
59.6000       -5958.207    -6029.362       71.154   619.9
59.8000       -5958.903    -6028.907       70.003   609.9
60.0000       -5963.099    -6030.727       67.628   589.2
60.2000       -5958.814    -6030.556       71.742   625.0
60.4000       -5959.185    -6028.400       69.215   603.0
60.6000       -5960.065    -6029.585       69.520   605.7
60.8000       -5959.741    -6031.947       72.206   629.1
61.0000       -5957.481    -6028.074       70.593   615.0
61.2000       -5955.826    -6027.808       71.982   627.1
61.4000       -5957.180    -6029.814       72.634   632.8
61.6000       -5962.018    -6032.737       70.719   616.1
61.8000       -5959.014    -6030.260       71.246   620.7
62.0000       -5953.872    -6029.152       75.280   655.8
62.2000       -5959.220    -6026.611       67.391   587.1
62.4000       -5958.166    -6028.971       70.806   616.9
62.6000       -5959.134    -6030.174       71.039   618.9
62.8000       -5959.919    -6031.244       71.325   621.4
63.0000       -5954.364    -6024.783       70.419   613.5
63.2000       -5951.677    -6023.648       71.971   627.0
63.4000       -5953.056    -6024.636       71.580   623.6
63.6000       -5953.897    -6027.905       74.008   644.8
63.8000       -5956.836    -6029.514       72.678   633.2
64.0000       -5957.530    -6027.905       70.375   613.1
64.2000       -5958.907    -6029.047       70.140   611.1
64.4000       -5957.284    -6027.990       70.706   616.0
64.6000       -5952.977    -6026.703       73.726   642.3
64.8000       -5957.685    -6029.424       71.739   625.0
65.0000       -5955.681    -6026.138       70.458   613.8
65.2000       -5954.817    -6026.761       71.944   626.8
65.4000       -5958.569    -6029.978       71.409   622.1
65.6000       -5960.601    -6030.731       70.130   611.0
65.8000       -5958.857    -6030.469       71.612   623.9
66.0000       -5958.360    -6029.379       71.019   618.7
66.2000       -5958.866    -6031.252       72.387   630.6
66.4000       -5955.065    -6028.584       73.519   640.5
66.6000       -5955.499    -6027.317       71.818   625.7
66.8000       -5955.730    -6029.123       73.393   639.4
67.0000       -5954.641    -6025.294       70.653   615.5
67.2000       -5954.362    -6030.336       75.974   661.9
67.4000       -5959.115    -6031.237       72.123   628.3
67.6000       -5956.336    -6030.061       73.724   642.3
67.8000       -5958.924    -6027.438       68.514   596.9
68.0000       -5957.718    -6027.967       70.250   612.0
68.2000       -5960.128    -6029.929       69.801   608.1
68.4000       -5956.946    -6026.460       69.514   605.6
68.6000       -5958.629    -6028.369       69.740   607.6
68.8000       -5954.874    -6027.957       73.082   636.7
69.0000       -5952.044    -6025.058       73.014   636.1
69.2000       -5955.216    -6027.466       72.250   629.4
69.4000       -5957.413    -6030.934       73.520   640.5
69.6000       -5956.488    -6027.980       71.492   622.8
69.8000       -5957.413    -6027.331       69.918   609.1
70.0000       -5955.370    -6026.594       71.224   620.5
70.2000       -5958.315    -6030.489       72.174   628.8
70.4000       -5959.949    -6032.960       73.011   636.1
70.6000       -5954.617    -6027.715       73.097   636.8
70.8000       -5954.613    -6027.135       72.522   631.8
71.0000       -5958.696    -6030.318       71.622   624.0
71.2000       -5959.400    -6030.383       70.984   618.4
71.4000       -5957.711    -6028.722       71.011   618.7
71.6000       -5955.779    -6025.721       69.942   609.3
71.8000       -5957.466    -6028.468       71.003   618.6
72.0000       -5958.965    -6027.347       68.382   595.8
72.2000       -5960.628    -6030.932       70.304   612.5
72.4000       -5960.008    -6029.487       69.480   605.3
72.6000       -5961.205    -6032.575       71.370   621.8
72.8000       -5957.242    -6029.481       72.239   629.4
73.0000       -5960.644    -6030.229       69.584   606.2
73.2000       -5960.678    -6031.688       71.009   618.6
73.4000       -5959.517    -6030.551       71.034   618.9
73.6000       -5955.603    -6028.333       72.730   633.6
73.8000       -5959.033    -6028.583       69.549   605.9
74.0000       -5960.167    -6030.404       70.237   611.9
74.2000       -5958.291    -6033.471       75.180   655.0
74.4000       -5957.063    -6028.198       71.134   619.7
74.6000       -5956.670    -6027.674       71.005   618.6
74.8000       -5951.988    -6025.384       73.396   639.4
75.0000       -5958.806    -6030.501       71.695   624.6
75.2000       -5958.098    -6029.033       70.935   618.0
75.4000       -5964.488    -6032.270       67.782   590.5
75.6000       -5960.269    -6028.745       68.475   596.6
75.8000       -5957.637    -6028.713       71.076   619.2
76.0000       -5954.823    -6028.359       73.536   640.7
76.2000       -5959.112    -6029.309       70.197   611.6
76.4000       -5961.039    -6026.979       65.940   574.5
76.6000       -5958.375    -6028.192       69.817   608.3
76.8000       -5957.805    -6030.126       72.321   630.1
77.0000       -5957.590    -6029.167       71.577   623.6
77.2000       -5956.530    -6028.525       71.995   627.2
77.4000       -5960.911    -6029.324       68.413   596.0
77.6000       -5961.820    -6031.834       70.014   610.0
77.8000       -5961.111    -6029.398       68.287   594.9
78.0000       -5959.746    -6030.914       71.167   620.0
78.2000       -5958.761    -6028.353       69.592   606.3
78.4000       -5962.883    -6031.613       68.730   598.8
78.6000       -5961.889    -6031.231       69.342   604.1
78.8000       -5961.574    -6028.148       66.575   580.0
79.0000       -5958.619    -6026.115       67.495   588.0
79.2000       -5957.639    -6027.730       70.092   610.6
79.4000       -5958.939    -6030.673       71.734   625.0
79.6000       -5956.278    -6029.430       73.153   637.3
79.8000       -5953.424    -6026.910       73.486   640.2
80.0000       -5954.039    -6028.129       74.090   645.5
80.2000       -5953.079    -6024.305       71.226   620.5
80.4000       -5954.836    -6023.560       68.724   598.7
80.6000       -5958.262    -6026.991       68.729   598.8
80.8000       -5957.628    -6030.783       73.155   637.3
81.0000       -5959.458    -6031.075       71.616   623.9
81.2000       -5959.037    -6028.359       69.323   603.9
81.4000       -5955.317    -6027.785       72.468   631.3
81.6000       -5953.013    -6025.693       72.680   633.2
81.8000       -5954.507    -6028.938       74.430   648.4
82.0000       -5953.424    -6025.545       72.122   628.3
82.2000       -5954.660    -6027.615       72.955   635.6
82.4000       -5954.393    -6028.124       73.731   642.4
82.6000       -5955.933    -6028.245       72.312   630.0
82.8000       -5958.496    -6030.420       71.925   626.6
83.0000       -5960.273    -6029.423       69.150   602.4
83.2000       -5959.716    -6028.868       69.152   602.5
83.4000       -5959.740    -6026.324       66.584   580.1
83.6000       -5957.982    -6031.403       73.422   639.7
83.8000       -5955.226    -6028.466       73.240   638.1
84.0000       -5960.578    -6031.985       71.407   622.1
84.2000       -5959.800    -6031.989       72.189   628.9
84.4000       -5961.877    -6032.374       70.497   614.2
84.6000       -5956.693    -6025.144       68.450   596.3
84.8000       -5958.987    -6030.183       71.196   620.3
85.0000       -5957.856    -6028.016       70.160   611.2
85.2000       -5956.042    -6028.301       72.259   629.5
85.4000       -5960.797    -6032.732       71.935   626.7
85.6000       -5961.190    -6031.001       69.812   608.2
85.8000       -5959.248    -6031.114       71.865   626.1
86.0000       -5959.791    -6029.434       69.643   606.7
86.2000       -5957.591    -6027.495       69.904   609.0
86.4000       -5956.564    -6027.746       71.181   620.1
86.6000       -5956.743    -6028.070       71.328   621.4
86.8000       -5953.634    -6025.309       71.675   624.4
87.0000       -5955.809    -6027.325       71.516   623.1
87.2000       -5953.371    -6025.612       72.241   629.4
87.4000       -5949.982    -6023.429       73.447   639.9
87.6000       -5957.326    -6027.522       70.196   611.6
87.8000       -5953.942    -6024.639       70.697   615.9
88.0000       -5955.783    -6028.129       72.346   630.3
88.2000       -5957.439    -6029.759       72.320   630.1
88.4000       -5954.500    -6023.280       68.780   599.2
88.6000       -5958.370    -6029.832       71.462   622.6
88.8000       -5957.031    -6027.109       70.078   610.5
89.0000       -5956.450    -6027.513       71.063   619.1
89.2000       -5962.866    -6028.228       65.361   569.4
89.4000       -5957.377    -6030.729       73.352   639.0
89.6000       -5957.132    -6027.340       70.208   611.7
89.8000       -5958.618    -6028.870       70.252   612.0
90.0000       -5954.482    -6025.045       70.563   614.8
90.2000       -5954.989    -6027.009       72.020   627.4
90.4000       -5956.460    -6028.064       71.604   623.8
90.6000       -5954.449    -6026.178       71.729   624.9
90.8000       -5954.874    -6026.136       71.262   620.8
91.0000       -5949.968    -6023.206       73.238   638.1
91.2000       -5956.301    -6027.890       71.589   623.7
91.4000       -5953.730    -6025.275       71.546   623.3
91.6000       -5953.736    -6029.002       75.267   655.7
91.8000       -5961.332    -6032.368       71.036   618.9
92.0000       -5961.543    -6031.659       70.115   610.9
92.2000       -5958.627    -6030.698       72.071   627.9
92.4000       -5962.692    -6031.364       68.672   598.3
92.6000       -5964.754    -6031.750       66.996   583.7
92.8000       -5960.158    -6027.652       67.494   588.0
93.0000       -5958.283    -6030.614       72.330   630.1
93.2000       -5954.404    -6030.569       76.164   663.6
93.4000       -5951.644    -6025.632       73.988   644.6
93.6000       -5953.020    -6028.184       75.165   654.8
93.8000       -5956.190    -6025.775       69.585   606.2
94.0000       -5958.021    -6029.694       71.673   624.4
94.2000       -5958.852    -6029.913       71.061   619.1
94.4000       -5956.813    -6027.685       70.872   617.4
94.6000       -5956.001    -6028.519       72.518   631.8
94.8000       -5958.606    -6028.702       70.097   610.7
95.0000       -5955.218    -6026.259       71.041   618.9
95.2000       -5954.949    -6027.042       72.093   628.1
95.4000       -5958.110    -6029.748       71.638   624.1
95.6000       -5955.047    -6029.041       73.994   644.6
95.8000       -5956.635    -6026.352       69.716   607.4
96.0000       -5956.949    -6025.879       68.931   600.5
96.2000       -5955.014    -6024.224       69.211   603.0
96.4000       -5958.950    -6030.752       71.802   625.5
96.6000       -5958.300    -6027.654       69.354   604.2
96.8000       -5960.342    -6030.530       70.188   611.5
97.0000       -5961.651    -6031.884       70.233   611.9
97.2000       -5961.449    -6030.859       69.411   604.7
97.4000       -5957.614    -6028.336       70.722   616.1
97.6000       -5954.845    -6026.764       71.920   626.6
97.8000       -5958.757    -6028.534       69.777   607.9
98.0000       -5957.378    -6027.819       70.441   613.7
98.2000       -5955.805    -6026.420       70.615   615.2
98.4000       -5950.784    -6027.173       76.388   665.5
98.6000       -5952.405    -6026.366       73.961   644.4
98.8000       -5952.098    -6025.988       73.889   643.7
99.0000       -5953.232    -6026.446       73.214   637.9
99.2000       -5956.362    -6028.696       72.334   630.2
99.4000       -5958.645    -6030.569       71.924   626.6
99.6000       -5960.900    -6029.885       68.985   601.0
99.8000       -5957.915    -6027.323       69.407   604.7
100.0000      -5957.027    -6030.496       73.470   640.1
100.2000      -5954.398    -6026.591       72.193   629.0
100.4000      -5953.117    -6028.128       75.012   653.5
100.6000      -5955.154    -6027.611       72.457   631.2
100.8000      -5953.306    -6025.575       72.269   629.6
101.0000      -5954.385    -6026.820       72.436   631.1
101.2000      -5952.863    -6026.774       73.911   643.9
101.4000      -5953.718    -6027.895       74.176   646.2
101.6000      -5953.496    -6027.747       74.251   646.9
101.8000      -5953.966    -6026.306       72.340   630.2
102.0000      -5956.005    -6029.364       73.359   639.1
102.2000      -5954.392    -6027.655       73.263   638.3
102.4000      -5956.571    -6026.313       69.742   607.6
102.6000      -5954.987    -6024.856       69.869   608.7
102.8000      -5956.769    -6027.129       70.360   613.0
103.0000      -5953.699    -6026.396       72.697   633.3
103.2000      -5955.623    -6028.330       72.707   633.4
103.4000      -5952.853    -6025.900       73.047   636.4
103.6000      -5953.335    -6025.507       72.172   628.8
103.8000      -5950.883    -6022.093       71.210   620.4
104.0000      -5955.059    -6026.358       71.298   621.2
104.2000      -5955.629    -6027.068       71.439   622.4
104.4000      -5956.710    -6029.661       72.951   635.6
104.6000      -5961.050    -6029.313       68.263   594.7
104.8000      -5958.620    -6029.472       70.852   617.3
105.0000      -5959.599    -6030.786       71.187   620.2
105.2000      -5961.265    -6032.005       70.741   616.3
105.4000      -5962.274    -6029.506       67.232   585.7
105.6000      -5962.837    -6030.954       68.117   593.4
105.8000      -5958.650    -6027.771       69.122   602.2
106.0000      -5956.466    -6027.813       71.347   621.6
106.2000      -5954.712    -6025.257       70.545   614.6
106.4000      -5956.132    -6027.330       71.198   620.3
106.6000      -5960.603    -6028.629       68.025   592.6
106.8000      -5963.361    -6030.433       67.072   584.3
107.0000      -5962.063    -6033.888       71.824   625.7
107.2000      -5957.248    -6028.326       71.079   619.2
107.4000      -5960.050    -6030.811       70.760   616.5
107.6000      -5958.407    -6028.628       70.221   611.8
107.8000      -5954.557    -6026.235       71.678   624.5
108.0000      -5954.956    -6026.998       72.041   627.6
108.2000      -5953.561    -6026.885       73.324   638.8
108.4000      -5950.892    -6024.345       73.453   639.9
108.6000      -5952.381    -6024.502       72.121   628.3
108.8000      -5955.041    -6027.647       72.606   632.6
109.0000      -5955.715    -6026.375       70.660   615.6
109.2000      -5956.078    -6029.285       73.207   637.8
109.4000      -5956.449    -6027.563       71.114   619.6
109.6000      -5957.553    -6027.920       70.367   613.0
109.8000      -5958.910    -6030.541       71.631   624.1
110.0000      -5959.872    -6029.004       69.131   602.3
110.2000      -5959.587    -6030.459       70.872   617.4
110.4000      -5961.195    -6031.326       70.131   611.0
110.6000      -5960.352    -6029.781       69.429   604.9
110.8000      -5957.466    -6027.130       69.664   606.9
111.0000      -5956.122    -6028.413       72.291   629.8
111.2000      -5957.162    -6024.771       67.609   589.0
111.4000      -5960.574    -6028.333       67.759   590.3
111.6000      -5959.168    -6029.311       70.142   611.1
111.8000      -5960.354    -6030.065       69.711   607.3
112.0000      -5958.587    -6028.835       70.248   612.0
112.2000      -5956.205    -6028.723       72.519   631.8
112.4000      -5959.912    -6030.811       70.899   617.7
112.6000      -5958.159    -6029.688       71.528   623.2
112.8000      -5959.335    -6033.710       74.375   648.0
113.0000      -5957.894    -6030.133       72.239   629.4
113.2000      -5957.873    -6030.604       72.731   633.6
113.4000      -5961.725    -6030.251       68.526   597.0
113.6000      -5959.821    -6029.968       70.148   611.1
113.8000      -5958.845    -6029.137       70.292   612.4
114.0000      -5956.820    -6026.189       69.370   604.4
114.2000      -5957.453    -6027.886       70.433   613.6
114.4000      -5957.451    -6029.797       72.346   630.3
114.6000      -5959.977    -6031.698       71.721   624.8
114.8000      -5960.122    -6030.847       70.724   616.2
115.0000      -5961.773    -6029.785       68.012   592.5
115.2000      -5964.473    -6031.445       66.973   583.5
115.4000      -5960.860    -6027.648       66.788   581.9
115.6000      -5959.538    -6026.959       67.421   587.4
115.8000      -5958.642    -6028.532       69.890   608.9
116.0000      -5960.053    -6032.370       72.317   630.0
116.2000      -5959.456    -6030.613       71.157   619.9
116.4000      -5957.524    -6026.473       68.949   600.7
116.6000      -5955.492    -6025.999       70.507   614.3
116.8000      -5956.928    -6030.838       73.909   643.9
117.0000      -5955.571    -6028.362       72.791   634.2
117.2000      -5960.468    -6029.092       68.624   597.9
117.4000      -5961.817    -6030.736       68.919   600.4
117.6000      -5960.877    -6030.700       69.823   608.3
117.8000      -5958.495    -6028.279       69.784   608.0
118.0000      -5960.441    -6029.934       69.493   605.4
118.2000      -5961.478    -6029.617       68.139   593.6
118.4000      -5957.419    -6027.519       70.100   610.7
118.6000      -5956.848    -6030.924       74.076   645.4
118.8000      -5953.196    -6026.651       73.455   639.9
119.0000      -5957.994    -6027.392       69.398   604.6
119.2000      -5959.156    -6029.720       70.564   614.8
119.4000      -5955.751    -6027.362       71.611   623.9
119.6000      -5954.236    -6027.401       73.165   637.4
119.8000      -5955.135    -6027.687       72.552   632.1
120.0000      -5955.913    -6027.675       71.762   625.2
120.2000      -5955.724    -6028.068       72.344   630.3
120.4000      -5953.984    -6027.092       73.109   636.9
120.6000      -5955.567    -6027.473       71.905   626.4
120.8000      -5955.457    -6024.739       69.282   603.6
121.0000      -5955.778    -6028.782       73.003   636.0
121.2000      -5956.969    -6027.470       70.500   614.2
121.4000      -5954.070    -6026.038       71.968   627.0
121.6000      -5956.451    -6027.132       70.681   615.8
121.8000      -5956.001    -6026.088       70.087   610.6
122.0000      -5953.617    -6025.409       71.792   625.5
122.2000      -5956.419    -6029.170       72.752   633.8
122.4000      -5957.653    -6026.658       69.005   601.2
122.6000      -5955.796    -6030.372       74.576   649.7
122.8000      -5955.234    -6027.611       72.377   630.6
123.0000      -5958.173    -6029.835       71.662   624.3
123.2000      -5956.619    -6027.168       70.549   614.6
123.4000      -5960.197    -6029.932       69.734   607.5
123.6000      -5958.596    -6030.576       71.980   627.1
123.8000      -5959.914    -6029.348       69.433   604.9
124.0000      -5956.863    -6028.966       72.103   628.2
124.2000      -5952.595    -6024.398       71.803   625.6
124.4000      -5953.427    -6024.109       70.682   615.8
124.6000      -5956.853    -6029.529       72.676   633.2
124.8000      -5957.082    -6028.550       71.468   622.6
125.0000      -5955.038    -6024.239       69.201   602.9
125.2000      -5956.413    -6026.352       69.939   609.3
125.4000      -5957.708    -6027.140       69.433   604.9
125.6000      -5956.235    -6029.586       73.350   639.0
125.8000      -5955.702    -6028.963       73.261   638.3
126.0000      -5955.266    -6028.963       73.697   642.1
126.2000      -5954.775    -6026.016       71.241   620.7
126.4000      -5955.850    -6028.131       72.281   629.7
126.6000      -5956.398    -6027.167       70.769   616.5
126.8000      -5957.354    -6028.792       71.438   622.4
127.0000      -5956.046    -6027.530       71.484   622.8
127.2000      -5954.061    -6023.208       69.147   602.4
127.4000      -5952.504    -6026.364       73.860   643.5
127.6000      -5951.051    -6025.704       74.653   650.4
127.8000      -5951.968    -6023.532       71.563   623.5
128.0000      -5957.229    -6027.469       70.240   611.9
128.2000      -5958.136    -6028.077       69.941   609.3
128.4000      -5958.162    -6027.227       69.065   601.7
128.6000      -5960.513    -6029.345       68.831   599.7
128.8000      -5957.753    -6028.034       70.281   612.3
129.0000      -5958.878    -6030.038       71.160   620.0
129.2000      -5959.523    -6030.263       70.740   616.3
129.4000      -5957.311    -6028.274       70.963   618.2
129.6000      -5958.964    -6029.983       71.019   618.7
129.8000      -5960.028    -6030.115       70.087   610.6
130.0000      -5956.894    -6028.244       71.350   621.6
130.2000      -5957.681    -6026.980       69.299   603.7
130.4000      -5956.989    -6028.551       71.562   623.5
130.6000      -5957.878    -6028.317       70.439   613.7
130.8000      -5959.751    -6030.939       71.188   620.2
131.0000      -5962.264    -6031.682       69.418   604.8
131.2000      -5959.482    -6028.768       69.286   603.6
131.4000      -5959.716    -6030.511       70.795   616.8
131.6000      -5960.039    -6030.421       70.383   613.2
131.8000      -5954.764    -6028.585       73.821   643.1
132.0000      -5955.938    -6026.276       70.338   612.8
132.2000      -5956.763    -6029.538       72.775   634.0
132.4000      -5959.184    -6027.365       68.181   594.0
132.6000      -5962.130    -6029.311       67.181   585.3
132.8000      -5959.046    -6025.872       66.826   582.2
133.0000      -5956.262    -6027.630       71.368   621.8
133.2000      -5955.302    -6025.399       70.096   610.7
133.4000      -5955.247    -6028.614       73.368   639.2
133.6000      -5957.021    -6026.805       69.785   608.0
133.8000      -5951.228    -6025.787       74.559   649.6
134.0000      -5953.835    -6027.020       73.184   637.6
134.2000      -5956.179    -6027.529       71.350   621.6
134.4000      -5955.745    -6028.759       73.014   636.1
134.6000      -5958.066    -6027.554       69.489   605.4
134.8000      -5959.056    -6031.780       72.725   633.6
135.0000      -5961.259    -6031.009       69.750   607.7
135.2000      -5958.933    -6029.012       70.079   610.5
135.4000      -5960.009    -6030.298       70.289   612.4
135.6000      -5960.254    -6031.535       71.280   621.0
135.8000      -5960.648    -6030.652       70.004   609.9
136.0000      -5956.597    -6027.751       71.155   619.9
136.2000      -5959.731    -6032.462       72.731   633.6
136.4000      -5960.909    -6029.410       68.501   596.8
136.6000      -5958.551    -6028.683       70.132   611.0
136.8000      -5958.262    -6028.110       69.848   608.5
137.0000      -5958.204    -6026.332       68.128   593.5
137.2000      -5960.102    -6029.716       69.613   606.5
137.4000      -5959.888    -6030.261       70.373   613.1
137.6000      -5959.960    -6028.984       69.024   601.3
137.8000      -5961.391    -6030.886       69.495   605.4
138.0000      -5961.950    -6031.732       69.782   608.0
138.2000      -5959.899    -6029.328       69.428   604.9
138.4000      -5959.097    -6030.968       71.871   626.1
138.6000      -5958.340    -6029.685       71.345   621.6
138.8000      -5955.840    -6029.138       73.297   638.6
139.0000      -5955.852    -6028.530       72.678   633.2
139.2000      -5956.838    -6029.009       72.172   628.8
139.4000      -5954.766    -6027.541       72.775   634.0
139.6000      -5954.219    -6028.866       74.646   650.3
139.8000      -5952.522    -6027.542       75.019   653.6
140.0000      -5955.127    -6028.385       73.258   638.2
140.2000      -5955.890    -6028.737       72.846   634.6
140.4000      -5954.138    -6028.085       73.947   644.2
140.6000      -5952.500    -6027.477       74.977   653.2
140.8000      -5955.947    -6027.334       71.387   621.9
141.0000      -5958.558    -6031.462       72.904   635.1
141.2000      -5962.516    -6032.099       69.582   606.2
141.4000      -5958.500    -6028.547       70.047   610.3
141.6000      -5961.142    -6030.084       68.943   600.6
141.8000      -5956.699    -6026.875       70.176   611.4
142.0000      -5954.066    -6023.883       69.816   608.2
142.2000      -5956.805    -6031.190       74.385   648.1
142.4000      -5958.450    -6030.158       71.709   624.7
142.6000      -5960.008    -6029.622       69.614   606.5
142.8000      -5958.465    -6029.698       71.233   620.6
143.0000      -5956.005    -6027.252       71.247   620.7
143.2000      -5956.222    -6028.002       71.780   625.4
143.4000      -5954.226    -6026.138       71.912   626.5
143.6000      -5951.920    -6026.907       74.987   653.3
143.8000      -5957.056    -6028.439       71.383   621.9
144.0000      -5955.155    -6027.870       72.715   633.5
144.2000      -5958.135    -6028.164       70.029   610.1
144.4000      -5959.728    -6029.163       69.435   604.9
144.6000      -5956.339    -6028.640       72.301   629.9
144.8000      -5956.204    -6026.313       70.110   610.8
145.0000      -5954.522    -6028.709       74.187   646.3
145.2000      -5956.769    -6029.751       72.983   635.8
145.4000      -5957.743    -6027.051       69.308   603.8
145.6000      -5956.830    -6027.393       70.562   614.7
145.8000      -5953.615    -6028.734       75.119   654.4
146.0000      -5953.790    -6025.160       71.370   621.8
146.2000      -5954.707    -6026.484       71.777   625.3
146.4000      -5954.883    -6025.388       70.504   614.2
146.6000      -5955.612    -6028.692       73.080   636.7
146.8000      -5959.118    -6027.933       68.814   599.5
147.0000      -5957.149    -6026.379       69.230   603.1
147.2000      -5953.309    -6023.816       70.507   614.3
147.4000      -5954.713    -6027.061       72.348   630.3
147.6000      -5958.135    -6025.801       67.666   589.5
147.8000      -5957.616    -6025.585       67.969   592.2
148.0000      -5958.774    -6030.898       72.124   628.4
148.2000      -5964.077    -6030.555       66.478   579.2
148.4000      -5958.607    -6027.011       68.404   595.9
148.6000      -5958.277    -6029.428       71.151   619.9
148.8000      -5955.162    -6025.263       70.101   610.7
149.0000      -5956.209    -6029.904       73.695   642.0
149.2000      -5954.753    -6026.469       71.716   624.8
149.4000      -5956.130    -6026.227       70.096   610.7
149.6000      -5955.715    -6025.289       69.574   606.1
149.8000      -5958.700    -6029.762       71.062   619.1
150.0000      -5959.096    -6028.955       69.859   608.6
150.2000      -5956.654    -6028.953       72.299   629.9
150.4000      -5960.235    -6028.669       68.434   596.2
150.6000      -5961.473    -6030.509       69.037   601.5
150.8000      -5966.682    -6034.958       68.277   594.8
151.0000      -5964.388    -6032.909       68.521   597.0
151.2000      -5962.189    -6030.615       68.427   596.1
151.4000      -5961.400    -6032.159       70.759   616.5
151.6000      -5962.670    -6033.797       71.127   619.7
151.8000      -5962.585    -6031.877       69.292   603.7
152.0000      -5961.626    -6029.835       68.209   594.2
152.2000      -5962.344    -6030.829       68.485   596.6
152.4000      -5962.180    -6031.260       69.080   601.8
152.6000      -5963.009    -6028.964       65.955   574.6
152.8000      -5963.596    -6030.605       67.009   583.8
153.0000      -5961.476    -6028.527       67.051   584.2
153.2000      -5962.209    -6031.733       69.524   605.7
153.4000      -5959.092    -6030.646       71.554   623.4
153.6000      -5960.200    -6028.690       68.490   596.7
153.8000      -5958.669    -6029.320       70.652   615.5
154.0000      -5955.591    -6027.846       72.255   629.5
154.2000      -5954.634    -6027.688       73.054   636.5
154.4000      -5953.862    -6026.158       72.296   629.8
154.6000      -5956.892    -6027.362       70.469   613.9
154.8000      -5955.549    -6024.713       69.164   602.6
155.0000      -5958.034    -6027.842       69.809   608.2
155.2000      -5960.538    -6030.353       69.815   608.2
155.4000      -5958.894    -6028.169       69.275   603.5
155.6000      -5957.338    -6029.317       71.979   627.1
155.8000      -5957.565    -6029.000       71.436   622.4
156.0000      -5953.888    -6024.701       70.813   616.9
156.2000      -5953.103    -6025.345       72.242   629.4
156.4000      -5956.137    -6028.611       72.474   631.4
156.6000      -5957.288    -6026.111       68.823   599.6
156.8000      -5958.985    -6027.737       68.752   599.0
157.0000      -5954.046    -6027.424       73.378   639.3
157.2000      -5956.299    -6027.902       71.603   623.8
157.4000      -5958.326    -6030.063       71.737   625.0
157.6000      -5958.742    -6028.453       69.711   607.3
157.8000      -5956.406    -6030.133       73.726   642.3
158.0000      -5958.372    -6029.401       71.030   618.8
158.2000      -5956.621    -6027.002       70.381   613.2
158.4000      -5958.484    -6028.186       69.702   607.3
158.6000      -5956.001    -6026.845       70.844   617.2
158.8000      -5953.852    -6026.475       72.623   632.7
159.0000      -5955.449    -6028.100       72.651   632.9
159.2000      -5955.167    -6027.226       72.059   627.8
159.4000      -5957.701    -6030.555       72.854   634.7
159.6000      -5957.358    -6025.504       68.146   593.7
159.8000      -5957.559    -6029.964       72.405   630.8
160.0000      -5954.221    -6028.887       74.665   650.5
160.2000      -5956.498    -6028.252       71.754   625.1
160.4000      -5956.381    -6026.301       69.920   609.2
160.6000      -5953.910    -6027.134       73.225   637.9
160.8000      -5953.692    -6027.326       73.634   641.5
161.0000      -5954.530    -6028.566       74.036   645.0
161.2000      -5955.916    -6027.374       71.458   622.6
161.4000      -5956.933    -6029.874       72.941   635.5
161.6000      -5955.415    -6026.338       70.923   617.9
161.8000      -5952.361    -6025.359       72.998   636.0
162.0000      -5953.495    -6026.607       73.112   637.0
162.2000      -5955.331    -6028.613       73.282   638.4
162.4000      -5955.207    -6025.326       70.119   610.9
162.6000      -5956.897    -6027.467       70.570   614.8
162.8000      -5958.462    -6030.705       72.243   629.4
163.0000      -5958.658    -6029.695       71.037   618.9
163.2000      -5958.327    -6030.272       71.945   626.8
163.4000      -5960.352    -6029.225       68.873   600.0
163.6000      -5959.875    -6028.342       68.467   596.5
163.8000      -5959.863    -6027.951       68.088   593.2
164.0000      -5956.130    -6029.000       72.870   634.8
164.2000      -5955.211    -6024.807       69.595   606.3
164.4000      -5955.441    -6028.461       73.020   636.2
164.6000      -5953.861    -6027.559       73.698   642.1
164.8000      -5953.390    -6026.826       73.436   639.8
165.0000      -5955.410    -6026.608       71.198   620.3
165.2000      -5955.934    -6027.389       71.455   622.5
165.4000      -5954.697    -6026.998       72.300   629.9
165.6000      -5954.911    -6026.504       71.593   623.7
165.8000      -5955.305    -6026.712       71.407   622.1
166.0000      -5952.845    -6026.527       73.682   641.9
166.2000      -5953.339    -6023.639       70.300   612.5
166.4000      -5954.526    -6024.146       69.620   606.5
166.6000      -5955.740    -6028.270       72.530   631.9
166.8000      -5954.926    -6028.518       73.592   641.1
167.0000      -5954.170    -6024.885       70.715   616.1
167.2000      -5951.426    -6022.246       70.819   617.0
167.4000      -5953.533    -6026.303       72.771   634.0
167.6000      -5951.602    -6023.601       71.998   627.3
167.8000      -5953.393    -6024.242       70.849   617.2
168.0000      -5957.515    -6029.530       72.015   627.4
168.2000      -5957.288    -6028.614       71.326   621.4
168.4000      -5955.091    -6025.960       70.869   617.4
168.6000      -5956.506    -6026.761       70.256   612.1
168.8000      -5955.191    -6027.071       71.880   626.2
169.0000      -5955.386    -6025.541       70.155   611.2
169.2000      -5957.237    -6026.287       69.049   601.6
169.4000      -5958.187    -6025.908       67.721   590.0
169.6000      -5957.255    -6027.477       70.222   611.8
169.8000      -5960.383    -6030.982       70.599   615.1
170.0000      -5957.972    -6027.847       69.875   608.8
170.2000      -5953.165    -6025.246       72.080   628.0
170.4000      -5959.722    -6029.146       69.424   604.8
170.6000      -5958.403    -6027.716       69.313   603.9
170.8000      -5955.271    -6028.265       72.993   635.9
171.0000      -5958.558    -6030.412       71.853   626.0
171.2000      -5958.135    -6028.201       70.066   610.4
171.4000      -5956.423    -6025.658       69.235   603.2
171.6000      -5955.781    -6027.726       71.945   626.8
171.8000      -5951.673    -6024.783       73.110   636.9
172.0000      -5955.385    -6026.863       71.478   622.7
172.2000      -5953.427    -6023.115       69.689   607.1
172.4000      -5955.747    -6029.039       73.291   638.5
172.6000      -5958.485    -6027.478       68.993   601.1
172.8000      -5958.025    -6029.512       71.487   622.8
173.0000      -5960.563    -6030.744       70.180   611.4
173.2000      -5959.690    -6031.655       71.964   627.0
173.4000      -5957.971    -6028.987       71.016   618.7
173.6000      -5959.418    -6031.338       71.920   626.6
173.8000      -5958.524    -6031.273       72.750   633.8
174.0000      -5958.124    -6027.153       69.028   601.4
174.2000      -5954.152    -6026.602       72.449   631.2
174.4000      -5955.816    -6028.134       72.318   630.0
174.6000      -5959.241    -6030.634       71.394   622.0
174.8000      -5958.259    -6031.563       73.304   638.6
175.0000      -5953.009    -6025.149       72.140   628.5
175.2000      -5951.425    -6025.476       74.051   645.1
175.4000      -5953.552    -6029.255       75.703   659.5
175.6000      -5950.619    -6027.807       77.188   672.5
175.8000      -5952.334    -6025.951       73.617   641.4
176.0000      -5952.255    -6027.066       74.811   651.8
176.2000      -5953.998    -6027.618       73.620   641.4
176.4000      -5955.637    -6027.054       71.417   622.2
176.6000      -5957.739    -6028.298       70.558   614.7
176.8000      -5956.642    -6025.916       69.274   603.5
177.0000      -5952.176    -6026.467       74.291   647.2
177.2000      -5954.935    -6028.308       73.372   639.2
177.4000      -5955.137    -6026.894       71.757   625.2
177.6000      -5955.077    -6026.140       71.062   619.1
177.8000      -5955.677    -6027.650       71.973   627.0
178.0000      -5955.431    -6028.264       72.833   634.5
178.2000      -5952.791    -6027.008       74.217   646.6
178.4000      -5952.577    -6024.125       71.548   623.3
178.6000      -5954.202    -6025.592       71.390   622.0
178.8000      -5956.784    -6030.102       73.317   638.7
179.0000      -5951.422    -6027.521       76.100   663.0
179.2000      -5953.646    -6026.299       72.653   633.0
179.4000      -5958.212    -6029.671       71.459   622.6
179.6000      -5958.828    -6029.886       71.058   619.1
179.8000      -5962.186    -6031.110       68.924   600.5
180.0000      -5960.413    -6029.700       69.287   603.6
180.2000      -5956.782    -6029.772       72.991   635.9
180.4000      -5955.548    -6027.433       71.884   626.3
180.6000      -5957.688    -6026.055       68.367   595.6
180.8000      -5962.702    -6029.068       66.366   578.2
181.0000      -5962.442    -6031.117       68.674   598.3
181.2000      -5960.489    -6031.616       71.127   619.7
181.4000      -5965.839    -6032.919       67.080   584.4
181.6000      -5963.587    -6031.195       67.609   589.0
181.8000      -5965.358    -6030.794       65.437   570.1
182.0000      -5965.661    -6033.208       67.547   588.5
182.2000      -5961.175    -6030.958       69.783   608.0
182.4000      -5963.245    -6032.424       69.179   602.7
182.6000      -5960.557    -6030.675       70.118   610.9
182.8000      -5958.436    -6029.452       71.015   618.7
183.0000      -5957.110    -6026.071       68.961   600.8
183.2000      -5959.372    -6032.754       73.383   639.3
183.4000      -5961.397    -6032.128       70.731   616.2
183.6000      -5957.675    -6029.009       71.334   621.5
183.8000      -5955.343    -6025.886       70.543   614.6
184.0000      -5957.466    -6029.376       71.911   626.5
184.2000      -5958.254    -6028.058       69.804   608.1
184.4000      -5955.822    -6030.600       74.778   651.5
184.6000      -5956.708    -6030.526       73.819   643.1
184.8000      -5961.482    -6028.539       67.057   584.2
185.0000      -5958.201    -6030.266       72.065   627.8
185.2000      -5956.904    -6027.856       70.952   618.1
185.4000      -5958.341    -6029.627       71.286   621.1
185.6000      -5961.141    -6030.071       68.931   600.5
185.8000      -5964.586    -6030.349       65.763   572.9
186.0000      -5961.562    -6030.267       68.705   598.6
186.2000      -5958.550    -6028.965       70.414   613.5
186.4000      -5956.348    -6029.800       73.452   639.9
186.6000      -5956.683    -6026.189       69.506   605.5
186.8000      -5959.066    -6030.906       71.840   625.9
187.0000      -5959.062    -6030.131       71.069   619.2
187.2000      -5958.885    -6028.533       69.648   606.8
187.4000      -5960.903    -6030.373       69.470   605.2
187.6000      -5962.609    -6031.266       68.657   598.1
187.8000      -5960.937    -6029.337       68.400   595.9
188.0000      -5957.539    -6028.524       70.985   618.4
188.2000      -5960.732    -6029.425       68.693   598.5
188.4000      -5964.571    -6031.420       66.849   582.4
188.6000      -5961.546    -6030.074       68.528   597.0
188.8000      -5961.289    -6032.629       71.341   621.5
189.0000      -5954.195    -6026.622       72.427   631.0
189.2000      -5953.824    -6023.085       69.261   603.4
189.4000      -5953.577    -6024.346       70.769   616.5
189.6000      -5955.856    -6027.427       71.571   623.5
189.8000      -5959.352    -6031.312       71.960   626.9
190.0000      -5956.913    -6028.051       71.137   619.8
190.2000      -5957.724    -6026.880       69.156   602.5
190.4000      -5956.712    -6028.660       71.948   626.8
190.6000      -5954.290    -6028.469       74.178   646.3
190.8000      -5955.807    -6025.912       70.105   610.8
191.0000      -5955.691    -6026.532       70.841   617.2
191.2000      -5956.546    -6029.215       72.669   633.1
191.4000      -5957.311    -6027.328       70.017   610.0
191.6000      -5959.367    -6028.888       69.520   605.7
191.8000      -5958.618    -6028.715       70.098   610.7
192.0000      -5959.197    -6028.412       69.215   603.0
192.2000      -5955.219    -6028.599       73.379   639.3
192.4000      -5953.180    -6025.657       72.477   631.4
192.6000      -5952.548    -6026.014       73.465   640.0
192.8000      -5955.681    -6028.059       72.378   630.6
193.0000      -5955.575    -6026.949       71.374   621.8
193.2000      -5954.852    -6027.338       72.486   631.5
193.4000      -5955.230    -6029.056       73.825   643.2
193.6000      -5957.224    -6026.514       69.289   603.7
193.8000      -5958.683    -6029.729       71.046   619.0
194.0000      -5956.750    -6025.748       68.998   601.1
194.2000      -5953.360    -6026.513       73.153   637.3
194.4000      -5956.164    -6030.811       74.647   650.3
194.6000      -5956.367    -6026.128       69.761   607.8
194.8000      -5956.154    -6028.743       72.588   632.4
195.0000      -5953.759    -6027.110       73.351   639.0
195.2000      -5958.336    -6029.867       71.531   623.2
195.4000      -5957.049    -6028.003       70.954   618.2
195.6000      -5955.453    -6027.272       71.820   625.7
195.8000      -5953.818    -6025.061       71.243   620.7
196.0000      -5956.603    -6028.126       71.524   623.1
196.2000      -5955.458    -6027.231       71.774   625.3
196.4000      -5958.323    -6028.426       70.103   610.7
196.6000      -5958.425    -6025.525       67.101   584.6
196.8000      -5959.275    -6028.001       68.726   598.7
197.0000      -5961.943    -6029.608       67.665   589.5
197.2000      -5956.194    -6026.433       70.239   611.9
197.4000      -5956.037    -6029.488       73.451   639.9
197.6000      -5958.623    -6029.892       71.269   620.9
197.8000      -5957.614    -6027.942       70.328   612.7
198.0000      -5954.216    -6027.826       73.609   641.3
198.2000      -5956.324    -6024.071       67.746   590.2
198.4000      -5961.424    -6030.634       69.210   603.0
198.6000      -5960.501    -6031.426       70.924   617.9
198.8000      -5958.837    -6025.979       67.142   584.9
199.0000      -5957.795    -6029.749       71.954   626.9
199.2000      -5957.886    -6029.336       71.451   622.5
199.4000      -5960.920    -6027.754       66.834   582.3
199.6000      -5956.479    -6030.859       74.380   648.0
199.8000      -5960.524    -6027.182       66.658   580.7
200.0000      -5961.476    -6030.182       68.706   598.6
