Time[ps]      Etot[eV]     Epot[eV]     Ekin[eV]    T[K]
0.0000        -1795.398    -1810.350       14.952   289.2
0.2000        -1795.401    -1810.980       15.578   301.3
0.4000        -1795.130    -1811.177       16.047   310.4
0.6000        -1795.141    -1810.541       15.401   297.9
0.8000        -1795.776    -1811.640       15.864   306.8
1.0000        -1794.768    -1810.753       15.985   309.2
1.2000        -1795.313    -1810.147       14.834   286.9
1.4000        -1795.550    -1810.911       15.361   297.1
1.6000        -1795.030    -1811.033       16.003   309.5
1.8000        -1794.868    -1811.133       16.265   314.6
2.0000        -1795.799    -1810.544       14.745   285.2
2.2000        -1795.354    -1809.779       14.425   279.0
2.4000        -1795.238    -1811.804       16.567   320.4
2.6000        -1794.297    -1809.813       15.516   300.1
2.8000        -1794.284    -1810.942       16.658   322.2
3.0000        -1795.989    -1811.420       15.431   298.5
3.2000        -1795.568    -1811.229       15.661   302.9
3.4000        -1796.403    -1811.925       15.522   300.2
3.6000        -1796.020    -1811.513       15.493   299.6
3.8000        -1795.631    -1811.122       15.492   299.6
4.0000        -1796.056    -1811.051       14.995   290.0
4.2000        -1796.883    -1812.620       15.737   304.4
4.4000        -1796.506    -1811.495       14.989   289.9
4.6000        -1795.573    -1811.597       16.023   309.9
4.8000        -1796.164    -1811.369       15.205   294.1
5.0000        -1795.625    -1811.126       15.501   299.8
5.2000        -1794.494    -1810.349       15.855   306.7
5.4000        -1795.120    -1810.259       15.139   292.8
5.6000        -1795.312    -1811.301       15.989   309.2
5.8000        -1795.127    -1810.729       15.602   301.7
6.0000        -1796.939    -1811.926       14.987   289.9
6.2000        -1795.723    -1811.300       15.577   301.3
6.4000        -1795.899    -1810.643       14.744   285.2
6.6000        -1796.707    -1811.438       14.731   284.9
6.8000        -1796.601    -1811.515       14.913   288.4
7.0000        -1796.154    -1811.863       15.709   303.8
7.2000        -1795.650    -1811.077       15.427   298.4
7.4000        -1795.279    -1810.777       15.498   299.7
7.6000        -1795.327    -1811.481       16.154   312.4
7.8000        -1795.630    -1811.604       15.974   308.9
8.0000        -1795.011    -1810.481       15.471   299.2
8.2000        -1795.359    -1811.022       15.663   302.9
8.4000        -1797.700    -1812.249       14.549   281.4
8.6000        -1797.512    -1812.369       14.857   287.3
8.8000        -1797.220    -1811.129       13.909   269.0
9.0000        -1795.246    -1810.684       15.438   298.6
9.2000        -1795.714    -1811.779       16.065   310.7
9.4000        -1795.623    -1811.307       15.684   303.3
9.6000        -1795.854    -1811.283       15.429   298.4
9.8000        -1795.493    -1811.148       15.655   302.8
10.0000       -1795.263    -1811.169       15.905   307.6
10.2000       -1796.052    -1812.319       16.268   314.6
10.4000       -1796.518    -1811.573       15.055   291.2
10.6000       -1796.130    -1810.752       14.623   282.8
10.8000       -1797.929    -1812.618       14.689   284.1
11.0000       -1796.326    -1811.040       14.714   284.6
11.2000       -1795.980    -1811.402       15.422   298.3
11.4000       -1796.410    -1811.405       14.995   290.0
11.6000       -1795.382    -1811.061       15.679   303.3
11.8000       -1794.653    -1811.322       16.669   322.4
12.0000       -1794.924    -1809.897       14.973   289.6
12.2000       -1795.647    -1811.704       16.057   310.5
12.4000       -1796.523    -1811.941       15.417   298.2
12.6000       -1795.831    -1811.151       15.320   296.3
12.8000       -1796.289    -1811.303       15.014   290.4
13.0000       -1796.208    -1810.980       14.771   285.7
13.2000       -1795.653    -1811.577       15.924   308.0
13.4000       -1794.158    -1810.065       15.907   307.7
13.6000       -1794.857    -1811.336       16.478   318.7
13.8000       -1795.112    -1811.225       16.113   311.6
14.0000       -1795.075    -1810.633       15.558   300.9
14.2000       -1795.526    -1812.238       16.712   323.2
14.4000       -1795.058    -1810.991       15.933   308.2
14.6000       -1794.494    -1811.630       17.136   331.4
14.8000       -1794.148    -1810.778       16.630   321.6
15.0000       -1795.352    -1811.131       15.780   305.2
15.2000       -1794.837    -1810.774       15.938   308.3
15.4000       -1796.360    -1810.666       14.306   276.7
15.6000       -1794.813    -1810.539       15.726   304.1
15.8000       -1794.712    -1810.899       16.187   313.1
16.0000       -1795.051    -1810.713       15.661   302.9
16.2000       -1796.869    -1812.181       15.312   296.1
16.4000       -1797.007    -1812.265       15.257   295.1
16.6000       -1796.482    -1811.123       14.641   283.2
16.8000       -1795.662    -1811.264       15.601   301.7
17.0000       -1795.449    -1810.581       15.133   292.7
17.2000       -1796.056    -1811.897       15.841   306.4
17.4000       -1794.830    -1809.920       15.090   291.9
17.6000       -1794.370    -1810.134       15.763   304.9
17.8000       -1795.050    -1810.295       15.245   294.8
18.0000       -1794.369    -1809.456       15.087   291.8
18.2000       -1794.297    -1810.883       16.586   320.8
18.4000       -1794.536    -1811.669       17.133   331.4
18.6000       -1794.822    -1810.676       15.854   306.6
18.8000       -1794.481    -1810.844       16.363   316.5
19.0000       -1796.397    -1811.802       15.405   297.9
19.2000       -1796.379    -1812.140       15.761   304.8
19.4000       -1796.743    -1811.416       14.672   283.8
19.6000       -1796.872    -1812.174       15.302   296.0
19.8000       -1795.172    -1811.087       15.915   307.8
20.0000       -1794.568    -1810.611       16.043   310.3
20.2000       -1795.490    -1811.748       16.258   314.4
20.4000       -1795.068    -1810.882       15.814   305.9
20.6000       -1794.237    -1810.209       15.972   308.9
20.8000       -1795.774    -1810.438       14.664   283.6
21.0000       -1793.997    -1810.010       16.014   309.7
21.2000       -1794.782    -1810.321       15.539   300.5
21.4000       -1793.905    -1810.224       16.320   315.6
21.6000       -1793.839    -1810.606       16.767   324.3
21.8000       -1795.028    -1810.526       15.498   299.7
22.0000       -1795.482    -1810.613       15.131   292.7
22.2000       -1795.632    -1812.136       16.504   319.2
22.4000       -1796.592    -1811.053       14.461   279.7
22.6000       -1797.146    -1812.148       15.003   290.2
22.8000       -1797.063    -1811.759       14.696   284.2
23.0000       -1796.474    -1811.732       15.258   295.1
23.2000       -1795.879    -1811.089       15.210   294.2
23.4000       -1795.441    -1811.084       15.643   302.5
23.6000       -1796.480    -1811.692       15.211   294.2
23.8000       -1796.484    -1811.226       14.742   285.1
24.0000       -1796.505    -1810.952       14.446   279.4
24.2000       -1796.773    -1811.315       14.542   281.3
24.4000       -1795.239    -1811.164       15.926   308.0
24.6000       -1794.908    -1810.483       15.576   301.2
24.8000       -1795.503    -1811.678       16.175   312.8
25.0000       -1795.623    -1811.608       15.985   309.2
25.2000       -1795.859    -1811.238       15.379   297.4
25.4000       -1795.049    -1810.355       15.307   296.0
25.6000       -1794.427    -1810.678       16.251   314.3
25.8000       -1794.994    -1811.121       16.127   311.9
26.0000       -1795.656    -1811.771       16.115   311.7
26.2000       -1795.898    -1811.161       15.263   295.2
26.4000       -1794.635    -1810.679       16.044   310.3
26.6000       -1795.589    -1811.019       15.430   298.4
26.8000       -1796.488    -1810.852       14.365   277.8
27.0000       -1796.867    -1812.162       15.295   295.8
27.2000       -1796.494    -1811.899       15.405   297.9
27.4000       -1795.090    -1811.051       15.961   308.7
27.6000       -1795.705    -1811.134       15.429   298.4
27.8000       -1796.065    -1811.643       15.578   301.3
28.0000       -1796.184    -1811.323       15.139   292.8
28.2000       -1796.369    -1810.623       14.254   275.7
28.4000       -1796.340    -1810.508       14.168   274.0
28.6000       -1795.392    -1811.308       15.916   307.8
28.8000       -1795.748    -1810.501       14.753   285.3
29.0000       -1796.467    -1811.053       14.587   282.1
29.2000       -1795.801    -1810.124       14.324   277.0
29.4000       -1796.399    -1812.492       16.092   311.2
29.6000       -1794.779    -1810.713       15.933   308.2
29.8000       -1795.086    -1810.385       15.298   295.9
30.0000       -1795.358    -1811.109       15.751   304.6
30.2000       -1793.168    -1810.182       17.013   329.1
30.4000       -1794.270    -1810.255       15.985   309.2
30.6000       -1793.998    -1810.408       16.410   317.4
30.8000       -1794.152    -1810.600       16.448   318.1
31.0000       -1794.142    -1809.845       15.703   303.7
31.2000       -1794.224    -1810.461       16.237   314.0
31.4000       -1794.101    -1810.649       16.548   320.1
31.6000       -1795.604    -1811.240       15.635   302.4
31.8000       -1795.423    -1810.973       15.550   300.8
32.0000       -1795.529    -1811.309       15.779   305.2
32.2000       -1794.795    -1810.639       15.844   306.4
32.4000       -1795.864    -1811.321       15.457   298.9
32.6000       -1796.989    -1811.442       14.453   279.5
32.8000       -1797.123    -1811.540       14.417   278.8
33.0000       -1795.803    -1811.192       15.389   297.6
33.2000       -1796.188    -1811.090       14.902   288.2
33.4000       -1796.343    -1810.984       14.642   283.2
33.6000       -1796.625    -1812.080       15.456   298.9
33.8000       -1796.966    -1812.168       15.202   294.0
34.0000       -1796.161    -1811.648       15.486   299.5
34.2000       -1795.871    -1811.735       15.865   306.8
34.4000       -1794.579    -1810.532       15.953   308.5
34.6000       -1794.609    -1811.076       16.467   318.5
34.8000       -1794.344    -1810.914       16.570   320.5
35.0000       -1795.256    -1810.681       15.425   298.3
35.2000       -1794.907    -1810.915       16.008   309.6
35.4000       -1795.026    -1811.111       16.085   311.1
35.6000       -1795.581    -1812.029       16.448   318.1
35.8000       -1794.177    -1809.550       15.373   297.3
36.0000       -1795.862    -1812.337       16.475   318.6
36.2000       -1795.029    -1810.703       15.673   303.1
36.4000       -1794.000    -1809.637       15.637   302.4
36.6000       -1794.463    -1810.183       15.720   304.0
36.8000       -1794.432    -1810.338       15.906   307.6
37.0000       -1796.061    -1811.584       15.523   300.2
37.2000       -1795.915    -1811.630       15.714   303.9
37.4000       -1795.534    -1811.236       15.702   303.7
37.6000       -1796.034    -1812.349       16.315   315.5
37.8000       -1795.879    -1811.939       16.060   310.6
38.0000       -1795.890    -1811.268       15.378   297.4
38.2000       -1795.982    -1812.003       16.021   309.9
38.4000       -1797.078    -1811.831       14.753   285.3
38.6000       -1796.410    -1811.407       14.997   290.1
38.8000       -1795.366    -1811.796       16.429   317.8
39.0000       -1795.398    -1810.838       15.440   298.6
39.2000       -1795.175    -1810.372       15.197   293.9
39.4000       -1796.005    -1810.503       14.499   280.4
39.6000       -1796.646    -1811.811       15.165   293.3
39.8000       -1796.776    -1811.489       14.713   284.6
40.0000       -1795.723    -1810.512       14.788   286.0
40.2000       -1795.599    -1811.423       15.824   306.0
40.4000       -1795.177    -1810.958       15.781   305.2
40.6000       -1793.864    -1810.254       16.390   317.0
40.8000       -1795.291    -1810.714       15.423   298.3
41.0000       -1796.122    -1811.703       15.581   301.4
41.2000       -1795.823    -1811.148       15.325   296.4
41.4000       -1795.309    -1810.524       15.215   294.3
41.6000       -1795.123    -1810.439       15.315   296.2
41.8000       -1794.107    -1810.032       15.925   308.0
42.0000       -1794.933    -1810.712       15.779   305.2
42.2000       -1794.774    -1810.731       15.958   308.6
42.4000       -1795.561    -1810.537       14.976   289.7
42.6000       -1794.591    -1811.264       16.672   322.5
42.8000       -1794.660    -1809.970       15.310   296.1
43.0000       -1793.579    -1810.183       16.604   321.1
43.2000       -1793.701    -1809.822       16.122   311.8
43.4000       -1794.223    -1809.367       15.143   292.9
43.6000       -1796.020    -1811.347       15.327   296.4
43.8000       -1795.602    -1811.847       16.245   314.2
44.0000       -1795.553    -1812.130       16.577   320.6
44.2000       -1795.472    -1810.787       15.315   296.2
44.4000       -1795.740    -1811.306       15.565   301.1
44.6000       -1795.484    -1810.755       15.271   295.3
44.8000       -1794.187    -1809.722       15.535   300.5
45.0000       -1795.653    -1811.445       15.792   305.4
45.2000       -1793.832    -1810.239       16.407   317.3
45.4000       -1794.628    -1810.925       16.297   315.2
45.6000       -1795.859    -1811.840       15.981   309.1
45.8000       -1795.582    -1811.245       15.663   302.9
46.0000       -1795.891    -1811.219       15.328   296.5
46.2000       -1795.526    -1811.028       15.502   299.8
46.4000       -1796.907    -1812.241       15.334   296.6
46.6000       -1796.491    -1811.388       14.897   288.1
46.8000       -1796.073    -1811.800       15.727   304.2
47.0000       -1796.125    -1811.224       15.098   292.0
47.2000       -1796.374    -1811.593       15.218   294.3
47.4000       -1795.723    -1811.091       15.368   297.2
47.6000       -1793.593    -1810.729       17.136   331.4
47.8000       -1794.108    -1810.039       15.931   308.1
48.0000       -1795.599    -1811.129       15.530   300.4
48.2000       -1797.099    -1811.353       14.254   275.7
48.4000       -1795.396    -1811.010       15.614   302.0
48.6000       -1794.117    -1810.736       16.619   321.4
48.8000       -1795.273    -1810.200       14.927   288.7
49.0000       -1796.840    -1811.695       14.856   287.3
49.2000       -1795.161    -1810.628       15.467   299.1
49.4000       -1794.592    -1810.609       16.017   309.8
49.6000       -1794.936    -1810.570       15.634   302.4
49.8000       -1795.698    -1811.049       15.351   296.9
50.0000       -1796.420    -1811.482       15.062   291.3
50.2000       -1796.133    -1811.468       15.334   296.6
50.4000       -1795.445    -1810.505       15.060   291.3
50.6000       -1794.753    -1810.579       15.826   306.1
50.8000       -1795.073    -1811.053       15.979   309.1
51.0000       -1795.143    -1810.779       15.636   302.4
51.2000       -1795.112    -1811.339       16.227   313.8
51.4000       -1795.920    -1810.639       14.719   284.7
51.6000       -1795.282    -1810.808       15.526   300.3
51.8000       -1796.512    -1811.287       14.776   285.8
52.0000       -1795.277    -1810.874       15.597   301.7
52.2000       -1795.288    -1810.936       15.648   302.6
52.4000       -1796.781    -1811.691       14.911   288.4
52.6000       -1795.883    -1810.990       15.107   292.2
52.8000       -1795.839    -1811.298       15.459   299.0
53.0000       -1796.352    -1811.597       15.245   294.8
53.2000       -1796.516    -1811.456       14.941   289.0
53.4000       -1796.165    -1811.015       14.850   287.2
53.6000       -1795.530    -1810.742       15.212   294.2
53.8000       -1795.207    -1811.202       15.995   309.4
54.0000       -1795.651    -1811.312       15.661   302.9
54.2000       -1793.572    -1810.299       16.727   323.5
54.4000       -1794.230    -1810.673       16.443   318.0
54.6000       -1796.647    -1812.072       15.425   298.3
54.8000       -1796.390    -1810.963       14.574   281.9
55.0000       -1795.441    -1811.022       15.580   301.3
55.2000       -1795.359    -1811.687       16.329   315.8
55.4000       -1795.264    -1810.405       15.141   292.8
55.6000       -1794.671    -1811.179       16.508   319.3
55.8000       -1796.047    -1811.853       15.806   305.7
56.0000       -1796.219    -1812.106       15.887   307.3
56.2000       -1796.326    -1811.629       15.303   296.0
56.4000       -1796.172    -1811.367       15.195   293.9
56.6000       -1795.258    -1810.398       15.139   292.8
56.8000       -1795.716    -1811.216       15.501   299.8
57.0000       -1796.021    -1810.013       13.992   270.6
57.2000       -1794.236    -1811.855       17.619   340.8
57.4000       -1794.339    -1810.974       16.635   321.7
57.6000       -1795.045    -1810.960       15.916   307.8
57.8000       -1794.031    -1810.212       16.181   313.0
58.0000       -1793.842    -1810.378       16.536   319.8
58.2000       -1793.809    -1810.338       16.530   319.7
58.4000       -1794.529    -1811.059       16.530   319.7
58.6000       -1795.209    -1811.062       15.853   306.6
58.8000       -1794.974    -1810.972       15.997   309.4
59.0000       -1795.650    -1810.840       15.190   293.8
59.2000       -1796.579    -1811.045       14.465   279.8
59.4000       -1797.115    -1811.668       14.553   281.5
59.6000       -1796.394    -1812.099       15.705   303.8
59.8000       -1795.772    -1810.456       14.684   284.0
60.0000       -1795.444    -1811.635       16.190   313.1
60.2000       -1796.433    -1811.065       14.632   283.0
60.4000       -1796.433    -1811.711       15.278   295.5
60.6000       -1795.975    -1811.741       15.766   304.9
60.8000       -1794.942    -1810.777       15.835   306.3
61.0000       -1795.100    -1811.614       16.514   319.4
61.2000       -1797.363    -1811.590       14.227   275.2
61.4000       -1796.940    -1811.532       14.593   282.2
61.6000       -1797.289    -1812.010       14.721   284.7
61.8000       -1796.124    -1811.428       15.304   296.0
62.0000       -1795.877    -1811.273       15.396   297.8
62.2000       -1795.846    -1812.092       16.246   314.2
62.4000       -1795.302    -1811.554       16.253   314.3
62.6000       -1795.018    -1810.756       15.738   304.4
62.8000       -1795.713    -1811.231       15.518   300.1
63.0000       -1795.478    -1810.926       15.448   298.8
63.2000       -1795.549    -1811.584       16.035   310.1
63.4000       -1796.160    -1811.543       15.383   297.5
63.6000       -1795.456    -1810.758       15.302   296.0
63.8000       -1795.656    -1811.300       15.644   302.6
64.0000       -1796.466    -1811.784       15.318   296.3
64.2000       -1796.759    -1811.309       14.550   281.4
64.4000       -1796.016    -1811.066       15.051   291.1
64.6000       -1795.903    -1810.961       15.058   291.2
64.8000       -1795.075    -1811.171       16.096   311.3
65.0000       -1796.278    -1810.758       14.480   280.0
65.2000       -1795.170    -1810.967       15.797   305.5
65.4000       -1796.071    -1810.878       14.807   286.4
65.6000       -1794.412    -1810.196       15.784   305.3
65.8000       -1796.117    -1811.922       15.806   305.7
66.0000       -1796.935    -1811.710       14.775   285.8
66.2000       -1797.075    -1812.153       15.078   291.6
66.4000       -1796.463    -1811.274       14.812   286.5
66.6000       -1795.961    -1811.200       15.239   294.7
66.8000       -1795.599    -1811.140       15.541   300.6
67.0000       -1794.708    -1810.345       15.637   302.4
67.2000       -1794.090    -1809.942       15.853   306.6
67.4000       -1794.343    -1810.112       15.769   305.0
67.6000       -1795.741    -1811.492       15.751   304.6
67.8000       -1796.302    -1811.432       15.130   292.6
68.0000       -1796.385    -1811.280       14.895   288.1
68.2000       -1795.898    -1811.810       15.911   307.7
68.4000       -1795.605    -1811.856       16.251   314.3
68.6000       -1795.437    -1810.481       15.044   291.0
68.8000       -1794.643    -1811.031       16.388   317.0
69.0000       -1794.076    -1810.792       16.716   323.3
69.2000       -1794.376    -1810.262       15.885   307.2
69.4000       -1795.185    -1810.279       15.094   291.9
69.6000       -1794.986    -1810.168       15.181   293.6
69.8000       -1794.245    -1810.534       16.289   315.0
70.0000       -1795.389    -1810.619       15.230   294.6
70.2000       -1795.505    -1810.428       14.922   288.6
70.4000       -1794.829    -1810.429       15.601   301.7
70.6000       -1796.592    -1811.651       15.058   291.2
70.8000       -1796.809    -1811.950       15.141   292.8
71.0000       -1797.000    -1811.838       14.839   287.0
71.2000       -1795.397    -1811.292       15.895   307.4
71.4000       -1795.017    -1810.436       15.419   298.2
71.6000       -1793.799    -1810.316       16.517   319.5
71.8000       -1793.881    -1810.212       16.331   315.9
72.0000       -1793.926    -1810.119       16.193   313.2
72.2000       -1795.065    -1810.690       15.625   302.2
72.4000       -1794.585    -1811.200       16.615   321.4
72.6000       -1795.510    -1811.189       15.679   303.2
72.8000       -1795.042    -1810.475       15.433   298.5
73.0000       -1795.471    -1810.695       15.224   294.4
73.2000       -1795.573    -1811.560       15.987   309.2
73.4000       -1795.626    -1810.901       15.275   295.4
73.6000       -1796.071    -1811.286       15.215   294.3
73.8000       -1796.298    -1811.938       15.640   302.5
74.0000       -1796.129    -1811.699       15.569   301.1
74.2000       -1796.956    -1811.815       14.859   287.4
74.4000       -1795.568    -1811.144       15.576   301.3
74.6000       -1795.729    -1810.278       14.548   281.4
74.8000       -1795.803    -1811.616       15.813   305.8
75.0000       -1796.258    -1810.981       14.723   284.8
75.2000       -1797.064    -1811.790       14.726   284.8
75.4000       -1796.089    -1810.771       14.681   284.0
75.6000       -1794.849    -1810.935       16.087   311.1
75.8000       -1795.605    -1810.863       15.258   295.1
76.0000       -1795.820    -1810.052       14.232   275.3
76.2000       -1795.347    -1811.183       15.836   306.3
76.4000       -1795.142    -1810.832       15.690   303.5
76.6000       -1795.554    -1810.613       15.059   291.3
76.8000       -1795.797    -1811.251       15.454   298.9
77.0000       -1795.353    -1810.562       15.209   294.2
77.2000       -1795.071    -1810.409       15.338   296.7
77.4000       -1795.526    -1811.653       16.127   311.9
77.6000       -1795.828    -1811.741       15.913   307.8
77.8000       -1797.378    -1812.186       14.808   286.4
78.0000       -1795.588    -1810.829       15.241   294.8
78.2000       -1797.301    -1811.985       14.683   284.0
78.4000       -1797.818    -1812.587       14.769   285.6
78.6000       -1796.594    -1811.291       14.697   284.3
78.8000       -1796.578    -1811.346       14.768   285.6
79.0000       -1795.435    -1811.760       16.325   315.7
79.2000       -1795.700    -1811.404       15.704   303.7
79.4000       -1796.699    -1811.886       15.186   293.7
79.6000       -1796.778    -1811.137       14.360   277.7
79.8000       -1796.699    -1811.944       15.244   294.8
80.0000       -1796.071    -1811.267       15.196   293.9
80.2000       -1795.756    -1811.555       15.799   305.6
80.4000       -1796.173    -1810.915       14.742   285.1
80.6000       -1795.770    -1811.410       15.639   302.5
80.8000       -1795.036    -1810.478       15.442   298.7
81.0000       -1794.919    -1811.095       16.176   312.9
81.2000       -1795.404    -1811.068       15.664   303.0
81.4000       -1795.712    -1811.343       15.631   302.3
81.6000       -1794.735    -1810.317       15.582   301.4
81.8000       -1794.965    -1810.503       15.538   300.5
82.0000       -1796.387    -1811.161       14.774   285.7
82.2000       -1796.442    -1811.577       15.135   292.7
82.4000       -1795.460    -1811.319       15.859   306.7
82.6000       -1795.534    -1810.747       15.213   294.2
82.8000       -1795.463    -1810.725       15.263   295.2
83.0000       -1795.048    -1810.890       15.842   306.4
83.2000       -1795.412    -1810.375       14.964   289.4
83.4000       -1796.166    -1811.212       15.047   291.0
83.6000       -1795.006    -1810.379       15.373   297.3
83.8000       -1794.768    -1810.798       16.030   310.0
84.0000       -1795.161    -1810.889       15.728   304.2
84.2000       -1795.599    -1811.483       15.884   307.2
84.4000       -1795.689    -1812.075       16.387   316.9
84.6000       -1797.288    -1812.034       14.746   285.2
84.8000       -1795.487    -1810.883       15.396   297.8
85.0000       -1794.826    -1811.374       16.548   320.1
85.2000       -1794.662    -1811.041       16.380   316.8
85.4000       -1794.977    -1810.622       15.645   302.6
85.6000       -1795.150    -1811.524       16.374   316.7
85.8000       -1796.667    -1811.645       14.978   289.7
86.0000       -1795.379    -1810.770       15.391   297.7
86.2000       -1795.445    -1810.402       14.957   289.3
86.4000       -1796.359    -1810.642       14.283   276.3
86.6000       -1797.457    -1812.192       14.736   285.0
86.8000       -1797.120    -1811.840       14.720   284.7
87.0000       -1796.471    -1811.044       14.573   281.9
87.2000       -1796.437    -1811.388       14.952   289.2
87.4000       -1796.518    -1811.589       15.071   291.5
87.6000       -1795.955    -1810.793       14.838   287.0
87.8000       -1795.924    -1811.166       15.242   294.8
88.0000       -1795.324    -1811.709       16.385   316.9
88.2000       -1794.211    -1810.915       16.704   323.1
88.4000       -1793.837    -1810.671       16.834   325.6
88.6000       -1794.133    -1810.140       16.008   309.6
88.8000       -1795.275    -1811.152       15.877   307.1
89.0000       -1794.485    -1810.646       16.161   312.6
89.2000       -1795.729    -1810.818       15.089   291.8
89.4000       -1794.967    -1810.651       15.684   303.3
89.6000       -1794.529    -1811.030       16.501   319.2
89.8000       -1794.939    -1810.939       16.000   309.5
90.0000       -1794.643    -1810.571       15.929   308.1
90.2000       -1794.567    -1811.196       16.629   321.6
90.4000       -1795.191    -1811.183       15.992   309.3
90.6000       -1795.496    -1810.642       15.146   292.9
90.8000       -1796.392    -1810.647       14.255   275.7
91.0000       -1796.574    -1811.765       15.192   293.8
91.2000       -1795.753    -1811.374       15.621   302.1
91.4000       -1795.363    -1811.190       15.827   306.1
91.6000       -1796.310    -1811.851       15.541   300.6
91.8000       -1795.297    -1811.160       15.863   306.8
92.0000       -1794.843    -1809.837       14.994   290.0
92.2000       -1796.297    -1812.278       15.981   309.1
92.4000       -1795.951    -1811.301       15.350   296.9
92.6000       -1795.967    -1811.073       15.106   292.2
92.8000       -1795.565    -1810.374       14.809   286.4
93.0000       -1793.861    -1810.352       16.491   319.0
93.2000       -1794.927    -1810.210       15.283   295.6
93.4000       -1794.756    -1810.580       15.825   306.1
93.6000       -1795.376    -1810.371       14.995   290.0
93.8000       -1794.813    -1810.996       16.183   313.0
94.0000       -1795.143    -1811.029       15.886   307.2
94.2000       -1796.013    -1812.140       16.127   311.9
94.4000       -1795.303    -1811.206       15.903   307.6
94.6000       -1795.744    -1811.433       15.689   303.4
94.8000       -1796.259    -1811.719       15.460   299.0
95.0000       -1796.408    -1811.648       15.241   294.8
95.2000       -1796.578    -1812.258       15.680   303.3
95.4000       -1796.308    -1810.966       14.658   283.5
95.6000       -1795.182    -1811.146       15.963   308.7
95.8000       -1795.098    -1811.074       15.975   309.0
96.0000       -1795.351    -1810.454       15.103   292.1
96.2000       -1796.306    -1810.821       14.515   280.7
96.4000       -1796.813    -1811.847       15.034   290.8
96.6000       -1796.474    -1811.496       15.022   290.5
96.8000       -1795.982    -1811.696       15.714   303.9
97.0000       -1795.253    -1810.965       15.711   303.9
97.2000       -1795.853    -1811.741       15.888   307.3
97.4000       -1796.427    -1811.863       15.436   298.6
97.6000       -1796.767    -1810.610       13.842   267.7
97.8000       -1796.065    -1811.771       15.706   303.8
98.0000       -1796.116    -1811.431       15.315   296.2
98.2000       -1795.641    -1809.926       14.285   276.3
98.4000       -1794.950    -1810.651       15.701   303.7
98.6000       -1795.145    -1811.169       16.024   309.9
98.8000       -1795.013    -1810.484       15.471   299.2
99.0000       -1796.082    -1811.414       15.332   296.5
99.2000       -1795.755    -1811.417       15.662   302.9
99.4000       -1796.483    -1811.810       15.327   296.4
99.6000       -1796.257    -1810.720       14.463   279.7
99.8000       -1795.964    -1810.883       14.919   288.5
100.0000      -1795.722    -1811.903       16.181   313.0
100.2000      -1795.005    -1811.303       16.298   315.2
100.4000      -1795.167    -1811.111       15.945   308.4
100.6000      -1795.848    -1811.040       15.192   293.8
100.8000      -1795.006    -1810.760       15.755   304.7
101.0000      -1796.717    -1812.087       15.370   297.3
101.2000      -1796.204    -1811.502       15.298   295.9
101.4000      -1794.413    -1810.924       16.511   319.3
101.6000      -1795.689    -1810.819       15.130   292.6
101.8000      -1795.332    -1810.272       14.940   288.9
102.0000      -1794.958    -1810.575       15.617   302.0
102.2000      -1794.498    -1810.365       15.868   306.9
102.4000      -1795.331    -1811.108       15.776   305.1
102.6000      -1795.192    -1810.898       15.706   303.8
102.8000      -1794.764    -1811.070       16.306   315.4
103.0000      -1795.220    -1810.781       15.561   301.0
103.2000      -1795.228    -1811.103       15.875   307.0
103.4000      -1795.361    -1810.534       15.173   293.5
103.6000      -1795.673    -1811.213       15.540   300.5
103.8000      -1794.927    -1809.593       14.666   283.6
104.0000      -1795.535    -1810.844       15.309   296.1
104.2000      -1797.306    -1811.901       14.596   282.3
104.4000      -1796.313    -1810.620       14.307   276.7
104.6000      -1795.871    -1811.494       15.623   302.2
104.8000      -1796.532    -1811.680       15.148   293.0
105.0000      -1796.419    -1811.838       15.419   298.2
105.2000      -1796.446    -1811.381       14.936   288.9
105.4000      -1795.677    -1811.213       15.535   300.5
105.6000      -1796.892    -1811.388       14.496   280.4
105.8000      -1795.768    -1810.692       14.923   288.6
106.0000      -1796.826    -1812.065       15.239   294.7
106.2000      -1795.244    -1811.295       16.050   310.4
106.4000      -1795.170    -1811.143       15.973   308.9
106.6000      -1794.612    -1810.742       16.130   312.0
106.8000      -1794.720    -1810.380       15.660   302.9
107.0000      -1796.913    -1811.726       14.813   286.5
107.2000      -1796.327    -1810.435       14.109   272.9
107.4000      -1795.805    -1811.089       15.284   295.6
107.6000      -1793.793    -1810.171       16.378   316.8
107.8000      -1793.999    -1810.826       16.827   325.5
108.0000      -1795.591    -1811.224       15.633   302.4
108.2000      -1794.406    -1809.688       15.282   295.6
108.4000      -1795.127    -1811.149       16.022   309.9
108.6000      -1795.679    -1810.889       15.210   294.2
108.8000      -1796.069    -1811.717       15.648   302.7
109.0000      -1795.712    -1811.724       16.013   309.7
109.2000      -1795.681    -1811.474       15.794   305.5
109.4000      -1794.541    -1810.664       16.123   311.8
109.6000      -1795.256    -1810.845       15.589   301.5
109.8000      -1796.264    -1810.821       14.557   281.5
110.0000      -1795.948    -1811.221       15.274   295.4
110.2000      -1795.207    -1811.371       16.165   312.6
110.4000      -1795.513    -1810.932       15.419   298.2
110.6000      -1796.033    -1811.028       14.995   290.0
110.8000      -1795.860    -1811.366       15.506   299.9
111.0000      -1795.265    -1810.519       15.254   295.0
111.2000      -1796.472    -1810.916       14.444   279.4
111.4000      -1795.306    -1810.594       15.288   295.7
111.6000      -1795.309    -1811.013       15.704   303.7
111.8000      -1796.300    -1811.348       15.048   291.0
112.0000      -1795.610    -1810.943       15.333   296.6
112.2000      -1795.144    -1810.527       15.384   297.5
112.4000      -1794.848    -1810.508       15.660   302.9
112.6000      -1796.298    -1811.587       15.289   295.7
112.8000      -1797.075    -1811.996       14.921   288.6
113.0000      -1795.712    -1810.660       14.948   289.1
113.2000      -1795.465    -1811.037       15.572   301.2
113.4000      -1795.825    -1810.839       15.014   290.4
113.6000      -1795.728    -1810.847       15.118   292.4
113.8000      -1795.498    -1811.505       16.007   309.6
114.0000      -1795.850    -1811.715       15.865   306.8
114.2000      -1795.543    -1810.961       15.418   298.2
114.4000      -1795.206    -1810.836       15.630   302.3
114.6000      -1795.885    -1810.812       14.927   288.7
114.8000      -1797.293    -1812.180       14.887   287.9
115.0000      -1797.955    -1812.841       14.886   287.9
115.2000      -1798.610    -1812.171       13.562   262.3
115.4000      -1796.765    -1811.069       14.303   276.6
115.6000      -1796.694    -1811.368       14.674   283.8
115.8000      -1797.050    -1811.459       14.409   278.7
116.0000      -1796.287    -1811.883       15.595   301.6
116.2000      -1796.495    -1812.228       15.734   304.3
116.4000      -1796.505    -1811.591       15.087   291.8
116.6000      -1796.086    -1810.493       14.407   278.6
116.8000      -1795.758    -1811.692       15.935   308.2
117.0000      -1794.054    -1810.591       16.537   319.8
117.2000      -1794.437    -1810.690       16.252   314.3
117.4000      -1796.125    -1811.673       15.548   300.7
117.6000      -1795.521    -1810.997       15.476   299.3
117.8000      -1794.884    -1810.991       16.107   311.5
118.0000      -1794.824    -1810.725       15.901   307.5
118.2000      -1794.650    -1810.920       16.269   314.7
118.4000      -1794.843    -1811.163       16.320   315.6
118.6000      -1795.576    -1810.796       15.220   294.4
118.8000      -1795.980    -1811.328       15.347   296.8
119.0000      -1795.963    -1812.378       16.414   317.5
119.2000      -1795.817    -1811.039       15.222   294.4
119.4000      -1795.303    -1810.602       15.299   295.9
119.6000      -1794.975    -1811.187       16.212   313.6
119.8000      -1796.932    -1811.989       15.058   291.2
120.0000      -1797.274    -1812.407       15.132   292.7
120.2000      -1796.488    -1811.430       14.942   289.0
120.4000      -1795.107    -1810.466       15.358   297.0
120.6000      -1794.074    -1810.529       16.454   318.2
120.8000      -1794.470    -1810.173       15.703   303.7
121.0000      -1794.875    -1811.094       16.218   313.7
121.2000      -1795.092    -1810.799       15.707   303.8
121.4000      -1795.488    -1811.409       15.921   307.9
121.6000      -1795.125    -1810.663       15.539   300.5
121.8000      -1794.686    -1811.163       16.477   318.7
122.0000      -1793.493    -1810.043       16.550   320.1
122.2000      -1794.462    -1810.851       16.389   317.0
122.4000      -1795.254    -1810.940       15.685   303.4
122.6000      -1795.874    -1810.699       14.825   286.7
122.8000      -1794.955    -1810.782       15.828   306.1
123.0000      -1795.141    -1810.599       15.458   299.0
123.2000      -1795.685    -1811.205       15.520   300.2
123.4000      -1796.399    -1811.765       15.366   297.2
123.6000      -1796.457    -1811.792       15.335   296.6
123.8000      -1795.667    -1811.353       15.686   303.4
124.0000      -1795.501    -1811.242       15.741   304.4
124.2000      -1797.139    -1811.756       14.617   282.7
124.4000      -1796.402    -1811.732       15.330   296.5
124.6000      -1795.514    -1810.839       15.325   296.4
124.8000      -1795.735    -1810.806       15.070   291.5
125.0000      -1796.760    -1811.901       15.141   292.8
125.2000      -1797.630    -1811.827       14.196   274.6
125.4000      -1795.963    -1811.019       15.056   291.2
125.6000      -1796.844    -1812.001       15.157   293.1
125.8000      -1796.418    -1811.522       15.104   292.1
126.0000      -1794.962    -1810.629       15.668   303.0
126.2000      -1794.677    -1811.083       16.405   317.3
126.4000      -1793.341    -1810.268       16.926   327.4
126.6000      -1795.455    -1811.111       15.656   302.8
126.8000      -1795.058    -1810.634       15.575   301.2
127.0000      -1795.313    -1811.021       15.708   303.8
127.2000      -1795.895    -1812.003       16.107   311.5
127.4000      -1795.833    -1811.937       16.104   311.5
127.6000      -1795.207    -1810.395       15.189   293.8
127.8000      -1794.111    -1811.237       17.126   331.2
128.0000      -1794.199    -1811.473       17.274   334.1
128.2000      -1795.199    -1811.126       15.928   308.1
128.4000      -1795.944    -1810.537       14.592   282.2
128.6000      -1795.812    -1811.064       15.252   295.0
128.8000      -1796.173    -1811.305       15.132   292.7
129.0000      -1796.437    -1811.590       15.153   293.1
129.2000      -1795.331    -1810.739       15.408   298.0
129.4000      -1796.032    -1811.418       15.386   297.6
129.6000      -1796.738    -1810.946       14.208   274.8
129.8000      -1795.541    -1811.344       15.803   305.6
130.0000      -1795.437    -1811.093       15.656   302.8
130.2000      -1795.341    -1810.781       15.440   298.6
130.4000      -1795.365    -1811.208       15.843   306.4
130.6000      -1795.053    -1811.419       16.366   316.5
130.8000      -1796.648    -1811.694       15.046   291.0
131.0000      -1796.035    -1811.403       15.368   297.2
131.2000      -1795.233    -1811.253       16.020   309.8
131.4000      -1795.864    -1811.622       15.758   304.8
131.6000      -1794.774    -1811.027       16.253   314.3
131.8000      -1794.505    -1810.179       15.674   303.1
132.0000      -1794.205    -1810.181       15.976   309.0
132.2000      -1795.536    -1811.231       15.695   303.6
132.4000      -1795.399    -1810.524       15.125   292.5
132.6000      -1795.529    -1811.255       15.727   304.2
132.8000      -1794.551    -1809.878       15.327   296.4
133.0000      -1794.585    -1810.130       15.545   300.6
133.2000      -1794.949    -1811.003       16.055   310.5
133.4000      -1795.338    -1810.860       15.522   300.2
133.6000      -1793.668    -1809.597       15.929   308.1
133.8000      -1794.374    -1810.187       15.813   305.8
134.0000      -1795.157    -1810.530       15.373   297.3
134.2000      -1795.644    -1811.032       15.388   297.6
134.4000      -1794.474    -1810.183       15.708   303.8
134.6000      -1795.021    -1810.174       15.154   293.1
134.8000      -1795.461    -1811.378       15.916   307.8
135.0000      -1796.037    -1810.909       14.873   287.7
135.2000      -1795.913    -1811.343       15.430   298.4
135.4000      -1796.195    -1811.866       15.671   303.1
135.6000      -1795.471    -1810.556       15.084   291.7
135.8000      -1796.261    -1811.737       15.476   299.3
136.0000      -1796.842    -1811.675       14.833   286.9
136.2000      -1797.412    -1812.378       14.966   289.5
136.4000      -1796.098    -1811.565       15.467   299.2
136.6000      -1795.842    -1810.878       15.036   290.8
136.8000      -1796.834    -1812.105       15.270   295.3
137.0000      -1796.740    -1811.844       15.104   292.1
137.2000      -1797.563    -1812.646       15.083   291.7
137.4000      -1795.668    -1810.985       15.317   296.2
137.6000      -1795.845    -1810.978       15.133   292.7
137.8000      -1795.791    -1811.076       15.284   295.6
138.0000      -1795.887    -1811.608       15.721   304.1
138.2000      -1795.230    -1811.196       15.966   308.8
138.4000      -1795.100    -1810.559       15.459   299.0
138.6000      -1794.612    -1810.651       16.039   310.2
138.8000      -1796.247    -1811.227       14.981   289.7
139.0000      -1795.849    -1811.409       15.560   300.9
139.2000      -1795.290    -1810.857       15.567   301.1
139.4000      -1796.139    -1812.258       16.119   311.8
139.6000      -1797.093    -1812.256       15.163   293.3
139.8000      -1796.767    -1811.456       14.690   284.1
140.0000      -1795.297    -1811.290       15.993   309.3
140.2000      -1795.865    -1811.117       15.253   295.0
140.4000      -1795.650    -1811.430       15.781   305.2
140.6000      -1796.047    -1810.533       14.486   280.2
140.8000      -1795.749    -1810.932       15.183   293.7
141.0000      -1795.564    -1811.250       15.686   303.4
141.2000      -1795.900    -1811.315       15.414   298.1
141.4000      -1795.415    -1810.844       15.429   298.4
141.6000      -1794.391    -1810.469       16.078   311.0
141.8000      -1794.576    -1810.876       16.299   315.2
142.0000      -1795.414    -1810.270       14.856   287.3
142.2000      -1794.976    -1810.322       15.346   296.8
142.4000      -1795.361    -1810.867       15.506   299.9
142.6000      -1795.612    -1811.135       15.523   300.2
142.8000      -1797.108    -1811.897       14.789   286.0
143.0000      -1796.465    -1812.150       15.685   303.4
143.2000      -1795.245    -1811.513       16.268   314.6
143.4000      -1795.992    -1811.576       15.584   301.4
143.6000      -1794.980    -1810.906       15.926   308.0
143.8000      -1795.080    -1811.152       16.071   310.8
144.0000      -1795.216    -1811.291       16.074   310.9
144.2000      -1795.395    -1811.637       16.242   314.1
144.4000      -1794.549    -1810.341       15.791   305.4
144.6000      -1795.979    -1810.895       14.916   288.5
144.8000      -1795.216    -1810.789       15.573   301.2
145.0000      -1796.347    -1811.969       15.623   302.2
145.2000      -1796.512    -1811.986       15.475   299.3
145.4000      -1795.711    -1811.223       15.512   300.0
145.6000      -1794.940    -1810.957       16.016   309.8
145.8000      -1795.531    -1811.066       15.536   300.5
146.0000      -1796.223    -1811.253       15.030   290.7
146.2000      -1797.984    -1810.960       12.976   251.0
146.4000      -1796.967    -1812.343       15.376   297.4
146.6000      -1795.890    -1811.243       15.353   296.9
146.8000      -1796.393    -1811.004       14.612   282.6
147.0000      -1795.801    -1810.618       14.817   286.6
147.2000      -1795.543    -1810.942       15.399   297.8
147.4000      -1795.949    -1811.260       15.311   296.1
147.6000      -1795.723    -1811.804       16.081   311.0
147.8000      -1796.115    -1811.559       15.444   298.7
148.0000      -1794.690    -1810.904       16.213   313.6
148.2000      -1794.598    -1810.531       15.933   308.2
148.4000      -1795.898    -1812.046       16.148   312.3
148.6000      -1796.447    -1811.949       15.502   299.8
148.8000      -1795.698    -1811.250       15.552   300.8
149.0000      -1795.856    -1810.755       14.899   288.2
149.2000      -1795.548    -1811.582       16.034   310.1
149.4000      -1795.707    -1811.002       15.295   295.8
149.6000      -1795.541    -1810.440       14.899   288.2
149.8000      -1795.642    -1812.338       16.696   322.9
150.0000      -1795.403    -1811.120       15.717   304.0
150.2000      -1794.761    -1810.349       15.588   301.5
150.4000      -1793.572    -1810.350       16.778   324.5
150.6000      -1794.300    -1809.496       15.196   293.9
150.8000      -1794.094    -1810.679       16.585   320.8
151.0000      -1795.304    -1810.628       15.324   296.4
151.2000      -1795.268    -1809.953       14.684   284.0
151.4000      -1796.475    -1812.100       15.625   302.2
151.6000      -1794.134    -1811.039       16.904   326.9
151.8000      -1793.873    -1810.229       16.356   316.3
152.0000      -1793.878    -1809.921       16.043   310.3
152.2000      -1794.697    -1811.458       16.761   324.2
152.4000      -1794.454    -1810.703       16.248   314.3
152.6000      -1795.795    -1811.230       15.436   298.5
152.8000      -1795.211    -1811.030       15.819   306.0
153.0000      -1794.584    -1809.889       15.304   296.0
153.2000      -1794.965    -1811.439       16.474   318.6
153.4000      -1795.048    -1810.162       15.114   292.3
153.6000      -1794.874    -1810.515       15.641   302.5
153.8000      -1794.656    -1810.710       16.054   310.5
154.0000      -1794.125    -1809.719       15.595   301.6
154.2000      -1793.404    -1810.065       16.661   322.2
154.4000      -1795.721    -1810.830       15.110   292.2
154.6000      -1795.842    -1810.745       14.904   288.3
154.8000      -1795.919    -1810.761       14.842   287.1
155.0000      -1796.442    -1811.534       15.092   291.9
155.2000      -1796.227    -1810.486       14.259   275.8
155.4000      -1797.137    -1811.383       14.246   275.5
155.6000      -1796.379    -1811.467       15.087   291.8
155.8000      -1796.948    -1811.446       14.498   280.4
156.0000      -1797.528    -1812.382       14.853   287.3
156.2000      -1797.039    -1812.141       15.102   292.1
156.4000      -1796.510    -1811.169       14.659   283.5
156.6000      -1796.192    -1811.929       15.736   304.4
156.8000      -1795.458    -1809.924       14.466   279.8
157.0000      -1794.924    -1810.481       15.557   300.9
157.2000      -1794.832    -1811.147       16.315   315.5
157.4000      -1796.509    -1810.542       14.033   271.4
157.6000      -1796.903    -1811.927       15.024   290.6
157.8000      -1796.867    -1811.120       14.252   275.7
158.0000      -1796.243    -1811.270       15.026   290.6
158.2000      -1796.567    -1810.563       13.997   270.7
158.4000      -1795.997    -1811.317       15.320   296.3
158.6000      -1795.959    -1811.658       15.699   303.6
158.8000      -1795.813    -1810.880       15.067   291.4
159.0000      -1796.465    -1811.366       14.900   288.2
159.2000      -1795.134    -1811.302       16.169   312.7
159.4000      -1794.445    -1810.902       16.457   318.3
159.6000      -1795.491    -1811.155       15.664   302.9
159.8000      -1795.403    -1811.280       15.877   307.1
160.0000      -1795.909    -1810.861       14.952   289.2
160.2000      -1794.018    -1810.909       16.891   326.7
160.4000      -1797.198    -1811.185       13.986   270.5
160.6000      -1795.666    -1810.872       15.206   294.1
160.8000      -1796.113    -1811.607       15.494   299.7
161.0000      -1796.515    -1812.096       15.582   301.4
161.2000      -1796.679    -1811.571       14.892   288.0
161.4000      -1797.209    -1811.798       14.589   282.2
161.6000      -1797.354    -1811.375       14.021   271.2
161.8000      -1795.863    -1812.093       16.230   313.9
162.0000      -1796.162    -1811.510       15.348   296.8
162.2000      -1795.504    -1810.908       15.405   297.9
162.4000      -1795.622    -1811.418       15.797   305.5
162.6000      -1794.741    -1810.792       16.050   310.4
162.8000      -1795.166    -1811.581       16.415   317.5
163.0000      -1795.698    -1811.175       15.477   299.3
163.2000      -1795.030    -1810.586       15.556   300.9
163.4000      -1794.112    -1810.985       16.872   326.3
163.6000      -1795.249    -1811.069       15.821   306.0
163.8000      -1794.821    -1810.996       16.175   312.8
164.0000      -1795.371    -1811.542       16.171   312.8
164.2000      -1796.305    -1811.281       14.976   289.6
164.4000      -1796.038    -1811.266       15.228   294.5
164.6000      -1796.646    -1811.484       14.838   287.0
164.8000      -1796.490    -1811.003       14.513   280.7
165.0000      -1796.234    -1811.871       15.636   302.4
165.2000      -1795.779    -1811.609       15.831   306.2
165.4000      -1795.153    -1810.634       15.482   299.4
165.6000      -1795.920    -1811.022       15.102   292.1
165.8000      -1796.364    -1810.716       14.353   277.6
166.0000      -1795.887    -1812.482       16.595   321.0
166.2000      -1796.703    -1811.950       15.247   294.9
166.4000      -1797.095    -1812.023       14.928   288.7
166.6000      -1796.450    -1811.429       14.979   289.7
166.8000      -1795.968    -1810.912       14.944   289.0
167.0000      -1796.427    -1811.379       14.952   289.2
167.2000      -1796.753    -1811.450       14.697   284.2
167.4000      -1795.841    -1810.977       15.136   292.7
167.6000      -1796.248    -1812.113       15.865   306.8
167.8000      -1795.084    -1811.434       16.350   316.2
168.0000      -1794.390    -1810.148       15.758   304.8
168.2000      -1796.709    -1811.832       15.124   292.5
168.4000      -1795.473    -1810.302       14.829   286.8
168.6000      -1795.724    -1811.034       15.311   296.1
168.8000      -1796.040    -1811.679       15.640   302.5
169.0000      -1796.446    -1811.482       15.036   290.8
169.2000      -1795.880    -1811.437       15.557   300.9
169.4000      -1797.214    -1811.173       13.959   270.0
169.6000      -1796.815    -1811.521       14.706   284.4
169.8000      -1795.840    -1810.812       14.973   289.6
170.0000      -1796.369    -1810.979       14.610   282.6
170.2000      -1795.150    -1810.658       15.508   299.9
170.4000      -1794.903    -1810.983       16.080   311.0
170.6000      -1796.012    -1811.824       15.813   305.8
170.8000      -1797.026    -1811.891       14.865   287.5
171.0000      -1796.266    -1811.660       15.394   297.7
171.2000      -1795.905    -1810.832       14.927   288.7
171.4000      -1795.132    -1810.958       15.825   306.1
171.6000      -1796.576    -1811.001       14.425   279.0
171.8000      -1796.433    -1812.005       15.572   301.2
172.0000      -1795.432    -1811.222       15.789   305.4
172.2000      -1794.936    -1810.793       15.858   306.7
172.4000      -1796.046    -1812.562       16.516   319.4
172.6000      -1795.863    -1811.133       15.270   295.3
172.8000      -1796.459    -1811.593       15.134   292.7
173.0000      -1795.893    -1810.745       14.852   287.2
173.2000      -1795.752    -1811.058       15.306   296.0
173.4000      -1796.115    -1811.740       15.625   302.2
173.6000      -1794.780    -1811.169       16.389   317.0
173.8000      -1796.164    -1811.549       15.385   297.6
174.0000      -1795.981    -1811.568       15.587   301.5
174.2000      -1796.597    -1811.569       14.972   289.6
174.4000      -1795.538    -1811.964       16.426   317.7
174.6000      -1796.257    -1811.535       15.278   295.5
174.8000      -1796.574    -1811.674       15.100   292.0
175.0000      -1796.615    -1811.335       14.720   284.7
175.2000      -1796.141    -1810.579       14.438   279.2
175.4000      -1796.591    -1811.593       15.002   290.2
175.6000      -1796.165    -1811.365       15.200   294.0
175.8000      -1795.127    -1810.640       15.512   300.0
176.0000      -1795.179    -1811.501       16.322   315.7
176.2000      -1795.061    -1810.687       15.626   302.2
176.4000      -1795.547    -1811.234       15.688   303.4
176.6000      -1794.495    -1810.695       16.200   313.3
176.8000      -1795.809    -1811.548       15.739   304.4
177.0000      -1795.079    -1810.411       15.331   296.5
177.2000      -1795.906    -1811.154       15.248   294.9
177.4000      -1795.938    -1811.628       15.690   303.5
177.6000      -1796.634    -1812.397       15.763   304.9
177.8000      -1797.278    -1811.862       14.584   282.1
178.0000      -1796.569    -1812.200       15.631   302.3
178.2000      -1796.812    -1811.678       14.866   287.5
178.4000      -1796.706    -1812.058       15.352   296.9
178.6000      -1796.165    -1811.377       15.211   294.2
178.8000      -1795.382    -1810.926       15.543   300.6
179.0000      -1796.043    -1810.627       14.584   282.1
179.2000      -1795.889    -1810.914       15.025   290.6
179.4000      -1794.799    -1810.577       15.778   305.2
179.6000      -1795.313    -1811.795       16.482   318.8
179.8000      -1795.404    -1810.471       15.067   291.4
180.0000      -1794.493    -1810.600       16.106   311.5
180.2000      -1793.733    -1810.138       16.405   317.3
180.4000      -1794.127    -1810.551       16.424   317.7
180.6000      -1793.922    -1810.126       16.205   313.4
180.8000      -1795.476    -1810.765       15.289   295.7
181.0000      -1795.221    -1810.969       15.748   304.6
181.2000      -1794.677    -1810.489       15.813   305.8
181.4000      -1795.475    -1811.758       16.284   314.9
181.6000      -1795.956    -1810.771       14.815   286.5
181.8000      -1794.980    -1811.037       16.057   310.6
182.0000      -1796.335    -1812.075       15.740   304.4
182.2000      -1796.881    -1812.471       15.590   301.5
182.4000      -1795.864    -1811.290       15.426   298.4
182.6000      -1796.080    -1812.233       16.153   312.4
182.8000      -1796.307    -1811.598       15.291   295.7
183.0000      -1797.469    -1811.179       13.710   265.2
183.2000      -1796.611    -1811.478       14.867   287.5
183.4000      -1797.339    -1812.513       15.174   293.5
183.6000      -1796.663    -1812.039       15.376   297.4
183.8000      -1796.547    -1811.597       15.050   291.1
184.0000      -1796.194    -1811.185       14.990   289.9
184.2000      -1795.272    -1811.588       16.315   315.5
184.4000      -1796.375    -1810.989       14.614   282.6
184.6000      -1796.034    -1811.734       15.700   303.6
184.8000      -1794.850    -1810.994       16.144   312.2
185.0000      -1795.894    -1810.798       14.904   288.2
185.2000      -1795.782    -1811.394       15.612   301.9
185.4000      -1794.368    -1810.700       16.332   315.9
185.6000      -1793.979    -1809.802       15.823   306.0
185.8000      -1795.378    -1811.019       15.641   302.5
186.0000      -1795.305    -1811.114       15.809   305.8
186.2000      -1794.956    -1811.147       16.190   313.1
186.4000      -1794.321    -1810.398       16.077   311.0
186.6000      -1794.512    -1810.614       16.102   311.4
186.8000      -1793.811    -1809.527       15.716   304.0
187.0000      -1794.879    -1810.993       16.114   311.7
187.2000      -1796.019    -1810.943       14.924   288.6
187.4000      -1795.043    -1810.385       15.342   296.7
187.6000      -1795.601    -1810.484       14.883   287.9
187.8000      -1794.348    -1810.536       16.188   313.1
188.0000      -1795.107    -1810.272       15.165   293.3
188.2000      -1795.074    -1810.633       15.560   300.9
188.4000      -1795.085    -1810.905       15.821   306.0
188.6000      -1795.514    -1811.072       15.557   300.9
188.8000      -1797.298    -1812.238       14.940   288.9
189.0000      -1796.964    -1812.176       15.212   294.2
189.2000      -1795.129    -1810.887       15.758   304.8
189.4000      -1795.753    -1812.243       16.490   318.9
189.6000      -1796.313    -1811.681       15.368   297.2
189.8000      -1795.568    -1811.460       15.892   307.4
190.0000      -1795.800    -1811.348       15.547   300.7
190.2000      -1796.795    -1811.386       14.591   282.2
190.4000      -1796.694    -1811.749       15.055   291.2
190.6000      -1795.948    -1811.205       15.257   295.1
190.8000      -1796.995    -1811.748       14.753   285.3
191.0000      -1796.703    -1812.318       15.615   302.0
191.2000      -1796.775    -1811.844       15.070   291.5
191.4000      -1795.384    -1810.463       15.079   291.6
191.6000      -1795.374    -1812.046       16.672   322.4
191.8000      -1793.809    -1809.812       16.003   309.5
192.0000      -1794.011    -1810.321       16.310   315.5
192.2000      -1795.668    -1810.836       15.168   293.4
192.4000      -1795.466    -1810.979       15.514   300.0
192.6000      -1794.811    -1810.785       15.974   309.0
192.8000      -1796.263    -1812.006       15.743   304.5
193.0000      -1796.248    -1811.691       15.443   298.7
193.2000      -1795.931    -1811.830       15.899   307.5
193.4000      -1794.980    -1810.716       15.736   304.3
193.6000      -1795.027    -1811.025       15.998   309.4
193.8000      -1794.513    -1810.063       15.550   300.7
194.0000      -1794.243    -1809.917       15.674   303.2
194.2000      -1794.537    -1810.496       15.959   308.7
194.4000      -1794.608    -1810.289       15.680   303.3
194.6000      -1794.872    -1811.013       16.142   312.2
194.8000      -1795.647    -1810.507       14.860   287.4
195.0000      -1795.113    -1810.943       15.830   306.2
195.2000      -1795.508    -1811.813       16.305   315.3
195.4000      -1795.126    -1811.163       16.037   310.2
195.6000      -1795.490    -1810.709       15.220   294.4
195.8000      -1795.406    -1810.750       15.345   296.8
196.0000      -1796.334    -1811.428       15.094   291.9
196.2000      -1795.951    -1811.280       15.328   296.5
196.4000      -1795.877    -1811.304       15.427   298.4
196.6000      -1796.424    -1811.590       15.165   293.3
196.8000      -1797.211    -1811.440       14.228   275.2
197.0000      -1796.654    -1811.962       15.309   296.1
197.2000      -1796.886    -1811.557       14.671   283.8
197.4000      -1797.190    -1811.217       14.026   271.3
197.6000      -1795.757    -1810.593       14.836   286.9
197.8000      -1794.988    -1811.293       16.306   315.4
198.0000      -1795.322    -1811.210       15.888   307.3
198.2000      -1795.534    -1810.861       15.328   296.5
198.4000      -1795.550    -1810.660       15.110   292.2
198.6000      -1795.059    -1810.834       15.775   305.1
198.8000      -1796.134    -1811.470       15.337   296.6
199.0000      -1795.729    -1810.967       15.238   294.7
199.2000      -1795.908    -1810.906       14.998   290.1
199.4000      -1797.143    -1811.552       14.409   278.7
199.6000      -1796.146    -1811.206       15.060   291.3
199.8000      -1796.818    -1811.671       14.853   287.3
200.0000      -1796.103    -1811.283       15.180   293.6
