Time[ps]      Etot[eV]     Epot[eV]     Ekin[eV]    T[K]
0.0000        -1785.530    -1806.023       20.493   396.4
0.2000        -1784.647    -1805.344       20.697   400.3
0.4000        -1784.895    -1806.237       21.342   412.8
0.6000        -1785.072    -1806.364       21.292   411.8
0.8000        -1784.770    -1804.813       20.043   387.6
1.0000        -1784.653    -1805.521       20.869   403.6
1.2000        -1784.914    -1805.529       20.615   398.7
1.4000        -1786.731    -1806.704       19.973   386.3
1.6000        -1785.591    -1806.013       20.421   395.0
1.8000        -1783.829    -1804.878       21.049   407.1
2.0000        -1785.441    -1805.468       20.027   387.3
2.2000        -1785.675    -1806.489       20.813   402.6
2.4000        -1784.854    -1805.827       20.974   405.7
2.6000        -1784.282    -1805.717       21.434   414.6
2.8000        -1785.825    -1806.120       20.294   392.5
3.0000        -1786.884    -1807.588       20.704   400.4
3.2000        -1786.707    -1806.351       19.644   379.9
3.4000        -1787.218    -1806.728       19.511   377.4
3.6000        -1786.888    -1807.438       20.550   397.5
3.8000        -1785.760    -1805.714       19.954   385.9
4.0000        -1786.581    -1805.956       19.374   374.7
4.2000        -1786.214    -1808.047       21.833   422.3
4.4000        -1786.840    -1807.760       20.920   404.6
4.6000        -1786.298    -1805.993       19.695   380.9
4.8000        -1785.883    -1806.106       20.223   391.1
5.0000        -1785.516    -1805.672       20.156   389.8
5.2000        -1786.530    -1805.510       18.980   367.1
5.4000        -1787.409    -1806.939       19.530   377.7
5.6000        -1787.203    -1806.786       19.583   378.7
5.8000        -1787.145    -1807.447       20.302   392.7
6.0000        -1787.150    -1806.899       19.748   382.0
6.2000        -1787.151    -1807.263       20.112   389.0
6.4000        -1785.755    -1807.194       21.439   414.6
6.6000        -1784.080    -1804.918       20.837   403.0
6.8000        -1784.135    -1805.597       21.462   415.1
7.0000        -1785.299    -1805.881       20.581   398.1
7.2000        -1786.925    -1805.705       18.781   363.2
7.4000        -1784.901    -1805.523       20.622   398.8
7.6000        -1785.594    -1806.434       20.840   403.1
7.8000        -1787.011    -1806.950       19.939   385.6
8.0000        -1786.151    -1806.015       19.864   384.2
8.2000        -1785.280    -1805.995       20.716   400.7
8.4000        -1785.931    -1806.614       20.682   400.0
8.6000        -1785.596    -1806.334       20.738   401.1
8.8000        -1784.433    -1805.596       21.163   409.3
9.0000        -1784.135    -1805.684       21.548   416.8
9.2000        -1785.552    -1806.166       20.614   398.7
9.4000        -1786.002    -1806.268       20.266   392.0
9.6000        -1787.029    -1806.541       19.512   377.4
9.8000        -1786.102    -1807.118       21.016   406.5
10.0000       -1785.708    -1805.987       20.279   392.2
10.2000       -1785.740    -1806.137       20.397   394.5
10.4000       -1787.038    -1807.064       20.026   387.3
10.6000       -1786.408    -1805.761       19.353   374.3
10.8000       -1786.274    -1806.482       20.208   390.8
11.0000       -1786.210    -1806.050       19.840   383.7
11.2000       -1786.494    -1807.092       20.598   398.4
11.4000       -1785.517    -1806.544       21.027   406.7
11.6000       -1786.420    -1806.581       20.161   389.9
11.8000       -1787.517    -1806.894       19.377   374.8
12.0000       -1786.726    -1807.431       20.705   400.5
12.2000       -1784.386    -1805.413       21.027   406.7
12.4000       -1785.659    -1806.575       20.916   404.5
12.6000       -1784.863    -1805.999       21.136   408.8
12.8000       -1785.813    -1806.365       20.552   397.5
13.0000       -1786.256    -1805.948       19.692   380.9
13.2000       -1786.228    -1806.890       20.662   399.6
13.4000       -1784.043    -1805.029       20.986   405.9
13.6000       -1785.348    -1806.676       21.329   412.5
13.8000       -1787.044    -1807.874       20.830   402.9
14.0000       -1787.580    -1807.003       19.422   375.6
14.2000       -1785.981    -1806.951       20.970   405.6
14.4000       -1784.374    -1805.325       20.951   405.2
14.6000       -1785.366    -1806.305       20.939   405.0
14.8000       -1786.508    -1807.705       21.197   410.0
15.0000       -1786.005    -1806.357       20.351   393.6
15.2000       -1785.096    -1806.353       21.257   411.1
15.4000       -1783.174    -1804.533       21.359   413.1
15.6000       -1783.337    -1805.645       22.308   431.5
15.8000       -1784.965    -1805.941       20.976   405.7
16.0000       -1784.409    -1806.725       22.317   431.6
16.2000       -1784.815    -1805.291       20.476   396.0
16.4000       -1784.820    -1806.020       21.201   410.0
16.6000       -1783.769    -1804.345       20.576   398.0
16.8000       -1782.764    -1804.945       22.181   429.0
17.0000       -1784.250    -1806.007       21.757   420.8
17.2000       -1785.345    -1805.093       19.749   382.0
17.4000       -1785.894    -1807.132       21.238   410.8
17.6000       -1786.153    -1806.873       20.720   400.7
17.8000       -1784.017    -1805.785       21.768   421.0
18.0000       -1783.560    -1804.767       21.207   410.2
18.2000       -1782.812    -1804.472       21.661   418.9
18.4000       -1784.723    -1805.508       20.785   402.0
18.6000       -1784.463    -1804.673       20.210   390.9
18.8000       -1784.809    -1806.047       21.238   410.8
19.0000       -1783.859    -1804.110       20.251   391.7
19.2000       -1785.321    -1806.579       21.258   411.1
19.4000       -1785.903    -1805.735       19.833   383.6
19.6000       -1786.415    -1806.043       19.628   379.6
19.8000       -1786.811    -1807.707       20.896   404.2
20.0000       -1785.650    -1805.886       20.235   391.4
20.2000       -1786.147    -1806.682       20.536   397.2
20.4000       -1786.415    -1806.329       19.915   385.2
20.6000       -1785.332    -1806.069       20.737   401.1
20.8000       -1786.418    -1807.358       20.940   405.0
21.0000       -1786.705    -1806.357       19.652   380.1
21.2000       -1784.789    -1805.411       20.622   398.8
21.4000       -1785.892    -1804.818       18.926   366.0
21.6000       -1784.895    -1806.086       21.191   409.8
21.8000       -1786.437    -1807.309       20.872   403.7
22.0000       -1785.099    -1805.848       20.749   401.3
22.2000       -1786.037    -1805.415       19.378   374.8
22.4000       -1785.646    -1806.083       20.437   395.3
22.6000       -1785.243    -1806.249       21.006   406.3
22.8000       -1784.967    -1805.997       21.030   406.7
23.0000       -1784.283    -1804.461       20.178   390.3
23.2000       -1784.509    -1805.663       21.154   409.1
23.4000       -1784.913    -1805.783       20.870   403.7
23.6000       -1785.183    -1805.959       20.776   401.8
23.8000       -1785.744    -1806.604       20.860   403.5
24.0000       -1785.588    -1806.644       21.056   407.2
24.2000       -1786.388    -1805.584       19.196   371.3
24.4000       -1784.998    -1805.731       20.733   401.0
24.6000       -1786.343    -1806.192       19.850   383.9
24.8000       -1785.768    -1807.126       21.358   413.1
25.0000       -1785.689    -1806.217       20.528   397.0
25.2000       -1785.122    -1806.674       21.552   416.8
25.4000       -1785.942    -1806.186       20.244   391.5
25.6000       -1784.177    -1805.175       20.998   406.1
25.8000       -1783.996    -1805.194       21.198   410.0
26.0000       -1785.235    -1805.377       20.142   389.6
26.2000       -1784.091    -1804.972       20.881   403.9
26.4000       -1786.285    -1807.154       20.869   403.6
26.6000       -1785.833    -1806.455       20.622   398.9
26.8000       -1785.802    -1805.483       19.681   380.7
27.0000       -1785.170    -1805.613       20.443   395.4
27.2000       -1785.649    -1805.899       20.250   391.7
27.4000       -1784.450    -1806.071       21.621   418.2
27.6000       -1785.014    -1805.869       20.855   403.3
27.8000       -1784.978    -1805.754       20.776   401.8
28.0000       -1785.107    -1805.902       20.795   402.2
28.2000       -1785.130    -1805.916       20.786   402.0
28.4000       -1787.280    -1807.836       20.556   397.6
28.6000       -1787.560    -1808.120       20.561   397.7
28.8000       -1785.655    -1806.609       20.954   405.3
29.0000       -1783.920    -1805.351       21.431   414.5
29.2000       -1783.705    -1805.606       21.901   423.6
29.4000       -1784.805    -1806.171       21.366   413.2
29.6000       -1787.356    -1807.902       20.546   397.4
29.8000       -1785.463    -1805.546       20.083   388.4
30.0000       -1785.604    -1805.899       20.295   392.5
30.2000       -1785.912    -1806.551       20.639   399.2
30.4000       -1784.971    -1806.276       21.305   412.1
30.6000       -1784.995    -1806.297       21.302   412.0
30.8000       -1786.239    -1804.910       18.671   361.1
31.0000       -1786.005    -1805.873       19.868   384.3
31.2000       -1784.661    -1806.060       21.399   413.9
31.4000       -1785.172    -1805.718       20.546   397.4
31.6000       -1784.790    -1806.500       21.710   419.9
31.8000       -1784.430    -1805.701       21.271   411.4
32.0000       -1785.755    -1806.680       20.926   404.7
32.2000       -1786.635    -1806.977       20.341   393.4
32.4000       -1787.054    -1807.547       20.493   396.4
32.6000       -1787.049    -1806.647       19.597   379.0
32.8000       -1786.615    -1806.680       20.065   388.1
33.0000       -1785.962    -1806.578       20.616   398.7
33.2000       -1785.747    -1805.159       19.412   375.4
33.4000       -1784.334    -1805.340       21.007   406.3
33.6000       -1785.122    -1806.478       21.356   413.1
33.8000       -1786.350    -1806.793       20.443   395.4
34.0000       -1785.110    -1805.756       20.646   399.3
34.2000       -1785.923    -1805.606       19.683   380.7
34.4000       -1786.382    -1805.988       19.606   379.2
34.6000       -1786.219    -1806.600       20.380   394.2
34.8000       -1786.638    -1806.797       20.159   389.9
35.0000       -1785.898    -1806.722       20.824   402.8
35.2000       -1785.692    -1806.110       20.417   394.9
35.4000       -1785.590    -1806.062       20.471   395.9
35.6000       -1785.592    -1806.596       21.004   406.2
35.8000       -1784.712    -1805.570       20.858   403.4
36.0000       -1784.754    -1805.244       20.489   396.3
36.2000       -1785.099    -1804.849       19.750   382.0
36.4000       -1785.888    -1805.062       19.175   370.9
36.6000       -1786.322    -1806.174       19.852   383.9
36.8000       -1786.119    -1806.028       19.908   385.0
37.0000       -1787.768    -1807.523       19.755   382.1
37.2000       -1785.945    -1807.215       21.270   411.4
37.4000       -1786.043    -1807.608       21.565   417.1
37.6000       -1787.204    -1805.612       18.408   356.0
37.8000       -1785.435    -1807.223       21.787   421.4
38.0000       -1785.861    -1806.546       20.684   400.1
38.2000       -1784.932    -1805.896       20.963   405.5
38.4000       -1785.791    -1806.464       20.673   399.8
38.6000       -1785.421    -1806.299       20.878   403.8
38.8000       -1785.860    -1806.400       20.540   397.3
39.0000       -1786.153    -1806.319       20.166   390.0
39.2000       -1785.246    -1806.252       21.006   406.3
39.4000       -1785.510    -1807.199       21.689   419.5
39.6000       -1785.815    -1806.303       20.489   396.3
39.8000       -1786.194    -1806.276       20.082   388.4
40.0000       -1786.395    -1806.541       20.146   389.6
40.2000       -1785.499    -1807.293       21.794   421.5
40.4000       -1785.365    -1805.468       20.103   388.8
40.6000       -1784.263    -1804.598       20.335   393.3
40.8000       -1784.832    -1805.920       21.088   407.9
41.0000       -1784.984    -1806.155       21.171   409.5
41.2000       -1785.116    -1805.673       20.557   397.6
41.4000       -1784.116    -1804.578       20.462   395.8
41.6000       -1785.081    -1805.815       20.734   401.0
41.8000       -1785.270    -1806.382       21.112   408.3
42.0000       -1785.784    -1806.018       20.235   391.4
42.2000       -1784.864    -1806.527       21.663   419.0
42.4000       -1786.540    -1806.316       19.776   382.5
42.6000       -1786.102    -1807.414       21.312   412.2
42.8000       -1786.388    -1806.062       19.675   380.5
43.0000       -1785.694    -1805.738       20.044   387.7
43.2000       -1785.386    -1806.630       21.243   410.9
43.4000       -1786.357    -1806.399       20.042   387.6
43.6000       -1786.656    -1806.283       19.628   379.6
43.8000       -1786.879    -1808.378       21.500   415.8
44.0000       -1787.110    -1807.093       19.983   386.5
44.2000       -1787.115    -1807.238       20.124   389.2
44.4000       -1785.394    -1805.497       20.103   388.8
44.6000       -1785.708    -1806.048       20.340   393.4
44.8000       -1787.783    -1806.700       18.917   365.9
45.0000       -1786.875    -1807.427       20.551   397.5
45.2000       -1785.897    -1806.388       20.491   396.3
45.4000       -1786.971    -1807.888       20.917   404.6
45.6000       -1785.341    -1807.086       21.745   420.6
45.8000       -1785.603    -1806.126       20.523   396.9
46.0000       -1786.209    -1806.958       20.749   401.3
46.2000       -1786.594    -1807.771       21.176   409.6
46.4000       -1784.488    -1806.326       21.837   422.3
46.6000       -1785.324    -1805.219       19.895   384.8
46.8000       -1784.988    -1806.611       21.623   418.2
47.0000       -1785.480    -1805.288       19.808   383.1
47.2000       -1786.069    -1806.448       20.379   394.2
47.4000       -1786.597    -1806.742       20.145   389.6
47.6000       -1785.061    -1806.877       21.816   421.9
47.8000       -1784.474    -1806.526       22.052   426.5
48.0000       -1785.207    -1805.994       20.787   402.0
48.2000       -1785.086    -1805.985       20.899   404.2
48.4000       -1785.368    -1806.371       21.004   406.2
48.6000       -1785.697    -1806.567       20.870   403.6
48.8000       -1785.986    -1806.515       20.528   397.0
49.0000       -1785.075    -1805.424       20.349   393.6
49.2000       -1784.534    -1805.879       21.344   412.8
49.4000       -1785.787    -1807.111       21.324   412.4
49.6000       -1787.817    -1807.616       19.799   382.9
49.8000       -1785.627    -1806.842       21.216   410.3
50.0000       -1785.999    -1805.299       19.299   373.3
50.2000       -1787.417    -1806.835       19.418   375.6
50.4000       -1786.450    -1806.478       20.028   387.4
50.6000       -1784.971    -1806.682       21.711   419.9
50.8000       -1786.001    -1805.194       19.193   371.2
51.0000       -1784.558    -1805.640       21.082   407.7
51.2000       -1785.302    -1806.685       21.383   413.6
51.4000       -1784.858    -1805.207       20.349   393.6
51.6000       -1785.377    -1805.885       20.508   396.6
51.8000       -1784.574    -1805.285       20.711   400.6
52.0000       -1786.121    -1806.451       20.330   393.2
52.2000       -1784.921    -1806.324       21.403   413.9
52.4000       -1786.762    -1806.846       20.083   388.4
52.6000       -1785.750    -1805.910       20.160   389.9
52.8000       -1785.838    -1806.276       20.438   395.3
53.0000       -1786.560    -1805.791       19.232   372.0
53.2000       -1786.382    -1807.503       21.121   408.5
53.4000       -1786.291    -1806.937       20.646   399.3
53.6000       -1788.127    -1808.122       19.995   386.7
53.8000       -1784.997    -1805.493       20.496   396.4
54.0000       -1783.442    -1804.496       21.054   407.2
54.2000       -1785.320    -1806.607       21.287   411.7
54.4000       -1785.807    -1806.082       20.275   392.1
54.6000       -1786.206    -1805.657       19.450   376.2
54.8000       -1785.974    -1806.604       20.630   399.0
55.0000       -1783.619    -1805.357       21.738   420.4
55.2000       -1784.499    -1805.785       21.286   411.7
55.4000       -1783.149    -1805.173       22.024   426.0
55.6000       -1783.284    -1805.223       21.939   424.3
55.8000       -1783.708    -1805.452       21.744   420.6
56.0000       -1784.931    -1805.293       20.362   393.8
56.2000       -1785.269    -1805.735       20.466   395.8
56.4000       -1786.085    -1806.623       20.538   397.2
56.6000       -1785.168    -1805.850       20.682   400.0
56.8000       -1785.708    -1806.229       20.521   396.9
57.0000       -1787.543    -1807.101       19.558   378.3
57.2000       -1786.618    -1807.630       21.013   406.4
57.4000       -1785.105    -1806.431       21.325   412.5
57.6000       -1784.608    -1806.341       21.734   420.3
57.8000       -1785.963    -1806.113       20.150   389.7
58.0000       -1785.202    -1805.353       20.151   389.7
58.2000       -1784.756    -1807.004       22.248   430.3
58.4000       -1785.224    -1806.156       20.931   404.8
58.6000       -1785.123    -1806.165       21.042   407.0
58.8000       -1786.339    -1807.133       20.794   402.2
59.0000       -1786.663    -1806.537       19.874   384.4
59.2000       -1784.622    -1804.223       19.601   379.1
59.4000       -1784.132    -1805.377       21.245   410.9
59.6000       -1786.531    -1807.753       21.222   410.4
59.8000       -1784.516    -1805.761       21.245   410.9
60.0000       -1786.701    -1806.425       19.724   381.5
60.2000       -1786.694    -1806.773       20.078   388.3
60.4000       -1786.525    -1807.512       20.987   405.9
60.6000       -1785.612    -1805.623       20.011   387.0
60.8000       -1784.976    -1806.489       21.513   416.1
61.0000       -1785.757    -1806.113       20.356   393.7
61.2000       -1786.421    -1806.739       20.318   393.0
61.4000       -1786.807    -1807.538       20.731   401.0
61.6000       -1787.142    -1807.439       20.298   392.6
61.8000       -1785.661    -1805.872       20.211   390.9
62.0000       -1782.996    -1805.909       22.913   443.2
62.2000       -1782.995    -1804.645       21.650   418.7
62.4000       -1784.477    -1806.385       21.908   423.7
62.6000       -1785.608    -1806.283       20.675   399.9
62.8000       -1784.855    -1805.869       21.014   406.4
63.0000       -1785.428    -1806.169       20.741   401.1
63.2000       -1785.033    -1805.503       20.469   395.9
63.4000       -1783.425    -1806.096       22.671   438.5
63.6000       -1784.338    -1805.606       21.268   411.3
63.8000       -1784.120    -1805.896       21.776   421.2
64.0000       -1784.239    -1804.959       20.719   400.7
64.2000       -1783.451    -1804.981       21.530   416.4
64.4000       -1783.951    -1806.223       22.271   430.7
64.6000       -1784.751    -1805.701       20.951   405.2
64.8000       -1783.828    -1805.229       21.401   413.9
65.0000       -1783.347    -1805.242       21.895   423.5
65.2000       -1784.059    -1804.889       20.830   402.9
65.4000       -1785.036    -1806.263       21.227   410.6
65.6000       -1785.527    -1805.069       19.541   377.9
65.8000       -1785.783    -1806.823       21.039   406.9
66.0000       -1785.681    -1805.902       20.221   391.1
66.2000       -1786.119    -1807.207       21.087   407.8
66.4000       -1786.493    -1806.380       19.887   384.6
66.6000       -1784.905    -1805.338       20.433   395.2
66.8000       -1786.134    -1806.442       20.309   392.8
67.0000       -1786.602    -1806.671       20.069   388.2
67.2000       -1786.401    -1806.724       20.323   393.1
67.4000       -1785.120    -1806.341       21.221   410.4
67.6000       -1787.019    -1807.357       20.338   393.4
67.8000       -1787.311    -1806.207       18.896   365.5
68.0000       -1787.068    -1805.875       18.807   363.7
68.2000       -1787.060    -1807.488       20.429   395.1
68.4000       -1786.047    -1807.164       21.117   408.4
68.6000       -1786.386    -1805.713       19.327   373.8
68.8000       -1785.392    -1806.639       21.247   410.9
69.0000       -1784.737    -1805.577       20.840   403.1
69.2000       -1784.770    -1806.349       21.579   417.4
69.4000       -1786.192    -1806.795       20.603   398.5
69.6000       -1786.185    -1806.222       20.037   387.5
69.8000       -1785.020    -1806.350       21.331   412.6
70.0000       -1785.993    -1806.627       20.635   399.1
70.2000       -1786.570    -1807.443       20.873   403.7
70.4000       -1787.122    -1806.754       19.632   379.7
70.6000       -1788.070    -1806.445       18.375   355.4
70.8000       -1786.550    -1805.903       19.353   374.3
71.0000       -1785.997    -1806.647       20.651   399.4
71.2000       -1784.569    -1806.335       21.766   421.0
71.4000       -1784.994    -1804.754       19.760   382.2
71.6000       -1786.036    -1807.032       20.996   406.1
71.8000       -1785.094    -1804.771       19.677   380.6
72.0000       -1785.611    -1806.375       20.764   401.6
72.2000       -1786.939    -1806.657       19.718   381.4
72.4000       -1785.154    -1806.445       21.291   411.8
72.6000       -1783.018    -1805.506       22.488   434.9
72.8000       -1783.836    -1804.820       20.984   405.8
73.0000       -1784.147    -1804.907       20.760   401.5
73.2000       -1783.864    -1804.519       20.655   399.5
73.4000       -1783.904    -1805.470       21.566   417.1
73.6000       -1783.400    -1806.228       22.828   441.5
73.8000       -1785.464    -1805.835       20.371   394.0
74.0000       -1785.622    -1805.017       19.395   375.1
74.2000       -1784.724    -1804.765       20.041   387.6
74.4000       -1786.106    -1806.035       19.929   385.4
74.6000       -1784.242    -1805.378       21.137   408.8
74.8000       -1786.739    -1807.119       20.380   394.2
75.0000       -1786.013    -1806.178       20.165   390.0
75.2000       -1785.743    -1805.606       19.864   384.2
75.4000       -1785.327    -1806.470       21.143   408.9
75.6000       -1787.971    -1807.620       19.650   380.0
75.8000       -1788.069    -1808.047       19.977   386.4
76.0000       -1788.900    -1807.927       19.027   368.0
76.2000       -1786.769    -1807.546       20.777   401.9
76.4000       -1787.511    -1806.092       18.581   359.4
76.6000       -1787.116    -1807.446       20.329   393.2
76.8000       -1784.779    -1805.746       20.967   405.5
77.0000       -1784.653    -1805.844       21.191   409.9
77.2000       -1785.336    -1805.028       19.691   380.8
77.4000       -1783.914    -1804.801       20.887   404.0
77.6000       -1783.377    -1805.182       21.806   421.7
77.8000       -1782.850    -1804.729       21.879   423.2
78.0000       -1785.079    -1805.813       20.734   401.0
78.2000       -1786.863    -1806.853       19.991   386.6
78.4000       -1786.095    -1806.631       20.536   397.2
78.6000       -1785.778    -1805.639       19.861   384.1
78.8000       -1786.159    -1806.255       20.096   388.7
79.0000       -1787.062    -1807.210       20.149   389.7
79.2000       -1786.488    -1806.254       19.766   382.3
79.4000       -1784.829    -1806.662       21.832   422.3
79.6000       -1785.018    -1805.483       20.466   395.8
79.8000       -1785.367    -1805.987       20.620   398.8
80.0000       -1785.369    -1805.669       20.300   392.6
80.2000       -1784.749    -1805.458       20.709   400.5
80.4000       -1785.560    -1806.586       21.027   406.7
80.6000       -1784.871    -1806.352       21.481   415.5
80.8000       -1785.096    -1806.270       21.174   409.5
81.0000       -1785.009    -1804.838       19.829   383.5
81.2000       -1785.138    -1805.181       20.043   387.7
81.4000       -1786.120    -1806.079       19.960   386.0
81.6000       -1784.336    -1805.246       20.910   404.4
81.8000       -1785.047    -1805.748       20.701   400.4
82.0000       -1784.949    -1805.841       20.892   404.1
82.2000       -1785.167    -1805.721       20.554   397.5
82.4000       -1784.215    -1805.193       20.978   405.7
82.6000       -1786.415    -1806.516       20.101   388.8
82.8000       -1784.744    -1806.491       21.747   420.6
83.0000       -1784.080    -1805.611       21.531   416.4
83.2000       -1785.444    -1807.088       21.644   418.6
83.4000       -1783.966    -1806.294       22.328   431.9
83.6000       -1785.841    -1806.132       20.291   392.5
83.8000       -1786.267    -1806.133       19.866   384.2
84.0000       -1785.454    -1805.997       20.543   397.3
84.2000       -1785.394    -1805.984       20.590   398.2
84.4000       -1785.761    -1806.322       20.561   397.7
84.6000       -1786.707    -1807.180       20.474   396.0
84.8000       -1787.062    -1806.527       19.466   376.5
85.0000       -1787.889    -1807.398       19.509   377.3
85.2000       -1785.663    -1805.131       19.468   376.5
85.4000       -1786.542    -1806.476       19.934   385.5
85.6000       -1785.487    -1807.211       21.724   420.2
85.8000       -1785.352    -1806.737       21.385   413.6
86.0000       -1782.872    -1804.347       21.475   415.3
86.2000       -1783.719    -1805.708       21.990   425.3
86.4000       -1783.106    -1805.143       22.037   426.2
86.6000       -1783.669    -1806.014       22.345   432.2
86.8000       -1785.774    -1806.284       20.510   396.7
87.0000       -1784.713    -1806.958       22.245   430.2
87.2000       -1785.521    -1805.482       19.961   386.1
87.4000       -1783.929    -1806.476       22.547   436.1
87.6000       -1783.640    -1804.043       20.403   394.6
87.8000       -1784.257    -1806.298       22.041   426.3
88.0000       -1783.893    -1804.514       20.621   398.8
88.2000       -1783.748    -1806.340       22.591   436.9
88.4000       -1784.271    -1804.127       19.856   384.0
88.6000       -1785.959    -1805.540       19.581   378.7
88.8000       -1785.214    -1806.236       21.022   406.6
89.0000       -1784.939    -1805.207       20.268   392.0
89.2000       -1786.338    -1805.887       19.549   378.1
89.4000       -1787.313    -1808.040       20.727   400.9
89.6000       -1785.846    -1806.477       20.631   399.0
89.8000       -1783.845    -1805.047       21.202   410.1
90.0000       -1785.417    -1805.787       20.370   394.0
90.2000       -1786.072    -1806.147       20.075   388.3
90.4000       -1784.443    -1805.373       20.929   404.8
90.6000       -1785.327    -1804.939       19.613   379.3
90.8000       -1784.369    -1806.457       22.088   427.2
91.0000       -1784.671    -1805.820       21.149   409.0
91.2000       -1785.429    -1805.806       20.378   394.1
91.4000       -1785.117    -1806.113       20.996   406.1
91.6000       -1785.531    -1805.045       19.514   377.4
91.8000       -1786.179    -1805.631       19.452   376.2
92.0000       -1786.662    -1806.676       20.013   387.1
92.2000       -1786.113    -1806.926       20.813   402.5
92.4000       -1786.994    -1807.343       20.349   393.6
92.6000       -1785.221    -1806.153       20.932   404.9
92.8000       -1782.884    -1804.868       21.983   425.2
93.0000       -1784.385    -1805.812       21.427   414.4
93.2000       -1785.202    -1805.983       20.782   401.9
93.4000       -1785.015    -1804.809       19.794   382.8
93.6000       -1784.189    -1805.502       21.314   412.2
93.8000       -1784.116    -1805.701       21.585   417.5
94.0000       -1785.870    -1805.643       19.773   382.4
94.2000       -1784.281    -1805.190       20.909   404.4
94.4000       -1785.894    -1806.330       20.436   395.2
94.6000       -1786.676    -1806.339       19.662   380.3
94.8000       -1786.991    -1806.542       19.551   378.1
95.0000       -1785.853    -1804.599       18.746   362.6
95.2000       -1785.827    -1806.437       20.610   398.6
95.4000       -1785.502    -1805.896       20.394   394.4
95.6000       -1786.620    -1807.367       20.747   401.3
95.8000       -1785.585    -1805.569       19.984   386.5
96.0000       -1784.870    -1804.386       19.517   377.5
96.2000       -1783.933    -1805.813       21.880   423.2
96.4000       -1784.127    -1805.556       21.428   414.4
96.6000       -1784.537    -1805.631       21.094   408.0
96.8000       -1785.061    -1805.625       20.564   397.7
97.0000       -1785.191    -1805.665       20.475   396.0
97.2000       -1785.699    -1807.006       21.307   412.1
97.4000       -1786.375    -1806.918       20.544   397.3
97.6000       -1785.528    -1805.913       20.385   394.3
97.8000       -1784.738    -1804.964       20.226   391.2
98.0000       -1785.727    -1807.049       21.323   412.4
98.2000       -1785.759    -1806.864       21.105   408.2
98.4000       -1783.485    -1805.259       21.774   421.1
98.6000       -1784.018    -1805.853       21.835   422.3
98.8000       -1785.057    -1806.427       21.370   413.3
99.0000       -1785.483    -1805.880       20.397   394.5
99.2000       -1786.397    -1807.280       20.883   403.9
99.4000       -1787.334    -1807.319       19.985   386.5
99.6000       -1787.135    -1808.303       21.169   409.4
99.8000       -1787.644    -1806.429       18.785   363.3
100.0000      -1787.419    -1807.302       19.883   384.5
100.2000      -1785.735    -1806.523       20.789   402.1
100.4000      -1784.428    -1805.645       21.217   410.4
100.6000      -1785.219    -1806.060       20.841   403.1
100.8000      -1786.552    -1807.098       20.547   397.4
101.0000      -1786.132    -1807.171       21.039   406.9
101.2000      -1787.314    -1807.590       20.275   392.1
101.4000      -1787.421    -1807.063       19.643   379.9
101.6000      -1787.430    -1806.553       19.124   369.9
101.8000      -1786.708    -1807.014       20.306   392.7
102.0000      -1787.032    -1807.812       20.780   401.9
102.2000      -1785.452    -1805.878       20.426   395.1
102.4000      -1784.818    -1805.636       20.818   402.6
102.6000      -1784.329    -1805.713       21.383   413.6
102.8000      -1785.119    -1806.772       21.653   418.8
103.0000      -1783.581    -1805.405       21.825   422.1
103.2000      -1784.694    -1805.127       20.432   395.2
103.4000      -1784.485    -1806.568       22.083   427.1
103.6000      -1784.523    -1804.510       19.987   386.6
103.8000      -1783.758    -1805.381       21.623   418.2
104.0000      -1783.280    -1804.317       21.037   406.9
104.2000      -1784.787    -1806.558       21.771   421.1
104.4000      -1785.828    -1805.225       19.398   375.2
104.6000      -1786.387    -1806.747       20.360   393.8
104.8000      -1786.758    -1805.619       18.861   364.8
105.0000      -1785.405    -1806.090       20.685   400.1
105.2000      -1786.828    -1805.984       19.156   370.5
105.4000      -1786.177    -1807.221       21.044   407.0
105.6000      -1785.376    -1806.206       20.830   402.9
105.8000      -1783.379    -1805.702       22.323   431.8
106.0000      -1783.561    -1806.103       22.543   436.0
106.2000      -1784.614    -1805.408       20.794   402.2
106.4000      -1785.900    -1805.727       19.827   383.5
106.6000      -1784.334    -1805.608       21.274   411.5
106.8000      -1784.833    -1806.201       21.368   413.3
107.0000      -1784.717    -1806.044       21.327   412.5
107.2000      -1784.758    -1804.824       20.066   388.1
107.4000      -1784.165    -1806.661       22.496   435.1
107.6000      -1784.455    -1805.654       21.199   410.0
107.8000      -1784.247    -1804.624       20.376   394.1
108.0000      -1783.238    -1805.907       22.669   438.4
108.2000      -1785.124    -1806.285       21.161   409.3
108.4000      -1785.709    -1806.228       20.519   396.8
108.6000      -1786.237    -1807.342       21.106   408.2
108.8000      -1786.863    -1807.773       20.910   404.4
109.0000      -1786.522    -1806.576       20.054   387.9
109.2000      -1789.149    -1808.255       19.106   369.5
109.4000      -1788.064    -1807.064       19.000   367.5
109.6000      -1787.374    -1807.975       20.601   398.5
109.8000      -1785.836    -1806.480       20.644   399.3
110.0000      -1784.322    -1805.682       21.360   413.1
110.2000      -1784.253    -1805.399       21.146   409.0
110.4000      -1783.676    -1804.707       21.031   406.8
110.6000      -1783.549    -1806.294       22.746   439.9
110.8000      -1783.845    -1805.167       21.321   412.4
111.0000      -1785.813    -1807.209       21.396   413.8
111.2000      -1786.336    -1807.446       21.110   408.3
111.4000      -1787.133    -1806.142       19.009   367.7
111.6000      -1784.916    -1806.271       21.355   413.0
111.8000      -1784.838    -1806.282       21.445   414.8
112.0000      -1785.060    -1805.397       20.338   393.3
112.2000      -1785.455    -1805.915       20.460   395.7
112.4000      -1785.822    -1806.362       20.539   397.3
112.6000      -1783.437    -1803.982       20.545   397.4
112.8000      -1784.075    -1805.383       21.309   412.1
113.0000      -1784.373    -1805.227       20.854   403.3
113.2000      -1784.636    -1805.892       21.256   411.1
113.4000      -1785.167    -1805.923       20.756   401.4
113.6000      -1785.775    -1806.745       20.970   405.6
113.8000      -1785.203    -1806.088       20.885   403.9
114.0000      -1784.242    -1805.285       21.042   407.0
114.2000      -1784.854    -1805.537       20.683   400.0
114.4000      -1785.854    -1807.026       21.171   409.5
114.6000      -1784.809    -1806.248       21.440   414.7
114.8000      -1785.708    -1805.813       20.105   388.8
115.0000      -1788.438    -1807.747       19.309   373.5
115.2000      -1787.006    -1806.515       19.509   377.3
115.4000      -1786.924    -1806.995       20.071   388.2
115.6000      -1786.736    -1805.665       18.929   366.1
115.8000      -1786.278    -1807.550       21.272   411.4
116.0000      -1786.991    -1807.631       20.640   399.2
116.2000      -1788.423    -1807.469       19.045   368.4
116.4000      -1785.898    -1806.826       20.928   404.8
116.6000      -1785.721    -1806.019       20.299   392.6
116.8000      -1784.162    -1806.041       21.879   423.2
117.0000      -1785.548    -1806.496       20.948   405.2
117.2000      -1786.340    -1806.847       20.506   396.6
117.4000      -1785.172    -1806.256       21.085   407.8
117.6000      -1784.468    -1805.654       21.186   409.8
117.8000      -1783.718    -1805.224       21.506   415.9
118.0000      -1784.021    -1805.381       21.359   413.1
118.2000      -1785.242    -1807.335       22.093   427.3
118.4000      -1786.170    -1806.930       20.760   401.5
118.6000      -1785.488    -1805.891       20.403   394.6
118.8000      -1785.547    -1806.082       20.535   397.2
119.0000      -1785.875    -1805.518       19.643   379.9
119.2000      -1784.744    -1805.416       20.672   399.8
119.4000      -1785.160    -1806.236       21.077   407.6
119.6000      -1784.320    -1805.964       21.643   418.6
119.8000      -1784.984    -1805.915       20.931   404.8
120.0000      -1784.922    -1805.243       20.321   393.0
120.2000      -1784.095    -1804.430       20.334   393.3
120.4000      -1784.000    -1805.469       21.469   415.2
120.6000      -1784.087    -1805.077       20.989   406.0
120.8000      -1785.121    -1805.688       20.567   397.8
121.0000      -1786.584    -1807.073       20.489   396.3
121.2000      -1787.607    -1806.320       18.713   361.9
121.4000      -1786.556    -1807.743       21.187   409.8
121.6000      -1785.415    -1805.645       20.230   391.3
121.8000      -1783.670    -1805.774       22.104   427.5
122.0000      -1783.343    -1804.879       21.535   416.5
122.2000      -1782.212    -1805.447       23.236   449.4
122.4000      -1781.060    -1804.596       23.535   455.2
122.6000      -1783.149    -1805.103       21.953   424.6
122.8000      -1783.195    -1805.304       22.109   427.6
123.0000      -1783.699    -1805.608       21.909   423.7
123.2000      -1783.653    -1805.255       21.602   417.8
123.4000      -1782.181    -1805.021       22.840   441.7
123.6000      -1784.346    -1805.928       21.582   417.4
123.8000      -1785.238    -1806.727       21.489   415.6
124.0000      -1785.025    -1805.669       20.644   399.3
124.2000      -1785.120    -1805.630       20.510   396.7
124.4000      -1785.445    -1806.213       20.768   401.7
124.6000      -1786.693    -1806.130       19.437   375.9
124.8000      -1786.749    -1807.966       21.217   410.3
125.0000      -1786.276    -1806.899       20.622   398.9
125.2000      -1786.427    -1806.883       20.456   395.6
125.4000      -1785.488    -1806.562       21.074   407.6
125.6000      -1786.204    -1806.910       20.706   400.5
125.8000      -1786.489    -1807.009       20.521   396.9
126.0000      -1786.166    -1806.073       19.907   385.0
126.2000      -1787.065    -1806.548       19.483   376.8
126.4000      -1786.266    -1806.280       20.015   387.1
126.6000      -1786.041    -1806.040       19.998   386.8
126.8000      -1786.494    -1805.489       18.995   367.4
127.0000      -1786.131    -1805.654       19.523   377.6
127.2000      -1786.565    -1807.145       20.580   398.0
127.4000      -1784.647    -1805.956       21.309   412.1
127.6000      -1785.179    -1806.597       21.417   414.2
127.8000      -1785.208    -1805.963       20.755   401.4
128.0000      -1786.353    -1806.949       20.596   398.3
128.2000      -1785.345    -1806.575       21.230   410.6
128.4000      -1785.779    -1806.313       20.533   397.1
128.6000      -1785.294    -1806.726       21.432   414.5
128.8000      -1786.024    -1807.360       21.337   412.7
129.0000      -1785.386    -1805.389       20.003   386.9
129.2000      -1786.155    -1806.536       20.381   394.2
129.4000      -1786.869    -1807.470       20.601   398.4
129.6000      -1786.629    -1807.030       20.401   394.6
129.8000      -1785.537    -1806.360       20.823   402.7
130.0000      -1788.018    -1807.142       19.124   369.9
130.2000      -1786.208    -1807.725       21.517   416.2
130.4000      -1785.452    -1805.833       20.381   394.2
130.6000      -1784.697    -1804.905       20.208   390.8
130.8000      -1783.949    -1804.278       20.329   393.2
131.0000      -1784.220    -1806.601       22.381   432.9
131.2000      -1783.834    -1805.427       21.594   417.6
131.4000      -1783.462    -1804.735       21.274   411.5
131.6000      -1785.486    -1806.312       20.827   402.8
131.8000      -1784.303    -1805.113       20.810   402.5
132.0000      -1783.213    -1804.442       21.229   410.6
132.2000      -1784.006    -1804.957       20.951   405.2
132.4000      -1785.317    -1806.500       21.183   409.7
132.6000      -1783.653    -1804.779       21.126   408.6
132.8000      -1783.319    -1804.765       21.446   414.8
133.0000      -1783.636    -1804.524       20.888   404.0
133.2000      -1784.298    -1804.929       20.631   399.0
133.4000      -1785.643    -1805.942       20.299   392.6
133.6000      -1786.527    -1806.261       19.734   381.7
133.8000      -1785.497    -1806.055       20.558   397.6
134.0000      -1785.124    -1807.411       22.288   431.1
134.2000      -1785.428    -1805.042       19.614   379.3
134.4000      -1786.004    -1805.900       19.896   384.8
134.6000      -1785.368    -1806.479       21.111   408.3
134.8000      -1785.063    -1806.851       21.788   421.4
135.0000      -1785.556    -1805.643       20.087   388.5
135.2000      -1785.581    -1805.503       19.922   385.3
135.4000      -1786.209    -1805.441       19.232   372.0
135.6000      -1786.072    -1806.749       20.677   399.9
135.8000      -1784.712    -1805.894       21.182   409.7
136.0000      -1786.291    -1806.878       20.587   398.2
136.2000      -1786.878    -1806.737       19.859   384.1
136.4000      -1785.195    -1806.287       21.092   407.9
136.6000      -1786.289    -1806.767       20.478   396.1
136.8000      -1786.904    -1806.562       19.658   380.2
137.0000      -1787.907    -1807.493       19.586   378.8
137.2000      -1787.549    -1806.965       19.416   375.5
137.4000      -1787.081    -1807.725       20.645   399.3
137.6000      -1785.939    -1806.301       20.362   393.8
137.8000      -1784.883    -1806.849       21.966   424.8
138.0000      -1785.028    -1807.012       21.983   425.2
138.2000      -1784.872    -1806.115       21.243   410.9
138.4000      -1784.226    -1806.324       22.098   427.4
138.6000      -1784.302    -1806.289       21.986   425.2
138.8000      -1784.843    -1805.856       21.012   406.4
139.0000      -1785.055    -1805.715       20.659   399.6
139.2000      -1785.898    -1806.487       20.589   398.2
139.4000      -1785.111    -1806.116       21.006   406.3
139.6000      -1786.029    -1807.100       21.072   407.5
139.8000      -1785.651    -1806.351       20.700   400.4
140.0000      -1786.016    -1805.692       19.676   380.5
140.2000      -1786.830    -1806.943       20.113   389.0
140.4000      -1784.844    -1805.438       20.594   398.3
140.6000      -1785.714    -1807.308       21.594   417.6
140.8000      -1785.069    -1805.791       20.722   400.8
141.0000      -1786.000    -1805.783       19.783   382.6
141.2000      -1784.061    -1805.795       21.734   420.4
141.4000      -1785.749    -1806.011       20.262   391.9
141.6000      -1786.851    -1806.818       19.967   386.2
141.8000      -1786.932    -1806.270       19.339   374.0
142.0000      -1786.247    -1806.821       20.574   397.9
142.2000      -1787.007    -1807.394       20.386   394.3
142.4000      -1786.605    -1806.602       19.997   386.8
142.6000      -1785.853    -1806.739       20.885   403.9
142.8000      -1784.530    -1806.208       21.678   419.3
143.0000      -1784.893    -1805.397       20.504   396.6
143.2000      -1784.939    -1806.417       21.477   415.4
143.4000      -1787.138    -1807.996       20.858   403.4
143.6000      -1787.123    -1806.831       19.708   381.2
143.8000      -1787.218    -1807.005       19.787   382.7
144.0000      -1786.467    -1807.304       20.837   403.0
144.2000      -1785.570    -1806.504       20.935   404.9
144.4000      -1786.521    -1806.283       19.762   382.2
144.6000      -1786.327    -1807.209       20.882   403.9
144.8000      -1785.632    -1806.217       20.586   398.1
145.0000      -1784.667    -1806.042       21.374   413.4
145.2000      -1784.031    -1805.860       21.829   422.2
145.4000      -1784.631    -1806.377       21.746   420.6
145.6000      -1785.471    -1806.581       21.111   408.3
145.8000      -1787.560    -1807.129       19.569   378.5
146.0000      -1786.160    -1806.402       20.242   391.5
146.2000      -1787.124    -1808.122       20.999   406.1
146.4000      -1788.365    -1807.821       19.456   376.3
146.6000      -1787.976    -1807.412       19.436   375.9
146.8000      -1787.799    -1806.997       19.198   371.3
147.0000      -1785.688    -1807.078       21.389   413.7
147.2000      -1785.929    -1806.655       20.726   400.9
147.4000      -1786.622    -1806.145       19.522   377.6
147.6000      -1786.771    -1806.655       19.884   384.6
147.8000      -1787.525    -1807.992       20.467   395.9
148.0000      -1787.555    -1806.743       19.189   371.1
148.2000      -1787.330    -1807.349       20.019   387.2
148.4000      -1786.730    -1806.334       19.604   379.2
148.6000      -1783.990    -1806.067       22.076   427.0
148.8000      -1784.792    -1805.363       20.571   397.9
149.0000      -1786.322    -1806.141       19.818   383.3
149.2000      -1786.204    -1806.891       20.687   400.1
149.4000      -1785.458    -1806.794       21.336   412.7
149.6000      -1785.477    -1806.417       20.941   405.0
149.8000      -1785.845    -1806.492       20.647   399.3
150.0000      -1785.490    -1805.616       20.126   389.3
150.2000      -1785.777    -1807.036       21.259   411.2
150.4000      -1785.623    -1806.193       20.570   397.8
150.6000      -1785.896    -1806.685       20.790   402.1
150.8000      -1784.153    -1805.016       20.863   403.5
151.0000      -1785.295    -1806.308       21.013   406.4
151.2000      -1786.761    -1807.316       20.555   397.6
151.4000      -1785.670    -1806.685       21.015   406.4
151.6000      -1786.228    -1806.963       20.735   401.0
151.8000      -1787.076    -1807.402       20.326   393.1
152.0000      -1786.108    -1806.665       20.557   397.6
152.2000      -1785.965    -1807.300       21.335   412.6
152.4000      -1786.016    -1807.725       21.709   419.9
152.6000      -1785.154    -1805.737       20.583   398.1
152.8000      -1786.090    -1806.468       20.378   394.1
153.0000      -1787.680    -1807.352       19.672   380.5
153.2000      -1786.859    -1805.758       18.899   365.5
153.4000      -1785.386    -1807.058       21.672   419.2
153.6000      -1785.649    -1805.964       20.315   392.9
153.8000      -1785.571    -1805.955       20.384   394.2
154.0000      -1785.892    -1805.538       19.647   380.0
154.2000      -1787.981    -1807.359       19.378   374.8
154.4000      -1787.866    -1806.332       18.466   357.1
154.6000      -1786.155    -1805.505       19.350   374.3
154.8000      -1786.244    -1805.957       19.713   381.3
155.0000      -1786.368    -1806.793       20.425   395.0
155.2000      -1785.760    -1805.498       19.739   381.8
155.4000      -1785.676    -1806.233       20.556   397.6
155.6000      -1785.955    -1805.650       19.694   380.9
155.8000      -1786.459    -1806.523       20.064   388.1
156.0000      -1786.692    -1806.582       19.890   384.7
156.2000      -1785.541    -1805.726       20.185   390.4
156.4000      -1785.709    -1806.104       20.395   394.5
156.6000      -1784.859    -1806.648       21.790   421.4
156.8000      -1785.111    -1805.164       20.053   387.8
157.0000      -1785.455    -1805.733       20.278   392.2
157.2000      -1787.859    -1806.421       18.562   359.0
157.4000      -1786.247    -1807.338       21.091   407.9
157.6000      -1787.247    -1806.692       19.445   376.1
157.8000      -1786.915    -1807.508       20.593   398.3
158.0000      -1785.257    -1805.897       20.639   399.2
158.2000      -1784.922    -1807.059       22.137   428.1
158.4000      -1784.861    -1805.744       20.883   403.9
158.6000      -1783.579    -1804.773       21.194   409.9
158.8000      -1784.992    -1806.110       21.118   408.4
159.0000      -1783.470    -1804.902       21.432   414.5
159.2000      -1785.351    -1805.718       20.367   393.9
159.4000      -1785.805    -1806.185       20.380   394.2
159.6000      -1784.501    -1806.907       22.406   433.3
159.8000      -1785.366    -1806.564       21.198   410.0
160.0000      -1785.600    -1806.670       21.070   407.5
160.2000      -1785.826    -1806.562       20.736   401.0
160.4000      -1784.892    -1804.976       20.083   388.4
160.6000      -1785.612    -1806.929       21.317   412.3
160.8000      -1786.260    -1807.061       20.801   402.3
161.0000      -1785.913    -1806.849       20.936   404.9
161.2000      -1784.404    -1805.468       21.063   407.4
161.4000      -1786.790    -1806.053       19.263   372.6
161.6000      -1786.630    -1806.469       19.839   383.7
161.8000      -1788.887    -1807.783       18.897   365.5
162.0000      -1788.426    -1807.373       18.947   366.4
162.2000      -1786.430    -1806.690       20.259   391.8
162.4000      -1786.497    -1807.266       20.769   401.7
162.6000      -1786.305    -1806.444       20.140   389.5
162.8000      -1785.586    -1806.502       20.915   404.5
163.0000      -1786.280    -1805.865       19.585   378.8
163.2000      -1784.991    -1804.893       19.902   384.9
163.4000      -1786.313    -1806.393       20.080   388.4
163.6000      -1783.799    -1805.314       21.515   416.1
163.8000      -1784.767    -1805.797       21.031   406.7
164.0000      -1785.024    -1804.823       19.799   382.9
164.2000      -1785.136    -1806.144       21.008   406.3
164.4000      -1784.457    -1806.434       21.977   425.1
164.6000      -1785.239    -1806.865       21.626   418.3
164.8000      -1785.911    -1806.431       20.521   396.9
165.0000      -1785.710    -1805.871       20.161   389.9
165.2000      -1786.035    -1805.348       19.313   373.5
165.4000      -1785.924    -1807.084       21.161   409.3
165.6000      -1785.219    -1806.437       21.219   410.4
165.8000      -1785.417    -1806.277       20.860   403.4
166.0000      -1785.388    -1807.423       22.035   426.2
166.2000      -1784.480    -1805.045       20.566   397.8
166.4000      -1786.413    -1806.668       20.255   391.7
166.6000      -1785.934    -1805.677       19.743   381.9
166.8000      -1784.436    -1806.715       22.279   430.9
167.0000      -1784.654    -1805.672       21.018   406.5
167.2000      -1784.924    -1806.106       21.182   409.7
167.4000      -1785.295    -1806.133       20.838   403.0
167.6000      -1784.443    -1804.931       20.487   396.2
167.8000      -1783.916    -1805.036       21.120   408.5
168.0000      -1784.567    -1805.893       21.326   412.5
168.2000      -1785.354    -1807.179       21.825   422.1
168.4000      -1785.052    -1805.889       20.837   403.0
168.6000      -1784.191    -1805.815       21.624   418.2
168.8000      -1784.871    -1805.531       20.660   399.6
169.0000      -1785.547    -1805.578       20.031   387.4
169.2000      -1786.195    -1807.482       21.287   411.7
169.4000      -1787.409    -1806.848       19.440   376.0
169.6000      -1786.211    -1806.629       20.418   394.9
169.8000      -1785.181    -1807.278       22.097   427.4
170.0000      -1785.787    -1806.515       20.728   400.9
170.2000      -1786.587    -1806.856       20.269   392.0
170.4000      -1785.049    -1805.821       20.772   401.7
170.6000      -1783.712    -1804.982       21.271   411.4
170.8000      -1784.022    -1805.265       21.243   410.9
171.0000      -1784.698    -1806.288       21.590   417.6
171.2000      -1787.365    -1806.993       19.628   379.6
171.4000      -1786.166    -1806.011       19.845   383.8
171.6000      -1785.610    -1806.591       20.981   405.8
171.8000      -1785.346    -1806.021       20.676   399.9
172.0000      -1784.529    -1805.140       20.611   398.6
172.2000      -1785.774    -1806.273       20.499   396.5
172.4000      -1786.114    -1806.636       20.522   396.9
172.6000      -1785.672    -1807.302       21.630   418.3
172.8000      -1785.159    -1806.641       21.482   415.5
173.0000      -1786.078    -1807.507       21.428   414.4
173.2000      -1785.681    -1806.787       21.106   408.2
173.4000      -1787.396    -1807.509       20.114   389.0
173.6000      -1786.048    -1806.314       20.265   392.0
173.8000      -1786.366    -1806.561       20.195   390.6
174.0000      -1785.203    -1805.946       20.743   401.2
174.2000      -1785.350    -1807.529       22.179   429.0
174.4000      -1785.714    -1806.019       20.305   392.7
174.6000      -1787.795    -1807.122       19.326   373.8
174.8000      -1787.578    -1807.437       19.859   384.1
175.0000      -1788.207    -1806.590       18.383   355.5
175.2000      -1786.996    -1807.463       20.467   395.9
175.4000      -1786.916    -1806.212       19.296   373.2
175.6000      -1787.241    -1807.689       20.449   395.5
175.8000      -1787.954    -1807.995       20.041   387.6
176.0000      -1786.643    -1806.550       19.906   385.0
176.2000      -1785.111    -1805.375       20.264   391.9
176.4000      -1785.092    -1805.150       20.058   387.9
176.6000      -1785.026    -1806.348       21.322   412.4
176.8000      -1786.408    -1807.012       20.604   398.5
177.0000      -1786.344    -1806.823       20.479   396.1
177.2000      -1785.734    -1806.562       20.828   402.8
177.4000      -1784.486    -1805.269       20.784   402.0
177.6000      -1784.431    -1806.208       21.777   421.2
177.8000      -1783.984    -1805.272       21.289   411.7
178.0000      -1786.226    -1806.689       20.462   395.8
178.2000      -1787.002    -1807.348       20.347   393.5
178.4000      -1785.781    -1806.503       20.722   400.8
178.6000      -1785.236    -1805.986       20.749   401.3
178.8000      -1785.653    -1805.569       19.916   385.2
179.0000      -1785.862    -1806.930       21.068   407.5
179.2000      -1784.549    -1805.575       21.026   406.7
179.4000      -1784.900    -1806.777       21.878   423.1
179.6000      -1785.123    -1806.139       21.017   406.5
179.8000      -1786.592    -1807.162       20.570   397.8
180.0000      -1785.885    -1806.900       21.015   406.5
180.2000      -1784.961    -1806.380       21.418   414.2
180.4000      -1785.660    -1805.961       20.301   392.6
180.6000      -1785.151    -1805.445       20.294   392.5
180.8000      -1784.286    -1805.221       20.935   404.9
181.0000      -1784.554    -1805.862       21.308   412.1
181.2000      -1785.288    -1806.185       20.897   404.2
181.4000      -1785.579    -1806.600       21.021   406.6
181.6000      -1786.394    -1805.444       19.050   368.4
181.8000      -1786.119    -1806.911       20.792   402.1
182.0000      -1785.215    -1805.646       20.431   395.2
182.2000      -1784.072    -1805.150       21.078   407.7
182.4000      -1785.080    -1806.318       21.238   410.8
182.6000      -1786.647    -1807.053       20.405   394.7
182.8000      -1786.346    -1805.889       19.543   378.0
183.0000      -1786.274    -1806.181       19.907   385.0
183.2000      -1786.894    -1807.713       20.819   402.7
183.4000      -1786.604    -1806.686       20.082   388.4
183.6000      -1785.910    -1806.224       20.314   392.9
183.8000      -1785.101    -1806.829       21.728   420.2
184.0000      -1785.413    -1805.890       20.477   396.0
184.2000      -1786.492    -1806.140       19.648   380.0
184.4000      -1785.957    -1807.062       21.105   408.2
184.6000      -1783.808    -1805.353       21.545   416.7
184.8000      -1784.885    -1806.122       21.237   410.7
185.0000      -1784.836    -1806.577       21.741   420.5
185.2000      -1785.240    -1807.479       22.238   430.1
185.4000      -1784.811    -1805.472       20.661   399.6
185.6000      -1784.023    -1805.076       21.052   407.2
185.8000      -1783.431    -1805.425       21.994   425.4
186.0000      -1782.825    -1805.690       22.865   442.2
186.2000      -1784.674    -1805.565       20.892   404.1
186.4000      -1785.294    -1806.152       20.858   403.4
186.6000      -1785.653    -1805.242       19.589   378.9
186.8000      -1786.451    -1806.860       20.409   394.7
187.0000      -1786.808    -1805.657       18.849   364.6
187.2000      -1784.643    -1804.970       20.326   393.1
187.4000      -1784.853    -1806.935       22.082   427.1
187.6000      -1783.793    -1805.208       21.415   414.2
187.8000      -1784.205    -1804.014       19.810   383.1
188.0000      -1785.287    -1806.643       21.356   413.0
188.2000      -1785.482    -1805.772       20.290   392.4
188.4000      -1786.537    -1807.082       20.545   397.4
188.6000      -1786.459    -1806.639       20.180   390.3
188.8000      -1787.044    -1806.537       19.493   377.0
189.0000      -1787.033    -1807.438       20.405   394.7
189.2000      -1786.718    -1806.464       19.746   381.9
189.4000      -1786.409    -1806.998       20.589   398.2
189.6000      -1786.575    -1806.644       20.069   388.2
189.8000      -1787.874    -1806.259       18.385   355.6
190.0000      -1788.155    -1807.941       19.786   382.7
190.2000      -1787.644    -1806.528       18.884   365.2
190.4000      -1787.397    -1806.400       19.002   367.5
190.6000      -1786.968    -1807.631       20.663   399.6
190.8000      -1786.754    -1807.226       20.472   395.9
191.0000      -1786.464    -1807.594       21.130   408.7
191.2000      -1786.130    -1807.134       21.004   406.2
191.4000      -1785.605    -1805.620       20.015   387.1
191.6000      -1784.281    -1804.659       20.378   394.1
191.8000      -1785.136    -1806.233       21.097   408.0
192.0000      -1784.686    -1804.638       19.952   385.9
192.2000      -1784.558    -1805.282       20.725   400.8
192.4000      -1785.597    -1806.250       20.653   399.4
192.6000      -1784.756    -1805.963       21.207   410.2
192.8000      -1785.660    -1806.201       20.541   397.3
193.0000      -1784.429    -1806.185       21.756   420.8
193.2000      -1786.204    -1806.376       20.172   390.1
193.4000      -1786.872    -1807.934       21.062   407.4
193.6000      -1787.837    -1807.359       19.522   377.6
193.8000      -1785.611    -1806.883       21.272   411.4
194.0000      -1786.273    -1806.388       20.114   389.0
194.2000      -1784.634    -1806.130       21.496   415.7
194.4000      -1785.671    -1806.661       20.990   406.0
194.6000      -1787.284    -1807.015       19.732   381.6
194.8000      -1787.465    -1807.020       19.555   378.2
195.0000      -1786.289    -1807.650       21.361   413.1
195.2000      -1787.374    -1807.599       20.225   391.2
195.4000      -1785.773    -1805.994       20.221   391.1
195.6000      -1787.855    -1807.254       19.399   375.2
195.8000      -1787.372    -1806.751       19.379   374.8
196.0000      -1785.461    -1804.975       19.514   377.4
196.2000      -1784.786    -1806.642       21.857   422.7
196.4000      -1785.844    -1806.720       20.876   403.8
196.6000      -1785.174    -1805.909       20.735   401.0
196.8000      -1785.630    -1805.791       20.161   389.9
197.0000      -1784.935    -1805.508       20.573   397.9
197.2000      -1784.934    -1805.731       20.797   402.2
197.4000      -1783.993    -1805.360       21.368   413.3
197.6000      -1784.486    -1806.041       21.554   416.9
197.8000      -1784.053    -1805.717       21.664   419.0
198.0000      -1785.247    -1805.132       19.885   384.6
198.2000      -1783.448    -1805.340       21.893   423.4
198.4000      -1781.807    -1803.648       21.841   422.4
198.6000      -1782.703    -1804.689       21.986   425.2
198.8000      -1785.470    -1806.913       21.443   414.7
199.0000      -1786.429    -1806.989       20.560   397.7
199.2000      -1786.435    -1806.883       20.447   395.5
199.4000      -1785.859    -1806.385       20.526   397.0
199.6000      -1785.414    -1805.393       19.979   386.4
199.8000      -1786.746    -1808.013       21.267   411.3
200.0000      -1785.605    -1806.484       20.878   403.8
