Time[ps]      Etot[eV]     Epot[eV]     Ekin[eV]    T[K]
0.0000        -1775.103    -1800.838       25.735   497.7
0.2000        -1775.664    -1802.351       26.687   516.1
0.4000        -1774.538    -1802.138       27.599   533.8
0.6000        -1775.931    -1802.069       26.138   505.5
0.8000        -1776.838    -1801.848       25.010   483.7
1.0000        -1777.671    -1802.547       24.875   481.1
1.2000        -1777.477    -1801.466       23.989   464.0
1.4000        -1776.739    -1802.169       25.430   491.8
1.6000        -1776.424    -1802.518       26.094   504.7
1.8000        -1774.331    -1800.330       25.999   502.8
2.0000        -1775.377    -1802.399       27.023   522.6
2.2000        -1775.878    -1800.894       25.016   483.8
2.4000        -1776.047    -1801.680       25.633   495.8
2.6000        -1774.364    -1800.636       26.272   508.1
2.8000        -1774.805    -1801.489       26.684   516.1
3.0000        -1776.582    -1802.364       25.782   498.6
3.2000        -1776.514    -1801.025       24.512   474.1
3.4000        -1776.792    -1802.733       25.941   501.7
3.6000        -1776.620    -1800.956       24.336   470.7
3.8000        -1777.167    -1802.975       25.808   499.2
4.0000        -1776.837    -1801.181       24.344   470.8
4.2000        -1774.990    -1800.049       25.059   484.7
4.4000        -1773.719    -1798.929       25.210   487.6
4.6000        -1775.008    -1801.595       26.587   514.2
4.8000        -1774.861    -1801.595       26.734   517.1
5.0000        -1776.213    -1801.623       25.410   491.4
5.2000        -1773.422    -1799.883       26.461   511.8
5.4000        -1773.534    -1800.818       27.284   527.7
5.6000        -1774.107    -1799.816       25.708   497.2
5.8000        -1773.852    -1800.714       26.863   519.5
6.0000        -1773.380    -1801.998       28.617   553.5
6.2000        -1776.028    -1801.968       25.939   501.7
6.4000        -1777.057    -1801.813       24.756   478.8
6.6000        -1774.626    -1800.621       25.995   502.8
6.8000        -1775.293    -1801.711       26.418   511.0
7.0000        -1774.657    -1801.139       26.482   512.2
7.2000        -1774.941    -1801.336       26.394   510.5
7.4000        -1774.875    -1801.062       26.187   506.5
7.6000        -1775.279    -1800.625       25.346   490.2
7.8000        -1774.398    -1801.116       26.718   516.8
8.0000        -1776.430    -1800.834       24.403   472.0
8.2000        -1775.263    -1800.575       25.312   489.6
8.4000        -1773.634    -1799.336       25.702   497.1
8.6000        -1774.927    -1800.474       25.547   494.1
8.8000        -1777.045    -1802.036       24.991   483.3
9.0000        -1776.675    -1801.105       24.430   472.5
9.2000        -1774.778    -1800.314       25.536   493.9
9.4000        -1774.689    -1800.736       26.047   503.8
9.6000        -1771.999    -1799.124       27.126   524.6
9.8000        -1772.549    -1799.713       27.165   525.4
10.0000       -1772.539    -1800.589       28.050   542.5
10.2000       -1771.974    -1799.381       27.407   530.1
10.4000       -1776.374    -1802.071       25.697   497.0
10.6000       -1777.019    -1799.579       22.560   436.3
10.8000       -1774.906    -1800.736       25.830   499.6
11.0000       -1775.470    -1801.169       25.699   497.0
11.2000       -1775.696    -1800.641       24.944   482.4
11.4000       -1775.063    -1800.495       25.432   491.9
11.6000       -1777.614    -1801.400       23.787   460.1
11.8000       -1776.661    -1801.910       25.249   488.3
12.0000       -1774.939    -1800.938       25.998   502.8
12.2000       -1775.414    -1801.788       26.374   510.1
12.4000       -1775.148    -1801.300       26.153   505.8
12.6000       -1776.373    -1800.589       24.216   468.4
12.8000       -1773.439    -1801.208       27.768   537.1
13.0000       -1774.986    -1801.847       26.862   519.5
13.2000       -1776.267    -1802.357       26.090   504.6
13.4000       -1778.445    -1802.405       23.960   463.4
13.6000       -1775.228    -1802.619       27.391   529.8
13.8000       -1777.050    -1802.253       25.203   487.4
14.0000       -1775.522    -1801.172       25.650   496.1
14.2000       -1777.875    -1801.459       23.584   456.1
14.4000       -1775.137    -1801.570       26.433   511.2
14.6000       -1775.975    -1802.633       26.658   515.6
14.8000       -1774.596    -1801.087       26.491   512.4
15.0000       -1773.401    -1801.031       27.629   534.4
15.2000       -1774.705    -1800.965       26.260   507.9
15.4000       -1774.568    -1801.696       27.128   524.7
15.6000       -1773.797    -1799.822       26.026   503.4
15.8000       -1773.719    -1800.103       26.385   510.3
16.0000       -1772.575    -1799.696       27.121   524.5
16.2000       -1771.470    -1798.390       26.920   520.7
16.4000       -1773.839    -1799.209       25.370   490.7
16.6000       -1774.691    -1800.330       25.639   495.9
16.8000       -1773.863    -1801.411       27.549   532.8
17.0000       -1772.149    -1799.615       27.466   531.2
17.2000       -1772.777    -1800.938       28.161   544.7
17.4000       -1774.879    -1800.742       25.863   500.2
17.6000       -1774.269    -1800.754       26.485   512.2
17.8000       -1775.238    -1800.681       25.443   492.1
18.0000       -1773.524    -1801.488       27.964   540.8
18.2000       -1773.495    -1800.830       27.335   528.7
18.4000       -1775.797    -1800.333       24.536   474.6
18.6000       -1776.449    -1802.616       26.166   506.1
18.8000       -1772.463    -1800.402       27.939   540.4
19.0000       -1772.793    -1800.134       27.341   528.8
19.2000       -1774.174    -1800.446       26.272   508.1
19.4000       -1775.871    -1801.916       26.045   503.7
19.6000       -1776.172    -1802.022       25.850   500.0
19.8000       -1775.044    -1800.199       25.155   486.5
20.0000       -1774.678    -1801.059       26.381   510.2
20.2000       -1775.056    -1801.007       25.951   501.9
20.4000       -1773.689    -1799.761       26.073   504.3
20.6000       -1774.286    -1800.663       26.378   510.2
20.8000       -1777.842    -1802.370       24.528   474.4
21.0000       -1775.669    -1802.921       27.252   527.1
21.2000       -1775.389    -1801.692       26.303   508.7
21.4000       -1777.226    -1802.746       25.519   493.6
21.6000       -1775.617    -1802.469       26.852   519.3
21.8000       -1775.895    -1800.963       25.068   484.8
22.0000       -1775.587    -1801.868       26.281   508.3
22.2000       -1775.920    -1800.130       24.210   468.2
22.4000       -1776.424    -1802.134       25.710   497.2
22.6000       -1774.838    -1801.435       26.597   514.4
22.8000       -1774.128    -1800.485       26.357   509.8
23.0000       -1773.801    -1801.519       27.718   536.1
23.2000       -1774.700    -1800.315       25.615   495.4
23.4000       -1776.936    -1800.472       23.536   455.2
23.6000       -1776.406    -1802.790       26.384   510.3
23.8000       -1776.296    -1800.888       24.592   475.6
24.0000       -1775.311    -1800.141       24.830   480.2
24.2000       -1773.800    -1801.517       27.717   536.1
24.4000       -1772.831    -1799.253       26.422   511.0
24.6000       -1774.133    -1799.411       25.278   488.9
24.8000       -1774.626    -1801.132       26.506   512.6
25.0000       -1776.445    -1801.228       24.782   479.3
25.2000       -1775.017    -1801.293       26.276   508.2
25.4000       -1775.974    -1801.712       25.738   497.8
25.6000       -1774.741    -1799.673       24.931   482.2
25.8000       -1775.025    -1800.005       24.980   483.1
26.0000       -1774.683    -1799.698       25.016   483.8
26.2000       -1773.762    -1799.985       26.222   507.2
26.4000       -1774.753    -1800.771       26.018   503.2
26.6000       -1774.518    -1800.767       26.249   507.7
26.8000       -1774.704    -1800.073       25.369   490.7
27.0000       -1774.339    -1799.701       25.362   490.5
27.2000       -1775.618    -1800.543       24.925   482.1
27.4000       -1775.470    -1802.129       26.658   515.6
27.6000       -1775.383    -1801.534       26.151   505.8
27.8000       -1775.605    -1800.276       24.671   477.2
28.0000       -1774.551    -1801.268       26.717   516.7
28.2000       -1773.582    -1800.195       26.613   514.7
28.4000       -1774.038    -1801.357       27.319   528.4
28.6000       -1773.544    -1800.036       26.492   512.4
28.8000       -1774.579    -1800.689       26.110   505.0
29.0000       -1772.650    -1800.109       27.459   531.1
29.2000       -1772.834    -1800.636       27.802   537.7
29.4000       -1773.331    -1798.623       25.291   489.2
29.6000       -1774.655    -1800.722       26.067   504.2
29.8000       -1773.497    -1799.975       26.478   512.1
30.0000       -1774.243    -1800.601       26.358   509.8
30.2000       -1776.597    -1803.086       26.488   512.3
30.4000       -1773.149    -1800.392       27.243   526.9
30.6000       -1773.972    -1801.370       27.398   529.9
30.8000       -1775.154    -1801.628       26.474   512.0
31.0000       -1775.982    -1801.506       25.524   493.7
31.2000       -1775.175    -1799.255       24.080   465.7
31.4000       -1776.873    -1802.207       25.334   490.0
31.6000       -1776.758    -1800.541       23.783   460.0
31.8000       -1776.728    -1800.663       23.935   462.9
32.0000       -1777.739    -1801.804       24.066   465.5
32.2000       -1774.949    -1800.816       25.867   500.3
32.4000       -1773.972    -1801.913       27.942   540.4
32.6000       -1772.686    -1799.489       26.803   518.4
32.8000       -1773.063    -1799.234       26.171   506.2
33.0000       -1772.871    -1799.749       26.878   519.8
33.2000       -1775.750    -1800.863       25.112   485.7
33.4000       -1774.364    -1800.277       25.913   501.2
33.6000       -1776.276    -1801.055       24.779   479.3
33.8000       -1778.398    -1803.358       24.960   482.7
34.0000       -1776.916    -1801.076       24.160   467.3
34.2000       -1777.503    -1801.325       23.822   460.7
34.4000       -1774.344    -1800.679       26.334   509.3
34.6000       -1774.942    -1801.380       26.439   511.3
34.8000       -1775.378    -1800.404       25.026   484.0
35.0000       -1776.003    -1801.201       25.198   487.4
35.2000       -1776.665    -1801.461       24.796   479.6
35.4000       -1776.995    -1802.381       25.387   491.0
35.6000       -1777.235    -1803.236       26.001   502.9
35.8000       -1776.133    -1802.688       26.555   513.6
36.0000       -1774.676    -1800.038       25.362   490.5
36.2000       -1774.518    -1800.575       26.057   504.0
36.4000       -1774.114    -1799.446       25.332   489.9
36.6000       -1774.536    -1799.461       24.925   482.1
36.8000       -1775.042    -1799.819       24.777   479.2
37.0000       -1773.510    -1800.485       26.975   521.7
37.2000       -1774.785    -1799.487       24.702   477.8
37.4000       -1774.360    -1801.015       26.655   515.5
37.6000       -1774.703    -1801.773       27.070   523.6
37.8000       -1775.070    -1799.941       24.871   481.0
38.0000       -1774.247    -1800.852       26.605   514.6
38.2000       -1774.259    -1800.200       25.941   501.7
38.4000       -1774.382    -1801.669       27.287   527.8
38.6000       -1774.313    -1801.515       27.202   526.1
38.8000       -1775.896    -1801.965       26.068   504.2
39.0000       -1776.699    -1801.841       25.141   486.3
39.2000       -1775.851    -1801.727       25.877   500.5
39.4000       -1775.110    -1798.463       23.353   451.7
39.6000       -1775.103    -1800.999       25.896   500.9
39.8000       -1775.258    -1799.873       24.615   476.1
40.0000       -1776.417    -1801.427       25.010   483.7
40.2000       -1777.876    -1803.275       25.399   491.2
40.4000       -1778.406    -1802.744       24.338   470.7
40.6000       -1778.085    -1801.744       23.660   457.6
40.8000       -1777.129    -1802.090       24.961   482.8
41.0000       -1776.040    -1802.525       26.485   512.2
41.2000       -1775.197    -1801.022       25.825   499.5
41.4000       -1776.069    -1802.084       26.015   503.2
41.6000       -1775.835    -1801.404       25.568   494.5
41.8000       -1774.178    -1800.856       26.679   516.0
42.0000       -1774.094    -1801.602       27.508   532.0
42.2000       -1775.379    -1801.645       26.266   508.0
42.4000       -1775.581    -1800.654       25.072   484.9
42.6000       -1774.677    -1800.014       25.337   490.0
42.8000       -1776.198    -1802.224       26.026   503.4
43.0000       -1773.550    -1800.924       27.374   529.4
43.2000       -1775.661    -1801.372       25.711   497.3
43.4000       -1775.991    -1802.654       26.664   515.7
43.6000       -1774.396    -1799.083       24.687   477.5
43.8000       -1773.252    -1800.814       27.562   533.1
44.0000       -1776.867    -1803.268       26.401   510.6
44.2000       -1776.311    -1803.012       26.701   516.4
44.4000       -1778.168    -1803.535       25.368   490.6
44.6000       -1776.597    -1802.092       25.495   493.1
44.8000       -1777.115    -1801.141       24.026   464.7
45.0000       -1776.433    -1800.651       24.218   468.4
45.2000       -1776.702    -1801.911       25.210   487.6
45.4000       -1775.378    -1802.004       26.626   515.0
45.6000       -1774.675    -1801.156       26.481   512.2
45.8000       -1776.303    -1801.922       25.619   495.5
46.0000       -1776.418    -1802.496       26.078   504.4
46.2000       -1775.310    -1800.991       25.681   496.7
46.4000       -1776.297    -1801.493       25.196   487.3
46.6000       -1774.728    -1800.575       25.848   499.9
46.8000       -1775.338    -1801.668       26.329   509.2
47.0000       -1773.811    -1800.614       26.804   518.4
47.2000       -1773.914    -1801.236       27.322   528.4
47.4000       -1774.663    -1800.751       26.088   504.6
47.6000       -1775.511    -1801.021       25.510   493.4
47.8000       -1774.213    -1801.444       27.232   526.7
48.0000       -1775.411    -1801.991       26.580   514.1
48.2000       -1774.465    -1798.832       24.366   471.3
48.4000       -1774.857    -1801.453       26.596   514.4
48.6000       -1776.221    -1801.097       24.876   481.1
48.8000       -1774.553    -1801.134       26.582   514.1
49.0000       -1776.259    -1800.760       24.501   473.9
49.2000       -1775.469    -1800.047       24.577   475.3
49.4000       -1776.085    -1801.985       25.900   500.9
49.6000       -1776.694    -1802.782       26.088   504.6
49.8000       -1775.811    -1800.775       24.964   482.8
50.0000       -1776.693    -1800.391       23.698   458.3
50.2000       -1776.635    -1803.803       27.168   525.5
50.4000       -1776.215    -1801.407       25.192   487.2
50.6000       -1775.690    -1802.190       26.500   512.5
50.8000       -1772.671    -1801.068       28.397   549.2
51.0000       -1774.660    -1800.989       26.329   509.2
51.2000       -1773.471    -1799.522       26.052   503.9
51.4000       -1773.230    -1801.021       27.791   537.5
51.6000       -1775.156    -1801.801       26.646   515.3
51.8000       -1775.982    -1802.472       26.490   512.3
52.0000       -1775.284    -1800.644       25.360   490.5
52.2000       -1774.981    -1800.959       25.978   502.4
52.4000       -1774.204    -1800.692       26.488   512.3
52.6000       -1775.080    -1800.652       25.572   494.6
52.8000       -1776.119    -1801.980       25.861   500.2
53.0000       -1775.581    -1800.757       25.175   486.9
53.2000       -1773.587    -1799.742       26.155   505.9
53.4000       -1775.477    -1799.851       24.373   471.4
53.6000       -1775.248    -1800.511       25.263   488.6
53.8000       -1775.583    -1800.179       24.596   475.7
54.0000       -1774.608    -1802.318       27.710   535.9
54.2000       -1774.951    -1800.770       25.819   499.4
54.4000       -1772.952    -1799.507       26.555   513.6
54.6000       -1772.235    -1798.790       26.555   513.6
54.8000       -1772.940    -1800.289       27.349   528.9
55.0000       -1771.839    -1798.147       26.308   508.8
55.2000       -1773.822    -1799.597       25.774   498.5
55.4000       -1773.814    -1800.341       26.527   513.1
55.6000       -1773.100    -1800.355       27.255   527.1
55.8000       -1774.928    -1800.653       25.725   497.5
56.0000       -1774.183    -1799.852       25.668   496.4
56.2000       -1775.882    -1802.584       26.702   516.4
56.4000       -1777.540    -1802.023       24.483   473.5
56.6000       -1776.169    -1801.153       24.984   483.2
56.8000       -1774.831    -1800.654       25.822   499.4
57.0000       -1772.850    -1801.222       28.372   548.7
57.2000       -1774.075    -1801.098       27.023   522.6
57.4000       -1774.086    -1801.027       26.942   521.1
57.6000       -1774.418    -1800.982       26.564   513.8
57.8000       -1774.284    -1800.316       26.033   503.5
58.0000       -1776.407    -1802.886       26.479   512.1
58.2000       -1776.789    -1801.895       25.106   485.6
58.4000       -1777.697    -1801.077       23.380   452.2
58.6000       -1776.271    -1801.264       24.993   483.4
58.8000       -1774.541    -1801.044       26.503   512.6
59.0000       -1775.402    -1799.783       24.382   471.6
59.2000       -1775.868    -1801.446       25.579   494.7
59.4000       -1776.040    -1802.583       26.543   513.4
59.6000       -1777.144    -1802.599       25.455   492.3
59.8000       -1776.291    -1802.338       26.047   503.8
60.0000       -1776.489    -1801.336       24.847   480.6
60.2000       -1776.046    -1801.559       25.513   493.4
60.4000       -1777.938    -1801.698       23.760   459.5
60.6000       -1775.287    -1801.933       26.646   515.4
60.8000       -1775.502    -1801.182       25.680   496.7
61.0000       -1774.718    -1800.126       25.408   491.4
61.2000       -1773.186    -1799.650       26.464   511.8
61.4000       -1775.351    -1800.575       25.224   487.9
61.6000       -1775.616    -1802.348       26.732   517.0
61.8000       -1773.694    -1801.726       28.031   542.1
62.0000       -1776.047    -1801.680       25.633   495.8
62.2000       -1775.110    -1799.610       24.500   473.8
62.4000       -1774.936    -1801.840       26.904   520.3
62.6000       -1775.241    -1801.628       26.387   510.3
62.8000       -1776.462    -1801.638       25.176   486.9
63.0000       -1776.021    -1799.919       23.899   462.2
63.2000       -1777.001    -1801.485       24.485   473.6
63.4000       -1774.925    -1801.471       26.546   513.4
63.6000       -1774.914    -1801.995       27.081   523.8
63.8000       -1776.247    -1800.908       24.661   477.0
64.0000       -1775.271    -1801.210       25.939   501.7
64.2000       -1776.156    -1800.981       24.825   480.1
64.4000       -1776.484    -1801.456       24.972   483.0
64.6000       -1775.359    -1800.993       25.634   495.8
64.8000       -1774.195    -1801.527       27.332   528.6
65.0000       -1776.130    -1800.607       24.477   473.4
65.2000       -1775.897    -1801.056       25.159   486.6
65.4000       -1774.965    -1799.426       24.461   473.1
65.6000       -1776.199    -1802.173       25.974   502.4
65.8000       -1775.429    -1800.749       25.320   489.7
66.0000       -1775.031    -1801.229       26.198   506.7
66.2000       -1774.434    -1800.226       25.793   498.9
66.4000       -1774.360    -1800.457       26.097   504.7
66.6000       -1773.879    -1800.885       27.005   522.3
66.8000       -1774.297    -1802.028       27.731   536.3
67.0000       -1774.472    -1800.315       25.843   499.8
67.2000       -1775.871    -1802.313       26.442   511.4
67.4000       -1776.597    -1801.365       24.768   479.0
67.6000       -1775.925    -1800.831       24.907   481.7
67.8000       -1775.694    -1801.871       26.177   506.3
68.0000       -1778.031    -1803.145       25.114   485.7
68.2000       -1777.633    -1802.201       24.568   475.2
68.4000       -1778.042    -1801.721       23.679   458.0
68.6000       -1775.754    -1802.584       26.830   518.9
68.8000       -1776.590    -1801.095       24.505   474.0
69.0000       -1775.996    -1801.973       25.977   502.4
69.2000       -1777.019    -1801.874       24.855   480.7
69.4000       -1777.380    -1801.720       24.339   470.7
69.6000       -1776.190    -1802.147       25.956   502.0
69.8000       -1775.618    -1802.228       26.610   514.7
70.0000       -1775.391    -1801.381       25.989   502.7
70.2000       -1775.181    -1802.137       26.956   521.4
70.4000       -1776.577    -1802.236       25.658   496.3
70.6000       -1776.329    -1800.331       24.002   464.2
70.8000       -1776.293    -1801.349       25.056   484.6
71.0000       -1776.245    -1801.859       25.614   495.4
71.2000       -1774.820    -1801.203       26.382   510.3
71.4000       -1775.803    -1803.106       27.302   528.0
71.6000       -1777.030    -1802.687       25.657   496.2
71.8000       -1776.951    -1802.338       25.387   491.0
72.0000       -1775.936    -1801.126       25.190   487.2
72.2000       -1777.244    -1802.553       25.308   489.5
72.4000       -1776.898    -1801.157       24.259   469.2
72.6000       -1772.879    -1798.669       25.790   498.8
72.8000       -1774.723    -1800.457       25.735   497.7
73.0000       -1773.503    -1800.042       26.539   513.3
73.2000       -1773.178    -1800.104       26.926   520.8
73.4000       -1773.682    -1800.740       27.058   523.3
73.6000       -1773.661    -1801.474       27.813   537.9
73.8000       -1775.426    -1801.251       25.825   499.5
74.0000       -1775.456    -1801.929       26.473   512.0
74.2000       -1776.207    -1801.169       24.962   482.8
74.4000       -1777.623    -1802.960       25.337   490.0
74.6000       -1777.089    -1800.907       23.818   460.7
74.8000       -1777.140    -1802.752       25.613   495.4
75.0000       -1777.860    -1801.694       23.834   461.0
75.2000       -1777.823    -1802.864       25.041   484.3
75.4000       -1775.244    -1801.361       26.116   505.1
75.6000       -1773.705    -1800.321       26.616   514.8
75.8000       -1776.118    -1801.625       25.507   493.3
76.0000       -1776.415    -1801.991       25.575   494.6
76.2000       -1777.320    -1801.909       24.590   475.6
76.4000       -1777.024    -1801.605       24.581   475.4
76.6000       -1777.229    -1802.372       25.142   486.3
76.8000       -1775.484    -1802.068       26.585   514.2
77.0000       -1772.866    -1800.586       27.720   536.1
77.2000       -1774.220    -1801.217       26.997   522.1
77.4000       -1774.985    -1801.207       26.222   507.1
77.6000       -1775.043    -1800.834       25.791   498.8
77.8000       -1775.272    -1800.845       25.573   494.6
78.0000       -1775.063    -1799.895       24.832   480.3
78.2000       -1774.476    -1800.890       26.414   510.9
78.4000       -1775.592    -1801.942       26.350   509.6
78.6000       -1776.857    -1800.664       23.807   460.5
78.8000       -1775.804    -1802.442       26.638   515.2
79.0000       -1776.399    -1801.412       25.013   483.8
79.2000       -1776.947    -1800.404       23.458   453.7
79.4000       -1779.366    -1802.433       23.067   446.1
79.6000       -1778.548    -1802.260       23.712   458.6
79.8000       -1779.140    -1802.584       23.443   453.4
80.0000       -1778.481    -1802.363       23.882   461.9
80.2000       -1776.355    -1801.900       25.545   494.1
80.4000       -1776.857    -1802.104       25.247   488.3
80.6000       -1775.383    -1801.405       26.022   503.3
80.8000       -1775.517    -1800.470       24.953   482.6
81.0000       -1775.063    -1801.376       26.313   508.9
81.2000       -1772.879    -1799.618       26.739   517.1
81.4000       -1772.652    -1799.233       26.581   514.1
81.6000       -1774.527    -1801.420       26.893   520.1
81.8000       -1775.907    -1801.125       25.217   487.7
82.0000       -1774.218    -1801.137       26.918   520.6
82.2000       -1775.560    -1802.674       27.114   524.4
82.4000       -1774.381    -1801.543       27.162   525.3
82.6000       -1774.387    -1800.554       26.167   506.1
82.8000       -1775.177    -1802.170       26.993   522.1
83.0000       -1775.528    -1800.679       25.150   486.4
83.2000       -1773.543    -1800.014       26.471   512.0
83.4000       -1772.720    -1798.983       26.263   508.0
83.6000       -1773.079    -1799.888       26.809   518.5
83.8000       -1774.024    -1800.479       26.455   511.7
84.0000       -1772.896    -1800.421       27.525   532.3
84.2000       -1774.790    -1802.340       27.549   532.8
84.4000       -1773.061    -1800.726       27.665   535.1
84.6000       -1772.897    -1800.145       27.248   527.0
84.8000       -1771.440    -1798.192       26.751   517.4
85.0000       -1771.395    -1798.626       27.232   526.7
85.2000       -1772.564    -1798.200       25.636   495.8
85.4000       -1775.423    -1800.861       25.438   492.0
85.6000       -1775.956    -1801.489       25.533   493.8
85.8000       -1774.209    -1800.588       26.379   510.2
86.0000       -1775.508    -1801.981       26.473   512.0
86.2000       -1775.052    -1801.842       26.790   518.1
86.4000       -1775.152    -1801.072       25.919   501.3
86.6000       -1775.002    -1802.102       27.101   524.1
86.8000       -1773.796    -1800.177       26.382   510.2
87.0000       -1774.399    -1801.030       26.630   515.1
87.2000       -1772.948    -1801.270       28.322   547.8
87.4000       -1773.419    -1800.330       26.911   520.5
87.6000       -1775.996    -1801.911       25.915   501.2
87.8000       -1775.519    -1800.166       24.647   476.7
88.0000       -1777.037    -1802.678       25.641   495.9
88.2000       -1776.807    -1801.653       24.846   480.5
88.4000       -1777.084    -1801.313       24.229   468.6
88.6000       -1774.959    -1801.815       26.856   519.4
88.8000       -1775.425    -1802.477       27.051   523.2
89.0000       -1774.985    -1801.425       26.439   511.4
89.2000       -1775.644    -1800.935       25.291   489.1
89.4000       -1773.751    -1799.191       25.441   492.0
89.6000       -1774.933    -1800.877       25.944   501.8
89.8000       -1775.031    -1801.448       26.418   510.9
90.0000       -1774.139    -1800.310       26.171   506.2
90.2000       -1774.128    -1801.204       27.076   523.7
90.4000       -1775.632    -1801.141       25.508   493.4
90.6000       -1775.173    -1801.409       26.236   507.4
90.8000       -1772.910    -1800.541       27.631   534.4
91.0000       -1772.949    -1799.074       26.125   505.3
91.2000       -1774.117    -1801.862       27.745   536.6
91.4000       -1775.706    -1801.636       25.930   501.5
91.6000       -1776.703    -1802.511       25.808   499.2
91.8000       -1775.291    -1801.282       25.991   502.7
92.0000       -1774.163    -1800.251       26.088   504.6
92.2000       -1775.568    -1802.350       26.782   518.0
92.4000       -1773.777    -1800.443       26.666   515.7
92.6000       -1771.740    -1799.212       27.473   531.3
92.8000       -1771.567    -1800.581       29.014   561.2
93.0000       -1773.711    -1799.567       25.856   500.1
93.2000       -1773.130    -1799.030       25.900   500.9
93.4000       -1773.380    -1800.353       26.973   521.7
93.6000       -1774.751    -1801.182       26.431   511.2
93.8000       -1775.558    -1801.651       26.093   504.7
94.0000       -1776.808    -1803.001       26.193   506.6
94.2000       -1778.480    -1803.068       24.588   475.5
94.4000       -1776.303    -1801.455       25.153   486.5
94.6000       -1773.935    -1800.651       26.716   516.7
94.8000       -1774.443    -1802.027       27.584   533.5
95.0000       -1777.282    -1802.870       25.588   494.9
95.2000       -1777.158    -1804.581       27.424   530.4
95.4000       -1776.767    -1801.788       25.022   483.9
95.6000       -1777.388    -1802.546       25.158   486.6
95.8000       -1778.505    -1802.062       23.557   455.6
96.0000       -1777.890    -1802.672       24.782   479.3
96.2000       -1776.085    -1801.896       25.811   499.2
96.4000       -1776.161    -1801.484       25.323   489.8
96.6000       -1777.052    -1801.991       24.939   482.3
96.8000       -1776.030    -1802.250       26.221   507.1
97.0000       -1777.070    -1802.479       25.409   491.4
97.2000       -1775.326    -1801.868       26.542   513.4
97.4000       -1775.512    -1800.712       25.199   487.4
97.6000       -1775.979    -1801.726       25.746   498.0
97.8000       -1774.586    -1801.075       26.488   512.3
98.0000       -1774.202    -1800.997       26.795   518.2
98.2000       -1774.435    -1799.936       25.501   493.2
98.4000       -1771.912    -1799.775       27.864   538.9
98.6000       -1774.773    -1801.274       26.501   512.6
98.8000       -1774.573    -1800.681       26.109   505.0
99.0000       -1774.226    -1800.938       26.712   516.6
99.2000       -1777.389    -1800.797       23.407   452.7
99.4000       -1776.332    -1801.767       25.435   491.9
99.6000       -1775.732    -1801.178       25.446   492.1
99.8000       -1776.139    -1801.637       25.498   493.2
100.0000      -1774.386    -1800.927       26.541   513.3
100.2000      -1774.745    -1800.430       25.685   496.8
100.4000      -1776.727    -1802.460       25.733   497.7
100.6000      -1773.626    -1800.557       26.931   520.9
100.8000      -1774.356    -1802.693       28.338   548.1
101.0000      -1773.899    -1800.680       26.781   518.0
101.2000      -1772.380    -1801.369       28.989   560.7
101.4000      -1774.556    -1800.184       25.628   495.7
101.6000      -1773.503    -1800.005       26.501   512.6
101.8000      -1774.082    -1801.532       27.450   530.9
102.0000      -1774.820    -1800.687       25.867   500.3
102.2000      -1773.779    -1801.805       28.027   542.1
102.4000      -1777.701    -1803.028       25.327   489.9
102.6000      -1778.458    -1802.603       24.144   467.0
102.8000      -1779.195    -1803.083       23.889   462.0
103.0000      -1779.030    -1802.142       23.112   447.0
103.2000      -1776.203    -1800.436       24.233   468.7
103.4000      -1776.784    -1802.552       25.768   498.4
103.6000      -1776.042    -1801.956       25.913   501.2
103.8000      -1777.410    -1802.285       24.875   481.1
104.0000      -1777.361    -1802.926       25.565   494.5
104.2000      -1777.340    -1802.977       25.637   495.8
104.4000      -1776.565    -1801.925       25.360   490.5
104.6000      -1777.353    -1802.154       24.801   479.7
104.8000      -1778.506    -1803.299       24.793   479.5
105.0000      -1776.876    -1801.593       24.718   478.1
105.2000      -1776.211    -1801.809       25.598   495.1
105.4000      -1777.308    -1803.668       26.360   509.8
105.6000      -1778.226    -1804.375       26.149   505.7
105.8000      -1776.870    -1801.496       24.626   476.3
106.0000      -1776.933    -1802.789       25.855   500.1
106.2000      -1775.687    -1801.296       25.609   495.3
106.4000      -1777.225    -1803.764       26.539   513.3
106.6000      -1776.056    -1801.407       25.351   490.3
106.8000      -1777.007    -1802.701       25.694   496.9
107.0000      -1775.605    -1800.834       25.229   487.9
107.2000      -1775.698    -1801.447       25.749   498.0
107.4000      -1778.112    -1801.771       23.659   457.6
107.6000      -1776.993    -1803.291       26.298   508.6
107.8000      -1777.545    -1802.607       25.062   484.7
108.0000      -1776.917    -1803.330       26.413   510.8
108.2000      -1778.355    -1804.214       25.859   500.1
108.4000      -1778.068    -1801.737       23.669   457.8
108.6000      -1777.146    -1802.228       25.082   485.1
108.8000      -1775.888    -1801.110       25.223   487.8
109.0000      -1776.144    -1801.916       25.772   498.4
109.2000      -1775.906    -1801.995       26.089   504.6
109.4000      -1775.200    -1801.335       26.135   505.5
109.6000      -1772.240    -1798.727       26.487   512.3
109.8000      -1774.652    -1800.525       25.873   500.4
110.0000      -1776.349    -1801.945       25.596   495.0
110.2000      -1777.509    -1800.576       23.066   446.1
110.4000      -1777.946    -1801.947       24.001   464.2
110.6000      -1776.446    -1801.965       25.518   493.5
110.8000      -1776.069    -1800.509       24.440   472.7
111.0000      -1776.268    -1801.734       25.466   492.5
111.2000      -1777.847    -1801.955       24.108   466.3
111.4000      -1777.907    -1803.009       25.102   485.5
111.6000      -1777.983    -1801.291       23.308   450.8
111.8000      -1776.722    -1801.322       24.600   475.8
112.0000      -1775.296    -1801.927       26.630   515.1
112.2000      -1775.586    -1801.378       25.792   498.8
112.4000      -1775.770    -1801.666       25.896   500.8
112.6000      -1775.482    -1800.612       25.130   486.0
112.8000      -1774.334    -1799.537       25.202   487.4
113.0000      -1775.630    -1800.902       25.272   488.8
113.2000      -1775.315    -1800.385       25.070   484.9
113.4000      -1775.274    -1801.133       25.860   500.1
113.6000      -1775.301    -1800.962       25.662   496.3
113.8000      -1774.452    -1800.419       25.967   502.2
114.0000      -1774.973    -1801.846       26.873   519.7
114.2000      -1775.247    -1801.519       26.272   508.1
114.4000      -1775.788    -1802.131       26.342   509.5
114.6000      -1775.958    -1802.597       26.639   515.2
114.8000      -1774.822    -1800.006       25.184   487.1
115.0000      -1773.815    -1799.993       26.178   506.3
115.2000      -1776.088    -1802.427       26.339   509.4
115.4000      -1775.674    -1801.193       25.519   493.6
115.6000      -1774.679    -1801.229       26.550   513.5
115.8000      -1772.635    -1800.198       27.563   533.1
116.0000      -1772.598    -1800.333       27.734   536.4
116.2000      -1775.683    -1802.170       26.487   512.3
116.4000      -1773.859    -1801.302       27.443   530.8
116.6000      -1773.435    -1799.777       26.342   509.5
116.8000      -1774.918    -1801.049       26.131   505.4
117.0000      -1775.306    -1801.295       25.989   502.7
117.2000      -1775.980    -1800.854       24.874   481.1
117.4000      -1775.375    -1802.284       26.908   520.4
117.6000      -1774.846    -1799.784       24.938   482.3
117.8000      -1774.741    -1801.359       26.618   514.8
118.0000      -1776.013    -1801.648       25.635   495.8
118.2000      -1774.553    -1802.000       27.447   530.8
118.4000      -1774.261    -1800.074       25.813   499.2
118.6000      -1775.183    -1801.853       26.671   515.8
118.8000      -1773.996    -1801.598       27.602   533.8
119.0000      -1774.566    -1801.304       26.738   517.1
119.2000      -1774.032    -1800.295       26.263   507.9
119.4000      -1775.336    -1801.639       26.303   508.7
119.6000      -1774.874    -1801.648       26.774   517.8
119.8000      -1774.992    -1801.225       26.233   507.4
120.0000      -1776.150    -1800.569       24.419   472.3
120.2000      -1775.459    -1801.827       26.368   510.0
120.4000      -1774.585    -1799.664       25.080   485.1
120.6000      -1774.691    -1800.734       26.043   503.7
120.8000      -1774.958    -1800.010       25.051   484.5
121.0000      -1773.364    -1800.570       27.206   526.2
121.2000      -1774.690    -1800.645       25.954   502.0
121.4000      -1774.316    -1800.208       25.893   500.8
121.6000      -1775.631    -1799.940       24.309   470.2
121.8000      -1776.524    -1801.508       24.984   483.2
122.0000      -1777.128    -1802.479       25.351   490.3
122.2000      -1776.371    -1801.939       25.569   494.5
122.4000      -1774.992    -1801.083       26.091   504.6
122.6000      -1773.490    -1800.865       27.375   529.5
122.8000      -1774.701    -1800.602       25.901   501.0
123.0000      -1776.257    -1801.484       25.227   487.9
123.2000      -1775.847    -1801.442       25.595   495.0
123.4000      -1774.753    -1799.805       25.052   484.5
123.6000      -1773.145    -1798.911       25.766   498.3
123.8000      -1771.989    -1800.612       28.623   553.6
124.0000      -1773.241    -1800.344       27.103   524.2
124.2000      -1775.312    -1800.639       25.327   489.8
124.4000      -1777.515    -1803.103       25.588   494.9
124.6000      -1776.880    -1801.203       24.323   470.4
124.8000      -1776.082    -1802.614       26.532   513.1
125.0000      -1777.768    -1801.861       24.093   466.0
125.2000      -1773.708    -1801.891       28.183   545.1
125.4000      -1773.502    -1800.993       27.491   531.7
125.6000      -1771.235    -1800.178       28.943   559.8
125.8000      -1773.469    -1800.243       26.774   517.8
126.0000      -1771.963    -1800.180       28.217   545.7
126.2000      -1774.169    -1801.287       27.118   524.5
126.4000      -1774.489    -1800.068       25.578   494.7
126.6000      -1774.217    -1799.597       25.380   490.9
126.8000      -1774.443    -1799.634       25.190   487.2
127.0000      -1774.365    -1799.609       25.243   488.2
127.2000      -1774.405    -1800.263       25.858   500.1
127.4000      -1774.719    -1801.298       26.579   514.1
127.6000      -1775.030    -1800.480       25.451   492.2
127.8000      -1775.832    -1800.978       25.146   486.3
128.0000      -1775.849    -1801.308       25.459   492.4
128.2000      -1774.630    -1800.772       26.142   505.6
128.4000      -1774.683    -1800.157       25.474   492.7
128.6000      -1774.652    -1802.655       28.002   541.6
128.8000      -1773.525    -1799.351       25.826   499.5
129.0000      -1776.043    -1801.543       25.500   493.2
129.2000      -1775.605    -1801.164       25.559   494.3
129.4000      -1777.438    -1801.546       24.107   466.3
129.6000      -1776.351    -1801.049       24.698   477.7
129.8000      -1776.133    -1800.797       24.663   477.0
130.0000      -1777.019    -1803.067       26.048   503.8
130.2000      -1777.738    -1802.260       24.522   474.3
130.4000      -1778.239    -1802.791       24.552   474.9
130.6000      -1775.683    -1801.809       26.126   505.3
130.8000      -1775.149    -1800.851       25.702   497.1
131.0000      -1774.049    -1798.466       24.417   472.2
131.2000      -1774.962    -1801.826       26.864   519.6
131.4000      -1773.635    -1800.560       26.925   520.7
131.6000      -1774.756    -1801.407       26.650   515.4
131.8000      -1772.958    -1799.844       26.887   520.0
132.0000      -1773.672    -1800.441       26.770   517.7
132.2000      -1774.559    -1801.143       26.585   514.2
132.4000      -1772.092    -1799.345       27.253   527.1
132.6000      -1774.278    -1800.696       26.418   511.0
132.8000      -1774.438    -1798.687       24.249   469.0
133.0000      -1774.985    -1801.072       26.087   504.6
133.2000      -1776.315    -1802.371       26.057   504.0
133.4000      -1777.769    -1803.108       25.339   490.1
133.6000      -1776.527    -1801.475       24.948   482.5
133.8000      -1774.517    -1802.613       28.095   543.4
134.0000      -1775.494    -1801.394       25.900   500.9
134.2000      -1774.701    -1801.442       26.740   517.2
134.4000      -1775.555    -1801.886       26.331   509.3
134.6000      -1774.789    -1800.473       25.684   496.7
134.8000      -1776.316    -1803.292       26.976   521.7
135.0000      -1773.138    -1800.707       27.569   533.2
135.2000      -1774.948    -1799.877       24.929   482.2
135.4000      -1774.005    -1800.352       26.347   509.6
135.6000      -1773.410    -1800.375       26.965   521.5
135.8000      -1772.464    -1800.200       27.736   536.4
136.0000      -1773.511    -1799.035       25.524   493.7
136.2000      -1773.094    -1800.191       27.098   524.1
136.4000      -1772.535    -1799.579       27.045   523.1
136.6000      -1774.959    -1801.437       26.478   512.1
136.8000      -1775.623    -1800.519       24.896   481.5
137.0000      -1776.665    -1800.798       24.133   466.7
137.2000      -1777.466    -1803.213       25.747   498.0
137.4000      -1777.092    -1802.923       25.831   499.6
137.6000      -1775.841    -1801.530       25.689   496.8
137.8000      -1775.549    -1802.620       27.070   523.6
138.0000      -1775.335    -1801.968       26.633   515.1
138.2000      -1775.946    -1801.431       25.485   492.9
138.4000      -1774.818    -1802.030       27.212   526.3
138.6000      -1774.225    -1801.792       27.567   533.2
138.8000      -1774.930    -1801.987       27.057   523.3
139.0000      -1775.616    -1800.950       25.333   490.0
139.2000      -1775.957    -1801.278       25.321   489.7
139.4000      -1775.784    -1801.065       25.281   489.0
139.6000      -1775.639    -1801.142       25.502   493.2
139.8000      -1775.892    -1802.828       26.936   521.0
140.0000      -1774.624    -1800.103       25.479   492.8
140.2000      -1775.357    -1801.174       25.817   499.3
140.4000      -1775.635    -1801.473       25.838   499.7
140.6000      -1775.203    -1800.793       25.590   494.9
140.8000      -1774.649    -1799.415       24.766   479.0
141.0000      -1774.480    -1801.189       26.709   516.6
141.2000      -1775.272    -1800.114       24.842   480.5
141.4000      -1776.766    -1801.368       24.602   475.8
141.6000      -1775.694    -1802.324       26.630   515.0
141.8000      -1775.571    -1799.969       24.397   471.9
142.0000      -1777.879    -1802.124       24.246   468.9
142.2000      -1777.145    -1801.031       23.886   462.0
142.4000      -1774.349    -1800.393       26.044   503.7
142.6000      -1774.728    -1801.478       26.750   517.4
142.8000      -1772.892    -1800.255       27.362   529.2
143.0000      -1775.941    -1800.582       24.640   476.6
143.2000      -1775.164    -1800.804       25.641   495.9
143.4000      -1774.543    -1800.295       25.752   498.1
143.6000      -1772.983    -1799.640       26.657   515.6
143.8000      -1772.263    -1800.180       27.917   539.9
144.0000      -1772.871    -1800.662       27.792   537.5
144.2000      -1774.600    -1800.677       26.077   504.4
144.4000      -1776.164    -1801.299       25.135   486.1
144.6000      -1776.439    -1801.104       24.665   477.0
144.8000      -1776.198    -1802.532       26.334   509.3
145.0000      -1776.399    -1801.180       24.782   479.3
145.2000      -1775.217    -1802.053       26.836   519.0
145.4000      -1776.632    -1802.271       25.639   495.9
145.6000      -1777.518    -1801.509       23.991   464.0
145.8000      -1774.792    -1800.507       25.714   497.3
146.0000      -1772.988    -1801.080       28.092   543.3
146.2000      -1776.401    -1801.191       24.790   479.5
146.4000      -1776.420    -1802.985       26.565   513.8
146.6000      -1776.692    -1802.019       25.328   489.9
146.8000      -1776.974    -1802.552       25.578   494.7
147.0000      -1774.301    -1800.367       26.066   504.1
147.2000      -1775.599    -1801.537       25.937   501.7
147.4000      -1774.239    -1801.716       27.478   531.4
147.6000      -1775.473    -1799.767       24.294   469.9
147.8000      -1777.551    -1803.271       25.721   497.5
148.0000      -1780.063    -1804.839       24.775   479.2
148.2000      -1777.135    -1801.843       24.708   477.9
148.4000      -1775.793    -1801.353       25.560   494.3
148.6000      -1775.785    -1800.966       25.181   487.0
148.8000      -1775.043    -1801.570       26.528   513.1
149.0000      -1774.335    -1799.543       25.209   487.6
149.2000      -1773.602    -1801.173       27.571   533.3
149.4000      -1774.820    -1801.791       26.971   521.6
149.6000      -1777.700    -1802.361       24.661   477.0
149.8000      -1777.556    -1803.369       25.813   499.2
150.0000      -1775.462    -1801.315       25.853   500.0
150.2000      -1773.228    -1800.507       27.279   527.6
150.4000      -1773.428    -1800.551       27.123   524.6
150.6000      -1773.899    -1801.354       27.455   531.0
150.8000      -1776.136    -1800.754       24.618   476.1
151.0000      -1775.873    -1801.794       25.921   501.3
151.2000      -1775.461    -1801.222       25.761   498.2
151.4000      -1775.697    -1801.690       25.993   502.7
151.6000      -1776.646    -1802.515       25.868   500.3
151.8000      -1775.192    -1802.148       26.956   521.4
152.0000      -1777.147    -1802.266       25.119   485.8
152.2000      -1776.270    -1802.428       26.158   505.9
152.4000      -1776.163    -1800.647       24.484   473.5
152.6000      -1775.472    -1801.595       26.123   505.2
152.8000      -1775.529    -1801.226       25.697   497.0
153.0000      -1773.521    -1799.990       26.469   511.9
153.2000      -1774.214    -1801.817       27.602   533.9
153.4000      -1773.741    -1801.067       27.326   528.5
153.6000      -1775.130    -1800.904       25.775   498.5
153.8000      -1775.768    -1802.127       26.359   509.8
154.0000      -1772.597    -1799.606       27.010   522.4
154.2000      -1774.872    -1801.695       26.823   518.8
154.4000      -1775.865    -1801.498       25.634   495.8
154.6000      -1776.455    -1800.651       24.196   468.0
154.8000      -1774.995    -1801.837       26.842   519.1
155.0000      -1776.174    -1802.097       25.923   501.4
155.2000      -1777.932    -1802.257       24.326   470.5
155.4000      -1776.006    -1802.287       26.281   508.3
155.6000      -1777.111    -1802.559       25.447   492.2
155.8000      -1774.693    -1801.300       26.607   514.6
156.0000      -1777.765    -1802.322       24.557   475.0
156.2000      -1775.565    -1800.742       25.177   486.9
156.4000      -1775.733    -1801.145       25.411   491.5
156.6000      -1775.947    -1801.598       25.651   496.1
156.8000      -1774.278    -1800.805       26.527   513.1
157.0000      -1774.483    -1801.948       27.465   531.2
157.2000      -1776.120    -1801.326       25.205   487.5
157.4000      -1776.031    -1801.244       25.213   487.6
157.6000      -1776.696    -1802.033       25.336   490.0
157.8000      -1776.078    -1799.833       23.756   459.5
158.0000      -1776.047    -1799.714       23.668   457.8
158.2000      -1776.134    -1801.184       25.050   484.5
158.4000      -1775.999    -1801.021       25.022   484.0
158.6000      -1773.500    -1801.480       27.980   541.2
158.8000      -1774.625    -1798.961       24.336   470.7
159.0000      -1774.922    -1800.614       25.691   496.9
159.2000      -1775.005    -1799.177       24.172   467.5
159.4000      -1775.276    -1801.725       26.449   511.5
159.6000      -1775.272    -1800.726       25.455   492.3
159.8000      -1775.680    -1800.419       24.739   478.5
160.0000      -1776.464    -1801.824       25.359   490.5
160.2000      -1775.773    -1800.662       24.889   481.4
160.4000      -1776.168    -1802.126       25.958   502.1
160.6000      -1776.972    -1801.376       24.405   472.0
160.8000      -1773.813    -1801.269       27.456   531.0
161.0000      -1776.496    -1800.976       24.480   473.5
161.2000      -1775.671    -1802.039       26.368   510.0
161.4000      -1774.861    -1802.894       28.033   542.2
161.6000      -1776.249    -1802.449       26.201   506.7
161.8000      -1777.169    -1802.934       25.765   498.3
162.0000      -1775.982    -1801.622       25.640   495.9
162.2000      -1775.419    -1801.693       26.274   508.2
162.4000      -1776.366    -1802.861       26.495   512.4
162.6000      -1780.502    -1804.282       23.780   459.9
162.8000      -1778.500    -1802.173       23.673   457.9
163.0000      -1779.363    -1803.654       24.291   469.8
163.2000      -1776.972    -1800.923       23.951   463.2
163.4000      -1777.839    -1802.782       24.942   482.4
163.6000      -1776.746    -1802.156       25.410   491.5
163.8000      -1775.199    -1800.598       25.399   491.2
164.0000      -1776.025    -1801.796       25.771   498.4
164.2000      -1775.773    -1802.197       26.423   511.1
164.4000      -1773.025    -1800.245       27.220   526.5
164.6000      -1772.728    -1800.348       27.620   534.2
164.8000      -1771.055    -1797.635       26.580   514.1
165.0000      -1774.010    -1800.073       26.063   504.1
165.2000      -1775.295    -1799.985       24.691   477.5
165.4000      -1775.593    -1801.600       26.007   503.0
165.6000      -1774.686    -1800.148       25.462   492.5
165.8000      -1775.706    -1801.346       25.641   495.9
166.0000      -1776.132    -1801.258       25.126   486.0
166.2000      -1775.558    -1800.792       25.234   488.0
166.4000      -1776.776    -1802.270       25.494   493.1
166.6000      -1777.476    -1802.431       24.956   482.7
166.8000      -1777.551    -1802.363       24.812   479.9
167.0000      -1776.691    -1801.088       24.397   471.9
167.2000      -1775.820    -1802.012       26.192   506.6
167.4000      -1774.797    -1801.326       26.529   513.1
167.6000      -1774.157    -1801.055       26.898   520.2
167.8000      -1773.204    -1800.681       27.477   531.4
168.0000      -1775.358    -1800.167       24.809   479.8
168.2000      -1776.571    -1801.349       24.778   479.2
168.4000      -1775.628    -1801.032       25.404   491.3
168.6000      -1777.538    -1801.876       24.338   470.7
168.8000      -1776.037    -1799.895       23.859   461.5
169.0000      -1773.828    -1800.924       27.096   524.1
169.2000      -1773.408    -1800.007       26.599   514.5
169.4000      -1775.121    -1800.874       25.753   498.1
169.6000      -1773.328    -1800.894       27.565   533.1
169.8000      -1776.368    -1801.830       25.462   492.5
170.0000      -1776.419    -1802.950       26.531   513.1
170.2000      -1774.970    -1800.095       25.125   485.9
170.4000      -1775.821    -1800.459       24.638   476.5
170.6000      -1773.608    -1802.216       28.607   553.3
170.8000      -1774.125    -1800.714       26.589   514.2
171.0000      -1773.203    -1799.585       26.383   510.3
171.2000      -1774.116    -1800.498       26.382   510.3
171.4000      -1774.882    -1802.091       27.209   526.2
171.6000      -1776.345    -1801.399       25.054   484.6
171.8000      -1774.860    -1801.102       26.242   507.5
172.0000      -1776.072    -1801.145       25.073   484.9
172.2000      -1775.907    -1801.783       25.876   500.5
172.4000      -1777.113    -1802.139       25.026   484.0
172.6000      -1774.406    -1801.878       27.472   531.3
172.8000      -1774.225    -1800.378       26.153   505.8
173.0000      -1773.315    -1800.051       26.736   517.1
173.2000      -1775.640    -1802.205       26.565   513.8
173.4000      -1776.145    -1800.487       24.342   470.8
173.6000      -1777.736    -1801.581       23.845   461.2
173.8000      -1776.807    -1802.052       25.245   488.3
174.0000      -1777.624    -1801.204       23.580   456.1
174.2000      -1777.018    -1802.559       25.542   494.0
174.4000      -1775.018    -1800.463       25.445   492.1
174.6000      -1774.476    -1801.290       26.814   518.6
174.8000      -1775.171    -1800.165       24.994   483.4
175.0000      -1777.940    -1802.400       24.459   473.1
175.2000      -1775.843    -1801.861       26.018   503.2
175.4000      -1775.153    -1801.745       26.592   514.3
175.6000      -1774.101    -1800.533       26.433   511.2
175.8000      -1774.705    -1801.760       27.055   523.3
176.0000      -1775.007    -1800.463       25.456   492.3
176.2000      -1772.795    -1799.379       26.584   514.2
176.4000      -1773.092    -1800.511       27.419   530.3
176.6000      -1771.586    -1799.172       27.586   533.5
176.8000      -1770.296    -1799.496       29.200   564.8
177.0000      -1772.932    -1800.101       27.169   525.5
177.2000      -1772.525    -1800.467       27.942   540.4
177.4000      -1774.624    -1801.507       26.883   519.9
177.6000      -1774.210    -1801.012       26.803   518.4
177.8000      -1774.812    -1802.008       27.195   526.0
178.0000      -1775.333    -1801.492       26.158   505.9
178.2000      -1775.644    -1802.896       27.252   527.1
178.4000      -1775.076    -1800.653       25.576   494.7
178.6000      -1774.707    -1800.031       25.324   489.8
178.8000      -1773.045    -1799.899       26.855   519.4
179.0000      -1773.995    -1800.359       26.364   509.9
179.2000      -1774.468    -1801.413       26.945   521.1
179.4000      -1774.354    -1800.358       26.004   502.9
179.6000      -1775.798    -1801.824       26.026   503.4
179.8000      -1775.960    -1800.704       24.744   478.6
180.0000      -1774.257    -1800.591       26.335   509.3
180.2000      -1773.511    -1800.496       26.986   521.9
180.4000      -1775.912    -1801.717       25.805   499.1
180.6000      -1776.876    -1800.509       23.634   457.1
180.8000      -1777.251    -1802.457       25.206   487.5
181.0000      -1774.504    -1801.502       26.998   522.2
181.2000      -1776.330    -1800.833       24.503   473.9
181.4000      -1775.204    -1801.902       26.698   516.4
181.6000      -1775.889    -1802.151       26.262   507.9
181.8000      -1776.355    -1802.185       25.831   499.6
182.0000      -1776.121    -1801.825       25.703   497.1
182.2000      -1774.263    -1800.477       26.214   507.0
182.4000      -1773.064    -1798.867       25.803   499.1
182.6000      -1771.619    -1798.329       26.711   516.6
182.8000      -1772.386    -1799.478       27.091   524.0
183.0000      -1773.215    -1800.354       27.139   524.9
183.2000      -1774.857    -1800.573       25.716   497.4
183.4000      -1774.724    -1801.796       27.073   523.6
183.6000      -1774.102    -1799.809       25.706   497.2
183.8000      -1773.826    -1801.209       27.383   529.6
184.0000      -1777.032    -1802.976       25.944   501.8
184.2000      -1775.497    -1800.248       24.750   478.7
184.4000      -1774.417    -1800.928       26.511   512.7
184.6000      -1774.731    -1802.014       27.283   527.7
184.8000      -1774.082    -1799.598       25.516   493.5
185.0000      -1774.869    -1800.716       25.846   499.9
185.2000      -1775.153    -1802.377       27.224   526.5
185.4000      -1773.598    -1799.342       25.744   497.9
185.6000      -1776.173    -1800.725       24.552   474.9
185.8000      -1776.269    -1800.683       24.415   472.2
186.0000      -1775.790    -1801.479       25.689   496.8
186.2000      -1776.249    -1800.477       24.229   468.6
186.4000      -1776.877    -1802.453       25.576   494.7
186.6000      -1774.731    -1802.088       27.358   529.1
186.8000      -1774.567    -1799.466       24.899   481.6
187.0000      -1775.051    -1801.115       26.064   504.1
187.2000      -1775.909    -1801.099       25.190   487.2
187.4000      -1775.521    -1800.518       24.997   483.5
187.6000      -1777.075    -1801.264       24.189   467.8
187.8000      -1774.883    -1802.091       27.208   526.2
188.0000      -1775.129    -1800.740       25.611   495.3
188.2000      -1775.608    -1800.781       25.173   486.9
188.4000      -1773.781    -1800.856       27.075   523.6
188.6000      -1772.804    -1799.962       27.158   525.3
188.8000      -1775.265    -1801.455       26.190   506.5
189.0000      -1776.311    -1801.721       25.411   491.5
189.2000      -1774.125    -1800.459       26.335   509.3
189.4000      -1773.752    -1800.152       26.400   510.6
189.6000      -1776.044    -1802.270       26.226   507.2
189.8000      -1775.340    -1800.865       25.525   493.7
190.0000      -1774.315    -1799.744       25.429   491.8
190.2000      -1775.266    -1800.273       25.006   483.6
190.4000      -1777.767    -1801.251       23.484   454.2
190.6000      -1774.812    -1799.167       24.355   471.0
190.8000      -1775.184    -1801.665       26.480   512.2
191.0000      -1775.576    -1799.212       23.636   457.1
191.2000      -1774.707    -1802.962       28.254   546.5
191.4000      -1774.976    -1801.269       26.293   508.5
191.6000      -1776.425    -1802.718       26.293   508.5
191.8000      -1774.316    -1800.903       26.587   514.2
192.0000      -1775.602    -1801.796       26.195   506.6
192.2000      -1773.134    -1801.569       28.435   550.0
192.4000      -1773.698    -1800.785       27.086   523.9
192.6000      -1774.366    -1801.300       26.934   520.9
192.8000      -1778.021    -1802.705       24.684   477.4
193.0000      -1776.103    -1802.245       26.141   505.6
193.2000      -1775.482    -1799.655       24.173   467.5
193.4000      -1776.277    -1802.233       25.956   502.0
193.6000      -1775.631    -1802.328       26.697   516.3
193.8000      -1776.333    -1802.097       25.764   498.3
194.0000      -1776.176    -1801.519       25.343   490.2
194.2000      -1775.909    -1802.975       27.066   523.5
194.4000      -1776.537    -1802.110       25.573   494.6
194.6000      -1774.141    -1800.282       26.140   505.6
194.8000      -1773.954    -1800.601       26.646   515.4
195.0000      -1774.481    -1799.578       25.097   485.4
195.2000      -1775.187    -1801.419       26.232   507.4
195.4000      -1777.629    -1802.963       25.334   490.0
195.6000      -1775.775    -1802.741       26.966   521.5
195.8000      -1774.575    -1800.137       25.562   494.4
196.0000      -1775.011    -1802.300       27.289   527.8
196.2000      -1777.151    -1801.687       24.536   474.5
196.4000      -1777.223    -1802.932       25.709   497.2
196.6000      -1776.918    -1801.576       24.658   476.9
196.8000      -1776.715    -1802.773       26.058   504.0
197.0000      -1776.189    -1801.711       25.522   493.6
197.2000      -1776.039    -1801.475       25.436   492.0
197.4000      -1776.250    -1800.572       24.323   470.4
197.6000      -1778.171    -1804.572       26.400   510.6
197.8000      -1777.311    -1801.078       23.768   459.7
198.0000      -1774.460    -1800.648       26.188   506.5
198.2000      -1773.027    -1800.653       27.626   534.3
198.4000      -1775.168    -1801.517       26.349   509.6
198.6000      -1773.456    -1800.017       26.561   513.7
198.8000      -1774.261    -1800.933       26.672   515.9
199.0000      -1774.570    -1801.336       26.766   517.7
199.2000      -1775.814    -1802.034       26.220   507.1
199.4000      -1776.514    -1801.842       25.328   489.9
199.6000      -1777.392    -1800.869       23.477   454.1
199.8000      -1775.823    -1802.790       26.967   521.6
200.0000      -1775.413    -1802.855       27.442   530.8
