Time[ps]      Etot[eV]     Epot[eV]     Ekin[eV]    T[K]
0.0000        -3410.500    -3410.500        0.000     0.0
0.0500        -3406.715    -3445.677       38.962   362.3
0.1000        -3404.266    -3439.450       35.184   327.2
0.1500        -3402.409    -3433.886       31.477   292.7
0.2000        -3401.750    -3435.333       33.583   312.3
0.2500        -3399.863    -3436.790       36.927   343.4
0.3000        -3399.433    -3427.423       27.990   260.3
0.3500        -3399.140    -3429.489       30.348   282.2
0.4000        -3398.579    -3438.380       39.801   370.1
0.4500        -3396.334    -3437.111       40.778   379.2
0.5000        -3396.453    -3436.059       39.606   368.3
0.5500        -3398.645    -3436.120       37.475   348.5
0.6000        -3396.470    -3431.032       34.563   321.4
0.6500        -3396.884    -3425.138       28.255   262.7
0.7000        -3396.843    -3432.692       35.850   333.3
0.7500        -3397.169    -3441.014       43.845   407.7
0.8000        -3398.809    -3425.601       26.792   249.1
0.8500        -3397.750    -3427.489       29.739   276.5
0.9000        -3393.968    -3416.238       22.270   207.1
0.9500        -3389.570    -3420.115       30.545   284.0
1.0000        -3389.374    -3424.538       35.164   327.0
1.0500        -3386.451    -3417.165       30.714   285.6
1.1000        -3388.640    -3425.655       37.015   344.2
1.1500        -3388.219    -3427.715       39.497   367.3
1.2000        -3391.925    -3430.062       38.137   354.6
1.2500        -3393.741    -3435.872       42.131   391.8
1.3000        -3395.200    -3425.289       30.089   279.8
1.3500        -3394.448    -3428.801       34.352   319.4
1.4000        -3395.044    -3430.761       35.718   332.1
1.4500        -3395.375    -3422.799       27.424   255.0
1.5000        -3391.911    -3417.575       25.664   238.6
1.5500        -3392.936    -3433.782       40.846   379.8
1.6000        -3392.720    -3427.479       34.758   323.2
1.6500        -3392.985    -3426.352       33.366   310.3
1.7000        -3392.191    -3431.826       39.635   368.5
1.7500        -3394.511    -3432.679       38.168   354.9
1.8000        -3392.853    -3423.535       30.682   285.3
1.8500        -3390.563    -3427.472       36.909   343.2
1.9000        -3391.324    -3428.771       37.447   348.2
1.9500        -3392.026    -3429.329       37.304   346.9
2.0000        -3392.118    -3417.256       25.138   233.7
2.0500        -3391.248    -3430.587       39.340   365.8
2.1000        -3393.835    -3436.515       42.680   396.9
2.1500        -3393.140    -3426.661       33.521   311.7
2.2000        -3393.100    -3434.625       41.525   386.1
2.2500        -3394.694    -3424.461       29.767   276.8
2.3000        -3392.781    -3426.444       33.663   313.0
2.3500        -3395.531    -3431.895       36.364   338.1
2.4000        -3393.439    -3426.176       32.737   304.4
2.4500        -3392.261    -3429.087       36.826   342.4
2.5000        -3394.929    -3437.984       43.055   400.3
2.5500        -3395.481    -3428.467       32.986   306.7
2.6000        -3395.400    -3433.270       37.870   352.1
2.6500        -3396.235    -3427.721       31.486   292.8
2.7000        -3394.753    -3427.588       32.835   305.3
2.7500        -3395.743    -3435.313       39.570   367.9
2.8000        -3395.947    -3426.180       30.233   281.1
2.8500        -3394.411    -3425.635       31.224   290.3
2.9000        -3393.494    -3425.500       32.006   297.6
2.9500        -3392.867    -3426.552       33.686   313.2
3.0000        -3392.635    -3426.682       34.047   316.6
3.0500        -3391.991    -3424.526       32.536   302.5
3.1000        -3391.327    -3424.429       33.102   307.8
3.1500        -3391.144    -3426.982       35.838   333.2
3.2000        -3391.627    -3426.565       34.938   324.9
3.2500        -3391.497    -3426.109       34.612   321.8
3.3000        -3390.922    -3424.115       33.193   308.6
3.3500        -3390.657    -3424.064       33.407   310.6
3.4000        -3390.501    -3424.125       33.625   312.7
3.4500        -3390.483    -3425.110       34.627   322.0
3.5000        -3390.936    -3426.086       35.151   326.8
3.5500        -3390.922    -3423.746       32.824   305.2
3.6000        -3390.361    -3423.625       33.264   309.3
3.6500        -3390.156    -3424.804       34.648   322.2
3.7000        -3390.435    -3424.325       33.891   315.1
3.7500        -3390.334    -3424.851       34.518   321.0
3.8000        -3390.371    -3424.951       34.580   321.5
3.8500        -3390.233    -3423.856       33.622   312.6
3.9000        -3389.923    -3423.250       33.328   309.9
3.9500        -3389.674    -3423.540       33.866   314.9
4.0000        -3389.763    -3423.860       34.097   317.0
4.0500        -3389.700    -3425.300       35.600   331.0
4.1000        -3389.860    -3425.030       35.170   327.0
4.1500        -3390.125    -3424.861       34.736   323.0
4.2000        -3390.266    -3424.726       34.460   320.4
4.2500        -3390.158    -3424.356       34.198   318.0
4.3000        -3390.145    -3424.973       34.828   323.8
4.3500        -3389.828    -3423.702       33.875   315.0
4.4000        -3389.980    -3424.633       34.653   322.2
4.4500        -3390.156    -3423.577       33.421   310.8
4.5000        -3390.175    -3423.576       33.402   310.6
4.5500        -3389.910    -3423.238       33.327   309.9
4.6000        -3389.452    -3423.517       34.065   316.8
4.6500        -3389.309    -3423.844       34.534   321.1
4.7000        -3389.074    -3423.455       34.381   319.7
4.7500        -3389.126    -3424.472       35.346   328.7
4.8000        -3389.362    -3423.030       33.668   313.1
4.8500        -3389.443    -3423.358       33.915   315.4
4.9000        -3389.452    -3423.976       34.525   321.0
4.9500        -3389.468    -3423.447       33.979   316.0
5.0000        -3389.562    -3424.454       34.892   324.4
5.0500        -3389.652    -3423.394       33.741   313.7
5.1000        -3389.659    -3423.344       33.684   313.2
5.1500        -3389.578    -3423.073       33.495   311.5
5.2000        -3389.352    -3423.830       34.478   320.6
5.2500        -3389.470    -3424.805       35.335   328.6
5.3000        -3389.650    -3423.917       34.267   318.6
5.3500        -3389.555    -3422.986       33.431   310.9
5.4000        -3389.516    -3423.867       34.351   319.4
5.4500        -3389.373    -3423.371       33.997   316.1
5.5000        -3389.334    -3424.014       34.681   322.5
5.5500        -3389.587    -3424.018       34.431   320.2
5.6000        -3389.450    -3422.935       33.485   311.4
5.6500        -3389.085    -3423.662       34.577   321.5
5.7000        -3389.403    -3425.055       35.653   331.5
5.7500        -3389.635    -3424.783       35.148   326.8
5.8000        -3389.919    -3423.776       33.857   314.8
5.8500        -3389.738    -3423.228       33.489   311.4
5.9000        -3389.890    -3424.650       34.761   323.2
5.9500        -3389.894    -3422.848       32.955   306.4
6.0000        -3389.653    -3422.481       32.828   305.3
6.0500        -3389.300    -3422.039       32.740   304.4
6.1000        -3389.045    -3422.406       33.362   310.2
6.1500        -3388.984    -3423.093       34.109   317.2
6.2000        -3389.049    -3422.619       33.569   312.1
6.2500        -3389.082    -3423.783       34.702   322.7
6.3000        -3389.281    -3422.783       33.502   311.5
6.3500        -3389.249    -3422.777       33.528   311.8
6.4000        -3389.385    -3423.854       34.469   320.5
6.4500        -3389.412    -3423.384       33.972   315.9
6.5000        -3389.595    -3423.532       33.937   315.6
6.5500        -3389.643    -3423.727       34.084   316.9
6.6000        -3389.557    -3423.669       34.112   317.2
6.6500        -3389.343    -3423.598       34.255   318.5
6.7000        -3389.437    -3423.552       34.115   317.2
6.7500        -3389.586    -3423.232       33.646   312.9
6.8000        -3389.606    -3423.268       33.661   313.0
6.8500        -3389.618    -3424.394       34.776   323.4
6.9000        -3389.303    -3421.790       32.487   302.1
6.9500        -3389.060    -3423.828       34.768   323.3
7.0000        -3389.219    -3423.854       34.635   322.1
7.0500        -3389.635    -3423.955       34.320   319.1
7.1000        -3389.224    -3422.527       33.303   309.7
7.1500        -3388.893    -3422.233       33.340   310.0
7.2000        -3388.735    -3422.828       34.093   317.0
7.2500        -3388.701    -3422.166       33.464   311.2
7.3000        -3388.607    -3422.464       33.857   314.8
7.3500        -3388.556    -3423.290       34.734   323.0
7.4000        -3388.839    -3423.295       34.456   320.4
7.4500        -3388.614    -3423.517       34.903   324.5
7.5000        -3388.721    -3423.637       34.916   324.7
7.5500        -3388.733    -3423.031       34.298   318.9
7.6000        -3388.644    -3421.894       33.250   309.2
7.6500        -3388.560    -3423.013       34.453   320.4
7.7000        -3388.697    -3422.997       34.300   318.9
7.7500        -3388.588    -3423.062       34.474   320.6
7.8000        -3388.738    -3423.416       34.678   322.5
7.8500        -3388.703    -3422.150       33.448   311.0
7.9000        -3388.778    -3424.126       35.348   328.7
7.9500        -3388.966    -3423.774       34.808   323.7
8.0000        -3389.191    -3422.991       33.800   314.3
8.0500        -3389.390    -3423.856       34.466   320.5
8.1000        -3389.483    -3422.941       33.457   311.1
8.1500        -3389.246    -3423.773       34.527   321.0
8.2000        -3389.501    -3424.594       35.093   326.3
8.2500        -3389.665    -3423.820       34.155   317.6
8.3000        -3389.774    -3424.392       34.618   321.9
8.3500        -3389.944    -3424.426       34.482   320.6
8.4000        -3389.741    -3423.890       34.149   317.5
8.4500        -3389.699    -3423.832       34.132   317.4
8.5000        -3389.563    -3424.828       35.265   327.9
8.5500        -3389.596    -3423.554       33.958   315.8
8.6000        -3389.254    -3423.916       34.662   322.3
8.6500        -3389.479    -3424.612       35.134   326.7
8.7000        -3389.856    -3425.117       35.260   327.9
8.7500        -3389.960    -3425.939       35.978   334.5
8.8000        -3389.885    -3422.642       32.757   304.6
8.8500        -3389.758    -3423.757       33.999   316.1
8.9000        -3389.982    -3424.949       34.967   325.1
8.9500        -3389.842    -3423.755       33.913   315.3
9.0000        -3389.825    -3423.966       34.141   317.5
9.0500        -3389.730    -3424.097       34.367   319.6
9.1000        -3389.787    -3423.019       33.232   309.0
9.1500        -3389.616    -3423.249       33.632   312.7
9.2000        -3389.595    -3423.698       34.103   317.1
9.2500        -3389.057    -3422.289       33.232   309.0
9.3000        -3389.461    -3424.572       35.111   326.5
9.3500        -3389.656    -3423.346       33.690   313.3
9.4000        -3389.420    -3423.182       33.762   313.9
9.4500        -3389.559    -3423.161       33.602   312.5
9.5000        -3389.409    -3422.961       33.552   312.0
9.5500        -3389.029    -3423.045       34.016   316.3
9.6000        -3389.008    -3423.525       34.517   321.0
9.6500        -3388.929    -3423.657       34.728   322.9
9.7000        -3389.146    -3423.219       34.074   316.8
9.7500        -3389.067    -3423.810       34.743   323.1
9.8000        -3389.178    -3422.328       33.150   308.2
9.8500        -3388.961    -3423.346       34.385   319.7
9.9000        -3388.961    -3423.143       34.182   317.8
9.9500        -3389.198    -3423.286       34.088   317.0
10.0000       -3388.990    -3422.604       33.614   312.6
10.0500       -3389.137    -3422.659       33.522   311.7
10.1000       -3388.836    -3421.882       33.046   307.3
10.1500       -3388.760    -3422.900       34.140   317.5
10.2000       -3388.858    -3423.718       34.860   324.1
10.2500       -3388.699    -3422.572       33.873   315.0
10.3000       -3388.806    -3423.798       34.992   325.4
10.3500       -3388.810    -3422.668       33.858   314.8
10.4000       -3388.533    -3422.809       34.276   318.7
10.4500       -3388.746    -3422.534       33.789   314.2
10.5000       -3388.684    -3422.668       33.984   316.0
10.5500       -3389.063    -3423.421       34.357   319.5
10.6000       -3389.317    -3422.801       33.484   311.4
10.6500       -3389.238    -3422.731       33.493   311.4
10.7000       -3389.334    -3423.111       33.777   314.1
10.7500       -3389.100    -3423.130       34.031   316.4
10.8000       -3389.061    -3423.962       34.901   324.5
10.8500       -3389.297    -3423.137       33.840   314.7
10.9000       -3388.956    -3423.131       34.175   317.8
10.9500       -3389.039    -3423.144       34.105   317.1
11.0000       -3388.926    -3423.539       34.613   321.8
11.0500       -3388.995    -3423.430       34.435   320.2
11.1000       -3388.949    -3423.659       34.710   322.8
11.1500       -3388.881    -3423.042       34.161   317.6
11.2000       -3389.022    -3424.474       35.451   329.6
11.2500       -3389.148    -3421.959       32.811   305.1
11.3000       -3388.884    -3423.492       34.609   321.8
11.3500       -3389.037    -3423.210       34.172   317.8
11.4000       -3388.940    -3423.444       34.505   320.8
11.4500       -3389.117    -3424.821       35.704   332.0
11.5000       -3389.108    -3422.739       33.631   312.7
11.5500       -3388.846    -3422.639       33.793   314.2
11.6000       -3388.876    -3423.053       34.177   317.8
11.6500       -3389.071    -3423.385       34.314   319.1
11.7000       -3389.017    -3423.526       34.508   320.9
11.7500       -3388.748    -3422.250       33.501   311.5
11.8000       -3388.506    -3422.792       34.286   318.8
11.8500       -3388.812    -3422.913       34.101   317.1
11.9000       -3388.836    -3423.209       34.373   319.6
11.9500       -3388.721    -3422.197       33.475   311.3
12.0000       -3388.590    -3422.387       33.797   314.3
12.0500       -3388.612    -3422.155       33.542   311.9
12.1000       -3388.363    -3423.231       34.868   324.2
12.1500       -3388.208    -3421.952       33.744   313.8
12.2000       -3388.346    -3422.366       34.021   316.3
12.2500       -3388.586    -3423.247       34.661   322.3
12.3000       -3388.607    -3422.521       33.914   315.3
12.3500       -3388.377    -3423.562       35.185   327.2
12.4000       -3388.607    -3423.144       34.536   321.1
12.4500       -3388.610    -3422.982       34.372   319.6
12.5000       -3388.562    -3422.915       34.352   319.4
12.5500       -3388.438    -3422.042       33.604   312.5
12.6000       -3388.144    -3422.197       34.053   316.6
12.6500       -3388.262    -3422.788       34.526   321.0
12.7000       -3388.281    -3421.908       33.627   312.7
12.7500       -3387.965    -3422.660       34.695   322.6
12.8000       -3388.064    -3423.068       35.004   325.5
12.8500       -3388.105    -3422.070       33.965   315.8
12.9000       -3388.245    -3423.525       35.280   328.1
12.9500       -3388.431    -3422.854       34.423   320.1
13.0000       -3388.381    -3422.013       33.632   312.7
13.0500       -3388.488    -3424.262       35.774   332.6
13.1000       -3389.062    -3423.575       34.513   320.9
13.1500       -3389.335    -3423.592       34.257   318.5
13.2000       -3389.221    -3423.153       33.932   315.5
13.2500       -3388.938    -3422.922       33.984   316.0
13.3000       -3389.022    -3422.694       33.672   313.1
13.3500       -3388.967    -3421.795       32.828   305.2
13.4000       -3388.646    -3423.838       35.192   327.2
13.4500       -3388.794    -3422.828       34.034   316.5
13.5000       -3388.431    -3421.667       33.236   309.0
13.5500       -3388.318    -3423.196       34.878   324.3
13.6000       -3388.144    -3422.782       34.638   322.1
13.6500       -3388.542    -3423.404       34.862   324.2
13.7000       -3388.508    -3423.127       34.619   321.9
13.7500       -3388.410    -3422.878       34.469   320.5
13.8000       -3388.465    -3423.689       35.224   327.5
13.8500       -3388.387    -3422.029       33.642   312.8
13.9000       -3388.343    -3422.972       34.629   322.0
13.9500       -3388.486    -3422.886       34.400   319.9
14.0000       -3388.388    -3423.021       34.633   322.0
14.0500       -3388.587    -3423.231       34.644   322.1
14.1000       -3388.748    -3422.396       33.648   312.9
14.1500       -3388.696    -3422.908       34.213   318.1
14.2000       -3388.594    -3422.567       33.973   315.9
14.2500       -3388.545    -3422.647       34.102   317.1
14.3000       -3389.133    -3425.083       35.950   334.3
14.3500       -3389.178    -3422.237       33.059   307.4
14.4000       -3389.044    -3423.245       34.201   318.0
14.4500       -3389.155    -3424.339       35.184   327.2
14.5000       -3389.379    -3424.296       34.917   324.7
14.5500       -3389.405    -3423.698       34.292   318.9
14.6000       -3389.292    -3423.403       34.111   317.2
14.6500       -3389.409    -3424.097       34.689   322.6
14.7000       -3389.403    -3423.731       34.328   319.2
14.7500       -3389.201    -3423.581       34.380   319.7
14.8000       -3389.288    -3422.937       33.649   312.9
14.8500       -3388.957    -3422.013       33.056   307.4
14.9000       -3388.820    -3422.990       34.169   317.7
14.9500       -3388.641    -3422.281       33.640   312.8
15.0000       -3388.099    -3422.773       34.673   322.4
15.0500       -3388.364    -3423.023       34.659   322.3
15.1000       -3388.927    -3423.330       34.402   319.9
15.1500       -3388.666    -3421.181       32.516   302.3
15.2000       -3388.485    -3423.176       34.691   322.6
15.2500       -3388.644    -3422.239       33.595   312.4
15.3000       -3388.349    -3422.391       34.042   316.5
15.3500       -3388.511    -3423.209       34.698   322.6
15.4000       -3388.610    -3422.858       34.248   318.5
15.4500       -3388.598    -3423.031       34.433   320.2
15.5000       -3388.733    -3422.447       33.714   313.5
15.5500       -3389.131    -3423.875       34.744   323.1
15.6000       -3389.248    -3422.895       33.646   312.9
15.6500       -3389.216    -3423.308       34.093   317.0
15.7000       -3388.972    -3422.122       33.150   308.2
15.7500       -3388.648    -3421.769       33.121   308.0
15.8000       -3388.426    -3422.586       34.160   317.6
15.8500       -3388.531    -3422.665       34.134   317.4
15.9000       -3388.931    -3424.402       35.471   329.8
15.9500       -3389.433    -3424.492       35.059   326.0
16.0000       -3389.475    -3423.534       34.060   316.7
16.0500       -3389.151    -3421.802       32.650   303.6
16.1000       -3389.104    -3423.633       34.529   321.1
16.1500       -3389.051    -3422.099       33.048   307.3
16.2000       -3389.226    -3424.409       35.184   327.2
16.2500       -3389.189    -3422.300       33.111   307.9
16.3000       -3388.887    -3423.246       34.359   319.5
16.3500       -3388.733    -3422.672       33.939   315.6
16.4000       -3388.689    -3422.661       33.972   315.9
16.4500       -3388.554    -3422.268       33.714   313.5
16.5000       -3388.443    -3422.230       33.788   314.2
16.5500       -3388.378    -3421.775       33.397   310.5
16.6000       -3388.378    -3422.740       34.362   319.5
16.6500       -3388.429    -3423.650       35.221   327.5
16.7000       -3388.651    -3423.245       34.594   321.7
16.7500       -3388.747    -3421.976       33.229   309.0
16.8000       -3388.359    -3423.238       34.879   324.3
16.8500       -3388.664    -3423.161       34.497   320.8
16.9000       -3388.996    -3423.899       34.903   324.5
16.9500       -3389.059    -3422.995       33.936   315.6
17.0000       -3389.002    -3423.366       34.364   319.5
17.0500       -3389.221    -3424.048       34.827   323.8
17.1000       -3389.242    -3422.720       33.478   311.3
17.1500       -3389.140    -3423.413       34.273   318.7
17.2000       -3389.006    -3422.740       33.734   313.7
17.2500       -3388.883    -3422.548       33.665   313.0
17.3000       -3388.454    -3422.208       33.755   313.9
17.3500       -3388.091    -3422.296       34.205   318.1
17.4000       -3388.315    -3423.139       34.824   323.8
17.4500       -3388.819    -3424.069       35.250   327.8
17.5000       -3389.074    -3422.557       33.483   311.3
17.5500       -3388.894    -3423.722       34.828   323.9
17.6000       -3389.238    -3422.958       33.719   313.5
17.6500       -3388.993    -3421.735       32.742   304.5
17.7000       -3388.889    -3423.154       34.265   318.6
17.7500       -3388.605    -3421.568       32.963   306.5
17.8000       -3388.057    -3421.601       33.544   311.9
17.8500       -3388.159    -3422.511       34.351   319.4
17.9000       -3388.673    -3423.939       35.266   327.9
17.9500       -3388.816    -3422.709       33.893   315.2
18.0000       -3388.698    -3422.814       34.117   317.2
18.0500       -3388.700    -3423.465       34.765   323.3
18.1000       -3388.596    -3421.842       33.245   309.1
18.1500       -3388.563    -3422.596       34.033   316.5
18.2000       -3388.859    -3423.172       34.313   319.1
18.2500       -3388.882    -3422.643       33.761   313.9
18.3000       -3388.756    -3422.714       33.958   315.8
18.3500       -3388.665    -3422.349       33.684   313.2
18.4000       -3388.422    -3422.601       34.179   317.8
18.4500       -3388.765    -3424.058       35.292   328.2
18.5000       -3388.687    -3422.451       33.764   314.0
18.5500       -3388.330    -3423.216       34.886   324.4
18.6000       -3388.708    -3424.302       35.595   331.0
18.6500       -3388.896    -3422.912       34.016   316.3
18.7000       -3389.207    -3423.375       34.168   317.7
18.7500       -3389.462    -3424.026       34.564   321.4
18.8000       -3389.300    -3423.276       33.975   315.9
18.8500       -3389.145    -3423.771       34.626   322.0
18.9000       -3388.826    -3422.017       33.191   308.6
18.9500       -3388.318    -3422.300       33.982   316.0
19.0000       -3388.199    -3422.592       34.393   319.8
19.0500       -3388.388    -3421.357       32.969   306.6
19.1000       -3388.174    -3422.282       34.108   317.2
19.1500       -3388.296    -3423.401       35.105   326.4
19.2000       -3388.839    -3423.560       34.720   322.8
19.2500       -3388.813    -3422.983       34.170   317.7
19.3000       -3388.592    -3422.911       34.319   319.1
19.3500       -3388.775    -3423.572       34.796   323.6
19.4000       -3388.903    -3424.117       35.214   327.4
19.4500       -3388.792    -3421.929       33.137   308.1
19.5000       -3388.559    -3422.280       33.721   313.6
19.5500       -3388.723    -3423.405       34.681   322.5
19.6000       -3388.808    -3422.927       34.119   317.3
19.6500       -3388.730    -3423.065       34.336   319.3
19.7000       -3388.818    -3423.446       34.628   322.0
19.7500       -3388.692    -3422.888       34.196   318.0
19.8000       -3388.722    -3423.323       34.600   321.7
19.8500       -3388.722    -3423.217       34.495   320.8
19.9000       -3388.684    -3422.394       33.710   313.4
19.9500       -3388.903    -3423.485       34.582   321.6
20.0000       -3388.999    -3423.584       34.585   321.6
20.0500       -3389.064    -3422.669       33.605   312.5
20.1000       -3388.902    -3422.893       33.991   316.1
20.1500       -3388.650    -3421.967       33.317   309.8
20.2000       -3388.806    -3423.037       34.232   318.3
20.2500       -3388.789    -3422.914       34.126   317.3
20.3000       -3388.808    -3423.121       34.313   319.1
20.3500       -3388.541    -3422.055       33.514   311.6
20.4000       -3388.640    -3422.831       34.191   317.9
20.4500       -3388.621    -3422.403       33.782   314.1
20.5000       -3388.694    -3422.956       34.262   318.6
20.5500       -3388.946    -3423.870       34.924   324.7
20.6000       -3389.248    -3423.295       34.047   316.6
20.6500       -3389.158    -3423.030       33.872   315.0
20.7000       -3388.944    -3422.256       33.312   309.7
20.7500       -3389.163    -3424.638       35.475   329.9
20.8000       -3389.218    -3423.206       33.988   316.0
20.8500       -3389.389    -3424.219       34.830   323.9
20.9000       -3389.327    -3423.518       34.190   317.9
20.9500       -3389.487    -3424.628       35.141   326.8
21.0000       -3389.627    -3423.704       34.077   316.9
21.0500       -3389.475    -3423.568       34.092   317.0
21.1000       -3389.421    -3423.066       33.645   312.8
21.1500       -3388.941    -3423.113       34.172   317.7
21.2000       -3388.715    -3422.765       34.050   316.6
21.2500       -3389.188    -3424.491       35.303   328.3
21.3000       -3389.065    -3423.073       34.008   316.2
21.3500       -3389.070    -3422.898       33.828   314.6
21.4000       -3388.961    -3422.235       33.273   309.4
21.4500       -3388.909    -3423.036       34.128   317.3
21.5000       -3388.942    -3423.343       34.401   319.9
21.5500       -3389.126    -3423.920       34.794   323.5
21.6000       -3388.971    -3422.200       33.229   309.0
21.6500       -3388.684    -3422.526       33.842   314.7
21.7000       -3388.545    -3422.341       33.796   314.2
21.7500       -3388.813    -3423.168       34.354   319.4
21.8000       -3388.774    -3422.665       33.892   315.1
21.8500       -3388.798    -3422.923       34.126   317.3
21.9000       -3388.556    -3422.520       33.964   315.8
21.9500       -3388.450    -3422.274       33.824   314.5
22.0000       -3388.550    -3423.456       34.906   324.6
22.0500       -3388.778    -3423.877       35.099   326.4
22.1000       -3389.007    -3424.406       35.399   329.2
22.1500       -3389.070    -3423.170       34.101   317.1
22.2000       -3388.571    -3421.907       33.336   310.0
22.2500       -3388.366    -3422.057       33.692   313.3
22.3000       -3388.196    -3421.404       33.208   308.8
22.3500       -3388.342    -3423.629       35.287   328.1
22.4000       -3388.281    -3421.301       33.020   307.0
22.4500       -3388.580    -3423.583       35.003   325.5
22.5000       -3388.602    -3421.717       33.114   307.9
22.5500       -3388.334    -3421.822       33.488   311.4
22.6000       -3388.377    -3423.311       34.935   324.8
22.6500       -3388.609    -3421.361       32.752   304.5
22.7000       -3388.247    -3421.554       33.307   309.7
22.7500       -3388.168    -3423.135       34.967   325.1
22.8000       -3388.450    -3423.036       34.586   321.6
22.8500       -3388.418    -3423.229       34.811   323.7
22.9000       -3388.725    -3423.640       34.915   324.7
22.9500       -3388.750    -3423.299       34.549   321.3
23.0000       -3388.542    -3422.338       33.796   314.3
23.0500       -3388.772    -3424.075       35.304   328.3
23.1000       -3388.817    -3422.479       33.663   313.0
23.1500       -3388.846    -3423.162       34.315   319.1
23.2000       -3388.998    -3422.888       33.889   315.1
23.2500       -3388.891    -3422.292       33.402   310.6
23.3000       -3388.723    -3422.268       33.544   311.9
23.3500       -3388.413    -3422.359       33.947   315.7
23.4000       -3388.337    -3422.386       34.049   316.6
23.4500       -3388.354    -3422.761       34.407   319.9
23.5000       -3388.511    -3422.256       33.744   313.8
23.5500       -3388.386    -3422.388       34.003   316.2
23.6000       -3388.373    -3423.597       35.224   327.5
23.6500       -3388.691    -3423.497       34.806   323.6
23.7000       -3389.072    -3423.443       34.371   319.6
23.7500       -3389.159    -3424.292       35.134   326.7
23.8000       -3389.236    -3422.883       33.647   312.9
23.8500       -3388.841    -3421.964       33.123   308.0
23.9000       -3388.661    -3423.216       34.555   321.3
23.9500       -3388.665    -3422.815       34.150   317.5
24.0000       -3388.643    -3421.865       33.221   308.9
24.0500       -3388.547    -3423.327       34.780   323.4
24.1000       -3388.641    -3423.478       34.837   323.9
24.1500       -3388.646    -3422.542       33.896   315.2
24.2000       -3388.733    -3422.590       33.857   314.8
24.2500       -3388.582    -3422.201       33.619   312.6
24.3000       -3388.774    -3422.768       33.994   316.1
24.3500       -3388.607    -3422.412       33.806   314.3
24.4000       -3388.327    -3421.920       33.593   312.4
24.4500       -3388.618    -3423.274       34.657   322.3
24.5000       -3388.501    -3422.815       34.314   319.1
24.5500       -3388.342    -3422.797       34.454   320.4
24.6000       -3388.328    -3423.126       34.798   323.6
24.6500       -3388.503    -3422.726       34.222   318.2
24.7000       -3388.124    -3421.179       33.056   307.4
24.7500       -3388.203    -3422.604       34.402   319.9
24.8000       -3388.274    -3422.281       34.007   316.2
24.8500       -3388.352    -3421.944       33.592   312.4
24.9000       -3388.212    -3421.271       33.058   307.4
24.9500       -3388.261    -3423.269       35.008   325.5
25.0000       -3388.364    -3422.509       34.145   317.5
25.0500       -3388.619    -3423.054       34.435   320.2
25.1000       -3389.023    -3423.194       34.171   317.7
25.1500       -3388.899    -3422.251       33.352   310.1
25.2000       -3388.714    -3422.768       34.054   316.7
25.2500       -3388.360    -3422.214       33.855   314.8
25.3000       -3388.327    -3423.146       34.820   323.8
25.3500       -3388.583    -3423.731       35.147   326.8
25.4000       -3388.685    -3423.062       34.377   319.7
25.4500       -3388.575    -3422.806       34.232   318.3
25.5000       -3388.707    -3423.148       34.441   320.2
25.5500       -3388.516    -3422.648       34.131   317.4
25.6000       -3388.179    -3421.906       33.727   313.6
25.6500       -3387.997    -3421.370       33.373   310.3
25.7000       -3388.258    -3423.909       35.651   331.5
25.7500       -3388.432    -3422.457       34.025   316.4
25.8000       -3388.419    -3422.496       34.078   316.9
25.8500       -3388.485    -3422.702       34.217   318.2
25.9000       -3388.296    -3422.119       33.823   314.5
25.9500       -3388.161    -3422.263       34.102   317.1
26.0000       -3388.066    -3421.215       33.149   308.2
26.0500       -3388.003    -3423.996       35.993   334.7
26.1000       -3388.512    -3422.437       33.925   315.5
26.1500       -3388.364    -3421.669       33.305   309.7
26.2000       -3388.170    -3422.527       34.357   319.5
26.2500       -3388.062    -3422.805       34.743   323.1
26.3000       -3388.106    -3422.394       34.288   318.8
26.3500       -3387.612    -3421.201       33.590   312.3
26.4000       -3387.587    -3422.399       34.812   323.7
26.4500       -3387.666    -3422.398       34.733   323.0
26.5000       -3388.036    -3422.290       34.255   318.5
26.5500       -3388.209    -3421.188       32.978   306.6
26.6000       -3387.738    -3420.853       33.115   307.9
26.6500       -3387.485    -3421.809       34.324   319.2
26.7000       -3387.623    -3422.258       34.636   322.1
26.7500       -3387.589    -3420.794       33.206   308.8
26.8000       -3387.321    -3420.954       33.633   312.7
26.8500       -3387.538    -3422.129       34.591   321.6
26.9000       -3387.455    -3421.717       34.261   318.6
26.9500       -3387.503    -3421.358       33.855   314.8
27.0000       -3387.581    -3421.638       34.057   316.7
27.0500       -3388.029    -3423.419       35.390   329.1
27.1000       -3388.388    -3424.140       35.752   332.4
27.1500       -3388.665    -3422.102       33.437   310.9
27.2000       -3388.156    -3420.985       32.828   305.3
27.2500       -3388.094    -3423.652       35.558   330.6
27.3000       -3388.668    -3423.348       34.680   322.5
27.3500       -3388.690    -3422.989       34.298   318.9
27.4000       -3388.715    -3422.693       33.978   315.9
27.4500       -3388.473    -3423.059       34.587   321.6
27.5000       -3388.881    -3424.653       35.772   332.6
27.5500       -3388.845    -3422.601       33.756   313.9
27.6000       -3388.768    -3423.376       34.608   321.8
27.6500       -3388.627    -3423.456       34.828   323.9
27.7000       -3388.506    -3422.220       33.715   313.5
27.7500       -3388.668    -3423.502       34.834   323.9
27.8000       -3388.727    -3423.205       34.478   320.6
27.8500       -3388.831    -3422.831       34.000   316.1
27.9000       -3388.431    -3422.367       33.935   315.5
27.9500       -3388.566    -3422.177       33.611   312.5
28.0000       -3388.519    -3422.419       33.900   315.2
28.0500       -3388.442    -3422.305       33.863   314.9
28.1000       -3388.347    -3422.176       33.829   314.6
28.1500       -3388.458    -3421.932       33.474   311.3
28.2000       -3388.660    -3422.850       34.191   317.9
28.2500       -3388.569    -3422.467       33.898   315.2
28.3000       -3388.755    -3424.223       35.468   329.8
28.3500       -3388.770    -3423.613       34.844   324.0
28.4000       -3389.020    -3423.949       34.930   324.8
28.4500       -3389.209    -3424.168       34.959   325.1
28.5000       -3389.160    -3422.795       33.635   312.8
28.5500       -3389.085    -3423.929       34.845   324.0
28.6000       -3389.247    -3422.983       33.736   313.7
28.6500       -3389.283    -3423.698       34.415   320.0
28.7000       -3389.457    -3423.459       34.003   316.2
28.7500       -3389.159    -3422.946       33.787   314.2
28.8000       -3388.984    -3423.522       34.539   321.2
28.8500       -3389.127    -3422.826       33.698   313.3
28.9000       -3388.820    -3422.092       33.272   309.4
28.9500       -3388.814    -3423.333       34.518   321.0
29.0000       -3388.844    -3424.465       35.621   331.2
29.0500       -3389.159    -3424.094       34.935   324.8
29.1000       -3388.969    -3421.644       32.675   303.8
29.1500       -3388.414    -3421.619       33.205   308.8
29.2000       -3388.216    -3421.767       33.551   312.0
29.2500       -3388.107    -3422.844       34.736   323.0
29.3000       -3388.462    -3423.124       34.663   322.3
29.3500       -3388.610    -3422.414       33.803   314.3
29.4000       -3388.964    -3424.093       35.129   326.7
29.4500       -3389.016    -3423.903       34.887   324.4
29.5000       -3389.055    -3422.877       33.822   314.5
29.5500       -3388.789    -3423.104       34.315   319.1
29.6000       -3388.438    -3422.516       34.078   316.9
29.6500       -3388.302    -3423.003       34.701   322.7
29.7000       -3388.269    -3422.582       34.313   319.1
29.7500       -3388.190    -3423.109       34.919   324.7
29.8000       -3388.388    -3423.144       34.756   323.2
29.8500       -3388.700    -3423.152       34.452   320.4
29.9000       -3388.421    -3423.047       34.627   322.0
29.9500       -3388.466    -3423.650       35.183   327.2
30.0000       -3388.440    -3421.894       33.454   311.1
30.0500       -3388.120    -3422.046       33.926   315.5
30.1000       -3388.067    -3421.789       33.721   313.6
30.1500       -3388.000    -3422.426       34.426   320.1
30.2000       -3388.234    -3423.034       34.801   323.6
30.2500       -3388.378    -3422.099       33.721   313.6
30.3000       -3388.376    -3422.275       33.899   315.2
30.3500       -3388.209    -3422.418       34.210   318.1
30.4000       -3388.170    -3420.954       32.784   304.8
30.4500       -3387.975    -3422.508       34.532   321.1
30.5000       -3388.246    -3422.471       34.225   318.2
30.5500       -3388.338    -3422.192       33.854   314.8
30.6000       -3388.334    -3422.360       34.027   316.4
30.6500       -3388.408    -3422.632       34.224   318.2
30.7000       -3388.306    -3422.626       34.320   319.1
30.7500       -3388.343    -3422.406       34.063   316.7
30.8000       -3388.351    -3422.463       34.113   317.2
30.8500       -3388.530    -3424.013       35.483   329.9
30.9000       -3388.759    -3422.179       33.420   310.8
30.9500       -3388.837    -3423.288       34.452   320.3
31.0000       -3388.801    -3422.740       33.938   315.6
31.0500       -3388.550    -3422.094       33.544   311.9
31.1000       -3388.204    -3422.166       33.962   315.8
31.1500       -3388.310    -3423.229       34.920   324.7
31.2000       -3388.173    -3421.076       32.903   306.0
31.2500       -3388.030    -3423.057       35.027   325.7
31.3000       -3388.399    -3423.219       34.820   323.8
31.3500       -3388.746    -3423.588       34.842   324.0
31.4000       -3388.957    -3424.495       35.538   330.4
31.4500       -3389.076    -3422.552       33.476   311.3
31.5000       -3388.982    -3423.266       34.284   318.8
31.5500       -3389.311    -3423.690       34.379   319.7
31.6000       -3389.142    -3422.614       33.472   311.2
31.6500       -3388.957    -3422.782       33.825   314.5
31.7000       -3388.726    -3423.057       34.332   319.2
31.7500       -3388.762    -3423.063       34.301   318.9
31.8000       -3388.892    -3423.230       34.338   319.3
31.8500       -3388.755    -3422.645       33.890   315.1
31.9000       -3388.512    -3422.656       34.144   317.5
31.9500       -3388.951    -3424.091       35.140   326.7
32.0000       -3389.349    -3424.369       35.020   325.6
32.0500       -3389.355    -3422.619       33.263   309.3
32.1000       -3389.146    -3424.008       34.862   324.2
32.1500       -3389.399    -3424.466       35.066   326.1
32.2000       -3389.432    -3422.730       33.299   309.6
32.2500       -3389.038    -3421.985       32.947   306.4
32.3000       -3388.990    -3422.594       33.604   312.5
32.3500       -3388.832    -3422.840       34.008   316.2
32.4000       -3388.874    -3423.310       34.437   320.2
32.4500       -3388.759    -3423.083       34.324   319.2
32.5000       -3388.554    -3421.490       32.936   306.3
32.5500       -3388.164    -3422.681       34.517   321.0
32.6000       -3388.227    -3422.297       34.070   316.8
32.6500       -3388.367    -3422.789       34.422   320.1
32.7000       -3388.237    -3422.328       34.091   317.0
32.7500       -3388.320    -3422.252       33.932   315.5
32.8000       -3388.028    -3422.108       34.080   316.9
32.8500       -3388.061    -3422.456       34.395   319.8
32.9000       -3388.076    -3421.561       33.485   311.4
32.9500       -3387.840    -3422.313       34.473   320.5
33.0000       -3388.020    -3422.315       34.295   318.9
33.0500       -3388.219    -3422.802       34.583   321.6
33.1000       -3388.302    -3422.229       33.927   315.5
33.1500       -3388.561    -3422.930       34.369   319.6
33.2000       -3388.562    -3422.732       34.169   317.7
33.2500       -3388.357    -3422.680       34.323   319.2
33.3000       -3388.287    -3422.114       33.827   314.5
33.3500       -3388.116    -3422.142       34.026   316.4
33.4000       -3387.999    -3422.467       34.468   320.5
33.4500       -3388.066    -3422.300       34.235   318.3
33.5000       -3387.811    -3421.462       33.652   312.9
33.5500       -3387.922    -3421.825       33.904   315.3
33.6000       -3387.766    -3421.947       34.181   317.8
33.6500       -3387.904    -3421.567       33.663   313.0
33.7000       -3388.148    -3422.976       34.828   323.9
33.7500       -3388.491    -3423.425       34.934   324.8
33.8000       -3388.348    -3422.104       33.756   313.9
33.8500       -3388.187    -3423.048       34.861   324.2
33.9000       -3388.482    -3423.536       35.054   325.9
33.9500       -3388.812    -3423.273       34.461   320.4
34.0000       -3388.731    -3422.916       34.185   317.9
34.0500       -3388.916    -3424.100       35.183   327.2
34.1000       -3389.225    -3424.074       34.849   324.0
34.1500       -3389.343    -3423.986       34.642   322.1
34.2000       -3389.274    -3423.527       34.253   318.5
34.2500       -3389.373    -3422.696       33.324   309.9
34.3000       -3388.971    -3423.621       34.650   322.2
34.3500       -3389.010    -3422.311       33.301   309.6
34.4000       -3388.744    -3421.922       33.178   308.5
34.4500       -3388.600    -3422.949       34.349   319.4
34.5000       -3388.835    -3423.373       34.537   321.1
34.5500       -3388.992    -3423.249       34.257   318.5
34.6000       -3389.037    -3422.783       33.746   313.8
34.6500       -3388.730    -3423.244       34.514   320.9
34.7000       -3389.083    -3423.016       33.932   315.5
34.7500       -3388.859    -3423.362       34.503   320.8
34.8000       -3389.143    -3422.852       33.709   313.4
34.8500       -3388.998    -3422.909       33.911   315.3
34.9000       -3388.719    -3422.122       33.403   310.6
34.9500       -3388.746    -3422.351       33.606   312.5
35.0000       -3388.847    -3422.812       33.965   315.8
35.0500       -3388.819    -3423.059       34.240   318.4
35.1000       -3388.542    -3421.927       33.384   310.4
35.1500       -3388.320    -3423.058       34.738   323.0
35.2000       -3388.512    -3422.998       34.486   320.7
35.2500       -3388.766    -3422.990       34.224   318.2
35.3000       -3388.573    -3422.447       33.874   315.0
35.3500       -3388.476    -3423.102       34.626   322.0
35.4000       -3388.320    -3421.556       33.236   309.0
35.4500       -3388.183    -3422.662       34.479   320.6
35.5000       -3388.418    -3423.863       35.445   329.6
35.5500       -3388.608    -3422.824       34.216   318.2
35.6000       -3388.421    -3422.689       34.267   318.6
35.6500       -3388.371    -3422.612       34.241   318.4
35.7000       -3388.745    -3423.716       34.971   325.2
35.7500       -3388.805    -3423.107       34.302   319.0
35.8000       -3388.648    -3422.419       33.771   314.0
35.8500       -3388.652    -3423.081       34.428   320.1
35.9000       -3388.675    -3423.131       34.456   320.4
35.9500       -3388.777    -3423.548       34.771   323.3
36.0000       -3388.734    -3421.972       33.239   309.1
36.0500       -3388.647    -3422.815       34.168   317.7
36.1000       -3388.312    -3421.015       32.703   304.1
36.1500       -3388.221    -3421.390       33.169   308.4
36.2000       -3388.242    -3421.782       33.540   311.9
36.2500       -3388.120    -3423.578       35.458   329.7
36.3000       -3388.525    -3423.689       35.164   327.0
36.3500       -3388.525    -3421.758       33.233   309.0
36.4000       -3387.904    -3421.154       33.250   309.2
36.4500       -3387.964    -3423.279       35.314   328.4
36.5000       -3388.436    -3422.882       34.446   320.3
36.5500       -3388.528    -3422.784       34.256   318.5
36.6000       -3388.636    -3423.328       34.692   322.6
36.6500       -3388.592    -3423.372       34.780   323.4
36.7000       -3388.831    -3422.431       33.601   312.4
36.7500       -3388.530    -3422.431       33.901   315.2
36.8000       -3388.637    -3424.148       35.512   330.2
36.8500       -3388.758    -3423.524       34.766   323.3
36.9000       -3388.755    -3422.505       33.749   313.8
36.9500       -3388.420    -3421.893       33.473   311.2
37.0000       -3388.618    -3422.833       34.215   318.1
37.0500       -3388.641    -3422.311       33.670   313.1
37.1000       -3388.638    -3422.433       33.795   314.2
37.1500       -3388.638    -3421.815       33.177   308.5
37.2000       -3388.477    -3423.119       34.642   322.1
37.2500       -3388.672    -3423.342       34.670   322.4
37.3000       -3388.680    -3422.389       33.709   313.4
37.3500       -3388.684    -3422.780       34.096   317.0
37.4000       -3388.673    -3422.717       34.044   316.6
37.4500       -3388.541    -3422.836       34.295   318.9
37.5000       -3388.643    -3422.391       33.748   313.8
37.5500       -3389.104    -3424.980       35.875   333.6
37.6000       -3389.343    -3423.744       34.401   319.9
37.6500       -3389.377    -3423.236       33.859   314.8
37.7000       -3389.030    -3422.926       33.896   315.2
37.7500       -3388.732    -3422.899       34.167   317.7
37.8000       -3388.778    -3423.008       34.230   318.3
37.8500       -3389.288    -3424.582       35.294   328.2
37.9000       -3389.236    -3422.743       33.507   311.6
37.9500       -3389.059    -3424.256       35.197   327.3
38.0000       -3388.969    -3423.689       34.721   322.8
38.0500       -3388.840    -3422.928       34.088   317.0
38.1000       -3388.528    -3422.045       33.517   311.7
38.1500       -3388.577    -3423.294       34.716   322.8
38.2000       -3388.733    -3422.399       33.666   313.0
38.2500       -3388.710    -3421.860       33.149   308.2
38.3000       -3388.473    -3422.770       34.298   318.9
38.3500       -3388.515    -3422.476       33.961   315.8
38.4000       -3388.493    -3423.195       34.701   322.7
38.4500       -3388.743    -3423.381       34.637   322.1
38.5000       -3388.432    -3422.807       34.375   319.6
38.5500       -3388.665    -3424.359       35.694   331.9
38.6000       -3389.028    -3423.291       34.263   318.6
38.6500       -3388.906    -3422.090       33.185   308.6
38.7000       -3388.747    -3423.124       34.377   319.7
38.7500       -3388.615    -3422.277       33.662   313.0
38.8000       -3388.647    -3422.458       33.811   314.4
38.8500       -3388.597    -3423.310       34.713   322.8
38.9000       -3388.469    -3422.103       33.634   312.7
38.9500       -3388.644    -3423.543       34.898   324.5
39.0000       -3389.362    -3424.534       35.172   327.0
39.0500       -3389.492    -3423.930       34.438   320.2
39.1000       -3389.414    -3423.270       33.856   314.8
39.1500       -3389.171    -3423.420       34.249   318.5
39.2000       -3388.991    -3423.245       34.255   318.5
39.2500       -3388.881    -3424.122       35.241   327.7
39.3000       -3388.907    -3423.110       34.203   318.0
39.3500       -3389.008    -3423.213       34.205   318.1
39.4000       -3388.847    -3423.237       34.390   319.8
39.4500       -3388.585    -3422.582       33.997   316.1
39.5000       -3388.383    -3422.366       33.983   316.0
39.5500       -3388.527    -3424.179       35.652   331.5
39.6000       -3388.743    -3423.545       34.801   323.6
39.6500       -3388.633    -3422.801       34.169   317.7
39.7000       -3388.531    -3421.659       33.128   308.0
39.7500       -3388.455    -3422.724       34.269   318.6
39.8000       -3388.551    -3422.434       33.883   315.1
39.8500       -3388.246    -3422.695       34.449   320.3
39.9000       -3388.160    -3422.582       34.422   320.1
39.9500       -3388.312    -3422.392       34.081   316.9
40.0000       -3388.182    -3421.849       33.667   313.1
40.0500       -3387.883    -3421.960       34.077   316.9
40.1000       -3387.552    -3420.857       33.305   309.7
40.1500       -3387.547    -3421.593       34.046   316.6
40.2000       -3387.596    -3421.480       33.884   315.1
40.2500       -3387.668    -3423.142       35.474   329.9
40.3000       -3388.216    -3422.835       34.620   321.9
40.3500       -3388.407    -3423.330       34.922   324.7
40.4000       -3388.441    -3421.884       33.443   311.0
40.4500       -3388.291    -3421.589       33.297   309.6
40.5000       -3388.170    -3422.545       34.375   319.6
40.5500       -3388.604    -3424.663       36.059   335.3
40.6000       -3388.845    -3422.858       34.013   316.3
40.6500       -3388.952    -3422.889       33.937   315.6
40.7000       -3388.830    -3422.237       33.407   310.6
40.7500       -3388.637    -3422.269       33.632   312.7
40.8000       -3388.320    -3422.518       34.197   318.0
40.8500       -3388.268    -3422.383       34.115   317.2
40.9000       -3388.344    -3422.539       34.195   318.0
40.9500       -3388.600    -3422.545       33.945   315.6
41.0000       -3388.076    -3422.073       33.997   316.1
41.0500       -3387.914    -3421.932       34.018   316.3
41.1000       -3387.999    -3423.139       35.140   326.8
41.1500       -3388.118    -3422.178       34.060   316.7
41.2000       -3388.143    -3422.257       34.114   317.2
41.2500       -3388.022    -3422.050       34.028   316.4
41.3000       -3388.207    -3422.781       34.574   321.5
41.3500       -3388.143    -3420.881       32.738   304.4
41.4000       -3387.588    -3421.343       33.754   313.9
41.4500       -3387.874    -3422.464       34.590   321.6
41.5000       -3388.240    -3423.336       35.097   326.3
41.5500       -3388.345    -3422.763       34.419   320.0
41.6000       -3388.712    -3423.974       35.262   327.9
41.6500       -3389.016    -3423.200       34.184   317.9
41.7000       -3388.951    -3422.899       33.948   315.7
41.7500       -3388.738    -3423.263       34.525   321.0
41.8000       -3388.991    -3423.861       34.870   324.2
41.8500       -3389.092    -3422.697       33.606   312.5
41.9000       -3388.853    -3421.901       33.048   307.3
41.9500       -3388.822    -3423.047       34.225   318.2
42.0000       -3388.924    -3422.824       33.900   315.2
42.0500       -3389.005    -3423.024       34.019   316.3
42.1000       -3389.081    -3423.412       34.331   319.2
42.1500       -3389.173    -3423.506       34.333   319.2
42.2000       -3389.183    -3422.779       33.596   312.4
42.2500       -3388.740    -3422.017       33.277   309.4
42.3000       -3388.673    -3422.884       34.211   318.1
42.3500       -3388.467    -3421.544       33.077   307.6
42.4000       -3388.004    -3422.099       34.095   317.0
42.4500       -3388.289    -3423.847       35.558   330.6
42.5000       -3388.398    -3422.618       34.220   318.2
42.5500       -3388.145    -3422.367       34.222   318.2
42.6000       -3387.931    -3422.273       34.342   319.3
42.6500       -3388.285    -3423.275       34.990   325.4
42.7000       -3388.181    -3422.509       34.328   319.2
42.7500       -3388.156    -3422.222       34.066   316.8
42.8000       -3388.022    -3422.165       34.142   317.5
42.8500       -3388.323    -3422.651       34.328   319.2
42.9000       -3388.414    -3422.410       33.996   316.1
42.9500       -3388.612    -3423.353       34.741   323.0
43.0000       -3388.763    -3423.005       34.242   318.4
43.0500       -3388.700    -3422.184       33.484   311.4
43.1000       -3388.531    -3422.366       33.834   314.6
43.1500       -3388.765    -3423.734       34.969   325.2
43.2000       -3388.747    -3423.176       34.428   320.1
43.2500       -3388.630    -3421.469       32.839   305.4
43.3000       -3388.412    -3422.506       34.095   317.0
43.3500       -3388.204    -3422.450       34.245   318.4
43.4000       -3388.301    -3422.010       33.709   313.4
43.4500       -3388.480    -3422.658       34.178   317.8
43.5000       -3388.317    -3422.845       34.529   321.1
43.5500       -3388.278    -3423.037       34.759   323.2
43.6000       -3388.290    -3422.171       33.882   315.0
43.6500       -3388.163    -3420.991       32.828   305.3
43.7000       -3388.213    -3422.833       34.621   321.9
43.7500       -3388.460    -3422.370       33.911   315.3
43.8000       -3388.425    -3423.197       34.772   323.3
43.8500       -3388.566    -3422.867       34.302   319.0
43.9000       -3388.613    -3421.806       33.193   308.6
43.9500       -3388.184    -3421.865       33.681   313.2
44.0000       -3388.195    -3421.522       33.327   309.9
44.0500       -3388.393    -3422.716       34.323   319.2
44.1000       -3388.421    -3423.780       35.359   328.8
44.1500       -3388.626    -3423.423       34.797   323.6
44.2000       -3388.674    -3423.132       34.459   320.4
44.2500       -3388.636    -3422.633       33.997   316.1
44.3000       -3388.174    -3422.107       33.932   315.5
44.3500       -3388.520    -3423.874       35.354   328.7
44.4000       -3388.944    -3423.221       34.277   318.7
44.4500       -3388.790    -3422.287       33.498   311.5
44.5000       -3388.610    -3422.567       33.957   315.7
44.5500       -3388.665    -3422.409       33.744   313.8
44.6000       -3388.394    -3422.472       34.078   316.9
44.6500       -3388.490    -3421.723       33.233   309.0
44.7000       -3387.968    -3420.711       32.743   304.5
44.7500       -3387.956    -3422.402       34.446   320.3
44.8000       -3387.918    -3421.247       33.329   309.9
44.8500       -3388.119    -3422.666       34.547   321.2
44.9000       -3388.509    -3422.160       33.651   312.9
44.9500       -3388.805    -3424.040       35.234   327.6
45.0000       -3388.944    -3423.121       34.178   317.8
45.0500       -3389.075    -3423.036       33.961   315.8
45.1000       -3389.001    -3422.586       33.585   312.3
45.1500       -3388.558    -3423.084       34.526   321.0
45.2000       -3388.764    -3424.027       35.264   327.9
45.2500       -3389.201    -3422.867       33.667   313.0
45.3000       -3389.110    -3423.994       34.884   324.4
45.3500       -3389.390    -3423.861       34.471   320.5
45.4000       -3389.507    -3424.420       34.913   324.6
45.4500       -3389.449    -3423.065       33.616   312.6
45.5000       -3389.346    -3422.827       33.481   311.3
45.5500       -3389.280    -3423.008       33.727   313.6
45.6000       -3389.027    -3422.272       33.244   309.1
45.6500       -3388.861    -3423.494       34.633   322.0
45.7000       -3388.906    -3423.495       34.590   321.6
45.7500       -3389.173    -3424.043       34.870   324.2
45.8000       -3389.042    -3422.588       33.546   311.9
45.8500       -3389.039    -3422.984       33.945   315.6
45.9000       -3389.001    -3423.558       34.557   321.3
45.9500       -3389.024    -3423.349       34.325   319.2
46.0000       -3389.156    -3423.387       34.231   318.3
46.0500       -3389.270    -3422.444       33.174   308.5
46.1000       -3389.037    -3423.278       34.241   318.4
46.1500       -3389.213    -3423.632       34.420   320.1
46.2000       -3389.196    -3424.306       35.110   326.5
46.2500       -3389.306    -3423.325       34.020   316.3
46.3000       -3388.729    -3422.132       33.403   310.6
46.3500       -3388.538    -3421.573       33.035   307.2
46.4000       -3388.428    -3422.859       34.431   320.2
46.4500       -3388.127    -3422.712       34.585   321.6
46.5000       -3388.481    -3423.399       34.918   324.7
46.5500       -3388.446    -3422.394       33.948   315.7
46.6000       -3388.468    -3422.138       33.670   313.1
46.6500       -3388.594    -3422.904       34.310   319.0
46.7000       -3388.699    -3423.166       34.467   320.5
46.7500       -3388.663    -3423.292       34.629   322.0
46.8000       -3388.769    -3423.349       34.580   321.5
46.8500       -3388.970    -3423.318       34.349   319.4
46.9000       -3388.922    -3423.106       34.185   317.9
46.9500       -3388.961    -3423.043       34.082   316.9
47.0000       -3388.871    -3423.000       34.129   317.4
47.0500       -3388.835    -3422.295       33.459   311.1
47.1000       -3388.490    -3421.974       33.484   311.4
47.1500       -3388.320    -3422.303       33.983   316.0
47.2000       -3388.441    -3421.473       33.032   307.1
47.2500       -3388.303    -3422.077       33.774   314.0
47.3000       -3388.338    -3422.059       33.722   313.6
47.3500       -3388.337    -3423.982       35.646   331.5
47.4000       -3388.657    -3423.240       34.583   321.6
47.4500       -3388.745    -3423.153       34.408   319.9
47.5000       -3388.718    -3422.348       33.630   312.7
47.5500       -3388.392    -3421.881       33.488   311.4
47.6000       -3388.502    -3423.804       35.303   328.3
47.6500       -3388.489    -3421.865       33.376   310.3
47.7000       -3388.482    -3423.185       34.704   322.7
47.7500       -3388.256    -3421.658       33.402   310.6
47.8000       -3388.260    -3423.220       34.960   325.1
47.8500       -3388.210    -3422.498       34.288   318.8
47.9000       -3388.456    -3423.565       35.109   326.5
47.9500       -3388.518    -3423.475       34.957   325.0
48.0000       -3388.558    -3422.963       34.405   319.9
48.0500       -3388.378    -3422.621       34.243   318.4
48.1000       -3388.656    -3423.401       34.745   323.1
48.1500       -3388.861    -3422.754       33.893   315.2
48.2000       -3388.776    -3423.005       34.230   318.3
48.2500       -3388.874    -3423.191       34.317   319.1
48.3000       -3388.619    -3421.826       33.208   308.8
48.3500       -3388.800    -3423.995       35.195   327.3
48.4000       -3388.642    -3422.428       33.786   314.2
48.4500       -3388.928    -3423.972       35.044   325.9
48.5000       -3388.739    -3422.407       33.669   313.1
48.5500       -3388.433    -3422.924       34.491   320.7
48.6000       -3388.617    -3422.258       33.641   312.8
48.6500       -3388.360    -3421.383       33.022   307.1
48.7000       -3388.251    -3423.153       34.902   324.5
48.7500       -3388.800    -3423.911       35.111   326.5
48.8000       -3389.168    -3423.012       33.844   314.7
48.8500       -3389.428    -3423.954       34.526   321.0
48.9000       -3389.287    -3423.946       34.659   322.3
48.9500       -3389.243    -3423.688       34.445   320.3
49.0000       -3389.523    -3423.942       34.419   320.0
49.0500       -3389.429    -3423.125       33.697   313.3
49.1000       -3389.318    -3423.688       34.370   319.6
49.1500       -3389.479    -3423.467       33.987   316.0
49.2000       -3389.432    -3423.859       34.428   320.1
49.2500       -3389.351    -3424.166       34.815   323.7
49.3000       -3389.532    -3423.939       34.408   319.9
49.3500       -3389.378    -3422.984       33.606   312.5
49.4000       -3389.215    -3422.365       33.151   308.3
49.4500       -3388.850    -3422.501       33.651   312.9
49.5000       -3388.726    -3423.291       34.565   321.4
49.5500       -3388.835    -3423.822       34.986   325.3
49.6000       -3388.758    -3423.710       34.951   325.0
49.6500       -3388.807    -3423.548       34.742   323.0
49.7000       -3388.784    -3423.291       34.507   320.9
49.7500       -3389.199    -3422.726       33.527   311.8
49.8000       -3389.226    -3423.902       34.676   322.4
49.8500       -3389.249    -3423.465       34.216   318.2
49.9000       -3389.158    -3421.626       32.468   301.9
49.9500       -3388.848    -3422.414       33.566   312.1
50.0000       -3388.742    -3421.719       32.976   306.6
