Time[ps]      Etot[eV]     Epot[eV]     Ekin[eV]    T[K]
0.0000        -3410.501    -3410.501        0.000     0.0
0.0500        -3405.856    -3445.445       39.589   368.1
0.1000        -3402.697    -3439.018       36.321   337.7
0.1500        -3400.256    -3432.971       32.715   304.2
0.2000        -3399.218    -3434.424       35.206   327.4
0.2500        -3396.908    -3435.559       38.651   359.4
0.3000        -3396.204    -3426.261       30.057   279.5
0.3500        -3395.805    -3427.568       31.764   295.4
0.4000        -3395.020    -3436.815       41.795   388.6
0.4500        -3392.264    -3434.606       42.342   393.7
0.5000        -3392.365    -3434.301       41.935   389.9
0.5500        -3394.673    -3434.915       40.242   374.2
0.6000        -3392.110    -3425.879       33.770   314.0
0.6500        -3393.570    -3429.770       36.200   336.6
0.7000        -3393.089    -3430.399       37.310   346.9
0.7500        -3390.488    -3424.529       34.041   316.5
0.8000        -3392.051    -3425.179       33.128   308.0
0.8500        -3392.519    -3427.220       34.702   322.7
0.9000        -3392.804    -3428.406       35.602   331.0
0.9500        -3391.575    -3429.275       37.701   350.6
1.0000        -3390.745    -3430.072       39.328   365.7
1.0500        -3389.139    -3428.557       39.419   366.5
1.1000        -3390.596    -3427.815       37.220   346.1
1.1500        -3390.499    -3419.315       28.816   267.9
1.2000        -3388.932    -3429.646       40.714   378.6
1.2500        -3390.515    -3432.650       42.134   391.8
1.3000        -3390.865    -3422.474       31.609   293.9
1.3500        -3389.798    -3426.931       37.133   345.3
1.4000        -3389.774    -3425.082       35.308   328.3
1.4500        -3391.515    -3435.183       43.668   406.0
1.5000        -3391.502    -3430.569       39.067   363.3
1.5500        -3390.353    -3422.914       32.561   302.8
1.6000        -3390.510    -3422.971       32.462   301.8
1.6500        -3391.341    -3434.132       42.791   397.9
1.7000        -3391.748    -3438.682       46.934   436.4
1.7500        -3392.215    -3418.589       26.374   245.2
1.8000        -3389.183    -3416.930       27.747   258.0
1.8500        -3389.229    -3425.660       36.431   338.7
1.9000        -3391.100    -3428.453       37.353   347.3
1.9500        -3390.827    -3427.604       36.777   342.0
2.0000        -3390.602    -3428.262       37.660   350.2
2.0500        -3389.876    -3424.521       34.644   322.1
2.1000        -3389.558    -3423.884       34.326   319.2
2.1500        -3388.990    -3423.279       34.289   318.8
2.2000        -3388.985    -3425.711       36.727   341.5
2.2500        -3388.286    -3425.562       37.276   346.6
2.3000        -3388.439    -3422.923       34.484   320.7
2.3500        -3387.872    -3423.568       35.696   331.9
2.4000        -3388.439    -3425.964       37.525   348.9
2.4500        -3388.329    -3424.759       36.430   338.7
2.5000        -3387.748    -3422.087       34.340   319.3
2.5500        -3387.354    -3422.933       35.579   330.8
2.6000        -3387.324    -3423.111       35.787   332.8
2.6500        -3387.419    -3424.277       36.858   342.7
2.7000        -3387.132    -3422.706       35.573   330.8
2.7500        -3387.154    -3423.328       36.174   336.4
2.8000        -3387.004    -3422.508       35.504   330.1
2.8500        -3387.169    -3423.064       35.895   333.8
2.9000        -3387.029    -3423.950       36.920   343.3
2.9500        -3387.076    -3422.946       35.870   333.5
3.0000        -3386.924    -3422.751       35.827   333.1
3.0500        -3387.068    -3422.438       35.370   328.9
3.1000        -3386.980    -3422.979       35.999   334.7
3.1500        -3386.809    -3422.835       36.026   335.0
3.2000        -3386.725    -3423.868       37.143   345.4
3.2500        -3386.884    -3424.039       37.155   345.5
3.3000        -3387.166    -3423.796       36.630   340.6
3.3500        -3386.811    -3422.132       35.321   328.4
3.4000        -3386.649    -3422.110       35.461   329.7
3.4500        -3386.542    -3422.444       35.902   333.8
3.5000        -3386.351    -3421.479       35.129   326.6
3.5500        -3386.480    -3420.793       34.313   319.1
3.6000        -3386.016    -3422.055       36.039   335.1
3.6500        -3386.122    -3422.359       36.236   336.9
3.7000        -3386.038    -3422.250       36.211   336.7
3.7500        -3385.991    -3421.071       35.080   326.2
3.8000        -3386.051    -3422.725       36.675   341.0
3.8500        -3385.984    -3422.302       36.318   337.7
3.9000        -3385.985    -3422.446       36.461   339.0
3.9500        -3385.874    -3420.860       34.986   325.3
4.0000        -3385.512    -3421.354       35.842   333.3
4.0500        -3385.132    -3421.466       36.334   337.9
4.1000        -3385.210    -3421.649       36.439   338.8
4.1500        -3385.427    -3422.319       36.891   343.0
4.2000        -3385.505    -3421.597       36.092   335.6
4.2500        -3385.642    -3422.288       36.646   340.7
4.3000        -3385.736    -3420.594       34.858   324.1
4.3500        -3385.243    -3422.358       37.115   345.1
4.4000        -3385.421    -3421.755       36.334   337.8
4.4500        -3385.255    -3421.489       36.234   336.9
4.5000        -3385.203    -3422.288       37.084   344.8
4.5500        -3385.073    -3421.799       36.726   341.5
4.6000        -3385.240    -3422.430       37.190   345.8
4.6500        -3385.453    -3420.998       35.544   330.5
4.7000        -3385.085    -3421.250       36.164   336.3
4.7500        -3384.991    -3421.115       36.124   335.9
4.8000        -3384.696    -3421.135       36.439   338.8
4.8500        -3384.858    -3421.466       36.607   340.4
4.9000        -3384.812    -3421.440       36.629   340.6
4.9500        -3384.898    -3421.300       36.403   338.5
5.0000        -3384.917    -3422.248       37.331   347.1
5.0500        -3385.203    -3422.200       36.996   344.0
5.1000        -3385.268    -3421.945       36.677   341.0
5.1500        -3385.325    -3420.551       35.226   327.6
5.2000        -3385.259    -3421.398       36.139   336.0
5.2500        -3385.100    -3421.505       36.404   338.5
5.3000        -3385.400    -3421.427       36.027   335.0
5.3500        -3385.305    -3421.605       36.300   337.5
5.4000        -3385.177    -3420.562       35.386   329.0
5.4500        -3384.894    -3422.003       37.110   345.1
5.5000        -3385.298    -3422.010       36.711   341.4
5.5500        -3385.067    -3421.616       36.549   339.8
5.6000        -3385.385    -3420.437       35.052   325.9
5.6500        -3385.297    -3421.767       36.469   339.1
5.7000        -3385.174    -3421.354       36.179   336.4
5.7500        -3385.132    -3422.050       36.918   343.3
5.8000        -3385.138    -3420.868       35.730   332.2
5.8500        -3385.147    -3421.089       35.942   334.2
5.9000        -3385.167    -3422.330       37.162   345.6
5.9500        -3385.153    -3421.296       36.143   336.1
6.0000        -3384.996    -3420.083       35.088   326.3
6.0500        -3384.899    -3421.161       36.262   337.2
6.1000        -3384.726    -3421.544       36.818   342.4
6.1500        -3385.055    -3422.880       37.826   351.7
6.2000        -3385.305    -3421.557       36.252   337.1
6.2500        -3385.386    -3422.821       37.436   348.1
6.3000        -3385.832    -3422.406       36.574   340.1
6.3500        -3385.742    -3421.411       35.670   331.7
6.4000        -3385.631    -3422.575       36.944   343.5
6.4500        -3385.766    -3422.899       37.133   345.3
6.5000        -3385.609    -3421.528       35.920   334.0
6.5500        -3385.667    -3422.239       36.573   340.1
6.6000        -3385.539    -3421.295       35.756   332.5
6.6500        -3385.565    -3420.579       35.015   325.6
6.7000        -3385.097    -3421.013       35.916   334.0
6.7500        -3384.796    -3420.896       36.099   335.7
6.8000        -3384.681    -3420.600       35.919   334.0
6.8500        -3384.700    -3421.525       36.825   342.4
6.9000        -3385.078    -3421.941       36.863   342.8
6.9500        -3385.346    -3421.977       36.630   340.6
7.0000        -3385.448    -3422.036       36.588   340.2
7.0500        -3384.918    -3419.803       34.885   324.4
7.1000        -3384.818    -3420.353       35.535   330.4
7.1500        -3384.699    -3421.327       36.628   340.6
7.2000        -3384.539    -3419.992       35.452   329.7
7.2500        -3384.658    -3421.286       36.628   340.6
7.3000        -3384.724    -3419.828       35.104   326.4
7.3500        -3384.289    -3420.369       36.080   335.5
7.4000        -3384.178    -3420.063       35.885   333.7
7.4500        -3384.491    -3421.786       37.295   346.8
7.5000        -3384.796    -3421.636       36.841   342.6
7.5500        -3384.666    -3420.588       35.922   334.0
7.6000        -3384.748    -3421.862       37.114   345.1
7.6500        -3385.016    -3421.130       36.114   335.8
7.7000        -3385.293    -3421.541       36.248   337.0
7.7500        -3385.561    -3421.830       36.269   337.3
7.8000        -3385.001    -3419.617       34.616   321.9
7.8500        -3384.810    -3421.856       37.046   344.5
7.9000        -3384.687    -3420.062       35.375   328.9
7.9500        -3384.601    -3421.135       36.534   339.7
8.0000        -3384.515    -3421.983       37.468   348.4
8.0500        -3384.790    -3420.774       35.984   334.6
8.1000        -3384.387    -3419.610       35.222   327.5
8.1500        -3384.454    -3420.000       35.546   330.5
8.2000        -3384.497    -3421.423       36.926   343.4
8.2500        -3384.237    -3420.779       36.542   339.8
8.3000        -3384.516    -3420.205       35.690   331.9
8.3500        -3384.213    -3420.643       36.430   338.7
8.4000        -3384.433    -3420.360       35.927   334.1
8.4500        -3384.520    -3420.106       35.587   330.9
8.5000        -3384.425    -3419.780       35.355   328.8
8.5500        -3384.180    -3420.264       36.084   335.5
8.6000        -3384.325    -3420.822       36.497   339.4
8.6500        -3384.262    -3421.129       36.867   342.8
8.7000        -3384.331    -3420.590       36.260   337.2
8.7500        -3384.476    -3421.331       36.855   342.7
8.8000        -3384.872    -3421.513       36.641   340.7
8.8500        -3384.828    -3420.197       35.369   328.9
8.9000        -3384.632    -3421.080       36.448   338.9
8.9500        -3384.523    -3420.979       36.455   339.0
9.0000        -3384.663    -3421.290       36.627   340.6
9.0500        -3384.785    -3421.872       37.087   344.9
9.1000        -3384.916    -3422.366       37.450   348.2
9.1500        -3384.847    -3420.199       35.352   328.7
9.2000        -3384.719    -3422.751       38.032   353.6
9.2500        -3385.081    -3422.687       37.606   349.7
9.3000        -3385.040    -3421.497       36.457   339.0
9.3500        -3384.926    -3421.512       36.586   340.2
9.4000        -3384.830    -3421.479       36.649   340.8
9.4500        -3384.692    -3420.705       36.013   334.9
9.5000        -3384.502    -3420.721       36.219   336.8
9.5500        -3384.486    -3421.266       36.779   342.0
9.6000        -3384.530    -3420.318       35.788   332.8
9.6500        -3384.829    -3421.203       36.374   338.2
9.7000        -3384.653    -3420.933       36.280   337.3
9.7500        -3384.723    -3422.132       37.409   347.9
9.8000        -3384.941    -3421.651       36.710   341.3
9.8500        -3384.847    -3421.256       36.409   338.5
9.9000        -3384.986    -3421.872       36.887   343.0
9.9500        -3385.100    -3421.979       36.879   342.9
10.0000       -3385.268    -3422.098       36.830   342.5
10.0500       -3384.989    -3420.145       35.156   326.9
10.1000       -3384.707    -3419.805       35.097   326.4
10.1500       -3384.550    -3420.766       36.216   336.8
10.2000       -3384.537    -3420.945       36.407   338.5
10.2500       -3384.080    -3418.953       34.873   324.3
10.3000       -3383.867    -3419.615       35.748   332.4
10.3500       -3384.038    -3421.440       37.402   347.8
10.4000       -3384.457    -3421.729       37.272   346.6
10.4500       -3384.259    -3420.123       35.863   333.5
10.5000       -3384.590    -3421.384       36.794   342.1
10.5500       -3384.946    -3422.095       37.150   345.4
10.6000       -3384.733    -3419.566       34.833   323.9
10.6500       -3384.372    -3420.457       36.084   335.5
10.7000       -3384.330    -3420.047       35.717   332.1
10.7500       -3384.191    -3420.855       36.664   340.9
10.8000       -3384.177    -3420.576       36.399   338.5
10.8500       -3384.320    -3420.925       36.605   340.4
10.9000       -3384.315    -3420.532       36.217   336.8
10.9500       -3384.243    -3420.958       36.715   341.4
11.0000       -3384.280    -3421.419       37.139   345.3
11.0500       -3384.234    -3420.327       36.093   335.6
11.1000       -3384.051    -3419.170       35.120   326.6
11.1500       -3384.057    -3420.463       36.406   338.5
11.2000       -3383.902    -3418.525       34.623   321.9
11.2500       -3383.707    -3421.715       38.008   353.4
11.3000       -3383.932    -3419.323       35.391   329.1
11.3500       -3383.692    -3418.450       34.759   323.2
11.4000       -3383.649    -3420.369       36.720   341.4
11.4500       -3384.093    -3420.667       36.573   340.1
11.5000       -3383.907    -3420.480       36.573   340.1
11.5500       -3384.135    -3420.425       36.290   337.4
11.6000       -3383.887    -3420.205       36.318   337.7
11.6500       -3383.725    -3421.037       37.313   347.0
11.7000       -3383.687    -3419.978       36.291   337.5
11.7500       -3383.390    -3418.864       35.474   329.9
11.8000       -3383.174    -3420.460       37.286   346.7
11.8500       -3383.364    -3419.966       36.602   340.3
11.9000       -3383.263    -3418.677       35.414   329.3
11.9500       -3383.105    -3419.184       36.079   335.5
12.0000       -3382.959    -3419.787       36.828   342.4
12.0500       -3383.243    -3419.127       35.884   333.7
12.1000       -3383.266    -3420.016       36.750   341.7
12.1500       -3383.293    -3419.801       36.508   339.5
12.2000       -3383.535    -3419.106       35.571   330.8
12.2500       -3383.672    -3421.344       37.673   350.3
12.3000       -3384.181    -3420.026       35.845   333.3
12.3500       -3383.908    -3419.216       35.308   328.3
12.4000       -3383.773    -3420.423       36.650   340.8
12.4500       -3383.748    -3420.536       36.788   342.1
12.5000       -3383.784    -3419.916       36.132   336.0
12.5500       -3383.549    -3419.539       35.990   334.7
12.6000       -3383.081    -3418.606       35.525   330.3
12.6500       -3382.921    -3420.546       37.625   349.9
12.7000       -3383.488    -3420.280       36.793   342.1
12.7500       -3383.473    -3418.777       35.304   328.3
12.8000       -3383.742    -3421.178       37.436   348.1
12.8500       -3383.964    -3420.091       36.127   335.9
12.9000       -3383.791    -3419.788       35.997   334.7
12.9500       -3383.784    -3420.781       36.997   344.0
13.0000       -3383.822    -3420.003       36.181   336.4
13.0500       -3383.585    -3418.787       35.202   327.3
13.1000       -3383.568    -3418.882       35.314   328.4
13.1500       -3383.502    -3420.388       36.885   343.0
13.2000       -3383.783    -3419.977       36.194   336.5
13.2500       -3383.811    -3419.248       35.437   329.5
13.3000       -3383.352    -3419.644       36.292   337.5
13.3500       -3383.465    -3420.608       37.144   345.4
13.4000       -3383.836    -3420.712       36.876   342.9
13.4500       -3383.992    -3421.739       37.747   351.0
13.5000       -3384.089    -3419.518       35.429   329.4
13.5500       -3383.879    -3420.921       37.042   344.4
13.6000       -3383.774    -3419.548       35.774   332.6
13.6500       -3383.766    -3419.983       36.217   336.8
13.7000       -3383.734    -3420.434       36.699   341.2
13.7500       -3383.781    -3420.772       36.992   344.0
13.8000       -3383.941    -3420.436       36.495   339.4
13.8500       -3383.833    -3419.037       35.204   327.3
13.9000       -3383.350    -3419.692       36.342   337.9
13.9500       -3383.461    -3419.238       35.777   332.7
14.0000       -3383.238    -3419.881       36.643   340.7
14.0500       -3383.246    -3419.081       35.836   333.2
14.1000       -3383.362    -3421.419       38.057   353.9
14.1500       -3383.604    -3419.655       36.051   335.2
14.2000       -3383.749    -3421.208       37.459   348.3
14.2500       -3383.909    -3420.254       36.346   338.0
14.3000       -3384.043    -3419.478       35.435   329.5
14.3500       -3383.870    -3420.014       36.144   336.1
14.4000       -3383.989    -3420.956       36.966   343.7
14.4500       -3384.319    -3421.352       37.033   344.4
14.5000       -3384.363    -3421.103       36.740   341.6
14.5500       -3384.634    -3420.595       35.961   334.4
14.6000       -3384.296    -3420.215       35.919   334.0
14.6500       -3383.898    -3419.696       35.798   332.9
14.7000       -3383.887    -3420.469       36.582   340.2
14.7500       -3383.773    -3420.231       36.458   339.0
14.8000       -3383.917    -3421.017       37.100   345.0
14.8500       -3383.842    -3419.842       35.999   334.7
14.9000       -3383.885    -3420.987       37.102   345.0
14.9500       -3383.550    -3418.787       35.237   327.7
15.0000       -3383.223    -3418.881       35.658   331.6
15.0500       -3383.401    -3420.431       37.030   344.3
15.1000       -3383.525    -3419.166       35.641   331.4
15.1500       -3383.385    -3419.908       36.523   339.6
15.2000       -3383.880    -3420.028       36.148   336.1
15.2500       -3383.721    -3420.220       36.499   339.4
15.3000       -3383.767    -3420.878       37.111   345.1
15.3500       -3384.170    -3420.597       36.426   338.7
15.4000       -3383.977    -3419.279       35.302   328.3
15.4500       -3383.913    -3421.044       37.131   345.3
15.5000       -3383.904    -3419.827       35.923   334.0
15.5500       -3383.841    -3419.999       36.158   336.2
15.6000       -3383.511    -3418.948       35.437   329.5
15.6500       -3383.615    -3420.540       36.925   343.3
15.7000       -3384.029    -3420.666       36.637   340.7
15.7500       -3384.263    -3421.052       36.790   342.1
15.8000       -3384.393    -3422.315       37.922   352.6
15.8500       -3384.311    -3419.630       35.319   328.4
15.9000       -3384.447    -3421.864       37.416   347.9
15.9500       -3384.942    -3421.811       36.869   342.8
16.0000       -3384.708    -3421.198       36.490   339.3
16.0500       -3384.631    -3421.368       36.737   341.6
16.1000       -3384.716    -3421.734       37.018   344.2
16.1500       -3384.710    -3420.445       35.734   332.3
16.2000       -3384.374    -3420.537       36.163   336.3
16.2500       -3384.207    -3420.740       36.534   339.7
16.3000       -3384.464    -3421.778       37.314   347.0
16.3500       -3384.711    -3422.093       37.382   347.6
16.4000       -3384.553    -3421.133       36.580   340.1
16.4500       -3384.826    -3422.182       37.357   347.4
16.5000       -3384.876    -3421.285       36.409   338.5
16.5500       -3384.705    -3420.680       35.974   334.5
16.6000       -3384.655    -3420.354       35.699   332.0
16.6500       -3384.534    -3420.740       36.206   336.7
16.7000       -3384.279    -3419.729       35.450   329.6
16.7500       -3384.698    -3422.381       37.683   350.4
16.8000       -3384.657    -3419.424       34.767   323.3
16.8500       -3384.522    -3421.347       36.825   342.4
16.9000       -3384.719    -3420.975       36.257   337.1
16.9500       -3384.433    -3420.551       36.118   335.8
17.0000       -3383.941    -3419.203       35.262   327.9
17.0500       -3384.264    -3420.623       36.358   338.1
17.1000       -3384.142    -3419.560       35.418   329.3
17.1500       -3384.141    -3420.716       36.575   340.1
17.2000       -3384.023    -3420.144       36.121   335.9
17.2500       -3383.951    -3420.388       36.437   338.8
17.3000       -3384.056    -3420.483       36.427   338.7
17.3500       -3383.909    -3420.135       36.227   336.9
17.4000       -3383.886    -3420.312       36.426   338.7
17.4500       -3383.861    -3421.052       37.191   345.8
17.5000       -3384.189    -3420.225       36.036   335.1
17.5500       -3383.661    -3419.418       35.757   332.5
17.6000       -3383.823    -3419.720       35.897   333.8
17.6500       -3383.558    -3419.169       35.611   331.1
17.7000       -3383.532    -3419.474       35.942   334.2
17.7500       -3383.261    -3418.583       35.322   328.4
17.8000       -3383.340    -3419.808       36.467   339.1
17.8500       -3383.503    -3419.718       36.215   336.7
17.9000       -3383.833    -3420.849       37.017   344.2
17.9500       -3384.114    -3421.626       37.512   348.8
18.0000       -3384.367    -3421.253       36.886   343.0
18.0500       -3384.549    -3421.828       37.279   346.6
18.1000       -3384.647    -3421.000       36.353   338.0
18.1500       -3384.686    -3419.955       35.269   327.9
18.2000       -3384.189    -3419.449       35.260   327.9
18.2500       -3384.144    -3420.902       36.758   341.8
18.3000       -3384.603    -3421.165       36.561   340.0
18.3500       -3384.543    -3420.612       36.069   335.4
18.4000       -3384.511    -3420.291       35.780   332.7
18.4500       -3384.250    -3420.965       36.715   341.4
18.5000       -3384.192    -3420.662       36.470   339.1
18.5500       -3384.272    -3420.437       36.166   336.3
18.6000       -3384.291    -3420.916       36.625   340.6
18.6500       -3384.659    -3420.682       36.023   335.0
18.7000       -3384.671    -3421.089       36.419   338.6
18.7500       -3384.811    -3421.009       36.198   336.6
18.8000       -3384.687    -3420.446       35.759   332.5
18.8500       -3384.256    -3419.153       34.897   324.5
18.9000       -3383.866    -3419.482       35.616   331.2
18.9500       -3383.787    -3420.290       36.503   339.4
19.0000       -3383.463    -3418.722       35.258   327.9
19.0500       -3383.296    -3420.123       36.827   342.4
19.1000       -3383.433    -3420.517       37.084   344.8
19.1500       -3383.818    -3420.879       37.060   344.6
19.2000       -3384.338    -3421.124       36.786   342.1
19.2500       -3384.386    -3420.971       36.585   340.2
19.3000       -3384.372    -3420.636       36.264   337.2
19.3500       -3384.429    -3419.792       35.363   328.8
19.4000       -3383.734    -3419.112       35.378   329.0
19.4500       -3383.764    -3420.351       36.586   340.2
19.5000       -3383.865    -3420.374       36.508   339.5
19.5500       -3383.747    -3420.572       36.826   342.4
19.6000       -3383.967    -3420.623       36.655   340.8
19.6500       -3384.020    -3420.507       36.487   339.3
19.7000       -3384.045    -3421.551       37.505   348.7
19.7500       -3384.220    -3421.760       37.540   349.1
19.8000       -3384.352    -3420.008       35.656   331.5
19.8500       -3384.251    -3420.882       36.630   340.6
19.9000       -3384.190    -3419.732       35.542   330.5
19.9500       -3384.305    -3422.005       37.700   350.6
20.0000       -3384.383    -3420.062       35.679   331.8
20.0500       -3384.189    -3420.108       35.919   334.0
20.1000       -3384.118    -3420.537       36.419   338.6
20.1500       -3383.747    -3419.918       36.171   336.3
20.2000       -3383.801    -3420.038       36.237   336.9
20.2500       -3383.724    -3419.456       35.732   332.3
20.3000       -3383.928    -3420.692       36.764   341.9
20.3500       -3384.263    -3421.045       36.782   342.0
20.4000       -3383.800    -3418.635       34.835   323.9
20.4500       -3383.466    -3419.243       35.777   332.7
20.5000       -3383.619    -3420.746       37.127   345.2
20.5500       -3384.003    -3420.820       36.817   342.3
20.6000       -3384.228    -3421.150       36.922   343.3
20.6500       -3384.586    -3421.315       36.729   341.5
20.7000       -3385.006    -3422.640       37.634   349.9
20.7500       -3384.850    -3420.436       35.586   330.9
20.8000       -3384.804    -3422.269       37.465   348.4
20.8500       -3384.863    -3420.593       35.730   332.2
20.9000       -3384.598    -3420.739       36.141   336.1
20.9500       -3384.974    -3422.531       37.557   349.2
21.0000       -3385.282    -3422.703       37.421   348.0
21.0500       -3385.481    -3422.326       36.845   342.6
21.1000       -3385.714    -3422.458       36.745   341.7
21.1500       -3385.578    -3421.460       35.882   333.7
21.2000       -3385.118    -3419.958       34.840   324.0
21.2500       -3384.710    -3419.650       34.939   324.9
21.3000       -3384.068    -3419.997       35.928   334.1
21.3500       -3384.190    -3421.168       36.978   343.8
21.4000       -3384.407    -3421.978       37.571   349.4
21.4500       -3384.626    -3421.481       36.855   342.7
21.5000       -3384.587    -3420.811       36.224   336.8
21.5500       -3384.874    -3422.286       37.412   347.9
21.6000       -3384.973    -3421.202       36.229   336.9
21.6500       -3385.013    -3420.733       35.720   332.1
21.7000       -3384.886    -3420.636       35.751   332.4
21.7500       -3384.607    -3419.757       35.151   326.8
21.8000       -3384.160    -3419.824       35.663   331.6
21.8500       -3384.151    -3420.022       35.871   333.5
21.9000       -3384.184    -3421.038       36.853   342.7
21.9500       -3384.279    -3420.954       36.675   341.0
22.0000       -3384.909    -3422.377       37.468   348.4
22.0500       -3384.912    -3421.121       36.209   336.7
22.1000       -3384.879    -3421.020       36.141   336.1
22.1500       -3384.841    -3420.841       36.000   334.7
22.2000       -3384.569    -3420.732       36.163   336.3
22.2500       -3384.619    -3420.975       36.356   338.1
22.3000       -3384.583    -3420.018       35.434   329.5
22.3500       -3384.497    -3420.563       36.066   335.4
22.4000       -3384.602    -3421.401       36.799   342.2
22.4500       -3384.768    -3421.373       36.605   340.4
22.5000       -3384.860    -3422.130       37.270   346.6
22.5500       -3384.950    -3421.076       36.126   335.9
22.6000       -3384.981    -3419.449       34.468   320.5
22.6500       -3384.425    -3420.703       36.278   337.3
22.7000       -3384.605    -3421.109       36.504   339.4
22.7500       -3384.529    -3420.809       36.280   337.4
22.8000       -3384.585    -3420.429       35.845   333.3
22.8500       -3384.424    -3420.241       35.817   333.0
22.9000       -3384.122    -3419.437       35.315   328.4
22.9500       -3383.673    -3420.191       36.518   339.6
23.0000       -3383.214    -3418.599       35.385   329.0
23.0500       -3383.332    -3420.087       36.755   341.8
23.1000       -3383.585    -3420.367       36.782   342.0
23.1500       -3383.844    -3419.825       35.980   334.6
23.2000       -3383.707    -3420.277       36.570   340.0
23.2500       -3383.799    -3419.779       35.980   334.6
23.3000       -3383.897    -3421.099       37.203   345.9
23.3500       -3383.663    -3419.583       35.921   334.0
23.4000       -3383.674    -3420.282       36.608   340.4
23.4500       -3383.863    -3419.565       35.703   332.0
23.5000       -3383.894    -3420.332       36.438   338.8
23.5500       -3383.843    -3419.793       35.950   334.3
23.6000       -3383.618    -3420.296       36.677   341.0
23.6500       -3383.743    -3421.320       37.577   349.4
23.7000       -3383.850    -3420.168       36.317   337.7
23.7500       -3383.798    -3420.876       37.078   344.8
23.8000       -3383.628    -3419.846       36.218   336.8
23.8500       -3383.775    -3421.070       37.295   346.8
23.9000       -3383.954    -3420.494       36.540   339.8
23.9500       -3384.248    -3420.345       36.097   335.6
24.0000       -3383.724    -3419.217       35.493   330.0
24.0500       -3383.902    -3421.141       37.239   346.3
24.1000       -3383.842    -3420.298       36.456   339.0
24.1500       -3383.691    -3419.657       35.966   334.4
24.2000       -3383.791    -3420.265       36.474   339.1
24.2500       -3383.653    -3419.615       35.962   334.4
24.3000       -3383.356    -3419.842       36.486   339.3
24.3500       -3383.793    -3419.538       35.745   332.4
24.4000       -3383.775    -3420.067       36.291   337.5
24.4500       -3383.541    -3420.081       36.540   339.8
24.5000       -3383.633    -3419.361       35.727   332.2
24.5500       -3383.603    -3420.324       36.721   341.4
24.6000       -3383.764    -3420.825       37.061   344.6
24.6500       -3384.180    -3421.341       37.161   345.5
24.7000       -3384.321    -3420.277       35.956   334.3
24.7500       -3384.128    -3421.040       36.912   343.2
24.8000       -3384.442    -3420.706       36.264   337.2
24.8500       -3384.790    -3422.363       37.572   349.4
24.9000       -3384.771    -3421.761       36.990   344.0
24.9500       -3385.205    -3421.979       36.775   341.9
25.0000       -3385.360    -3420.881       35.521   330.3
25.0500       -3385.041    -3420.035       34.994   325.4
25.1000       -3384.799    -3421.301       36.502   339.4
25.1500       -3384.550    -3420.460       35.909   333.9
25.2000       -3384.208    -3420.229       36.021   334.9
25.2500       -3384.398    -3421.873       37.475   348.5
25.3000       -3384.754    -3421.914       37.160   345.5
25.3500       -3385.131    -3422.737       37.606   349.7
25.4000       -3385.303    -3422.337       37.034   344.4
25.4500       -3385.264    -3421.600       36.336   337.9
25.5000       -3384.824    -3420.175       35.351   328.7
25.5500       -3384.710    -3420.490       35.780   332.7
25.6000       -3384.587    -3420.243       35.657   331.6
25.6500       -3384.549    -3420.723       36.173   336.4
25.7000       -3384.595    -3420.504       35.909   333.9
25.7500       -3384.460    -3421.088       36.628   340.6
25.8000       -3384.547    -3421.187       36.640   340.7
25.8500       -3384.179    -3420.176       35.996   334.7
25.9000       -3384.283    -3420.213       35.930   334.1
25.9500       -3384.163    -3420.073       35.910   333.9
26.0000       -3384.406    -3421.549       37.144   345.4
26.0500       -3384.279    -3419.382       35.103   326.4
26.1000       -3384.108    -3420.270       36.162   336.3
26.1500       -3383.951    -3421.067       37.116   345.1
26.2000       -3383.925    -3421.599       37.674   350.3
26.2500       -3384.072    -3420.529       36.456   339.0
26.3000       -3383.989    -3420.251       36.262   337.2
26.3500       -3384.458    -3422.176       37.718   350.7
26.4000       -3384.833    -3422.556       37.723   350.8
26.4500       -3384.757    -3420.568       35.811   333.0
26.5000       -3384.467    -3420.580       36.113   335.8
26.5500       -3384.285    -3420.404       36.119   335.9
26.6000       -3384.364    -3421.441       37.077   344.8
26.6500       -3384.675    -3422.810       38.135   354.6
26.7000       -3384.531    -3420.903       36.372   338.2
26.7500       -3384.366    -3420.525       36.159   336.2
26.8000       -3384.129    -3419.240       35.111   326.5
26.8500       -3383.981    -3420.815       36.834   342.5
26.9000       -3384.153    -3421.111       36.958   343.7
26.9500       -3384.049    -3420.692       36.643   340.7
27.0000       -3384.036    -3421.124       37.088   344.9
27.0500       -3384.207    -3420.053       35.845   333.3
27.1000       -3384.326    -3420.195       35.869   333.5
27.1500       -3384.136    -3420.815       36.679   341.1
27.2000       -3384.271    -3421.298       37.028   344.3
27.2500       -3384.390    -3420.740       36.351   338.0
27.3000       -3384.376    -3421.487       37.111   345.1
27.3500       -3384.281    -3421.110       36.829   342.5
27.4000       -3384.336    -3420.627       36.291   337.4
27.4500       -3384.451    -3419.990       35.539   330.5
27.5000       -3384.019    -3419.014       34.995   325.4
27.5500       -3383.915    -3419.552       35.638   331.4
27.6000       -3383.781    -3420.600       36.819   342.4
27.6500       -3383.874    -3419.991       36.117   335.8
27.7000       -3383.800    -3421.124       37.323   347.1
27.7500       -3384.279    -3421.086       36.807   342.3
27.8000       -3384.125    -3420.250       36.125   335.9
27.8500       -3384.172    -3420.409       36.238   337.0
27.9000       -3384.444    -3421.189       36.745   341.7
27.9500       -3384.487    -3420.538       36.050   335.2
28.0000       -3384.663    -3421.229       36.566   340.0
28.0500       -3384.645    -3421.833       37.189   345.8
28.1000       -3384.982    -3421.374       36.393   338.4
28.1500       -3384.900    -3421.603       36.703   341.3
28.2000       -3384.954    -3421.428       36.475   339.2
28.2500       -3384.979    -3421.559       36.580   340.1
28.3000       -3385.037    -3421.604       36.567   340.0
28.3500       -3384.768    -3420.123       35.355   328.7
28.4000       -3384.506    -3420.175       35.669   331.7
28.4500       -3384.330    -3420.371       36.041   335.1
28.5000       -3384.438    -3420.380       35.943   334.2
28.5500       -3384.704    -3421.733       37.029   344.3
28.6000       -3384.785    -3421.134       36.348   338.0
28.6500       -3384.798    -3420.907       36.109   335.8
28.7000       -3384.726    -3421.911       37.185   345.8
28.7500       -3384.770    -3420.579       35.809   333.0
28.8000       -3384.653    -3422.255       37.602   349.6
28.8500       -3384.770    -3421.531       36.761   341.8
28.9000       -3384.967    -3421.192       36.225   336.8
28.9500       -3384.990    -3421.010       36.020   334.9
29.0000       -3385.062    -3421.178       36.116   335.8
29.0500       -3385.324    -3422.121       36.796   342.1
29.1000       -3385.210    -3421.094       35.884   333.7
29.1500       -3385.044    -3419.986       34.942   324.9
29.2000       -3384.527    -3421.605       37.078   344.8
29.2500       -3384.508    -3420.921       36.413   338.6
29.3000       -3384.290    -3420.988       36.698   341.2
29.3500       -3384.452    -3420.754       36.302   337.6
29.4000       -3384.536    -3421.235       36.699   341.2
29.4500       -3384.435    -3420.674       36.239   337.0
29.5000       -3384.609    -3421.392       36.783   342.0
29.5500       -3384.496    -3421.124       36.628   340.6
29.6000       -3384.492    -3420.139       35.648   331.5
29.6500       -3384.444    -3420.360       35.916   334.0
29.7000       -3384.609    -3421.440       36.831   342.5
29.7500       -3384.759    -3421.981       37.223   346.1
29.8000       -3385.074    -3421.667       36.594   340.3
29.8500       -3384.882    -3420.099       35.217   327.5
29.9000       -3384.847    -3421.133       36.286   337.4
29.9500       -3384.566    -3420.027       35.461   329.7
30.0000       -3384.442    -3420.403       35.961   334.4
30.0500       -3384.312    -3421.063       36.751   341.7
30.1000       -3384.167    -3420.015       35.848   333.3
30.1500       -3384.038    -3419.745       35.707   332.0
30.2000       -3383.988    -3420.536       36.548   339.8
30.2500       -3384.129    -3420.256       36.126   335.9
30.3000       -3383.874    -3419.646       35.772   332.6
30.3500       -3383.665    -3419.539       35.874   333.6
30.4000       -3383.666    -3419.876       36.210   336.7
30.4500       -3383.899    -3420.777       36.878   342.9
30.5000       -3384.220    -3420.833       36.613   340.4
30.5500       -3384.138    -3420.922       36.784   342.0
30.6000       -3384.442    -3420.716       36.274   337.3
30.6500       -3384.439    -3420.030       35.591   330.9
30.7000       -3384.259    -3421.471       37.212   346.0
30.7500       -3384.587    -3420.517       35.930   334.1
30.8000       -3384.005    -3419.347       35.342   328.6
30.8500       -3383.766    -3419.796       36.030   335.0
30.9000       -3383.781    -3419.884       36.104   335.7
30.9500       -3383.746    -3420.031       36.285   337.4
31.0000       -3383.857    -3420.404       36.547   339.8
31.0500       -3383.805    -3421.329       37.524   348.9
31.1000       -3384.101    -3421.659       37.558   349.2
31.1500       -3384.601    -3421.175       36.574   340.1
31.2000       -3384.483    -3419.251       34.768   323.3
31.2500       -3384.136    -3419.454       35.318   328.4
31.3000       -3383.730    -3418.924       35.194   327.3
31.3500       -3383.637    -3419.723       36.085   335.5
31.4000       -3383.721    -3420.444       36.723   341.5
31.4500       -3383.835    -3420.654       36.819   342.4
31.5000       -3384.097    -3420.510       36.413   338.6
31.5500       -3384.000    -3419.977       35.976   334.5
31.6000       -3384.220    -3420.726       36.506   339.4
31.6500       -3384.478    -3421.177       36.700   341.3
31.7000       -3384.326    -3420.613       36.286   337.4
31.7500       -3384.179    -3420.546       36.367   338.2
31.8000       -3384.150    -3421.308       37.157   345.5
31.8500       -3384.336    -3421.238       36.902   343.1
31.9000       -3384.454    -3421.467       37.013   344.2
31.9500       -3384.359    -3420.720       36.362   338.1
32.0000       -3384.348    -3420.005       35.656   331.6
32.0500       -3384.563    -3421.273       36.710   341.3
32.1000       -3384.634    -3421.016       36.382   338.3
32.1500       -3384.425    -3419.990       35.564   330.7
32.2000       -3383.874    -3419.944       36.070   335.4
32.2500       -3383.695    -3419.900       36.205   336.7
32.3000       -3383.740    -3419.589       35.850   333.3
32.3500       -3383.918    -3421.553       37.635   350.0
32.4000       -3384.002    -3420.311       36.309   337.6
32.4500       -3383.685    -3420.083       36.398   338.4
32.5000       -3383.445    -3420.407       36.963   343.7
32.5500       -3383.507    -3420.622       37.115   345.1
32.6000       -3383.717    -3420.327       36.610   340.4
32.6500       -3383.778    -3419.631       35.853   333.4
32.7000       -3383.376    -3419.486       36.110   335.8
32.7500       -3383.635    -3419.419       35.784   332.7
32.8000       -3383.722    -3420.076       36.353   338.0
32.8500       -3384.207    -3422.606       38.400   357.1
32.9000       -3384.431    -3420.294       35.862   333.5
32.9500       -3384.197    -3418.941       34.744   323.1
33.0000       -3383.557    -3418.661       35.103   326.4
33.0500       -3383.788    -3420.858       37.070   344.7
33.1000       -3384.109    -3420.347       36.238   337.0
33.1500       -3383.982    -3420.405       36.422   338.7
33.2000       -3384.006    -3420.278       36.272   337.3
33.2500       -3383.945    -3421.017       37.072   344.7
33.3000       -3384.178    -3420.894       36.715   341.4
33.3500       -3384.315    -3421.078       36.763   341.8
33.4000       -3384.083    -3420.249       36.166   336.3
33.4500       -3383.978    -3419.424       35.445   329.6
33.5000       -3383.618    -3418.624       35.006   325.5
33.5500       -3383.429    -3419.814       36.385   338.3
33.6000       -3383.337    -3420.263       36.927   343.4
33.6500       -3383.085    -3419.139       36.054   335.2
33.7000       -3383.420    -3420.507       37.087   344.9
33.7500       -3383.542    -3420.099       36.557   339.9
33.8000       -3383.914    -3420.990       37.076   344.8
33.8500       -3383.936    -3420.096       36.160   336.2
33.9000       -3384.047    -3419.891       35.844   333.3
33.9500       -3383.863    -3419.784       35.922   334.0
34.0000       -3383.737    -3420.330       36.593   340.3
34.0500       -3383.798    -3420.226       36.428   338.7
34.1000       -3383.735    -3420.098       36.363   338.1
34.1500       -3384.237    -3421.096       36.858   342.7
34.2000       -3384.028    -3420.679       36.651   340.8
34.2500       -3384.254    -3421.613       37.358   347.4
34.3000       -3384.105    -3419.674       35.569   330.7
34.3500       -3383.405    -3419.438       36.033   335.1
34.4000       -3383.527    -3419.691       36.165   336.3
34.4500       -3383.373    -3419.593       36.220   336.8
34.5000       -3383.717    -3420.167       36.450   338.9
34.5500       -3383.673    -3419.668       35.995   334.7
34.6000       -3383.441    -3420.008       36.567   340.0
34.6500       -3383.656    -3420.676       37.019   344.2
34.7000       -3383.553    -3419.587       36.035   335.1
34.7500       -3383.444    -3420.340       36.895   343.1
34.8000       -3383.495    -3419.124       35.629   331.3
34.8500       -3383.497    -3421.094       37.597   349.6
34.9000       -3383.775    -3420.434       36.658   340.9
34.9500       -3383.786    -3419.428       35.642   331.4
35.0000       -3383.393    -3419.443       36.050   335.2
35.0500       -3383.288    -3420.472       37.184   345.8
35.1000       -3383.454    -3420.414       36.960   343.7
35.1500       -3383.598    -3420.134       36.536   339.7
35.2000       -3383.631    -3420.905       37.274   346.6
35.2500       -3384.111    -3420.489       36.378   338.3
35.3000       -3384.077    -3419.614       35.537   330.4
35.3500       -3383.844    -3419.381       35.537   330.4
35.4000       -3383.698    -3419.323       35.625   331.3
35.4500       -3383.543    -3419.665       36.122   335.9
35.5000       -3383.720    -3420.850       37.129   345.2
35.5500       -3383.908    -3421.210       37.302   346.9
35.6000       -3384.109    -3421.259       37.150   345.4
35.6500       -3384.209    -3420.890       36.681   341.1
35.7000       -3384.591    -3421.624       37.033   344.3
35.7500       -3384.971    -3422.321       37.350   347.3
35.8000       -3385.027    -3420.208       35.182   327.1
35.8500       -3384.619    -3420.852       36.232   336.9
35.9000       -3384.487    -3421.406       36.919   343.3
35.9500       -3384.554    -3421.269       36.715   341.4
36.0000       -3384.695    -3420.854       36.159   336.2
36.0500       -3384.830    -3421.698       36.868   342.8
36.1000       -3384.722    -3421.115       36.394   338.4
36.1500       -3384.915    -3422.542       37.627   349.9
36.2000       -3385.140    -3421.507       36.368   338.2
36.2500       -3384.901    -3420.993       36.092   335.6
36.3000       -3385.028    -3421.743       36.715   341.4
36.3500       -3384.765    -3421.149       36.384   338.3
36.4000       -3384.644    -3420.695       36.051   335.2
36.4500       -3384.330    -3420.392       36.063   335.3
36.5000       -3384.370    -3420.681       36.311   337.6
36.5500       -3384.466    -3421.005       36.539   339.8
36.6000       -3384.409    -3421.126       36.717   341.4
36.6500       -3384.486    -3421.024       36.539   339.8
36.7000       -3384.512    -3420.806       36.294   337.5
36.7500       -3384.631    -3421.139       36.508   339.5
36.8000       -3384.407    -3420.981       36.575   340.1
36.8500       -3384.317    -3420.631       36.314   337.7
36.9000       -3384.161    -3420.364       36.202   336.6
36.9500       -3384.232    -3421.512       37.280   346.6
37.0000       -3384.057    -3419.767       35.709   332.0
37.0500       -3383.867    -3419.534       35.667   331.7
37.1000       -3383.708    -3420.434       36.727   341.5
37.1500       -3383.969    -3421.425       37.456   348.3
37.2000       -3384.186    -3420.424       36.238   337.0
37.2500       -3384.195    -3420.620       36.425   338.7
37.3000       -3383.909    -3419.887       35.978   334.5
37.3500       -3383.884    -3419.887       36.003   334.8
37.4000       -3384.131    -3421.380       37.249   346.4
37.4500       -3384.286    -3421.582       37.295   346.8
37.5000       -3384.312    -3421.033       36.721   341.4
37.5500       -3384.130    -3420.540       36.409   338.6
37.6000       -3384.120    -3422.328       38.207   355.3
37.6500       -3384.440    -3420.864       36.424   338.7
37.7000       -3384.386    -3420.939       36.553   339.9
37.7500       -3384.029    -3420.274       36.245   337.0
37.8000       -3384.181    -3420.732       36.551   339.9
37.8500       -3384.175    -3420.421       36.246   337.0
37.9000       -3384.336    -3420.369       36.032   335.0
37.9500       -3384.348    -3420.686       36.338   337.9
38.0000       -3384.273    -3420.773       36.500   339.4
38.0500       -3384.488    -3421.894       37.406   347.8
38.1000       -3384.969    -3421.901       36.932   343.4
38.1500       -3384.525    -3420.181       35.656   331.5
38.2000       -3384.396    -3420.509       36.112   335.8
38.2500       -3384.340    -3420.717       36.377   338.3
38.3000       -3384.424    -3421.584       37.160   345.5
38.3500       -3384.517    -3421.120       36.603   340.3
38.4000       -3384.627    -3420.765       36.138   336.0
38.4500       -3384.586    -3420.537       35.951   334.3
38.5000       -3384.594    -3421.310       36.716   341.4
38.5500       -3384.906    -3422.880       37.975   353.1
38.6000       -3384.842    -3420.507       35.665   331.6
38.6500       -3384.515    -3420.725       36.210   336.7
38.7000       -3384.502    -3421.294       36.792   342.1
38.7500       -3384.660    -3421.591       36.931   343.4
38.8000       -3384.320    -3420.062       35.743   332.4
38.8500       -3384.085    -3420.589       36.504   339.4
38.9000       -3384.307    -3421.674       37.367   347.5
38.9500       -3384.159    -3420.698       36.539   339.8
39.0000       -3384.610    -3422.630       38.021   353.5
39.0500       -3384.856    -3420.671       35.815   333.0
39.1000       -3384.679    -3420.292       35.613   331.1
39.1500       -3384.459    -3419.717       35.257   327.8
39.2000       -3384.680    -3422.460       37.779   351.3
39.2500       -3384.753    -3421.026       36.273   337.3
39.3000       -3384.551    -3421.155       36.604   340.4
39.3500       -3384.765    -3421.869       37.104   345.0
39.4000       -3384.939    -3421.601       36.662   340.9
39.4500       -3384.981    -3420.977       35.996   334.7
39.5000       -3384.704    -3420.777       36.073   335.4
39.5500       -3384.583    -3421.380       36.797   342.2
39.6000       -3384.420    -3420.605       36.185   336.5
39.6500       -3384.429    -3420.691       36.262   337.2
39.7000       -3384.211    -3420.577       36.367   338.2
39.7500       -3384.429    -3421.248       36.819   342.4
39.8000       -3384.383    -3420.225       35.842   333.3
39.8500       -3384.201    -3420.450       36.249   337.1
39.9000       -3384.221    -3420.031       35.809   333.0
39.9500       -3384.079    -3420.765       36.686   341.1
40.0000       -3383.932    -3420.914       36.982   343.9
40.0500       -3384.167    -3421.140       36.972   343.8
40.1000       -3384.052    -3420.652       36.600   340.3
40.1500       -3384.091    -3420.273       36.182   336.4
40.2000       -3383.898    -3418.636       34.738   323.0
40.2500       -3383.870    -3419.483       35.613   331.1
40.3000       -3384.085    -3420.563       36.478   339.2
40.3500       -3384.382    -3421.542       37.159   345.5
40.4000       -3384.289    -3419.217       34.928   324.8
40.4500       -3384.267    -3419.970       35.703   332.0
40.5000       -3384.305    -3421.576       37.271   346.6
40.5500       -3384.172    -3420.114       35.942   334.2
40.6000       -3383.740    -3420.163       36.424   338.7
40.6500       -3383.861    -3420.390       36.529   339.7
40.7000       -3384.161    -3420.660       36.499   339.4
40.7500       -3384.327    -3420.828       36.501   339.4
40.8000       -3384.288    -3421.024       36.736   341.6
40.8500       -3384.843    -3421.544       36.702   341.3
40.9000       -3385.032    -3421.165       36.133   336.0
40.9500       -3384.888    -3420.584       35.697   331.9
41.0000       -3384.727    -3420.686       35.959   334.4
41.0500       -3384.429    -3421.372       36.943   343.5
41.1000       -3384.437    -3420.501       36.065   335.3
41.1500       -3384.656    -3421.274       36.618   340.5
41.2000       -3384.689    -3421.154       36.466   339.1
41.2500       -3384.849    -3421.282       36.433   338.8
41.3000       -3384.772    -3420.483       35.711   332.1
41.3500       -3384.479    -3420.421       35.943   334.2
41.4000       -3384.467    -3420.806       36.339   337.9
41.4500       -3384.556    -3421.579       37.023   344.3
41.5000       -3384.759    -3422.301       37.542   349.1
41.5500       -3384.714    -3420.631       35.918   334.0
41.6000       -3384.608    -3420.699       36.090   335.6
41.6500       -3384.511    -3420.146       35.635   331.3
41.7000       -3384.100    -3420.414       36.314   337.7
41.7500       -3384.374    -3421.229       36.855   342.7
41.8000       -3384.538    -3419.985       35.448   329.6
41.8500       -3383.890    -3419.975       36.085   335.5
41.9000       -3383.705    -3420.201       36.496   339.4
41.9500       -3383.851    -3420.163       36.313   337.7
42.0000       -3384.004    -3419.271       35.267   327.9
42.0500       -3383.265    -3419.510       36.245   337.0
42.1000       -3383.223    -3420.196       36.973   343.8
42.1500       -3383.195    -3419.569       36.374   338.2
42.2000       -3383.054    -3418.893       35.839   333.2
42.2500       -3383.051    -3420.578       37.527   348.9
42.3000       -3383.456    -3420.029       36.573   340.1
42.3500       -3383.439    -3420.039       36.600   340.3
42.4000       -3383.442    -3420.939       37.497   348.7
42.4500       -3383.801    -3420.248       36.446   338.9
42.5000       -3383.740    -3419.860       36.120   335.9
42.5500       -3383.848    -3420.769       36.921   343.3
42.6000       -3383.798    -3419.163       35.365   328.8
42.6500       -3384.122    -3420.918       36.796   342.1
42.7000       -3384.282    -3419.758       35.476   329.9
42.7500       -3384.235    -3420.854       36.619   340.5
42.8000       -3384.005    -3419.990       35.985   334.6
42.8500       -3383.712    -3418.016       34.304   319.0
42.9000       -3383.239    -3420.332       37.092   344.9
42.9500       -3383.808    -3421.442       37.635   349.9
43.0000       -3384.115    -3420.249       36.134   336.0
43.0500       -3383.845    -3420.168       36.324   337.8
43.1000       -3383.767    -3420.424       36.656   340.8
43.1500       -3383.561    -3419.809       36.249   337.1
43.2000       -3383.670    -3421.565       37.895   352.4
43.2500       -3383.800    -3420.082       36.282   337.4
43.3000       -3383.584    -3419.212       35.629   331.3
43.3500       -3383.378    -3418.474       35.096   326.3
43.4000       -3383.095    -3419.048       35.953   334.3
43.4500       -3383.308    -3419.861       36.553   339.9
43.5000       -3383.488    -3419.739       36.251   337.1
43.5500       -3383.173    -3418.493       35.320   328.4
43.6000       -3383.232    -3419.930       36.698   341.2
43.6500       -3383.626    -3419.788       36.162   336.2
43.7000       -3383.511    -3420.091       36.581   340.1
43.7500       -3383.564    -3420.931       37.367   347.5
43.8000       -3383.686    -3419.804       36.119   335.9
43.8500       -3384.192    -3421.399       37.206   346.0
43.9000       -3384.267    -3420.177       35.910   333.9
43.9500       -3383.848    -3419.154       35.306   328.3
44.0000       -3383.396    -3418.738       35.342   328.6
44.0500       -3383.095    -3419.053       35.958   334.4
44.1000       -3382.830    -3419.202       36.372   338.2
44.1500       -3383.187    -3419.606       36.420   338.6
44.2000       -3383.221    -3420.595       37.374   347.5
44.2500       -3383.430    -3420.655       37.225   346.1
44.3000       -3383.588    -3420.286       36.698   341.2
44.3500       -3383.645    -3420.288       36.642   340.7
44.4000       -3383.768    -3420.410       36.643   340.7
44.4500       -3383.619    -3419.415       35.795   332.8
44.5000       -3383.282    -3418.927       35.645   331.4
44.5500       -3383.082    -3418.774       35.692   331.9
44.6000       -3382.796    -3418.432       35.636   331.4
44.6500       -3383.167    -3420.237       37.070   344.7
44.7000       -3383.546    -3419.556       36.010   334.8
44.7500       -3383.900    -3421.964       38.065   353.9
44.8000       -3383.861    -3419.811       35.950   334.3
44.8500       -3384.094    -3420.619       36.525   339.6
44.9000       -3384.270    -3420.361       36.091   335.6
44.9500       -3384.068    -3419.186       35.118   326.5
45.0000       -3383.723    -3420.401       36.678   341.0
45.0500       -3383.968    -3420.690       36.722   341.5
45.1000       -3384.121    -3420.535       36.414   338.6
45.1500       -3383.739    -3418.436       34.697   322.6
45.2000       -3383.484    -3418.850       35.366   328.9
45.2500       -3383.521    -3419.738       36.217   336.8
45.3000       -3383.591    -3419.784       36.193   336.5
45.3500       -3383.529    -3418.814       35.285   328.1
45.4000       -3383.643    -3420.727       37.084   344.8
45.4500       -3383.896    -3421.010       37.114   345.1
45.5000       -3383.963    -3419.670       35.707   332.0
45.5500       -3383.691    -3421.150       37.459   348.3
45.6000       -3383.688    -3419.545       35.857   333.4
45.6500       -3383.935    -3420.701       36.766   341.9
45.7000       -3384.046    -3420.085       36.039   335.1
45.7500       -3384.313    -3421.608       37.295   346.8
45.8000       -3384.416    -3420.631       36.215   336.7
45.8500       -3383.948    -3419.615       35.667   331.7
45.9000       -3383.880    -3420.732       36.852   342.7
45.9500       -3384.109    -3421.496       37.388   347.6
46.0000       -3384.226    -3420.410       36.184   336.5
46.0500       -3383.939    -3419.658       35.719   332.1
46.1000       -3383.753    -3420.125       36.372   338.2
46.1500       -3383.750    -3419.868       36.118   335.8
46.2000       -3384.030    -3421.005       36.976   343.8
46.2500       -3384.181    -3420.347       36.165   336.3
46.3000       -3384.058    -3420.948       36.890   343.0
46.3500       -3384.167    -3420.415       36.248   337.1
46.4000       -3384.018    -3419.826       35.808   333.0
46.4500       -3384.144    -3420.365       36.221   336.8
46.5000       -3384.160    -3420.846       36.686   341.1
46.5500       -3383.973    -3419.605       35.632   331.3
46.6000       -3383.621    -3419.424       35.803   332.9
46.6500       -3383.486    -3418.744       35.259   327.9
46.7000       -3383.180    -3417.822       34.642   322.1
46.7500       -3383.335    -3420.739       37.404   347.8
46.8000       -3383.668    -3420.963       37.295   346.8
46.8500       -3383.791    -3420.099       36.308   337.6
46.9000       -3383.551    -3421.251       37.700   350.6
46.9500       -3383.862    -3419.467       35.605   331.1
47.0000       -3383.609    -3420.649       37.039   344.4
47.0500       -3383.496    -3420.280       36.784   342.0
47.1000       -3383.381    -3419.837       36.456   339.0
47.1500       -3383.479    -3420.626       37.147   345.4
47.2000       -3383.937    -3420.633       36.696   341.2
47.2500       -3384.068    -3419.919       35.851   333.4
47.3000       -3384.341    -3421.465       37.123   345.2
47.3500       -3384.712    -3421.613       36.901   343.1
47.4000       -3384.727    -3421.581       36.854   342.7
47.4500       -3384.743    -3420.840       36.097   335.6
47.5000       -3384.489    -3420.290       35.800   332.9
47.5500       -3384.508    -3421.157       36.649   340.8
47.6000       -3384.285    -3420.239       35.954   334.3
47.6500       -3384.238    -3420.901       36.663   340.9
47.7000       -3384.091    -3419.775       35.684   331.8
47.7500       -3384.001    -3420.159       36.159   336.2
47.8000       -3384.054    -3420.041       35.987   334.6
47.8500       -3383.818    -3419.564       35.746   332.4
47.9000       -3384.007    -3420.972       36.965   343.7
47.9500       -3384.349    -3420.548       36.199   336.6
48.0000       -3383.995    -3420.039       36.043   335.1
48.0500       -3384.018    -3419.987       35.969   334.5
48.1000       -3384.142    -3420.016       35.875   333.6
48.1500       -3383.996    -3419.800       35.804   332.9
48.2000       -3383.731    -3421.020       37.289   346.7
48.2500       -3384.141    -3422.424       38.283   356.0
48.3000       -3384.330    -3420.510       36.180   336.4
48.3500       -3384.322    -3420.098       35.776   332.7
48.4000       -3384.332    -3420.259       35.927   334.1
48.4500       -3384.120    -3419.404       35.284   328.1
48.5000       -3384.067    -3421.713       37.646   350.1
48.5500       -3384.193    -3420.889       36.695   341.2
48.6000       -3384.582    -3422.512       37.930   352.7
48.6500       -3384.423    -3421.275       36.852   342.7
48.7000       -3384.559    -3422.212       37.653   350.1
48.7500       -3385.054    -3421.172       36.117   335.8
48.8000       -3385.073    -3421.440       36.368   338.2
48.8500       -3384.923    -3421.207       36.284   337.4
48.9000       -3385.043    -3421.721       36.678   341.1
48.9500       -3384.958    -3420.794       35.836   333.2
49.0000       -3384.782    -3420.883       36.101   335.7
49.0500       -3384.650    -3420.737       36.087   335.6
49.1000       -3384.285    -3419.544       35.259   327.9
49.1500       -3383.944    -3420.761       36.817   342.3
49.2000       -3383.777    -3421.124       37.347   347.3
49.2500       -3384.155    -3420.553       36.398   338.4
49.3000       -3384.374    -3421.017       36.643   340.7
49.3500       -3384.459    -3422.131       37.672   350.3
49.4000       -3384.622    -3421.150       36.528   339.7
49.4500       -3384.612    -3421.028       36.416   338.6
49.5000       -3384.339    -3419.909       35.570   330.7
49.5500       -3384.254    -3421.652       37.398   347.7
49.6000       -3384.380    -3419.994       35.614   331.2
49.6500       -3384.420    -3421.447       37.027   344.3
49.7000       -3384.642    -3421.480       36.838   342.5
49.7500       -3384.697    -3420.302       35.605   331.1
49.8000       -3384.598    -3421.632       37.034   344.4
49.8500       -3384.872    -3420.326       35.454   329.7
49.9000       -3384.985    -3421.854       36.869   342.8
49.9500       -3384.799    -3420.945       36.146   336.1
50.0000       -3384.492    -3420.583       36.091   335.6
