Time[ps]      Etot[eV]     Epot[eV]     Ekin[eV]    T[K]
0.0000        -3410.500    -3410.500        0.000     0.0
0.0500        -3407.145    -3445.792       38.647   359.4
0.1000        -3405.050    -3439.662       34.612   321.8
0.1500        -3403.484    -3434.328       30.844   286.8
0.2000        -3403.016    -3435.766       32.750   304.5
0.2500        -3401.340    -3437.382       36.043   335.1
0.3000        -3401.054    -3427.975       26.921   250.3
0.3500        -3400.789    -3430.382       29.593   275.2
0.4000        -3400.339    -3439.033       38.694   359.8
0.4500        -3398.314    -3438.143       39.829   370.3
0.5000        -3398.442    -3436.280       37.838   351.8
0.5500        -3400.473    -3437.062       36.589   340.2
0.6000        -3398.715    -3432.503       33.787   314.2
0.6500        -3398.640    -3423.329       24.689   229.6
0.7000        -3398.257    -3431.291       33.034   307.2
0.7500        -3398.054    -3436.673       38.619   359.1
0.8000        -3399.404    -3425.189       25.786   239.8
0.8500        -3398.148    -3431.421       33.273   309.4
0.9000        -3395.406    -3418.856       23.450   218.1
0.9500        -3393.553    -3425.436       31.883   296.5
1.0000        -3393.697    -3425.929       32.232   299.7
1.0500        -3392.786    -3429.544       36.758   341.8
1.1000        -3395.935    -3438.302       42.367   393.9
1.1500        -3395.761    -3427.518       31.757   295.3
1.2000        -3397.694    -3431.001       33.307   309.7
1.2500        -3397.191    -3426.552       29.361   273.0
1.3000        -3395.694    -3430.114       34.420   320.1
1.3500        -3393.603    -3423.496       29.893   278.0
1.4000        -3394.512    -3436.500       41.987   390.4
1.4500        -3394.611    -3429.317       34.706   322.7
1.5000        -3394.368    -3429.116       34.748   323.1
1.5500        -3392.709    -3429.213       36.505   339.4
1.6000        -3391.642    -3420.007       28.365   263.7
1.6500        -3392.801    -3436.209       43.408   403.6
1.7000        -3395.319    -3429.448       34.129   317.3
1.7500        -3395.008    -3426.066       31.058   288.8
1.8000        -3393.053    -3425.297       32.244   299.8
1.8500        -3393.405    -3427.362       33.957   315.7
1.9000        -3394.924    -3429.769       34.845   324.0
1.9500        -3396.247    -3429.380       33.134   308.1
2.0000        -3393.201    -3416.559       23.358   217.2
2.0500        -3392.063    -3428.032       35.970   334.5
2.1000        -3394.247    -3434.973       40.725   378.7
2.1500        -3395.108    -3423.146       28.038   260.7
2.2000        -3392.071    -3417.462       25.392   236.1
2.2500        -3392.090    -3429.998       37.908   352.5
2.3000        -3394.662    -3429.928       35.266   327.9
2.3500        -3394.532    -3425.834       31.301   291.1
2.4000        -3394.463    -3427.446       32.983   306.7
2.4500        -3394.407    -3426.399       31.992   297.5
2.5000        -3394.565    -3427.173       32.608   303.2
2.5500        -3393.811    -3425.231       31.421   292.2
2.6000        -3393.029    -3424.683       31.654   294.3
2.6500        -3392.363    -3426.508       34.145   317.5
2.7000        -3392.814    -3426.621       33.807   314.4
2.7500        -3392.913    -3426.079       33.166   308.4
2.8000        -3393.500    -3426.996       33.496   311.5
2.8500        -3393.405    -3426.522       33.116   307.9
2.9000        -3393.289    -3426.737       33.448   311.0
2.9500        -3393.321    -3426.146       32.825   305.2
3.0000        -3393.321    -3424.905       31.584   293.7
3.0500        -3393.289    -3427.281       33.991   316.1
3.1000        -3393.461    -3426.378       32.917   306.1
3.1500        -3393.542    -3426.601       33.059   307.4
3.2000        -3393.416    -3427.330       33.914   315.3
3.2500        -3393.434    -3426.194       32.759   304.6
3.3000        -3392.997    -3426.096       33.100   307.8
3.3500        -3393.079    -3425.409       32.329   300.6
3.4000        -3392.697    -3425.439       32.742   304.4
3.4500        -3392.611    -3425.719       33.108   307.9
3.5000        -3392.938    -3426.613       33.675   313.1
3.5500        -3392.900    -3426.356       33.456   311.1
3.6000        -3393.243    -3427.591       34.348   319.4
3.6500        -3393.211    -3425.201       31.991   297.5
3.7000        -3392.389    -3424.897       32.508   302.3
3.7500        -3392.382    -3425.186       32.805   305.0
3.8000        -3392.424    -3424.912       32.488   302.1
3.8500        -3392.327    -3425.931       33.604   312.5
3.9000        -3392.777    -3426.032       33.256   309.2
3.9500        -3392.226    -3424.071       31.844   296.1
4.0000        -3391.870    -3424.624       32.754   304.6
4.0500        -3391.725    -3423.900       32.175   299.2
4.1000        -3391.396    -3423.890       32.494   302.1
4.1500        -3391.569    -3424.043       32.474   302.0
4.2000        -3391.516    -3424.038       32.522   302.4
4.2500        -3391.669    -3425.087       33.418   310.7
4.3000        -3391.417    -3424.104       32.687   303.9
4.3500        -3391.187    -3425.532       34.345   319.4
4.4000        -3391.673    -3425.210       33.537   311.8
4.4500        -3391.613    -3424.696       33.083   307.6
4.5000        -3391.609    -3424.938       33.329   309.9
4.5500        -3391.911    -3424.028       32.117   298.6
4.6000        -3392.013    -3425.501       33.488   311.4
4.6500        -3392.000    -3425.396       33.397   310.5
4.7000        -3392.148    -3425.571       33.423   310.8
4.7500        -3392.149    -3425.306       33.157   308.3
4.8000        -3392.128    -3424.854       32.726   304.3
4.8500        -3391.997    -3424.528       32.531   302.5
4.9000        -3392.038    -3426.355       34.316   319.1
4.9500        -3392.256    -3425.836       33.580   312.2
5.0000        -3392.150    -3425.627       33.478   311.3
5.0500        -3392.115    -3425.533       33.418   310.7
5.1000        -3391.971    -3424.853       32.881   305.7
5.1500        -3392.101    -3425.743       33.642   312.8
5.2000        -3392.138    -3425.812       33.674   313.1
5.2500        -3392.318    -3426.178       33.861   314.9
5.3000        -3392.526    -3425.123       32.597   303.1
5.3500        -3392.049    -3424.061       32.012   297.7
5.4000        -3391.612    -3424.897       33.285   309.5
5.4500        -3391.776    -3425.964       34.188   317.9
5.5000        -3391.856    -3424.551       32.695   304.0
5.5500        -3391.738    -3424.451       32.713   304.2
5.6000        -3391.380    -3424.261       32.881   305.7
5.6500        -3391.216    -3423.187       31.970   297.3
5.7000        -3391.121    -3424.561       33.440   310.9
5.7500        -3391.047    -3423.696       32.650   303.6
5.8000        -3390.970    -3424.370       33.400   310.6
5.8500        -3391.044    -3424.848       33.804   314.3
5.9000        -3391.581    -3425.899       34.318   319.1
5.9500        -3391.658    -3425.033       33.375   310.3
6.0000        -3391.675    -3425.315       33.640   312.8
6.0500        -3391.449    -3424.163       32.714   304.2
6.1000        -3391.401    -3424.449       33.048   307.3
6.1500        -3391.344    -3424.115       32.771   304.7
6.2000        -3391.368    -3424.269       32.901   305.9
6.2500        -3391.295    -3424.520       33.226   308.9
6.3000        -3391.420    -3424.589       33.169   308.4
6.3500        -3391.176    -3424.240       33.064   307.4
6.4000        -3391.089    -3425.333       34.243   318.4
6.4500        -3391.388    -3424.875       33.487   311.4
6.5000        -3391.474    -3424.621       33.147   308.2
6.5500        -3391.452    -3424.676       33.224   308.9
6.6000        -3391.247    -3424.006       32.759   304.6
6.6500        -3391.159    -3424.359       33.200   308.7
6.7000        -3391.213    -3425.138       33.925   315.5
6.7500        -3391.396    -3424.798       33.402   310.6
6.8000        -3391.715    -3424.585       32.871   305.6
6.8500        -3391.597    -3424.611       33.014   307.0
6.9000        -3391.673    -3426.005       34.331   319.2
6.9500        -3391.935    -3424.484       32.548   302.7
7.0000        -3391.457    -3423.690       32.233   299.7
7.0500        -3391.197    -3424.847       33.650   312.9
7.1000        -3391.391    -3424.123       32.732   304.4
7.1500        -3391.044    -3423.622       32.579   302.9
7.2000        -3391.382    -3425.047       33.665   313.0
7.2500        -3391.225    -3423.480       32.256   299.9
7.3000        -3391.253    -3425.749       34.496   320.8
7.3500        -3391.649    -3425.257       33.609   312.5
7.4000        -3391.822    -3425.176       33.354   310.1
7.4500        -3391.742    -3424.326       32.584   303.0
7.5000        -3391.354    -3423.894       32.540   302.6
7.5500        -3391.472    -3424.605       33.133   308.1
7.6000        -3391.658    -3425.571       33.913   315.3
7.6500        -3392.129    -3425.576       33.447   311.0
7.7000        -3392.100    -3424.997       32.897   305.9
7.7500        -3391.966    -3425.077       33.111   307.9
7.8000        -3392.004    -3425.122       33.118   307.9
7.8500        -3392.091    -3425.572       33.481   311.3
7.9000        -3392.086    -3424.917       32.832   305.3
7.9500        -3391.979    -3424.667       32.688   304.0
8.0000        -3391.524    -3424.507       32.983   306.7
8.0500        -3391.140    -3423.164       32.024   297.8
8.1000        -3390.878    -3424.273       33.395   310.5
8.1500        -3390.814    -3423.285       32.471   301.9
8.2000        -3390.681    -3423.971       33.290   309.5
8.2500        -3390.770    -3424.530       33.760   313.9
8.3000        -3390.847    -3423.932       33.085   307.6
8.3500        -3391.064    -3425.704       34.640   322.1
8.4000        -3391.316    -3423.986       32.670   303.8
8.4500        -3391.510    -3425.250       33.740   313.7
8.5000        -3391.739    -3424.773       33.034   307.2
8.5500        -3391.756    -3425.403       33.646   312.9
8.6000        -3391.768    -3424.266       32.498   302.2
8.6500        -3391.684    -3424.403       32.719   304.2
8.7000        -3391.795    -3424.708       32.913   306.0
8.7500        -3391.698    -3424.565       32.867   305.6
8.8000        -3391.639    -3424.438       32.798   305.0
8.8500        -3391.604    -3423.613       32.009   297.6
8.9000        -3391.755    -3425.143       33.388   310.5
8.9500        -3391.796    -3424.581       32.784   304.8
9.0000        -3391.942    -3424.872       32.930   306.2
9.0500        -3391.812    -3424.909       33.097   307.8
9.1000        -3391.450    -3424.772       33.322   309.8
9.1500        -3391.435    -3424.391       32.956   306.4
9.2000        -3391.393    -3425.141       33.748   313.8
9.2500        -3391.655    -3425.025       33.369   310.3
9.3000        -3391.691    -3424.551       32.860   305.5
9.3500        -3391.672    -3424.708       33.035   307.2
9.4000        -3391.707    -3425.489       33.783   314.1
9.4500        -3391.684    -3425.370       33.686   313.2
9.5000        -3391.741    -3424.853       33.112   307.9
9.5500        -3391.712    -3425.068       33.356   310.2
9.6000        -3392.041    -3424.912       32.871   305.6
9.6500        -3392.080    -3425.541       33.461   311.1
9.7000        -3391.983    -3423.420       31.438   292.3
9.7500        -3391.626    -3424.494       32.868   305.6
9.8000        -3391.800    -3425.623       33.823   314.5
9.8500        -3391.730    -3425.736       34.005   316.2
9.9000        -3392.013    -3425.802       33.789   314.2
9.9500        -3392.331    -3426.949       34.618   321.9
10.0000       -3392.586    -3424.160       31.574   293.6
10.0500       -3392.257    -3425.320       33.062   307.4
10.1000       -3392.255    -3425.461       33.206   308.8
10.1500       -3391.741    -3424.119       32.377   301.1
10.2000       -3391.751    -3424.642       32.891   305.8
10.2500       -3391.481    -3424.690       33.209   308.8
10.3000       -3391.501    -3424.005       32.505   302.2
10.3500       -3391.309    -3425.082       33.773   314.0
10.4000       -3391.264    -3424.854       33.590   312.3
10.4500       -3391.512    -3424.747       33.235   309.0
10.5000       -3391.439    -3424.812       33.373   310.3
10.5500       -3391.571    -3424.671       33.101   307.8
10.6000       -3391.609    -3424.807       33.198   308.7
10.6500       -3391.740    -3424.786       33.046   307.3
10.7000       -3391.772    -3424.667       32.895   305.9
10.7500       -3391.766    -3424.718       32.952   306.4
10.8000       -3391.536    -3423.627       32.091   298.4
10.8500       -3391.437    -3424.883       33.447   311.0
10.9000       -3391.638    -3424.386       32.748   304.5
10.9500       -3391.159    -3423.917       32.758   304.6
11.0000       -3391.460    -3425.161       33.701   313.4
11.0500       -3391.560    -3424.670       33.110   307.9
11.1000       -3391.767    -3425.586       33.818   314.5
11.1500       -3391.923    -3424.865       32.942   306.3
11.2000       -3391.669    -3425.259       33.590   312.3
11.2500       -3392.057    -3426.138       34.080   316.9
11.3000       -3392.009    -3425.636       33.627   312.7
11.3500       -3392.165    -3425.439       33.274   309.4
11.4000       -3392.091    -3424.648       32.557   302.7
11.4500       -3392.054    -3424.209       32.156   299.0
11.5000       -3391.954    -3424.582       32.628   303.4
11.5500       -3391.853    -3425.806       33.953   315.7
11.6000       -3392.360    -3426.243       33.883   315.1
11.6500       -3392.490    -3425.330       32.840   305.4
11.7000       -3392.471    -3425.551       33.080   307.6
11.7500       -3392.626    -3425.844       33.218   308.9
11.8000       -3392.761    -3426.734       33.973   315.9
11.8500       -3393.053    -3426.176       33.123   308.0
11.9000       -3393.002    -3426.524       33.523   311.7
11.9500       -3392.772    -3425.437       32.664   303.7
12.0000       -3392.607    -3424.342       31.735   295.1
12.0500       -3392.268    -3424.858       32.590   303.0
12.1000       -3391.983    -3425.100       33.117   307.9
12.1500       -3391.842    -3424.562       32.720   304.3
12.2000       -3391.658    -3423.621       31.963   297.2
12.2500       -3391.814    -3425.791       33.977   315.9
12.3000       -3391.960    -3425.419       33.459   311.1
12.3500       -3391.720    -3424.606       32.886   305.8
12.4000       -3391.912    -3425.213       33.301   309.7
12.4500       -3391.830    -3425.315       33.486   311.4
12.5000       -3391.903    -3424.993       33.090   307.7
12.5500       -3391.942    -3425.163       33.220   308.9
12.6000       -3391.950    -3424.302       32.353   300.8
12.6500       -3391.893    -3424.987       33.094   307.7
12.7000       -3391.666    -3425.209       33.543   311.9
12.7500       -3392.106    -3426.018       33.912   315.3
12.8000       -3392.135    -3425.379       33.244   309.1
12.8500       -3392.337    -3426.120       33.783   314.1
12.9000       -3392.435    -3424.889       32.454   301.8
12.9500       -3392.188    -3424.010       31.822   295.9
13.0000       -3392.206    -3425.224       33.017   307.0
13.0500       -3392.065    -3424.608       32.543   302.6
13.1000       -3392.129    -3425.216       33.086   307.7
13.1500       -3391.883    -3424.954       33.070   307.5
13.2000       -3391.770    -3425.244       33.474   311.3
13.2500       -3391.938    -3424.834       32.896   305.9
13.3000       -3391.770    -3425.460       33.690   313.3
13.3500       -3392.116    -3425.648       33.532   311.8
13.4000       -3391.916    -3424.593       32.677   303.8
13.4500       -3392.238    -3425.577       33.338   310.0
13.5000       -3392.244    -3424.850       32.607   303.2
13.5500       -3392.480    -3425.518       33.037   307.2
13.6000       -3392.270    -3425.396       33.125   308.0
13.6500       -3392.373    -3424.461       32.088   298.4
13.7000       -3391.976    -3424.577       32.601   303.1
13.7500       -3391.513    -3423.813       32.300   300.3
13.8000       -3391.328    -3423.141       31.812   295.8
13.8500       -3390.990    -3423.720       32.731   304.3
13.9000       -3390.962    -3423.770       32.808   305.1
13.9500       -3390.871    -3423.683       32.811   305.1
14.0000       -3390.753    -3424.810       34.058   316.7
14.0500       -3390.940    -3423.507       32.567   302.8
14.1000       -3390.701    -3423.149       32.448   301.7
14.1500       -3390.302    -3423.411       33.110   307.9
14.2000       -3390.381    -3423.209       32.828   305.3
14.2500       -3390.558    -3425.558       35.000   325.4
14.3000       -3390.791    -3423.849       33.058   307.4
14.3500       -3390.726    -3424.547       33.821   314.5
14.4000       -3390.928    -3424.428       33.499   311.5
14.4500       -3391.165    -3424.287       33.122   308.0
14.5000       -3391.250    -3424.846       33.596   312.4
14.5500       -3391.255    -3424.474       33.219   308.9
14.6000       -3391.648    -3425.808       34.160   317.6
14.6500       -3391.743    -3425.065       33.322   309.8
14.7000       -3391.971    -3425.756       33.785   314.2
14.7500       -3391.672    -3424.462       32.790   304.9
14.8000       -3391.469    -3424.738       33.269   309.4
14.8500       -3391.698    -3425.820       34.121   317.3
14.9000       -3391.718    -3425.375       33.656   313.0
14.9500       -3391.746    -3424.242       32.496   302.2
15.0000       -3391.408    -3424.080       32.672   303.8
15.0500       -3391.206    -3424.439       33.233   309.0
15.1000       -3391.081    -3423.719       32.637   303.5
15.1500       -3391.148    -3424.745       33.598   312.4
15.2000       -3391.271    -3424.392       33.121   308.0
15.2500       -3391.427    -3424.995       33.568   312.1
15.3000       -3391.304    -3424.272       32.968   306.6
15.3500       -3390.827    -3422.890       32.063   298.1
15.4000       -3390.690    -3424.518       33.827   314.5
15.4500       -3390.787    -3423.829       33.042   307.2
15.5000       -3390.636    -3423.913       33.277   309.4
15.5500       -3390.656    -3424.279       33.623   312.6
15.6000       -3390.950    -3424.997       34.047   316.6
15.6500       -3391.053    -3424.135       33.082   307.6
15.7000       -3390.956    -3423.829       32.873   305.7
15.7500       -3390.939    -3424.085       33.147   308.2
15.8000       -3391.050    -3423.905       32.854   305.5
15.8500       -3391.298    -3425.758       34.460   320.4
15.9000       -3391.777    -3424.384       32.606   303.2
15.9500       -3391.395    -3423.836       32.442   301.7
16.0000       -3391.177    -3424.506       33.328   309.9
16.0500       -3391.298    -3425.432       34.134   317.4
16.1000       -3391.215    -3423.126       31.912   296.7
16.1500       -3391.081    -3423.693       32.612   303.2
16.2000       -3390.760    -3423.245       32.485   302.1
16.2500       -3390.907    -3423.865       32.958   306.5
16.3000       -3390.483    -3423.482       32.999   306.8
16.3500       -3390.776    -3424.476       33.700   313.4
16.4000       -3390.836    -3423.887       33.051   307.3
16.4500       -3390.981    -3424.162       33.181   308.5
16.5000       -3391.014    -3424.803       33.788   314.2
16.5500       -3390.819    -3422.764       31.945   297.0
16.6000       -3390.405    -3423.643       33.238   309.1
16.6500       -3390.642    -3424.631       33.989   316.0
16.7000       -3391.126    -3425.079       33.953   315.7
16.7500       -3391.249    -3423.503       32.254   299.9
16.8000       -3391.122    -3423.804       32.681   303.9
16.8500       -3391.155    -3424.970       33.815   314.4
16.9000       -3391.213    -3423.816       32.603   303.2
16.9500       -3391.364    -3425.264       33.900   315.2
17.0000       -3391.672    -3425.160       33.488   311.4
17.0500       -3391.222    -3422.891       31.669   294.5
17.1000       -3390.895    -3423.091       32.195   299.4
17.1500       -3391.078    -3425.174       34.096   317.0
17.2000       -3391.223    -3424.129       32.906   306.0
17.2500       -3391.122    -3424.196       33.074   307.5
17.3000       -3391.633    -3425.664       34.030   316.4
17.3500       -3391.825    -3425.921       34.096   317.0
17.4000       -3392.067    -3425.514       33.447   311.0
17.4500       -3392.103    -3424.922       32.819   305.2
17.5000       -3392.237    -3425.843       33.606   312.5
17.5500       -3391.996    -3423.976       31.980   297.4
17.6000       -3391.479    -3423.853       32.374   301.0
17.6500       -3391.408    -3424.674       33.266   309.3
17.7000       -3391.324    -3423.974       32.650   303.6
17.7500       -3391.147    -3424.154       33.007   306.9
17.8000       -3390.969    -3424.500       33.531   311.8
17.8500       -3390.955    -3424.652       33.697   313.3
17.9000       -3391.254    -3424.547       33.292   309.6
17.9500       -3391.487    -3424.241       32.754   304.6
18.0000       -3391.533    -3425.007       33.474   311.3
18.0500       -3391.226    -3423.536       32.310   300.4
18.1000       -3391.137    -3424.845       33.707   313.4
18.1500       -3391.046    -3424.084       33.038   307.2
18.2000       -3391.129    -3423.823       32.695   304.0
18.2500       -3391.130    -3424.604       33.474   311.3
18.3000       -3390.895    -3423.517       32.622   303.3
18.3500       -3390.823    -3423.826       33.003   306.9
18.4000       -3391.193    -3424.478       33.285   309.5
18.4500       -3391.159    -3424.523       33.364   310.2
18.5000       -3391.325    -3425.453       34.128   317.3
18.5500       -3391.470    -3425.353       33.882   315.1
18.6000       -3391.699    -3424.929       33.230   309.0
18.6500       -3391.622    -3424.462       32.840   305.4
18.7000       -3391.821    -3425.422       33.601   312.4
18.7500       -3391.879    -3424.606       32.727   304.3
18.8000       -3391.758    -3424.369       32.611   303.2
18.8500       -3391.780    -3425.584       33.804   314.3
18.9000       -3391.403    -3424.284       32.881   305.7
18.9500       -3391.372    -3424.988       33.616   312.6
19.0000       -3391.208    -3424.423       33.216   308.9
19.0500       -3391.148    -3424.896       33.748   313.8
19.1000       -3391.357    -3425.668       34.311   319.0
19.1500       -3391.432    -3424.573       33.141   308.2
19.2000       -3391.715    -3424.418       32.702   304.1
19.2500       -3391.298    -3424.284       32.986   306.7
19.3000       -3391.365    -3425.078       33.713   313.5
19.3500       -3391.587    -3424.078       32.491   302.1
19.4000       -3391.457    -3424.278       32.821   305.2
19.4500       -3391.373    -3423.988       32.615   303.3
19.5000       -3391.637    -3425.309       33.672   313.1
19.5500       -3391.859    -3425.457       33.598   312.4
19.6000       -3391.889    -3424.613       32.724   304.3
19.6500       -3391.872    -3425.028       33.157   308.3
19.7000       -3391.703    -3424.967       33.264   309.3
19.7500       -3391.435    -3424.619       33.183   308.6
19.8000       -3391.791    -3424.712       32.921   306.1
19.8500       -3391.787    -3424.685       32.897   305.9
19.9000       -3391.782    -3424.531       32.749   304.5
19.9500       -3391.977    -3424.569       32.593   303.1
20.0000       -3391.903    -3424.319       32.415   301.4
20.0500       -3392.161    -3425.929       33.768   314.0
20.1000       -3392.195    -3425.664       33.470   311.2
20.1500       -3392.019    -3424.297       32.278   300.1
20.2000       -3391.818    -3425.226       33.408   310.6
20.2500       -3391.941    -3425.289       33.348   310.1
20.3000       -3391.677    -3424.720       33.044   307.3
20.3500       -3391.846    -3425.855       34.009   316.2
20.4000       -3392.176    -3424.847       32.671   303.8
20.4500       -3392.173    -3425.725       33.552   312.0
20.5000       -3392.366    -3425.661       33.295   309.6
20.5500       -3392.064    -3424.101       32.037   297.9
20.6000       -3391.591    -3424.499       32.908   306.0
20.6500       -3391.537    -3424.772       33.235   309.0
20.7000       -3391.509    -3424.658       33.150   308.2
20.7500       -3391.328    -3424.222       32.894   305.9
20.8000       -3390.675    -3422.448       31.774   295.4
20.8500       -3390.560    -3424.490       33.930   315.5
20.9000       -3391.082    -3424.763       33.681   313.2
20.9500       -3391.233    -3424.618       33.385   310.4
21.0000       -3391.365    -3424.922       33.558   312.0
21.0500       -3391.115    -3423.682       32.567   302.8
21.1000       -3390.890    -3423.879       32.989   306.7
21.1500       -3391.442    -3426.149       34.707   322.7
21.2000       -3391.725    -3425.080       33.354   310.1
21.2500       -3391.891    -3424.812       32.921   306.1
21.3000       -3391.619    -3423.816       32.197   299.4
21.3500       -3391.606    -3424.831       33.225   308.9
21.4000       -3391.215    -3423.133       31.918   296.8
21.4500       -3390.891    -3422.965       32.074   298.2
21.5000       -3390.945    -3424.898       33.953   315.7
21.5500       -3391.017    -3424.423       33.406   310.6
21.6000       -3390.986    -3423.922       32.936   306.3
21.6500       -3391.240    -3424.969       33.729   313.6
21.7000       -3390.979    -3423.748       32.768   304.7
21.7500       -3390.884    -3425.347       34.463   320.5
21.8000       -3390.820    -3423.558       32.738   304.4
21.8500       -3391.010    -3425.359       34.349   319.4
21.9000       -3391.146    -3423.874       32.729   304.3
21.9500       -3391.087    -3424.302       33.215   308.9
22.0000       -3390.776    -3422.848       32.071   298.2
22.0500       -3391.013    -3424.359       33.346   310.1
22.1000       -3391.390    -3425.547       34.157   317.6
22.1500       -3391.536    -3423.916       32.380   301.1
22.2000       -3391.623    -3424.680       33.057   307.4
22.2500       -3391.559    -3424.156       32.597   303.1
22.3000       -3391.465    -3424.766       33.301   309.6
22.3500       -3391.504    -3424.761       33.257   309.2
22.4000       -3391.420    -3424.410       32.990   306.8
22.4500       -3391.226    -3423.539       32.313   300.5
22.5000       -3391.226    -3424.442       33.216   308.9
22.5500       -3391.204    -3424.135       32.931   306.2
22.6000       -3390.939    -3423.118       32.179   299.2
22.6500       -3391.029    -3425.016       33.988   316.0
22.7000       -3391.332    -3425.283       33.951   315.7
22.7500       -3391.382    -3424.380       32.998   306.8
22.8000       -3391.229    -3426.534       35.305   328.3
22.8500       -3391.634    -3425.855       34.222   318.2
22.9000       -3391.753    -3423.670       31.917   296.8
22.9500       -3391.274    -3424.263       32.989   306.8
23.0000       -3391.469    -3424.573       33.104   307.8
23.0500       -3391.557    -3423.794       32.237   299.8
23.1000       -3391.323    -3424.423       33.100   307.8
23.1500       -3391.038    -3423.938       32.899   305.9
23.2000       -3390.928    -3424.014       33.086   307.7
23.2500       -3391.275    -3424.868       33.594   312.4
23.3000       -3390.994    -3423.724       32.729   304.3
23.3500       -3390.811    -3423.659       32.848   305.4
23.4000       -3391.036    -3424.413       33.377   310.4
23.4500       -3391.550    -3425.791       34.240   318.4
23.5000       -3391.641    -3424.999       33.357   310.2
23.5500       -3391.572    -3423.742       32.169   299.1
23.6000       -3391.406    -3423.739       32.332   300.6
23.6500       -3391.280    -3424.290       33.010   306.9
23.7000       -3391.451    -3424.356       32.906   306.0
23.7500       -3391.224    -3423.896       32.672   303.8
23.8000       -3391.149    -3424.606       33.457   311.1
23.8500       -3391.321    -3424.260       32.939   306.3
23.9000       -3391.394    -3425.137       33.743   313.8
23.9500       -3391.338    -3424.554       33.217   308.9
24.0000       -3391.083    -3423.922       32.838   305.3
24.0500       -3391.186    -3424.602       33.416   310.7
24.1000       -3390.900    -3423.728       32.828   305.3
24.1500       -3390.937    -3423.787       32.851   305.5
24.2000       -3390.798    -3424.449       33.651   312.9
24.2500       -3390.918    -3424.666       33.749   313.8
24.3000       -3390.902    -3423.647       32.745   304.5
24.3500       -3390.941    -3424.729       33.788   314.2
24.4000       -3390.935    -3423.860       32.925   306.2
24.4500       -3390.818    -3424.583       33.765   314.0
24.5000       -3391.108    -3425.172       34.064   316.7
24.5500       -3391.433    -3425.437       34.004   316.2
24.6000       -3391.552    -3424.898       33.346   310.1
24.6500       -3391.833    -3425.851       34.018   316.3
24.7000       -3391.792    -3424.740       32.949   306.4
24.7500       -3391.832    -3425.413       33.581   312.2
24.8000       -3391.784    -3424.350       32.567   302.8
24.8500       -3391.506    -3424.140       32.634   303.4
24.9000       -3391.358    -3424.182       32.824   305.2
24.9500       -3391.182    -3423.885       32.703   304.1
25.0000       -3390.862    -3423.203       32.342   300.7
25.0500       -3390.652    -3423.128       32.477   302.0
25.1000       -3390.477    -3423.706       33.228   309.0
25.1500       -3390.648    -3424.561       33.913   315.3
25.2000       -3390.722    -3423.847       33.125   308.0
25.2500       -3390.620    -3423.010       32.389   301.2
25.3000       -3390.714    -3424.625       33.911   315.3
25.3500       -3391.085    -3424.901       33.816   314.4
25.4000       -3391.235    -3423.781       32.545   302.6
25.4500       -3390.961    -3423.656       32.695   304.0
25.5000       -3390.882    -3424.413       33.531   311.8
25.5500       -3391.019    -3424.841       33.822   314.5
25.6000       -3390.886    -3423.888       33.002   306.9
25.6500       -3391.008    -3424.322       33.314   309.8
25.7000       -3390.867    -3423.377       32.511   302.3
25.7500       -3390.916    -3424.364       33.448   311.0
25.8000       -3391.216    -3423.938       32.722   304.3
25.8500       -3391.019    -3423.362       32.344   300.7
25.9000       -3390.957    -3424.540       33.583   312.3
25.9500       -3390.996    -3423.811       32.814   305.1
26.0000       -3391.159    -3424.653       33.494   311.4
26.0500       -3390.970    -3424.277       33.308   309.7
26.1000       -3390.863    -3424.241       33.378   310.4
26.1500       -3391.095    -3423.910       32.816   305.1
26.2000       -3390.813    -3424.023       33.210   308.8
26.2500       -3390.733    -3423.809       33.075   307.6
26.3000       -3390.749    -3425.144       34.394   319.8
26.3500       -3391.077    -3423.948       32.871   305.7
26.4000       -3391.191    -3423.822       32.630   303.4
26.4500       -3391.035    -3423.862       32.827   305.2
26.5000       -3390.815    -3423.280       32.465   301.9
26.5500       -3390.954    -3424.633       33.679   313.2
26.6000       -3391.242    -3423.911       32.669   303.8
26.6500       -3391.344    -3424.270       32.926   306.2
26.7000       -3391.372    -3424.841       33.469   311.2
26.7500       -3391.270    -3423.803       32.533   302.5
26.8000       -3391.318    -3425.467       34.149   317.5
26.8500       -3391.166    -3422.730       31.564   293.5
26.9000       -3390.859    -3424.446       33.587   312.3
26.9500       -3390.875    -3425.053       34.179   317.8
27.0000       -3391.325    -3425.093       33.769   314.0
27.0500       -3391.304    -3424.160       32.857   305.5
27.1000       -3391.410    -3424.701       33.291   309.6
27.1500       -3391.156    -3424.299       33.143   308.2
27.2000       -3390.926    -3424.374       33.448   311.0
27.2500       -3391.195    -3424.650       33.455   311.1
27.3000       -3390.987    -3423.116       32.130   298.8
27.3500       -3390.569    -3423.725       33.156   308.3
27.4000       -3390.530    -3423.146       32.615   303.3
27.4500       -3390.605    -3424.265       33.660   313.0
27.5000       -3391.134    -3424.352       33.217   308.9
27.5500       -3391.240    -3424.006       32.766   304.7
27.6000       -3391.326    -3424.529       33.204   308.7
27.6500       -3391.248    -3423.322       32.074   298.2
27.7000       -3391.212    -3424.375       33.163   308.4
27.7500       -3391.057    -3423.560       32.502   302.2
27.8000       -3391.101    -3424.268       33.166   308.4
27.8500       -3391.449    -3425.924       34.474   320.6
27.9000       -3391.797    -3424.910       33.113   307.9
27.9500       -3391.650    -3424.346       32.695   304.0
28.0000       -3391.512    -3424.896       33.384   310.4
28.0500       -3391.684    -3425.714       34.030   316.4
28.1000       -3391.916    -3424.495       32.579   302.9
28.1500       -3391.309    -3423.865       32.556   302.7
28.2000       -3391.164    -3425.009       33.845   314.7
28.2500       -3391.299    -3424.833       33.535   311.8
28.3000       -3391.252    -3424.160       32.908   306.0
28.3500       -3390.963    -3423.867       32.905   306.0
28.4000       -3391.115    -3424.288       33.173   308.5
28.4500       -3391.187    -3425.224       34.037   316.5
28.5000       -3391.444    -3424.815       33.371   310.3
28.5500       -3391.698    -3425.608       33.910   315.3
28.6000       -3391.797    -3424.322       32.525   302.4
28.6500       -3391.566    -3424.458       32.893   305.9
28.7000       -3391.466    -3424.152       32.685   303.9
28.7500       -3391.470    -3425.493       34.022   316.4
28.8000       -3391.504    -3424.872       33.368   310.3
28.8500       -3391.419    -3425.293       33.874   315.0
28.9000       -3391.834    -3425.458       33.623   312.6
28.9500       -3391.715    -3424.376       32.661   303.7
29.0000       -3391.679    -3425.585       33.907   315.3
29.0500       -3391.770    -3425.063       33.293   309.6
29.1000       -3391.490    -3423.017       31.527   293.2
29.1500       -3391.004    -3423.777       32.773   304.7
29.2000       -3391.051    -3424.060       33.009   306.9
29.2500       -3391.156    -3424.578       33.422   310.8
29.3000       -3391.206    -3423.667       32.462   301.8
29.3500       -3390.999    -3423.984       32.985   306.7
29.4000       -3390.949    -3424.287       33.338   310.0
29.4500       -3391.177    -3424.817       33.640   312.8
29.5000       -3391.270    -3423.838       32.569   302.8
29.5500       -3391.267    -3425.195       33.929   315.5
29.6000       -3391.329    -3424.549       33.219   308.9
29.6500       -3391.040    -3423.514       32.474   302.0
29.7000       -3390.731    -3422.346       31.615   294.0
29.7500       -3390.435    -3422.254       31.820   295.9
29.8000       -3390.448    -3424.049       33.600   312.4
29.8500       -3390.997    -3425.681       34.683   322.5
29.9000       -3391.364    -3424.595       33.231   309.0
29.9500       -3391.177    -3423.831       32.654   303.6
30.0000       -3391.050    -3424.263       33.212   308.8
30.0500       -3390.917    -3423.694       32.778   304.8
30.1000       -3390.739    -3424.396       33.656   313.0
30.1500       -3391.189    -3425.912       34.723   322.9
30.2000       -3391.464    -3424.735       33.270   309.4
30.2500       -3391.359    -3423.841       32.482   302.0
30.3000       -3391.428    -3424.312       32.884   305.8
30.3500       -3391.569    -3424.106       32.536   302.5
30.4000       -3391.349    -3423.644       32.295   300.3
30.4500       -3391.076    -3423.252       32.176   299.2
30.5000       -3390.892    -3424.192       33.300   309.6
30.5500       -3391.004    -3424.761       33.757   313.9
30.6000       -3391.168    -3424.505       33.337   310.0
30.6500       -3391.489    -3424.716       33.226   309.0
30.7000       -3391.324    -3423.904       32.580   302.9
30.7500       -3391.486    -3424.325       32.839   305.4
30.8000       -3391.237    -3423.742       32.505   302.2
30.8500       -3391.177    -3423.511       32.334   300.7
30.9000       -3391.389    -3425.117       33.728   313.6
30.9500       -3391.436    -3423.892       32.456   301.8
31.0000       -3391.213    -3423.619       32.406   301.3
31.0500       -3391.327    -3424.817       33.490   311.4
31.1000       -3391.432    -3425.010       33.578   312.2
31.1500       -3391.415    -3424.588       33.172   308.5
31.2000       -3391.784    -3425.832       34.048   316.6
31.2500       -3391.756    -3425.998       34.242   318.4
31.3000       -3391.860    -3425.116       33.257   309.2
31.3500       -3391.771    -3424.155       32.384   301.1
31.4000       -3391.543    -3424.749       33.206   308.8
31.4500       -3391.598    -3425.218       33.620   312.6
31.5000       -3391.488    -3425.188       33.700   313.4
31.5500       -3391.654    -3424.669       33.015   307.0
31.6000       -3392.041    -3425.602       33.561   312.1
31.6500       -3391.874    -3424.728       32.854   305.5
31.7000       -3391.544    -3423.824       32.280   300.2
31.7500       -3391.160    -3423.999       32.839   305.4
31.8000       -3391.172    -3424.236       33.064   307.4
31.8500       -3391.302    -3424.666       33.363   310.2
31.9000       -3391.230    -3423.931       32.701   304.1
31.9500       -3390.878    -3424.740       33.862   314.9
32.0000       -3391.133    -3424.574       33.440   310.9
32.0500       -3391.380    -3423.990       32.610   303.2
32.1000       -3391.347    -3424.144       32.797   305.0
32.1500       -3391.396    -3425.022       33.626   312.7
32.2000       -3391.321    -3423.352       32.032   297.8
32.2500       -3391.375    -3424.247       32.872   305.7
32.3000       -3391.192    -3423.793       32.601   303.1
32.3500       -3390.941    -3423.507       32.566   302.8
32.4000       -3390.714    -3422.911       32.197   299.4
32.4500       -3390.752    -3423.607       32.855   305.5
32.5000       -3391.014    -3424.610       33.596   312.4
32.5500       -3391.172    -3424.512       33.340   310.0
32.6000       -3391.330    -3424.749       33.418   310.7
32.6500       -3391.020    -3423.746       32.726   304.3
32.7000       -3391.019    -3424.741       33.722   313.6
32.7500       -3390.695    -3424.866       34.171   317.7
32.8000       -3391.048    -3425.098       34.050   316.6
32.8500       -3391.120    -3423.852       32.732   304.4
32.9000       -3391.057    -3424.885       33.829   314.6
32.9500       -3391.060    -3424.043       32.983   306.7
33.0000       -3391.100    -3423.586       32.486   302.1
33.0500       -3390.866    -3424.256       33.389   310.5
33.1000       -3390.755    -3422.814       32.059   298.1
33.1500       -3390.664    -3424.352       33.688   313.2
33.2000       -3390.559    -3423.903       33.344   310.0
33.2500       -3390.540    -3423.540       33.000   306.9
33.3000       -3390.896    -3425.046       34.151   317.5
33.3500       -3390.929    -3424.212       33.283   309.5
33.4000       -3390.944    -3423.792       32.848   305.4
33.4500       -3390.865    -3424.372       33.507   311.6
33.5000       -3390.946    -3423.705       32.759   304.6
33.5500       -3391.128    -3425.019       33.890   315.1
33.6000       -3391.271    -3424.432       33.161   308.3
33.6500       -3391.036    -3424.773       33.737   313.7
33.7000       -3391.364    -3426.407       35.044   325.9
33.7500       -3391.657    -3424.531       32.874   305.7
33.8000       -3391.815    -3425.090       33.275   309.4
33.8500       -3391.569    -3424.929       33.361   310.2
33.9000       -3391.833    -3426.582       34.749   323.1
33.9500       -3392.032    -3423.307       31.276   290.8
34.0000       -3391.461    -3423.789       32.328   300.6
34.0500       -3391.424    -3423.892       32.468   301.9
34.1000       -3391.352    -3423.610       32.257   299.9
34.1500       -3391.186    -3424.433       33.248   309.2
34.2000       -3390.779    -3423.715       32.936   306.3
34.2500       -3390.729    -3423.961       33.232   309.0
34.3000       -3390.798    -3424.934       34.136   317.4
34.3500       -3390.956    -3424.137       33.181   308.5
34.4000       -3391.370    -3424.907       33.537   311.8
34.4500       -3391.360    -3423.886       32.526   302.4
34.5000       -3391.427    -3425.043       33.616   312.6
34.5500       -3391.523    -3425.806       34.283   318.8
34.6000       -3391.534    -3423.764       32.229   299.7
34.6500       -3391.298    -3424.302       33.004   306.9
34.7000       -3391.436    -3424.831       33.395   310.5
34.7500       -3391.711    -3425.747       34.036   316.5
34.8000       -3391.741    -3423.664       31.923   296.8
34.8500       -3391.317    -3423.888       32.571   302.9
34.9000       -3391.021    -3423.773       32.752   304.5
34.9500       -3391.133    -3423.774       32.641   303.5
35.0000       -3391.271    -3424.614       33.344   310.0
35.0500       -3390.832    -3423.516       32.685   303.9
35.1000       -3390.854    -3424.968       34.114   317.2
35.1500       -3391.350    -3425.636       34.286   318.8
35.2000       -3391.387    -3424.497       33.109   307.9
35.2500       -3391.572    -3425.108       33.535   311.8
35.3000       -3391.953    -3426.001       34.048   316.6
35.3500       -3392.567    -3426.146       33.579   312.2
35.4000       -3392.472    -3425.014       32.542   302.6
35.4500       -3392.418    -3425.930       33.511   311.6
35.5000       -3392.487    -3426.447       33.960   315.8
35.5500       -3392.473    -3425.554       33.081   307.6
35.6000       -3392.172    -3424.359       32.187   299.3
35.6500       -3391.974    -3425.082       33.108   307.9
35.7000       -3391.678    -3423.664       31.986   297.4
35.7500       -3391.637    -3424.885       33.248   309.2
35.8000       -3391.452    -3423.489       32.037   297.9
35.8500       -3391.132    -3424.291       33.159   308.3
35.9000       -3391.524    -3425.481       33.958   315.8
35.9500       -3391.459    -3424.663       33.204   308.7
36.0000       -3391.755    -3425.758       34.003   316.2
36.0500       -3391.944    -3425.095       33.151   308.3
36.1000       -3391.734    -3425.003       33.269   309.4
36.1500       -3391.747    -3424.730       32.984   306.7
36.2000       -3391.682    -3424.296       32.614   303.3
36.2500       -3391.359    -3423.568       32.209   299.5
36.3000       -3391.293    -3424.461       33.168   308.4
36.3500       -3391.224    -3424.681       33.457   311.1
36.4000       -3391.152    -3424.027       32.876   305.7
36.4500       -3391.415    -3426.372       34.958   325.1
36.5000       -3391.795    -3426.007       34.212   318.1
36.5500       -3391.838    -3425.579       33.741   313.7
36.6000       -3391.830    -3424.383       32.553   302.7
36.6500       -3391.731    -3424.647       32.916   306.1
36.7000       -3391.777    -3424.183       32.406   301.3
36.7500       -3391.346    -3424.444       33.098   307.8
36.8000       -3391.489    -3425.421       33.932   315.5
36.8500       -3391.714    -3424.172       32.458   301.8
36.9000       -3391.749    -3425.098       33.349   310.1
36.9500       -3391.744    -3425.225       33.481   311.3
37.0000       -3391.283    -3423.750       32.467   301.9
37.0500       -3391.316    -3423.804       32.487   302.1
37.1000       -3390.984    -3422.652       31.668   294.5
37.1500       -3390.808    -3424.393       33.585   312.3
37.2000       -3390.999    -3424.064       33.064   307.4
37.2500       -3391.065    -3424.251       33.187   308.6
37.3000       -3391.172    -3424.803       33.632   312.7
37.3500       -3391.487    -3425.344       33.857   314.8
37.4000       -3391.287    -3423.052       31.765   295.4
37.4500       -3391.241    -3425.256       34.015   316.3
37.5000       -3391.394    -3424.469       33.076   307.6
37.5500       -3391.485    -3424.528       33.043   307.3
37.6000       -3391.350    -3424.035       32.685   303.9
37.6500       -3391.164    -3424.618       33.454   311.1
37.7000       -3390.829    -3423.445       32.616   303.3
37.7500       -3390.891    -3423.855       32.964   306.5
37.8000       -3390.936    -3423.945       33.010   306.9
37.8500       -3391.242    -3425.295       34.052   316.6
37.9000       -3391.258    -3424.649       33.392   310.5
37.9500       -3391.648    -3426.724       35.076   326.2
38.0000       -3392.026    -3425.532       33.506   311.6
38.0500       -3391.807    -3424.153       32.345   300.8
38.1000       -3391.631    -3423.820       32.189   299.3
38.1500       -3391.277    -3423.610       32.333   300.6
38.2000       -3391.330    -3425.267       33.938   315.6
38.2500       -3391.557    -3425.472       33.914   315.4
38.3000       -3391.541    -3423.372       31.831   296.0
38.3500       -3391.298    -3424.233       32.935   306.2
38.4000       -3391.112    -3424.587       33.476   311.3
38.4500       -3391.171    -3424.466       33.295   309.6
38.5000       -3391.020    -3424.408       33.389   310.5
38.5500       -3390.789    -3423.772       32.984   306.7
38.6000       -3390.817    -3424.136       33.319   309.8
38.6500       -3390.674    -3424.090       33.416   310.7
38.7000       -3391.036    -3424.830       33.793   314.2
38.7500       -3391.348    -3424.550       33.203   308.7
38.8000       -3391.277    -3424.185       32.908   306.0
38.8500       -3391.154    -3424.232       33.078   307.6
38.9000       -3391.326    -3424.695       33.369   310.3
38.9500       -3391.368    -3424.444       33.076   307.6
39.0000       -3391.151    -3424.504       33.353   310.1
39.0500       -3391.325    -3424.512       33.187   308.6
39.1000       -3391.184    -3424.221       33.037   307.2
39.1500       -3391.255    -3424.380       33.125   308.0
39.2000       -3391.085    -3424.484       33.399   310.6
39.2500       -3391.010    -3424.311       33.301   309.6
39.3000       -3390.769    -3423.688       32.919   306.1
39.3500       -3390.505    -3422.497       31.992   297.5
39.4000       -3389.852    -3422.014       32.163   299.1
39.4500       -3389.769    -3423.452       33.683   313.2
39.5000       -3390.004    -3424.363       34.359   319.5
39.5500       -3390.331    -3424.178       33.848   314.7
39.6000       -3390.399    -3422.744       32.345   300.8
39.6500       -3390.416    -3424.375       33.959   315.8
39.7000       -3390.746    -3424.537       33.790   314.2
39.7500       -3390.907    -3423.583       32.676   303.8
39.8000       -3390.718    -3423.639       32.921   306.1
39.8500       -3390.801    -3424.009       33.208   308.8
39.9000       -3390.919    -3424.365       33.446   311.0
39.9500       -3391.036    -3424.255       33.219   308.9
40.0000       -3390.964    -3423.561       32.597   303.1
40.0500       -3390.855    -3422.799       31.944   297.0
40.1000       -3390.599    -3423.452       32.854   305.5
40.1500       -3390.609    -3424.715       34.105   317.1
40.2000       -3390.766    -3424.827       34.060   316.7
40.2500       -3390.225    -3421.959       31.734   295.1
40.3000       -3390.272    -3424.825       34.554   321.3
40.3500       -3390.637    -3424.794       34.157   317.6
40.4000       -3390.624    -3423.574       32.950   306.4
40.4500       -3390.350    -3423.405       33.054   307.4
40.5000       -3390.380    -3423.507       33.127   308.0
40.5500       -3390.613    -3423.076       32.463   301.9
40.6000       -3390.495    -3424.286       33.791   314.2
40.6500       -3390.676    -3424.007       33.331   309.9
40.7000       -3390.611    -3423.395       32.784   304.8
40.7500       -3390.559    -3423.526       32.967   306.5
40.8000       -3390.887    -3423.958       33.071   307.5
40.8500       -3390.868    -3423.505       32.637   303.5
40.9000       -3390.898    -3423.890       32.992   306.8
40.9500       -3391.088    -3424.198       33.111   307.9
41.0000       -3391.153    -3423.698       32.545   302.6
41.0500       -3390.617    -3422.885       32.267   300.0
41.1000       -3390.478    -3423.663       33.185   308.6
41.1500       -3390.859    -3424.654       33.795   314.2
41.2000       -3390.922    -3424.500       33.578   312.2
41.2500       -3391.315    -3424.882       33.567   312.1
41.3000       -3391.190    -3422.837       31.647   294.3
41.3500       -3390.921    -3423.788       32.867   305.6
41.4000       -3391.550    -3425.697       34.146   317.5
41.4500       -3391.687    -3425.438       33.751   313.8
41.5000       -3392.061    -3425.877       33.816   314.4
41.5500       -3391.916    -3424.931       33.015   307.0
41.6000       -3391.684    -3423.710       32.026   297.8
41.6500       -3391.706    -3424.989       33.283   309.5
41.7000       -3391.589    -3424.592       33.002   306.9
41.7500       -3391.574    -3424.682       33.109   307.9
41.8000       -3391.989    -3426.206       34.217   318.2
41.8500       -3391.750    -3424.013       32.263   300.0
41.9000       -3391.588    -3423.449       31.860   296.3
41.9500       -3391.395    -3424.611       33.216   308.9
42.0000       -3391.518    -3424.842       33.324   309.9
42.0500       -3391.860    -3425.343       33.483   311.3
42.1000       -3392.115    -3426.709       34.593   321.7
42.1500       -3392.594    -3425.239       32.644   303.5
42.2000       -3392.593    -3425.219       32.627   303.4
42.2500       -3392.315    -3425.458       33.143   308.2
42.3000       -3392.270    -3424.973       32.703   304.1
42.3500       -3391.806    -3424.495       32.689   304.0
42.4000       -3391.665    -3423.818       32.153   299.0
42.4500       -3391.502    -3425.433       33.931   315.5
42.5000       -3391.649    -3424.199       32.550   302.7
42.5500       -3391.513    -3424.565       33.052   307.3
42.6000       -3391.526    -3425.212       33.686   313.2
42.6500       -3391.782    -3424.768       32.987   306.7
42.7000       -3391.760    -3424.476       32.716   304.2
42.7500       -3391.670    -3425.270       33.600   312.4
42.8000       -3392.049    -3425.061       33.012   307.0
42.8500       -3391.856    -3424.913       33.057   307.4
42.9000       -3391.701    -3424.800       33.099   307.8
42.9500       -3391.511    -3423.842       32.331   300.6
43.0000       -3391.200    -3424.093       32.892   305.9
43.0500       -3391.271    -3426.232       34.960   325.1
43.1000       -3391.920    -3425.513       33.592   312.4
43.1500       -3391.663    -3424.305       32.642   303.5
43.2000       -3391.459    -3423.800       32.340   300.7
43.2500       -3391.468    -3425.473       34.005   316.2
43.3000       -3391.644    -3424.987       33.343   310.0
43.3500       -3391.952    -3425.566       33.614   312.6
43.4000       -3391.976    -3424.191       32.215   299.6
43.4500       -3391.457    -3423.801       32.344   300.7
43.5000       -3391.293    -3423.632       32.339   300.7
43.5500       -3391.241    -3425.244       34.004   316.2
43.6000       -3391.386    -3424.222       32.836   305.3
43.6500       -3391.325    -3425.183       33.858   314.8
43.7000       -3391.335    -3423.937       32.602   303.2
43.7500       -3391.222    -3423.781       32.559   302.7
43.8000       -3391.437    -3424.856       33.419   310.7
43.8500       -3391.576    -3424.537       32.962   306.5
43.9000       -3391.186    -3423.100       31.913   296.7
43.9500       -3391.279    -3424.679       33.400   310.6
44.0000       -3391.329    -3425.373       34.044   316.6
44.0500       -3391.374    -3424.270       32.896   305.9
44.1000       -3391.208    -3424.235       33.027   307.1
44.1500       -3391.204    -3425.424       34.221   318.2
44.2000       -3391.315    -3424.432       33.117   307.9
44.2500       -3391.502    -3424.770       33.268   309.3
44.3000       -3391.461    -3424.854       33.393   310.5
44.3500       -3391.291    -3423.907       32.616   303.3
44.4000       -3390.949    -3423.705       32.755   304.6
44.4500       -3390.797    -3424.462       33.664   313.0
44.5000       -3391.039    -3424.233       33.195   308.7
44.5500       -3390.943    -3423.487       32.544   302.6
44.6000       -3390.536    -3423.119       32.583   303.0
44.6500       -3390.483    -3424.056       33.573   312.2
44.7000       -3390.786    -3424.906       34.120   317.3
44.7500       -3390.919    -3424.194       33.275   309.4
44.8000       -3390.846    -3424.338       33.493   311.4
44.8500       -3391.086    -3424.919       33.833   314.6
44.9000       -3391.254    -3424.119       32.865   305.6
44.9500       -3391.208    -3424.286       33.078   307.6
45.0000       -3391.053    -3423.444       32.390   301.2
45.0500       -3390.984    -3423.984       33.000   306.9
45.1000       -3390.768    -3424.468       33.700   313.4
45.1500       -3390.586    -3424.385       33.799   314.3
45.2000       -3390.491    -3423.018       32.527   302.4
45.2500       -3390.466    -3423.714       33.248   309.2
45.3000       -3390.327    -3422.225       31.898   296.6
45.3500       -3390.345    -3424.252       33.907   315.3
45.4000       -3390.548    -3424.953       34.405   319.9
45.4500       -3390.775    -3423.652       32.877   305.7
45.5000       -3390.826    -3424.189       33.363   310.2
45.5500       -3391.030    -3424.491       33.462   311.1
45.6000       -3391.167    -3423.990       32.823   305.2
45.6500       -3391.014    -3424.761       33.747   313.8
45.7000       -3391.205    -3424.845       33.640   312.8
45.7500       -3391.109    -3423.676       32.567   302.8
45.8000       -3390.816    -3423.535       32.719   304.2
45.8500       -3390.709    -3423.479       32.770   304.7
45.9000       -3390.800    -3423.254       32.454   301.8
45.9500       -3390.705    -3423.201       32.496   302.2
46.0000       -3390.527    -3423.744       33.218   308.9
46.0500       -3390.583    -3424.360       33.777   314.1
46.1000       -3390.696    -3423.324       32.628   303.4
46.1500       -3390.505    -3423.523       33.018   307.0
46.2000       -3390.470    -3424.011       33.541   311.9
46.2500       -3390.598    -3423.451       32.853   305.5
46.3000       -3390.423    -3424.275       33.852   314.8
46.3500       -3390.979    -3424.522       33.543   311.9
46.4000       -3391.176    -3423.577       32.401   301.3
46.4500       -3390.994    -3423.790       32.796   305.0
46.5000       -3390.749    -3424.488       33.739   313.7
46.5500       -3390.809    -3422.920       32.111   298.6
46.6000       -3390.900    -3424.077       33.177   308.5
46.6500       -3390.780    -3424.452       33.672   313.1
46.7000       -3390.955    -3424.452       33.497   311.5
46.7500       -3391.072    -3424.755       33.682   313.2
46.8000       -3391.152    -3423.901       32.749   304.5
46.8500       -3391.121    -3424.055       32.934   306.2
46.9000       -3391.245    -3423.407       32.162   299.1
46.9500       -3391.295    -3424.180       32.885   305.8
47.0000       -3391.299    -3424.078       32.780   304.8
47.0500       -3391.419    -3424.725       33.306   309.7
47.1000       -3391.498    -3424.657       33.159   308.3
47.1500       -3391.200    -3422.862       31.661   294.4
47.2000       -3391.027    -3424.022       32.995   306.8
47.2500       -3391.339    -3424.275       32.936   306.3
47.3000       -3391.477    -3424.628       33.152   308.3
47.3500       -3391.572    -3424.883       33.311   309.7
47.4000       -3391.498    -3425.098       33.600   312.4
47.4500       -3391.358    -3424.113       32.755   304.6
47.5000       -3391.137    -3424.313       33.176   308.5
47.5500       -3391.228    -3424.846       33.618   312.6
47.6000       -3391.189    -3422.730       31.541   293.3
47.6500       -3390.955    -3423.126       32.171   299.1
47.7000       -3391.067    -3424.587       33.520   311.7
47.7500       -3391.151    -3425.159       34.008   316.2
47.8000       -3391.190    -3423.843       32.653   303.6
47.8500       -3391.257    -3423.305       32.048   298.0
47.9000       -3391.026    -3424.673       33.647   312.9
47.9500       -3391.200    -3424.127       32.927   306.2
48.0000       -3391.135    -3423.917       32.782   304.8
48.0500       -3390.959    -3423.828       32.868   305.6
48.1000       -3390.965    -3423.307       32.342   300.7
48.1500       -3390.865    -3423.410       32.545   302.6
48.2000       -3390.695    -3422.917       32.222   299.6
48.2500       -3390.708    -3423.770       33.062   307.4
48.3000       -3390.530    -3423.661       33.131   308.1
48.3500       -3390.531    -3423.971       33.440   310.9
48.4000       -3390.680    -3425.200       34.520   321.0
48.4500       -3391.371    -3426.572       35.201   327.3
48.5000       -3391.407    -3425.139       33.732   313.7
48.5500       -3391.395    -3425.064       33.669   313.1
48.6000       -3391.599    -3424.290       32.691   304.0
48.6500       -3391.852    -3426.301       34.449   320.3
48.7000       -3391.983    -3425.580       33.597   312.4
48.7500       -3391.889    -3424.228       32.339   300.7
48.8000       -3391.669    -3424.294       32.625   303.4
48.8500       -3391.453    -3424.627       33.175   308.5
48.9000       -3391.580    -3425.479       33.899   315.2
48.9500       -3391.510    -3424.765       33.255   309.2
49.0000       -3391.693    -3425.031       33.338   310.0
49.0500       -3391.509    -3422.865       31.355   291.6
49.1000       -3391.155    -3424.847       33.691   313.3
49.1500       -3391.332    -3423.764       32.433   301.6
49.2000       -3391.414    -3424.722       33.308   309.7
49.2500       -3391.496    -3425.637       34.141   317.5
49.3000       -3391.673    -3425.308       33.635   312.8
49.3500       -3391.685    -3425.253       33.568   312.1
49.4000       -3392.031    -3425.926       33.895   315.2
49.4500       -3392.363    -3425.888       33.525   311.7
49.5000       -3392.277    -3424.958       32.681   303.9
49.5500       -3392.019    -3424.806       32.787   304.9
49.6000       -3391.846    -3424.835       32.989   306.7
49.6500       -3392.049    -3425.773       33.724   313.6
49.7000       -3392.024    -3425.488       33.464   311.2
49.7500       -3391.780    -3425.136       33.356   310.2
49.8000       -3392.032    -3426.240       34.208   318.1
49.8500       -3392.340    -3424.972       32.633   303.4
49.9000       -3392.189    -3425.392       33.203   308.7
49.9500       -3392.130    -3425.409       33.279   309.4
50.0000       -3391.842    -3424.252       32.410   301.4
