Time[ps]      Etot[eV]     Epot[eV]     Ekin[eV]    T[K]
0.0000        -3410.500    -3410.500        0.000     0.0
0.0500        -3406.285    -3445.561       39.276   365.2
0.1000        -3403.482    -3439.236       35.753   332.5
0.1500        -3401.337    -3433.438       32.101   298.5
0.2000        -3400.485    -3434.886       34.402   319.9
0.2500        -3398.385    -3436.180       37.795   351.4
0.3000        -3397.816    -3426.851       29.035   270.0
0.3500        -3397.480    -3428.557       31.078   289.0
0.4000        -3396.805    -3437.637       40.832   379.7
0.4500        -3394.314    -3435.930       41.616   387.0
0.5000        -3394.427    -3435.459       41.033   381.5
0.5500        -3396.716    -3435.399       38.683   359.7
0.6000        -3394.273    -3428.683       34.410   320.0
0.6500        -3395.302    -3427.333       32.031   297.8
0.7000        -3394.938    -3431.783       36.844   342.6
0.7500        -3394.729    -3434.978       40.249   374.3
0.8000        -3395.854    -3415.542       19.688   183.1
0.8500        -3395.037    -3425.331       30.294   281.7
0.9000        -3394.492    -3420.968       26.476   246.2
0.9500        -3390.647    -3426.417       35.770   332.6
1.0000        -3392.073    -3421.160       29.086   270.5
1.0500        -3391.461    -3423.183       31.721   295.0
1.1000        -3391.602    -3425.764       34.162   317.7
1.1500        -3391.802    -3424.728       32.926   306.2
1.2000        -3391.243    -3418.656       27.412   254.9
1.2500        -3391.556    -3431.017       39.460   366.9
1.3000        -3393.573    -3435.769       42.196   392.4
1.3500        -3392.238    -3433.106       40.869   380.0
1.4000        -3393.808    -3431.559       37.751   351.0
1.4500        -3391.911    -3420.053       28.142   261.7
1.5000        -3390.696    -3428.631       37.935   352.7
1.5500        -3389.102    -3425.734       36.632   340.6
1.6000        -3389.491    -3418.492       29.000   269.7
1.6500        -3389.431    -3432.488       43.056   400.4
1.7000        -3392.178    -3417.085       24.907   231.6
1.7500        -3391.403    -3420.326       28.923   268.9
1.8000        -3391.956    -3424.663       32.707   304.1
1.8500        -3390.232    -3422.007       31.775   295.5
1.9000        -3388.010    -3424.358       36.349   338.0
1.9500        -3387.314    -3420.515       33.200   308.7
2.0000        -3387.756    -3428.085       40.330   375.0
2.0500        -3390.815    -3429.827       39.012   362.8
2.1000        -3391.951    -3434.155       42.204   392.4
2.1500        -3392.035    -3421.750       29.715   276.3
2.2000        -3390.348    -3421.624       31.276   290.8
2.2500        -3389.142    -3420.111       30.969   288.0
2.3000        -3389.069    -3424.726       35.657   331.6
2.3500        -3389.260    -3421.025       31.764   295.4
2.4000        -3388.240    -3420.241       32.001   297.6
2.4500        -3386.818    -3419.965       33.148   308.2
2.5000        -3387.391    -3424.743       37.352   347.3
2.5500        -3388.619    -3426.100       37.481   348.5
2.6000        -3389.455    -3424.439       34.984   325.3
2.6500        -3388.499    -3422.144       33.645   312.8
2.7000        -3388.421    -3424.265       35.843   333.3
2.7500        -3388.281    -3424.585       36.305   337.6
2.8000        -3388.486    -3424.162       35.676   331.7
2.8500        -3388.228    -3424.662       36.434   338.8
2.9000        -3388.466    -3422.896       34.430   320.1
2.9500        -3388.265    -3424.414       36.149   336.1
3.0000        -3388.810    -3424.535       35.725   332.2
3.0500        -3388.513    -3422.731       34.218   318.2
3.1000        -3388.243    -3422.259       34.015   316.3
3.1500        -3387.915    -3423.588       35.673   331.7
3.2000        -3387.916    -3424.304       36.389   338.4
3.2500        -3388.021    -3423.986       35.965   334.4
3.3000        -3388.070    -3424.089       36.019   334.9
3.3500        -3388.080    -3423.467       35.387   329.0
3.4000        -3388.045    -3422.690       34.645   322.1
3.4500        -3388.024    -3422.930       34.906   324.6
3.5000        -3387.936    -3423.430       35.494   330.0
3.5500        -3388.053    -3423.028       34.975   325.2
3.6000        -3387.942    -3423.245       35.303   328.3
3.6500        -3387.710    -3421.527       33.817   314.4
3.7000        -3387.295    -3421.709       34.414   320.0
3.7500        -3387.410    -3422.682       35.272   328.0
3.8000        -3387.706    -3424.097       36.392   338.4
3.8500        -3388.134    -3423.953       35.819   333.1
3.9000        -3388.493    -3423.875       35.382   329.0
3.9500        -3388.513    -3423.747       35.234   327.6
4.0000        -3388.811    -3424.868       36.057   335.3
4.0500        -3388.848    -3422.927       34.079   316.9
4.1000        -3388.732    -3424.490       35.758   332.5
4.1500        -3388.380    -3423.598       35.218   327.5
4.2000        -3388.188    -3423.109       34.920   324.7
4.2500        -3388.223    -3423.214       34.991   325.4
4.3000        -3388.419    -3423.385       34.967   325.1
4.3500        -3387.962    -3423.399       35.437   329.5
4.4000        -3388.390    -3424.691       36.301   337.5
4.4500        -3388.527    -3423.085       34.558   321.3
4.5000        -3388.155    -3423.412       35.257   327.8
4.5500        -3388.025    -3423.578       35.552   330.6
4.6000        -3388.084    -3423.862       35.778   332.7
4.6500        -3387.790    -3423.159       35.369   328.9
4.7000        -3387.634    -3423.111       35.476   329.9
4.7500        -3387.400    -3421.368       33.968   315.8
4.8000        -3387.607    -3423.177       35.570   330.7
4.8500        -3387.053    -3421.677       34.625   322.0
4.9000        -3386.856    -3421.207       34.351   319.4
4.9500        -3386.795    -3422.529       35.734   332.3
5.0000        -3386.849    -3423.529       36.680   341.1
5.0500        -3386.985    -3422.530       35.545   330.5
5.1000        -3387.216    -3422.236       35.020   325.6
5.1500        -3387.111    -3422.116       35.005   325.5
5.2000        -3386.887    -3422.359       35.473   329.8
5.2500        -3386.696    -3421.392       34.696   322.6
5.3000        -3386.600    -3421.528       34.928   324.8
5.3500        -3386.550    -3421.580       35.030   325.7
5.4000        -3386.494    -3422.624       36.130   336.0
5.4500        -3386.567    -3422.598       36.031   335.0
5.5000        -3386.807    -3422.033       35.226   327.5
5.5500        -3386.852    -3423.112       36.260   337.2
5.6000        -3386.796    -3422.063       35.267   327.9
5.6500        -3386.852    -3423.368       36.517   339.5
5.7000        -3387.024    -3423.118       36.093   335.6
5.7500        -3386.874    -3422.795       35.921   334.0
5.8000        -3387.069    -3421.831       34.763   323.2
5.8500        -3386.729    -3422.441       35.712   332.1
5.9000        -3386.544    -3421.138       34.594   321.7
5.9500        -3386.306    -3422.168       35.862   333.5
6.0000        -3386.797    -3422.502       35.705   332.0
6.0500        -3386.833    -3421.742       34.909   324.6
6.1000        -3386.670    -3423.398       36.728   341.5
6.1500        -3387.139    -3422.231       35.093   326.3
6.2000        -3386.775    -3421.402       34.627   322.0
6.2500        -3386.898    -3422.916       36.018   334.9
6.3000        -3387.092    -3424.206       37.115   345.1
6.3500        -3387.165    -3422.697       35.532   330.4
6.4000        -3387.216    -3422.346       35.130   326.7
6.4500        -3387.412    -3422.720       35.308   328.3
6.5000        -3387.192    -3421.833       34.641   322.1
6.5500        -3386.793    -3421.010       34.217   318.2
6.6000        -3386.881    -3421.876       34.995   325.4
6.6500        -3387.052    -3422.587       35.535   330.4
6.7000        -3386.943    -3421.902       34.959   325.1
6.7500        -3387.060    -3422.417       35.357   328.8
6.8000        -3386.976    -3421.794       34.818   323.8
6.8500        -3386.930    -3421.511       34.581   321.5
6.9000        -3386.499    -3421.171       34.672   322.4
6.9500        -3386.694    -3421.829       35.135   326.7
7.0000        -3386.822    -3421.995       35.174   327.1
7.0500        -3386.934    -3421.229       34.295   318.9
7.1000        -3386.496    -3420.989       34.494   320.7
7.1500        -3386.346    -3420.479       34.134   317.4
7.2000        -3386.261    -3421.302       35.041   325.8
7.2500        -3386.325    -3423.083       36.758   341.8
7.3000        -3386.874    -3423.091       36.217   336.8
7.3500        -3387.257    -3423.385       36.128   335.9
7.4000        -3387.407    -3421.517       34.110   317.2
7.4500        -3386.816    -3421.341       34.525   321.0
7.5000        -3386.757    -3422.122       35.366   328.8
7.5500        -3386.684    -3421.838       35.154   326.9
7.6000        -3386.631    -3421.820       35.189   327.2
7.6500        -3386.752    -3422.995       36.243   337.0
7.7000        -3386.820    -3422.332       35.512   330.2
7.7500        -3386.842    -3421.943       35.101   326.4
7.8000        -3386.808    -3421.845       35.037   325.8
7.8500        -3386.903    -3422.821       35.917   334.0
7.9000        -3386.906    -3422.427       35.521   330.3
7.9500        -3386.802    -3422.199       35.397   329.1
8.0000        -3386.777    -3421.613       34.836   323.9
8.0500        -3387.136    -3423.665       36.529   339.7
8.1000        -3387.330    -3422.077       34.748   323.1
8.1500        -3386.953    -3421.411       34.458   320.4
8.2000        -3386.648    -3421.284       34.636   322.1
8.2500        -3386.523    -3421.757       35.234   327.6
8.3000        -3386.385    -3421.505       35.120   326.6
8.3500        -3386.345    -3422.005       35.660   331.6
8.4000        -3386.673    -3421.875       35.202   327.3
8.4500        -3386.594    -3421.991       35.397   329.1
8.5000        -3386.636    -3422.464       35.827   333.1
8.5500        -3386.410    -3422.009       35.599   331.0
8.6000        -3386.621    -3421.861       35.240   327.7
8.6500        -3386.572    -3422.222       35.650   331.5
8.7000        -3386.800    -3422.362       35.562   330.7
8.7500        -3386.753    -3421.944       35.191   327.2
8.8000        -3386.843    -3423.419       36.576   340.1
8.8500        -3387.415    -3422.775       35.360   328.8
8.9000        -3387.597    -3423.483       35.886   333.7
8.9500        -3387.523    -3422.665       35.142   326.8
9.0000        -3387.636    -3423.658       36.023   335.0
9.0500        -3387.912    -3423.520       35.608   331.1
9.1000        -3387.731    -3421.452       33.721   313.6
9.1500        -3387.329    -3421.927       34.597   321.7
9.2000        -3387.122    -3421.485       34.363   319.5
9.2500        -3387.022    -3422.821       35.799   332.9
9.3000        -3387.408    -3424.425       37.017   344.2
9.3500        -3387.806    -3422.961       35.155   326.9
9.4000        -3387.401    -3422.357       34.956   325.0
9.4500        -3386.879    -3421.597       34.718   322.8
9.5000        -3387.063    -3421.237       34.173   317.8
9.5500        -3386.858    -3421.802       34.943   324.9
9.6000        -3386.778    -3421.138       34.360   319.5
9.6500        -3386.425    -3420.819       34.393   319.8
9.7000        -3386.095    -3420.506       34.412   320.0
9.7500        -3386.101    -3421.440       35.339   328.6
9.8000        -3386.058    -3421.799       35.740   332.3
9.8500        -3386.335    -3422.576       36.241   337.0
9.9000        -3386.745    -3422.729       35.984   334.6
9.9500        -3386.439    -3420.883       34.444   320.3
10.0000       -3386.462    -3422.108       35.647   331.5
10.0500       -3386.574    -3421.402       34.828   323.8
10.1000       -3386.186    -3421.501       35.315   328.4
10.1500       -3386.276    -3421.451       35.175   327.1
10.2000       -3386.501    -3421.267       34.766   323.3
10.2500       -3386.392    -3421.848       35.456   329.7
10.3000       -3386.458    -3421.977       35.518   330.3
10.3500       -3386.750    -3421.813       35.063   326.0
10.4000       -3386.790    -3422.771       35.981   334.6
10.4500       -3386.892    -3422.605       35.713   332.1
10.5000       -3387.070    -3422.720       35.650   331.5
10.5500       -3387.291    -3423.390       36.099   335.7
10.6000       -3387.523    -3423.497       35.974   334.5
10.6500       -3387.638    -3423.745       36.108   335.7
10.7000       -3388.031    -3424.284       36.253   337.1
10.7500       -3387.976    -3423.310       35.334   328.6
10.8000       -3387.780    -3421.237       33.457   311.1
10.8500       -3387.343    -3422.087       34.744   323.1
10.9000       -3386.876    -3421.729       34.853   324.1
10.9500       -3386.656    -3422.246       35.591   330.9
11.0000       -3386.927    -3423.151       36.224   336.8
11.0500       -3387.367    -3423.902       36.534   339.7
11.1000       -3387.678    -3421.801       34.123   317.3
11.1500       -3387.642    -3422.554       34.912   324.6
11.2000       -3387.051    -3422.104       35.054   325.9
11.2500       -3386.865    -3420.821       33.956   315.7
11.3000       -3386.397    -3422.119       35.722   332.2
11.3500       -3386.738    -3422.471       35.733   332.3
11.4000       -3387.002    -3422.239       35.237   327.7
11.4500       -3386.680    -3420.621       33.941   315.6
11.5000       -3386.355    -3420.405       34.050   316.6
11.5500       -3386.143    -3421.092       34.949   325.0
11.6000       -3386.343    -3421.686       35.343   328.6
11.6500       -3386.341    -3422.914       36.573   340.1
11.7000       -3386.435    -3422.141       35.706   332.0
11.7500       -3386.243    -3421.119       34.876   324.3
11.8000       -3386.316    -3421.655       35.338   328.6
11.8500       -3386.635    -3421.803       35.168   327.0
11.9000       -3386.757    -3422.345       35.588   330.9
11.9500       -3386.926    -3421.729       34.803   323.6
12.0000       -3386.969    -3421.864       34.895   324.5
12.0500       -3386.409    -3420.870       34.461   320.4
12.1000       -3386.668    -3423.450       36.782   342.0
12.1500       -3387.301    -3422.735       35.434   329.5
12.2000       -3386.939    -3422.558       35.619   331.2
12.2500       -3387.088    -3421.777       34.690   322.6
12.3000       -3387.030    -3423.461       36.432   338.8
12.3500       -3387.236    -3422.419       35.182   327.1
12.4000       -3386.959    -3422.039       35.080   326.2
12.4500       -3386.885    -3420.708       33.823   314.5
12.5000       -3386.489    -3422.223       35.734   332.3
12.5500       -3386.364    -3421.225       34.861   324.2
12.6000       -3386.685    -3422.552       35.867   333.5
12.6500       -3387.047    -3422.324       35.277   328.0
12.7000       -3387.010    -3421.831       34.821   323.8
12.7500       -3386.849    -3422.918       36.069   335.4
12.8000       -3386.986    -3421.831       34.845   324.0
12.8500       -3386.649    -3421.933       35.283   328.1
12.9000       -3386.856    -3422.194       35.338   328.6
12.9500       -3386.826    -3422.485       35.659   331.6
13.0000       -3386.730    -3422.033       35.302   328.3
13.0500       -3386.429    -3421.079       34.650   322.2
13.1000       -3386.250    -3421.239       34.989   325.3
13.1500       -3386.381    -3422.717       36.336   337.9
13.2000       -3386.557    -3422.083       35.526   330.3
13.2500       -3386.696    -3422.032       35.336   328.6
13.3000       -3386.501    -3422.404       35.903   333.8
13.3500       -3386.725    -3422.321       35.596   331.0
13.4000       -3386.096    -3421.023       34.928   324.8
13.4500       -3386.461    -3422.364       35.903   333.8
13.5000       -3386.795    -3422.536       35.742   332.3
13.5500       -3386.731    -3421.320       34.589   321.6
13.6000       -3386.167    -3421.499       35.331   328.5
13.6500       -3386.153    -3420.584       34.431   320.2
13.7000       -3386.679    -3423.237       36.558   339.9
13.7500       -3387.113    -3423.423       36.310   337.6
13.8000       -3387.140    -3422.042       34.902   324.5
13.8500       -3386.992    -3421.838       34.846   324.0
13.9000       -3386.942    -3421.597       34.655   322.2
13.9500       -3386.822    -3421.374       34.552   321.3
14.0000       -3386.753    -3422.594       35.842   333.3
14.0500       -3386.982    -3422.819       35.837   333.2
14.1000       -3386.806    -3421.681       34.875   324.3
14.1500       -3386.751    -3421.794       35.043   325.8
14.2000       -3386.332    -3421.952       35.620   331.2
14.2500       -3386.250    -3421.386       35.136   326.7
14.3000       -3386.198    -3421.895       35.696   331.9
14.3500       -3386.432    -3421.955       35.523   330.3
14.4000       -3386.623    -3422.556       35.933   334.1
14.4500       -3386.862    -3421.721       34.859   324.1
14.5000       -3386.702    -3421.868       35.166   327.0
14.5500       -3386.738    -3421.358       34.620   321.9
14.6000       -3386.580    -3422.483       35.903   333.8
14.6500       -3386.537    -3420.938       34.401   319.9
14.7000       -3386.445    -3421.266       34.821   323.8
14.7500       -3386.544    -3422.020       35.476   329.9
14.8000       -3386.573    -3421.102       34.529   321.1
14.8500       -3386.605    -3422.539       35.934   334.1
14.9000       -3386.746    -3421.181       34.435   320.2
14.9500       -3386.598    -3422.085       35.486   330.0
15.0000       -3386.473    -3420.724       34.251   318.5
15.0500       -3386.322    -3420.614       34.293   318.9
15.1000       -3386.275    -3422.250       35.975   334.5
15.1500       -3386.358    -3422.406       36.049   335.2
15.2000       -3386.337    -3422.131       35.794   332.8
15.2500       -3386.777    -3422.806       36.029   335.0
15.3000       -3386.813    -3421.813       35.000   325.4
15.3500       -3386.758    -3422.734       35.976   334.5
15.4000       -3387.158    -3422.688       35.530   330.4
15.4500       -3387.018    -3422.256       35.238   327.7
15.5000       -3386.934    -3422.052       35.118   326.5
15.5500       -3386.960    -3422.369       35.408   329.2
15.6000       -3386.777    -3422.176       35.399   329.2
15.6500       -3387.047    -3422.380       35.333   328.5
15.7000       -3387.412    -3423.961       36.548   339.8
15.7500       -3387.621    -3423.048       35.427   329.4
15.8000       -3387.461    -3423.097       35.636   331.4
15.8500       -3387.186    -3422.021       34.835   323.9
15.9000       -3387.139    -3423.159       36.020   334.9
15.9500       -3386.862    -3420.876       34.014   316.3
16.0000       -3386.625    -3421.905       35.280   328.1
16.0500       -3386.790    -3421.339       34.549   321.3
16.1000       -3386.555    -3420.827       34.272   318.7
16.1500       -3386.128    -3420.636       34.509   320.9
16.2000       -3386.146    -3420.583       34.437   320.2
16.2500       -3386.150    -3421.859       35.709   332.0
16.3000       -3386.013    -3420.824       34.811   323.7
16.3500       -3386.306    -3423.168       36.862   342.8
16.4000       -3386.981    -3422.798       35.817   333.0
16.4500       -3386.816    -3421.525       34.709   322.7
16.5000       -3386.546    -3421.514       34.968   325.1
16.5500       -3386.516    -3421.285       34.769   323.3
16.6000       -3386.336    -3420.950       34.614   321.9
16.6500       -3386.376    -3422.756       36.381   338.3
16.7000       -3386.796    -3422.135       35.339   328.6
16.7500       -3386.702    -3421.736       35.034   325.8
16.8000       -3386.640    -3422.424       35.784   332.7
16.8500       -3386.465    -3421.168       34.702   322.7
16.9000       -3386.373    -3421.753       35.381   329.0
16.9500       -3386.271    -3421.818       35.547   330.5
17.0000       -3386.409    -3421.535       35.127   326.6
17.0500       -3386.460    -3421.948       35.489   330.0
17.1000       -3386.618    -3421.825       35.208   327.4
17.1500       -3386.989    -3423.159       36.171   336.3
17.2000       -3387.005    -3422.312       35.307   328.3
17.2500       -3386.967    -3421.787       34.820   323.8
17.3000       -3386.773    -3422.498       35.725   332.2
17.3500       -3386.973    -3422.833       35.860   333.4
17.4000       -3387.016    -3421.546       34.530   321.1
17.4500       -3387.281    -3423.185       35.904   333.9
17.5000       -3387.074    -3422.786       35.713   332.1
17.5500       -3387.201    -3422.434       35.234   327.6
17.6000       -3386.737    -3421.195       34.459   320.4
17.6500       -3386.646    -3421.537       34.891   324.4
17.7000       -3387.101    -3423.242       36.141   336.1
17.7500       -3387.251    -3421.540       34.289   318.8
17.8000       -3386.937    -3421.908       34.971   325.2
17.8500       -3387.189    -3423.219       36.030   335.0
17.9000       -3387.448    -3423.670       36.221   336.8
17.9500       -3387.562    -3422.490       34.928   324.8
18.0000       -3387.082    -3421.490       34.408   319.9
18.0500       -3387.163    -3422.208       35.046   325.9
18.1000       -3386.976    -3422.371       35.395   329.1
18.1500       -3387.028    -3422.602       35.574   330.8
18.2000       -3387.286    -3423.234       35.948   334.3
18.2500       -3387.308    -3423.210       35.903   333.8
18.3000       -3387.280    -3422.578       35.298   328.2
18.3500       -3387.086    -3420.695       33.608   312.5
18.4000       -3386.567    -3421.779       35.213   327.4
18.4500       -3386.924    -3423.241       36.317   337.7
18.5000       -3387.173    -3421.854       34.681   322.5
18.5500       -3386.763    -3421.725       34.962   325.1
18.6000       -3386.820    -3422.038       35.218   327.5
18.6500       -3386.546    -3421.024       34.478   320.6
18.7000       -3386.441    -3421.497       35.056   326.0
18.7500       -3386.295    -3421.169       34.874   324.3
18.8000       -3386.406    -3423.175       36.769   341.9
18.8500       -3386.934    -3421.874       34.939   324.9
18.9000       -3386.940    -3421.694       34.753   323.2
18.9500       -3387.103    -3421.699       34.596   321.7
19.0000       -3386.975    -3422.088       35.112   326.5
19.0500       -3386.885    -3421.214       34.329   319.2
19.1000       -3386.643    -3421.709       35.066   326.1
19.1500       -3386.163    -3422.216       36.053   335.2
19.2000       -3386.207    -3422.179       35.972   334.5
19.2500       -3386.138    -3420.615       34.477   320.6
19.3000       -3385.613    -3420.329       34.716   322.8
19.3500       -3385.655    -3421.158       35.503   330.1
19.4000       -3385.845    -3421.068       35.223   327.5
19.4500       -3385.666    -3420.937       35.271   328.0
19.5000       -3385.691    -3421.480       35.790   332.8
19.5500       -3386.107    -3422.275       36.168   336.3
19.6000       -3386.424    -3422.001       35.577   330.8
19.6500       -3386.552    -3422.767       36.214   336.7
19.7000       -3386.359    -3421.537       35.178   327.1
19.7500       -3386.281    -3421.318       35.037   325.8
19.8000       -3386.166    -3421.499       35.333   328.5
19.8500       -3386.272    -3422.254       35.982   334.6
19.9000       -3386.426    -3421.986       35.560   330.7
19.9500       -3386.432    -3420.689       34.258   318.5
20.0000       -3386.310    -3421.904       35.593   331.0
20.0500       -3386.547    -3421.801       35.254   327.8
20.1000       -3386.848    -3422.980       36.132   336.0
20.1500       -3386.767    -3422.711       35.944   334.2
20.2000       -3387.234    -3422.492       35.258   327.8
20.2500       -3387.291    -3423.012       35.721   332.2
20.3000       -3387.536    -3422.785       35.248   327.8
20.3500       -3387.167    -3421.360       34.193   317.9
20.4000       -3386.968    -3421.626       34.658   322.3
20.4500       -3386.950    -3422.960       36.009   334.8
20.5000       -3387.103    -3422.579       35.475   329.9
20.5500       -3387.118    -3423.194       36.076   335.5
20.6000       -3387.414    -3423.072       35.658   331.6
20.6500       -3387.288    -3421.858       34.570   321.4
20.7000       -3387.266    -3422.193       34.927   324.8
20.7500       -3386.763    -3420.868       34.105   317.1
20.8000       -3386.869    -3422.224       35.355   328.8
20.8500       -3386.999    -3421.944       34.945   324.9
20.9000       -3386.866    -3422.483       35.616   331.2
20.9500       -3386.683    -3420.456       33.773   314.0
21.0000       -3386.541    -3420.550       34.008   316.2
21.0500       -3386.437    -3421.076       34.639   322.1
21.1000       -3386.230    -3421.412       35.182   327.1
21.1500       -3386.400    -3422.841       36.442   338.9
21.2000       -3386.943    -3422.439       35.496   330.1
21.2500       -3387.066    -3422.179       35.113   326.5
21.3000       -3387.138    -3422.151       35.012   325.6
21.3500       -3386.814    -3421.869       35.055   326.0
21.4000       -3386.522    -3422.150       35.628   331.3
21.4500       -3386.777    -3423.019       36.242   337.0
21.5000       -3387.058    -3422.371       35.312   328.3
21.5500       -3386.972    -3421.242       34.270   318.7
21.6000       -3386.628    -3421.728       35.100   326.4
21.6500       -3386.735    -3423.189       36.454   339.0
21.7000       -3386.903    -3422.355       35.452   329.7
21.7500       -3386.731    -3421.103       34.372   319.6
21.8000       -3386.698    -3421.990       35.292   328.2
21.8500       -3386.756    -3422.765       36.009   334.8
21.9000       -3387.022    -3423.167       36.145   336.1
21.9500       -3386.817    -3421.795       34.978   325.2
22.0000       -3386.615    -3422.706       36.091   335.6
22.0500       -3386.755    -3421.966       35.211   327.4
22.1000       -3386.648    -3421.611       34.963   325.1
22.1500       -3386.519    -3422.654       36.136   336.0
22.2000       -3386.570    -3422.383       35.813   333.0
22.2500       -3386.770    -3422.068       35.298   328.2
22.3000       -3386.593    -3420.941       34.348   319.4
22.3500       -3386.138    -3421.190       35.052   325.9
22.4000       -3386.392    -3423.353       36.961   343.7
22.4500       -3386.601    -3421.132       34.532   321.1
22.5000       -3386.437    -3422.177       35.740   332.3
22.5500       -3386.861    -3423.768       36.907   343.2
22.6000       -3387.154    -3422.477       35.324   328.5
22.6500       -3387.011    -3421.528       34.516   321.0
22.7000       -3386.708    -3421.662       34.954   325.0
22.7500       -3386.698    -3423.346       36.649   340.8
22.8000       -3387.065    -3423.481       36.416   338.6
22.8500       -3387.148    -3422.695       35.548   330.5
22.9000       -3387.273    -3422.933       35.660   331.6
22.9500       -3387.328    -3422.085       34.757   323.2
23.0000       -3387.141    -3422.103       34.962   325.1
23.0500       -3386.920    -3422.151       35.230   327.6
23.1000       -3386.542    -3421.863       35.322   328.4
23.1500       -3386.339    -3421.270       34.931   324.8
23.2000       -3386.184    -3421.399       35.215   327.4
23.2500       -3386.024    -3421.059       35.035   325.8
23.3000       -3386.306    -3422.125       35.820   333.1
23.3500       -3386.719    -3422.172       35.453   329.7
23.4000       -3386.603    -3421.350       34.748   323.1
23.4500       -3386.956    -3423.953       36.997   344.0
23.5000       -3387.008    -3421.104       34.095   317.0
23.5500       -3386.690    -3422.719       36.029   335.0
23.6000       -3386.686    -3421.969       35.283   328.1
23.6500       -3386.600    -3421.560       34.960   325.1
23.7000       -3387.022    -3422.426       35.404   329.2
23.7500       -3387.059    -3421.800       34.741   323.0
23.8000       -3386.922    -3420.657       33.735   313.7
23.8500       -3386.503    -3420.588       34.085   316.9
23.9000       -3386.217    -3422.375       36.158   336.2
23.9500       -3386.287    -3421.309       35.022   325.7
24.0000       -3386.012    -3421.255       35.243   327.7
24.0500       -3386.228    -3422.693       36.465   339.1
24.1000       -3386.750    -3422.557       35.806   332.9
24.1500       -3386.929    -3422.499       35.570   330.8
24.2000       -3386.935    -3421.969       35.033   325.8
24.2500       -3386.920    -3422.505       35.585   330.9
24.3000       -3387.023    -3421.945       34.923   324.7
24.3500       -3386.878    -3421.376       34.498   320.8
24.4000       -3386.656    -3422.745       36.089   335.6
24.4500       -3387.038    -3422.457       35.419   329.3
24.5000       -3387.241    -3422.402       35.161   326.9
24.5500       -3386.909    -3421.313       34.404   319.9
24.6000       -3387.001    -3422.094       35.094   326.3
24.6500       -3387.029    -3421.478       34.449   320.3
24.7000       -3386.821    -3422.082       35.260   327.9
24.7500       -3386.806    -3420.778       33.971   315.9
24.8000       -3386.778    -3422.555       35.776   332.7
24.8500       -3387.029    -3423.498       36.469   339.1
24.9000       -3386.868    -3420.640       33.771   314.0
24.9500       -3386.662    -3422.501       35.840   333.3
25.0000       -3386.655    -3421.464       34.809   323.7
25.0500       -3386.847    -3422.604       35.756   332.5
25.1000       -3386.913    -3422.029       35.116   326.5
25.1500       -3386.680    -3421.468       34.788   323.5
25.2000       -3386.574    -3421.509       34.934   324.8
25.2500       -3386.709    -3422.295       35.587   330.9
25.3000       -3387.120    -3422.026       34.906   324.6
25.3500       -3386.883    -3421.823       34.940   324.9
25.4000       -3386.988    -3422.302       35.314   328.4
25.4500       -3387.029    -3421.291       34.262   318.6
25.5000       -3386.675    -3421.191       34.516   320.9
25.5500       -3386.378    -3422.404       36.026   335.0
25.6000       -3386.234    -3421.500       35.266   327.9
25.6500       -3386.297    -3421.186       34.889   324.4
25.7000       -3386.273    -3420.675       34.402   319.9
25.7500       -3386.141    -3420.312       34.171   317.7
25.8000       -3385.751    -3419.993       34.243   318.4
25.8500       -3385.681    -3420.831       35.150   326.8
25.9000       -3385.858    -3421.387       35.529   330.4
25.9500       -3386.093    -3421.440       35.346   328.7
26.0000       -3385.924    -3421.517       35.593   331.0
26.0500       -3385.888    -3421.530       35.642   331.4
26.1000       -3385.803    -3421.310       35.508   330.2
26.1500       -3385.775    -3421.712       35.937   334.2
26.2000       -3386.033    -3422.800       36.767   341.9
26.2500       -3386.230    -3421.951       35.722   332.2
26.3000       -3386.428    -3421.329       34.900   324.5
26.3500       -3386.484    -3421.938       35.454   329.7
26.4000       -3386.652    -3420.826       34.174   317.8
26.4500       -3386.658    -3421.563       34.905   324.6
26.5000       -3386.473    -3421.918       35.445   329.6
26.5500       -3386.510    -3421.849       35.339   328.6
26.6000       -3386.295    -3419.932       33.636   312.8
26.6500       -3386.070    -3421.958       35.888   333.7
26.7000       -3386.343    -3421.901       35.558   330.6
26.7500       -3386.782    -3423.026       36.244   337.0
26.8000       -3387.167    -3421.782       34.615   321.9
26.8500       -3386.565    -3419.976       33.411   310.7
26.9000       -3386.237    -3420.585       34.347   319.4
26.9500       -3386.285    -3421.530       35.245   327.7
27.0000       -3386.305    -3422.047       35.742   332.3
27.0500       -3386.459    -3420.995       34.536   321.1
27.1000       -3386.387    -3421.369       34.982   325.3
27.1500       -3386.592    -3422.458       35.865   333.5
27.2000       -3386.898    -3421.615       34.717   322.8
27.2500       -3386.326    -3421.582       35.256   327.8
27.3000       -3386.309    -3422.252       35.943   334.2
27.3500       -3386.275    -3420.397       34.121   317.3
27.4000       -3386.357    -3422.191       35.833   333.2
27.4500       -3386.754    -3422.688       35.935   334.1
27.5000       -3386.820    -3422.739       35.919   334.0
27.5500       -3386.818    -3421.741       34.923   324.7
27.6000       -3386.531    -3421.502       34.972   325.2
27.6500       -3386.564    -3422.368       35.804   332.9
27.7000       -3386.526    -3420.788       34.262   318.6
27.7500       -3386.369    -3422.051       35.682   331.8
27.8000       -3386.728    -3421.511       34.783   323.4
27.8500       -3386.727    -3420.644       33.917   315.4
27.9000       -3386.643    -3421.389       34.747   323.1
27.9500       -3386.159    -3421.063       34.904   324.6
28.0000       -3386.132    -3420.553       34.421   320.1
28.0500       -3385.899    -3420.805       34.906   324.6
28.1000       -3386.099    -3421.333       35.234   327.6
28.1500       -3385.907    -3420.626       34.719   322.8
28.2000       -3385.966    -3421.658       35.691   331.9
28.2500       -3386.070    -3422.041       35.971   334.5
28.3000       -3386.434    -3422.287       35.852   333.4
28.3500       -3386.296    -3421.552       35.256   327.8
28.4000       -3386.242    -3421.439       35.197   327.3
28.4500       -3386.290    -3420.949       34.659   322.3
28.5000       -3386.299    -3421.406       35.108   326.5
28.5500       -3386.024    -3420.679       34.655   322.2
28.6000       -3386.138    -3421.661       35.524   330.3
28.6500       -3385.968    -3420.969       35.002   325.5
28.7000       -3386.084    -3421.887       35.804   332.9
28.7500       -3386.421    -3422.849       36.429   338.7
28.8000       -3386.512    -3421.588       35.076   326.2
28.8500       -3386.046    -3420.610       34.564   321.4
28.9000       -3386.115    -3421.073       34.958   325.1
28.9500       -3386.279    -3422.256       35.977   334.5
29.0000       -3386.186    -3420.303       34.117   317.2
29.0500       -3385.950    -3422.203       36.253   337.1
29.1000       -3385.991    -3421.351       35.361   328.8
29.1500       -3385.645    -3420.453       34.808   323.7
29.2000       -3385.863    -3421.971       36.109   335.8
29.2500       -3386.172    -3421.184       35.012   325.6
29.3000       -3386.017    -3420.634       34.617   321.9
29.3500       -3386.268    -3421.639       35.371   328.9
29.4000       -3386.467    -3421.582       35.115   326.5
29.4500       -3386.275    -3422.101       35.825   333.1
29.5000       -3386.268    -3421.731       35.463   329.8
29.5500       -3386.642    -3422.768       36.125   335.9
29.6000       -3386.935    -3421.440       34.505   320.8
29.6500       -3386.776    -3420.800       34.024   316.4
29.7000       -3386.114    -3420.409       34.295   318.9
29.7500       -3385.941    -3421.141       35.199   327.3
29.8000       -3386.075    -3421.921       35.847   333.3
29.8500       -3386.121    -3420.816       34.696   322.6
29.9000       -3385.922    -3421.103       35.182   327.1
29.9500       -3386.111    -3421.965       35.854   333.4
30.0000       -3386.143    -3421.275       35.132   326.7
30.0500       -3386.128    -3421.218       35.090   326.3
30.1000       -3386.138    -3421.666       35.528   330.4
30.1500       -3386.282    -3422.312       36.030   335.0
30.2000       -3386.264    -3421.682       35.418   329.3
30.2500       -3386.216    -3420.696       34.479   320.6
30.3000       -3386.217    -3422.069       35.852   333.4
30.3500       -3386.643    -3422.679       36.035   335.1
30.4000       -3386.657    -3421.351       34.694   322.6
30.4500       -3386.319    -3420.609       34.290   318.8
30.5000       -3386.002    -3420.631       34.629   322.0
30.5500       -3386.231    -3422.401       36.170   336.3
30.6000       -3386.154    -3421.306       35.151   326.9
30.6500       -3386.361    -3422.129       35.768   332.6
30.7000       -3385.994    -3420.531       34.536   321.1
30.7500       -3386.206    -3421.696       35.489   330.0
30.8000       -3386.236    -3421.129       34.892   324.4
30.8500       -3386.011    -3420.827       34.816   323.7
30.9000       -3386.026    -3420.932       34.907   324.6
30.9500       -3385.929    -3420.392       34.463   320.5
31.0000       -3385.815    -3421.241       35.426   329.4
31.0500       -3385.961    -3421.563       35.602   331.0
31.1000       -3386.193    -3421.684       35.490   330.0
31.1500       -3386.038    -3421.143       35.106   326.4
31.2000       -3386.494    -3422.507       36.013   334.9
31.2500       -3386.588    -3421.426       34.838   323.9
31.3000       -3386.325    -3421.880       35.555   330.6
31.3500       -3386.397    -3422.110       35.713   332.1
31.4000       -3386.131    -3419.847       33.716   313.5
31.4500       -3385.955    -3421.772       35.817   333.0
31.5000       -3386.411    -3422.006       35.596   331.0
31.5500       -3386.771    -3422.392       35.621   331.2
31.6000       -3386.521    -3421.592       35.071   326.1
31.6500       -3386.427    -3422.017       35.590   330.9
31.7000       -3386.333    -3421.840       35.507   330.2
31.7500       -3386.257    -3421.571       35.314   328.4
31.8000       -3386.220    -3421.687       35.466   329.8
31.8500       -3386.674    -3422.053       35.379   329.0
31.9000       -3386.799    -3422.670       35.871   333.5
31.9500       -3386.820    -3422.349       35.529   330.4
32.0000       -3386.733    -3421.616       34.883   324.4
32.0500       -3386.732    -3422.346       35.614   331.2
32.1000       -3386.791    -3422.432       35.641   331.4
32.1500       -3386.632    -3421.326       34.694   322.6
32.2000       -3386.400    -3420.830       34.430   320.1
32.2500       -3386.114    -3421.596       35.482   329.9
32.3000       -3386.265    -3421.608       35.343   328.6
32.3500       -3386.275    -3421.838       35.563   330.7
32.4000       -3386.417    -3422.221       35.804   332.9
32.4500       -3386.232    -3421.562       35.331   328.5
32.5000       -3386.071    -3420.943       34.872   324.3
32.5500       -3385.845    -3421.042       35.197   327.3
32.6000       -3386.261    -3421.620       35.359   328.8
32.6500       -3386.231    -3421.612       35.381   329.0
32.7000       -3386.434    -3420.675       34.241   318.4
32.7500       -3386.474    -3420.529       34.055   316.7
32.8000       -3386.356    -3421.292       34.936   324.8
32.8500       -3386.286    -3422.047       35.761   332.5
32.9000       -3386.474    -3422.118       35.644   331.4
32.9500       -3386.362    -3420.798       34.436   320.2
33.0000       -3386.119    -3421.137       35.018   325.6
33.0500       -3386.023    -3420.745       34.722   322.9
33.1000       -3385.910    -3420.758       34.847   324.0
33.1500       -3385.798    -3421.958       36.160   336.2
33.2000       -3386.038    -3422.318       36.280   337.4
33.2500       -3386.209    -3421.642       35.433   329.5
33.3000       -3386.353    -3421.778       35.425   329.4
33.3500       -3386.342    -3420.962       34.621   321.9
33.4000       -3386.491    -3422.950       36.459   339.0
33.4500       -3386.753    -3422.050       35.297   328.2
33.5000       -3386.462    -3421.213       34.751   323.1
33.5500       -3386.114    -3421.051       34.937   324.9
33.6000       -3385.866    -3420.162       34.296   318.9
33.6500       -3385.717    -3421.355       35.638   331.4
33.7000       -3386.234    -3421.453       35.219   327.5
33.7500       -3386.430    -3421.875       35.445   329.6
33.8000       -3386.471    -3421.789       35.317   328.4
33.8500       -3386.513    -3422.028       35.515   330.2
33.9000       -3386.381    -3421.982       35.601   331.0
33.9500       -3386.163    -3421.286       35.123   326.6
34.0000       -3386.642    -3421.133       34.491   320.7
34.0500       -3386.319    -3420.781       34.462   320.4
34.1000       -3386.276    -3421.969       35.694   331.9
34.1500       -3386.272    -3421.071       34.799   323.6
34.2000       -3386.264    -3422.418       36.154   336.2
34.2500       -3386.457    -3421.937       35.480   329.9
34.3000       -3386.322    -3420.820       34.498   320.8
34.3500       -3386.187    -3421.685       35.498   330.1
34.4000       -3386.419    -3422.375       35.957   334.3
34.4500       -3386.536    -3421.199       34.663   322.3
34.5000       -3386.426    -3420.594       34.168   317.7
34.5500       -3386.292    -3421.041       34.749   323.1
34.6000       -3386.060    -3421.371       35.311   328.3
34.6500       -3385.925    -3420.583       34.657   322.3
34.7000       -3385.424    -3419.813       34.389   319.8
34.7500       -3385.240    -3421.552       36.312   337.6
34.8000       -3385.172    -3419.916       34.744   323.1
34.8500       -3385.443    -3421.587       36.143   336.1
34.9000       -3385.447    -3420.413       34.965   325.1
34.9500       -3384.986    -3419.343       34.357   319.5
35.0000       -3385.114    -3420.524       35.410   329.3
35.0500       -3385.240    -3421.137       35.897   333.8
35.1000       -3385.867    -3422.092       36.224   336.8
35.1500       -3385.887    -3420.715       34.828   323.8
35.2000       -3386.318    -3422.346       36.027   335.0
35.2500       -3386.370    -3421.085       34.715   322.8
35.3000       -3386.197    -3420.575       34.378   319.7
35.3500       -3386.065    -3420.956       34.890   324.4
35.4000       -3386.274    -3421.655       35.381   329.0
35.4500       -3386.382    -3421.841       35.459   329.7
35.5000       -3386.467    -3422.762       36.295   337.5
35.5500       -3386.579    -3422.201       35.622   331.2
35.6000       -3386.809    -3422.150       35.342   328.6
35.6500       -3387.015    -3422.903       35.889   333.7
35.7000       -3386.953    -3422.563       35.610   331.1
35.7500       -3386.771    -3422.370       35.599   331.0
35.8000       -3386.672    -3421.900       35.228   327.6
35.8500       -3386.378    -3421.305       34.926   324.8
35.9000       -3386.257    -3420.920       34.663   322.3
35.9500       -3386.276    -3422.020       35.744   332.4
36.0000       -3386.458    -3423.058       36.600   340.3
36.0500       -3386.609    -3420.790       34.180   317.8
36.1000       -3386.474    -3422.040       35.566   330.7
36.1500       -3386.720    -3422.557       35.837   333.2
36.2000       -3386.798    -3421.594       34.795   323.5
36.2500       -3386.758    -3421.707       34.948   325.0
36.3000       -3386.814    -3422.287       35.473   329.8
36.3500       -3386.789    -3422.440       35.651   331.5
36.4000       -3386.705    -3422.732       36.027   335.0
36.4500       -3386.887    -3422.352       35.465   329.8
36.5000       -3386.730    -3422.213       35.483   329.9
36.5500       -3386.830    -3422.430       35.600   331.0
36.6000       -3386.939    -3422.147       35.208   327.4
36.6500       -3387.194    -3423.015       35.821   333.1
36.7000       -3387.080    -3422.379       35.300   328.2
36.7500       -3387.411    -3423.546       36.135   336.0
36.8000       -3387.461    -3422.225       34.764   323.2
36.8500       -3387.541    -3423.217       35.676   331.7
36.9000       -3387.720    -3422.610       34.889   324.4
36.9500       -3387.481    -3422.006       34.524   321.0
37.0000       -3387.044    -3421.840       34.796   323.5
37.0500       -3387.071    -3422.346       35.275   328.0
37.1000       -3386.992    -3422.596       35.604   331.1
37.1500       -3387.107    -3421.922       34.815   323.7
37.2000       -3386.873    -3421.859       34.986   325.3
37.2500       -3387.130    -3422.548       35.418   329.3
37.3000       -3387.154    -3421.434       34.280   318.8
37.3500       -3386.786    -3421.481       34.695   322.6
37.4000       -3386.539    -3421.206       34.667   322.4
37.4500       -3386.416    -3421.902       35.485   330.0
37.5000       -3386.623    -3420.687       34.064   316.7
37.5500       -3386.294    -3420.368       34.074   316.8
37.6000       -3386.288    -3421.345       35.057   326.0
37.6500       -3386.470    -3421.796       35.327   328.5
37.7000       -3386.584    -3421.419       34.835   323.9
37.7500       -3386.369    -3421.874       35.505   330.1
37.8000       -3386.399    -3422.169       35.770   332.6
37.8500       -3386.713    -3422.264       35.551   330.6
37.9000       -3386.735    -3421.396       34.660   322.3
37.9500       -3386.492    -3421.525       35.033   325.8
38.0000       -3386.306    -3420.829       34.523   321.0
38.0500       -3386.234    -3421.496       35.262   327.9
38.1000       -3386.104    -3421.312       35.208   327.4
38.1500       -3385.864    -3420.750       34.886   324.4
38.2000       -3385.858    -3421.732       35.874   333.6
38.2500       -3385.907    -3420.420       34.512   320.9
38.3000       -3385.981    -3422.035       36.054   335.3
38.3500       -3385.627    -3420.564       34.937   324.9
38.4000       -3385.688    -3421.102       35.415   329.3
38.4500       -3385.928    -3421.625       35.697   331.9
38.5000       -3385.727    -3421.146       35.419   329.3
38.5500       -3385.752    -3420.417       34.665   322.3
38.6000       -3385.762    -3420.406       34.644   322.1
38.6500       -3385.913    -3421.537       35.624   331.3
38.7000       -3386.003    -3421.438       35.435   329.5
38.7500       -3386.285    -3422.162       35.877   333.6
38.8000       -3386.526    -3421.968       35.442   329.6
38.8500       -3386.772    -3422.153       35.381   329.0
38.9000       -3386.747    -3421.830       35.084   326.2
38.9500       -3386.846    -3421.596       34.750   323.1
39.0000       -3386.889    -3422.418       35.529   330.4
39.0500       -3386.508    -3421.774       35.266   327.9
39.1000       -3386.009    -3419.505       33.496   311.5
39.1500       -3385.872    -3420.933       35.061   326.0
39.2000       -3385.875    -3420.423       34.548   321.2
39.2500       -3385.684    -3420.951       35.267   327.9
39.3000       -3385.930    -3422.211       36.281   337.4
39.3500       -3386.260    -3421.593       35.333   328.5
39.4000       -3385.968    -3421.122       35.154   326.9
39.4500       -3385.913    -3421.717       35.804   332.9
39.5000       -3386.265    -3422.276       36.011   334.8
39.5500       -3386.410    -3421.705       35.295   328.2
39.6000       -3386.332    -3421.846       35.513   330.2
39.6500       -3386.528    -3421.135       34.607   321.8
39.7000       -3386.509    -3422.221       35.713   332.1
39.7500       -3386.573    -3421.691       35.118   326.5
39.8000       -3386.369    -3420.554       34.185   317.9
39.8500       -3386.154    -3421.127       34.974   325.2
39.9000       -3385.985    -3420.518       34.533   321.1
39.9500       -3385.836    -3421.523       35.687   331.8
40.0000       -3385.844    -3421.299       35.455   329.7
40.0500       -3385.897    -3421.649       35.752   332.4
40.1000       -3386.464    -3421.780       35.316   328.4
40.1500       -3386.309    -3419.559       33.249   309.2
40.2000       -3385.981    -3421.026       35.044   325.9
40.2500       -3385.758    -3420.436       34.678   322.5
40.3000       -3385.718    -3420.372       34.653   322.2
40.3500       -3385.675    -3420.984       35.309   328.3
40.4000       -3386.131    -3422.209       36.078   335.5
40.4500       -3386.550    -3422.434       35.885   333.7
40.5000       -3386.169    -3420.665       34.496   320.8
40.5500       -3385.975    -3421.143       35.168   327.0
40.6000       -3385.791    -3420.820       35.030   325.7
40.6500       -3385.400    -3420.274       34.874   324.3
40.7000       -3385.535    -3421.902       36.367   338.2
40.7500       -3385.995    -3421.041       35.046   325.9
40.8000       -3386.225    -3421.447       35.222   327.5
40.8500       -3386.099    -3421.207       35.108   326.4
40.9000       -3386.248    -3420.759       34.511   320.9
40.9500       -3386.122    -3421.467       35.345   328.7
41.0000       -3386.067    -3421.337       35.271   328.0
41.0500       -3385.890    -3419.479       33.590   312.3
41.1000       -3386.033    -3421.674       35.641   331.4
41.1500       -3386.311    -3421.870       35.559   330.6
41.2000       -3386.537    -3421.598       35.061   326.0
41.2500       -3386.186    -3420.785       34.600   321.7
41.3000       -3386.006    -3421.535       35.529   330.4
41.3500       -3386.066    -3422.297       36.231   336.9
41.4000       -3386.490    -3421.796       35.306   328.3
41.4500       -3386.305    -3421.039       34.733   323.0
41.5000       -3386.263    -3421.592       35.328   328.5
41.5500       -3386.567    -3422.641       36.074   335.4
41.6000       -3386.741    -3421.909       35.168   327.0
41.6500       -3386.781    -3422.273       35.492   330.0
41.7000       -3386.407    -3420.383       33.976   315.9
41.7500       -3386.117    -3421.209       35.092   326.3
41.8000       -3385.984    -3421.275       35.291   328.2
41.8500       -3385.866    -3420.888       35.022   325.7
41.9000       -3386.031    -3422.365       36.333   337.8
41.9500       -3386.044    -3420.739       34.695   322.6
42.0000       -3386.154    -3421.391       35.237   327.7
42.0500       -3386.412    -3421.283       34.871   324.3
42.1000       -3386.328    -3420.192       33.865   314.9
42.1500       -3386.182    -3421.399       35.217   327.5
42.2000       -3386.594    -3423.360       36.766   341.9
42.2500       -3386.711    -3421.105       34.394   319.8
42.3000       -3386.408    -3421.097       34.689   322.6
42.3500       -3386.277    -3421.622       35.345   328.7
42.4000       -3386.472    -3421.583       35.110   326.5
42.4500       -3386.507    -3420.702       34.195   318.0
42.5000       -3386.061    -3420.596       34.535   321.1
42.5500       -3386.152    -3421.470       35.318   328.4
42.6000       -3386.203    -3421.352       35.148   326.8
42.6500       -3386.199    -3421.400       35.202   327.3
42.7000       -3386.143    -3422.504       36.362   338.1
42.7500       -3386.284    -3422.598       36.314   337.7
42.8000       -3386.465    -3421.642       35.177   327.1
42.8500       -3386.359    -3421.457       35.098   326.4
42.9000       -3386.442    -3422.850       36.408   338.5
42.9500       -3386.506    -3421.411       34.905   324.6
43.0000       -3386.282    -3422.147       35.865   333.5
43.0500       -3386.363    -3421.479       35.116   326.5
43.1000       -3386.334    -3421.551       35.216   327.5
43.1500       -3386.562    -3422.771       36.209   336.7
43.2000       -3386.991    -3422.898       35.908   333.9
43.2500       -3386.744    -3422.400       35.656   331.5
43.3000       -3386.650    -3421.507       34.857   324.1
43.3500       -3386.524    -3420.949       34.425   320.1
43.4000       -3386.014    -3421.028       35.014   325.6
43.4500       -3386.155    -3421.505       35.349   328.7
43.5000       -3386.261    -3422.286       36.025   335.0
43.5500       -3386.219    -3421.699       35.481   329.9
43.6000       -3386.662    -3421.519       34.856   324.1
43.6500       -3386.606    -3420.181       33.575   312.2
43.7000       -3386.179    -3420.206       34.027   316.4
43.7500       -3386.083    -3421.376       35.293   328.2
43.8000       -3386.101    -3419.906       33.805   314.3
43.8500       -3385.787    -3420.748       34.961   325.1
43.9000       -3385.740    -3421.223       35.483   329.9
43.9500       -3385.642    -3421.722       36.080   335.5
44.0000       -3385.622    -3420.658       35.036   325.8
44.0500       -3386.008    -3421.927       35.918   334.0
44.1000       -3386.060    -3422.084       36.025   335.0
44.1500       -3386.069    -3421.839       35.770   332.6
44.2000       -3386.300    -3421.752       35.452   329.6
44.2500       -3386.608    -3422.884       36.276   337.3
44.3000       -3386.836    -3422.160       35.325   328.5
44.3500       -3386.991    -3422.148       35.157   326.9
44.4000       -3387.149    -3422.865       35.716   332.1
44.4500       -3387.128    -3422.247       35.118   326.5
44.5000       -3387.081    -3423.002       35.920   334.0
44.5500       -3387.076    -3422.726       35.651   331.5
44.6000       -3387.044    -3421.197       34.153   317.6
44.6500       -3386.670    -3421.890       35.220   327.5
44.7000       -3386.494    -3420.943       34.449   320.3
44.7500       -3386.334    -3422.582       36.248   337.0
44.8000       -3386.276    -3421.035       34.759   323.2
44.8500       -3386.079    -3421.614       35.535   330.4
44.9000       -3386.397    -3422.830       36.433   338.8
44.9500       -3386.952    -3423.330       36.378   338.3
45.0000       -3387.442    -3423.242       35.800   332.9
45.0500       -3387.245    -3421.978       34.733   323.0
45.1000       -3386.943    -3421.469       34.525   321.0
45.1500       -3386.928    -3422.868       35.940   334.2
45.2000       -3386.896    -3422.674       35.777   332.7
45.2500       -3386.650    -3421.677       35.028   325.7
45.3000       -3386.444    -3421.436       34.992   325.4
45.3500       -3386.412    -3422.613       36.201   336.6
45.4000       -3386.502    -3421.680       35.178   327.1
45.4500       -3386.624    -3421.926       35.302   328.3
45.5000       -3386.625    -3421.206       34.581   321.5
45.5500       -3386.662    -3423.165       36.503   339.4
45.6000       -3387.034    -3422.704       35.670   331.7
45.6500       -3386.719    -3421.220       34.502   320.8
45.7000       -3386.512    -3421.144       34.631   322.0
45.7500       -3386.210    -3420.350       34.140   317.5
45.8000       -3386.205    -3421.894       35.690   331.9
45.8500       -3386.502    -3421.662       35.160   326.9
45.9000       -3386.514    -3421.357       34.843   324.0
45.9500       -3386.454    -3421.705       35.251   327.8
46.0000       -3386.417    -3421.459       35.042   325.8
46.0500       -3386.362    -3421.505       35.144   326.8
46.1000       -3386.025    -3419.554       33.529   311.8
46.1500       -3385.551    -3420.920       35.369   328.9
46.2000       -3385.706    -3420.740       35.034   325.8
46.2500       -3385.796    -3421.513       35.717   332.1
46.3000       -3386.072    -3421.027       34.955   325.0
46.3500       -3386.194    -3422.152       35.958   334.4
46.4000       -3386.447    -3422.587       36.140   336.0
46.4500       -3386.703    -3422.171       35.468   329.8
46.5000       -3386.557    -3422.102       35.545   330.5
46.5500       -3386.430    -3422.382       35.952   334.3
46.6000       -3386.556    -3421.426       34.870   324.2
46.6500       -3386.307    -3421.176       34.870   324.2
46.7000       -3386.287    -3420.958       34.671   322.4
46.7500       -3386.242    -3420.943       34.701   322.7
46.8000       -3386.017    -3420.703       34.686   322.5
46.8500       -3386.214    -3421.788       35.574   330.8
46.9000       -3386.299    -3421.513       35.215   327.4
46.9500       -3386.513    -3421.697       35.184   327.2
47.0000       -3386.383    -3421.805       35.422   329.4
47.0500       -3386.370    -3422.330       35.960   334.4
47.1000       -3386.194    -3421.703       35.509   330.2
47.1500       -3386.332    -3421.225       34.892   324.4
47.2000       -3386.263    -3421.010       34.747   323.1
47.2500       -3386.551    -3421.917       35.366   328.8
47.3000       -3386.991    -3422.895       35.904   333.9
47.3500       -3387.074    -3421.578       34.504   320.8
47.4000       -3387.110    -3422.159       35.050   325.9
47.4500       -3386.845    -3422.532       35.687   331.8
47.5000       -3386.817    -3422.114       35.297   328.2
47.5500       -3386.852    -3421.645       34.793   323.5
47.6000       -3386.759    -3422.131       35.373   328.9
47.6500       -3386.677    -3422.167       35.489   330.0
47.7000       -3386.874    -3422.283       35.409   329.2
47.7500       -3386.894    -3422.839       35.946   334.2
47.8000       -3386.953    -3421.587       34.634   322.0
47.8500       -3386.794    -3422.049       35.255   327.8
47.9000       -3386.808    -3421.363       34.555   321.3
47.9500       -3386.435    -3420.812       34.377   319.7
48.0000       -3386.227    -3420.626       34.399   319.9
48.0500       -3385.850    -3419.494       33.644   312.8
48.1000       -3385.558    -3421.389       35.831   333.2
48.1500       -3386.042    -3421.862       35.819   333.1
48.2000       -3386.267    -3421.382       35.115   326.5
48.2500       -3386.357    -3422.329       35.971   334.5
48.3000       -3386.461    -3421.559       35.098   326.4
48.3500       -3386.353    -3422.252       35.899   333.8
48.4000       -3386.608    -3422.507       35.899   333.8
48.4500       -3387.061    -3422.091       35.030   325.7
48.5000       -3386.728    -3421.388       34.660   322.3
48.5500       -3386.858    -3422.027       35.169   327.0
48.6000       -3386.684    -3421.148       34.464   320.5
48.6500       -3386.993    -3423.333       36.341   337.9
48.7000       -3387.132    -3422.141       35.009   325.5
48.7500       -3386.714    -3420.921       34.207   318.1
48.8000       -3386.287    -3420.922       34.635   322.1
48.8500       -3386.440    -3422.002       35.563   330.7
48.9000       -3386.122    -3421.019       34.897   324.5
48.9500       -3386.251    -3420.826       34.575   321.5
49.0000       -3386.344    -3421.768       35.423   329.4
49.0500       -3386.509    -3421.698       35.189   327.2
49.1000       -3386.662    -3421.773       35.111   326.5
49.1500       -3386.616    -3421.342       34.726   322.9
49.2000       -3386.470    -3421.855       35.384   329.0
49.2500       -3386.567    -3422.541       35.974   334.5
49.3000       -3386.758    -3422.620       35.862   333.5
49.3500       -3386.898    -3421.680       34.782   323.4
49.4000       -3386.678    -3421.791       35.113   326.5
49.4500       -3386.517    -3420.818       34.302   319.0
49.5000       -3386.401    -3421.166       34.765   323.3
49.5500       -3386.093    -3420.896       34.803   323.6
49.6000       -3386.157    -3421.315       35.159   326.9
49.6500       -3386.019    -3421.492       35.473   329.8
49.7000       -3386.032    -3421.146       35.115   326.5
49.7500       -3385.967    -3421.735       35.768   332.6
49.8000       -3385.957    -3421.391       35.434   329.5
49.8500       -3386.182    -3422.144       35.962   334.4
49.9000       -3386.428    -3421.308       34.880   324.3
49.9500       -3386.261    -3420.567       34.306   319.0
50.0000       -3386.008    -3420.854       34.847   324.0
