Time[ps]      Etot[eV]     Epot[eV]     Ekin[eV]    T[K]
0.0000        -3410.501    -3410.501        0.000     0.0
0.0500        -3404.997    -3445.209       40.212   373.9
0.1000        -3401.130    -3438.577       37.447   348.2
0.1500        -3398.100    -3432.008       33.908   315.3
0.2000        -3396.683    -3433.448       36.765   341.9
0.2500        -3393.949    -3434.286       40.338   375.1
0.3000        -3392.990    -3425.040       32.050   298.0
0.3500        -3392.404    -3425.381       32.977   306.6
0.4000        -3391.415    -3434.996       43.581   405.2
0.4500        -3388.115    -3431.537       43.421   403.8
0.5000        -3388.164    -3429.695       41.531   386.2
0.5500        -3390.294    -3434.819       44.525   414.0
0.6000        -3387.439    -3422.517       35.078   326.2
0.6500        -3389.325    -3430.790       41.464   385.6
0.7000        -3388.210    -3425.879       37.669   350.3
0.7500        -3387.512    -3423.051       35.538   330.5
0.8000        -3389.615    -3431.362       41.746   388.2
0.8500        -3388.235    -3419.969       31.734   295.1
0.9000        -3389.534    -3426.740       37.206   346.0
0.9500        -3387.462    -3424.973       37.511   348.8
1.0000        -3386.196    -3413.113       26.917   250.3
1.0500        -3384.948    -3430.893       45.944   427.2
1.1000        -3386.109    -3423.741       37.632   349.9
1.1500        -3384.513    -3415.950       31.437   292.3
1.2000        -3385.734    -3437.870       52.136   484.8
1.2500        -3387.523    -3429.375       41.852   389.2
1.3000        -3387.248    -3425.090       37.842   351.9
1.3500        -3386.655    -3429.176       42.521   395.4
1.4000        -3386.404    -3413.596       27.192   252.8
1.4500        -3385.050    -3413.529       28.479   264.8
1.5000        -3385.256    -3431.085       45.828   426.1
1.5500        -3383.969    -3420.071       36.102   335.7
1.6000        -3382.571    -3416.625       34.054   316.7
1.6500        -3383.257    -3428.564       45.308   421.3
1.7000        -3385.227    -3422.739       37.512   348.8
1.7500        -3386.421    -3424.072       37.650   350.1
1.8000        -3386.200    -3420.099       33.898   315.2
1.8500        -3384.552    -3424.752       40.200   373.8
1.9000        -3383.804    -3424.262       40.458   376.2
1.9500        -3382.852    -3414.698       31.847   296.1
2.0000        -3379.622    -3416.534       36.912   343.2
2.0500        -3379.163    -3417.844       38.681   359.7
2.1000        -3379.980    -3422.126       42.146   391.9
2.1500        -3381.097    -3418.854       37.758   351.1
2.2000        -3379.984    -3417.698       37.714   350.7
2.2500        -3380.259    -3420.012       39.753   369.6
2.3000        -3380.904    -3421.739       40.835   379.7
2.3500        -3381.442    -3420.485       39.043   363.0
2.4000        -3381.526    -3419.944       38.418   357.2
2.4500        -3381.261    -3419.875       38.613   359.0
2.5000        -3381.878    -3420.236       38.357   356.7
2.5500        -3382.125    -3421.158       39.034   363.0
2.6000        -3382.311    -3422.271       39.960   371.6
2.6500        -3382.194    -3421.108       38.914   361.8
2.7000        -3382.288    -3420.397       38.109   354.4
2.7500        -3382.295    -3421.736       39.441   366.7
2.8000        -3382.425    -3420.727       38.302   356.1
2.8500        -3382.403    -3421.097       38.695   359.8
2.9000        -3382.338    -3420.359       38.021   353.5
2.9500        -3381.918    -3419.286       37.368   347.5
3.0000        -3381.281    -3419.902       38.620   359.1
3.0500        -3381.023    -3418.977       37.954   352.9
3.1000        -3380.528    -3418.792       38.265   355.8
3.1500        -3380.832    -3419.874       39.042   363.0
3.2000        -3380.730    -3419.542       38.811   360.9
3.2500        -3380.471    -3418.023       37.552   349.2
3.3000        -3380.373    -3419.886       39.513   367.4
3.3500        -3380.258    -3418.337       38.079   354.1
3.4000        -3380.125    -3417.794       37.669   350.3
3.4500        -3380.318    -3418.106       37.788   351.4
3.5000        -3380.019    -3418.155       38.136   354.6
3.5500        -3380.200    -3420.118       39.917   371.2
3.6000        -3380.598    -3418.806       38.208   355.3
3.6500        -3380.711    -3418.895       38.183   355.0
3.7000        -3380.461    -3419.347       38.886   361.6
3.7500        -3380.389    -3418.546       38.156   354.8
3.8000        -3380.348    -3418.256       37.908   352.5
3.8500        -3380.816    -3420.396       39.580   368.0
3.9000        -3381.160    -3419.151       37.991   353.3
3.9500        -3380.808    -3418.198       37.389   347.7
4.0000        -3380.483    -3419.627       39.144   364.0
4.0500        -3380.836    -3419.085       38.249   355.7
4.1000        -3380.620    -3419.463       38.843   361.2
4.1500        -3380.612    -3418.540       37.928   352.7
4.2000        -3380.445    -3418.709       38.264   355.8
4.2500        -3380.378    -3419.430       39.053   363.1
4.3000        -3380.774    -3419.676       38.901   361.7
4.3500        -3380.589    -3418.311       37.722   350.8
4.4000        -3380.665    -3418.690       38.025   353.6
4.4500        -3380.541    -3419.620       39.079   363.4
4.5000        -3380.427    -3417.302       36.875   342.9
4.5500        -3380.020    -3417.790       37.770   351.2
4.6000        -3380.000    -3418.525       38.525   358.2
4.6500        -3380.266    -3419.117       38.851   361.3
4.7000        -3380.151    -3417.352       37.201   345.9
4.7500        -3380.077    -3418.284       38.208   355.3
4.8000        -3380.276    -3418.986       38.710   359.9
4.8500        -3380.221    -3418.530       38.308   356.2
4.9000        -3379.853    -3418.290       38.437   357.4
4.9500        -3379.855    -3418.910       39.055   363.2
5.0000        -3379.791    -3418.223       38.432   357.4
5.0500        -3379.648    -3417.475       37.827   351.7
5.1000        -3380.105    -3418.896       38.791   360.7
5.1500        -3379.952    -3418.594       38.641   359.3
5.2000        -3380.006    -3419.017       39.011   362.7
5.2500        -3379.654    -3417.257       37.603   349.7
5.3000        -3379.789    -3418.375       38.586   358.8
5.3500        -3379.903    -3418.051       38.148   354.7
5.4000        -3379.955    -3418.098       38.144   354.7
5.4500        -3380.104    -3418.441       38.337   356.5
5.5000        -3380.177    -3419.423       39.246   364.9
5.5500        -3380.075    -3418.520       38.445   357.5
5.6000        -3380.219    -3418.770       38.551   358.5
5.6500        -3380.345    -3419.750       39.406   366.4
5.7000        -3380.537    -3418.487       37.950   352.9
5.7500        -3380.525    -3419.691       39.166   364.2
5.8000        -3380.747    -3418.748       38.001   353.3
5.8500        -3380.745    -3418.394       37.649   350.1
5.9000        -3380.382    -3418.805       38.424   357.3
5.9500        -3380.187    -3417.996       37.808   351.6
6.0000        -3380.155    -3418.648       38.493   357.9
6.0500        -3380.377    -3418.596       38.219   355.4
6.1000        -3380.174    -3418.185       38.011   353.4
6.1500        -3379.884    -3417.342       37.457   348.3
6.2000        -3379.700    -3418.092       38.392   357.0
6.2500        -3379.609    -3417.629       38.020   353.5
6.3000        -3379.520    -3417.165       37.644   350.0
6.3500        -3379.631    -3418.232       38.600   358.9
6.4000        -3379.699    -3418.286       38.586   358.8
6.4500        -3379.664    -3418.619       38.955   362.2
6.5000        -3379.780    -3418.179       38.399   357.1
6.5500        -3379.741    -3418.613       38.872   361.5
6.6000        -3379.589    -3419.213       39.625   368.5
6.6500        -3379.895    -3418.795       38.900   361.7
6.7000        -3379.899    -3417.650       37.751   351.0
6.7500        -3379.724    -3418.307       38.583   358.8
6.8000        -3379.810    -3418.353       38.543   358.4
6.8500        -3379.899    -3419.432       39.533   367.6
6.9000        -3380.142    -3418.418       38.277   355.9
6.9500        -3380.358    -3419.312       38.954   362.2
7.0000        -3380.252    -3418.293       38.041   353.7
7.0500        -3380.245    -3419.334       39.090   363.5
7.1000        -3380.497    -3418.880       38.383   356.9
7.1500        -3380.608    -3419.595       38.987   362.5
7.2000        -3380.418    -3418.417       38.000   353.3
7.2500        -3380.322    -3419.026       38.704   359.9
7.3000        -3379.927    -3418.106       38.179   355.0
7.3500        -3379.715    -3418.611       38.895   361.7
7.4000        -3380.080    -3418.882       38.802   360.8
7.4500        -3379.659    -3417.254       37.595   349.6
7.5000        -3379.382    -3417.845       38.463   357.6
7.5500        -3379.459    -3418.037       38.578   358.7
7.6000        -3379.592    -3418.557       38.966   362.3
7.6500        -3379.627    -3417.268       37.640   350.0
7.7000        -3379.589    -3418.944       39.355   365.9
7.7500        -3379.999    -3419.367       39.368   366.1
7.8000        -3379.940    -3418.435       38.495   357.9
7.8500        -3379.900    -3418.237       38.337   356.5
7.9000        -3379.882    -3418.170       38.287   356.0
7.9500        -3380.169    -3419.257       39.088   363.5
8.0000        -3380.010    -3418.203       38.193   355.1
8.0500        -3380.340    -3419.579       39.240   364.9
8.1000        -3380.417    -3417.801       37.385   347.6
8.1500        -3380.348    -3417.893       37.546   349.1
8.2000        -3379.713    -3418.112       38.398   357.0
8.2500        -3379.858    -3418.487       38.629   359.2
8.3000        -3379.730    -3416.172       36.441   338.9
8.3500        -3379.183    -3417.570       38.387   356.9
8.4000        -3379.722    -3419.380       39.658   368.8
8.4500        -3379.553    -3416.805       37.252   346.4
8.5000        -3379.387    -3417.507       38.119   354.5
8.5500        -3379.129    -3417.099       37.970   353.1
8.6000        -3379.261    -3417.276       38.015   353.5
8.6500        -3378.971    -3416.709       37.738   350.9
8.7000        -3378.695    -3417.243       38.548   358.4
8.7500        -3378.776    -3416.533       37.757   351.1
8.8000        -3378.346    -3417.084       38.738   360.2
8.8500        -3378.356    -3417.223       38.867   361.4
8.9000        -3378.488    -3417.231       38.743   360.3
8.9500        -3378.507    -3417.355       38.848   361.2
9.0000        -3378.533    -3417.415       38.881   361.5
9.0500        -3378.924    -3418.668       39.744   369.6
9.1000        -3378.815    -3417.509       38.694   359.8
9.1500        -3378.795    -3416.905       38.110   354.4
9.2000        -3378.689    -3417.510       38.821   361.0
9.2500        -3378.968    -3417.959       38.991   362.6
9.3000        -3379.123    -3416.666       37.543   349.1
9.3500        -3378.754    -3416.923       38.169   354.9
9.4000        -3378.833    -3417.724       38.891   361.6
9.4500        -3379.135    -3419.208       40.073   372.6
9.5000        -3379.646    -3418.760       39.114   363.7
9.5500        -3379.666    -3417.242       37.576   349.4
9.6000        -3379.717    -3417.997       38.280   355.9
9.6500        -3379.888    -3418.479       38.591   358.8
9.7000        -3379.765    -3417.843       38.078   354.1
9.7500        -3379.561    -3417.698       38.137   354.6
9.8000        -3379.388    -3417.704       38.316   356.3
9.8500        -3379.277    -3418.093       38.816   360.9
9.9000        -3379.370    -3417.733       38.363   356.7
9.9500        -3379.502    -3418.644       39.141   364.0
10.0000       -3379.582    -3418.246       38.664   359.5
10.0500       -3379.471    -3418.817       39.347   365.9
10.1000       -3379.370    -3418.382       39.012   362.8
10.1500       -3379.710    -3418.525       38.815   360.9
10.2000       -3379.564    -3416.890       37.326   347.1
10.2500       -3379.301    -3417.452       38.151   354.7
10.3000       -3379.305    -3418.081       38.775   360.6
10.3500       -3378.878    -3416.484       37.606   349.7
10.4000       -3378.930    -3418.345       39.416   366.5
10.4500       -3378.968    -3417.876       38.909   361.8
10.5000       -3379.125    -3417.979       38.854   361.3
10.5500       -3379.044    -3417.716       38.672   359.6
10.6000       -3379.418    -3419.649       40.231   374.1
10.6500       -3379.592    -3418.088       38.496   358.0
10.7000       -3378.995    -3416.218       37.224   346.1
10.7500       -3378.949    -3418.104       39.155   364.1
10.8000       -3379.336    -3417.928       38.592   358.8
10.8500       -3379.585    -3418.733       39.148   364.0
10.9000       -3379.666    -3417.480       37.814   351.6
10.9500       -3380.008    -3419.414       39.406   366.4
11.0000       -3380.275    -3417.682       37.407   347.8
11.0500       -3379.741    -3417.308       37.567   349.3
11.1000       -3379.596    -3418.676       39.079   363.4
11.1500       -3379.642    -3418.266       38.624   359.1
11.2000       -3379.294    -3417.406       38.112   354.4
11.2500       -3379.722    -3419.075       39.353   365.9
11.3000       -3379.721    -3417.855       38.134   354.6
11.3500       -3379.359    -3416.742       37.383   347.6
11.4000       -3379.186    -3417.257       38.071   354.0
11.4500       -3379.008    -3416.088       37.080   344.8
11.5000       -3378.468    -3417.383       38.914   361.8
11.5500       -3378.764    -3417.773       39.009   362.7
11.6000       -3378.920    -3417.401       38.481   357.8
11.6500       -3379.158    -3416.911       37.753   351.0
11.7000       -3379.143    -3418.484       39.341   365.8
11.7500       -3379.436    -3418.024       38.588   358.8
11.8000       -3379.823    -3419.012       39.189   364.4
11.8500       -3379.746    -3417.781       38.034   353.7
11.9000       -3379.521    -3417.244       37.723   350.8
11.9500       -3379.130    -3417.471       38.342   356.5
12.0000       -3379.293    -3417.822       38.528   358.3
12.0500       -3379.554    -3418.610       39.056   363.2
12.1000       -3379.965    -3417.913       37.947   352.9
12.1500       -3379.872    -3417.335       37.463   348.3
12.2000       -3379.329    -3416.934       37.605   349.7
12.2500       -3379.617    -3418.407       38.789   360.7
12.3000       -3379.587    -3418.733       39.146   364.0
12.3500       -3379.444    -3417.561       38.117   354.4
12.4000       -3379.085    -3416.563       37.479   348.5
12.4500       -3379.214    -3417.534       38.320   356.3
12.5000       -3378.779    -3416.146       37.367   347.5
12.5500       -3378.823    -3417.643       38.820   361.0
12.6000       -3378.893    -3416.381       37.488   348.6
12.6500       -3379.032    -3417.843       38.811   360.9
12.7000       -3379.292    -3418.573       39.280   365.2
12.7500       -3379.457    -3417.769       38.312   356.2
12.8000       -3379.469    -3417.743       38.274   355.9
12.8500       -3379.358    -3417.829       38.471   357.7
12.9000       -3379.305    -3417.078       37.773   351.2
12.9500       -3379.373    -3417.774       38.401   357.1
13.0000       -3379.860    -3418.476       38.616   359.1
13.0500       -3379.699    -3418.275       38.577   358.7
13.1000       -3379.777    -3418.201       38.424   357.3
13.1500       -3379.581    -3417.868       38.287   356.0
13.2000       -3379.637    -3419.191       39.554   367.8
13.2500       -3380.100    -3419.596       39.497   367.3
13.3000       -3379.932    -3417.688       37.756   351.1
13.3500       -3379.986    -3418.727       38.741   360.2
13.4000       -3379.781    -3418.938       39.157   364.1
13.4500       -3379.995    -3417.891       37.896   352.4
13.5000       -3379.622    -3417.701       38.079   354.1
13.5500       -3379.669    -3418.988       39.319   365.6
13.6000       -3380.053    -3419.679       39.626   368.5
13.6500       -3379.788    -3416.859       37.071   344.7
13.7000       -3379.339    -3416.909       37.570   349.3
13.7500       -3379.347    -3418.256       38.909   361.8
13.8000       -3379.469    -3418.475       39.006   362.7
13.8500       -3379.712    -3419.129       39.417   366.5
13.9000       -3380.109    -3418.913       38.804   360.8
13.9500       -3379.888    -3417.730       37.842   351.9
14.0000       -3380.075    -3418.467       38.392   357.0
14.0500       -3379.964    -3417.994       38.030   353.6
14.1000       -3380.134    -3418.842       38.708   359.9
14.1500       -3379.814    -3417.618       37.804   351.5
14.2000       -3379.719    -3418.395       38.675   359.6
14.2500       -3379.543    -3418.169       38.626   359.2
14.3000       -3379.595    -3418.044       38.449   357.5
14.3500       -3379.722    -3416.994       37.272   346.6
14.4000       -3379.541    -3418.631       39.091   363.5
14.4500       -3379.644    -3417.852       38.209   355.3
14.5000       -3379.738    -3418.629       38.891   361.6
14.5500       -3379.918    -3419.008       39.090   363.5
14.6000       -3380.288    -3419.278       38.990   362.5
14.6500       -3380.120    -3417.487       37.367   347.5
14.7000       -3380.191    -3420.295       40.104   372.9
14.7500       -3380.356    -3420.395       40.038   372.3
14.8000       -3380.421    -3418.865       38.444   357.5
14.8500       -3380.383    -3418.318       37.935   352.7
14.9000       -3380.208    -3418.703       38.495   357.9
14.9500       -3380.052    -3418.395       38.342   356.5
15.0000       -3380.060    -3418.548       38.488   357.9
15.0500       -3380.450    -3420.279       39.830   370.4
15.1000       -3380.710    -3421.090       40.379   375.5
15.1500       -3381.093    -3419.997       38.903   361.7
15.2000       -3380.654    -3418.866       38.213   355.3
15.2500       -3380.612    -3419.760       39.149   364.0
15.3000       -3380.933    -3418.677       37.744   351.0
15.3500       -3380.712    -3418.772       38.061   353.9
15.4000       -3380.631    -3419.730       39.099   363.6
15.4500       -3380.530    -3418.966       38.436   357.4
15.5000       -3380.352    -3417.783       37.431   348.1
15.5500       -3380.146    -3419.206       39.059   363.2
15.6000       -3380.398    -3419.308       38.910   361.8
15.6500       -3380.521    -3419.091       38.569   358.6
15.7000       -3380.526    -3419.470       38.944   362.1
15.7500       -3380.234    -3419.359       39.125   363.8
15.8000       -3380.411    -3418.843       38.432   357.4
15.8500       -3380.179    -3419.025       38.845   361.2
15.9000       -3379.981    -3417.694       37.713   350.7
15.9500       -3380.023    -3418.810       38.786   360.7
16.0000       -3380.215    -3418.868       38.654   359.4
16.0500       -3380.272    -3419.048       38.776   360.6
16.1000       -3379.903    -3417.932       38.029   353.6
16.1500       -3379.708    -3416.682       36.974   343.8
16.2000       -3379.320    -3417.844       38.525   358.2
16.2500       -3379.536    -3419.081       39.545   367.7
16.3000       -3380.041    -3419.720       39.680   369.0
16.3500       -3380.274    -3418.923       38.649   359.4
16.4000       -3379.999    -3417.093       37.093   344.9
16.4500       -3379.330    -3416.943       37.613   349.7
16.5000       -3379.508    -3416.643       37.136   345.3
16.5500       -3379.091    -3416.885       37.793   351.4
16.6000       -3379.097    -3419.048       39.951   371.5
16.6500       -3379.218    -3417.744       38.526   358.2
16.7000       -3379.314    -3418.591       39.277   365.2
16.7500       -3379.292    -3418.113       38.821   361.0
16.8000       -3379.526    -3419.051       39.525   367.5
16.8500       -3379.824    -3418.277       38.453   357.6
16.9000       -3379.761    -3419.252       39.491   367.2
16.9500       -3380.120    -3419.324       39.205   364.5
17.0000       -3380.011    -3419.104       39.094   363.5
17.0500       -3379.978    -3417.960       37.982   353.2
17.1000       -3379.686    -3418.251       38.565   358.6
17.1500       -3379.589    -3417.786       38.197   355.2
17.2000       -3379.384    -3417.271       37.887   352.3
17.2500       -3379.086    -3417.275       38.190   355.1
17.3000       -3379.188    -3418.662       39.474   367.1
17.3500       -3379.148    -3417.787       38.639   359.3
17.4000       -3379.341    -3418.657       39.317   365.6
17.4500       -3379.694    -3418.951       39.257   365.0
17.5000       -3379.991    -3418.891       38.900   361.7
17.5500       -3380.112    -3419.594       39.483   367.1
17.6000       -3380.339    -3419.290       38.951   362.2
17.6500       -3380.057    -3417.577       37.520   348.9
17.7000       -3379.262    -3417.241       37.979   353.2
17.7500       -3379.053    -3418.095       39.042   363.0
17.8000       -3379.416    -3418.188       38.772   360.5
17.8500       -3379.485    -3418.209       38.724   360.1
17.9000       -3379.702    -3419.717       40.016   372.1
17.9500       -3379.597    -3417.526       37.929   352.7
18.0000       -3379.871    -3418.269       38.397   357.0
18.0500       -3379.590    -3416.667       37.078   344.8
18.1000       -3379.713    -3419.208       39.495   367.2
18.1500       -3379.817    -3417.611       37.794   351.4
18.2000       -3379.819    -3418.010       38.191   355.1
18.2500       -3379.774    -3418.792       39.019   362.8
18.3000       -3379.705    -3417.456       37.751   351.0
18.3500       -3379.226    -3417.149       37.924   352.6
18.4000       -3379.016    -3417.071       38.056   353.9
18.4500       -3378.932    -3417.666       38.733   360.2
18.5000       -3378.783    -3417.378       38.595   358.9
18.5500       -3378.703    -3415.963       37.260   346.5
18.6000       -3378.614    -3416.799       38.185   355.1
18.6500       -3378.390    -3416.077       37.687   350.4
18.7000       -3378.749    -3417.550       38.801   360.8
18.7500       -3378.725    -3417.197       38.471   357.7
18.8000       -3378.846    -3416.969       38.123   354.5
18.8500       -3379.177    -3418.475       39.298   365.4
18.9000       -3379.023    -3416.611       37.587   349.5
18.9500       -3378.989    -3416.513       37.524   348.9
19.0000       -3378.542    -3416.963       38.421   357.3
19.0500       -3378.390    -3417.010       38.619   359.1
19.1000       -3378.459    -3417.973       39.514   367.4
19.1500       -3378.675    -3418.038       39.363   366.0
19.2000       -3378.777    -3417.614       38.837   361.1
19.2500       -3378.721    -3417.098       38.377   356.8
19.3000       -3378.528    -3415.274       36.746   341.7
19.3500       -3378.369    -3417.389       39.020   362.8
19.4000       -3378.633    -3417.553       38.921   361.9
19.4500       -3378.800    -3417.477       38.676   359.6
19.5000       -3378.848    -3417.023       38.175   355.0
19.5500       -3378.573    -3417.027       38.455   357.6
19.6000       -3378.724    -3417.614       38.889   361.6
19.6500       -3378.745    -3418.455       39.710   369.2
19.7000       -3378.851    -3417.235       38.384   356.9
19.7500       -3378.694    -3416.023       37.329   347.1
19.8000       -3378.864    -3418.004       39.140   363.9
19.8500       -3379.170    -3417.826       38.656   359.4
19.9000       -3378.934    -3417.481       38.547   358.4
19.9500       -3379.036    -3417.789       38.753   360.3
20.0000       -3379.121    -3418.516       39.395   366.3
20.0500       -3379.316    -3417.102       37.786   351.3
20.1000       -3379.609    -3418.551       38.942   362.1
20.1500       -3379.543    -3417.475       37.932   352.7
20.2000       -3379.293    -3417.985       38.693   359.8
20.2500       -3379.294    -3417.695       38.402   357.1
20.3000       -3379.240    -3416.995       37.755   351.1
20.3500       -3379.151    -3417.781       38.630   359.2
20.4000       -3379.036    -3416.918       37.882   352.2
20.4500       -3379.249    -3418.050       38.801   360.8
20.5000       -3379.377    -3417.435       38.058   353.9
20.5500       -3379.179    -3417.719       38.540   358.4
20.6000       -3379.160    -3418.024       38.864   361.4
20.6500       -3379.592    -3419.896       40.303   374.8
20.7000       -3380.188    -3419.445       39.257   365.0
20.7500       -3380.219    -3419.068       38.848   361.2
20.8000       -3380.229    -3418.498       38.269   355.8
20.8500       -3380.147    -3417.671       37.524   348.9
20.9000       -3379.919    -3418.073       38.155   354.8
20.9500       -3380.170    -3419.739       39.569   367.9
21.0000       -3380.309    -3417.982       37.673   350.3
21.0500       -3379.989    -3417.435       37.446   348.2
21.1000       -3380.116    -3419.566       39.450   366.8
21.1500       -3380.001    -3417.787       37.786   351.4
21.2000       -3379.962    -3417.826       37.864   352.1
21.2500       -3380.067    -3418.928       38.861   361.4
21.3000       -3380.274    -3418.508       38.234   355.5
21.3500       -3380.234    -3419.866       39.632   368.5
21.4000       -3380.272    -3418.516       38.244   355.6
21.4500       -3380.206    -3418.645       38.439   357.4
21.5000       -3380.427    -3419.797       39.370   366.1
21.5500       -3380.503    -3418.583       38.079   354.1
21.6000       -3380.101    -3417.032       36.931   343.4
21.6500       -3379.644    -3417.119       37.475   348.5
21.7000       -3379.298    -3417.892       38.594   358.9
21.7500       -3379.718    -3420.154       40.436   376.0
21.8000       -3379.964    -3418.175       38.211   355.3
21.8500       -3379.842    -3417.749       37.907   352.5
21.9000       -3379.667    -3418.182       38.515   358.1
21.9500       -3379.693    -3418.605       38.913   361.8
22.0000       -3379.653    -3418.973       39.320   365.6
22.0500       -3379.835    -3418.661       38.825   361.0
22.1000       -3379.752    -3418.477       38.725   360.1
22.1500       -3379.582    -3416.683       37.101   345.0
22.2000       -3378.860    -3416.823       37.962   353.0
22.2500       -3378.744    -3417.419       38.675   359.6
22.3000       -3378.830    -3416.650       37.821   351.7
22.3500       -3378.620    -3418.464       39.844   370.5
22.4000       -3378.997    -3418.129       39.132   363.9
22.4500       -3379.577    -3417.795       38.218   355.4
22.5000       -3379.319    -3417.272       37.954   352.9
22.5500       -3378.728    -3416.378       37.651   350.1
22.6000       -3378.623    -3417.899       39.276   365.2
22.6500       -3378.890    -3417.761       38.872   361.4
22.7000       -3378.701    -3418.043       39.342   365.8
22.7500       -3379.212    -3418.372       39.160   364.1
22.8000       -3379.434    -3418.899       39.464   367.0
22.8500       -3379.413    -3418.739       39.326   365.7
22.9000       -3379.501    -3417.762       38.261   355.8
22.9500       -3379.658    -3418.165       38.506   358.1
23.0000       -3379.604    -3418.018       38.414   357.2
23.0500       -3379.519    -3417.138       37.619   349.8
23.1000       -3379.309    -3418.368       39.059   363.2
23.1500       -3379.369    -3417.382       38.013   353.5
23.2000       -3379.061    -3417.621       38.560   358.6
23.2500       -3379.314    -3418.127       38.813   360.9
23.3000       -3379.019    -3416.573       37.554   349.2
23.3500       -3378.756    -3417.981       39.225   364.7
23.4000       -3378.965    -3418.305       39.340   365.8
23.4500       -3379.449    -3418.590       39.142   364.0
23.5000       -3379.636    -3418.806       39.170   364.2
23.5500       -3379.789    -3418.422       38.633   359.2
23.6000       -3379.596    -3417.938       38.342   356.5
23.6500       -3379.423    -3417.500       38.078   354.1
23.7000       -3379.231    -3418.384       39.153   364.1
23.7500       -3379.172    -3417.866       38.694   359.8
23.8000       -3379.142    -3417.749       38.607   359.0
23.8500       -3379.150    -3417.703       38.553   358.5
23.9000       -3378.839    -3418.032       39.193   364.4
23.9500       -3379.266    -3419.005       39.739   369.5
24.0000       -3379.097    -3417.377       38.280   355.9
24.0500       -3379.246    -3417.769       38.523   358.2
24.1000       -3378.895    -3417.119       38.223   355.4
24.1500       -3378.977    -3418.320       39.343   365.8
24.2000       -3378.874    -3417.313       38.439   357.4
24.2500       -3378.830    -3417.684       38.854   361.3
24.3000       -3379.347    -3418.439       39.091   363.5
24.3500       -3379.634    -3417.929       38.295   356.1
24.4000       -3379.875    -3418.905       39.030   362.9
24.4500       -3379.711    -3419.121       39.410   366.5
24.5000       -3379.545    -3417.501       37.955   352.9
24.5500       -3379.512    -3418.580       39.068   363.3
24.6000       -3379.548    -3417.700       38.152   354.8
24.6500       -3379.732    -3418.354       38.622   359.1
24.7000       -3379.972    -3419.105       39.133   363.9
24.7500       -3380.260    -3418.704       38.443   357.5
24.8000       -3379.878    -3417.044       37.167   345.6
24.8500       -3379.650    -3417.737       38.087   354.2
24.9000       -3379.671    -3418.021       38.351   356.6
24.9500       -3379.624    -3418.482       38.857   361.3
25.0000       -3379.857    -3419.224       39.367   366.1
25.0500       -3380.294    -3419.654       39.360   366.0
25.1000       -3379.792    -3417.990       38.198   355.2
25.1500       -3379.410    -3416.654       37.244   346.3
25.2000       -3379.389    -3417.911       38.522   358.2
25.2500       -3379.038    -3415.972       36.934   343.4
25.3000       -3378.889    -3418.493       39.604   368.3
25.3500       -3379.550    -3418.455       38.905   361.8
25.4000       -3379.676    -3417.990       38.315   356.3
25.4500       -3379.864    -3418.768       38.903   361.7
25.5000       -3379.758    -3419.932       40.174   373.6
25.5500       -3379.792    -3417.890       38.098   354.3
25.6000       -3380.099    -3420.018       39.919   371.2
25.6500       -3380.623    -3420.201       39.578   368.0
25.7000       -3380.632    -3418.293       37.661   350.2
25.7500       -3380.250    -3418.204       37.954   352.9
25.8000       -3380.343    -3418.549       38.205   355.3
25.8500       -3380.189    -3417.898       37.709   350.6
25.9000       -3380.215    -3419.277       39.063   363.2
25.9500       -3380.579    -3418.680       38.101   354.3
26.0000       -3379.996    -3417.347       37.351   347.3
26.0500       -3379.992    -3418.140       38.148   354.7
26.1000       -3379.787    -3417.392       37.604   349.7
26.1500       -3379.673    -3418.614       38.940   362.1
26.2000       -3379.903    -3419.925       40.022   372.1
26.2500       -3380.283    -3418.893       38.610   359.0
26.3000       -3380.552    -3418.998       38.446   357.5
26.3500       -3380.680    -3418.875       38.194   355.1
26.4000       -3380.337    -3418.778       38.441   357.4
26.4500       -3379.975    -3417.630       37.654   350.1
26.5000       -3379.941    -3419.462       39.521   367.5
26.5500       -3380.582    -3419.053       38.471   357.7
26.6000       -3380.383    -3418.068       37.685   350.4
26.6500       -3380.038    -3418.476       38.438   357.4
26.7000       -3380.276    -3419.198       38.922   361.9
26.7500       -3380.260    -3418.421       38.161   354.8
26.8000       -3380.884    -3420.206       39.322   365.6
26.8500       -3380.714    -3417.363       36.649   340.8
26.9000       -3380.347    -3418.634       38.287   356.0
26.9500       -3380.399    -3419.436       39.037   363.0
27.0000       -3380.791    -3419.294       38.503   358.0
27.0500       -3380.395    -3417.444       37.050   344.5
27.1000       -3380.281    -3418.968       38.687   359.7
27.1500       -3380.132    -3418.473       38.341   356.5
27.2000       -3379.831    -3418.015       38.184   355.1
27.2500       -3380.092    -3418.723       38.631   359.2
27.3000       -3380.233    -3419.172       38.938   362.1
27.3500       -3380.697    -3419.544       38.847   361.2
27.4000       -3380.689    -3418.886       38.196   355.2
27.4500       -3380.041    -3418.187       38.145   354.7
27.5000       -3379.800    -3417.887       38.087   354.2
27.5500       -3379.448    -3417.213       37.766   351.2
27.6000       -3379.236    -3418.546       39.311   365.5
27.6500       -3379.178    -3417.403       38.225   355.4
27.7000       -3378.943    -3417.926       38.982   362.5
27.7500       -3379.254    -3417.352       38.098   354.3
27.8000       -3379.044    -3417.041       37.997   353.3
27.8500       -3378.734    -3416.822       38.088   354.2
27.9000       -3378.459    -3417.876       39.416   366.5
27.9500       -3378.887    -3418.652       39.765   369.8
28.0000       -3379.045    -3418.086       39.041   363.0
28.0500       -3379.177    -3418.260       39.084   363.4
28.1000       -3379.147    -3416.794       37.648   350.1
28.1500       -3378.847    -3417.698       38.851   361.3
28.2000       -3379.225    -3417.953       38.728   360.1
28.2500       -3379.019    -3417.814       38.795   360.7
28.3000       -3379.464    -3417.283       37.818   351.7
28.3500       -3378.851    -3416.403       37.552   349.2
28.4000       -3378.726    -3418.460       39.733   369.5
28.4500       -3379.235    -3418.374       39.139   363.9
28.5000       -3379.384    -3417.997       38.613   359.0
28.5500       -3379.267    -3417.003       37.736   350.9
28.6000       -3378.911    -3417.468       38.556   358.5
28.6500       -3379.494    -3418.068       38.573   358.7
28.7000       -3379.408    -3418.501       39.093   363.5
28.7500       -3379.273    -3417.956       38.683   359.7
28.8000       -3379.332    -3419.169       39.836   370.4
28.8500       -3379.609    -3418.756       39.147   364.0
28.9000       -3379.953    -3419.466       39.513   367.4
28.9500       -3380.087    -3418.226       38.138   354.6
29.0000       -3379.829    -3418.208       38.379   356.9
29.0500       -3379.937    -3419.116       39.180   364.3
29.1000       -3380.109    -3418.351       38.242   355.6
29.1500       -3379.879    -3416.283       36.404   338.5
29.2000       -3379.411    -3417.512       38.102   354.3
29.2500       -3379.038    -3417.471       38.433   357.4
29.3000       -3378.971    -3417.358       38.387   356.9
29.3500       -3378.921    -3416.200       37.279   346.6
29.4000       -3379.019    -3417.681       38.663   359.5
29.4500       -3379.062    -3418.606       39.544   367.7
29.5000       -3379.282    -3418.864       39.582   368.1
29.5500       -3379.442    -3418.531       39.089   363.5
29.6000       -3379.421    -3417.922       38.501   358.0
29.6500       -3379.548    -3417.915       38.367   356.8
29.7000       -3379.790    -3419.376       39.587   368.1
29.7500       -3379.755    -3418.163       38.409   357.1
29.8000       -3379.341    -3417.809       38.468   357.7
29.8500       -3379.690    -3420.257       40.567   377.2
29.9000       -3380.200    -3420.531       40.331   375.0
29.9500       -3380.402    -3418.063       37.661   350.2
30.0000       -3380.219    -3418.739       38.520   358.2
30.0500       -3380.100    -3418.692       38.592   358.8
30.1000       -3380.421    -3419.055       38.634   359.2
30.1500       -3380.524    -3419.334       38.809   360.9
30.2000       -3380.651    -3419.466       38.815   360.9
30.2500       -3380.731    -3419.493       38.762   360.4
30.3000       -3380.985    -3419.281       38.296   356.1
30.3500       -3380.347    -3418.149       37.802   351.5
30.4000       -3380.080    -3418.920       38.840   361.2
30.4500       -3380.228    -3418.867       38.639   359.3
30.5000       -3380.563    -3418.809       38.246   355.6
30.5500       -3380.058    -3418.097       38.039   353.7
30.6000       -3380.159    -3419.508       39.349   365.9
30.6500       -3380.456    -3418.581       38.125   354.5
30.7000       -3380.385    -3419.252       38.867   361.4
30.7500       -3380.418    -3419.854       39.435   366.7
30.8000       -3380.264    -3417.875       37.612   349.7
30.8500       -3380.108    -3418.002       37.894   352.4
30.9000       -3379.600    -3417.163       37.563   349.3
30.9500       -3379.299    -3418.873       39.574   368.0
31.0000       -3379.607    -3418.332       38.725   360.1
31.0500       -3379.877    -3419.166       39.289   365.3
31.1000       -3380.438    -3419.617       39.179   364.3
31.1500       -3380.706    -3419.659       38.953   362.2
31.2000       -3380.703    -3419.341       38.638   359.3
31.2500       -3380.392    -3417.606       37.214   346.0
31.3000       -3380.123    -3418.502       38.380   356.9
31.3500       -3380.032    -3418.064       38.032   353.6
31.4000       -3380.456    -3419.672       39.216   364.7
31.4500       -3380.366    -3418.760       38.394   357.0
31.5000       -3380.562    -3418.539       37.976   353.1
31.5500       -3380.404    -3419.162       38.758   360.4
31.6000       -3380.243    -3417.484       37.241   346.3
31.6500       -3379.843    -3417.033       37.190   345.8
31.7000       -3379.567    -3418.049       38.482   357.8
31.7500       -3379.346    -3417.476       38.130   354.6
31.8000       -3379.517    -3418.372       38.855   361.3
31.8500       -3379.769    -3418.000       38.230   355.5
31.9000       -3379.497    -3418.523       39.026   362.9
31.9500       -3379.714    -3418.837       39.123   363.8
32.0000       -3379.385    -3417.711       38.326   356.4
32.0500       -3379.498    -3418.485       38.988   362.5
32.1000       -3379.115    -3417.384       38.269   355.8
32.1500       -3379.553    -3419.543       39.990   371.8
32.2000       -3379.734    -3417.924       38.190   355.1
32.2500       -3379.822    -3418.378       38.556   358.5
32.3000       -3379.945    -3418.868       38.923   361.9
32.3500       -3380.175    -3417.779       37.604   349.7
32.4000       -3380.126    -3419.587       39.461   366.9
32.4500       -3380.216    -3419.008       38.793   360.7
32.5000       -3380.372    -3419.847       39.475   367.1
32.5500       -3380.452    -3418.322       37.870   352.1
32.6000       -3380.078    -3418.636       38.558   358.5
32.6500       -3380.098    -3419.413       39.315   365.6
32.7000       -3380.245    -3418.839       38.594   358.9
32.7500       -3379.981    -3418.633       38.652   359.4
32.8000       -3379.923    -3416.746       36.824   342.4
32.8500       -3379.462    -3416.487       37.024   344.3
32.9000       -3379.434    -3418.116       38.682   359.7
32.9500       -3379.263    -3417.575       38.312   356.2
33.0000       -3378.920    -3416.860       37.941   352.8
33.0500       -3378.805    -3417.547       38.742   360.2
33.1000       -3378.939    -3418.884       39.945   371.4
33.1500       -3379.132    -3418.774       39.642   368.6
33.2000       -3379.381    -3417.893       38.512   358.1
33.2500       -3379.457    -3416.557       37.100   345.0
33.3000       -3379.267    -3417.670       38.403   357.1
33.3500       -3379.471    -3417.505       38.034   353.7
33.4000       -3379.337    -3417.887       38.551   358.5
33.4500       -3379.327    -3418.765       39.438   366.7
33.5000       -3379.676    -3418.849       39.173   364.2
33.5500       -3379.849    -3418.411       38.562   358.6
33.6000       -3379.741    -3418.875       39.133   363.9
33.6500       -3379.998    -3418.533       38.535   358.3
33.7000       -3380.168    -3418.675       38.507   358.1
33.7500       -3379.920    -3417.924       38.004   353.4
33.8000       -3379.986    -3418.345       38.360   356.7
33.8500       -3379.936    -3417.675       37.739   350.9
33.9000       -3379.823    -3418.357       38.534   358.3
33.9500       -3379.634    -3418.084       38.449   357.5
34.0000       -3379.771    -3418.278       38.507   358.1
34.0500       -3379.797    -3418.442       38.645   359.3
34.1000       -3379.712    -3417.923       38.211   355.3
34.1500       -3379.428    -3418.233       38.805   360.8
34.2000       -3379.362    -3417.092       37.730   350.8
34.2500       -3379.264    -3417.573       38.310   356.2
34.3000       -3379.123    -3418.052       38.929   362.0
34.3500       -3379.339    -3417.723       38.383   356.9
34.4000       -3379.173    -3417.363       38.189   355.1
34.4500       -3379.416    -3419.221       39.805   370.1
34.5000       -3379.856    -3418.759       38.902   361.7
34.5500       -3379.599    -3418.087       38.488   357.9
34.6000       -3379.557    -3417.041       37.484   348.5
34.6500       -3379.624    -3417.924       38.300   356.1
34.7000       -3379.767    -3419.520       39.753   369.6
34.7500       -3379.837    -3417.942       38.105   354.3
34.8000       -3379.667    -3417.166       37.499   348.7
34.8500       -3379.401    -3417.350       37.949   352.9
34.9000       -3379.287    -3418.234       38.946   362.1
34.9500       -3379.258    -3417.436       38.178   355.0
35.0000       -3379.303    -3418.591       39.288   365.3
35.0500       -3379.189    -3417.455       38.266   355.8
35.1000       -3378.878    -3416.359       37.481   348.5
35.1500       -3378.798    -3417.572       38.774   360.5
35.2000       -3379.078    -3416.682       37.604   349.7
35.2500       -3378.798    -3417.579       38.781   360.6
35.3000       -3378.600    -3417.181       38.582   358.8
35.3500       -3378.986    -3417.638       38.652   359.4
35.4000       -3378.880    -3417.409       38.529   358.3
35.4500       -3378.915    -3417.895       38.980   362.5
35.5000       -3379.007    -3417.979       38.971   362.4
35.5500       -3379.247    -3419.184       39.937   371.3
35.6000       -3379.252    -3417.513       38.261   355.8
35.6500       -3379.384    -3419.065       39.681   369.0
35.7000       -3379.856    -3417.683       37.826   351.7
35.7500       -3379.533    -3416.782       37.249   346.4
35.8000       -3379.181    -3417.602       38.421   357.3
35.8500       -3379.324    -3418.333       39.010   362.7
35.9000       -3379.658    -3419.014       39.356   366.0
35.9500       -3379.690    -3418.497       38.807   360.8
36.0000       -3379.727    -3418.063       38.337   356.5
36.0500       -3379.816    -3418.829       39.013   362.8
36.1000       -3379.902    -3418.511       38.609   359.0
36.1500       -3380.141    -3418.727       38.587   358.8
36.2000       -3380.184    -3419.236       39.053   363.1
36.2500       -3380.355    -3418.386       38.031   353.6
36.3000       -3380.232    -3417.979       37.747   351.0
36.3500       -3379.930    -3418.483       38.553   358.5
36.4000       -3380.173    -3419.938       39.765   369.8
36.4500       -3380.558    -3418.709       38.151   354.7
36.5000       -3380.343    -3418.173       37.830   351.8
36.5500       -3380.189    -3419.154       38.965   362.3
36.6000       -3380.266    -3418.650       38.384   356.9
36.6500       -3380.378    -3418.715       38.337   356.5
36.7000       -3379.776    -3417.552       37.776   351.3
36.7500       -3379.960    -3419.272       39.312   365.5
36.8000       -3380.151    -3418.689       38.538   358.3
36.8500       -3380.276    -3418.047       37.770   351.2
36.9000       -3379.785    -3417.617       37.833   351.8
36.9500       -3380.034    -3418.629       38.595   358.9
37.0000       -3379.487    -3417.617       38.130   354.5
37.0500       -3379.546    -3419.358       39.812   370.2
37.1000       -3379.940    -3419.429       39.490   367.2
37.1500       -3379.928    -3417.906       37.978   353.1
37.2000       -3379.957    -3417.964       38.007   353.4
37.2500       -3379.784    -3416.805       37.021   344.2
37.3000       -3379.409    -3417.541       38.132   354.6
37.3500       -3379.033    -3417.521       38.488   357.9
37.4000       -3378.875    -3417.225       38.349   356.6
37.4500       -3378.962    -3418.187       39.226   364.7
37.5000       -3379.364    -3417.038       37.673   350.3
37.5500       -3379.259    -3417.610       38.351   356.6
37.6000       -3379.132    -3417.817       38.685   359.7
37.6500       -3379.465    -3418.448       38.983   362.5
37.7000       -3379.301    -3417.151       37.850   351.9
37.7500       -3378.989    -3417.276       38.287   356.0
37.8000       -3379.208    -3419.032       39.824   370.3
37.8500       -3379.615    -3418.407       38.792   360.7
37.9000       -3379.622    -3419.592       39.970   371.7
37.9500       -3380.028    -3419.487       39.459   366.9
38.0000       -3380.007    -3418.075       38.068   354.0
38.0500       -3379.968    -3417.749       37.781   351.3
38.1000       -3379.685    -3416.932       37.247   346.3
38.1500       -3379.192    -3416.618       37.426   348.0
38.2000       -3379.136    -3416.617       37.481   348.5
38.2500       -3378.983    -3417.432       38.450   357.5
38.3000       -3379.160    -3419.109       39.948   371.5
38.3500       -3379.518    -3417.518       38.000   353.3
38.4000       -3379.569    -3417.994       38.425   357.3
38.4500       -3379.458    -3417.677       38.219   355.4
38.5000       -3379.452    -3418.079       38.627   359.2
38.5500       -3379.296    -3417.781       38.485   357.8
38.6000       -3379.246    -3419.009       39.763   369.7
38.6500       -3379.667    -3418.140       38.473   357.7
38.7000       -3379.714    -3418.225       38.511   358.1
38.7500       -3379.848    -3419.494       39.646   368.7
38.8000       -3380.011    -3417.660       37.649   350.1
38.8500       -3379.735    -3418.056       38.321   356.3
38.9000       -3379.778    -3418.647       38.869   361.4
38.9500       -3379.989    -3417.970       37.981   353.2
39.0000       -3380.233    -3418.184       37.952   352.9
39.0500       -3380.076    -3419.023       38.947   362.1
39.1000       -3380.296    -3418.129       37.833   351.8
39.1500       -3380.237    -3418.901       38.665   359.5
39.2000       -3379.816    -3417.211       37.395   347.7
39.2500       -3379.358    -3417.594       38.237   355.5
39.3000       -3379.301    -3417.488       38.186   355.1
39.3500       -3379.350    -3419.012       39.662   368.8
39.4000       -3379.171    -3416.696       37.526   348.9
39.4500       -3378.923    -3417.091       38.169   354.9
39.5000       -3378.786    -3417.532       38.746   360.3
39.5500       -3378.996    -3418.203       39.207   364.6
39.6000       -3379.276    -3418.184       38.907   361.8
39.6500       -3379.018    -3416.835       37.818   351.6
39.7000       -3379.013    -3418.232       39.219   364.7
39.7500       -3379.487    -3418.739       39.252   365.0
39.8000       -3379.758    -3418.854       39.096   363.5
39.8500       -3379.900    -3417.299       37.399   347.8
39.9000       -3379.505    -3416.962       37.457   348.3
39.9500       -3379.459    -3417.966       38.507   358.1
40.0000       -3379.806    -3418.790       38.984   362.5
40.0500       -3379.570    -3417.698       38.128   354.5
40.1000       -3379.749    -3418.929       39.180   364.3
40.1500       -3379.602    -3417.131       37.528   349.0
40.2000       -3379.577    -3418.052       38.475   357.8
40.2500       -3379.224    -3417.814       38.590   358.8
40.3000       -3378.908    -3417.009       38.100   354.3
40.3500       -3378.894    -3417.667       38.773   360.5
40.4000       -3379.212    -3417.688       38.477   357.8
40.4500       -3379.632    -3418.433       38.801   360.8
40.5000       -3379.868    -3419.639       39.771   369.8
40.5500       -3379.888    -3420.023       40.136   373.2
40.6000       -3380.094    -3419.033       38.939   362.1
40.6500       -3380.087    -3418.523       38.436   357.4
40.7000       -3379.807    -3417.511       37.704   350.6
40.7500       -3379.544    -3417.778       38.235   355.5
40.8000       -3379.769    -3418.641       38.871   361.4
40.8500       -3379.879    -3418.122       38.243   355.6
40.9000       -3379.567    -3417.235       37.667   350.2
40.9500       -3379.338    -3417.757       38.419   357.2
41.0000       -3379.499    -3418.000       38.501   358.0
41.0500       -3379.945    -3419.610       39.665   368.8
41.1000       -3380.076    -3417.665       37.588   349.5
41.1500       -3379.925    -3417.249       37.324   347.1
41.2000       -3379.370    -3417.641       38.270   355.9
41.2500       -3379.330    -3417.585       38.256   355.7
41.3000       -3378.966    -3416.891       37.925   352.6
41.3500       -3379.021    -3417.541       38.520   358.2
41.4000       -3379.742    -3419.611       39.869   370.7
41.4500       -3379.903    -3418.085       38.182   355.0
41.5000       -3379.748    -3418.279       38.531   358.3
41.5500       -3379.800    -3419.110       39.309   365.5
41.6000       -3379.914    -3418.153       38.239   355.6
41.6500       -3379.592    -3418.096       38.504   358.0
41.7000       -3379.267    -3416.640       37.374   347.5
41.7500       -3378.960    -3417.900       38.940   362.1
41.8000       -3379.303    -3419.123       39.820   370.3
41.8500       -3379.583    -3418.025       38.442   357.5
41.9000       -3379.466    -3417.204       37.738   350.9
41.9500       -3379.319    -3417.902       38.583   358.8
42.0000       -3378.990    -3417.058       38.068   354.0
42.0500       -3379.244    -3417.950       38.706   359.9
42.1000       -3379.220    -3418.353       39.133   363.9
42.1500       -3379.447    -3418.057       38.611   359.0
42.2000       -3379.398    -3417.491       38.093   354.2
42.2500       -3379.193    -3417.151       37.958   352.9
42.3000       -3378.888    -3417.431       38.543   358.4
42.3500       -3378.974    -3417.660       38.687   359.7
42.4000       -3379.110    -3418.276       39.166   364.2
42.4500       -3379.065    -3417.266       38.201   355.2
42.5000       -3378.894    -3416.836       37.942   352.8
42.5500       -3378.958    -3418.750       39.792   370.0
42.6000       -3379.349    -3417.430       38.081   354.1
42.6500       -3379.520    -3420.103       40.583   377.4
42.7000       -3379.854    -3419.276       39.422   366.6
42.7500       -3379.647    -3417.681       38.033   353.7
42.8000       -3379.689    -3418.225       38.536   358.3
42.8500       -3379.641    -3417.613       37.972   353.1
42.9000       -3379.498    -3417.888       38.390   357.0
42.9500       -3379.366    -3417.088       37.722   350.8
43.0000       -3379.408    -3417.659       38.251   355.7
43.0500       -3379.237    -3417.305       38.068   354.0
43.1000       -3379.156    -3416.766       37.610   349.7
43.1500       -3378.968    -3416.640       37.672   350.3
43.2000       -3378.455    -3415.210       36.755   341.8
43.2500       -3378.063    -3416.733       38.670   359.6
43.3000       -3377.999    -3417.595       39.597   368.2
43.3500       -3378.350    -3418.963       40.613   377.6
43.4000       -3378.960    -3418.736       39.775   369.9
43.4500       -3379.097    -3417.817       38.720   360.0
43.5000       -3379.484    -3420.079       40.595   377.5
43.5500       -3379.815    -3417.599       37.784   351.3
43.6000       -3379.581    -3419.018       39.436   366.7
43.6500       -3379.827    -3417.995       38.168   354.9
43.7000       -3379.640    -3417.419       37.779   351.3
43.7500       -3379.304    -3418.669       39.365   366.0
43.8000       -3379.480    -3418.377       38.897   361.7
43.8500       -3379.574    -3416.731       37.157   345.5
43.9000       -3379.448    -3418.527       39.079   363.4
43.9500       -3379.659    -3417.560       37.901   352.4
44.0000       -3379.706    -3418.545       38.839   361.1
44.0500       -3379.465    -3418.099       38.633   359.2
44.1000       -3379.407    -3418.134       38.727   360.1
44.1500       -3379.463    -3417.542       38.079   354.1
44.2000       -3379.408    -3417.301       37.893   352.3
44.2500       -3379.594    -3417.489       37.894   352.4
44.3000       -3379.698    -3418.116       38.418   357.2
44.3500       -3379.935    -3415.956       36.021   334.9
44.4000       -3379.169    -3417.105       37.936   352.7
44.4500       -3378.891    -3417.027       38.136   354.6
44.5000       -3378.895    -3418.452       39.557   367.8
44.5500       -3379.342    -3418.595       39.254   365.0
44.6000       -3379.236    -3416.453       37.217   346.1
44.6500       -3379.334    -3417.942       38.608   359.0
44.7000       -3379.263    -3418.491       39.228   364.8
44.7500       -3379.157    -3416.756       37.599   349.6
44.8000       -3379.174    -3418.597       39.422   366.6
44.8500       -3379.293    -3418.735       39.442   366.8
44.9000       -3379.415    -3417.538       38.123   354.5
44.9500       -3378.971    -3416.705       37.734   350.9
45.0000       -3379.227    -3418.272       39.045   363.1
45.0500       -3379.399    -3417.817       38.418   357.2
45.1000       -3379.529    -3417.038       37.510   348.8
45.1500       -3379.596    -3418.223       38.627   359.2
45.2000       -3379.960    -3418.635       38.675   359.6
45.2500       -3380.077    -3419.523       39.446   366.8
45.3000       -3380.266    -3419.217       38.951   362.2
45.3500       -3380.284    -3418.694       38.409   357.2
45.4000       -3380.049    -3418.673       38.624   359.1
45.4500       -3380.154    -3418.927       38.774   360.5
45.5000       -3380.090    -3417.817       37.727   350.8
45.5500       -3380.152    -3419.095       38.943   362.1
45.6000       -3380.185    -3419.260       39.076   363.3
45.6500       -3380.068    -3418.668       38.600   358.9
45.7000       -3380.433    -3419.616       39.183   364.3
45.7500       -3380.089    -3416.697       36.607   340.4
45.8000       -3379.747    -3416.880       37.133   345.3
45.8500       -3379.966    -3419.013       39.046   363.1
45.9000       -3379.993    -3418.240       38.248   355.6
45.9500       -3380.041    -3419.690       39.648   368.7
46.0000       -3380.646    -3419.382       38.736   360.2
46.0500       -3380.197    -3418.562       38.365   356.7
46.1000       -3380.014    -3418.836       38.822   361.0
46.1500       -3380.347    -3419.594       39.247   364.9
46.2000       -3380.198    -3418.364       38.166   354.9
46.2500       -3380.034    -3417.473       37.439   348.1
46.3000       -3379.765    -3418.806       39.040   363.0
46.3500       -3379.599    -3418.176       38.577   358.7
46.4000       -3379.452    -3417.954       38.502   358.0
46.4500       -3379.695    -3418.124       38.429   357.3
46.5000       -3380.190    -3419.380       39.190   364.4
46.5500       -3380.090    -3418.499       38.409   357.1
46.6000       -3379.922    -3417.951       38.028   353.6
46.6500       -3379.957    -3417.872       37.915   352.6
46.7000       -3379.964    -3418.092       38.128   354.5
46.7500       -3380.228    -3418.736       38.508   358.1
46.8000       -3380.201    -3418.204       38.003   353.4
46.8500       -3380.170    -3418.875       38.706   359.9
46.9000       -3380.460    -3418.668       38.208   355.3
46.9500       -3380.006    -3418.636       38.629   359.2
47.0000       -3380.053    -3417.678       37.625   349.9
47.0500       -3380.000    -3418.357       38.357   356.7
47.1000       -3379.700    -3418.746       39.046   363.1
47.1500       -3379.677    -3418.187       38.510   358.1
47.2000       -3379.990    -3417.902       37.912   352.5
47.2500       -3380.250    -3419.049       38.799   360.8
47.3000       -3380.191    -3418.341       38.150   354.7
47.3500       -3379.952    -3417.885       37.933   352.7
47.4000       -3379.843    -3417.864       38.021   353.5
47.4500       -3379.770    -3418.426       38.656   359.4
47.5000       -3379.818    -3418.519       38.700   359.9
47.5500       -3379.894    -3418.871       38.977   362.4
47.6000       -3379.991    -3418.104       38.113   354.4
47.6500       -3379.834    -3418.087       38.253   355.7
47.7000       -3379.607    -3418.278       38.670   359.6
47.7500       -3379.810    -3418.139       38.328   356.4
47.8000       -3379.823    -3417.601       37.778   351.3
47.8500       -3380.001    -3418.843       38.843   361.2
47.9000       -3379.841    -3418.722       38.882   361.5
47.9500       -3380.091    -3418.273       38.182   355.0
48.0000       -3380.148    -3419.049       38.901   361.7
48.0500       -3379.997    -3420.214       40.217   374.0
48.1000       -3380.491    -3418.846       38.355   356.6
48.1500       -3380.290    -3418.388       38.098   354.3
48.2000       -3380.106    -3417.441       37.335   347.2
48.2500       -3379.739    -3417.648       37.909   352.5
48.3000       -3379.506    -3419.315       39.808   370.2
48.3500       -3379.855    -3418.725       38.870   361.4
48.4000       -3379.484    -3416.820       37.336   347.2
48.4500       -3379.521    -3417.801       38.281   356.0
48.5000       -3379.757    -3419.103       39.346   365.9
48.5500       -3379.787    -3418.237       38.451   357.5
48.6000       -3379.470    -3418.489       39.019   362.8
48.6500       -3379.856    -3418.847       38.992   362.6
48.7000       -3380.307    -3418.701       38.394   357.0
48.7500       -3380.211    -3417.549       37.338   347.2
48.8000       -3379.935    -3419.813       39.878   370.8
48.8500       -3380.261    -3419.500       39.238   364.9
48.9000       -3380.495    -3418.040       37.545   349.1
48.9500       -3380.190    -3420.047       39.857   370.6
49.0000       -3380.672    -3420.119       39.447   366.8
49.0500       -3380.469    -3417.811       37.342   347.2
49.1000       -3379.903    -3418.573       38.671   359.6
49.1500       -3379.859    -3417.572       37.713   350.7
49.2000       -3379.594    -3418.498       38.903   361.7
49.2500       -3379.597    -3418.799       39.201   364.5
49.3000       -3379.687    -3417.443       37.756   351.1
49.3500       -3380.008    -3419.288       39.280   365.2
49.4000       -3380.084    -3417.989       37.905   352.5
49.4500       -3379.860    -3418.624       38.764   360.4
49.5000       -3379.758    -3417.979       38.222   355.4
49.5500       -3379.095    -3416.102       37.007   344.1
49.6000       -3379.030    -3418.215       39.185   364.4
49.6500       -3379.205    -3418.039       38.834   361.1
49.7000       -3379.541    -3418.758       39.218   364.7
49.7500       -3379.774    -3418.625       38.851   361.3
49.8000       -3379.915    -3418.915       39.000   362.6
49.8500       -3379.692    -3417.606       37.915   352.5
49.9000       -3379.880    -3419.209       39.329   365.7
49.9500       -3380.042    -3418.691       38.649   359.4
50.0000       -3379.663    -3418.506       38.843   361.2
