Time[ps]      Etot[eV]     Epot[eV]     Ekin[eV]    T[K]
0.0000        -3410.502    -3410.502        0.000     0.0
0.0500        -3405.427    -3445.328       39.901   371.0
0.1000        -3401.914    -3438.799       36.885   343.0
0.1500        -3399.179    -3432.496       33.318   309.8
0.2000        -3397.952    -3433.946       35.994   334.7
0.2500        -3395.429    -3434.927       39.498   367.3
0.3000        -3394.595    -3425.656       31.061   288.8
0.3500        -3394.113    -3426.510       32.396   301.2
0.4000        -3393.226    -3435.931       42.705   397.1
0.4500        -3390.194    -3433.141       42.947   399.3
0.5000        -3390.273    -3432.401       42.128   391.7
0.5500        -3392.526    -3434.707       42.181   392.2
0.6000        -3389.868    -3424.159       34.291   318.9
0.6500        -3391.527    -3430.809       39.283   365.3
0.7000        -3391.002    -3428.207       37.204   345.9
0.7500        -3389.072    -3421.524       32.452   301.8
0.8000        -3391.616    -3430.988       39.372   366.1
0.8500        -3390.096    -3423.722       33.626   312.7
0.9000        -3390.867    -3428.533       37.667   350.2
0.9500        -3390.761    -3428.807       38.047   353.8
1.0000        -3390.388    -3424.238       33.849   314.7
1.0500        -3387.600    -3414.956       27.356   254.4
1.1000        -3388.430    -3424.058       35.629   331.3
1.1500        -3390.323    -3424.659       34.336   319.3
1.2000        -3388.953    -3421.722       32.768   304.7
1.2500        -3386.481    -3420.785       34.304   319.0
1.3000        -3383.578    -3422.159       38.581   358.7
1.3500        -3385.465    -3428.861       43.396   403.5
1.4000        -3386.095    -3430.603       44.508   413.9
1.4500        -3386.327    -3423.546       37.219   346.1
1.5000        -3387.704    -3424.972       37.269   346.5
1.5500        -3385.840    -3419.105       33.265   309.3
1.6000        -3382.412    -3416.451       34.039   316.5
1.6500        -3384.772    -3430.792       46.020   427.9
1.7000        -3386.566    -3430.428       43.862   407.8
1.7500        -3388.099    -3423.741       35.642   331.4
1.8000        -3387.808    -3421.095       33.287   309.5
1.8500        -3388.523    -3426.781       38.258   355.7
1.9000        -3388.836    -3422.161       33.325   309.9
1.9500        -3389.200    -3420.608       31.408   292.0
2.0000        -3387.288    -3415.737       28.449   264.5
2.0500        -3386.130    -3424.827       38.696   359.8
2.1000        -3386.772    -3422.119       35.348   328.7
2.1500        -3387.882    -3425.926       38.043   353.7
2.2000        -3388.575    -3423.386       34.811   323.7
2.2500        -3387.668    -3418.743       31.074   288.9
2.3000        -3385.835    -3421.594       35.759   332.5
2.3500        -3386.701    -3427.733       41.032   381.5
2.4000        -3387.826    -3428.141       40.315   374.9
2.4500        -3387.546    -3421.646       34.100   317.1
2.5000        -3386.021    -3420.596       34.575   321.5
2.5500        -3385.572    -3422.379       36.807   342.2
2.6000        -3386.024    -3424.431       38.406   357.1
2.6500        -3386.355    -3423.779       37.424   348.0
2.7000        -3386.067    -3423.151       37.083   344.8
2.7500        -3385.873    -3422.454       36.581   340.1
2.8000        -3385.592    -3422.353       36.761   341.8
2.8500        -3385.774    -3423.282       37.508   348.8
2.9000        -3385.238    -3421.595       36.357   338.1
2.9500        -3384.874    -3420.868       35.995   334.7
3.0000        -3384.558    -3421.177       36.619   340.5
3.0500        -3384.609    -3422.965       38.355   356.6
3.1000        -3384.760    -3422.452       37.693   350.5
3.1500        -3384.504    -3422.013       37.509   348.8
3.2000        -3384.345    -3421.961       37.616   349.8
3.2500        -3384.149    -3420.329       36.180   336.4
3.3000        -3383.926    -3421.736       37.810   351.6
3.3500        -3384.440    -3422.377       37.937   352.8
3.4000        -3383.935    -3420.140       36.205   336.7
3.4500        -3383.579    -3421.007       37.427   348.0
3.5000        -3383.448    -3421.117       37.669   350.3
3.5500        -3383.721    -3420.802       37.081   344.8
3.6000        -3383.716    -3421.645       37.929   352.7
3.6500        -3383.622    -3420.382       36.760   341.8
3.7000        -3383.198    -3420.203       37.006   344.1
3.7500        -3383.545    -3421.310       37.765   351.2
3.8000        -3383.862    -3421.456       37.594   349.6
3.8500        -3383.853    -3420.550       36.696   341.2
3.9000        -3383.872    -3421.004       37.133   345.3
3.9500        -3383.701    -3420.212       36.511   339.5
4.0000        -3383.686    -3420.453       36.767   341.9
4.0500        -3383.585    -3420.754       37.169   345.6
4.1000        -3383.600    -3420.726       37.126   345.2
4.1500        -3383.731    -3420.027       36.295   337.5
4.2000        -3383.691    -3421.664       37.973   353.1
4.2500        -3383.406    -3420.935       37.529   349.0
4.3000        -3383.546    -3419.960       36.414   338.6
4.3500        -3383.461    -3420.503       37.042   344.4
4.4000        -3383.297    -3419.610       36.313   337.7
4.4500        -3382.832    -3419.913       37.080   344.8
4.5000        -3382.809    -3420.163       37.355   347.3
4.5500        -3382.836    -3419.314       36.478   339.2
4.6000        -3382.863    -3419.987       37.124   345.2
4.6500        -3383.010    -3419.463       36.453   339.0
4.7000        -3382.488    -3418.967       36.479   339.2
4.7500        -3382.184    -3419.153       36.969   343.8
4.8000        -3382.101    -3418.777       36.676   341.0
4.8500        -3382.173    -3421.095       38.922   361.9
4.9000        -3382.661    -3421.261       38.600   358.9
4.9500        -3382.905    -3420.270       37.364   347.4
5.0000        -3382.796    -3420.216       37.420   348.0
5.0500        -3382.975    -3420.090       37.116   345.1
5.1000        -3382.886    -3420.643       37.756   351.1
5.1500        -3382.989    -3420.672       37.683   350.4
5.2000        -3383.194    -3420.012       36.818   342.4
5.2500        -3383.163    -3421.091       37.928   352.7
5.3000        -3383.161    -3421.013       37.852   352.0
5.3500        -3382.949    -3420.064       37.115   345.1
5.4000        -3382.763    -3419.938       37.174   345.7
5.4500        -3382.754    -3419.981       37.227   346.2
5.5000        -3382.861    -3419.600       36.739   341.6
5.5500        -3382.827    -3419.249       36.422   338.7
5.6000        -3382.588    -3420.085       37.497   348.7
5.6500        -3382.081    -3418.508       36.427   338.7
5.7000        -3381.945    -3419.049       37.103   345.0
5.7500        -3381.957    -3419.760       37.803   351.5
5.8000        -3382.145    -3418.945       36.800   342.2
5.8500        -3382.082    -3418.577       36.496   339.4
5.9000        -3381.808    -3419.311       37.504   348.7
5.9500        -3382.042    -3419.707       37.664   350.2
6.0000        -3381.885    -3417.711       35.826   333.1
6.0500        -3381.064    -3417.988       36.924   343.3
6.1000        -3381.464    -3419.812       38.348   356.6
6.1500        -3381.678    -3419.521       37.843   351.9
6.2000        -3381.659    -3419.718       38.059   353.9
6.2500        -3381.727    -3419.586       37.859   352.0
6.3000        -3381.406    -3418.485       37.078   344.8
6.3500        -3381.431    -3419.882       38.451   357.5
6.4000        -3381.873    -3419.878       38.005   353.4
6.4500        -3382.259    -3420.578       38.319   356.3
6.5000        -3382.464    -3419.631       37.168   345.6
6.5500        -3382.279    -3419.893       37.614   349.8
6.6000        -3381.959    -3418.330       36.371   338.2
6.6500        -3381.940    -3419.406       37.465   348.4
6.7000        -3381.709    -3419.084       37.375   347.5
6.7500        -3381.515    -3418.222       36.707   341.3
6.8000        -3381.287    -3418.474       37.187   345.8
6.8500        -3381.144    -3419.156       38.012   353.5
6.9000        -3381.404    -3419.155       37.751   351.0
6.9500        -3381.630    -3419.424       37.794   351.4
7.0000        -3381.327    -3418.538       37.211   346.0
7.0500        -3381.172    -3418.876       37.705   350.6
7.1000        -3381.394    -3419.319       37.925   352.6
7.1500        -3381.945    -3419.438       37.494   348.6
7.2000        -3381.702    -3419.105       37.402   347.8
7.2500        -3381.949    -3420.526       38.577   358.7
7.3000        -3382.197    -3419.983       37.786   351.4
7.3500        -3381.988    -3419.486       37.498   348.7
7.4000        -3382.036    -3418.985       36.949   343.6
7.4500        -3382.006    -3420.225       38.218   355.4
7.5000        -3382.226    -3420.361       38.134   354.6
7.5500        -3382.415    -3419.581       37.166   345.6
7.6000        -3382.202    -3418.402       36.200   336.6
7.6500        -3382.026    -3419.913       37.888   352.3
7.7000        -3382.173    -3419.943       37.770   351.2
7.7500        -3382.103    -3418.974       36.870   342.8
7.8000        -3382.337    -3419.851       37.514   348.8
7.8500        -3382.291    -3419.729       37.438   348.1
7.9000        -3382.068    -3419.505       37.437   348.1
7.9500        -3382.062    -3419.894       37.832   351.8
8.0000        -3382.280    -3420.248       37.968   353.0
8.0500        -3382.625    -3419.817       37.192   345.8
8.1000        -3382.751    -3420.485       37.734   350.9
8.1500        -3382.941    -3419.771       36.829   342.5
8.2000        -3382.818    -3418.802       35.984   334.6
8.2500        -3382.568    -3420.024       37.456   348.3
8.3000        -3382.479    -3419.667       37.188   345.8
8.3500        -3382.638    -3420.554       37.916   352.6
8.4000        -3382.653    -3419.730       37.077   344.8
8.4500        -3382.325    -3419.104       36.779   342.0
8.5000        -3382.139    -3418.281       36.142   336.1
8.5500        -3381.661    -3419.706       38.045   353.8
8.6000        -3381.841    -3420.307       38.466   357.7
8.6500        -3382.085    -3420.523       38.438   357.4
8.7000        -3382.066    -3419.830       37.764   351.2
8.7500        -3382.291    -3419.469       37.178   345.7
8.8000        -3382.338    -3419.354       37.016   344.2
8.8500        -3382.173    -3419.002       36.829   342.5
8.9000        -3382.232    -3420.149       37.916   352.6
8.9500        -3381.900    -3418.742       36.842   342.6
9.0000        -3382.014    -3418.740       36.726   341.5
9.0500        -3381.816    -3418.526       36.709   341.3
9.1000        -3381.801    -3419.205       37.404   347.8
9.1500        -3381.960    -3420.602       38.642   359.3
9.2000        -3382.105    -3419.555       37.449   348.2
9.2500        -3381.692    -3418.515       36.823   342.4
9.3000        -3381.380    -3419.275       37.896   352.4
9.3500        -3381.558    -3420.214       38.656   359.4
9.4000        -3381.841    -3419.628       37.788   351.4
9.4500        -3381.905    -3419.083       37.178   345.7
9.5000        -3381.831    -3419.911       38.081   354.1
9.5500        -3381.922    -3420.665       38.742   360.2
9.6000        -3382.025    -3419.929       37.904   352.4
9.6500        -3381.633    -3418.573       36.940   343.5
9.7000        -3381.629    -3420.388       38.760   360.4
9.7500        -3382.305    -3419.974       37.669   350.3
9.8000        -3382.434    -3419.782       37.348   347.3
9.8500        -3382.612    -3420.151       37.539   349.1
9.9000        -3382.737    -3419.837       37.100   345.0
9.9500        -3382.811    -3419.649       36.837   342.5
10.0000       -3382.893    -3420.673       37.779   351.3
10.0500       -3382.580    -3418.080       35.500   330.1
10.1000       -3381.791    -3418.818       37.026   344.3
10.1500       -3381.550    -3419.804       38.253   355.7
10.2000       -3381.680    -3419.568       37.888   352.3
10.2500       -3381.944    -3419.547       37.603   349.7
10.3000       -3381.778    -3419.683       37.905   352.5
10.3500       -3381.886    -3420.233       38.347   356.6
10.4000       -3382.060    -3419.274       37.214   346.0
10.4500       -3381.778    -3418.233       36.455   339.0
10.5000       -3381.507    -3418.982       37.475   348.5
10.5500       -3381.517    -3418.388       36.871   342.8
10.6000       -3381.639    -3419.559       37.920   352.6
10.6500       -3381.723    -3419.089       37.366   347.4
10.7000       -3381.996    -3419.142       37.146   345.4
10.7500       -3381.971    -3418.911       36.940   343.5
10.8000       -3382.179    -3421.008       38.829   361.1
10.8500       -3382.025    -3419.806       37.781   351.3
10.9000       -3382.106    -3419.686       37.580   349.4
10.9500       -3381.622    -3418.874       37.251   346.4
11.0000       -3381.828    -3419.041       37.213   346.0
11.0500       -3381.746    -3419.302       37.557   349.2
11.1000       -3381.699    -3419.551       37.851   352.0
11.1500       -3381.654    -3418.812       37.157   345.5
11.2000       -3381.864    -3419.990       38.126   354.5
11.2500       -3381.927    -3418.441       36.514   339.5
11.3000       -3381.986    -3419.991       38.005   353.4
11.3500       -3381.900    -3419.171       37.271   346.6
11.4000       -3382.034    -3419.208       37.173   345.7
11.4500       -3382.194    -3419.497       37.303   346.9
11.5000       -3381.986    -3418.837       36.851   342.7
11.5500       -3381.479    -3418.932       37.453   348.3
11.6000       -3381.503    -3419.911       38.407   357.1
11.6500       -3381.722    -3419.874       38.152   354.8
11.7000       -3381.715    -3420.305       38.590   358.8
11.7500       -3382.116    -3421.776       39.660   368.8
11.8000       -3382.420    -3420.054       37.634   349.9
11.8500       -3382.657    -3419.551       36.895   343.1
11.9000       -3382.357    -3419.736       37.378   347.6
11.9500       -3382.274    -3419.690       37.416   347.9
12.0000       -3382.234    -3420.586       38.352   356.6
12.0500       -3382.533    -3419.819       37.286   346.7
12.1000       -3382.540    -3420.350       37.809   351.6
12.1500       -3382.515    -3420.762       38.248   355.6
12.2000       -3382.947    -3421.405       38.458   357.6
12.2500       -3382.830    -3419.303       36.474   339.2
12.3000       -3382.718    -3419.798       37.080   344.8
12.3500       -3382.376    -3419.407       37.031   344.3
12.4000       -3382.095    -3418.554       36.459   339.0
12.4500       -3381.848    -3419.700       37.852   352.0
12.5000       -3382.003    -3419.574       37.571   349.4
12.5500       -3382.027    -3420.122       38.095   354.2
12.6000       -3382.075    -3419.516       37.441   348.1
12.6500       -3382.132    -3420.653       38.521   358.2
12.7000       -3382.315    -3419.659       37.343   347.2
12.7500       -3382.130    -3418.523       36.393   338.4
12.8000       -3381.921    -3417.982       36.061   335.3
12.8500       -3381.722    -3419.518       37.796   351.4
12.9000       -3381.389    -3419.278       37.889   352.3
12.9500       -3381.579    -3420.022       38.443   357.5
13.0000       -3381.844    -3419.715       37.871   352.1
13.0500       -3381.884    -3418.406       36.522   339.6
13.1000       -3381.870    -3420.713       38.843   361.2
13.1500       -3382.390    -3421.418       39.028   362.9
13.2000       -3382.698    -3420.097       37.399   347.8
13.2500       -3382.508    -3419.588       37.079   344.8
13.3000       -3382.094    -3419.169       37.075   344.7
13.3500       -3381.893    -3419.670       37.777   351.3
13.4000       -3381.920    -3419.480       37.560   349.3
13.4500       -3382.337    -3420.031       37.694   350.5
13.5000       -3382.133    -3419.850       37.717   350.7
13.5500       -3382.361    -3419.820       37.459   348.3
13.6000       -3382.649    -3420.465       37.817   351.6
13.6500       -3382.468    -3419.670       37.203   345.9
13.7000       -3382.483    -3419.094       36.611   340.4
13.7500       -3382.184    -3419.011       36.827   342.4
13.8000       -3382.105    -3419.260       37.155   345.5
13.8500       -3382.560    -3420.807       38.248   355.6
13.9000       -3382.522    -3421.045       38.522   358.2
13.9500       -3382.426    -3420.282       37.856   352.0
14.0000       -3382.282    -3419.108       36.826   342.4
14.0500       -3381.965    -3418.793       36.828   342.4
14.1000       -3381.793    -3419.837       38.044   353.8
14.1500       -3381.638    -3419.355       37.717   350.7
14.2000       -3382.334    -3421.019       38.685   359.7
14.2500       -3382.349    -3420.340       37.990   353.3
14.3000       -3382.250    -3420.013       37.764   351.1
14.3500       -3382.533    -3420.292       37.759   351.1
14.4000       -3382.628    -3419.694       37.067   344.7
14.4500       -3382.366    -3420.426       38.060   353.9
14.5000       -3382.795    -3420.495       37.700   350.6
14.5500       -3382.725    -3420.054       37.329   347.1
14.6000       -3382.602    -3420.130       37.528   349.0
14.6500       -3382.551    -3419.042       36.492   339.3
14.7000       -3382.655    -3420.586       37.932   352.7
14.7500       -3382.714    -3419.477       36.763   341.8
14.8000       -3382.514    -3419.898       37.384   347.6
14.8500       -3382.509    -3420.515       38.006   353.4
14.9000       -3382.415    -3419.259       36.844   342.6
14.9500       -3382.119    -3419.795       37.676   350.3
15.0000       -3382.386    -3421.040       38.655   359.4
15.0500       -3382.433    -3419.943       37.510   348.8
15.1000       -3382.653    -3420.938       38.285   356.0
15.1500       -3382.448    -3419.024       36.576   340.1
15.2000       -3382.269    -3419.393       37.123   345.2
15.2500       -3382.262    -3419.006       36.744   341.7
15.3000       -3381.950    -3419.008       37.058   344.6
15.3500       -3381.621    -3418.333       36.712   341.4
15.4000       -3381.731    -3419.073       37.341   347.2
15.4500       -3381.909    -3420.283       38.374   356.8
15.5000       -3381.949    -3419.131       37.181   345.7
15.5500       -3382.286    -3421.135       38.849   361.2
15.6000       -3382.318    -3419.983       37.665   350.2
15.6500       -3382.337    -3419.539       37.202   345.9
15.7000       -3382.354    -3421.081       38.726   360.1
15.7500       -3382.653    -3420.573       37.920   352.6
15.8000       -3382.680    -3420.117       37.437   348.1
15.8500       -3382.523    -3419.016       36.493   339.3
15.9000       -3381.948    -3418.824       36.876   342.9
15.9500       -3381.677    -3419.421       37.744   351.0
16.0000       -3381.953    -3419.996       38.043   353.7
16.0500       -3382.215    -3420.136       37.921   352.6
16.1000       -3381.860    -3418.166       36.306   337.6
16.1500       -3381.631    -3418.982       37.351   347.3
16.2000       -3381.764    -3420.062       38.298   356.1
16.2500       -3382.034    -3420.235       38.202   355.2
16.3000       -3381.847    -3418.456       36.609   340.4
16.3500       -3381.604    -3419.527       37.923   352.6
16.4000       -3381.759    -3419.680       37.921   352.6
16.4500       -3381.900    -3419.855       37.956   352.9
16.5000       -3381.803    -3418.765       36.963   343.7
16.5500       -3381.634    -3418.984       37.350   347.3
16.6000       -3381.769    -3419.015       37.245   346.3
16.6500       -3381.786    -3418.285       36.499   339.4
16.7000       -3381.796    -3419.991       38.195   355.2
16.7500       -3381.869    -3419.222       37.353   347.3
16.8000       -3381.674    -3419.360       37.686   350.4
16.8500       -3381.699    -3418.031       36.333   337.8
16.9000       -3381.408    -3418.889       37.481   348.5
16.9500       -3381.345    -3418.792       37.447   348.2
17.0000       -3381.304    -3418.831       37.527   348.9
17.0500       -3381.467    -3419.789       38.322   356.3
17.1000       -3381.655    -3419.186       37.531   349.0
17.1500       -3381.631    -3418.503       36.872   342.9
17.2000       -3381.310    -3418.957       37.647   350.1
17.2500       -3381.303    -3418.688       37.385   347.6
17.3000       -3381.514    -3420.099       38.585   358.8
17.3500       -3381.574    -3418.250       36.677   341.0
17.4000       -3381.271    -3418.242       36.971   343.8
17.4500       -3381.225    -3418.325       37.100   345.0
17.5000       -3381.781    -3420.991       39.210   364.6
17.5500       -3382.118    -3420.410       38.292   356.1
17.6000       -3382.299    -3420.218       37.918   352.6
17.6500       -3382.395    -3419.372       36.978   343.8
17.7000       -3382.830    -3421.315       38.486   357.9
17.7500       -3383.232    -3421.377       38.145   354.7
17.8000       -3382.966    -3419.304       36.338   337.9
17.8500       -3382.930    -3419.635       36.705   341.3
17.9000       -3382.761    -3419.607       36.846   342.6
17.9500       -3382.618    -3418.838       36.220   336.8
18.0000       -3382.474    -3419.708       37.234   346.2
18.0500       -3382.291    -3418.719       36.427   338.7
18.1000       -3381.909    -3419.181       37.272   346.6
18.1500       -3382.272    -3420.595       38.323   356.3
18.2000       -3382.094    -3418.389       36.296   337.5
18.2500       -3381.480    -3417.427       35.947   334.3
18.3000       -3381.140    -3418.941       37.801   351.5
18.3500       -3381.268    -3418.298       37.030   344.3
18.4000       -3381.095    -3418.480       37.385   347.6
18.4500       -3381.371    -3419.668       38.297   356.1
18.5000       -3381.461    -3419.636       38.175   355.0
18.5500       -3381.591    -3418.812       37.221   346.1
18.6000       -3381.713    -3420.216       38.503   358.0
18.6500       -3381.622    -3420.259       38.637   359.3
18.7000       -3381.877    -3419.182       37.305   346.9
18.7500       -3381.997    -3420.247       38.250   355.7
18.8000       -3382.204    -3419.874       37.670   350.3
18.8500       -3382.004    -3419.274       37.270   346.6
18.9000       -3381.657    -3418.084       36.427   338.7
18.9500       -3381.487    -3418.615       37.128   345.2
19.0000       -3381.789    -3418.839       37.050   344.5
19.0500       -3381.380    -3417.870       36.490   339.3
19.1000       -3381.399    -3419.151       37.752   351.0
19.1500       -3381.385    -3418.963       37.579   349.4
19.2000       -3381.514    -3419.100       37.586   349.5
19.2500       -3381.674    -3418.510       36.836   342.5
19.3000       -3381.304    -3418.248       36.944   343.5
19.3500       -3381.412    -3419.599       38.187   355.1
19.4000       -3381.526    -3418.609       37.082   344.8
19.4500       -3381.022    -3417.896       36.873   342.9
19.5000       -3380.900    -3419.168       38.268   355.8
19.5500       -3381.262    -3418.917       37.654   350.1
19.6000       -3381.546    -3420.638       39.092   363.5
19.6500       -3381.920    -3419.178       37.258   346.4
19.7000       -3381.279    -3418.849       37.570   349.3
19.7500       -3381.795    -3420.306       38.510   358.1
19.8000       -3382.211    -3419.567       37.357   347.4
19.8500       -3382.296    -3419.362       37.066   344.7
19.9000       -3382.133    -3417.875       35.742   332.3
19.9500       -3382.199    -3418.954       36.756   341.8
20.0000       -3381.858    -3418.380       36.522   339.6
20.0500       -3381.764    -3419.650       37.886   352.3
20.1000       -3381.831    -3420.112       38.281   356.0
20.1500       -3382.038    -3418.873       36.835   342.5
20.2000       -3381.557    -3418.523       36.967   343.7
20.2500       -3381.203    -3418.087       36.884   343.0
20.3000       -3381.259    -3418.461       37.202   345.9
20.3500       -3381.373    -3418.879       37.506   348.8
20.4000       -3381.211    -3417.752       36.541   339.8
20.4500       -3380.949    -3417.175       36.226   336.9
20.5000       -3380.936    -3418.688       37.752   351.0
20.5500       -3381.113    -3418.711       37.598   349.6
20.6000       -3381.316    -3418.128       36.812   342.3
20.6500       -3381.395    -3419.517       38.122   354.5
20.7000       -3381.504    -3418.241       36.737   341.6
20.7500       -3381.339    -3418.243       36.904   343.2
20.8000       -3381.308    -3418.554       37.246   346.3
20.8500       -3381.607    -3419.690       38.083   354.1
20.9000       -3381.795    -3419.305       37.510   348.8
20.9500       -3381.805    -3418.901       37.096   344.9
21.0000       -3381.592    -3418.185       36.593   340.3
21.0500       -3381.703    -3419.015       37.312   346.9
21.1000       -3381.459    -3417.177       35.717   332.1
21.1500       -3381.272    -3418.373       37.101   345.0
21.2000       -3381.328    -3418.182       36.855   342.7
21.2500       -3381.361    -3419.074       37.713   350.7
21.3000       -3381.190    -3418.706       37.516   348.8
21.3500       -3381.164    -3419.397       38.233   355.5
21.4000       -3381.026    -3418.034       37.008   344.1
21.4500       -3381.335    -3419.854       38.518   358.2
21.5000       -3381.442    -3418.862       37.420   347.9
21.5500       -3381.610    -3420.177       38.567   358.6
21.6000       -3381.984    -3420.375       38.392   357.0
21.6500       -3382.213    -3419.407       37.195   345.9
21.7000       -3382.225    -3419.671       37.446   348.2
21.7500       -3381.966    -3418.895       36.929   343.4
21.8000       -3381.644    -3418.626       36.981   343.9
21.8500       -3381.512    -3419.450       37.938   352.8
21.9000       -3381.427    -3418.527       37.100   345.0
21.9500       -3381.147    -3418.449       37.302   346.9
22.0000       -3380.871    -3417.877       37.006   344.1
22.0500       -3381.423    -3420.195       38.772   360.5
22.1000       -3381.642    -3419.146       37.503   348.7
22.1500       -3381.738    -3419.246       37.508   348.8
22.2000       -3381.729    -3419.119       37.390   347.7
22.2500       -3382.115    -3418.971       36.856   342.7
22.3000       -3382.119    -3419.852       37.732   350.9
22.3500       -3382.526    -3421.303       38.777   360.6
22.4000       -3383.013    -3420.759       37.746   351.0
22.4500       -3382.943    -3419.980       37.037   344.4
22.5000       -3383.188    -3420.297       37.109   345.1
22.5500       -3382.658    -3419.612       36.954   343.6
22.6000       -3382.144    -3419.934       37.789   351.4
22.6500       -3382.061    -3419.667       37.606   349.7
22.7000       -3381.857    -3418.194       36.337   337.9
22.7500       -3381.876    -3420.068       38.192   355.1
22.8000       -3382.082    -3419.735       37.653   350.1
22.8500       -3382.321    -3420.390       38.069   354.0
22.9000       -3382.118    -3418.827       36.709   341.3
22.9500       -3382.363    -3419.948       37.585   349.5
23.0000       -3382.507    -3420.251       37.744   351.0
23.0500       -3382.519    -3419.983       37.464   348.4
23.1000       -3382.381    -3421.097       38.717   360.0
23.1500       -3382.617    -3419.887       37.270   346.6
23.2000       -3382.254    -3419.362       37.108   345.0
23.2500       -3382.343    -3420.356       38.013   353.5
23.3000       -3382.422    -3420.144       37.722   350.8
23.3500       -3382.224    -3419.152       36.928   343.4
23.4000       -3382.391    -3420.002       37.612   349.7
23.4500       -3382.417    -3419.415       36.998   344.0
23.5000       -3382.515    -3420.618       38.103   354.3
23.5500       -3382.478    -3419.626       37.148   345.4
23.6000       -3382.096    -3418.202       36.106   335.7
23.6500       -3382.160    -3419.560       37.399   347.8
23.7000       -3382.536    -3420.095       37.559   349.2
23.7500       -3382.510    -3420.580       38.070   354.0
23.8000       -3382.890    -3420.477       37.586   349.5
23.8500       -3382.797    -3420.134       37.337   347.2
23.9000       -3382.156    -3418.324       36.168   336.3
23.9500       -3381.838    -3416.842       35.003   325.5
24.0000       -3381.453    -3418.138       36.685   341.1
24.0500       -3381.282    -3418.538       37.256   346.4
24.1000       -3381.464    -3418.470       37.006   344.1
24.1500       -3380.952    -3418.281       37.329   347.1
24.2000       -3380.980    -3418.881       37.901   352.4
24.2500       -3380.948    -3418.807       37.859   352.0
24.3000       -3380.997    -3418.310       37.313   347.0
24.3500       -3381.102    -3419.275       38.172   354.9
24.4000       -3381.447    -3417.730       36.282   337.4
24.4500       -3381.134    -3418.051       36.917   343.3
24.5000       -3380.998    -3418.463       37.466   348.4
24.5500       -3381.146    -3417.880       36.734   341.6
24.6000       -3380.938    -3418.340       37.401   347.8
24.6500       -3381.322    -3418.918       37.596   349.6
24.7000       -3381.317    -3417.817       36.500   339.4
24.7500       -3381.302    -3418.092       36.790   342.1
24.8000       -3381.163    -3419.261       38.098   354.3
24.8500       -3381.462    -3419.031       37.570   349.3
24.9000       -3381.598    -3418.356       36.758   341.8
24.9500       -3381.150    -3417.349       36.199   336.6
25.0000       -3380.804    -3418.919       38.115   354.4
25.0500       -3381.089    -3419.425       38.336   356.5
25.1000       -3381.474    -3419.615       38.141   354.6
25.1500       -3381.647    -3419.625       37.978   353.1
25.2000       -3382.057    -3419.009       36.952   343.6
25.2500       -3382.175    -3419.387       37.212   346.0
25.3000       -3381.899    -3418.905       37.006   344.1
25.3500       -3381.516    -3417.684       36.168   336.3
25.4000       -3381.620    -3420.582       38.962   362.3
25.4500       -3382.031    -3420.058       38.027   353.6
25.5000       -3381.764    -3418.256       36.492   339.3
25.5500       -3381.602    -3419.240       37.638   350.0
25.6000       -3381.598    -3420.565       38.967   362.3
25.6500       -3381.595    -3418.654       37.060   344.6
25.7000       -3381.485    -3418.894       37.408   347.8
25.7500       -3381.502    -3419.758       38.256   355.7
25.8000       -3381.621    -3419.341       37.720   350.7
25.8500       -3381.709    -3421.020       39.311   365.5
25.9000       -3382.378    -3420.928       38.550   358.5
25.9500       -3382.461    -3419.612       37.151   345.4
26.0000       -3382.133    -3418.795       36.662   340.9
26.0500       -3381.856    -3418.274       36.418   338.6
26.1000       -3381.697    -3418.048       36.351   338.0
26.1500       -3381.610    -3418.938       37.328   347.1
26.2000       -3381.272    -3418.653       37.380   347.6
26.2500       -3381.351    -3419.180       37.829   351.8
26.3000       -3381.650    -3419.829       38.179   355.0
26.3500       -3381.771    -3419.780       38.009   353.4
26.4000       -3381.862    -3419.742       37.879   352.2
26.4500       -3382.301    -3420.901       38.600   358.9
26.5000       -3382.593    -3420.165       37.572   349.4
26.5500       -3382.665    -3421.043       38.378   356.9
26.6000       -3382.756    -3419.436       36.680   341.1
26.6500       -3382.599    -3420.046       37.447   348.2
26.7000       -3382.675    -3420.645       37.970   353.1
26.7500       -3382.638    -3420.433       37.795   351.4
26.8000       -3382.586    -3419.955       37.369   347.5
26.8500       -3382.346    -3420.161       37.815   351.6
26.9000       -3382.313    -3419.532       37.220   346.1
26.9500       -3381.890    -3417.803       35.913   333.9
27.0000       -3381.949    -3420.611       38.663   359.5
27.0500       -3381.882    -3419.797       37.915   352.6
27.1000       -3381.914    -3419.165       37.251   346.4
27.1500       -3381.895    -3418.688       36.792   342.1
27.2000       -3382.246    -3419.934       37.689   350.4
27.2500       -3382.286    -3420.224       37.938   352.8
27.3000       -3382.455    -3418.802       36.347   338.0
27.3500       -3382.368    -3418.417       36.049   335.2
27.4000       -3381.922    -3418.488       36.566   340.0
27.4500       -3381.362    -3417.941       36.578   340.1
27.5000       -3381.139    -3418.383       37.244   346.3
27.5500       -3380.957    -3417.726       36.769   341.9
27.6000       -3381.080    -3418.780       37.700   350.6
27.6500       -3381.187    -3417.463       36.276   337.3
27.7000       -3381.556    -3419.509       37.953   352.9
27.7500       -3381.857    -3419.256       37.398   347.7
27.8000       -3381.898    -3419.938       38.040   353.7
27.8500       -3381.960    -3419.217       37.257   346.4
27.9000       -3381.540    -3417.697       36.157   336.2
27.9500       -3381.088    -3418.662       37.574   349.4
28.0000       -3381.072    -3419.044       37.972   353.1
28.0500       -3381.506    -3419.753       38.247   355.6
28.1000       -3381.729    -3419.388       37.659   350.2
28.1500       -3381.638    -3418.838       37.200   345.9
28.2000       -3381.250    -3418.089       36.839   342.5
28.2500       -3381.251    -3418.892       37.642   350.0
28.3000       -3381.327    -3418.119       36.792   342.1
28.3500       -3381.427    -3419.579       38.152   354.8
28.4000       -3381.447    -3418.643       37.196   345.9
28.4500       -3381.587    -3419.094       37.507   348.8
28.5000       -3381.650    -3419.026       37.376   347.5
28.5500       -3381.271    -3417.026       35.755   332.5
28.6000       -3380.906    -3418.135       37.230   346.2
28.6500       -3381.220    -3419.707       38.487   357.9
28.7000       -3381.450    -3419.968       38.518   358.2
28.7500       -3381.685    -3418.941       37.256   346.4
28.8000       -3381.519    -3420.087       38.568   358.6
28.8500       -3381.710    -3418.573       36.864   342.8
28.9000       -3381.620    -3418.253       36.634   340.6
28.9500       -3381.650    -3419.029       37.378   347.6
29.0000       -3381.476    -3419.615       38.139   354.6
29.0500       -3381.465    -3419.109       37.644   350.0
29.1000       -3381.277    -3418.825       37.548   349.1
29.1500       -3381.194    -3417.458       36.263   337.2
29.2000       -3380.994    -3418.055       37.062   344.6
29.2500       -3380.976    -3419.243       38.267   355.8
29.3000       -3381.143    -3418.995       37.852   352.0
29.3500       -3381.311    -3419.119       37.809   351.6
29.4000       -3381.157    -3417.070       35.913   333.9
29.4500       -3381.234    -3418.250       37.015   344.2
29.5000       -3381.407    -3419.482       38.075   354.0
29.5500       -3381.664    -3419.469       37.805   351.5
29.6000       -3381.585    -3418.046       36.461   339.0
29.6500       -3381.213    -3417.562       36.350   338.0
29.7000       -3380.987    -3417.670       36.683   341.1
29.7500       -3381.357    -3418.869       37.512   348.8
29.8000       -3381.284    -3418.907       37.622   349.8
29.8500       -3381.095    -3418.230       37.134   345.3
29.9000       -3381.348    -3418.740       37.392   347.7
29.9500       -3381.402    -3419.183       37.781   351.3
30.0000       -3381.530    -3419.008       37.478   348.5
30.0500       -3381.432    -3418.798       37.367   347.5
30.1000       -3381.524    -3419.107       37.582   349.5
30.1500       -3381.406    -3417.933       36.527   339.6
30.2000       -3381.128    -3418.481       37.353   347.3
30.2500       -3381.195    -3419.370       38.175   355.0
30.3000       -3381.218    -3418.201       36.983   343.9
30.3500       -3381.202    -3418.907       37.706   350.6
30.4000       -3381.176    -3418.718       37.542   349.1
30.4500       -3381.320    -3418.455       37.135   345.3
30.5000       -3381.529    -3418.671       37.142   345.4
30.5500       -3381.645    -3419.517       37.872   352.2
30.6000       -3381.533    -3419.203       37.670   350.3
30.6500       -3381.764    -3419.303       37.539   349.1
30.7000       -3381.623    -3419.781       38.158   354.8
30.7500       -3381.905    -3419.674       37.769   351.2
30.8000       -3382.014    -3419.043       37.030   344.3
30.8500       -3381.835    -3419.587       37.753   351.0
30.9000       -3382.177    -3420.114       37.937   352.8
30.9500       -3382.038    -3418.800       36.762   341.8
31.0000       -3382.012    -3420.358       38.347   356.6
31.0500       -3382.276    -3419.031       36.755   341.8
31.1000       -3382.365    -3421.478       39.114   363.7
31.1500       -3382.628    -3420.293       37.665   350.2
31.2000       -3382.691    -3419.842       37.151   345.4
31.2500       -3382.332    -3419.389       37.057   344.6
31.3000       -3382.391    -3420.563       38.172   354.9
31.3500       -3382.215    -3419.144       36.929   343.4
31.4000       -3382.271    -3419.900       37.629   349.9
31.4500       -3382.401    -3420.140       37.739   350.9
31.5000       -3382.441    -3419.433       36.992   344.0
31.5500       -3382.570    -3419.398       36.828   342.4
31.6000       -3382.560    -3419.260       36.700   341.3
31.6500       -3382.243    -3418.875       36.632   340.6
31.7000       -3382.300    -3419.604       37.304   346.9
31.7500       -3382.034    -3419.084       37.050   344.5
31.8000       -3381.771    -3419.090       37.319   347.0
31.8500       -3381.641    -3417.791       36.149   336.1
31.9000       -3381.476    -3419.074       37.599   349.6
31.9500       -3381.702    -3419.134       37.432   348.1
32.0000       -3381.779    -3419.625       37.845   351.9
32.0500       -3382.103    -3419.891       37.788   351.4
32.1000       -3381.890    -3418.871       36.981   343.9
32.1500       -3381.266    -3417.156       35.889   333.7
32.2000       -3380.986    -3418.320       37.334   347.1
32.2500       -3380.767    -3416.713       35.946   334.2
32.3000       -3380.702    -3418.678       37.976   353.1
32.3500       -3381.268    -3417.855       36.588   340.2
32.4000       -3381.561    -3419.694       38.133   354.6
32.4500       -3381.737    -3418.768       37.030   344.3
32.5000       -3381.586    -3419.187       37.601   349.6
32.5500       -3381.537    -3419.875       38.338   356.5
32.6000       -3382.034    -3420.024       37.991   353.3
32.6500       -3381.964    -3420.519       38.556   358.5
32.7000       -3382.149    -3419.452       37.303   346.9
32.7500       -3381.907    -3419.404       37.497   348.7
32.8000       -3381.905    -3419.850       37.945   352.8
32.8500       -3381.908    -3418.937       37.028   344.3
32.9000       -3381.615    -3418.905       37.289   346.7
32.9500       -3381.492    -3419.152       37.659   350.2
33.0000       -3381.592    -3420.008       38.416   357.2
33.0500       -3381.897    -3420.010       38.113   354.4
33.1000       -3382.097    -3419.573       37.476   348.5
33.1500       -3381.856    -3419.686       37.830   351.8
33.2000       -3382.039    -3421.398       39.358   366.0
33.2500       -3382.258    -3420.034       37.776   351.3
33.3000       -3382.140    -3418.896       36.756   341.8
33.3500       -3382.289    -3419.791       37.501   348.7
33.4000       -3382.618    -3420.720       38.102   354.3
33.4500       -3382.337    -3418.834       36.496   339.4
33.5000       -3382.152    -3419.793       37.641   350.0
33.5500       -3382.239    -3418.656       36.417   338.6
33.6000       -3381.897    -3418.948       37.051   344.5
33.6500       -3381.878    -3419.963       38.085   354.1
33.7000       -3381.779    -3419.524       37.745   351.0
33.7500       -3381.663    -3417.400       35.737   332.3
33.8000       -3381.378    -3418.273       36.895   343.1
33.8500       -3381.512    -3419.355       37.843   351.9
33.9000       -3381.386    -3418.932       37.546   349.1
33.9500       -3381.350    -3418.352       37.002   344.1
34.0000       -3380.868    -3416.012       35.144   326.8
34.0500       -3380.557    -3417.821       37.264   346.5
34.1000       -3381.013    -3419.734       38.720   360.0
34.1500       -3381.407    -3418.802       37.396   347.7
34.2000       -3381.544    -3419.274       37.729   350.8
34.2500       -3381.328    -3417.781       36.453   339.0
34.3000       -3381.275    -3418.746       37.471   348.4
34.3500       -3381.060    -3418.203       37.143   345.4
34.4000       -3381.129    -3418.319       37.190   345.8
34.4500       -3381.158    -3419.503       38.344   356.5
34.5000       -3381.670    -3420.160       38.490   357.9
34.5500       -3381.745    -3419.076       37.331   347.1
34.6000       -3381.887    -3418.831       36.944   343.5
34.6500       -3381.761    -3419.305       37.545   349.1
34.7000       -3382.023    -3419.615       37.593   349.6
34.7500       -3381.787    -3418.517       36.730   341.5
34.8000       -3381.380    -3419.612       38.232   355.5
34.8500       -3381.538    -3420.095       38.557   358.5
34.9000       -3382.011    -3419.541       37.530   349.0
34.9500       -3382.055    -3418.501       36.446   338.9
35.0000       -3381.891    -3418.855       36.964   343.7
35.0500       -3381.568    -3417.835       36.267   337.2
35.1000       -3381.565    -3418.685       37.120   345.2
35.1500       -3381.895    -3420.389       38.494   357.9
35.2000       -3382.416    -3420.553       38.137   354.6
35.2500       -3382.284    -3418.477       36.193   336.5
35.3000       -3382.070    -3419.454       37.383   347.6
35.3500       -3381.949    -3418.588       36.639   340.7
35.4000       -3381.705    -3418.549       36.844   342.6
35.4500       -3381.576    -3419.181       37.605   349.7
35.5000       -3381.846    -3420.132       38.286   356.0
35.5500       -3381.570    -3417.763       36.193   336.5
35.6000       -3381.290    -3419.044       37.754   351.1
35.6500       -3381.217    -3417.503       36.286   337.4
35.7000       -3381.321    -3419.772       38.451   357.5
35.7500       -3381.495    -3419.330       37.835   351.8
35.8000       -3381.349    -3417.609       36.260   337.2
35.8500       -3380.869    -3417.429       36.560   340.0
35.9000       -3381.186    -3418.839       37.653   350.1
35.9500       -3381.693    -3420.405       38.712   360.0
36.0000       -3381.600    -3418.407       36.807   342.3
36.0500       -3381.330    -3418.551       37.221   346.1
36.1000       -3381.675    -3419.678       38.003   353.4
36.1500       -3381.721    -3418.679       36.957   343.6
36.2000       -3381.661    -3419.799       38.138   354.6
36.2500       -3382.084    -3420.167       38.083   354.1
36.3000       -3381.991    -3418.681       36.690   341.2
36.3500       -3381.871    -3418.803       36.932   343.4
36.4000       -3381.419    -3418.278       36.859   342.7
36.4500       -3381.407    -3419.948       38.541   358.4
36.5000       -3381.683    -3418.925       37.242   346.3
36.5500       -3381.534    -3418.252       36.718   341.4
36.6000       -3381.739    -3419.658       37.919   352.6
36.6500       -3382.049    -3418.815       36.766   341.9
36.7000       -3381.622    -3419.324       37.702   350.6
36.7500       -3381.377    -3418.871       37.494   348.6
36.8000       -3381.370    -3418.137       36.767   341.9
36.8500       -3381.093    -3417.992       36.899   343.1
36.9000       -3380.873    -3418.286       37.413   347.9
36.9500       -3381.047    -3419.171       38.124   354.5
37.0000       -3380.973    -3418.736       37.763   351.1
37.0500       -3381.230    -3419.238       38.008   353.4
37.1000       -3381.344    -3419.060       37.716   350.7
37.1500       -3381.219    -3417.453       36.233   336.9
37.2000       -3381.141    -3419.037       37.896   352.4
37.2500       -3381.330    -3419.903       38.572   358.7
37.3000       -3381.621    -3419.113       37.492   348.6
37.3500       -3381.977    -3419.964       37.987   353.2
37.4000       -3382.299    -3420.667       38.368   356.8
37.4500       -3382.604    -3421.248       38.643   359.3
37.5000       -3382.527    -3418.554       36.027   335.0
37.5500       -3382.279    -3419.122       36.843   342.6
37.6000       -3381.806    -3419.248       37.442   348.2
37.6500       -3382.262    -3421.066       38.804   360.8
37.7000       -3382.777    -3420.550       37.772   351.2
37.7500       -3382.913    -3420.165       37.252   346.4
37.8000       -3382.559    -3419.688       37.129   345.2
37.8500       -3382.310    -3419.131       36.821   342.4
37.9000       -3382.011    -3419.168       37.158   345.5
37.9500       -3381.455    -3418.154       36.699   341.2
38.0000       -3381.212    -3418.783       37.570   349.3
38.0500       -3381.699    -3420.817       39.118   363.7
38.1000       -3382.278    -3420.894       38.616   359.1
38.1500       -3382.428    -3419.907       37.479   348.5
38.2000       -3382.560    -3420.239       37.679   350.4
38.2500       -3382.520    -3419.150       36.631   340.6
38.3000       -3382.158    -3418.478       36.320   337.7
38.3500       -3381.932    -3419.110       37.179   345.7
38.4000       -3381.865    -3418.123       36.257   337.1
38.4500       -3381.474    -3417.124       35.650   331.5
38.5000       -3381.034    -3418.263       37.230   346.2
38.5500       -3380.894    -3417.944       37.050   344.5
38.6000       -3380.914    -3418.385       37.471   348.4
38.6500       -3380.896    -3418.806       37.910   352.5
38.7000       -3381.335    -3419.487       38.152   354.8
38.7500       -3381.695    -3419.270       37.575   349.4
38.8000       -3381.689    -3419.193       37.504   348.7
38.8500       -3381.746    -3419.529       37.783   351.3
38.9000       -3381.623    -3419.168       37.545   349.1
38.9500       -3381.567    -3419.331       37.765   351.2
39.0000       -3381.530    -3419.467       37.937   352.8
39.0500       -3381.647    -3418.446       36.799   342.2
39.1000       -3381.329    -3418.045       36.716   341.4
39.1500       -3381.626    -3420.072       38.446   357.5
39.2000       -3381.551    -3419.043       37.492   348.6
39.2500       -3381.826    -3420.438       38.612   359.0
39.3000       -3382.021    -3419.823       37.802   351.5
39.3500       -3381.852    -3418.789       36.937   343.5
39.4000       -3381.737    -3419.986       38.248   355.7
39.4500       -3381.871    -3419.358       37.487   348.6
39.5000       -3381.806    -3418.716       36.910   343.2
39.5500       -3381.497    -3419.082       37.585   349.5
39.6000       -3381.373    -3418.675       37.302   346.8
39.6500       -3381.456    -3418.656       37.200   345.9
39.7000       -3380.971    -3417.644       36.674   341.0
39.7500       -3380.966    -3419.175       38.209   355.3
39.8000       -3381.109    -3418.929       37.820   351.7
39.8500       -3380.950    -3418.912       37.962   353.0
39.9000       -3380.928    -3417.811       36.884   343.0
39.9500       -3380.715    -3417.716       37.001   344.0
40.0000       -3380.801    -3417.517       36.716   341.4
40.0500       -3380.802    -3417.968       37.166   345.6
40.1000       -3381.042    -3419.193       38.151   354.7
40.1500       -3381.301    -3419.178       37.878   352.2
40.2000       -3381.474    -3419.842       38.368   356.8
40.2500       -3381.611    -3418.767       37.155   345.5
40.3000       -3381.340    -3418.525       37.185   345.8
40.3500       -3381.394    -3418.699       37.305   346.9
40.4000       -3381.359    -3417.576       36.217   336.8
40.4500       -3381.268    -3418.906       37.639   350.0
40.5000       -3380.904    -3417.014       36.110   335.8
40.5500       -3381.115    -3420.041       38.925   361.9
40.6000       -3381.582    -3419.792       38.209   355.3
40.6500       -3381.625    -3420.168       38.542   358.4
40.7000       -3381.799    -3420.523       38.725   360.1
40.7500       -3381.745    -3418.050       36.306   337.6
40.8000       -3381.660    -3419.773       38.112   354.4
40.8500       -3382.080    -3419.377       37.297   346.8
40.9000       -3381.848    -3419.242       37.394   347.7
40.9500       -3382.105    -3419.725       37.620   349.8
41.0000       -3381.980    -3418.144       36.164   336.3
41.0500       -3381.771    -3419.990       38.219   355.4
41.1000       -3381.891    -3419.065       37.174   345.7
41.1500       -3381.956    -3418.454       36.497   339.4
41.2000       -3381.888    -3419.710       37.823   351.7
41.2500       -3382.051    -3419.378       37.326   347.1
41.3000       -3381.969    -3418.661       36.693   341.2
41.3500       -3381.862    -3418.680       36.818   342.4
41.4000       -3381.890    -3420.134       38.244   355.6
41.4500       -3381.887    -3419.440       37.553   349.2
41.5000       -3382.058    -3419.187       37.129   345.2
41.5500       -3381.862    -3418.363       36.502   339.4
41.6000       -3381.538    -3418.240       36.702   341.3
41.6500       -3381.425    -3420.063       38.639   359.3
41.7000       -3381.900    -3419.825       37.925   352.6
41.7500       -3382.126    -3420.855       38.730   360.1
41.8000       -3382.237    -3419.867       37.630   349.9
41.8500       -3382.115    -3418.831       36.717   341.4
41.9000       -3382.003    -3418.509       36.506   339.5
41.9500       -3381.738    -3418.451       36.714   341.4
42.0000       -3382.075    -3420.684       38.610   359.0
42.0500       -3382.396    -3420.893       38.497   358.0
42.1000       -3382.407    -3419.351       36.944   343.5
42.1500       -3382.213    -3419.668       37.455   348.3
42.2000       -3382.438    -3420.499       38.061   353.9
42.2500       -3383.023    -3421.694       38.671   359.6
42.3000       -3383.075    -3421.215       38.140   354.6
42.3500       -3383.117    -3421.109       37.991   353.3
42.4000       -3382.764    -3418.475       35.711   332.1
42.4500       -3382.596    -3420.132       37.536   349.0
42.5000       -3382.624    -3419.442       36.818   342.4
42.5500       -3382.228    -3419.885       37.656   350.1
42.6000       -3382.231    -3420.121       37.890   352.3
42.6500       -3382.109    -3419.665       37.556   349.2
42.7000       -3381.854    -3418.026       36.171   336.3
42.7500       -3381.590    -3419.042       37.452   348.2
42.8000       -3381.589    -3419.906       38.316   356.3
42.8500       -3381.755    -3419.648       37.893   352.4
42.9000       -3381.843    -3419.800       37.957   352.9
42.9500       -3381.797    -3419.221       37.424   348.0
43.0000       -3381.827    -3419.050       37.222   346.1
43.0500       -3382.114    -3420.485       38.371   356.8
43.1000       -3382.285    -3418.994       36.709   341.3
43.1500       -3382.416    -3420.854       38.438   357.4
43.2000       -3382.538    -3419.655       37.118   345.1
43.2500       -3382.300    -3418.936       36.637   340.7
43.3000       -3382.028    -3418.984       36.955   343.6
43.3500       -3381.898    -3419.709       37.811   351.6
43.4000       -3381.855    -3419.662       37.808   351.6
43.4500       -3382.027    -3418.885       36.858   342.7
43.5000       -3382.323    -3420.997       38.674   359.6
43.5500       -3382.427    -3419.252       36.824   342.4
43.6000       -3382.651    -3420.782       38.131   354.6
43.6500       -3382.503    -3418.067       35.565   330.7
43.7000       -3382.134    -3418.834       36.700   341.3
43.7500       -3382.167    -3420.225       38.057   353.9
43.8000       -3382.294    -3419.390       37.096   344.9
43.8500       -3382.465    -3419.699       37.234   346.2
43.9000       -3382.209    -3420.041       37.832   351.8
43.9500       -3382.025    -3419.294       37.269   346.5
44.0000       -3382.062    -3420.383       38.322   356.3
44.0500       -3381.955    -3420.063       38.108   354.3
44.1000       -3381.925    -3418.725       36.800   342.2
44.1500       -3381.747    -3419.442       37.695   350.5
44.2000       -3381.789    -3418.899       37.110   345.1
44.2500       -3382.161    -3420.845       38.684   359.7
44.3000       -3382.517    -3420.046       37.529   349.0
44.3500       -3382.493    -3419.467       36.974   343.8
44.4000       -3382.527    -3419.899       37.373   347.5
44.4500       -3382.354    -3419.218       36.864   342.8
44.5000       -3382.176    -3418.862       36.686   341.1
44.5500       -3381.649    -3417.596       35.948   334.3
44.6000       -3381.237    -3418.660       37.423   348.0
44.6500       -3381.452    -3419.328       37.876   352.2
44.7000       -3381.499    -3418.624       37.125   345.2
44.7500       -3381.395    -3417.849       36.454   339.0
44.8000       -3381.399    -3418.571       37.172   345.6
44.8500       -3381.381    -3418.213       36.832   342.5
44.9000       -3381.781    -3420.406       38.626   359.2
44.9500       -3381.959    -3418.451       36.492   339.3
45.0000       -3381.339    -3418.937       37.598   349.6
45.0500       -3381.347    -3419.456       38.109   354.4
45.1000       -3381.783    -3419.589       37.806   351.5
45.1500       -3381.960    -3419.683       37.724   350.8
45.2000       -3381.792    -3418.479       36.687   341.1
45.2500       -3381.481    -3418.805       37.324   347.1
45.3000       -3381.552    -3419.939       38.387   356.9
45.3500       -3381.992    -3420.324       38.332   356.4
45.4000       -3382.110    -3418.942       36.832   342.5
45.4500       -3381.795    -3418.575       36.779   342.0
45.5000       -3381.915    -3419.521       37.605   349.7
45.5500       -3381.920    -3418.251       36.331   337.8
45.6000       -3381.354    -3417.724       36.371   338.2
45.6500       -3381.359    -3418.833       37.473   348.4
45.7000       -3381.354    -3418.378       37.024   344.3
45.7500       -3381.675    -3419.493       37.818   351.7
45.8000       -3381.756    -3418.469       36.712   341.4
45.8500       -3381.498    -3418.320       36.821   342.4
45.9000       -3381.290    -3418.951       37.661   350.2
45.9500       -3381.519    -3418.466       36.947   343.6
46.0000       -3381.420    -3418.775       37.355   347.3
46.0500       -3381.623    -3420.117       38.494   357.9
46.1000       -3381.742    -3420.058       38.316   356.3
46.1500       -3381.530    -3418.931       37.401   347.8
46.2000       -3381.366    -3417.055       35.689   331.9
46.2500       -3380.889    -3416.896       36.007   334.8
46.3000       -3380.779    -3418.527       37.748   351.0
46.3500       -3380.999    -3419.890       38.891   361.6
46.4000       -3381.571    -3419.293       37.722   350.8
46.4500       -3381.773    -3419.427       37.654   350.1
46.5000       -3381.332    -3417.328       35.996   334.7
46.5500       -3380.966    -3418.073       37.107   345.0
46.6000       -3381.078    -3419.034       37.956   352.9
46.6500       -3381.189    -3418.909       37.720   350.7
46.7000       -3381.289    -3419.046       37.757   351.1
46.7500       -3381.470    -3417.936       36.465   339.1
46.8000       -3381.557    -3420.122       38.565   358.6
46.8500       -3382.191    -3420.469       38.278   355.9
46.9000       -3381.947    -3418.132       36.185   336.5
46.9500       -3381.579    -3418.701       37.122   345.2
47.0000       -3381.829    -3420.458       38.629   359.2
47.0500       -3382.017    -3419.665       37.649   350.1
47.1000       -3381.587    -3418.846       37.259   346.5
47.1500       -3381.304    -3418.219       36.915   343.3
47.2000       -3381.092    -3418.454       37.363   347.4
47.2500       -3381.211    -3417.797       36.586   340.2
47.3000       -3380.997    -3417.624       36.627   340.6
47.3500       -3380.897    -3417.867       36.970   343.8
47.4000       -3381.004    -3418.586       37.582   349.5
47.4500       -3380.983    -3417.912       36.929   343.4
47.5000       -3380.650    -3417.777       37.127   345.2
47.5500       -3380.547    -3418.518       37.972   353.1
47.6000       -3381.158    -3418.838       37.680   350.4
47.6500       -3380.989    -3418.214       37.225   346.1
47.7000       -3380.942    -3418.392       37.449   348.2
47.7500       -3381.097    -3418.765       37.669   350.3
47.8000       -3381.385    -3418.673       37.288   346.7
47.8500       -3381.396    -3418.893       37.497   348.7
47.9000       -3381.162    -3417.843       36.681   341.1
47.9500       -3380.887    -3417.766       36.879   342.9
48.0000       -3381.005    -3418.789       37.783   351.3
48.0500       -3380.933    -3418.087       37.154   345.5
48.1000       -3380.778    -3417.874       37.097   344.9
48.1500       -3381.033    -3419.223       38.189   355.1
48.2000       -3381.273    -3418.567       37.294   346.8
48.2500       -3381.189    -3418.491       37.302   346.9
48.3000       -3380.723    -3417.086       36.363   338.1
48.3500       -3380.639    -3418.056       37.417   347.9
48.4000       -3380.899    -3418.642       37.743   351.0
48.4500       -3381.196    -3418.187       36.991   344.0
48.5000       -3380.847    -3417.518       36.671   341.0
48.5500       -3381.085    -3419.898       38.813   360.9
48.6000       -3381.486    -3419.362       37.875   352.2
48.6500       -3381.484    -3418.323       36.839   342.5
48.7000       -3381.419    -3419.581       38.162   354.8
48.7500       -3381.525    -3418.779       37.253   346.4
48.8000       -3381.818    -3419.756       37.938   352.8
48.8500       -3381.871    -3419.016       37.145   345.4
48.9000       -3381.720    -3419.670       37.951   352.9
48.9500       -3382.055    -3420.196       38.141   354.7
49.0000       -3382.007    -3418.974       36.967   343.7
49.0500       -3381.887    -3419.874       37.988   353.2
49.1000       -3381.959    -3419.035       37.076   344.8
49.1500       -3381.496    -3417.531       36.035   335.1
49.2000       -3381.239    -3419.112       37.873   352.2
49.2500       -3381.315    -3419.756       38.441   357.4
49.3000       -3381.582    -3418.392       36.810   342.3
49.3500       -3381.708    -3418.521       36.813   342.3
49.4000       -3381.352    -3417.562       36.210   336.7
49.4500       -3381.242    -3419.119       37.877   352.2
49.5000       -3381.225    -3418.485       37.261   346.5
49.5500       -3381.052    -3418.601       37.548   349.1
49.6000       -3380.916    -3418.055       37.139   345.3
49.6500       -3380.990    -3419.354       38.364   356.7
49.7000       -3381.000    -3418.670       37.671   350.3
49.7500       -3381.387    -3419.625       38.238   355.6
49.8000       -3381.552    -3419.215       37.663   350.2
49.8500       -3381.877    -3418.543       36.666   340.9
49.9000       -3381.837    -3417.833       35.996   334.7
49.9500       -3381.766    -3419.088       37.322   347.0
50.0000       -3381.716    -3418.486       36.770   341.9
