Time[ps]      Etot[eV]     Epot[eV]     Ekin[eV]    T[K]
0.0000        -6007.173    -6042.062       34.889   304.0
0.2000        -6009.405    -6045.173       35.768   311.6
0.4000        -6010.106    -6046.314       36.209   315.5
0.6000        -6009.656    -6044.937       35.281   307.4
0.8000        -6009.981    -6044.822       34.841   303.5
1.0000        -6010.627    -6044.467       33.840   294.8
1.2000        -6009.867    -6044.642       34.774   303.0
1.4000        -6008.836    -6043.401       34.565   301.1
1.6000        -6009.682    -6044.067       34.385   299.6
1.8000        -6010.605    -6045.015       34.410   299.8
2.0000        -6010.252    -6042.470       32.218   280.7
2.2000        -6011.516    -6045.024       33.509   291.9
2.4000        -6011.343    -6044.595       33.253   289.7
2.6000        -6009.649    -6044.131       34.482   300.4
2.8000        -6009.238    -6044.275       35.037   305.2
3.0000        -6008.808    -6043.412       34.604   301.5
3.2000        -6009.812    -6043.620       33.808   294.5
3.4000        -6011.539    -6044.340       32.801   285.8
3.6000        -6011.946    -6045.535       33.589   292.6
3.8000        -6010.585    -6043.840       33.254   289.7
4.0000        -6011.554    -6043.150       31.596   275.3
4.2000        -6011.947    -6045.768       33.821   294.7
4.4000        -6009.105    -6044.489       35.383   308.3
4.6000        -6008.091    -6044.320       36.229   315.6
4.8000        -6010.266    -6043.542       33.276   289.9
5.0000        -6010.383    -6042.863       32.480   283.0
5.2000        -6012.698    -6045.330       32.632   284.3
5.4000        -6011.281    -6045.209       33.928   295.6
5.6000        -6011.212    -6045.708       34.496   300.5
5.8000        -6010.632    -6043.282       32.650   284.4
6.0000        -6010.298    -6043.940       33.642   293.1
6.2000        -6010.648    -6044.764       34.116   297.2
6.4000        -6009.926    -6044.351       34.425   299.9
6.6000        -6010.320    -6043.530       33.211   289.3
6.8000        -6009.539    -6044.457       34.917   304.2
7.0000        -6010.595    -6043.660       33.065   288.1
7.2000        -6009.476    -6044.053       34.577   301.2
7.4000        -6010.058    -6043.576       33.517   292.0
7.6000        -6011.064    -6044.892       33.828   294.7
7.8000        -6009.706    -6044.580       34.874   303.8
8.0000        -6011.122    -6044.827       33.705   293.6
8.2000        -6011.386    -6043.901       32.516   283.3
8.4000        -6010.135    -6044.206       34.071   296.8
8.6000        -6008.505    -6044.007       35.502   309.3
8.8000        -6011.008    -6044.672       33.664   293.3
9.0000        -6009.843    -6044.101       34.258   298.5
9.2000        -6008.940    -6044.242       35.301   307.5
9.4000        -6009.912    -6045.248       35.336   307.8
9.6000        -6010.452    -6045.233       34.780   303.0
9.8000        -6010.294    -6045.323       35.029   305.2
10.0000       -6010.166    -6045.262       35.096   305.8
10.2000       -6010.384    -6044.853       34.469   300.3
10.4000       -6011.330    -6046.234       34.905   304.1
10.6000       -6011.015    -6045.282       34.267   298.5
10.8000       -6010.147    -6044.130       33.983   296.1
11.0000       -6009.990    -6043.506       33.516   292.0
11.2000       -6011.475    -6044.174       32.699   284.9
11.4000       -6011.018    -6044.657       33.639   293.1
11.6000       -6010.693    -6044.948       34.255   298.4
11.8000       -6010.551    -6044.300       33.749   294.0
12.0000       -6008.938    -6043.023       34.085   297.0
12.2000       -6009.893    -6044.918       35.026   305.1
12.4000       -6009.256    -6044.198       34.942   304.4
12.6000       -6009.582    -6043.879       34.297   298.8
12.8000       -6008.766    -6043.130       34.364   299.4
13.0000       -6010.280    -6043.504       33.225   289.5
13.2000       -6011.879    -6046.330       34.451   300.1
13.4000       -6011.868    -6045.459       33.591   292.7
13.6000       -6009.797    -6044.430       34.633   301.7
13.8000       -6008.089    -6043.083       34.994   304.9
14.0000       -6008.302    -6043.562       35.259   307.2
14.2000       -6008.097    -6043.258       35.162   306.3
14.4000       -6008.001    -6042.650       34.649   301.9
14.6000       -6007.100    -6043.943       36.843   321.0
14.8000       -6007.695    -6043.083       35.388   308.3
15.0000       -6008.410    -6043.670       35.260   307.2
15.2000       -6009.052    -6044.023       34.972   304.7
15.4000       -6010.990    -6044.247       33.257   289.7
15.6000       -6010.929    -6043.689       32.760   285.4
15.8000       -6009.958    -6045.398       35.441   308.8
16.0000       -6010.680    -6044.821       34.142   297.4
16.2000       -6011.608    -6045.146       33.538   292.2
16.4000       -6010.819    -6045.570       34.751   302.8
16.6000       -6010.782    -6044.307       33.525   292.1
16.8000       -6011.098    -6045.008       33.909   295.4
17.0000       -6010.671    -6043.723       33.052   288.0
17.2000       -6008.780    -6043.578       34.797   303.2
17.4000       -6010.370    -6044.127       33.757   294.1
17.6000       -6010.502    -6045.348       34.846   303.6
17.8000       -6010.680    -6044.263       33.583   292.6
18.0000       -6010.782    -6045.519       34.736   302.6
18.2000       -6011.554    -6044.760       33.206   289.3
18.4000       -6010.864    -6044.074       33.210   289.3
18.6000       -6011.049    -6044.814       33.765   294.2
18.8000       -6009.473    -6044.020       34.547   301.0
19.0000       -6007.391    -6042.507       35.116   305.9
19.2000       -6008.256    -6042.919       34.664   302.0
19.4000       -6007.707    -6043.319       35.612   310.3
19.6000       -6008.420    -6043.202       34.782   303.0
19.8000       -6010.117    -6045.505       35.388   308.3
20.0000       -6009.603    -6044.203       34.600   301.4
20.2000       -6012.418    -6045.969       33.551   292.3
20.4000       -6011.029    -6044.180       33.151   288.8
20.6000       -6012.980    -6045.949       32.969   287.2
20.8000       -6012.261    -6045.984       33.724   293.8
21.0000       -6012.640    -6044.522       31.882   277.8
21.2000       -6012.104    -6045.008       32.904   286.7
21.4000       -6013.649    -6045.617       31.968   278.5
21.6000       -6012.281    -6045.405       33.124   288.6
21.8000       -6011.728    -6044.506       32.778   285.6
22.0000       -6010.375    -6044.844       34.469   300.3
22.2000       -6011.060    -6045.778       34.718   302.5
22.4000       -6011.757    -6045.062       33.305   290.2
22.6000       -6011.906    -6045.160       33.254   289.7
22.8000       -6011.597    -6045.582       33.984   296.1
23.0000       -6011.983    -6045.279       33.297   290.1
23.2000       -6009.413    -6044.653       35.240   307.0
23.4000       -6009.821    -6043.784       33.963   295.9
23.6000       -6009.752    -6044.045       34.293   298.8
23.8000       -6009.160    -6043.527       34.367   299.4
24.0000       -6008.967    -6044.908       35.941   313.1
24.2000       -6009.592    -6043.093       33.500   291.9
24.4000       -6011.456    -6046.170       34.714   302.4
24.6000       -6013.247    -6047.036       33.789   294.4
24.8000       -6011.999    -6045.681       33.682   293.4
25.0000       -6011.402    -6045.288       33.886   295.2
25.2000       -6011.083    -6045.756       34.673   302.1
25.4000       -6011.388    -6046.109       34.721   302.5
25.6000       -6011.227    -6045.619       34.392   299.6
25.8000       -6010.797    -6045.243       34.446   300.1
26.0000       -6011.642    -6044.396       32.755   285.4
26.2000       -6010.869    -6044.880       34.012   296.3
26.4000       -6010.712    -6045.231       34.520   300.7
26.6000       -6009.603    -6043.313       33.710   293.7
26.8000       -6007.579    -6043.911       36.332   316.5
27.0000       -6008.696    -6043.203       34.507   300.6
27.2000       -6008.183    -6044.975       36.792   320.5
27.4000       -6008.616    -6042.983       34.368   299.4
27.6000       -6009.695    -6044.746       35.051   305.4
27.8000       -6012.674    -6046.101       33.427   291.2
28.0000       -6011.095    -6045.244       34.149   297.5
28.2000       -6008.829    -6043.701       34.873   303.8
28.4000       -6004.932    -6040.546       35.614   310.3
28.6000       -6007.176    -6043.905       36.729   320.0
28.8000       -6008.878    -6042.911       34.033   296.5
29.0000       -6008.588    -6043.170       34.583   301.3
29.2000       -6007.787    -6043.356       35.570   309.9
29.4000       -6008.768    -6042.825       34.057   296.7
29.6000       -6009.087    -6043.970       34.883   303.9
29.8000       -6011.772    -6044.611       32.839   286.1
30.0000       -6010.836    -6043.717       32.881   286.5
30.2000       -6012.065    -6045.479       33.414   291.1
30.4000       -6010.751    -6043.956       33.205   289.3
30.6000       -6012.550    -6045.593       33.043   287.9
30.8000       -6010.414    -6044.453       34.039   296.6
31.0000       -6008.477    -6044.303       35.827   312.1
31.2000       -6006.730    -6043.695       36.965   322.0
31.4000       -6007.221    -6042.759       35.538   309.6
31.6000       -6008.293    -6043.257       34.964   304.6
31.8000       -6009.376    -6043.498       34.122   297.3
32.0000       -6010.057    -6043.663       33.606   292.8
32.2000       -6009.937    -6044.794       34.857   303.7
32.4000       -6009.792    -6044.182       34.390   299.6
32.6000       -6009.142    -6043.651       34.509   300.6
32.8000       -6008.502    -6042.286       33.784   294.3
33.0000       -6008.038    -6043.232       35.194   306.6
33.2000       -6009.008    -6044.307       35.298   307.5
33.4000       -6008.697    -6043.575       34.877   303.9
33.6000       -6009.386    -6044.784       35.397   308.4
33.8000       -6009.475    -6044.058       34.583   301.3
34.0000       -6009.848    -6044.746       34.898   304.0
34.2000       -6010.526    -6044.322       33.796   294.4
34.4000       -6008.755    -6044.235       35.480   309.1
34.6000       -6009.235    -6044.720       35.486   309.2
34.8000       -6009.939    -6044.727       34.788   303.1
35.0000       -6010.527    -6044.586       34.059   296.7
35.2000       -6010.786    -6045.199       34.413   299.8
35.4000       -6008.861    -6043.612       34.751   302.8
35.6000       -6009.220    -6044.975       35.755   311.5
35.8000       -6007.924    -6043.748       35.824   312.1
36.0000       -6008.604    -6043.403       34.799   303.2
36.2000       -6009.604    -6043.854       34.250   298.4
36.4000       -6005.238    -6042.163       36.925   321.7
36.6000       -6005.886    -6044.530       38.644   336.7
36.8000       -6007.952    -6043.507       35.555   309.8
37.0000       -6009.182    -6043.750       34.568   301.2
37.2000       -6010.620    -6044.573       33.952   295.8
37.4000       -6008.863    -6043.920       35.058   305.4
37.6000       -6011.304    -6045.409       34.106   297.1
37.8000       -6013.047    -6045.235       32.189   280.4
38.0000       -6011.272    -6045.414       34.142   297.4
38.2000       -6011.018    -6044.244       33.226   289.5
38.4000       -6010.517    -6044.615       34.098   297.1
38.6000       -6009.980    -6043.721       33.741   294.0
38.8000       -6010.556    -6045.274       34.719   302.5
39.0000       -6010.518    -6043.580       33.061   288.0
39.2000       -6011.318    -6045.897       34.579   301.3
39.4000       -6011.943    -6045.614       33.670   293.3
39.6000       -6011.387    -6045.948       34.562   301.1
39.8000       -6011.598    -6046.185       34.587   301.3
40.0000       -6010.854    -6044.006       33.152   288.8
40.2000       -6011.180    -6044.091       32.910   286.7
40.4000       -6010.612    -6045.291       34.679   302.1
40.6000       -6010.762    -6045.203       34.441   300.1
40.8000       -6009.678    -6044.089       34.410   299.8
41.0000       -6011.259    -6045.746       34.487   300.5
41.2000       -6011.162    -6043.601       32.438   282.6
41.4000       -6009.126    -6044.262       35.136   306.1
41.6000       -6009.225    -6044.764       35.538   309.6
41.8000       -6009.876    -6044.292       34.416   299.8
42.0000       -6010.444    -6044.389       33.945   295.7
42.2000       -6009.427    -6043.955       34.527   300.8
42.4000       -6009.071    -6044.373       35.302   307.6
42.6000       -6008.957    -6044.467       35.510   309.4
42.8000       -6008.563    -6042.647       34.084   296.9
43.0000       -6008.086    -6043.271       35.186   306.5
43.2000       -6010.320    -6043.939       33.620   292.9
43.4000       -6010.022    -6043.430       33.408   291.1
43.6000       -6010.355    -6044.627       34.272   298.6
43.8000       -6010.820    -6045.520       34.700   302.3
44.0000       -6010.402    -6044.848       34.446   300.1
44.2000       -6010.764    -6043.997       33.232   289.5
44.4000       -6010.716    -6044.708       33.991   296.1
44.6000       -6008.772    -6044.132       35.359   308.1
44.8000       -6007.885    -6043.846       35.961   313.3
45.0000       -6010.262    -6044.923       34.661   302.0
45.2000       -6007.466    -6042.149       34.684   302.2
45.4000       -6008.347    -6044.923       36.576   318.7
45.6000       -6011.440    -6045.719       34.280   298.6
45.8000       -6010.591    -6045.470       34.879   303.9
46.0000       -6009.333    -6043.988       34.656   301.9
46.2000       -6010.431    -6045.085       34.653   301.9
46.4000       -6009.452    -6046.166       36.714   319.9
46.6000       -6009.069    -6043.485       34.416   299.8
46.8000       -6007.601    -6043.566       35.965   313.3
47.0000       -6009.747    -6044.074       34.327   299.1
47.2000       -6007.832    -6044.418       36.587   318.7
47.4000       -6009.147    -6042.993       33.846   294.9
47.6000       -6008.338    -6043.335       34.996   304.9
47.8000       -6009.484    -6044.772       35.288   307.4
48.0000       -6009.197    -6044.313       35.116   305.9
48.2000       -6008.334    -6043.482       35.147   306.2
48.4000       -6010.345    -6045.146       34.801   303.2
48.6000       -6011.192    -6044.925       33.733   293.9
48.8000       -6011.937    -6044.920       32.983   287.4
49.0000       -6011.250    -6045.690       34.441   300.0
49.2000       -6010.064    -6043.837       33.773   294.2
49.4000       -6011.041    -6044.670       33.629   293.0
49.6000       -6011.076    -6045.432       34.356   299.3
49.8000       -6010.041    -6044.306       34.265   298.5
50.0000       -6010.339    -6044.376       34.037   296.5
50.2000       -6010.682    -6045.710       35.028   305.2
50.4000       -6010.231    -6045.808       35.576   309.9
50.6000       -6011.721    -6046.159       34.438   300.0
50.8000       -6010.017    -6043.127       33.110   288.5
51.0000       -6010.777    -6043.627       32.850   286.2
51.2000       -6010.799    -6044.974       34.175   297.7
51.4000       -6009.243    -6044.894       35.651   310.6
51.6000       -6010.410    -6044.674       34.264   298.5
51.8000       -6009.104    -6043.452       34.348   299.2
52.0000       -6011.278    -6043.987       32.710   285.0
52.2000       -6010.994    -6045.081       34.087   297.0
52.4000       -6009.752    -6043.764       34.012   296.3
52.6000       -6010.020    -6044.914       34.894   304.0
52.8000       -6009.693    -6044.264       34.571   301.2
53.0000       -6008.637    -6045.385       36.748   320.2
53.2000       -6010.700    -6045.163       34.463   300.2
53.4000       -6009.402    -6044.257       34.855   303.7
53.6000       -6010.931    -6045.185       34.254   298.4
53.8000       -6010.339    -6046.640       36.301   316.3
54.0000       -6010.437    -6045.133       34.697   302.3
54.2000       -6010.641    -6043.567       32.926   286.9
54.4000       -6010.327    -6043.838       33.511   291.9
54.6000       -6007.893    -6043.575       35.683   310.9
54.8000       -6008.067    -6043.396       35.328   307.8
55.0000       -6008.994    -6044.143       35.149   306.2
55.2000       -6009.146    -6044.234       35.088   305.7
55.4000       -6009.215    -6043.469       34.254   298.4
55.6000       -6009.134    -6044.774       35.640   310.5
55.8000       -6010.297    -6044.416       34.118   297.2
56.0000       -6011.374    -6044.066       32.693   284.8
56.2000       -6010.957    -6044.763       33.806   294.5
56.4000       -6011.908    -6045.851       33.943   295.7
56.6000       -6010.652    -6045.191       34.539   300.9
56.8000       -6009.094    -6045.237       36.143   314.9
57.0000       -6011.018    -6045.208       34.190   297.9
57.2000       -6010.960    -6044.778       33.818   294.6
57.4000       -6009.200    -6042.857       33.658   293.2
57.6000       -6007.866    -6041.896       34.029   296.5
57.8000       -6007.992    -6044.636       36.644   319.2
58.0000       -6008.944    -6044.091       35.147   306.2
58.2000       -6010.733    -6044.472       33.739   293.9
58.4000       -6011.122    -6044.432       33.310   290.2
58.6000       -6011.082    -6046.116       35.034   305.2
58.8000       -6010.085    -6044.496       34.411   299.8
59.0000       -6010.660    -6045.867       35.207   306.7
59.2000       -6007.665    -6044.338       36.673   319.5
59.4000       -6007.044    -6043.617       36.573   318.6
59.6000       -6008.317    -6043.216       34.899   304.0
59.8000       -6008.026    -6043.561       35.535   309.6
60.0000       -6008.561    -6045.012       36.451   317.6
60.2000       -6009.821    -6044.563       34.742   302.7
60.4000       -6009.944    -6045.034       35.091   305.7
60.6000       -6011.316    -6045.346       34.029   296.5
60.8000       -6011.682    -6045.588       33.906   295.4
61.0000       -6010.649    -6045.730       35.081   305.6
61.2000       -6009.925    -6044.686       34.761   302.8
61.4000       -6009.427    -6043.325       33.898   295.3
61.6000       -6009.103    -6043.110       34.007   296.3
61.8000       -6008.639    -6043.360       34.721   302.5
62.0000       -6009.814    -6044.118       34.304   298.9
62.2000       -6010.858    -6045.670       34.812   303.3
62.4000       -6008.927    -6044.388       35.461   308.9
62.6000       -6010.325    -6044.302       33.977   296.0
62.8000       -6011.451    -6045.245       33.794   294.4
63.0000       -6012.851    -6046.897       34.046   296.6
63.2000       -6010.891    -6045.752       34.862   303.7
63.4000       -6009.818    -6044.846       35.028   305.2
63.6000       -6010.879    -6045.565       34.686   302.2
63.8000       -6012.435    -6046.296       33.860   295.0
64.0000       -6012.562    -6046.077       33.515   292.0
64.2000       -6011.821    -6045.352       33.530   292.1
64.4000       -6011.025    -6044.642       33.617   292.9
64.6000       -6010.323    -6044.267       33.943   295.7
64.8000       -6009.227    -6043.018       33.791   294.4
65.0000       -6009.731    -6045.109       35.378   308.2
65.2000       -6010.262    -6044.684       34.422   299.9
65.4000       -6008.282    -6044.176       35.894   312.7
65.6000       -6009.849    -6044.987       35.138   306.1
65.8000       -6009.927    -6045.349       35.422   308.6
66.0000       -6010.646    -6045.278       34.632   301.7
66.2000       -6008.830    -6042.950       34.119   297.3
66.4000       -6011.253    -6045.877       34.624   301.7
66.6000       -6011.002    -6044.791       33.788   294.4
66.8000       -6011.745    -6045.694       33.949   295.8
67.0000       -6009.664    -6043.903       34.239   298.3
67.2000       -6012.398    -6046.960       34.562   301.1
67.4000       -6012.654    -6045.719       33.064   288.1
67.6000       -6013.000    -6047.292       34.292   298.8
67.8000       -6013.861    -6045.991       32.130   279.9
68.0000       -6012.873    -6044.609       31.736   276.5
68.2000       -6013.092    -6044.692       31.600   275.3
68.4000       -6012.545    -6045.565       33.020   287.7
68.6000       -6011.503    -6045.246       33.742   294.0
68.8000       -6011.576    -6045.025       33.449   291.4
69.0000       -6010.904    -6043.666       32.762   285.4
69.2000       -6012.081    -6045.172       33.091   288.3
69.4000       -6013.606    -6046.578       32.972   287.3
69.6000       -6014.011    -6046.551       32.540   283.5
69.8000       -6012.238    -6045.042       32.804   285.8
70.0000       -6011.982    -6044.390       32.408   282.3
70.2000       -6011.890    -6044.806       32.916   286.8
70.4000       -6011.500    -6044.594       33.094   288.3
70.6000       -6012.460    -6045.982       33.523   292.1
70.8000       -6012.531    -6046.465       33.935   295.6
71.0000       -6011.198    -6044.970       33.772   294.2
71.2000       -6012.432    -6045.155       32.723   285.1
71.4000       -6010.588    -6045.351       34.763   302.9
71.6000       -6009.895    -6045.037       35.141   306.2
71.8000       -6008.902    -6044.422       35.520   309.5
72.0000       -6007.917    -6044.911       36.995   322.3
72.2000       -6007.102    -6044.270       37.168   323.8
72.4000       -6007.694    -6043.487       35.793   311.8
72.6000       -6007.825    -6043.551       35.726   311.2
72.8000       -6009.751    -6044.329       34.578   301.2
73.0000       -6009.681    -6044.975       35.293   307.5
73.2000       -6009.658    -6045.182       35.523   309.5
73.4000       -6010.827    -6046.224       35.397   308.4
73.6000       -6013.615    -6046.118       32.503   283.2
73.8000       -6012.789    -6045.186       32.397   282.2
74.0000       -6012.130    -6044.969       32.838   286.1
74.2000       -6012.478    -6046.783       34.305   298.9
74.4000       -6010.898    -6045.895       34.997   304.9
74.6000       -6009.695    -6044.765       35.070   305.5
74.8000       -6011.106    -6046.484       35.378   308.2
75.0000       -6010.875    -6044.733       33.858   295.0
75.2000       -6011.212    -6044.800       33.588   292.6
75.4000       -6012.798    -6045.745       32.946   287.0
75.6000       -6012.398    -6046.163       33.765   294.2
75.8000       -6011.650    -6045.628       33.978   296.0
76.0000       -6010.569    -6045.156       34.588   301.3
76.2000       -6009.557    -6045.105       35.548   309.7
76.4000       -6013.604    -6046.631       33.027   287.7
76.6000       -6012.076    -6045.872       33.796   294.4
76.8000       -6010.311    -6044.428       34.117   297.2
77.0000       -6009.505    -6044.825       35.321   307.7
77.2000       -6009.619    -6045.750       36.131   314.8
77.4000       -6010.935    -6046.261       35.325   307.8
77.6000       -6010.341    -6044.134       33.793   294.4
77.8000       -6009.398    -6043.805       34.407   299.8
78.0000       -6008.971    -6044.871       35.901   312.8
78.2000       -6010.262    -6044.009       33.747   294.0
78.4000       -6010.713    -6044.739       34.026   296.4
78.6000       -6008.946    -6045.124       36.177   315.2
78.8000       -6007.832    -6043.358       35.527   309.5
79.0000       -6009.944    -6044.651       34.707   302.4
79.2000       -6010.249    -6045.634       35.385   308.3
79.4000       -6010.581    -6043.680       33.099   288.4
79.6000       -6008.341    -6043.755       35.414   308.5
79.8000       -6009.245    -6044.557       35.312   307.6
80.0000       -6008.673    -6044.675       36.003   313.7
80.2000       -6009.079    -6044.660       35.581   310.0
80.4000       -6009.311    -6044.622       35.311   307.6
80.6000       -6007.950    -6043.011       35.060   305.4
80.8000       -6008.929    -6045.216       36.287   316.1
81.0000       -6009.236    -6043.715       34.480   300.4
81.2000       -6008.583    -6044.424       35.841   312.2
81.4000       -6010.327    -6044.934       34.607   301.5
81.6000       -6009.721    -6044.341       34.621   301.6
81.8000       -6010.075    -6045.347       35.271   307.3
82.0000       -6010.833    -6046.123       35.289   307.4
82.2000       -6012.611    -6047.335       34.725   302.5
82.4000       -6012.680    -6046.250       33.569   292.5
82.6000       -6012.525    -6046.416       33.891   295.3
82.8000       -6013.040    -6045.427       32.387   282.2
83.0000       -6011.570    -6046.375       34.805   303.2
83.2000       -6012.126    -6046.070       33.945   295.7
83.4000       -6011.927    -6045.100       33.173   289.0
83.6000       -6012.398    -6046.299       33.902   295.4
83.8000       -6010.978    -6044.088       33.110   288.5
84.0000       -6010.556    -6045.059       34.503   300.6
84.2000       -6010.629    -6045.199       34.570   301.2
84.4000       -6011.086    -6044.446       33.361   290.6
84.6000       -6010.183    -6044.833       34.650   301.9
84.8000       -6009.846    -6044.818       34.973   304.7
85.0000       -6010.620    -6044.749       34.129   297.3
85.2000       -6010.422    -6044.740       34.318   299.0
85.4000       -6009.676    -6044.703       35.027   305.2
85.6000       -6010.810    -6045.516       34.706   302.4
85.8000       -6012.172    -6044.537       32.365   282.0
86.0000       -6012.748    -6045.138       32.390   282.2
86.2000       -6011.959    -6045.085       33.126   288.6
86.4000       -6010.450    -6044.983       34.534   300.9
86.6000       -6011.324    -6045.599       34.275   298.6
86.8000       -6009.666    -6044.067       34.401   299.7
87.0000       -6008.670    -6044.259       35.588   310.0
87.2000       -6009.729    -6044.613       34.884   303.9
87.4000       -6011.485    -6045.452       33.966   295.9
87.6000       -6012.870    -6047.412       34.542   300.9
87.8000       -6011.605    -6046.004       34.399   299.7
88.0000       -6010.935    -6045.296       34.361   299.4
88.2000       -6011.544    -6046.566       35.022   305.1
88.4000       -6010.363    -6044.704       34.341   299.2
88.6000       -6010.683    -6045.062       34.379   299.5
88.8000       -6010.329    -6045.051       34.723   302.5
89.0000       -6009.967    -6045.448       35.481   309.1
89.2000       -6008.511    -6044.594       36.084   314.4
89.4000       -6007.221    -6043.077       35.856   312.4
89.6000       -6006.624    -6042.941       36.318   316.4
89.8000       -6006.815    -6043.404       36.589   318.8
90.0000       -6007.873    -6044.899       37.026   322.6
90.2000       -6010.128    -6044.379       34.250   298.4
90.4000       -6009.869    -6044.534       34.665   302.0
90.6000       -6010.714    -6045.522       34.808   303.3
90.8000       -6011.837    -6046.589       34.752   302.8
91.0000       -6011.103    -6044.660       33.558   292.4
91.2000       -6011.249    -6045.596       34.347   299.2
91.4000       -6010.793    -6044.659       33.867   295.0
91.6000       -6008.886    -6043.645       34.759   302.8
91.8000       -6010.879    -6044.649       33.770   294.2
92.0000       -6011.576    -6045.150       33.574   292.5
92.2000       -6010.972    -6044.859       33.887   295.2
92.4000       -6009.740    -6045.386       35.647   310.6
92.6000       -6009.922    -6044.499       34.577   301.2
92.8000       -6010.647    -6043.852       33.205   289.3
93.0000       -6012.001    -6045.979       33.977   296.0
93.2000       -6010.855    -6044.428       33.572   292.5
93.4000       -6011.369    -6046.049       34.679   302.1
93.6000       -6009.403    -6045.582       36.179   315.2
93.8000       -6009.186    -6044.346       35.160   306.3
94.0000       -6008.074    -6042.611       34.537   300.9
94.2000       -6008.270    -6044.413       36.143   314.9
94.4000       -6007.333    -6043.253       35.921   312.9
94.6000       -6009.848    -6045.548       35.700   311.0
94.8000       -6010.711    -6045.059       34.348   299.2
95.0000       -6013.500    -6045.562       32.062   279.3
95.2000       -6012.088    -6045.741       33.653   293.2
95.4000       -6011.815    -6046.204       34.388   299.6
95.6000       -6011.005    -6045.901       34.896   304.0
95.8000       -6010.194    -6042.898       32.704   284.9
96.0000       -6010.747    -6045.954       35.207   306.7
96.2000       -6010.783    -6044.285       33.502   291.9
96.4000       -6010.246    -6044.307       34.061   296.7
96.6000       -6010.202    -6045.641       35.438   308.7
96.8000       -6009.726    -6045.056       35.330   307.8
97.0000       -6009.717    -6042.780       33.064   288.1
97.2000       -6011.179    -6045.357       34.178   297.8
97.4000       -6013.025    -6044.791       31.766   276.7
97.6000       -6012.198    -6046.533       34.335   299.1
97.8000       -6011.929    -6045.615       33.686   293.5
98.0000       -6009.605    -6044.989       35.384   308.3
98.2000       -6010.710    -6046.112       35.402   308.4
98.4000       -6011.747    -6044.979       33.232   289.5
98.6000       -6009.984    -6043.586       33.602   292.7
98.8000       -6009.416    -6044.177       34.761   302.8
99.0000       -6010.054    -6045.031       34.978   304.7
99.2000       -6009.433    -6044.394       34.961   304.6
99.4000       -6009.587    -6043.581       33.994   296.2
99.6000       -6011.005    -6045.380       34.375   299.5
99.8000       -6010.940    -6044.744       33.804   294.5
100.0000      -6009.379    -6044.500       35.121   306.0
100.2000      -6011.609    -6045.930       34.321   299.0
100.4000      -6012.972    -6046.350       33.378   290.8
100.6000      -6012.518    -6045.741       33.223   289.4
100.8000      -6013.485    -6046.832       33.347   290.5
101.0000      -6013.000    -6045.475       32.474   282.9
101.2000      -6012.096    -6045.909       33.813   294.6
101.4000      -6011.900    -6046.077       34.177   297.8
101.6000      -6010.979    -6045.139       34.160   297.6
101.8000      -6010.517    -6044.911       34.393   299.6
102.0000      -6008.733    -6043.975       35.242   307.0
102.2000      -6009.998    -6044.709       34.711   302.4
102.4000      -6010.102    -6044.500       34.398   299.7
102.6000      -6010.443    -6044.968       34.525   300.8
102.8000      -6011.682    -6046.280       34.598   301.4
103.0000      -6011.235    -6046.541       35.306   307.6
103.2000      -6012.383    -6047.476       35.093   305.7
103.4000      -6009.453    -6045.602       36.149   314.9
103.6000      -6010.566    -6045.194       34.629   301.7
103.8000      -6010.259    -6045.149       34.890   304.0
104.0000      -6009.305    -6044.991       35.686   310.9
104.2000      -6009.900    -6045.175       35.274   307.3
104.4000      -6009.701    -6044.280       34.579   301.3
104.6000      -6008.963    -6046.115       37.151   323.7
104.8000      -6010.174    -6045.078       34.904   304.1
105.0000      -6010.932    -6046.687       35.755   311.5
105.2000      -6011.159    -6045.432       34.273   298.6
105.4000      -6011.785    -6045.967       34.182   297.8
105.6000      -6012.529    -6046.649       34.120   297.3
105.8000      -6010.268    -6045.030       34.761   302.8
106.0000      -6011.874    -6046.027       34.152   297.5
106.2000      -6011.361    -6045.236       33.875   295.1
106.4000      -6010.067    -6044.361       34.294   298.8
106.6000      -6010.195    -6044.987       34.792   303.1
106.8000      -6009.588    -6045.158       35.570   309.9
107.0000      -6010.207    -6047.038       36.831   320.9
107.2000      -6010.373    -6045.687       35.314   307.7
107.4000      -6009.624    -6044.479       34.854   303.7
107.6000      -6008.746    -6044.475       35.729   311.3
107.8000      -6010.961    -6044.264       33.304   290.1
108.0000      -6011.914    -6046.422       34.508   300.6
108.2000      -6011.765    -6045.048       33.283   290.0
108.4000      -6011.301    -6045.499       34.198   297.9
108.6000      -6009.398    -6043.281       33.884   295.2
108.8000      -6011.030    -6045.799       34.768   302.9
109.0000      -6012.344    -6045.833       33.489   291.8
109.2000      -6011.139    -6046.237       35.098   305.8
109.4000      -6013.142    -6046.350       33.208   289.3
109.6000      -6012.416    -6045.493       33.077   288.2
109.8000      -6013.190    -6045.574       32.384   282.1
110.0000      -6013.435    -6046.346       32.910   286.7
110.2000      -6012.999    -6046.513       33.514   292.0
110.4000      -6012.087    -6044.998       32.911   286.7
110.6000      -6012.538    -6046.050       33.511   292.0
110.8000      -6011.297    -6043.568       32.271   281.1
111.0000      -6010.605    -6044.958       34.353   299.3
111.2000      -6009.914    -6044.420       34.506   300.6
111.4000      -6011.021    -6045.638       34.617   301.6
111.6000      -6012.749    -6047.715       34.966   304.6
111.8000      -6011.713    -6046.182       34.468   300.3
112.0000      -6011.833    -6046.119       34.286   298.7
112.2000      -6011.858    -6046.292       34.434   300.0
112.4000      -6010.953    -6046.417       35.464   309.0
112.6000      -6013.446    -6046.941       33.495   291.8
112.8000      -6013.812    -6046.975       33.162   288.9
113.0000      -6011.966    -6045.828       33.862   295.0
113.2000      -6013.651    -6046.851       33.200   289.2
113.4000      -6011.838    -6044.698       32.860   286.3
113.6000      -6012.317    -6046.576       34.259   298.5
113.8000      -6012.879    -6046.158       33.279   289.9
114.0000      -6012.212    -6046.077       33.865   295.0
114.2000      -6011.175    -6045.486       34.311   298.9
114.4000      -6011.301    -6045.860       34.559   301.1
114.6000      -6011.295    -6045.156       33.861   295.0
114.8000      -6011.428    -6045.416       33.987   296.1
115.0000      -6009.965    -6044.808       34.843   303.6
115.2000      -6011.077    -6045.718       34.640   301.8
115.4000      -6012.557    -6045.533       32.976   287.3
115.6000      -6014.017    -6046.430       32.413   282.4
115.8000      -6014.262    -6047.563       33.301   290.1
116.0000      -6012.218    -6045.672       33.454   291.5
116.2000      -6012.466    -6046.029       33.563   292.4
116.4000      -6011.630    -6046.516       34.886   303.9
116.6000      -6010.552    -6045.306       34.754   302.8
116.8000      -6010.198    -6044.690       34.492   300.5
117.0000      -6008.532    -6043.686       35.154   306.3
117.2000      -6008.707    -6045.335       36.627   319.1
117.4000      -6008.827    -6045.951       37.124   323.4
117.6000      -6009.052    -6044.286       35.234   307.0
117.8000      -6010.889    -6045.623       34.734   302.6
118.0000      -6011.104    -6046.159       35.055   305.4
118.2000      -6010.006    -6045.306       35.300   307.5
118.4000      -6011.390    -6045.034       33.644   293.1
118.6000      -6011.446    -6045.515       34.068   296.8
118.8000      -6010.750    -6044.906       34.156   297.6
119.0000      -6010.270    -6045.441       35.171   306.4
119.2000      -6011.499    -6045.669       34.170   297.7
119.4000      -6009.845    -6044.021       34.176   297.7
119.6000      -6012.105    -6046.195       34.091   297.0
119.8000      -6009.297    -6044.763       35.466   309.0
120.0000      -6009.683    -6044.576       34.893   304.0
120.2000      -6010.680    -6045.602       34.921   304.2
120.4000      -6010.860    -6044.191       33.331   290.4
120.6000      -6012.250    -6045.652       33.402   291.0
120.8000      -6012.426    -6046.526       34.100   297.1
121.0000      -6012.527    -6047.100       34.573   301.2
121.2000      -6013.526    -6046.772       33.246   289.6
121.4000      -6013.466    -6047.120       33.654   293.2
121.6000      -6012.710    -6046.398       33.688   293.5
121.8000      -6011.920    -6045.728       33.808   294.5
122.0000      -6011.288    -6045.630       34.342   299.2
122.2000      -6011.380    -6045.986       34.606   301.5
122.4000      -6012.600    -6046.428       33.828   294.7
122.6000      -6012.859    -6046.206       33.347   290.5
122.8000      -6013.652    -6047.955       34.303   298.8
123.0000      -6014.089    -6047.318       33.229   289.5
123.2000      -6011.124    -6045.644       34.520   300.7
123.4000      -6012.019    -6046.081       34.062   296.7
123.6000      -6011.982    -6045.341       33.359   290.6
123.8000      -6012.202    -6044.734       32.532   283.4
124.0000      -6011.425    -6045.172       33.747   294.0
124.2000      -6010.817    -6045.510       34.693   302.2
124.4000      -6011.545    -6045.175       33.630   293.0
124.6000      -6011.584    -6046.559       34.975   304.7
124.8000      -6011.151    -6045.283       34.132   297.4
125.0000      -6011.563    -6046.557       34.995   304.9
125.2000      -6012.711    -6045.967       33.256   289.7
125.4000      -6011.317    -6046.191       34.875   303.8
125.6000      -6010.215    -6044.615       34.400   299.7
125.8000      -6011.454    -6046.381       34.927   304.3
126.0000      -6011.971    -6045.234       33.262   289.8
126.2000      -6012.643    -6046.189       33.546   292.3
126.4000      -6013.485    -6046.886       33.401   291.0
126.6000      -6012.931    -6046.151       33.220   289.4
126.8000      -6013.413    -6048.642       35.229   306.9
127.0000      -6011.529    -6046.316       34.787   303.1
127.2000      -6012.205    -6046.424       34.218   298.1
127.4000      -6011.948    -6046.365       34.417   299.8
127.6000      -6011.812    -6046.147       34.335   299.1
127.8000      -6010.055    -6044.446       34.391   299.6
128.0000      -6010.469    -6045.709       35.240   307.0
128.2000      -6010.242    -6045.886       35.644   310.5
128.4000      -6011.733    -6046.638       34.905   304.1
128.6000      -6011.353    -6045.193       33.841   294.8
128.8000      -6010.867    -6046.479       35.611   310.3
129.0000      -6010.960    -6046.237       35.278   307.3
129.2000      -6010.679    -6045.909       35.231   306.9
129.4000      -6010.212    -6045.367       35.155   306.3
129.6000      -6012.072    -6045.361       33.290   290.0
129.8000      -6010.266    -6045.388       35.122   306.0
130.0000      -6010.356    -6044.768       34.412   299.8
130.2000      -6008.428    -6043.666       35.238   307.0
130.4000      -6010.794    -6045.609       34.815   303.3
130.6000      -6009.133    -6044.287       35.154   306.3
130.8000      -6010.249    -6044.372       34.123   297.3
131.0000      -6010.591    -6045.465       34.874   303.8
131.2000      -6010.653    -6045.816       35.163   306.3
131.4000      -6010.579    -6045.978       35.398   308.4
131.6000      -6009.738    -6044.960       35.222   306.9
131.8000      -6010.247    -6043.952       33.704   293.6
132.0000      -6007.666    -6043.180       35.514   309.4
132.2000      -6010.485    -6045.708       35.222   306.9
132.4000      -6010.139    -6044.241       34.102   297.1
132.6000      -6010.524    -6043.270       32.746   285.3
132.8000      -6011.968    -6045.955       33.988   296.1
133.0000      -6011.765    -6046.338       34.573   301.2
133.2000      -6011.198    -6044.821       33.624   292.9
133.4000      -6013.103    -6047.816       34.713   302.4
133.6000      -6012.653    -6045.403       32.750   285.3
133.8000      -6012.219    -6046.767       34.548   301.0
134.0000      -6011.437    -6044.807       33.370   290.7
134.2000      -6013.000    -6047.166       34.166   297.7
134.4000      -6010.613    -6044.618       34.006   296.3
134.6000      -6012.687    -6045.214       32.527   283.4
134.8000      -6010.711    -6044.757       34.047   296.6
135.0000      -6009.921    -6045.631       35.710   311.1
135.2000      -6009.357    -6043.968       34.611   301.5
135.4000      -6009.846    -6045.100       35.254   307.1
135.6000      -6011.012    -6046.323       35.311   307.6
135.8000      -6011.078    -6044.710       33.632   293.0
136.0000      -6010.298    -6044.735       34.437   300.0
136.2000      -6011.110    -6045.998       34.888   303.9
136.4000      -6012.680    -6046.831       34.151   297.5
136.6000      -6012.882    -6045.935       33.052   288.0
136.8000      -6011.899    -6045.108       33.209   289.3
137.0000      -6012.123    -6045.395       33.271   289.9
137.2000      -6012.825    -6046.464       33.639   293.1
137.4000      -6012.452    -6047.537       35.084   305.7
137.6000      -6013.070    -6047.603       34.533   300.9
137.8000      -6012.072    -6045.153       33.081   288.2
138.0000      -6009.891    -6044.116       34.225   298.2
138.2000      -6008.440    -6043.755       35.315   307.7
138.4000      -6010.594    -6044.528       33.934   295.6
138.6000      -6011.344    -6046.173       34.829   303.4
138.8000      -6010.383    -6045.124       34.741   302.7
139.0000      -6010.899    -6046.584       35.685   310.9
139.2000      -6010.907    -6046.800       35.893   312.7
139.4000      -6010.481    -6044.833       34.353   299.3
139.6000      -6011.872    -6046.847       34.974   304.7
139.8000      -6013.192    -6046.007       32.815   285.9
140.0000      -6013.116    -6048.065       34.949   304.5
140.2000      -6011.879    -6045.541       33.662   293.3
140.4000      -6011.372    -6044.673       33.301   290.1
140.6000      -6011.466    -6047.354       35.888   312.7
140.8000      -6011.067    -6045.892       34.825   303.4
141.0000      -6011.610    -6045.297       33.687   293.5
141.2000      -6013.314    -6046.799       33.485   291.7
141.4000      -6011.271    -6045.668       34.397   299.7
141.6000      -6011.188    -6045.177       33.990   296.1
141.8000      -6012.145    -6045.726       33.581   292.6
142.0000      -6009.883    -6046.079       36.196   315.3
142.2000      -6010.180    -6044.203       34.023   296.4
142.4000      -6009.745    -6044.924       35.179   306.5
142.6000      -6010.781    -6045.200       34.419   299.9
142.8000      -6012.959    -6047.250       34.291   298.7
143.0000      -6011.464    -6045.581       34.117   297.2
143.2000      -6011.486    -6045.149       33.663   293.3
143.4000      -6012.084    -6045.437       33.353   290.6
143.6000      -6012.146    -6045.059       32.913   286.7
143.8000      -6010.970    -6045.256       34.286   298.7
144.0000      -6010.685    -6045.542       34.857   303.7
144.2000      -6011.718    -6045.271       33.553   292.3
144.4000      -6013.027    -6046.095       33.068   288.1
144.6000      -6012.416    -6045.979       33.563   292.4
144.8000      -6012.460    -6046.541       34.081   296.9
145.0000      -6013.012    -6047.035       34.023   296.4
145.2000      -6013.061    -6047.511       34.450   300.1
145.4000      -6011.325    -6046.855       35.530   309.5
145.6000      -6011.597    -6044.803       33.205   289.3
145.8000      -6010.759    -6044.215       33.456   291.5
146.0000      -6009.923    -6043.767       33.843   294.8
146.2000      -6011.014    -6044.872       33.858   295.0
146.4000      -6011.598    -6046.190       34.592   301.4
146.6000      -6012.405    -6046.923       34.518   300.7
146.8000      -6011.285    -6045.445       34.160   297.6
147.0000      -6010.617    -6044.736       34.119   297.2
147.2000      -6010.105    -6045.135       35.029   305.2
147.4000      -6011.470    -6045.257       33.787   294.4
147.6000      -6010.634    -6044.667       34.032   296.5
147.8000      -6010.259    -6044.809       34.550   301.0
148.0000      -6010.874    -6045.821       34.947   304.5
148.2000      -6011.375    -6045.298       33.924   295.5
148.4000      -6012.728    -6046.508       33.780   294.3
148.6000      -6009.245    -6044.607       35.362   308.1
148.8000      -6008.763    -6044.240       35.477   309.1
149.0000      -6010.682    -6044.914       34.231   298.2
149.2000      -6011.232    -6046.153       34.922   304.2
149.4000      -6009.974    -6044.770       34.795   303.1
149.6000      -6012.463    -6046.039       33.576   292.5
149.8000      -6010.991    -6046.025       35.034   305.2
150.0000      -6012.459    -6046.546       34.088   297.0
150.2000      -6009.824    -6043.386       33.562   292.4
150.4000      -6011.310    -6046.397       35.088   305.7
150.6000      -6010.822    -6046.387       35.565   309.8
150.8000      -6012.649    -6046.360       33.711   293.7
151.0000      -6009.853    -6045.088       35.236   307.0
151.2000      -6011.566    -6045.613       34.047   296.6
151.4000      -6011.870    -6046.445       34.575   301.2
151.6000      -6010.209    -6045.338       35.129   306.0
151.8000      -6010.550    -6045.123       34.573   301.2
152.0000      -6011.563    -6046.033       34.469   300.3
152.2000      -6012.144    -6045.641       33.497   291.8
152.4000      -6012.595    -6046.201       33.606   292.8
152.6000      -6011.702    -6046.001       34.300   298.8
152.8000      -6013.384    -6047.018       33.634   293.0
153.0000      -6011.246    -6046.003       34.757   302.8
153.2000      -6014.156    -6047.164       33.008   287.6
153.4000      -6013.573    -6046.969       33.396   291.0
153.6000      -6013.910    -6046.411       32.501   283.2
153.8000      -6012.939    -6046.261       33.322   290.3
154.0000      -6012.610    -6046.570       33.960   295.9
154.2000      -6013.435    -6047.560       34.125   297.3
154.4000      -6013.262    -6046.905       33.643   293.1
154.6000      -6012.613    -6045.917       33.305   290.2
154.8000      -6011.079    -6045.709       34.630   301.7
155.0000      -6008.261    -6043.435       35.173   306.4
155.2000      -6008.760    -6043.873       35.113   305.9
155.4000      -6009.571    -6045.193       35.622   310.3
155.6000      -6008.873    -6044.849       35.976   313.4
155.8000      -6010.336    -6044.695       34.359   299.3
156.0000      -6009.833    -6044.898       35.066   305.5
156.2000      -6009.825    -6044.988       35.163   306.3
156.4000      -6010.872    -6045.886       35.015   305.1
156.6000      -6010.744    -6046.212       35.468   309.0
156.8000      -6012.957    -6047.219       34.261   298.5
157.0000      -6010.269    -6045.257       34.988   304.8
157.2000      -6009.824    -6045.821       35.997   313.6
157.4000      -6010.411    -6046.224       35.813   312.0
157.6000      -6010.293    -6045.191       34.898   304.0
157.8000      -6011.743    -6046.897       35.155   306.3
158.0000      -6010.505    -6044.783       34.278   298.6
158.2000      -6011.392    -6045.228       33.836   294.8
158.4000      -6009.549    -6046.115       36.566   318.6
158.6000      -6010.201    -6044.291       34.090   297.0
158.8000      -6010.196    -6045.395       35.198   306.7
159.0000      -6011.595    -6046.424       34.829   303.4
159.2000      -6009.958    -6045.276       35.318   307.7
159.4000      -6011.116    -6045.254       34.139   297.4
159.6000      -6010.809    -6046.644       35.835   312.2
159.8000      -6010.336    -6046.339       36.002   313.7
160.0000      -6009.903    -6044.246       34.343   299.2
160.2000      -6010.673    -6046.528       35.856   312.4
160.4000      -6011.125    -6045.868       34.743   302.7
160.6000      -6011.175    -6044.491       33.316   290.3
160.8000      -6011.851    -6046.955       35.104   305.8
161.0000      -6011.525    -6045.528       34.003   296.2
161.2000      -6011.334    -6044.758       33.425   291.2
161.4000      -6011.220    -6045.143       33.923   295.5
161.6000      -6012.309    -6046.558       34.249   298.4
161.8000      -6010.760    -6044.951       34.191   297.9
162.0000      -6011.698    -6046.506       34.809   303.3
162.2000      -6011.888    -6046.780       34.892   304.0
162.4000      -6012.049    -6047.260       35.212   306.8
162.6000      -6010.709    -6045.202       34.492   300.5
162.8000      -6009.187    -6045.258       36.071   314.3
163.0000      -6010.004    -6045.800       35.795   311.9
163.2000      -6011.493    -6045.765       34.272   298.6
163.4000      -6009.645    -6045.614       35.969   313.4
163.6000      -6008.073    -6043.798       35.724   311.2
163.8000      -6008.997    -6044.895       35.898   312.7
164.0000      -6011.824    -6045.403       33.579   292.5
164.2000      -6012.482    -6046.229       33.748   294.0
164.4000      -6013.263    -6046.650       33.387   290.9
164.6000      -6011.836    -6045.457       33.621   292.9
164.8000      -6012.211    -6045.459       33.249   289.7
165.0000      -6012.126    -6046.476       34.350   299.3
165.2000      -6012.250    -6046.724       34.474   300.3
165.4000      -6012.445    -6047.124       34.679   302.1
165.6000      -6011.468    -6046.361       34.893   304.0
165.8000      -6010.398    -6045.485       35.086   305.7
166.0000      -6011.312    -6045.855       34.544   301.0
166.2000      -6010.182    -6046.570       36.389   317.0
166.4000      -6009.725    -6044.349       34.625   301.7
166.6000      -6009.545    -6044.748       35.203   306.7
166.8000      -6009.023    -6044.475       35.451   308.9
167.0000      -6011.051    -6045.483       34.432   300.0
167.2000      -6011.750    -6046.039       34.288   298.7
167.4000      -6011.529    -6045.984       34.455   300.2
167.6000      -6010.669    -6045.885       35.217   306.8
167.8000      -6011.009    -6046.028       35.019   305.1
168.0000      -6010.807    -6044.932       34.125   297.3
168.2000      -6012.083    -6046.054       33.971   296.0
168.4000      -6012.153    -6045.344       33.191   289.2
168.6000      -6010.088    -6044.246       34.158   297.6
168.8000      -6006.826    -6044.194       37.368   325.6
169.0000      -6007.769    -6043.521       35.752   311.5
169.2000      -6009.721    -6044.313       34.593   301.4
169.4000      -6010.100    -6044.408       34.308   298.9
169.6000      -6010.452    -6044.897       34.445   300.1
169.8000      -6010.170    -6044.972       34.802   303.2
170.0000      -6010.213    -6045.465       35.252   307.1
170.2000      -6010.431    -6044.385       33.955   295.8
170.4000      -6012.438    -6046.013       33.576   292.5
170.6000      -6011.302    -6045.731       34.430   300.0
170.8000      -6012.782    -6046.769       33.986   296.1
171.0000      -6013.337    -6046.244       32.907   286.7
171.2000      -6012.555    -6046.831       34.276   298.6
171.4000      -6014.550    -6047.324       32.774   285.5
171.6000      -6013.760    -6046.268       32.507   283.2
171.8000      -6011.146    -6045.441       34.295   298.8
172.0000      -6009.089    -6044.014       34.925   304.3
172.2000      -6010.164    -6045.240       35.075   305.6
172.4000      -6011.203    -6045.362       34.159   297.6
172.6000      -6011.961    -6045.079       33.118   288.5
172.8000      -6011.976    -6046.646       34.670   302.0
173.0000      -6012.157    -6045.831       33.673   293.4
173.2000      -6012.535    -6046.329       33.794   294.4
173.4000      -6011.443    -6045.346       33.903   295.4
173.6000      -6011.702    -6046.001       34.299   298.8
173.8000      -6010.195    -6045.536       35.340   307.9
174.0000      -6011.882    -6045.673       33.791   294.4
174.2000      -6012.569    -6046.785       34.216   298.1
174.4000      -6012.582    -6046.608       34.026   296.4
174.6000      -6010.903    -6044.649       33.746   294.0
174.8000      -6011.713    -6046.055       34.342   299.2
175.0000      -6010.086    -6046.022       35.936   313.1
175.2000      -6011.003    -6045.751       34.748   302.7
175.4000      -6010.653    -6044.885       34.232   298.2
175.6000      -6011.143    -6044.877       33.734   293.9
175.8000      -6011.742    -6046.088       34.346   299.2
176.0000      -6012.175    -6045.652       33.477   291.7
176.2000      -6013.078    -6046.562       33.484   291.7
176.4000      -6011.930    -6046.130       34.200   298.0
176.6000      -6012.020    -6045.468       33.448   291.4
176.8000      -6011.306    -6045.079       33.773   294.2
177.0000      -6010.045    -6045.286       35.241   307.0
177.2000      -6009.937    -6044.371       34.434   300.0
177.4000      -6011.337    -6045.777       34.440   300.0
177.6000      -6011.675    -6044.565       32.891   286.5
177.8000      -6011.623    -6045.506       33.884   295.2
178.0000      -6011.430    -6045.449       34.019   296.4
178.2000      -6011.914    -6047.235       35.321   307.7
178.4000      -6011.903    -6046.859       34.956   304.5
178.6000      -6011.852    -6045.905       34.053   296.7
178.8000      -6012.718    -6046.562       33.845   294.9
179.0000      -6012.003    -6046.050       34.047   296.6
179.2000      -6011.002    -6045.250       34.248   298.4
179.4000      -6011.232    -6046.706       35.473   309.0
179.6000      -6011.342    -6046.679       35.337   307.9
179.8000      -6010.066    -6046.015       35.948   313.2
180.0000      -6009.998    -6044.946       34.948   304.5
180.2000      -6013.003    -6045.685       32.682   284.7
180.4000      -6013.474    -6046.106       32.633   284.3
180.6000      -6012.614    -6046.773       34.159   297.6
180.8000      -6011.499    -6044.804       33.306   290.2
181.0000      -6012.242    -6046.126       33.884   295.2
181.2000      -6010.105    -6044.968       34.862   303.7
181.4000      -6010.325    -6045.019       34.694   302.3
181.6000      -6011.661    -6044.729       33.068   288.1
181.8000      -6010.070    -6044.307       34.237   298.3
182.0000      -6011.787    -6045.264       33.478   291.7
182.2000      -6010.290    -6045.978       35.688   310.9
182.4000      -6008.862    -6045.209       36.348   316.7
182.6000      -6009.507    -6043.917       34.411   299.8
182.8000      -6009.647    -6043.609       33.962   295.9
183.0000      -6009.474    -6044.428       34.953   304.5
183.2000      -6012.694    -6047.720       35.026   305.1
183.4000      -6011.653    -6046.230       34.577   301.2
183.6000      -6010.350    -6044.257       33.907   295.4
183.8000      -6010.866    -6044.614       33.747   294.0
184.0000      -6011.084    -6046.213       35.129   306.0
184.2000      -6010.619    -6045.163       34.544   300.9
184.4000      -6009.706    -6044.548       34.841   303.5
184.6000      -6009.582    -6043.993       34.411   299.8
184.8000      -6008.177    -6042.924       34.748   302.7
185.0000      -6009.219    -6045.384       36.165   315.1
185.2000      -6008.447    -6045.200       36.752   320.2
185.4000      -6008.062    -6044.106       36.044   314.0
185.6000      -6009.802    -6045.217       35.415   308.5
185.8000      -6011.115    -6045.253       34.138   297.4
186.0000      -6012.689    -6047.065       34.376   299.5
186.2000      -6011.621    -6045.889       34.268   298.5
186.4000      -6012.768    -6046.402       33.634   293.0
186.6000      -6010.965    -6044.854       33.889   295.2
186.8000      -6010.593    -6045.774       35.181   306.5
187.0000      -6010.978    -6045.131       34.153   297.5
187.2000      -6008.630    -6043.442       34.813   303.3
187.4000      -6011.703    -6045.750       34.048   296.6
187.6000      -6010.127    -6043.822       33.695   293.6
187.8000      -6009.879    -6044.949       35.069   305.5
188.0000      -6010.721    -6045.047       34.326   299.1
188.2000      -6011.140    -6045.763       34.623   301.6
188.4000      -6011.250    -6046.282       35.031   305.2
188.6000      -6012.639    -6046.946       34.307   298.9
188.8000      -6012.061    -6045.452       33.392   290.9
189.0000      -6011.971    -6046.558       34.587   301.3
189.2000      -6010.812    -6046.280       35.468   309.0
189.4000      -6012.160    -6045.993       33.833   294.8
189.6000      -6010.304    -6045.684       35.379   308.2
189.8000      -6009.593    -6045.644       36.051   314.1
190.0000      -6010.939    -6044.909       33.970   295.9
190.2000      -6009.616    -6043.460       33.844   294.9
190.4000      -6011.829    -6046.110       34.282   298.7
190.6000      -6010.994    -6046.763       35.769   311.6
190.8000      -6010.932    -6044.786       33.854   294.9
191.0000      -6011.167    -6046.675       35.508   309.3
191.2000      -6009.855    -6044.659       34.804   303.2
191.4000      -6010.675    -6044.790       34.115   297.2
191.6000      -6010.039    -6043.707       33.667   293.3
191.8000      -6011.687    -6046.402       34.715   302.4
192.0000      -6012.712    -6046.209       33.497   291.8
192.2000      -6011.803    -6047.239       35.436   308.7
192.4000      -6009.193    -6044.694       35.501   309.3
192.6000      -6009.225    -6044.621       35.396   308.4
192.8000      -6010.696    -6044.928       34.232   298.2
193.0000      -6011.478    -6046.057       34.578   301.3
193.2000      -6010.430    -6045.368       34.938   304.4
193.4000      -6009.525    -6043.014       33.489   291.8
193.6000      -6009.593    -6043.776       34.183   297.8
193.8000      -6010.134    -6044.543       34.409   299.8
194.0000      -6011.144    -6045.038       33.894   295.3
194.2000      -6011.978    -6044.410       32.431   282.5
194.4000      -6010.476    -6044.263       33.787   294.4
194.6000      -6011.865    -6045.260       33.394   290.9
194.8000      -6010.351    -6044.529       34.179   297.8
195.0000      -6009.620    -6044.737       35.118   305.9
195.2000      -6010.611    -6044.629       34.019   296.4
195.4000      -6011.051    -6045.060       34.009   296.3
195.6000      -6011.632    -6046.613       34.982   304.8
195.8000      -6012.093    -6046.424       34.331   299.1
196.0000      -6013.633    -6046.918       33.286   290.0
196.2000      -6012.388    -6046.190       33.802   294.5
196.4000      -6010.051    -6045.325       35.274   307.3
196.6000      -6012.597    -6045.848       33.251   289.7
196.8000      -6013.639    -6046.151       32.513   283.3
197.0000      -6013.301    -6046.568       33.268   289.8
197.2000      -6011.009    -6044.691       33.682   293.4
197.4000      -6011.174    -6046.335       35.162   306.3
197.6000      -6010.900    -6045.516       34.616   301.6
197.8000      -6012.973    -6045.557       32.583   283.9
198.0000      -6012.838    -6047.714       34.877   303.8
198.2000      -6014.553    -6047.040       32.487   283.0
198.4000      -6013.847    -6046.157       32.310   281.5
198.6000      -6011.649    -6045.750       34.101   297.1
198.8000      -6011.830    -6046.627       34.797   303.2
199.0000      -6012.189    -6046.267       34.078   296.9
199.2000      -6011.961    -6046.812       34.851   303.6
199.4000      -6010.135    -6044.665       34.529   300.8
199.6000      -6010.233    -6044.844       34.610   301.5
199.8000      -6009.725    -6044.049       34.324   299.0
200.0000      -6008.569    -6044.362       35.793   311.8
