Time[ps]      Etot[eV]     Epot[eV]     Ekin[eV]    T[K]
0.0000        -5960.720    -6016.255       55.535   483.8
0.2000        -5963.601    -6021.582       57.982   505.1
0.4000        -5962.650    -6021.205       58.555   510.1
0.6000        -5961.990    -6020.800       58.810   512.4
0.8000        -5957.652    -6018.346       60.695   528.8
1.0000        -5959.973    -6019.762       59.789   520.9
1.2000        -5959.047    -6018.188       59.141   515.2
1.4000        -5961.240    -6017.587       56.347   490.9
1.6000        -5963.545    -6021.185       57.640   502.2
1.8000        -5961.750    -6020.298       58.548   510.1
2.0000        -5961.651    -6019.705       58.053   505.8
2.2000        -5960.982    -6020.040       59.058   514.5
2.4000        -5961.346    -6018.843       57.497   500.9
2.6000        -5963.049    -6021.209       58.160   506.7
2.8000        -5962.582    -6020.950       58.368   508.5
3.0000        -5963.939    -6022.387       58.448   509.2
3.2000        -5963.097    -6022.164       59.067   514.6
3.4000        -5966.681    -6024.670       57.989   505.2
3.6000        -5965.003    -6021.641       56.637   493.4
3.8000        -5965.032    -6022.145       57.113   497.6
4.0000        -5963.165    -6020.980       57.815   503.7
4.2000        -5962.317    -6020.478       58.161   506.7
4.4000        -5963.456    -6021.353       57.896   504.4
4.6000        -5964.511    -6021.693       57.182   498.2
4.8000        -5962.166    -6020.708       58.542   510.0
5.0000        -5963.114    -6020.692       57.578   501.6
5.2000        -5962.428    -6022.185       59.757   520.6
5.4000        -5966.538    -6022.925       56.388   491.3
5.6000        -5966.660    -6023.290       56.630   493.4
5.8000        -5964.979    -6021.353       56.373   491.1
6.0000        -5966.346    -6021.943       55.598   484.4
6.2000        -5966.081    -6023.537       57.456   500.6
6.4000        -5965.889    -6024.233       58.344   508.3
6.6000        -5965.755    -6021.486       55.731   485.5
6.8000        -5968.325    -6024.403       56.078   488.6
7.0000        -5968.091    -6021.645       53.554   466.6
7.2000        -5970.273    -6025.344       55.070   479.8
7.4000        -5969.452    -6025.367       55.915   487.1
7.6000        -5969.020    -6025.340       56.319   490.7
7.8000        -5968.762    -6026.227       57.465   500.6
8.0000        -5965.556    -6021.902       56.346   490.9
8.2000        -5967.615    -6022.518       54.903   478.3
8.4000        -5969.440    -6024.124       54.684   476.4
8.6000        -5967.541    -6022.534       54.993   479.1
8.8000        -5964.051    -6023.356       59.305   516.7
9.0000        -5963.059    -6022.496       59.437   517.8
9.2000        -5963.755    -6023.183       59.428   517.7
9.4000        -5963.521    -6021.012       57.491   500.9
9.6000        -5966.275    -6025.384       59.108   515.0
9.8000        -5965.958    -6022.405       56.447   491.8
10.0000       -5965.069    -6023.354       58.284   507.8
10.2000       -5968.734    -6025.441       56.707   494.0
10.4000       -5969.004    -6026.412       57.408   500.1
10.6000       -5965.322    -6021.837       56.516   492.4
10.8000       -5967.142    -6024.271       57.129   497.7
11.0000       -5962.583    -6020.970       58.387   508.7
11.2000       -5964.296    -6022.784       58.488   509.6
11.4000       -5961.773    -6020.896       59.124   515.1
11.6000       -5960.918    -6022.066       61.149   532.7
11.8000       -5960.829    -6019.183       58.354   508.4
12.0000       -5962.699    -6021.604       58.904   513.2
12.2000       -5962.135    -6020.950       58.815   512.4
12.4000       -5963.965    -6020.250       56.285   490.4
12.6000       -5962.332    -6021.237       58.905   513.2
12.8000       -5965.611    -6022.894       57.283   499.1
13.0000       -5963.083    -6022.149       59.066   514.6
13.2000       -5964.516    -6021.253       56.737   494.3
13.4000       -5964.721    -6019.748       55.027   479.4
13.6000       -5967.395    -6022.695       55.300   481.8
13.8000       -5967.532    -6022.682       55.150   480.5
14.0000       -5963.873    -6022.439       58.567   510.2
14.2000       -5964.129    -6022.636       58.506   509.7
14.4000       -5963.783    -6024.257       60.473   526.9
14.6000       -5964.304    -6023.137       58.833   512.6
14.8000       -5966.680    -6023.116       56.436   491.7
15.0000       -5966.879    -6024.108       57.229   498.6
15.2000       -5969.315    -6025.979       56.664   493.7
15.4000       -5968.436    -6025.846       57.410   500.2
15.6000       -5968.019    -6022.590       54.570   475.4
15.8000       -5966.902    -6023.750       56.848   495.3
16.0000       -5967.383    -6022.367       54.984   479.0
16.2000       -5966.410    -6023.018       56.608   493.2
16.4000       -5968.836    -6025.781       56.946   496.1
16.6000       -5967.369    -6023.254       55.886   486.9
16.8000       -5965.356    -6022.360       57.004   496.6
17.0000       -5966.014    -6022.746       56.732   494.3
17.2000       -5964.606    -6023.039       58.433   509.1
17.4000       -5965.533    -6022.792       57.259   498.8
17.6000       -5965.065    -6022.911       57.846   504.0
17.8000       -5966.110    -6023.507       57.397   500.0
18.0000       -5970.402    -6026.777       56.375   491.1
18.2000       -5969.710    -6025.667       55.957   487.5
18.4000       -5969.908    -6027.542       57.635   502.1
18.6000       -5971.542    -6025.578       54.036   470.8
18.8000       -5969.505    -6026.646       57.142   497.8
19.0000       -5965.590    -6023.663       58.072   505.9
19.2000       -5965.845    -6024.541       58.696   511.4
19.4000       -5962.658    -6020.861       58.203   507.1
19.6000       -5960.296    -6021.738       61.441   535.3
19.8000       -5961.767    -6022.702       60.934   530.9
20.0000       -5965.235    -6020.471       55.236   481.2
20.2000       -5966.872    -6022.991       56.119   488.9
20.4000       -5964.497    -6021.115       56.619   493.3
20.6000       -5961.709    -6020.109       58.400   508.8
20.8000       -5962.383    -6020.592       58.210   507.1
21.0000       -5960.397    -6019.509       59.112   515.0
21.2000       -5956.116    -6017.277       61.161   532.8
21.4000       -5962.100    -6021.083       58.983   513.9
21.6000       -5964.867    -6023.223       58.356   508.4
21.8000       -5966.648    -6022.725       56.077   488.5
22.0000       -5965.086    -6020.695       55.609   484.5
22.2000       -5962.104    -6022.355       60.251   524.9
22.4000       -5963.018    -6022.409       59.391   517.4
22.6000       -5962.358    -6020.952       58.593   510.5
22.8000       -5962.123    -6020.813       58.691   511.3
23.0000       -5962.337    -6020.935       58.598   510.5
23.2000       -5964.589    -6023.077       58.488   509.6
23.4000       -5963.667    -6020.492       56.825   495.1
23.6000       -5965.185    -6022.641       57.456   500.6
23.8000       -5966.750    -6022.304       55.555   484.0
24.0000       -5968.191    -6022.609       54.418   474.1
24.2000       -5965.109    -6021.973       56.864   495.4
24.4000       -5965.106    -6020.974       55.868   486.7
24.6000       -5962.451    -6019.625       57.174   498.1
24.8000       -5965.572    -6022.954       57.381   499.9
25.0000       -5967.940    -6024.275       56.335   490.8
25.2000       -5966.319    -6024.809       58.490   509.6
25.4000       -5966.888    -6024.576       57.688   502.6
25.6000       -5966.145    -6021.564       55.419   482.8
25.8000       -5963.434    -6021.954       58.521   509.8
26.0000       -5968.586    -6023.876       55.290   481.7
26.2000       -5968.341    -6026.422       58.081   506.0
26.4000       -5969.395    -6023.566       54.171   471.9
26.6000       -5969.823    -6023.895       54.072   471.1
26.8000       -5967.144    -6022.611       55.467   483.2
27.0000       -5965.177    -6023.377       58.200   507.0
27.2000       -5964.252    -6023.254       59.003   514.0
27.4000       -5962.605    -6023.522       60.917   530.7
27.6000       -5961.683    -6019.602       57.919   504.6
27.8000       -5964.149    -6021.778       57.629   502.1
28.0000       -5966.787    -6024.869       58.082   506.0
28.2000       -5964.050    -6022.686       58.636   510.8
28.4000       -5964.988    -6022.334       57.346   499.6
28.6000       -5966.211    -6023.887       57.677   502.5
28.8000       -5965.992    -6022.567       56.575   492.9
29.0000       -5964.189    -6022.436       58.247   507.5
29.2000       -5966.036    -6025.157       59.121   515.1
29.4000       -5965.137    -6020.899       55.762   485.8
29.6000       -5965.084    -6023.955       58.872   512.9
29.8000       -5963.012    -6021.959       58.947   513.6
30.0000       -5963.502    -6021.658       58.157   506.7
30.2000       -5963.199    -6021.583       58.384   508.6
30.4000       -5962.779    -6022.405       59.626   519.5
30.6000       -5965.834    -6024.906       59.072   514.6
30.8000       -5962.569    -6021.406       58.837   512.6
31.0000       -5964.907    -6024.820       59.913   522.0
31.2000       -5964.668    -6019.938       55.270   481.5
31.4000       -5961.995    -6020.999       59.005   514.1
31.6000       -5963.889    -6020.995       57.106   497.5
31.8000       -5962.103    -6021.007       58.904   513.2
32.0000       -5960.440    -6019.996       59.557   518.9
32.2000       -5963.550    -6021.701       58.151   506.6
32.4000       -5964.125    -6020.578       56.452   491.8
32.6000       -5965.693    -6022.397       56.704   494.0
32.8000       -5961.874    -6020.628       58.754   511.9
33.0000       -5965.187    -6022.324       57.137   497.8
33.2000       -5968.175    -6022.049       53.874   469.4
33.4000       -5970.597    -6025.350       54.753   477.0
33.6000       -5971.047    -6025.752       54.705   476.6
33.8000       -5968.958    -6024.331       55.373   482.4
34.0000       -5965.802    -6024.029       58.228   507.3
34.2000       -5964.526    -6022.189       57.663   502.4
34.4000       -5966.115    -6023.868       57.753   503.2
34.6000       -5965.424    -6023.304       57.880   504.3
34.8000       -5964.085    -6021.403       57.319   499.4
35.0000       -5963.473    -6021.434       57.960   505.0
35.2000       -5961.967    -6021.331       59.363   517.2
35.4000       -5960.404    -6019.658       59.254   516.2
35.6000       -5962.940    -6022.105       59.165   515.5
35.8000       -5965.550    -6021.965       56.415   491.5
36.0000       -5966.715    -6023.243       56.528   492.5
36.2000       -5969.214    -6024.609       55.395   482.6
36.4000       -5969.460    -6024.859       55.400   482.6
36.6000       -5966.521    -6022.758       56.237   489.9
36.8000       -5966.027    -6022.400       56.373   491.1
37.0000       -5967.013    -6022.610       55.597   484.4
37.2000       -5967.366    -6023.450       56.084   488.6
37.4000       -5969.683    -6025.299       55.617   484.5
37.6000       -5968.492    -6023.563       55.071   479.8
37.8000       -5967.251    -6023.176       55.924   487.2
38.0000       -5964.528    -6021.729       57.202   498.3
38.2000       -5966.802    -6024.843       58.041   505.7
38.4000       -5967.560    -6021.592       54.033   470.7
38.6000       -5965.863    -6022.430       56.567   492.8
38.8000       -5967.822    -6022.448       54.626   475.9
39.0000       -5966.264    -6022.096       55.832   486.4
39.2000       -5965.699    -6021.459       55.761   485.8
39.4000       -5961.722    -6019.736       58.014   505.4
39.6000       -5962.819    -6022.524       59.706   520.2
39.8000       -5960.400    -6019.559       59.158   515.4
40.0000       -5960.356    -6020.611       60.255   524.9
40.2000       -5964.410    -6020.498       56.088   488.6
40.4000       -5964.686    -6022.389       57.703   502.7
40.6000       -5961.994    -6021.891       59.897   521.8
40.8000       -5964.164    -6020.200       56.036   488.2
41.0000       -5965.960    -6024.268       58.308   508.0
41.2000       -5964.985    -6023.676       58.691   511.3
41.4000       -5962.843    -6019.200       56.357   491.0
41.6000       -5964.372    -6023.793       59.422   517.7
41.8000       -5967.476    -6024.772       57.296   499.2
42.0000       -5966.394    -6025.127       58.733   511.7
42.2000       -5965.668    -6021.555       55.887   486.9
42.4000       -5967.654    -6024.447       56.793   494.8
42.6000       -5966.633    -6023.002       56.369   491.1
42.8000       -5968.371    -6024.017       55.645   484.8
43.0000       -5971.433    -6026.464       55.031   479.4
43.2000       -5966.396    -6023.057       56.661   493.6
43.4000       -5965.622    -6024.363       58.741   511.8
43.6000       -5968.871    -6024.567       55.696   485.2
43.8000       -5964.694    -6021.533       56.839   495.2
44.0000       -5964.778    -6022.262       57.484   500.8
44.2000       -5965.562    -6024.058       58.496   509.6
44.4000       -5962.878    -6021.773       58.895   513.1
44.6000       -5964.125    -6022.881       58.756   511.9
44.8000       -5966.667    -6022.674       56.007   487.9
45.0000       -5966.674    -6025.990       59.316   516.8
45.2000       -5966.792    -6024.505       57.713   502.8
45.4000       -5965.639    -6022.754       57.115   497.6
45.6000       -5963.764    -6022.753       58.989   513.9
45.8000       -5964.348    -6021.067       56.719   494.1
46.0000       -5965.821    -6023.579       57.757   503.2
46.2000       -5962.812    -6020.847       58.035   505.6
46.4000       -5964.405    -6021.329       56.923   495.9
46.6000       -5963.227    -6022.711       59.484   518.2
46.8000       -5965.023    -6024.044       59.021   514.2
47.0000       -5967.911    -6024.461       56.550   492.7
47.2000       -5968.753    -6025.491       56.738   494.3
47.4000       -5966.704    -6022.826       56.121   488.9
47.6000       -5964.461    -6020.477       56.016   488.0
47.8000       -5963.947    -6022.145       58.198   507.0
48.0000       -5969.185    -6024.854       55.669   485.0
48.2000       -5966.692    -6023.462       56.771   494.6
48.4000       -5965.873    -6023.827       57.954   504.9
48.6000       -5964.931    -6020.940       56.009   488.0
48.8000       -5964.429    -6020.404       55.975   487.7
49.0000       -5965.411    -6024.021       58.611   510.6
49.2000       -5965.055    -6021.603       56.548   492.7
49.4000       -5966.143    -6022.633       56.491   492.2
49.6000       -5966.759    -6021.907       55.148   480.5
49.8000       -5964.688    -6022.061       57.373   499.8
50.0000       -5963.155    -6021.805       58.650   511.0
50.2000       -5960.683    -6019.338       58.655   511.0
50.4000       -5962.295    -6022.628       60.333   525.6
50.6000       -5962.667    -6022.097       59.430   517.8
50.8000       -5965.760    -6022.041       56.281   490.3
51.0000       -5963.911    -6023.610       59.699   520.1
51.2000       -5965.515    -6020.479       54.964   478.9
51.4000       -5967.545    -6023.115       55.570   484.1
51.6000       -5968.343    -6023.538       55.195   480.9
51.8000       -5969.266    -6025.929       56.663   493.7
52.0000       -5969.281    -6025.080       55.799   486.1
52.2000       -5967.045    -6023.709       56.665   493.7
52.4000       -5968.853    -6026.100       57.247   498.7
52.6000       -5966.964    -6022.387       55.423   482.9
52.8000       -5966.135    -6022.123       55.988   487.8
53.0000       -5963.679    -6021.640       57.961   505.0
53.2000       -5967.165    -6022.880       55.716   485.4
53.4000       -5968.928    -6024.929       56.001   487.9
53.6000       -5970.629    -6022.964       52.335   456.0
53.8000       -5968.481    -6026.839       58.359   508.4
54.0000       -5965.855    -6022.829       56.974   496.4
54.2000       -5965.140    -6023.050       57.910   504.5
54.4000       -5965.749    -6022.996       57.246   498.7
54.6000       -5967.045    -6023.357       56.312   490.6
54.8000       -5966.071    -6022.410       56.339   490.8
55.0000       -5967.196    -6023.830       56.633   493.4
55.2000       -5968.237    -6023.832       55.595   484.4
55.4000       -5968.182    -6025.765       57.583   501.7
55.6000       -5968.064    -6023.136       55.071   479.8
55.8000       -5967.254    -6023.994       56.740   494.3
56.0000       -5966.134    -6022.830       56.696   493.9
56.2000       -5967.762    -6021.683       53.922   469.8
56.4000       -5968.371    -6024.994       56.623   493.3
56.6000       -5969.314    -6024.834       55.521   483.7
56.8000       -5965.490    -6024.728       59.237   516.1
57.0000       -5964.708    -6022.571       57.863   504.1
57.2000       -5968.741    -6023.996       55.255   481.4
57.4000       -5964.950    -6022.722       57.772   503.3
57.6000       -5964.614    -6022.904       58.290   507.8
57.8000       -5965.630    -6022.816       57.186   498.2
58.0000       -5965.713    -6023.187       57.474   500.7
58.2000       -5965.280    -6022.956       57.676   502.5
58.4000       -5964.769    -6021.468       56.699   494.0
58.6000       -5967.587    -6026.245       58.658   511.0
58.8000       -5964.845    -6022.504       57.660   502.3
59.0000       -5966.585    -6024.150       57.565   501.5
59.2000       -5966.513    -6021.238       54.725   476.8
59.4000       -5966.790    -6021.438       54.648   476.1
59.6000       -5967.604    -6023.833       56.229   489.9
59.8000       -5968.907    -6022.833       53.926   469.8
60.0000       -5965.990    -6024.481       58.491   509.6
60.2000       -5966.566    -6021.173       54.607   475.7
60.4000       -5965.951    -6021.982       56.031   488.1
60.6000       -5968.238    -6024.471       56.234   489.9
60.8000       -5966.614    -6023.426       56.812   495.0
61.0000       -5966.327    -6022.594       56.267   490.2
61.2000       -5966.379    -6025.524       59.145   515.3
61.4000       -5968.199    -6023.139       54.940   478.6
61.6000       -5966.328    -6020.789       54.461   474.5
61.8000       -5966.619    -6023.422       56.803   494.9
62.0000       -5965.557    -6022.241       56.684   493.8
62.2000       -5965.595    -6023.033       57.438   500.4
62.4000       -5969.938    -6026.763       56.825   495.1
62.6000       -5967.623    -6021.742       54.119   471.5
62.8000       -5966.064    -6023.203       57.139   497.8
63.0000       -5965.316    -6024.192       58.876   512.9
63.2000       -5967.437    -6021.557       54.120   471.5
63.4000       -5967.648    -6026.591       58.943   513.5
63.6000       -5966.221    -6022.937       56.716   494.1
63.8000       -5964.928    -6022.716       57.788   503.5
64.0000       -5962.649    -6021.993       59.344   517.0
64.2000       -5960.963    -6018.754       57.791   503.5
64.4000       -5962.161    -6022.412       60.251   524.9
64.6000       -5959.892    -6019.542       59.650   519.7
64.8000       -5961.608    -6018.404       56.795   494.8
65.0000       -5959.286    -6018.534       59.248   516.2
65.2000       -5961.835    -6021.204       59.369   517.2
65.4000       -5961.737    -6022.381       60.644   528.3
65.6000       -5959.256    -6017.455       58.198   507.0
65.8000       -5960.961    -6019.349       58.388   508.7
66.0000       -5964.340    -6023.498       59.158   515.4
66.2000       -5961.413    -6021.057       59.643   519.6
66.4000       -5964.556    -6022.646       58.090   506.1
66.6000       -5965.391    -6023.305       57.914   504.6
66.8000       -5968.839    -6025.675       56.836   495.2
67.0000       -5968.687    -6023.081       54.394   473.9
67.2000       -5968.852    -6023.234       54.381   473.8
67.4000       -5968.279    -6024.649       56.370   491.1
67.6000       -5968.201    -6024.737       56.536   492.5
67.8000       -5965.533    -6022.253       56.721   494.2
68.0000       -5964.654    -6022.548       57.894   504.4
68.2000       -5961.573    -6021.606       60.033   523.0
68.4000       -5961.937    -6019.639       57.701   502.7
68.6000       -5963.897    -6023.200       59.303   516.6
68.8000       -5966.154    -6021.282       55.128   480.3
69.0000       -5966.519    -6021.776       55.257   481.4
69.2000       -5969.574    -6025.505       55.931   487.3
69.4000       -5968.198    -6025.530       57.332   499.5
69.6000       -5968.680    -6024.472       55.792   486.1
69.8000       -5967.244    -6025.402       58.158   506.7
70.0000       -5965.973    -6025.133       59.160   515.4
70.2000       -5965.561    -6023.422       57.862   504.1
70.4000       -5967.340    -6024.400       57.060   497.1
70.6000       -5967.078    -6022.810       55.732   485.5
70.8000       -5963.998    -6022.066       58.068   505.9
71.0000       -5963.551    -6022.116       58.566   510.2
71.2000       -5963.538    -6021.191       57.654   502.3
71.4000       -5963.906    -6021.082       57.176   498.1
71.6000       -5964.558    -6021.370       56.813   495.0
71.8000       -5961.729    -6022.193       60.464   526.8
72.0000       -5960.308    -6021.491       61.182   533.0
72.2000       -5962.161    -6020.692       58.531   509.9
72.4000       -5963.565    -6023.232       59.667   519.8
72.6000       -5963.196    -6022.220       59.024   514.2
72.8000       -5964.559    -6022.661       58.102   506.2
73.0000       -5967.054    -6022.062       55.007   479.2
73.2000       -5969.124    -6025.068       55.944   487.4
73.4000       -5969.478    -6024.761       55.283   481.6
73.6000       -5970.937    -6027.544       56.607   493.2
73.8000       -5970.823    -6026.034       55.211   481.0
74.0000       -5969.066    -6022.989       53.923   469.8
74.2000       -5968.953    -6024.536       55.583   484.2
74.4000       -5970.238    -6024.956       54.718   476.7
74.6000       -5967.104    -6024.646       57.542   501.3
74.8000       -5967.098    -6023.820       56.722   494.2
75.0000       -5964.686    -6022.935       58.249   507.5
75.2000       -5965.685    -6023.915       58.230   507.3
75.4000       -5965.294    -6023.604       58.310   508.0
75.6000       -5968.068    -6025.467       57.400   500.1
75.8000       -5965.733    -6024.611       58.878   512.9
76.0000       -5965.818    -6022.909       57.091   497.4
76.2000       -5966.444    -6022.575       56.131   489.0
76.4000       -5964.654    -6022.439       57.786   503.4
76.6000       -5964.994    -6023.673       58.680   511.2
76.8000       -5961.559    -6021.334       59.776   520.8
77.0000       -5965.295    -6022.208       56.913   495.8
77.2000       -5963.159    -6022.584       59.425   517.7
77.4000       -5964.775    -6021.477       56.702   494.0
77.6000       -5966.105    -6023.738       57.633   502.1
77.8000       -5965.362    -6023.378       58.016   505.4
78.0000       -5967.670    -6023.929       56.259   490.1
78.2000       -5967.809    -6023.949       56.140   489.1
78.4000       -5968.590    -6023.804       55.214   481.0
78.6000       -5968.736    -6026.388       57.652   502.3
78.8000       -5967.534    -6026.051       58.517   509.8
79.0000       -5968.310    -6024.002       55.692   485.2
79.2000       -5970.357    -6025.469       55.112   480.1
79.4000       -5970.340    -6026.664       56.323   490.7
79.6000       -5968.921    -6025.107       56.186   489.5
79.8000       -5965.947    -6022.158       56.211   489.7
80.0000       -5968.863    -6025.026       56.164   489.3
80.2000       -5969.777    -6024.883       55.106   480.1
80.4000       -5967.479    -6024.224       56.745   494.4
80.6000       -5967.681    -6024.458       56.777   494.6
80.8000       -5967.081    -6023.592       56.511   492.3
81.0000       -5969.310    -6024.813       55.503   483.5
81.2000       -5971.004    -6026.227       55.222   481.1
81.4000       -5968.654    -6024.166       55.512   483.6
81.6000       -5969.524    -6026.121       56.597   493.1
81.8000       -5968.627    -6025.512       56.885   495.6
82.0000       -5966.744    -6026.645       59.901   521.9
82.2000       -5961.597    -6020.792       59.195   515.7
82.4000       -5962.416    -6018.957       56.541   492.6
82.6000       -5964.040    -6020.632       56.592   493.0
82.8000       -5967.923    -6026.441       58.518   509.8
83.0000       -5968.313    -6024.236       55.923   487.2
83.2000       -5971.542    -6026.075       54.533   475.1
83.4000       -5970.183    -6025.744       55.561   484.1
83.6000       -5971.565    -6026.436       54.870   478.0
83.8000       -5966.676    -6020.933       54.257   472.7
84.0000       -5969.318    -6025.463       56.145   489.1
84.2000       -5962.450    -6023.179       60.730   529.1
84.4000       -5962.873    -6022.403       59.530   518.6
84.6000       -5965.112    -6023.508       58.397   508.8
84.8000       -5964.544    -6022.571       58.027   505.5
85.0000       -5964.099    -6022.351       58.252   507.5
85.2000       -5965.995    -6021.920       55.925   487.2
85.4000       -5965.799    -6023.705       57.906   504.5
85.6000       -5966.376    -6023.659       57.282   499.0
85.8000       -5967.125    -6023.433       56.308   490.6
86.0000       -5969.095    -6024.582       55.486   483.4
86.2000       -5966.419    -6023.447       57.027   496.8
86.4000       -5962.576    -6021.634       59.058   514.5
86.6000       -5963.449    -6022.531       59.082   514.7
86.8000       -5964.898    -6022.769       57.870   504.2
87.0000       -5965.610    -6024.648       59.038   514.3
87.2000       -5967.049    -6024.359       57.310   499.3
87.4000       -5968.000    -6023.807       55.807   486.2
87.6000       -5967.952    -6024.852       56.900   495.7
87.8000       -5964.594    -6022.542       57.948   504.9
88.0000       -5965.269    -6023.610       58.341   508.3
88.2000       -5968.972    -6024.105       55.133   480.3
88.4000       -5966.934    -6022.885       55.951   487.5
88.6000       -5965.478    -6024.127       58.649   511.0
88.8000       -5965.835    -6023.982       58.147   506.6
89.0000       -5966.929    -6024.910       57.981   505.1
89.2000       -5968.225    -6024.996       56.771   494.6
89.4000       -5965.856    -6023.785       57.930   504.7
89.6000       -5964.468    -6023.688       59.220   515.9
89.8000       -5965.747    -6023.952       58.205   507.1
90.0000       -5966.269    -6025.546       59.277   516.4
90.2000       -5967.451    -6023.713       56.262   490.2
90.4000       -5969.252    -6025.429       56.176   489.4
90.6000       -5968.932    -6025.224       56.292   490.4
90.8000       -5968.074    -6023.604       55.531   483.8
91.0000       -5967.724    -6025.460       57.736   503.0
91.2000       -5964.033    -6023.009       58.976   513.8
91.4000       -5966.887    -6024.027       57.141   497.8
91.6000       -5966.457    -6023.043       56.586   493.0
91.8000       -5969.028    -6026.601       57.573   501.6
92.0000       -5968.409    -6024.373       55.964   487.6
92.2000       -5969.696    -6024.046       54.350   473.5
92.4000       -5966.809    -6023.208       56.400   491.4
92.6000       -5965.729    -6021.984       56.255   490.1
92.8000       -5965.634    -6023.457       57.823   503.8
93.0000       -5964.495    -6023.444       58.950   513.6
93.2000       -5967.767    -6024.610       56.843   495.2
93.4000       -5967.353    -6024.503       57.150   497.9
93.6000       -5970.459    -6026.870       56.411   491.5
93.8000       -5968.660    -6023.648       54.988   479.1
94.0000       -5965.760    -6024.222       58.462   509.3
94.2000       -5965.684    -6024.020       58.336   508.2
94.4000       -5967.100    -6025.895       58.794   512.2
94.6000       -5968.390    -6024.562       56.172   489.4
94.8000       -5967.700    -6024.583       56.883   495.6
95.0000       -5966.427    -6022.223       55.796   486.1
95.2000       -5966.229    -6022.825       56.596   493.1
95.4000       -5967.363    -6023.688       56.325   490.7
95.6000       -5967.533    -6022.536       55.003   479.2
95.8000       -5964.829    -6022.972       58.143   506.5
96.0000       -5964.636    -6021.456       56.820   495.0
96.2000       -5967.443    -6025.123       57.679   502.5
96.4000       -5965.008    -6021.091       56.082   488.6
96.6000       -5963.955    -6022.104       58.149   506.6
96.8000       -5964.864    -6022.478       57.614   501.9
97.0000       -5970.008    -6024.308       54.299   473.1
97.2000       -5967.256    -6027.414       60.158   524.1
97.4000       -5964.575    -6022.616       58.041   505.7
97.6000       -5965.218    -6025.146       59.928   522.1
97.8000       -5965.519    -6021.804       56.284   490.4
98.0000       -5967.532    -6025.820       58.288   507.8
98.2000       -5963.782    -6020.708       56.925   495.9
98.4000       -5967.032    -6026.497       59.464   518.1
98.6000       -5967.359    -6023.991       56.632   493.4
98.8000       -5968.446    -6026.561       58.115   506.3
99.0000       -5968.942    -6025.953       57.011   496.7
99.2000       -5970.391    -6024.273       53.882   469.4
99.4000       -5968.078    -6025.505       57.426   500.3
99.6000       -5967.057    -6024.251       57.194   498.3
99.8000       -5965.937    -6023.104       57.167   498.0
100.0000      -5967.061    -6025.614       58.554   510.1
100.2000      -5965.219    -6024.113       58.894   513.1
100.4000      -5966.921    -6023.926       57.005   496.6
100.6000      -5968.587    -6024.036       55.449   483.1
100.8000      -5968.127    -6023.993       55.866   486.7
101.0000      -5969.298    -6026.655       57.357   499.7
101.2000      -5968.210    -6026.025       57.815   503.7
101.4000      -5970.388    -6027.617       57.229   498.6
101.6000      -5970.070    -6027.106       57.036   496.9
101.8000      -5969.547    -6026.669       57.123   497.7
102.0000      -5966.904    -6024.122       57.217   498.5
102.2000      -5964.518    -6024.580       60.062   523.3
102.4000      -5962.756    -6021.968       59.212   515.9
102.6000      -5962.488    -6022.326       59.838   521.3
102.8000      -5963.053    -6024.208       61.156   532.8
103.0000      -5965.126    -6024.525       59.399   517.5
103.2000      -5966.284    -6024.149       57.865   504.1
103.4000      -5969.563    -6025.123       55.559   484.0
103.6000      -5970.369    -6026.710       56.341   490.8
103.8000      -5967.334    -6023.087       55.754   485.7
104.0000      -5967.938    -6024.234       56.296   490.5
104.2000      -5966.169    -6022.717       56.547   492.6
104.4000      -5966.600    -6023.968       57.368   499.8
104.6000      -5965.808    -6020.230       54.422   474.1
104.8000      -5966.297    -6024.575       58.278   507.7
105.0000      -5961.199    -6021.620       60.421   526.4
105.2000      -5966.205    -6024.226       58.020   505.5
105.4000      -5966.849    -6023.645       56.795   494.8
105.6000      -5967.635    -6024.407       56.772   494.6
105.8000      -5967.919    -6024.043       56.124   489.0
106.0000      -5968.149    -6026.447       58.298   507.9
106.2000      -5965.857    -6024.699       58.842   512.6
106.4000      -5966.169    -6022.834       56.665   493.7
106.6000      -5966.093    -6023.032       56.939   496.1
106.8000      -5969.055    -6025.394       56.339   490.8
107.0000      -5965.169    -6023.198       58.029   505.6
107.2000      -5967.774    -6023.658       55.884   486.9
107.4000      -5969.971    -6024.450       54.480   474.6
107.6000      -5967.823    -6024.351       56.528   492.5
107.8000      -5969.524    -6025.725       56.201   489.6
108.0000      -5968.824    -6026.791       57.967   505.0
108.2000      -5967.667    -6026.019       58.352   508.4
108.4000      -5970.418    -6026.821       56.404   491.4
108.6000      -5968.529    -6024.736       56.207   489.7
108.8000      -5968.676    -6026.211       57.535   501.3
109.0000      -5968.966    -6024.913       55.947   487.4
109.2000      -5967.018    -6024.055       57.037   496.9
109.4000      -5968.286    -6025.194       56.908   495.8
109.6000      -5967.001    -6024.322       57.321   499.4
109.8000      -5964.799    -6023.949       59.149   515.3
110.0000      -5963.978    -6023.501       59.523   518.6
110.2000      -5961.642    -6019.560       57.918   504.6
110.4000      -5962.598    -6023.750       61.152   532.8
110.6000      -5964.601    -6023.150       58.550   510.1
110.8000      -5961.734    -6021.716       59.982   522.6
111.0000      -5964.604    -6022.409       57.804   503.6
111.2000      -5964.099    -6022.924       58.825   512.5
111.4000      -5967.806    -6023.321       55.515   483.7
111.6000      -5964.860    -6019.955       55.095   480.0
111.8000      -5968.888    -6026.606       57.718   502.8
112.0000      -5966.925    -6024.235       57.311   499.3
112.2000      -5968.333    -6024.656       56.322   490.7
112.4000      -5967.068    -6024.121       57.053   497.0
112.6000      -5968.823    -6025.196       56.373   491.1
112.8000      -5972.985    -6027.357       54.372   473.7
113.0000      -5972.242    -6026.054       53.813   468.8
113.2000      -5969.466    -6026.010       56.544   492.6
113.4000      -5969.480    -6024.467       54.987   479.1
113.6000      -5967.017    -6024.789       57.772   503.3
113.8000      -5967.889    -6026.293       58.404   508.8
114.0000      -5967.203    -6021.709       54.506   474.9
114.2000      -5966.455    -6023.505       57.051   497.0
114.4000      -5965.936    -6023.590       57.654   502.3
114.6000      -5964.004    -6022.952       58.948   513.6
114.8000      -5965.764    -6022.572       56.808   494.9
115.0000      -5966.549    -6027.233       60.685   528.7
115.2000      -5964.670    -6023.495       58.825   512.5
115.4000      -5965.383    -6022.846       57.463   500.6
115.6000      -5964.374    -6024.628       60.254   524.9
115.8000      -5969.009    -6024.171       55.162   480.6
116.0000      -5969.581    -6026.955       57.374   499.9
116.2000      -5966.514    -6024.038       57.524   501.2
116.4000      -5964.499    -6024.549       60.050   523.2
116.6000      -5967.365    -6024.451       57.086   497.3
116.8000      -5966.336    -6020.791       54.455   474.4
117.0000      -5967.318    -6025.125       57.807   503.6
117.2000      -5967.767    -6023.206       55.439   483.0
117.4000      -5967.926    -6025.034       57.108   497.5
117.6000      -5967.661    -6024.799       57.138   497.8
117.8000      -5966.238    -6023.219       56.981   496.4
118.0000      -5967.437    -6025.069       57.631   502.1
118.2000      -5970.933    -6027.679       56.747   494.4
118.4000      -5967.950    -6024.039       56.089   488.7
118.6000      -5967.081    -6020.915       53.834   469.0
118.8000      -5964.280    -6023.032       58.752   511.9
119.0000      -5968.658    -6027.227       58.569   510.3
119.2000      -5970.402    -6026.914       56.511   492.3
119.4000      -5975.385    -6028.654       53.270   464.1
119.6000      -5972.191    -6027.272       55.081   479.9
119.8000      -5972.534    -6027.765       55.230   481.2
120.0000      -5972.150    -6027.819       55.669   485.0
120.2000      -5968.420    -6025.481       57.060   497.1
120.4000      -5969.337    -6027.099       57.762   503.2
120.6000      -5968.343    -6023.745       55.402   482.7
120.8000      -5967.962    -6022.729       54.767   477.1
121.0000      -5967.219    -6022.973       55.754   485.7
121.2000      -5965.621    -6024.347       58.726   511.6
121.4000      -5968.134    -6026.392       58.257   507.5
121.6000      -5965.951    -6023.716       57.765   503.3
121.8000      -5967.037    -6025.202       58.164   506.7
122.0000      -5968.038    -6025.846       57.808   503.6
122.2000      -5969.352    -6026.274       56.922   495.9
122.4000      -5970.799    -6029.233       58.434   509.1
122.6000      -5970.322    -6025.398       55.076   479.8
122.8000      -5971.215    -6025.077       53.862   469.3
123.0000      -5970.238    -6027.582       57.344   499.6
123.2000      -5969.338    -6025.725       56.387   491.2
123.4000      -5967.611    -6023.909       56.298   490.5
123.6000      -5969.115    -6025.278       56.163   489.3
123.8000      -5970.280    -6026.549       56.270   490.2
124.0000      -5969.087    -6023.250       54.163   471.9
124.2000      -5968.306    -6022.698       54.393   473.9
124.4000      -5965.742    -6023.018       57.276   499.0
124.6000      -5968.064    -6025.673       57.608   501.9
124.8000      -5966.803    -6023.904       57.101   497.5
125.0000      -5965.777    -6025.866       60.090   523.5
125.2000      -5965.500    -6023.146       57.647   502.2
125.4000      -5966.623    -6022.875       56.252   490.1
125.6000      -5967.176    -6023.262       56.086   488.6
125.8000      -5969.875    -6025.054       55.179   480.7
126.0000      -5968.303    -6024.408       56.105   488.8
126.2000      -5968.699    -6025.670       56.971   496.3
126.4000      -5969.627    -6025.382       55.755   485.7
126.6000      -5966.752    -6023.210       56.458   491.9
126.8000      -5965.797    -6024.305       58.508   509.7
127.0000      -5967.875    -6025.112       57.237   498.7
127.2000      -5970.634    -6026.199       55.565   484.1
127.4000      -5969.053    -6025.114       56.061   488.4
127.6000      -5970.394    -6027.010       56.616   493.2
127.8000      -5966.306    -6024.267       57.961   505.0
128.0000      -5965.512    -6026.369       60.857   530.2
128.2000      -5965.862    -6023.506       57.644   502.2
128.4000      -5965.714    -6024.357       58.644   510.9
128.6000      -5967.235    -6024.587       57.352   499.7
128.8000      -5966.297    -6023.452       57.155   497.9
129.0000      -5967.702    -6024.670       56.968   496.3
129.2000      -5966.766    -6022.453       55.687   485.1
129.4000      -5967.873    -6024.533       56.659   493.6
129.6000      -5966.711    -6021.859       55.149   480.5
129.8000      -5969.066    -6024.535       55.469   483.2
130.0000      -5968.224    -6025.689       57.465   500.6
130.2000      -5968.945    -6025.538       56.593   493.0
130.4000      -5967.253    -6024.214       56.962   496.3
130.6000      -5966.160    -6023.352       57.192   498.3
130.8000      -5963.145    -6021.445       58.300   507.9
131.0000      -5963.754    -6023.474       59.721   520.3
131.2000      -5961.563    -6022.531       60.969   531.2
131.4000      -5964.970    -6023.793       58.823   512.5
131.6000      -5962.886    -6023.010       60.124   523.8
131.8000      -5966.545    -6026.344       59.799   521.0
132.0000      -5968.789    -6025.572       56.782   494.7
132.2000      -5970.729    -6024.324       53.595   466.9
132.4000      -5969.911    -6024.823       54.912   478.4
132.6000      -5968.870    -6025.885       57.015   496.7
132.8000      -5966.240    -6023.986       57.746   503.1
133.0000      -5965.544    -6022.120       56.576   492.9
133.2000      -5968.305    -6024.973       56.667   493.7
133.4000      -5968.359    -6027.634       59.275   516.4
133.6000      -5969.368    -6025.340       55.972   487.6
133.8000      -5964.735    -6022.471       57.736   503.0
134.0000      -5968.389    -6026.670       58.281   507.7
134.2000      -5966.253    -6025.301       59.049   514.4
134.4000      -5966.572    -6024.941       58.369   508.5
134.6000      -5968.832    -6025.525       56.693   493.9
134.8000      -5968.716    -6026.647       57.931   504.7
135.0000      -5966.587    -6025.472       58.885   513.0
135.2000      -5965.861    -6023.033       57.172   498.1
135.4000      -5967.074    -6024.703       57.629   502.1
135.6000      -5968.669    -6024.478       55.808   486.2
135.8000      -5965.284    -6022.116       56.832   495.1
136.0000      -5965.750    -6021.436       55.685   485.1
136.2000      -5964.342    -6023.177       58.836   512.6
136.4000      -5964.040    -6021.923       57.883   504.3
136.6000      -5965.308    -6022.017       56.709   494.1
136.8000      -5964.679    -6024.176       59.497   518.3
137.0000      -5961.764    -6019.088       57.325   499.4
137.2000      -5962.270    -6024.080       61.810   538.5
137.4000      -5964.366    -6025.069       60.703   528.9
137.6000      -5964.094    -6024.135       60.042   523.1
137.8000      -5966.467    -6024.852       58.385   508.7
138.0000      -5965.951    -6024.003       58.052   505.8
138.2000      -5967.314    -6023.758       56.444   491.7
138.4000      -5970.223    -6026.952       56.729   494.2
138.6000      -5970.106    -6026.724       56.618   493.3
138.8000      -5967.864    -6024.577       56.713   494.1
139.0000      -5966.001    -6023.689       57.688   502.6
139.2000      -5968.342    -6024.487       56.146   489.1
139.4000      -5967.423    -6025.315       57.892   504.4
139.6000      -5966.756    -6024.502       57.746   503.1
139.8000      -5964.927    -6024.097       59.170   515.5
140.0000      -5968.001    -6025.033       57.033   496.9
140.2000      -5968.076    -6024.605       56.529   492.5
140.4000      -5968.374    -6025.575       57.201   498.3
140.6000      -5968.179    -6026.747       58.567   510.2
140.8000      -5968.171    -6024.644       56.473   492.0
141.0000      -5964.391    -6022.373       57.982   505.1
141.2000      -5967.632    -6023.702       56.070   488.5
141.4000      -5970.026    -6026.646       56.620   493.3
141.6000      -5966.238    -6021.828       55.590   484.3
141.8000      -5966.852    -6022.775       55.923   487.2
142.0000      -5963.783    -6024.779       60.995   531.4
142.2000      -5967.286    -6023.477       56.191   489.5
142.4000      -5967.386    -6023.666       56.280   490.3
142.6000      -5966.615    -6024.571       57.956   504.9
142.8000      -5966.587    -6024.011       57.424   500.3
143.0000      -5966.127    -6023.440       57.314   499.3
143.2000      -5966.399    -6025.513       59.114   515.0
143.4000      -5967.298    -6023.468       56.171   489.4
143.6000      -5968.580    -6024.047       55.467   483.2
143.8000      -5968.180    -6025.918       57.738   503.0
144.0000      -5967.745    -6024.582       56.837   495.2
144.2000      -5967.844    -6025.470       57.626   502.0
144.4000      -5966.971    -6025.021       58.050   505.7
144.6000      -5969.224    -6024.739       55.514   483.6
144.8000      -5968.266    -6024.399       56.133   489.0
145.0000      -5967.479    -6026.296       58.817   512.4
145.2000      -5968.902    -6025.040       56.137   489.1
145.4000      -5965.713    -6023.203       57.490   500.9
145.6000      -5970.022    -6024.893       54.872   478.0
145.8000      -5969.921    -6026.979       57.058   497.1
146.0000      -5969.269    -6024.658       55.389   482.6
146.2000      -5967.931    -6025.531       57.599   501.8
146.4000      -5970.757    -6024.438       53.681   467.7
146.6000      -5968.583    -6028.176       59.593   519.2
146.8000      -5966.769    -6024.913       58.144   506.6
147.0000      -5968.841    -6024.701       55.860   486.7
147.2000      -5965.920    -6024.458       58.539   510.0
147.4000      -5966.100    -6023.807       57.707   502.8
147.6000      -5970.873    -6024.580       53.707   467.9
147.8000      -5965.909    -6024.022       58.113   506.3
148.0000      -5968.601    -6023.769       55.168   480.6
148.2000      -5967.954    -6023.706       55.752   485.7
148.4000      -5966.456    -6024.971       58.515   509.8
148.6000      -5966.162    -6025.319       59.157   515.4
148.8000      -5964.420    -6023.308       58.888   513.0
149.0000      -5966.246    -6023.732       57.486   500.8
149.2000      -5968.619    -6025.380       56.761   494.5
149.4000      -5966.949    -6024.042       57.093   497.4
149.6000      -5968.893    -6023.886       54.993   479.1
149.8000      -5969.867    -6028.338       58.471   509.4
150.0000      -5970.206    -6025.973       55.767   485.9
150.2000      -5969.951    -6024.432       54.481   474.6
150.4000      -5966.251    -6023.683       57.432   500.4
150.6000      -5967.375    -6025.677       58.301   507.9
150.8000      -5969.375    -6025.163       55.787   486.0
151.0000      -5966.939    -6025.931       58.992   513.9
151.2000      -5967.689    -6023.908       56.219   489.8
151.4000      -5970.690    -6024.839       54.148   471.7
151.6000      -5967.853    -6023.832       55.979   487.7
151.8000      -5970.421    -6025.559       55.138   480.4
152.0000      -5970.520    -6027.542       57.022   496.8
152.2000      -5968.893    -6026.397       57.504   501.0
152.4000      -5964.719    -6022.752       58.033   505.6
152.6000      -5969.159    -6025.213       56.054   488.3
152.8000      -5966.160    -6023.203       57.042   497.0
153.0000      -5967.695    -6025.558       57.863   504.1
153.2000      -5968.654    -6025.167       56.512   492.3
153.4000      -5966.711    -6025.123       58.412   508.9
153.6000      -5964.863    -6021.957       57.094   497.4
153.8000      -5966.083    -6026.077       59.994   522.7
154.0000      -5964.671    -6023.762       59.091   514.8
154.2000      -5964.478    -6024.498       60.019   522.9
154.4000      -5965.258    -6024.009       58.751   511.8
154.6000      -5965.743    -6023.592       57.850   504.0
154.8000      -5967.034    -6024.269       57.234   498.6
155.0000      -5967.021    -6025.706       58.685   511.3
155.2000      -5966.013    -6024.125       58.112   506.3
155.4000      -5966.899    -6023.736       56.837   495.2
155.6000      -5968.197    -6026.657       58.460   509.3
155.8000      -5966.257    -6024.585       58.327   508.2
156.0000      -5964.122    -6023.265       59.143   515.3
156.2000      -5965.729    -6022.222       56.493   492.2
156.4000      -5964.996    -6021.595       56.599   493.1
156.6000      -5963.592    -6023.686       60.094   523.5
156.8000      -5966.115    -6023.843       57.728   502.9
157.0000      -5966.978    -6024.779       57.802   503.6
157.2000      -5968.133    -6023.356       55.223   481.1
157.4000      -5966.099    -6024.653       58.554   510.1
157.6000      -5967.306    -6022.727       55.421   482.8
157.8000      -5966.858    -6024.133       57.275   499.0
158.0000      -5968.277    -6025.227       56.951   496.2
158.2000      -5966.350    -6025.137       58.787   512.2
158.4000      -5968.865    -6025.791       56.925   495.9
158.6000      -5969.254    -6024.065       54.811   477.5
158.8000      -5968.464    -6024.037       55.573   484.2
159.0000      -5969.794    -6026.078       56.284   490.4
159.2000      -5973.134    -6028.721       55.587   484.3
159.4000      -5968.261    -6024.923       56.662   493.6
159.6000      -5969.418    -6024.886       55.468   483.2
159.8000      -5967.729    -6023.630       55.901   487.0
160.0000      -5964.873    -6023.899       59.026   514.2
160.2000      -5966.764    -6024.278       57.513   501.1
160.4000      -5964.094    -6023.631       59.538   518.7
160.6000      -5964.593    -6024.021       59.429   517.8
160.8000      -5966.562    -6024.427       57.865   504.1
161.0000      -5967.665    -6023.568       55.904   487.0
161.2000      -5970.465    -6025.163       54.698   476.5
161.4000      -5969.240    -6026.202       56.962   496.3
161.6000      -5968.929    -6026.209       57.280   499.0
161.8000      -5967.830    -6023.139       55.309   481.9
162.0000      -5966.005    -6024.244       58.239   507.4
162.2000      -5967.305    -6026.386       59.080   514.7
162.4000      -5972.060    -6026.928       54.868   478.0
162.6000      -5970.818    -6024.828       54.010   470.5
162.8000      -5968.439    -6023.275       54.837   477.7
163.0000      -5965.752    -6023.932       58.180   506.9
163.2000      -5964.772    -6023.334       58.562   510.2
163.4000      -5969.459    -6026.173       56.714   494.1
163.6000      -5969.176    -6027.120       57.945   504.8
163.8000      -5966.633    -6023.722       57.089   497.4
164.0000      -5966.578    -6025.331       58.752   511.9
164.2000      -5967.813    -6023.677       55.865   486.7
164.4000      -5966.830    -6023.835       57.006   496.6
164.6000      -5967.687    -6024.892       57.204   498.4
164.8000      -5967.608    -6026.865       59.257   516.3
165.0000      -5965.527    -6023.188       57.662   502.4
165.2000      -5964.985    -6021.742       56.757   494.5
165.4000      -5964.029    -6022.855       58.826   512.5
165.6000      -5965.807    -6022.904       57.097   497.4
165.8000      -5967.650    -6024.975       57.325   499.4
166.0000      -5967.041    -6025.909       58.868   512.9
166.2000      -5966.272    -6026.168       59.895   521.8
166.4000      -5967.532    -6026.237       58.705   511.4
166.6000      -5967.543    -6024.682       57.139   497.8
166.8000      -5967.105    -6025.571       58.466   509.4
167.0000      -5964.796    -6023.238       58.442   509.1
167.2000      -5967.601    -6025.193       57.592   501.7
167.4000      -5967.539    -6023.578       56.039   488.2
167.6000      -5965.933    -6026.039       60.106   523.6
167.8000      -5967.272    -6024.262       56.990   496.5
168.0000      -5965.940    -6023.627       57.687   502.6
168.2000      -5964.260    -6022.807       58.547   510.1
168.4000      -5966.804    -6025.862       59.058   514.5
168.6000      -5969.052    -6026.499       57.446   500.5
168.8000      -5968.744    -6026.772       58.029   505.6
169.0000      -5966.968    -6023.508       56.539   492.6
169.2000      -5969.042    -6026.188       57.146   497.9
169.4000      -5968.074    -6023.609       55.534   483.8
169.6000      -5969.205    -6026.048       56.843   495.2
169.8000      -5969.396    -6025.130       55.734   485.6
170.0000      -5966.580    -6024.011       57.431   500.3
170.2000      -5965.677    -6026.000       60.323   525.5
170.4000      -5968.126    -6024.672       56.546   492.6
170.6000      -5969.558    -6025.918       56.360   491.0
170.8000      -5966.124    -6024.157       58.033   505.6
171.0000      -5967.652    -6026.420       58.768   512.0
171.2000      -5963.348    -6022.862       59.513   518.5
171.4000      -5965.556    -6025.078       59.523   518.6
171.6000      -5966.037    -6024.603       58.566   510.2
171.8000      -5967.822    -6026.780       58.958   513.6
172.0000      -5970.816    -6026.086       55.271   481.5
172.2000      -5971.741    -6026.292       54.551   475.3
172.4000      -5969.979    -6025.353       55.374   482.4
172.6000      -5969.695    -6027.141       57.446   500.5
172.8000      -5969.720    -6026.665       56.944   496.1
173.0000      -5970.041    -6026.146       56.104   488.8
173.2000      -5967.099    -6024.907       57.808   503.6
173.4000      -5970.102    -6026.198       56.096   488.7
173.6000      -5969.728    -6024.378       54.650   476.1
173.8000      -5968.429    -6025.607       57.178   498.1
174.0000      -5968.777    -6024.690       55.914   487.1
174.2000      -5969.177    -6023.859       54.682   476.4
174.4000      -5969.861    -6026.541       56.680   493.8
174.6000      -5970.479    -6023.834       53.355   464.8
174.8000      -5969.868    -6025.270       55.401   482.7
175.0000      -5967.644    -6023.828       56.184   489.5
175.2000      -5971.580    -6028.010       56.430   491.6
175.4000      -5972.100    -6026.713       54.613   475.8
175.6000      -5969.693    -6025.782       56.089   488.7
175.8000      -5970.986    -6025.715       54.729   476.8
176.0000      -5968.342    -6025.690       57.349   499.6
176.2000      -5967.771    -6023.514       55.743   485.6
176.4000      -5967.965    -6024.502       56.537   492.6
176.6000      -5965.978    -6022.508       56.530   492.5
176.8000      -5964.091    -6022.639       58.548   510.1
177.0000      -5965.580    -6024.526       58.946   513.5
177.2000      -5968.107    -6023.034       54.927   478.5
177.4000      -5969.341    -6026.103       56.762   494.5
177.6000      -5967.591    -6026.791       59.200   515.8
177.8000      -5968.593    -6024.940       56.347   490.9
178.0000      -5966.788    -6024.938       58.150   506.6
178.2000      -5966.484    -6025.159       58.675   511.2
178.4000      -5968.214    -6026.516       58.302   507.9
178.6000      -5968.743    -6022.807       54.064   471.0
178.8000      -5968.875    -6027.814       58.940   513.5
179.0000      -5970.486    -6024.047       53.561   466.6
179.2000      -5967.997    -6024.908       56.911   495.8
179.4000      -5968.656    -6025.197       56.541   492.6
179.6000      -5970.044    -6025.074       55.030   479.4
179.8000      -5966.619    -6024.890       58.271   507.7
180.0000      -5969.204    -6026.554       57.351   499.6
180.2000      -5969.566    -6026.668       57.102   497.5
180.4000      -5970.520    -6024.892       54.372   473.7
180.6000      -5969.425    -6024.977       55.552   484.0
180.8000      -5968.733    -6024.697       55.964   487.6
181.0000      -5969.394    -6026.642       57.248   498.7
181.2000      -5967.967    -6025.654       57.688   502.6
181.4000      -5967.363    -6025.863       58.500   509.7
181.6000      -5967.791    -6023.588       55.797   486.1
181.8000      -5971.700    -6025.400       53.699   467.8
182.0000      -5969.548    -6026.163       56.615   493.2
182.2000      -5968.352    -6026.255       57.903   504.5
182.4000      -5968.165    -6025.402       57.237   498.7
182.6000      -5969.632    -6027.109       57.477   500.7
182.8000      -5968.708    -6026.396       57.688   502.6
183.0000      -5970.260    -6027.535       57.274   499.0
183.2000      -5970.240    -6026.800       56.561   492.8
183.4000      -5969.449    -6025.089       55.641   484.7
183.6000      -5969.887    -6025.959       56.072   488.5
183.8000      -5969.637    -6025.913       56.275   490.3
184.0000      -5970.665    -6025.898       55.234   481.2
184.2000      -5968.787    -6025.550       56.762   494.5
184.4000      -5969.050    -6024.962       55.913   487.1
184.6000      -5968.435    -6023.651       55.216   481.0
184.8000      -5970.946    -6026.963       56.018   488.0
185.0000      -5968.389    -6026.312       57.923   504.6
185.2000      -5969.057    -6025.812       56.755   494.5
185.4000      -5968.874    -6024.451       55.576   484.2
185.6000      -5969.675    -6025.636       55.960   487.5
185.8000      -5970.814    -6025.260       54.447   474.3
186.0000      -5966.702    -6026.803       60.100   523.6
186.2000      -5967.572    -6025.502       57.930   504.7
186.4000      -5968.825    -6026.301       57.477   500.7
186.6000      -5967.980    -6023.235       55.255   481.4
186.8000      -5965.460    -6025.016       59.556   518.9
187.0000      -5966.629    -6024.116       57.487   500.8
187.2000      -5966.460    -6025.838       59.378   517.3
187.4000      -5967.586    -6026.024       58.438   509.1
187.6000      -5966.091    -6024.919       58.828   512.5
187.8000      -5967.184    -6024.917       57.733   503.0
188.0000      -5964.667    -6022.676       58.009   505.4
188.2000      -5970.038    -6026.582       56.544   492.6
188.4000      -5968.089    -6026.192       58.103   506.2
188.6000      -5965.060    -6025.714       60.654   528.4
188.8000      -5965.942    -6023.387       57.445   500.5
189.0000      -5966.923    -6025.921       58.998   514.0
189.2000      -5967.277    -6022.577       55.300   481.8
189.4000      -5966.471    -6025.252       58.781   512.1
189.6000      -5969.427    -6026.805       57.378   499.9
189.8000      -5969.917    -6026.142       56.225   489.8
190.0000      -5971.231    -6027.677       56.446   491.8
190.2000      -5969.864    -6025.612       55.748   485.7
190.4000      -5967.059    -6024.064       57.005   496.6
190.6000      -5966.453    -6024.453       57.999   505.3
190.8000      -5963.650    -6022.456       58.805   512.3
191.0000      -5962.690    -6024.584       61.894   539.2
191.2000      -5962.599    -6023.795       61.196   533.1
191.4000      -5969.347    -6025.015       55.668   485.0
191.6000      -5968.903    -6025.591       56.688   493.9
191.8000      -5968.843    -6026.089       57.246   498.7
192.0000      -5969.221    -6025.312       56.091   488.7
192.2000      -5967.150    -6026.064       58.914   513.3
192.4000      -5970.471    -6027.707       57.236   498.6
192.6000      -5966.803    -6025.305       58.502   509.7
192.8000      -5966.850    -6025.229       58.379   508.6
193.0000      -5967.621    -6024.161       56.540   492.6
193.2000      -5967.933    -6025.088       57.155   497.9
193.4000      -5969.567    -6026.563       56.996   496.6
193.6000      -5970.098    -6025.997       55.899   487.0
193.8000      -5967.880    -6025.670       57.789   503.5
194.0000      -5967.862    -6025.676       57.813   503.7
194.2000      -5967.706    -6026.191       58.486   509.5
194.4000      -5965.947    -6023.950       58.004   505.3
194.6000      -5965.636    -6022.857       57.221   498.5
194.8000      -5966.700    -6024.745       58.045   505.7
195.0000      -5966.198    -6023.034       56.836   495.2
195.2000      -5967.049    -6025.657       58.608   510.6
195.4000      -5965.838    -6024.896       59.057   514.5
195.6000      -5968.709    -6025.423       56.714   494.1
195.8000      -5969.414    -6025.812       56.398   491.3
196.0000      -5971.993    -6027.048       55.055   479.6
196.2000      -5972.401    -6028.323       55.921   487.2
196.4000      -5968.277    -6026.125       57.849   504.0
196.6000      -5969.912    -6025.125       55.213   481.0
196.8000      -5966.599    -6025.333       58.734   511.7
197.0000      -5967.101    -6024.702       57.601   501.8
197.2000      -5966.471    -6025.604       59.133   515.2
197.4000      -5966.395    -6024.538       58.143   506.5
197.6000      -5968.414    -6028.126       59.712   520.2
197.8000      -5968.316    -6025.496       57.180   498.2
198.0000      -5969.520    -6025.624       56.104   488.8
198.2000      -5970.358    -6026.997       56.639   493.4
198.4000      -5970.562    -6025.426       54.863   478.0
198.6000      -5971.396    -6027.768       56.372   491.1
198.8000      -5969.744    -6026.062       56.318   490.6
199.0000      -5969.015    -6023.503       54.488   474.7
199.2000      -5968.188    -6026.318       58.129   506.4
199.4000      -5967.361    -6025.319       57.958   504.9
199.6000      -5968.883    -6024.455       55.572   484.2
199.8000      -5969.642    -6027.075       57.433   500.4
200.0000      -5970.086    -6026.638       56.552   492.7
