Time[ps]      Etot[eV]     Epot[eV]     Ekin[eV]    T[K]
0.0000        -5986.957    -6032.754       45.797   399.0
0.2000        -5988.142    -6033.462       45.320   394.8
0.4000        -5988.383    -6034.971       46.588   405.9
0.6000        -5988.858    -6035.551       46.693   406.8
0.8000        -5990.110    -6035.472       45.363   395.2
1.0000        -5988.393    -6035.428       47.035   409.8
1.2000        -5986.979    -6034.299       47.320   412.3
1.4000        -5988.908    -6033.771       44.864   390.9
1.6000        -5989.242    -6034.270       45.028   392.3
1.8000        -5988.829    -6035.313       46.485   405.0
2.0000        -5990.463    -6035.984       45.521   396.6
2.2000        -5991.266    -6036.015       44.749   389.9
2.4000        -5990.196    -6037.476       47.280   411.9
2.6000        -5988.323    -6035.706       47.383   412.8
2.8000        -5989.601    -6036.499       46.898   408.6
3.0000        -5989.558    -6034.990       45.432   395.8
3.2000        -5988.668    -6036.170       47.502   413.8
3.4000        -5988.452    -6033.602       45.150   393.4
3.6000        -5987.893    -6035.365       47.472   413.6
3.8000        -5988.548    -6035.695       47.148   410.8
4.0000        -5986.831    -6034.237       47.406   413.0
4.2000        -5988.686    -6034.629       45.944   400.3
4.4000        -5987.429    -6034.094       46.665   406.6
4.6000        -5987.654    -6035.315       47.661   415.2
4.8000        -5990.244    -6036.958       46.714   407.0
5.0000        -5989.159    -6035.422       46.263   403.1
5.2000        -5988.421    -6036.287       47.866   417.0
5.4000        -5991.023    -6036.471       45.448   395.9
5.6000        -5989.708    -6035.345       45.637   397.6
5.8000        -5991.407    -6037.893       46.485   405.0
6.0000        -5989.656    -6037.404       47.748   416.0
6.2000        -5987.476    -6035.746       48.270   420.5
6.4000        -5988.603    -6036.186       47.583   414.5
6.6000        -5990.596    -6036.459       45.864   399.6
6.8000        -5990.246    -6036.430       46.184   402.4
7.0000        -5989.452    -6034.791       45.338   395.0
7.2000        -5990.553    -6036.250       45.698   398.1
7.4000        -5993.183    -6038.122       44.939   391.5
7.6000        -5991.703    -6037.433       45.730   398.4
7.8000        -5990.178    -6035.308       45.130   393.2
8.0000        -5989.686    -6035.186       45.500   396.4
8.2000        -5988.603    -6034.794       46.191   402.4
8.4000        -5988.206    -6034.231       46.025   401.0
8.6000        -5989.888    -6035.383       45.495   396.4
8.8000        -5990.431    -6037.569       47.138   410.7
9.0000        -5988.662    -6035.851       47.189   411.1
9.2000        -5987.534    -6033.734       46.200   402.5
9.4000        -5986.411    -6034.275       47.864   417.0
9.6000        -5987.254    -6033.051       45.797   399.0
9.8000        -5986.654    -6034.827       48.173   419.7
10.0000       -5985.397    -6032.748       47.351   412.5
10.2000       -5985.213    -6033.255       48.042   418.5
10.4000       -5984.691    -6032.595       47.904   417.3
10.6000       -5985.864    -6034.720       48.856   425.6
10.8000       -5988.004    -6033.952       45.948   400.3
11.0000       -5988.962    -6034.815       45.853   399.5
11.2000       -5989.075    -6035.309       46.234   402.8
11.4000       -5992.731    -6035.723       42.991   374.5
11.6000       -5990.958    -6035.823       44.864   390.9
11.8000       -5990.845    -6035.457       44.612   388.7
12.0000       -5991.596    -6036.349       44.754   389.9
12.2000       -5992.431    -6036.004       43.574   379.6
12.4000       -5990.207    -6036.374       46.167   402.2
12.6000       -5989.835    -6034.660       44.825   390.5
12.8000       -5987.716    -6035.257       47.540   414.2
13.0000       -5988.091    -6034.071       45.980   400.6
13.2000       -5989.238    -6035.664       46.426   404.5
13.4000       -5990.942    -6036.809       45.866   399.6
13.6000       -5990.382    -6035.659       45.277   394.5
13.8000       -5989.950    -6037.673       47.724   415.8
14.0000       -5990.777    -6036.334       45.557   396.9
14.2000       -5989.806    -6036.085       46.279   403.2
14.4000       -5990.093    -6034.540       44.447   387.2
14.6000       -5992.686    -6036.599       43.914   382.6
14.8000       -5993.117    -6035.624       42.507   370.3
15.0000       -5992.202    -6037.542       45.340   395.0
15.2000       -5990.708    -6036.411       45.703   398.2
15.4000       -5988.305    -6035.831       47.526   414.0
15.6000       -5988.890    -6035.325       46.435   404.5
15.8000       -5987.535    -6035.834       48.299   420.8
16.0000       -5986.094    -6033.745       47.651   415.1
16.2000       -5987.714    -6034.975       47.261   411.7
16.4000       -5989.503    -6035.565       46.062   401.3
16.6000       -5986.144    -6031.646       45.502   396.4
16.8000       -5988.956    -6037.040       48.084   418.9
17.0000       -5991.602    -6035.132       43.531   379.2
17.2000       -5992.865    -6037.756       44.890   391.1
17.4000       -5991.172    -6035.625       44.453   387.3
17.6000       -5989.042    -6034.955       45.913   400.0
17.8000       -5987.856    -6032.478       44.622   388.7
18.0000       -5988.632    -6034.776       46.144   402.0
18.2000       -5990.688    -6035.102       44.414   386.9
18.4000       -5989.665    -6032.886       43.220   376.5
18.6000       -5992.467    -6037.741       45.274   394.4
18.8000       -5990.924    -6036.887       45.963   400.4
19.0000       -5989.695    -6035.882       46.188   402.4
19.2000       -5990.269    -6035.619       45.349   395.1
19.4000       -5991.907    -6035.346       43.439   378.4
19.6000       -5989.929    -6035.138       45.209   393.9
19.8000       -5988.455    -6034.223       45.767   398.7
20.0000       -5987.716    -6036.066       48.350   421.2
20.2000       -5987.515    -6034.712       47.197   411.2
20.4000       -5988.446    -6033.794       45.348   395.1
20.6000       -5989.547    -6034.855       45.309   394.7
20.8000       -5988.762    -6036.319       47.556   414.3
21.0000       -5990.382    -6037.413       47.030   409.7
21.2000       -5992.071    -6037.324       45.252   394.2
21.4000       -5988.935    -6035.267       46.332   403.6
21.6000       -5992.528    -6037.755       45.228   394.0
21.8000       -5991.685    -6037.081       45.396   395.5
22.0000       -5988.902    -6035.709       46.807   407.8
22.2000       -5989.999    -6035.681       45.681   398.0
22.4000       -5990.566    -6035.508       44.942   391.5
22.6000       -5990.978    -6036.407       45.429   395.8
22.8000       -5992.587    -6036.897       44.310   386.0
23.0000       -5989.743    -6038.360       48.618   423.6
23.2000       -5991.070    -6035.166       44.096   384.2
23.4000       -5992.181    -6035.681       43.499   379.0
23.6000       -5990.134    -6035.560       45.426   395.8
23.8000       -5990.297    -6036.888       46.591   405.9
24.0000       -5992.143    -6038.223       46.080   401.5
24.2000       -5993.020    -6038.759       45.739   398.5
24.4000       -5993.171    -6038.056       44.884   391.0
24.6000       -5991.343    -6035.340       43.998   383.3
24.8000       -5990.586    -6036.578       45.991   400.7
25.0000       -5990.729    -6036.147       45.418   395.7
25.2000       -5990.591    -6038.125       47.534   414.1
25.4000       -5991.325    -6036.446       45.122   393.1
25.6000       -5991.146    -6036.241       45.095   392.9
25.8000       -5989.762    -6035.217       45.454   396.0
26.0000       -5989.687    -6035.825       46.138   402.0
26.2000       -5991.367    -6036.079       44.713   389.5
26.4000       -5989.713    -6036.062       46.350   403.8
26.6000       -5990.187    -6036.953       46.766   407.4
26.8000       -5991.966    -6038.069       46.103   401.7
27.0000       -5992.164    -6036.531       44.367   386.5
27.2000       -5991.099    -6036.381       45.282   394.5
27.4000       -5992.506    -6038.142       45.635   397.6
27.6000       -5991.947    -6037.925       45.978   400.6
27.8000       -5991.753    -6037.936       46.182   402.3
28.0000       -5989.908    -6032.856       42.948   374.2
28.2000       -5991.276    -6036.242       44.966   391.7
28.4000       -5993.368    -6037.014       43.645   380.2
28.6000       -5992.513    -6038.117       45.603   397.3
28.8000       -5992.175    -6036.047       43.873   382.2
29.0000       -5990.612    -6037.889       47.277   411.9
29.2000       -5987.992    -6034.772       46.779   407.5
29.4000       -5988.263    -6034.182       45.919   400.1
29.6000       -5989.608    -6035.083       45.476   396.2
29.8000       -5990.633    -6036.423       45.790   398.9
30.0000       -5988.696    -6036.388       47.691   415.5
30.2000       -5987.837    -6035.302       47.466   413.5
30.4000       -5988.600    -6034.868       46.268   403.1
30.6000       -5989.426    -6037.011       47.586   414.6
30.8000       -5991.271    -6036.277       45.005   392.1
31.0000       -5995.777    -6039.394       43.616   380.0
31.2000       -5993.620    -6039.134       45.514   396.5
31.4000       -5992.000    -6035.762       43.762   381.3
31.6000       -5988.766    -6035.097       46.331   403.6
31.8000       -5988.649    -6036.049       47.400   413.0
32.0000       -5987.038    -6034.146       47.108   410.4
32.2000       -5988.424    -6035.519       47.095   410.3
32.4000       -5987.375    -6034.456       47.081   410.2
32.6000       -5987.358    -6034.530       47.172   411.0
32.8000       -5989.955    -6036.149       46.195   402.5
33.0000       -5990.430    -6035.510       45.080   392.7
33.2000       -5992.311    -6036.649       44.338   386.3
33.4000       -5991.617    -6035.187       43.570   379.6
33.6000       -5988.885    -6033.639       44.754   389.9
33.8000       -5990.722    -6034.399       43.678   380.5
34.0000       -5991.294    -6036.086       44.791   390.2
34.2000       -5991.542    -6036.109       44.567   388.3
34.4000       -5992.177    -6037.128       44.952   391.6
34.6000       -5992.027    -6036.234       44.207   385.1
34.8000       -5993.163    -6036.705       43.541   379.3
35.0000       -5994.269    -6039.241       44.972   391.8
35.2000       -5995.881    -6039.979       44.098   384.2
35.4000       -5994.476    -6038.253       43.777   381.4
35.6000       -5991.092    -6035.716       44.624   388.8
35.8000       -5990.828    -6036.049       45.220   394.0
36.0000       -5993.545    -6037.882       44.337   386.3
36.2000       -5992.294    -6037.682       45.388   395.4
36.4000       -5993.584    -6040.027       46.444   404.6
36.6000       -5990.084    -6034.740       44.656   389.1
36.8000       -5988.263    -6035.354       47.091   410.3
37.0000       -5988.828    -6035.952       47.124   410.5
37.2000       -5988.515    -6035.308       46.794   407.7
37.4000       -5991.207    -6037.006       45.799   399.0
37.6000       -5992.629    -6036.031       43.402   378.1
37.8000       -5991.771    -6034.857       43.086   375.4
38.0000       -5989.283    -6033.581       44.298   385.9
38.2000       -5990.134    -6035.137       45.003   392.1
38.4000       -5990.282    -6036.356       46.074   401.4
38.6000       -5989.703    -6035.483       45.780   398.8
38.8000       -5992.379    -6037.558       45.179   393.6
39.0000       -5991.402    -6037.620       46.218   402.7
39.2000       -5992.438    -6038.000       45.561   396.9
39.4000       -5991.183    -6035.421       44.238   385.4
39.6000       -5989.847    -6035.816       45.969   400.5
39.8000       -5991.609    -6037.699       46.090   401.5
40.0000       -5990.310    -6035.485       45.175   393.6
40.2000       -5987.218    -6035.332       48.114   419.2
40.4000       -5988.956    -6035.286       46.330   403.6
40.6000       -5989.387    -6035.843       46.456   404.7
40.8000       -5989.723    -6036.337       46.615   406.1
41.0000       -5988.842    -6034.161       45.319   394.8
41.2000       -5989.985    -6037.402       47.418   413.1
41.4000       -5988.716    -6035.737       47.021   409.7
41.6000       -5989.368    -6036.396       47.028   409.7
41.8000       -5990.355    -6035.220       44.865   390.9
42.0000       -5992.977    -6036.453       43.476   378.8
42.2000       -5992.121    -6037.277       45.156   393.4
42.4000       -5988.315    -6035.022       46.707   406.9
42.6000       -5989.264    -6036.536       47.272   411.8
42.8000       -5988.977    -6034.666       45.689   398.0
43.0000       -5987.941    -6034.919       46.978   409.3
43.2000       -5990.201    -6037.578       47.377   412.8
43.4000       -5993.041    -6036.834       43.793   381.5
43.6000       -5994.299    -6037.498       43.198   376.3
43.8000       -5991.964    -6035.363       43.399   378.1
44.0000       -5989.247    -6037.621       48.374   421.4
44.2000       -5988.326    -6035.532       47.206   411.3
44.4000       -5989.158    -6037.003       47.845   416.8
44.6000       -5990.838    -6035.784       44.945   391.6
44.8000       -5990.092    -6035.287       45.194   393.7
45.0000       -5990.721    -6035.026       44.306   386.0
45.2000       -5991.058    -6036.345       45.286   394.5
45.4000       -5989.871    -6035.849       45.978   400.6
45.6000       -5991.200    -6036.150       44.950   391.6
45.8000       -5988.958    -6034.983       46.025   401.0
46.0000       -5989.085    -6035.166       46.081   401.5
46.2000       -5991.092    -6035.952       44.860   390.8
46.4000       -5990.738    -6037.917       47.178   411.0
46.6000       -5988.624    -6035.374       46.749   407.3
46.8000       -5990.892    -6036.222       45.330   394.9
47.0000       -5991.197    -6037.140       45.944   400.3
47.2000       -5990.005    -6034.346       44.342   386.3
47.4000       -5989.879    -6036.154       46.275   403.2
47.6000       -5991.683    -6037.093       45.410   395.6
47.8000       -5990.685    -6037.902       47.218   411.4
48.0000       -5989.653    -6035.860       46.207   402.6
48.2000       -5988.079    -6035.242       47.163   410.9
48.4000       -5989.399    -6035.086       45.687   398.0
48.6000       -5989.075    -6037.368       48.292   420.7
48.8000       -5990.749    -6035.661       44.912   391.3
49.0000       -5991.965    -6037.173       45.208   393.9
49.2000       -5991.725    -6036.736       45.010   392.1
49.4000       -5989.945    -6035.958       46.013   400.9
49.6000       -5993.479    -6039.841       46.361   403.9
49.8000       -5992.171    -6038.209       46.039   401.1
50.0000       -5991.855    -6037.364       45.509   396.5
50.2000       -5991.052    -6035.445       44.392   386.8
50.4000       -5990.806    -6035.404       44.598   388.5
50.6000       -5992.503    -6036.928       44.424   387.0
50.8000       -5991.684    -6035.509       43.824   381.8
51.0000       -5990.732    -6036.222       45.491   396.3
51.2000       -5989.766    -6036.072       46.305   403.4
51.4000       -5989.544    -6035.399       45.855   399.5
51.6000       -5991.195    -6037.294       46.100   401.6
51.8000       -5991.696    -6037.101       45.404   395.6
52.0000       -5989.132    -6034.334       45.202   393.8
52.2000       -5989.818    -6036.783       46.965   409.2
52.4000       -5988.124    -6035.337       47.213   411.3
52.6000       -5989.457    -6035.584       46.128   401.9
52.8000       -5989.688    -6034.657       44.969   391.8
53.0000       -5988.109    -6035.527       47.418   413.1
53.2000       -5985.758    -6031.522       45.764   398.7
53.4000       -5989.874    -6036.394       46.520   405.3
53.6000       -5991.172    -6035.591       44.419   387.0
53.8000       -5990.110    -6036.237       46.127   401.9
54.0000       -5991.951    -6038.783       46.832   408.0
54.2000       -5992.143    -6036.275       44.132   384.5
54.4000       -5992.185    -6035.457       43.272   377.0
54.6000       -5992.319    -6036.313       43.994   383.3
54.8000       -5992.876    -6037.187       44.311   386.0
55.0000       -5991.002    -6035.733       44.732   389.7
55.2000       -5992.860    -6038.177       45.317   394.8
55.4000       -5989.797    -6036.026       46.230   402.8
55.6000       -5991.639    -6036.573       44.934   391.5
55.8000       -5990.540    -6036.417       45.877   399.7
56.0000       -5989.193    -6035.214       46.021   400.9
56.2000       -5990.149    -6035.699       45.550   396.8
56.4000       -5988.955    -6036.075       47.120   410.5
56.6000       -5990.435    -6036.451       46.016   400.9
56.8000       -5989.867    -6036.601       46.733   407.1
57.0000       -5991.818    -6035.462       43.644   380.2
57.2000       -5991.210    -6035.257       44.047   383.7
57.4000       -5991.046    -6035.416       44.370   386.6
57.6000       -5990.628    -6034.391       43.762   381.3
57.8000       -5988.797    -6036.146       47.349   412.5
58.0000       -5988.635    -6035.110       46.475   404.9
58.2000       -5989.125    -6035.896       46.771   407.5
58.4000       -5991.615    -6037.009       45.394   395.5
58.6000       -5991.373    -6036.453       45.080   392.7
58.8000       -5991.433    -6038.150       46.717   407.0
59.0000       -5991.009    -6035.698       44.689   389.3
59.2000       -5992.672    -6039.889       47.217   411.4
59.4000       -5992.217    -6036.228       44.011   383.4
59.6000       -5993.228    -6036.448       43.220   376.5
59.8000       -5990.656    -6036.557       45.901   399.9
60.0000       -5988.435    -6034.526       46.091   401.5
60.2000       -5988.338    -6034.538       46.200   402.5
60.4000       -5989.768    -6037.746       47.978   418.0
60.6000       -5990.474    -6035.234       44.760   390.0
60.8000       -5991.527    -6036.674       45.147   393.3
61.0000       -5991.355    -6036.658       45.303   394.7
61.2000       -5992.888    -6038.812       45.924   400.1
61.4000       -5990.983    -6035.201       44.218   385.2
61.6000       -5992.019    -6037.721       45.702   398.2
61.8000       -5993.060    -6039.194       46.134   401.9
62.0000       -5992.500    -6037.709       45.209   393.9
62.2000       -5989.695    -6034.817       45.122   393.1
62.4000       -5991.008    -6038.344       47.336   412.4
62.6000       -5989.926    -6036.589       46.663   406.5
62.8000       -5988.889    -6035.518       46.629   406.2
63.0000       -5988.677    -6036.029       47.352   412.5
63.2000       -5987.879    -6034.723       46.844   408.1
63.4000       -5992.789    -6037.624       44.834   390.6
63.6000       -5993.735    -6036.637       42.902   373.8
63.8000       -5992.587    -6036.950       44.363   386.5
64.0000       -5990.652    -6036.817       46.166   402.2
64.2000       -5987.944    -6035.625       47.682   415.4
64.4000       -5988.774    -6037.325       48.551   423.0
64.6000       -5990.561    -6037.384       46.823   407.9
64.8000       -5990.561    -6036.598       46.037   401.1
65.0000       -5991.759    -6035.558       43.798   381.6
65.2000       -5989.752    -6035.318       45.566   397.0
65.4000       -5988.322    -6036.603       48.281   420.6
65.6000       -5986.637    -6033.412       46.775   407.5
65.8000       -5987.433    -6033.250       45.817   399.2
66.0000       -5987.942    -6035.199       47.257   411.7
66.2000       -5987.873    -6034.140       46.266   403.1
66.4000       -5987.150    -6035.974       48.823   425.4
66.6000       -5985.300    -6034.278       48.979   426.7
66.8000       -5985.960    -6035.001       49.041   427.3
67.0000       -5988.002    -6034.247       46.244   402.9
67.2000       -5987.991    -6036.263       48.272   420.5
67.4000       -5989.394    -6036.862       47.468   413.5
67.6000       -5989.596    -6036.204       46.608   406.1
67.8000       -5988.947    -6034.441       45.494   396.3
68.0000       -5989.269    -6035.763       46.494   405.1
68.2000       -5993.279    -6036.389       43.109   375.6
68.4000       -5994.485    -6038.283       43.798   381.6
68.6000       -5995.499    -6039.620       44.121   384.4
68.8000       -5993.098    -6038.562       45.463   396.1
69.0000       -5992.153    -6035.353       43.200   376.4
69.2000       -5992.817    -6037.872       45.054   392.5
69.4000       -5989.403    -6036.224       46.820   407.9
69.6000       -5990.758    -6035.204       44.446   387.2
69.8000       -5992.215    -6036.777       44.562   388.2
70.0000       -5990.380    -6036.927       46.547   405.5
70.2000       -5992.801    -6036.189       43.388   378.0
70.4000       -5990.918    -6037.232       46.314   403.5
70.6000       -5992.951    -6037.933       44.982   391.9
70.8000       -5990.723    -6036.039       45.315   394.8
71.0000       -5990.207    -6034.822       44.614   388.7
71.2000       -5992.166    -6035.833       43.666   380.4
71.4000       -5992.610    -6036.393       43.783   381.4
71.6000       -5990.182    -6036.244       46.061   401.3
71.8000       -5990.779    -6036.898       46.119   401.8
72.0000       -5989.808    -6033.531       43.723   380.9
72.2000       -5987.222    -6033.875       46.653   406.4
72.4000       -5986.738    -6034.145       47.407   413.0
72.6000       -5990.771    -6035.146       44.375   386.6
72.8000       -5990.192    -6036.133       45.941   400.2
73.0000       -5990.484    -6036.942       46.458   404.8
73.2000       -5990.717    -6035.143       44.425   387.0
73.4000       -5987.905    -6034.184       46.279   403.2
73.6000       -5990.861    -6036.023       45.163   393.5
73.8000       -5989.522    -6034.074       44.551   388.1
74.0000       -5991.266    -6037.308       46.042   401.1
74.2000       -5990.439    -6037.578       47.140   410.7
74.4000       -5991.520    -6036.774       45.254   394.3
74.6000       -5993.373    -6040.803       47.431   413.2
74.8000       -5992.814    -6037.195       44.382   386.7
75.0000       -5992.779    -6037.832       45.053   392.5
75.2000       -5990.714    -6036.539       45.825   399.2
75.4000       -5988.792    -6034.207       45.415   395.7
75.6000       -5989.709    -6035.327       45.618   397.4
75.8000       -5988.089    -6034.861       46.771   407.5
76.0000       -5989.618    -6034.875       45.256   394.3
76.2000       -5988.150    -6036.082       47.932   417.6
76.4000       -5988.588    -6035.669       47.082   410.2
76.6000       -5987.644    -6035.290       47.646   415.1
76.8000       -5988.174    -6036.310       48.136   419.4
77.0000       -5986.737    -6036.950       50.213   437.5
77.2000       -5987.042    -6033.477       46.434   404.5
77.4000       -5988.489    -6033.965       45.476   396.2
77.6000       -5989.601    -6037.064       47.463   413.5
77.8000       -5987.408    -6034.325       46.917   408.7
78.0000       -5987.187    -6036.202       49.015   427.0
78.2000       -5989.997    -6036.415       46.418   404.4
78.4000       -5989.160    -6036.238       47.078   410.2
78.6000       -5990.214    -6035.564       45.351   395.1
78.8000       -5994.352    -6038.170       43.818   381.7
79.0000       -5991.210    -6036.335       45.125   393.1
79.2000       -5991.916    -6035.652       43.737   381.0
79.4000       -5991.732    -6038.665       46.933   408.9
79.6000       -5991.991    -6037.269       45.277   394.5
79.8000       -5990.765    -6036.313       45.548   396.8
80.0000       -5991.152    -6035.373       44.221   385.3
80.2000       -5988.722    -6036.315       47.594   414.6
80.4000       -5991.060    -6037.634       46.574   405.8
80.6000       -5990.009    -6036.541       46.532   405.4
80.8000       -5989.796    -6035.668       45.873   399.6
81.0000       -5988.076    -6034.098       46.023   401.0
81.2000       -5989.262    -6035.229       45.967   400.5
81.4000       -5988.954    -6035.641       46.687   406.7
81.6000       -5990.138    -6035.815       45.677   397.9
81.8000       -5991.195    -6035.988       44.794   390.2
82.0000       -5989.102    -6036.391       47.289   412.0
82.2000       -5986.860    -6034.235       47.374   412.7
82.4000       -5986.298    -6033.968       47.670   415.3
82.6000       -5987.504    -6035.403       47.899   417.3
82.8000       -5987.342    -6034.678       47.335   412.4
83.0000       -5988.767    -6035.449       46.682   406.7
83.2000       -5989.333    -6035.716       46.383   404.1
83.4000       -5989.362    -6035.697       46.335   403.7
83.6000       -5990.449    -6035.905       45.456   396.0
83.8000       -5988.196    -6034.258       46.063   401.3
84.0000       -5987.611    -6035.044       47.433   413.2
84.2000       -5989.896    -6036.233       46.337   403.7
84.4000       -5989.830    -6036.014       46.184   402.4
84.6000       -5990.427    -6037.821       47.394   412.9
84.8000       -5989.096    -6036.643       47.546   414.2
85.0000       -5990.311    -6036.522       46.211   402.6
85.2000       -5990.127    -6036.306       46.178   402.3
85.4000       -5991.661    -6037.243       45.582   397.1
85.6000       -5994.018    -6038.586       44.568   388.3
85.8000       -5991.080    -6037.688       46.608   406.1
86.0000       -5990.651    -6036.593       45.943   400.3
86.2000       -5988.462    -6034.762       46.300   403.4
86.4000       -5988.622    -6037.535       48.913   426.1
86.6000       -5988.945    -6033.953       45.008   392.1
86.8000       -5988.296    -6033.506       45.210   393.9
87.0000       -5988.786    -6033.794       45.008   392.1
87.2000       -5989.435    -6033.258       43.823   381.8
87.4000       -5988.663    -6035.563       46.900   408.6
87.6000       -5988.133    -6033.979       45.846   399.4
87.8000       -5988.529    -6034.778       46.249   402.9
88.0000       -5989.757    -6034.710       44.954   391.6
88.2000       -5988.035    -6034.454       46.419   404.4
88.4000       -5990.037    -6035.949       45.912   400.0
88.6000       -5990.178    -6034.740       44.562   388.2
88.8000       -5989.353    -6035.878       46.525   405.3
89.0000       -5991.116    -6038.172       47.057   410.0
89.2000       -5991.429    -6036.679       45.250   394.2
89.4000       -5991.146    -6036.441       45.295   394.6
89.6000       -5989.114    -6036.521       47.407   413.0
89.8000       -5988.386    -6033.116       44.730   389.7
90.0000       -5987.168    -6033.197       46.030   401.0
90.2000       -5990.166    -6035.618       45.452   396.0
90.4000       -5988.365    -6035.959       47.594   414.6
90.6000       -5989.590    -6036.293       46.703   406.9
90.8000       -5990.485    -6036.339       45.855   399.5
91.0000       -5991.043    -6034.490       43.446   378.5
91.2000       -5990.165    -6034.496       44.331   386.2
91.4000       -5990.572    -6034.454       43.883   382.3
91.6000       -5990.319    -6035.174       44.855   390.8
91.8000       -5992.035    -6037.969       45.934   400.2
92.0000       -5991.022    -6036.184       45.162   393.5
92.2000       -5989.937    -6036.945       47.008   409.5
92.4000       -5988.922    -6033.576       44.654   389.0
92.6000       -5988.937    -6034.053       45.116   393.1
92.8000       -5987.154    -6034.279       47.126   410.6
93.0000       -5987.851    -6035.802       47.951   417.8
93.2000       -5989.505    -6036.284       46.779   407.5
93.4000       -5989.371    -6034.504       45.133   393.2
93.6000       -5987.852    -6034.407       46.555   405.6
93.8000       -5986.407    -6034.078       47.672   415.3
94.0000       -5984.659    -6032.347       47.688   415.5
94.2000       -5986.139    -6034.834       48.695   424.2
94.4000       -5988.875    -6035.532       46.657   406.5
94.6000       -5986.720    -6032.640       45.920   400.1
94.8000       -5987.796    -6033.712       45.916   400.0
95.0000       -5988.243    -6035.173       46.930   408.9
95.2000       -5989.311    -6034.738       45.427   395.8
95.4000       -5988.249    -6036.439       48.189   419.8
95.6000       -5990.237    -6038.200       47.963   417.9
95.8000       -5989.338    -6035.843       46.504   405.2
96.0000       -5987.812    -6033.390       45.577   397.1
96.2000       -5988.444    -6034.439       45.995   400.7
96.4000       -5987.461    -6034.841       47.380   412.8
96.6000       -5987.390    -6034.426       47.036   409.8
96.8000       -5990.691    -6035.889       45.198   393.8
97.0000       -5990.056    -6036.723       46.667   406.6
97.2000       -5988.576    -6035.949       47.373   412.7
97.4000       -5988.495    -6036.213       47.718   415.7
97.6000       -5989.556    -6036.702       47.146   410.7
97.8000       -5989.960    -6036.475       46.515   405.2
98.0000       -5987.782    -6034.938       47.156   410.8
98.2000       -5989.119    -6034.809       45.690   398.1
98.4000       -5991.502    -6036.246       44.743   389.8
98.6000       -5993.438    -6037.624       44.186   384.9
98.8000       -5994.191    -6037.587       43.396   378.1
99.0000       -5991.966    -6036.646       44.679   389.2
99.2000       -5991.802    -6036.405       44.602   388.6
99.4000       -5988.872    -6034.733       45.861   399.5
99.6000       -5988.036    -6035.341       47.305   412.1
99.8000       -5986.847    -6034.809       47.962   417.8
100.0000      -5988.370    -6035.608       47.239   411.5
100.2000      -5988.447    -6037.337       48.890   425.9
100.4000      -5990.755    -6035.902       45.147   393.3
100.6000      -5990.654    -6036.711       46.057   401.3
100.8000      -5990.326    -6036.577       46.250   402.9
101.0000      -5990.628    -6037.641       47.013   409.6
101.2000      -5992.878    -6036.956       44.078   384.0
101.4000      -5992.772    -6036.321       43.549   379.4
101.6000      -5990.351    -6035.147       44.796   390.3
101.8000      -5990.994    -6035.853       44.859   390.8
102.0000      -5989.494    -6034.102       44.608   388.6
102.2000      -5989.884    -6035.548       45.664   397.8
102.4000      -5991.859    -6037.681       45.822   399.2
102.6000      -5990.991    -6035.578       44.588   388.5
102.8000      -5989.672    -6036.079       46.406   404.3
103.0000      -5989.629    -6036.097       46.468   404.8
103.2000      -5991.318    -6035.880       44.562   388.2
103.4000      -5990.167    -6035.640       45.473   396.2
103.6000      -5991.432    -6036.968       45.536   396.7
103.8000      -5992.589    -6036.747       44.158   384.7
104.0000      -5992.088    -6037.479       45.391   395.4
104.2000      -5990.654    -6035.701       45.047   392.5
104.4000      -5988.874    -6033.676       44.802   390.3
104.6000      -5989.060    -6036.121       47.062   410.0
104.8000      -5988.383    -6036.565       48.182   419.8
105.0000      -5988.906    -6037.247       48.340   421.1
105.2000      -5989.052    -6036.777       47.726   415.8
105.4000      -5988.071    -6034.539       46.467   404.8
105.6000      -5989.443    -6035.615       46.172   402.3
105.8000      -5987.892    -6035.359       47.467   413.5
106.0000      -5989.887    -6035.077       45.190   393.7
106.2000      -5989.308    -6037.592       48.284   420.7
106.4000      -5990.298    -6036.912       46.613   406.1
106.6000      -5990.744    -6037.934       47.190   411.1
106.8000      -5991.411    -6036.395       44.984   391.9
107.0000      -5989.912    -6037.430       47.518   414.0
107.2000      -5990.391    -6035.709       45.318   394.8
107.4000      -5990.979    -6036.058       45.078   392.7
107.6000      -5990.151    -6035.686       45.535   396.7
107.8000      -5992.810    -6038.269       45.459   396.0
108.0000      -5991.794    -6036.950       45.156   393.4
108.2000      -5992.804    -6038.530       45.726   398.4
108.4000      -5991.589    -6038.040       46.451   404.7
108.6000      -5989.605    -6034.834       45.229   394.0
108.8000      -5989.860    -6037.337       47.478   413.6
109.0000      -5988.584    -6035.733       47.149   410.8
109.2000      -5988.457    -6035.611       47.155   410.8
109.4000      -5989.516    -6036.043       46.527   405.3
109.6000      -5988.166    -6034.214       46.048   401.2
109.8000      -5987.124    -6034.932       47.808   416.5
110.0000      -5986.604    -6033.555       46.951   409.0
110.2000      -5986.690    -6033.902       47.212   411.3
110.4000      -5987.982    -6035.726       47.743   415.9
110.6000      -5990.479    -6035.554       45.075   392.7
110.8000      -5989.669    -6034.985       45.316   394.8
111.0000      -5991.787    -6035.456       43.669   380.4
111.2000      -5990.825    -6037.435       46.610   406.1
111.4000      -5990.961    -6037.042       46.081   401.5
111.6000      -5989.447    -6034.203       44.756   389.9
111.8000      -5990.431    -6035.080       44.649   389.0
112.0000      -5989.655    -6034.733       45.078   392.7
112.2000      -5990.093    -6035.845       45.752   398.6
112.4000      -5990.136    -6034.779       44.644   388.9
112.6000      -5989.794    -6035.636       45.842   399.4
112.8000      -5991.216    -6038.417       47.201   411.2
113.0000      -5992.248    -6038.062       45.814   399.1
113.2000      -5990.960    -6036.646       45.686   398.0
113.4000      -5989.732    -6034.709       44.977   391.8
113.6000      -5989.717    -6035.170       45.453   396.0
113.8000      -5990.540    -6038.235       47.695   415.5
114.0000      -5988.790    -6035.537       46.746   407.3
114.2000      -5988.066    -6035.327       47.262   411.7
114.4000      -5988.944    -6034.394       45.450   396.0
114.6000      -5988.169    -6032.807       44.638   388.9
114.8000      -5992.120    -6036.560       44.439   387.2
115.0000      -5990.263    -6036.379       46.117   401.8
115.2000      -5988.106    -6035.794       47.688   415.5
115.4000      -5990.420    -6036.850       46.429   404.5
115.6000      -5989.077    -6035.033       45.956   400.4
115.8000      -5991.405    -6036.432       45.027   392.3
116.0000      -5990.588    -6037.847       47.259   411.7
116.2000      -5989.684    -6035.339       45.655   397.8
116.4000      -5988.995    -6035.024       46.029   401.0
116.6000      -5988.962    -6036.009       47.046   409.9
116.8000      -5990.351    -6036.323       45.971   400.5
117.0000      -5989.550    -6035.093       45.543   396.8
117.2000      -5988.569    -6033.879       45.310   394.7
117.4000      -5990.571    -6037.326       46.755   407.3
117.6000      -5991.511    -6036.622       45.110   393.0
117.8000      -5992.883    -6036.706       43.823   381.8
118.0000      -5993.444    -6036.343       42.899   373.7
118.2000      -5991.972    -6037.571       45.600   397.3
118.4000      -5992.985    -6036.768       43.783   381.4
118.6000      -5991.243    -6036.574       45.331   394.9
118.8000      -5987.690    -6035.010       47.320   412.3
119.0000      -5988.535    -6036.098       47.564   414.4
119.2000      -5987.914    -6034.343       46.429   404.5
119.4000      -5988.113    -6035.554       47.442   413.3
119.6000      -5989.724    -6037.916       48.192   419.9
119.8000      -5990.816    -6037.921       47.105   410.4
120.0000      -5992.170    -6037.363       45.193   393.7
120.2000      -5990.548    -6036.262       45.713   398.3
120.4000      -5992.776    -6036.792       44.016   383.5
120.6000      -5989.341    -6034.663       45.323   394.9
120.8000      -5990.073    -6036.914       46.840   408.1
121.0000      -5989.005    -6036.344       47.339   412.4
121.2000      -5988.578    -6035.845       47.266   411.8
121.4000      -5987.568    -6034.726       47.157   410.8
121.6000      -5990.570    -6036.195       45.624   397.5
121.8000      -5990.632    -6036.081       45.449   396.0
122.0000      -5988.887    -6034.033       45.146   393.3
122.2000      -5989.847    -6036.636       46.788   407.6
122.4000      -5991.441    -6035.906       44.465   387.4
122.6000      -5990.636    -6035.957       45.321   394.8
122.8000      -5991.107    -6035.895       44.788   390.2
123.0000      -5990.557    -6036.708       46.151   402.1
123.2000      -5989.923    -6037.816       47.894   417.3
123.4000      -5991.523    -6039.051       47.528   414.1
123.6000      -5993.282    -6038.299       45.018   392.2
123.8000      -5992.383    -6037.858       45.475   396.2
124.0000      -5992.673    -6036.846       44.173   384.8
124.2000      -5992.545    -6037.554       45.009   392.1
124.4000      -5990.845    -6036.090       45.245   394.2
124.6000      -5991.972    -6038.055       46.083   401.5
124.8000      -5991.163    -6036.750       45.587   397.2
125.0000      -5991.673    -6036.449       44.775   390.1
125.2000      -5992.988    -6037.704       44.716   389.6
125.4000      -5990.792    -6038.038       47.246   411.6
125.6000      -5989.236    -6035.465       46.229   402.8
125.8000      -5990.311    -6036.849       46.538   405.4
126.0000      -5990.561    -6035.626       45.065   392.6
126.2000      -5994.310    -6039.275       44.966   391.7
126.4000      -5993.403    -6038.499       45.095   392.9
126.6000      -5993.376    -6037.546       44.171   384.8
126.8000      -5993.029    -6036.248       43.219   376.5
127.0000      -5991.627    -6035.318       43.691   380.6
127.2000      -5992.987    -6039.266       46.278   403.2
127.4000      -5990.614    -6036.261       45.647   397.7
127.6000      -5989.541    -6037.009       47.468   413.5
127.8000      -5988.141    -6037.101       48.960   426.5
128.0000      -5988.768    -6035.369       46.601   406.0
128.2000      -5991.057    -6036.142       45.085   392.8
128.4000      -5993.136    -6037.706       44.569   388.3
128.6000      -5992.636    -6037.476       44.840   390.6
128.8000      -5991.131    -6036.037       44.905   391.2
129.0000      -5992.267    -6035.716       43.449   378.5
129.2000      -5993.066    -6038.165       45.099   392.9
129.4000      -5993.426    -6037.223       43.797   381.6
129.6000      -5990.205    -6036.088       45.883   399.7
129.8000      -5988.439    -6035.238       46.799   407.7
130.0000      -5988.462    -6034.807       46.345   403.8
130.2000      -5990.466    -6037.253       46.787   407.6
130.4000      -5991.593    -6038.108       46.515   405.2
130.6000      -5991.854    -6037.254       45.400   395.5
130.8000      -5992.523    -6036.738       44.215   385.2
131.0000      -5988.697    -6036.178       47.481   413.7
131.2000      -5988.862    -6034.931       46.070   401.4
131.4000      -5988.575    -6035.943       47.369   412.7
131.6000      -5988.708    -6037.250       48.542   422.9
131.8000      -5990.397    -6035.704       45.307   394.7
132.0000      -5986.994    -6034.600       47.606   414.7
132.2000      -5989.059    -6034.642       45.583   397.1
132.4000      -5988.922    -6035.975       47.053   409.9
132.6000      -5990.913    -6037.699       46.786   407.6
132.8000      -5988.766    -6034.642       45.876   399.7
133.0000      -5991.168    -6034.990       43.822   381.8
133.2000      -5991.452    -6035.590       44.138   384.5
133.4000      -5991.551    -6036.036       44.485   387.6
133.6000      -5988.500    -6035.629       47.129   410.6
133.8000      -5990.722    -6035.994       45.272   394.4
134.0000      -5990.709    -6037.431       46.722   407.0
134.2000      -5993.739    -6038.782       45.044   392.4
134.4000      -5991.118    -6038.021       46.903   408.6
134.6000      -5991.951    -6037.198       45.247   394.2
134.8000      -5990.407    -6037.051       46.644   406.4
135.0000      -5989.390    -6036.645       47.254   411.7
135.2000      -5989.127    -6035.597       46.470   404.8
135.4000      -5987.539    -6034.255       46.716   407.0
135.6000      -5988.987    -6036.405       47.418   413.1
135.8000      -5989.282    -6036.086       46.803   407.8
136.0000      -5992.239    -6037.390       45.151   393.4
136.2000      -5992.672    -6038.474       45.801   399.0
136.4000      -5990.881    -6036.968       46.087   401.5
136.6000      -5990.647    -6037.869       47.222   411.4
136.8000      -5988.444    -6037.075       48.632   423.7
137.0000      -5988.360    -6034.277       45.917   400.0
137.2000      -5991.492    -6037.030       45.538   396.7
137.4000      -5990.133    -6036.592       46.459   404.8
137.6000      -5987.779    -6035.688       47.909   417.4
137.8000      -5989.000    -6033.926       44.926   391.4
138.0000      -5989.034    -6035.688       46.654   406.5
138.2000      -5990.168    -6036.279       46.111   401.7
138.4000      -5989.769    -6035.940       46.171   402.2
138.6000      -5988.333    -6035.853       47.520   414.0
138.8000      -5988.533    -6035.962       47.429   413.2
139.0000      -5987.213    -6034.179       46.966   409.2
139.2000      -5989.289    -6034.964       45.675   397.9
139.4000      -5989.629    -6036.870       47.240   411.6
139.6000      -5990.091    -6035.854       45.762   398.7
139.8000      -5990.232    -6035.396       45.164   393.5
140.0000      -5990.777    -6036.521       45.745   398.5
140.2000      -5992.301    -6037.443       45.142   393.3
140.4000      -5992.954    -6037.654       44.700   389.4
140.6000      -5993.184    -6038.861       45.677   397.9
140.8000      -5992.301    -6037.161       44.860   390.8
141.0000      -5994.519    -6038.816       44.297   385.9
141.2000      -5997.009    -6039.565       42.556   370.7
141.4000      -5992.599    -6038.345       45.746   398.5
141.6000      -5989.811    -6036.365       46.554   405.6
141.8000      -5986.936    -6035.250       48.314   420.9
142.0000      -5986.252    -6034.961       48.709   424.4
142.2000      -5990.429    -6037.304       46.875   408.4
142.4000      -5990.815    -6036.913       46.098   401.6
142.6000      -5991.685    -6037.137       45.452   396.0
142.8000      -5988.296    -6035.411       47.115   410.5
143.0000      -5989.594    -6036.750       47.156   410.8
143.2000      -5988.171    -6035.890       47.719   415.7
143.4000      -5990.715    -6036.813       46.098   401.6
143.6000      -5990.788    -6035.787       44.999   392.0
143.8000      -5991.734    -6036.772       45.037   392.4
144.0000      -5993.088    -6036.241       43.154   376.0
144.2000      -5994.732    -6038.212       43.480   378.8
144.4000      -5994.201    -6038.989       44.787   390.2
144.6000      -5993.726    -6037.870       44.144   384.6
144.8000      -5993.784    -6037.938       44.154   384.7
145.0000      -5993.458    -6036.959       43.502   379.0
145.2000      -5992.118    -6036.473       44.354   386.4
145.4000      -5992.590    -6036.564       43.974   383.1
145.6000      -5988.549    -6034.856       46.307   403.4
145.8000      -5988.213    -6035.723       47.510   413.9
146.0000      -5986.437    -6034.899       48.462   422.2
146.2000      -5988.767    -6036.058       47.291   412.0
146.4000      -5990.028    -6035.006       44.978   391.9
146.6000      -5991.742    -6038.293       46.551   405.6
146.8000      -5990.171    -6035.625       45.454   396.0
147.0000      -5991.785    -6037.045       45.261   394.3
147.2000      -5992.565    -6036.961       44.396   386.8
147.4000      -5991.850    -6036.081       44.231   385.3
147.6000      -5992.405    -6035.810       43.406   378.2
147.8000      -5991.778    -6038.620       46.842   408.1
148.0000      -5990.665    -6036.710       46.045   401.1
148.2000      -5990.427    -6035.106       44.679   389.2
148.4000      -5990.646    -6036.758       46.112   401.7
148.6000      -5991.902    -6036.910       45.008   392.1
148.8000      -5990.445    -6036.854       46.409   404.3
149.0000      -5990.224    -6036.160       45.935   400.2
149.2000      -5991.950    -6036.235       44.285   385.8
149.4000      -5991.265    -6037.590       46.325   403.6
149.6000      -5990.131    -6035.479       45.348   395.1
149.8000      -5989.387    -6034.807       45.420   395.7
150.0000      -5988.595    -6034.040       45.445   395.9
150.2000      -5990.583    -6035.889       45.306   394.7
150.4000      -5990.600    -6036.809       46.209   402.6
150.6000      -5989.514    -6036.865       47.351   412.5
150.8000      -5990.815    -6037.294       46.479   404.9
151.0000      -5989.328    -6035.319       45.991   400.7
151.2000      -5988.646    -6036.526       47.880   417.1
151.4000      -5988.560    -6034.702       46.141   402.0
151.6000      -5989.745    -6038.062       48.316   420.9
151.8000      -5991.897    -6037.569       45.672   397.9
152.0000      -5990.226    -6036.345       46.119   401.8
152.2000      -5988.982    -6035.096       46.114   401.7
152.4000      -5990.186    -6035.268       45.082   392.8
152.6000      -5988.168    -6034.228       46.059   401.3
152.8000      -5989.794    -6037.462       47.668   415.3
153.0000      -5992.424    -6037.703       45.279   394.5
153.2000      -5991.482    -6036.778       45.296   394.6
153.4000      -5992.202    -6037.413       45.210   393.9
153.6000      -5990.871    -6036.724       45.852   399.5
153.8000      -5991.089    -6036.708       45.618   397.4
154.0000      -5993.224    -6038.114       44.890   391.1
154.2000      -5992.443    -6037.708       45.265   394.4
154.4000      -5989.656    -6035.328       45.672   397.9
154.6000      -5992.017    -6037.788       45.771   398.8
154.8000      -5990.612    -6034.579       43.967   383.0
155.0000      -5990.435    -6035.228       44.792   390.2
155.2000      -5988.797    -6036.628       47.831   416.7
155.4000      -5989.977    -6034.075       44.098   384.2
155.6000      -5989.968    -6034.446       44.477   387.5
155.8000      -5988.946    -6037.428       48.482   422.4
156.0000      -5990.436    -6036.641       46.204   402.5
156.2000      -5991.401    -6036.206       44.804   390.3
156.4000      -5993.829    -6037.742       43.913   382.6
156.6000      -5991.473    -6036.883       45.411   395.6
156.8000      -5991.138    -6037.340       46.202   402.5
157.0000      -5989.527    -6036.313       46.786   407.6
157.2000      -5990.841    -6036.754       45.914   400.0
157.4000      -5993.669    -6037.537       43.869   382.2
157.6000      -5992.199    -6036.807       44.608   388.6
157.8000      -5992.290    -6037.342       45.051   392.5
158.0000      -5992.175    -6036.777       44.602   388.6
158.2000      -5990.068    -6035.750       45.682   398.0
158.4000      -5991.112    -6036.983       45.871   399.6
158.6000      -5988.768    -6035.813       47.045   409.9
158.8000      -5990.653    -6034.883       44.229   385.3
159.0000      -5992.180    -6035.705       43.525   379.2
159.2000      -5991.711    -6036.538       44.826   390.5
159.4000      -5987.658    -6034.307       46.648   406.4
159.6000      -5987.655    -6033.848       46.193   402.4
159.8000      -5989.017    -6034.792       45.775   398.8
160.0000      -5988.344    -6035.217       46.874   408.4
160.2000      -5991.379    -6036.959       45.580   397.1
160.4000      -5993.383    -6037.998       44.614   388.7
160.6000      -5991.708    -6035.752       44.045   383.7
160.8000      -5992.850    -6036.751       43.901   382.5
161.0000      -5992.225    -6039.160       46.935   408.9
161.2000      -5992.150    -6036.667       44.517   387.8
161.4000      -5989.892    -6035.675       45.783   398.9
161.6000      -5990.163    -6035.822       45.659   397.8
161.8000      -5990.504    -6034.477       43.973   383.1
162.0000      -5989.450    -6037.437       47.987   418.1
162.2000      -5991.498    -6035.419       43.921   382.6
162.4000      -5991.464    -6038.241       46.778   407.5
162.6000      -5990.396    -6037.292       46.896   408.6
162.8000      -5989.826    -6036.779       46.952   409.1
163.0000      -5988.209    -6035.563       47.355   412.6
163.2000      -5990.196    -6034.493       44.296   385.9
163.4000      -5990.587    -6037.174       46.588   405.9
163.6000      -5988.999    -6035.949       46.949   409.0
163.8000      -5990.186    -6036.895       46.709   406.9
164.0000      -5988.802    -6035.561       46.759   407.4
164.2000      -5991.122    -6035.457       44.335   386.3
164.4000      -5989.186    -6036.627       47.442   413.3
164.6000      -5988.935    -6034.865       45.929   400.1
164.8000      -5987.618    -6034.427       46.809   407.8
165.0000      -5985.379    -6034.174       48.795   425.1
165.2000      -5986.310    -6033.732       47.422   413.1
165.4000      -5987.130    -6033.326       46.196   402.5
165.6000      -5986.928    -6034.793       47.865   417.0
165.8000      -5988.797    -6035.829       47.032   409.7
166.0000      -5990.862    -6035.010       44.148   384.6
166.2000      -5992.345    -6036.865       44.520   387.9
166.4000      -5990.783    -6037.142       46.359   403.9
166.6000      -5993.121    -6037.598       44.477   387.5
166.8000      -5991.431    -6037.544       46.113   401.7
167.0000      -5992.410    -6036.524       44.114   384.3
167.2000      -5988.427    -6034.987       46.559   405.6
167.4000      -5990.552    -6035.905       45.352   395.1
167.6000      -5988.054    -6035.596       47.542   414.2
167.8000      -5988.910    -6036.779       47.869   417.0
168.0000      -5989.761    -6036.757       46.996   409.4
168.2000      -5993.076    -6037.809       44.732   389.7
168.4000      -5993.220    -6036.973       43.753   381.2
168.6000      -5995.536    -6038.665       43.129   375.7
168.8000      -5994.250    -6039.258       45.007   392.1
169.0000      -5991.617    -6038.031       46.414   404.4
169.2000      -5993.142    -6035.487       42.345   368.9
169.4000      -5991.694    -6035.697       44.003   383.4
169.6000      -5992.472    -6036.618       44.146   384.6
169.8000      -5991.721    -6035.953       44.232   385.4
170.0000      -5992.259    -6038.734       46.475   404.9
170.2000      -5992.579    -6037.192       44.613   388.7
170.4000      -5990.744    -6037.971       47.227   411.4
170.6000      -5990.144    -6033.790       43.646   380.2
170.8000      -5988.859    -6035.856       46.997   409.4
171.0000      -5989.155    -6036.267       47.112   410.4
171.2000      -5987.196    -6033.583       46.387   404.1
171.4000      -5989.599    -6037.060       47.461   413.5
171.6000      -5990.660    -6036.620       45.959   400.4
171.8000      -5990.849    -6035.477       44.628   388.8
172.0000      -5992.347    -6036.597       44.249   385.5
172.2000      -5992.419    -6039.476       47.056   410.0
172.4000      -5990.984    -6037.409       46.425   404.5
172.6000      -5993.060    -6038.455       45.395   395.5
172.8000      -5992.053    -6036.112       44.058   383.8
173.0000      -5993.054    -6037.914       44.860   390.8
173.2000      -5991.080    -6036.895       45.814   399.1
173.4000      -5990.178    -6035.689       45.511   396.5
173.6000      -5990.781    -6036.863       46.082   401.5
173.8000      -5990.748    -6037.985       47.237   411.5
174.0000      -5992.356    -6038.785       46.429   404.5
174.2000      -5992.031    -6036.915       44.883   391.0
174.4000      -5991.460    -6036.609       45.149   393.3
174.6000      -5991.184    -6037.211       46.028   401.0
174.8000      -5991.121    -6037.127       46.006   400.8
175.0000      -5991.389    -6035.930       44.540   388.0
175.2000      -5989.763    -6035.748       45.985   400.6
175.4000      -5990.718    -6036.801       46.083   401.5
175.6000      -5990.418    -6035.498       45.080   392.7
175.8000      -5990.321    -6035.842       45.521   396.6
176.0000      -5989.660    -6035.386       45.726   398.4
176.2000      -5993.508    -6038.229       44.721   389.6
176.4000      -5991.028    -6037.571       46.543   405.5
176.6000      -5992.998    -6037.357       44.359   386.5
176.8000      -5992.988    -6036.214       43.226   376.6
177.0000      -5990.424    -6036.744       46.320   403.5
177.2000      -5991.299    -6036.795       45.496   396.4
177.4000      -5990.965    -6036.188       45.223   394.0
177.6000      -5987.720    -6035.003       47.284   411.9
177.8000      -5989.838    -6037.208       47.371   412.7
178.0000      -5989.596    -6036.952       47.356   412.6
178.2000      -5991.419    -6037.528       46.109   401.7
178.4000      -5991.203    -6036.487       45.285   394.5
178.6000      -5988.271    -6036.123       47.852   416.9
178.8000      -5987.647    -6036.032       48.385   421.5
179.0000      -5990.426    -6035.523       45.097   392.9
179.2000      -5992.389    -6037.649       45.260   394.3
179.4000      -5990.040    -6036.433       46.393   404.2
179.6000      -5988.666    -6035.427       46.761   407.4
179.8000      -5988.169    -6034.574       46.405   404.3
180.0000      -5986.702    -6032.940       46.238   402.8
180.2000      -5988.733    -6035.723       46.990   409.4
180.4000      -5990.549    -6037.042       46.493   405.1
180.6000      -5989.854    -6036.530       46.677   406.7
180.8000      -5992.536    -6037.331       44.794   390.3
181.0000      -5988.874    -6034.750       45.877   399.7
181.2000      -5989.648    -6036.527       46.879   408.4
181.4000      -5987.034    -6034.215       47.181   411.0
181.6000      -5989.420    -6036.181       46.760   407.4
181.8000      -5989.416    -6036.902       47.486   413.7
182.0000      -5989.731    -6037.387       47.656   415.2
182.2000      -5989.696    -6036.754       47.058   410.0
182.4000      -5992.183    -6037.184       45.001   392.1
182.6000      -5991.216    -6034.359       43.144   375.9
182.8000      -5990.764    -6037.427       46.663   406.5
183.0000      -5991.737    -6036.205       44.468   387.4
183.2000      -5990.864    -6036.136       45.272   394.4
183.4000      -5990.681    -6035.546       44.865   390.9
183.6000      -5988.593    -6035.250       46.657   406.5
183.8000      -5990.132    -6035.701       45.569   397.0
184.0000      -5990.067    -6036.276       46.209   402.6
184.2000      -5990.311    -6037.996       47.685   415.4
184.4000      -5991.101    -6037.537       46.435   404.5
184.6000      -5994.104    -6038.041       43.937   382.8
184.8000      -5990.272    -6036.222       45.950   400.3
185.0000      -5988.988    -6037.693       48.705   424.3
185.2000      -5988.238    -6036.377       48.139   419.4
185.4000      -5985.499    -6033.643       48.144   419.4
185.6000      -5986.675    -6034.986       48.311   420.9
185.8000      -5986.856    -6035.769       48.913   426.1
186.0000      -5989.350    -6035.649       46.299   403.4
186.2000      -5991.610    -6038.752       47.142   410.7
186.4000      -5992.010    -6037.214       45.204   393.8
186.6000      -5991.067    -6035.902       44.835   390.6
186.8000      -5989.999    -6036.580       46.580   405.8
187.0000      -5990.227    -6036.961       46.734   407.2
187.2000      -5988.300    -6035.889       47.589   414.6
187.4000      -5989.263    -6036.141       46.878   408.4
187.6000      -5989.017    -6035.387       46.370   404.0
187.8000      -5990.011    -6035.738       45.727   398.4
188.0000      -5989.830    -6035.953       46.123   401.8
188.2000      -5989.558    -6035.585       46.027   401.0
188.4000      -5989.647    -6036.974       47.326   412.3
188.6000      -5990.229    -6037.503       47.274   411.9
188.8000      -5989.860    -6035.470       45.610   397.4
189.0000      -5988.768    -6035.153       46.385   404.1
189.2000      -5990.291    -6037.637       47.346   412.5
189.4000      -5992.210    -6037.994       45.784   398.9
189.6000      -5991.264    -6037.528       46.265   403.1
189.8000      -5992.912    -6036.347       43.435   378.4
190.0000      -5992.848    -6039.376       46.528   405.4
190.2000      -5993.157    -6038.808       45.651   397.7
190.4000      -5992.991    -6038.077       45.086   392.8
190.6000      -5993.715    -6038.714       44.999   392.0
190.8000      -5991.612    -6038.128       46.516   405.3
191.0000      -5991.707    -6035.958       44.251   385.5
191.2000      -5990.939    -6036.244       45.305   394.7
191.4000      -5988.183    -6036.933       48.749   424.7
191.6000      -5987.919    -6033.804       45.884   399.7
191.8000      -5986.406    -6035.118       48.712   424.4
192.0000      -5987.595    -6035.379       47.784   416.3
192.2000      -5991.886    -6037.375       45.489   396.3
192.4000      -5993.126    -6038.432       45.306   394.7
192.6000      -5993.585    -6036.972       43.387   378.0
192.8000      -5993.554    -6039.211       45.657   397.8
193.0000      -5992.936    -6038.699       45.764   398.7
193.2000      -5991.010    -6037.657       46.647   406.4
193.4000      -5994.092    -6038.918       44.827   390.5
193.6000      -5994.309    -6039.342       45.033   392.3
193.8000      -5993.067    -6038.392       45.325   394.9
194.0000      -5992.941    -6041.462       48.522   422.7
194.2000      -5992.375    -6038.314       45.939   400.2
194.4000      -5992.949    -6037.836       44.887   391.1
194.6000      -5991.729    -6037.445       45.717   398.3
194.8000      -5989.401    -6036.690       47.289   412.0
195.0000      -5988.743    -6036.602       47.859   417.0
195.2000      -5988.687    -6035.899       47.211   411.3
195.4000      -5989.793    -6035.322       45.529   396.7
195.6000      -5988.979    -6035.795       46.816   407.9
195.8000      -5989.651    -6035.640       45.989   400.7
196.0000      -5990.617    -6035.520       44.902   391.2
196.2000      -5991.824    -6037.314       45.490   396.3
196.4000      -5991.209    -6038.450       47.241   411.6
196.6000      -5989.275    -6038.611       49.336   429.8
196.8000      -5988.614    -6037.435       48.820   425.3
197.0000      -5990.002    -6036.909       46.906   408.7
197.2000      -5989.501    -6034.958       45.457   396.0
197.4000      -5988.333    -6036.971       48.638   423.7
197.6000      -5985.105    -6034.465       49.360   430.0
197.8000      -5986.224    -6034.962       48.739   424.6
198.0000      -5987.647    -6035.209       47.563   414.4
198.2000      -5989.142    -6037.081       47.938   417.6
198.4000      -5989.196    -6038.324       49.127   428.0
198.6000      -5989.945    -6036.430       46.485   405.0
198.8000      -5990.715    -6034.417       43.701   380.7
199.0000      -5992.037    -6039.107       47.070   410.1
199.2000      -5993.343    -6038.116       44.773   390.1
199.4000      -5992.549    -6039.041       46.492   405.0
199.6000      -5994.480    -6038.813       44.334   386.2
199.8000      -5994.254    -6036.825       42.571   370.9
200.0000      -5994.484    -6038.978       44.494   387.6
