Time[ps]      Etot[eV]     Epot[eV]     Ekin[eV]    T[K]
0.0000        -5938.128    -6006.319       68.191   594.1
0.2000        -5942.373    -6010.028       67.655   589.4
0.4000        -5942.879    -6009.630       66.751   581.5
0.6000        -5942.809    -6010.708       67.899   591.5
0.8000        -5941.042    -6010.124       69.082   601.9
1.0000        -5939.218    -6009.942       70.724   616.2
1.2000        -5944.468    -6011.209       66.741   581.5
1.4000        -5942.166    -6012.152       69.986   609.7
1.6000        -5943.572    -6011.720       68.148   593.7
1.8000        -5942.608    -6010.709       68.101   593.3
2.0000        -5940.711    -6008.451       67.740   590.2
2.2000        -5942.384    -6010.101       67.716   590.0
2.4000        -5943.781    -6012.173       68.392   595.8
2.6000        -5941.506    -6009.106       67.600   588.9
2.8000        -5942.217    -6011.780       69.564   606.0
3.0000        -5940.339    -6007.828       67.488   588.0
3.2000        -5939.772    -6010.087       70.315   612.6
3.4000        -5940.827    -6009.742       68.915   600.4
3.6000        -5939.186    -6009.840       70.654   615.5
3.8000        -5940.348    -6009.329       68.980   601.0
4.0000        -5937.882    -6008.716       70.835   617.1
4.2000        -5938.114    -6008.625       70.512   614.3
4.4000        -5940.018    -6007.901       67.882   591.4
4.6000        -5942.856    -6011.313       68.458   596.4
4.8000        -5943.757    -6010.603       66.846   582.4
5.0000        -5947.566    -6012.703       65.137   567.5
5.2000        -5948.387    -6014.539       66.153   576.3
5.4000        -5946.520    -6014.354       67.833   591.0
5.6000        -5949.034    -6015.168       66.135   576.2
5.8000        -5946.961    -6016.247       69.286   603.6
6.0000        -5944.865    -6013.194       68.328   595.3
6.2000        -5942.636    -6012.021       69.385   604.5
6.4000        -5942.937    -6011.302       68.365   595.6
6.6000        -5946.758    -6014.940       68.182   594.0
6.8000        -5949.508    -6016.027       66.519   579.5
7.0000        -5947.415    -6013.358       65.943   574.5
7.2000        -5945.761    -6015.625       69.864   608.7
7.4000        -5943.964    -6013.319       69.354   604.2
7.6000        -5943.300    -6011.914       68.614   597.8
7.8000        -5942.830    -6012.901       70.071   610.5
8.0000        -5942.419    -6012.292       69.872   608.7
8.2000        -5943.132    -6009.866       66.734   581.4
8.4000        -5944.226    -6013.429       69.203   602.9
8.6000        -5942.724    -6010.975       68.251   594.6
8.8000        -5942.183    -6011.439       69.256   603.4
9.0000        -5943.573    -6012.154       68.581   597.5
9.2000        -5944.751    -6013.505       68.754   599.0
9.4000        -5943.846    -6011.720       67.874   591.3
9.6000        -5943.058    -6015.310       72.252   629.5
9.8000        -5939.914    -6009.758       69.844   608.5
10.0000       -5939.915    -6010.698       70.784   616.7
10.2000       -5941.834    -6010.570       68.736   598.8
10.4000       -5944.639    -6013.363       68.724   598.7
10.6000       -5943.531    -6012.131       68.599   597.6
10.8000       -5943.196    -6009.757       66.561   579.9
11.0000       -5941.464    -6010.955       69.490   605.4
11.2000       -5942.808    -6011.274       68.466   596.5
11.4000       -5946.670    -6013.161       66.491   579.3
11.6000       -5944.993    -6012.313       67.320   586.5
11.8000       -5943.419    -6013.114       69.695   607.2
12.0000       -5944.271    -6013.454       69.183   602.7
12.2000       -5945.645    -6012.048       66.403   578.5
12.4000       -5942.493    -6010.647       68.154   593.8
12.6000       -5947.788    -6012.254       64.466   561.6
12.8000       -5945.922    -6012.276       66.354   578.1
13.0000       -5943.751    -6012.164       68.412   596.0
13.2000       -5945.138    -6010.708       65.570   571.3
13.4000       -5945.804    -6014.645       68.841   599.7
13.6000       -5942.929    -6012.446       69.517   605.6
13.8000       -5943.617    -6011.086       67.470   587.8
14.0000       -5944.881    -6012.149       67.268   586.0
14.2000       -5941.720    -6011.725       70.004   609.9
14.4000       -5943.998    -6012.080       68.082   593.1
14.6000       -5943.278    -6012.261       68.984   601.0
14.8000       -5946.227    -6011.995       65.768   573.0
15.0000       -5945.817    -6013.880       68.064   593.0
15.2000       -5943.397    -6014.576       71.178   620.1
15.4000       -5940.460    -6009.460       69.000   601.1
15.6000       -5939.977    -6011.160       71.183   620.2
15.8000       -5942.652    -6009.570       66.918   583.0
16.0000       -5946.750    -6013.806       67.056   584.2
16.2000       -5945.131    -6013.595       68.464   596.5
16.4000       -5943.229    -6009.367       66.138   576.2
16.6000       -5945.165    -6011.556       66.391   578.4
16.8000       -5943.475    -6011.489       68.014   592.5
17.0000       -5942.871    -6012.420       69.549   605.9
17.2000       -5942.503    -6009.985       67.482   587.9
17.4000       -5944.012    -6013.665       69.653   606.8
17.6000       -5943.032    -6012.562       69.530   605.8
17.8000       -5941.553    -6010.169       68.617   597.8
18.0000       -5941.861    -6012.825       70.964   618.2
18.2000       -5940.771    -6010.003       69.232   603.2
18.4000       -5939.257    -6012.053       72.796   634.2
18.6000       -5940.539    -6011.582       71.043   618.9
18.8000       -5939.331    -6008.672       69.341   604.1
19.0000       -5936.743    -6011.517       74.774   651.4
19.2000       -5940.616    -6011.895       71.279   621.0
19.4000       -5942.246    -6011.167       68.922   600.5
19.6000       -5944.009    -6011.801       67.792   590.6
19.8000       -5942.564    -6009.649       67.085   584.4
20.0000       -5943.881    -6012.412       68.531   597.0
20.2000       -5943.718    -6014.747       71.029   618.8
20.4000       -5942.979    -6013.010       70.031   610.1
20.6000       -5940.700    -6009.382       68.683   598.4
20.8000       -5943.028    -6010.497       67.468   587.8
21.0000       -5942.501    -6010.486       67.985   592.3
21.2000       -5944.533    -6013.479       68.946   600.7
21.4000       -5945.702    -6013.363       67.661   589.5
21.6000       -5943.575    -6011.729       68.154   593.8
21.8000       -5942.979    -6013.493       70.513   614.3
22.0000       -5943.208    -6011.001       67.793   590.6
22.2000       -5941.844    -6011.033       69.189   602.8
22.4000       -5940.539    -6013.071       72.532   631.9
22.6000       -5940.466    -6011.106       70.640   615.4
22.8000       -5940.596    -6014.297       73.702   642.1
23.0000       -5943.560    -6011.472       67.912   591.7
23.2000       -5944.867    -6012.929       68.062   593.0
23.4000       -5944.340    -6013.896       69.557   606.0
23.6000       -5944.860    -6014.691       69.832   608.4
23.8000       -5943.853    -6012.442       68.589   597.6
24.0000       -5941.362    -6010.673       69.312   603.9
24.2000       -5939.447    -6010.524       71.077   619.2
24.4000       -5941.556    -6011.012       69.456   605.1
24.6000       -5944.025    -6011.411       67.385   587.1
24.8000       -5940.109    -6011.359       71.251   620.7
25.0000       -5941.378    -6013.886       72.508   631.7
25.2000       -5945.396    -6013.896       68.499   596.8
25.4000       -5941.172    -6012.343       71.170   620.0
25.6000       -5939.685    -6012.128       72.444   631.1
25.8000       -5940.452    -6013.338       72.886   635.0
26.0000       -5943.010    -6010.836       67.826   590.9
26.2000       -5945.133    -6013.408       68.275   594.8
26.4000       -5942.123    -6014.042       71.919   626.6
26.6000       -5945.056    -6012.565       67.509   588.1
26.8000       -5942.155    -6010.311       68.156   593.8
27.0000       -5943.432    -6010.121       66.689   581.0
27.2000       -5945.042    -6010.377       65.335   569.2
27.4000       -5944.724    -6013.466       68.741   598.9
27.6000       -5944.677    -6014.427       69.750   607.7
27.8000       -5946.243    -6013.840       67.597   588.9
28.0000       -5940.570    -6010.235       69.665   606.9
28.2000       -5937.953    -6006.059       68.106   593.3
28.4000       -5937.123    -6004.914       67.791   590.6
28.6000       -5941.945    -6012.237       70.293   612.4
28.8000       -5944.801    -6014.252       69.451   605.1
29.0000       -5944.253    -6012.547       68.293   595.0
29.2000       -5946.279    -6014.248       67.969   592.1
29.4000       -5945.941    -6011.412       65.470   570.4
29.6000       -5946.252    -6011.525       65.273   568.7
29.8000       -5943.009    -6009.937       66.928   583.1
30.0000       -5939.119    -6008.596       69.477   605.3
30.2000       -5939.253    -6011.474       72.221   629.2
30.4000       -5941.830    -6009.052       67.221   585.6
30.6000       -5942.777    -6013.734       70.957   618.2
30.8000       -5943.703    -6012.027       68.324   595.2
31.0000       -5941.894    -6009.569       67.676   589.6
31.2000       -5944.293    -6013.623       69.330   604.0
31.4000       -5943.051    -6012.031       68.981   601.0
31.6000       -5940.964    -6011.312       70.347   612.9
31.8000       -5939.796    -6009.247       69.451   605.1
32.0000       -5941.662    -6011.468       69.806   608.2
32.2000       -5944.408    -6012.706       68.298   595.0
32.4000       -5945.889    -6013.914       68.024   592.6
32.6000       -5946.239    -6016.064       69.825   608.3
32.8000       -5945.854    -6014.058       68.204   594.2
33.0000       -5946.873    -6011.282       64.409   561.1
33.2000       -5945.943    -6010.583       64.640   563.2
33.4000       -5943.619    -6012.138       68.519   596.9
33.6000       -5941.500    -6012.128       70.628   615.3
33.8000       -5945.329    -6012.866       67.537   588.4
34.0000       -5944.352    -6010.919       66.567   579.9
34.2000       -5947.186    -6012.273       65.087   567.0
34.4000       -5944.977    -6013.312       68.335   595.3
34.6000       -5943.741    -6011.843       68.102   593.3
34.8000       -5940.841    -6009.932       69.090   601.9
35.0000       -5941.436    -6010.518       69.082   601.8
35.2000       -5943.509    -6011.528       68.020   592.6
35.4000       -5946.696    -6013.813       67.117   584.7
35.6000       -5941.883    -6011.172       69.289   603.7
35.8000       -5943.554    -6016.130       72.576   632.3
36.0000       -5945.249    -6013.180       67.930   591.8
36.2000       -5948.713    -6012.736       64.023   557.8
36.4000       -5946.299    -6012.316       66.016   575.1
36.6000       -5942.178    -6008.442       66.264   577.3
36.8000       -5941.581    -6011.473       69.892   608.9
37.0000       -5939.799    -6010.693       70.895   617.6
37.2000       -5938.771    -6009.788       71.017   618.7
37.4000       -5938.148    -6010.040       71.892   626.3
37.6000       -5941.824    -6012.403       70.579   614.9
37.8000       -5938.519    -6012.083       73.564   640.9
38.0000       -5940.754    -6010.002       69.248   603.3
38.2000       -5939.683    -6010.337       70.654   615.5
38.4000       -5939.958    -6011.248       71.290   621.1
38.6000       -5940.679    -6010.565       69.886   608.9
38.8000       -5940.202    -6011.614       71.412   622.2
39.0000       -5939.703    -6009.561       69.857   608.6
39.2000       -5948.595    -6012.404       63.809   555.9
39.4000       -5948.139    -6014.125       65.985   574.9
39.6000       -5950.426    -6017.207       66.781   581.8
39.8000       -5950.021    -6015.131       65.110   567.2
40.0000       -5948.633    -6013.704       65.071   566.9
40.2000       -5947.802    -6014.972       67.170   585.2
40.4000       -5949.474    -6015.848       66.373   578.3
40.6000       -5946.073    -6012.238       66.165   576.4
40.8000       -5943.680    -6008.726       65.046   566.7
41.0000       -5944.832    -6013.967       69.136   602.3
41.2000       -5943.402    -6010.239       66.837   582.3
41.4000       -5940.641    -6010.413       69.772   607.9
41.6000       -5945.079    -6012.746       67.667   589.5
41.8000       -5944.103    -6013.679       69.576   606.2
42.0000       -5941.502    -6014.114       72.612   632.6
42.2000       -5942.631    -6010.341       67.711   589.9
42.4000       -5943.840    -6008.441       64.602   562.8
42.6000       -5944.642    -6011.361       66.719   581.3
42.8000       -5940.719    -6010.391       69.672   607.0
43.0000       -5943.208    -6009.408       66.200   576.7
43.2000       -5943.800    -6010.946       67.146   585.0
43.4000       -5939.043    -6009.930       70.886   617.6
43.6000       -5940.583    -6008.763       68.180   594.0
43.8000       -5940.292    -6009.169       68.877   600.1
44.0000       -5938.342    -6008.582       70.240   611.9
44.2000       -5943.169    -6010.597       67.428   587.4
44.4000       -5940.964    -6009.625       68.661   598.2
44.6000       -5940.476    -6010.442       69.966   609.6
44.8000       -5940.061    -6010.191       70.130   611.0
45.0000       -5942.075    -6012.967       70.891   617.6
45.2000       -5942.796    -6011.821       69.025   601.4
45.4000       -5940.769    -6008.893       68.124   593.5
45.6000       -5944.915    -6015.169       70.254   612.1
45.8000       -5947.714    -6014.183       66.469   579.1
46.0000       -5946.287    -6014.524       68.236   594.5
46.2000       -5943.188    -6014.055       70.867   617.4
46.4000       -5943.359    -6011.891       68.532   597.1
46.6000       -5942.338    -6009.829       67.491   588.0
46.8000       -5942.814    -6015.000       72.186   628.9
47.0000       -5940.195    -6008.956       68.761   599.1
47.2000       -5939.791    -6009.543       69.753   607.7
47.4000       -5940.262    -6010.604       70.342   612.8
47.6000       -5940.525    -6012.171       71.646   624.2
47.8000       -5940.877    -6009.070       68.193   594.1
48.0000       -5945.812    -6011.860       66.048   575.4
48.2000       -5948.451    -6013.659       65.208   568.1
48.4000       -5949.140    -6014.449       65.309   569.0
48.6000       -5947.113    -6012.556       65.442   570.1
48.8000       -5945.323    -6017.142       71.819   625.7
49.0000       -5946.840    -6014.000       67.160   585.1
49.2000       -5945.630    -6011.181       65.551   571.1
49.4000       -5943.224    -6010.722       67.497   588.0
49.6000       -5942.839    -6011.186       68.347   595.4
49.8000       -5944.807    -6012.251       67.444   587.6
50.0000       -5944.443    -6015.434       70.991   618.5
50.2000       -5944.097    -6012.851       68.753   599.0
50.4000       -5942.488    -6009.999       67.511   588.2
50.6000       -5941.405    -6010.903       69.498   605.5
50.8000       -5940.735    -6009.368       68.633   597.9
51.0000       -5941.974    -6010.247       68.273   594.8
51.2000       -5941.574    -6013.414       71.841   625.9
51.4000       -5944.313    -6013.078       68.765   599.1
51.6000       -5941.375    -6011.268       69.893   608.9
51.8000       -5944.414    -6011.707       67.292   586.3
52.0000       -5944.690    -6009.280       64.589   562.7
52.2000       -5947.508    -6013.657       66.148   576.3
52.4000       -5947.400    -6013.305       65.904   574.2
52.6000       -5946.725    -6013.268       66.543   579.7
52.8000       -5943.483    -6012.846       69.363   604.3
53.0000       -5939.854    -6013.915       74.061   645.2
53.2000       -5942.974    -6009.359       66.384   578.3
53.4000       -5940.548    -6010.593       70.045   610.2
53.6000       -5940.948    -6009.722       68.774   599.2
53.8000       -5942.968    -6014.288       71.320   621.3
54.0000       -5942.507    -6012.246       69.740   607.6
54.2000       -5942.120    -6011.321       69.201   602.9
54.4000       -5943.715    -6012.502       68.787   599.3
54.6000       -5943.067    -6012.644       69.577   606.2
54.8000       -5943.798    -6014.142       70.344   612.8
55.0000       -5945.127    -6013.261       68.134   593.6
55.2000       -5944.457    -6014.689       70.233   611.9
55.4000       -5943.854    -6011.973       68.118   593.5
55.6000       -5945.278    -6011.397       66.119   576.0
55.8000       -5941.903    -6011.733       69.830   608.4
56.0000       -5938.216    -6007.229       69.012   601.2
56.2000       -5940.292    -6010.365       70.073   610.5
56.4000       -5943.618    -6013.653       70.035   610.2
56.6000       -5945.683    -6013.427       67.744   590.2
56.8000       -5945.598    -6012.619       67.021   583.9
57.0000       -5941.337    -6012.768       71.430   622.3
57.2000       -5941.917    -6013.279       71.362   621.7
57.4000       -5941.556    -6011.879       70.323   612.7
57.6000       -5944.262    -6012.372       68.110   593.4
57.8000       -5943.985    -6012.688       68.704   598.6
58.0000       -5942.644    -6011.133       68.489   596.7
58.2000       -5939.759    -6008.567       68.808   599.5
58.4000       -5941.655    -6010.078       68.423   596.1
58.6000       -5942.248    -6011.630       69.382   604.5
58.8000       -5938.673    -6009.782       71.109   619.5
59.0000       -5941.897    -6011.344       69.446   605.0
59.2000       -5941.990    -6011.033       69.043   601.5
59.4000       -5942.724    -6010.236       67.512   588.2
59.6000       -5944.757    -6013.603       68.846   599.8
59.8000       -5946.189    -6013.498       67.308   586.4
60.0000       -5949.165    -6013.957       64.792   564.5
60.2000       -5946.517    -6010.829       64.312   560.3
60.4000       -5944.293    -6011.508       67.215   585.6
60.6000       -5943.041    -6008.631       65.590   571.4
60.8000       -5943.680    -6008.233       64.553   562.4
61.0000       -5945.798    -6013.678       67.881   591.4
61.2000       -5946.875    -6015.419       68.544   597.2
61.4000       -5946.791    -6012.729       65.938   574.5
61.6000       -5948.401    -6014.821       66.421   578.7
61.8000       -5942.198    -6011.532       69.334   604.0
62.0000       -5942.805    -6012.711       69.906   609.0
62.2000       -5940.688    -6010.338       69.650   606.8
62.4000       -5942.039    -6012.270       70.230   611.9
62.6000       -5945.615    -6013.984       68.369   595.6
62.8000       -5942.916    -6012.259       69.343   604.1
63.0000       -5945.023    -6012.946       67.922   591.7
63.2000       -5940.741    -6010.842       70.101   610.7
63.4000       -5942.014    -6011.372       69.358   604.3
63.6000       -5941.437    -6011.322       69.885   608.8
63.8000       -5941.825    -6010.855       69.030   601.4
64.0000       -5941.290    -6010.557       69.267   603.5
64.2000       -5943.770    -6013.494       69.724   607.4
64.4000       -5945.179    -6012.841       67.662   589.5
64.6000       -5940.456    -6012.450       71.995   627.2
64.8000       -5940.305    -6013.280       72.975   635.8
65.0000       -5945.109    -6015.373       70.264   612.1
65.2000       -5948.186    -6013.873       65.687   572.3
65.4000       -5946.422    -6011.764       65.343   569.3
65.6000       -5940.925    -6009.742       68.817   599.5
65.8000       -5946.630    -6014.250       67.620   589.1
66.0000       -5946.238    -6017.353       71.115   619.6
66.2000       -5944.905    -6013.580       68.674   598.3
66.4000       -5944.592    -6011.766       67.174   585.2
66.6000       -5945.106    -6012.928       67.821   590.9
66.8000       -5943.458    -6013.128       69.670   607.0
67.0000       -5945.471    -6013.152       67.681   589.6
67.2000       -5943.187    -6012.776       69.589   606.3
67.4000       -5943.859    -6013.704       69.845   608.5
67.6000       -5946.999    -6013.098       66.098   575.9
67.8000       -5948.136    -6012.882       64.746   564.1
68.0000       -5945.410    -6015.096       69.686   607.1
68.2000       -5943.476    -6010.643       67.167   585.2
68.4000       -5944.441    -6010.824       66.383   578.3
68.6000       -5942.952    -6011.637       68.684   598.4
68.8000       -5941.749    -6013.118       71.369   621.8
69.0000       -5942.816    -6011.938       69.122   602.2
69.2000       -5949.097    -6015.233       66.137   576.2
69.4000       -5945.250    -6013.566       68.316   595.2
69.6000       -5942.633    -6011.453       68.820   599.6
69.8000       -5941.362    -6012.622       71.259   620.8
70.0000       -5941.622    -6012.710       71.089   619.3
70.2000       -5941.382    -6012.826       71.443   622.4
70.4000       -5939.767    -6009.332       69.565   606.1
70.6000       -5938.120    -6009.855       71.736   625.0
70.8000       -5940.785    -6010.353       69.568   606.1
71.0000       -5943.193    -6009.815       66.622   580.4
71.2000       -5947.720    -6015.628       67.908   591.6
71.4000       -5944.721    -6014.187       69.466   605.2
71.6000       -5944.883    -6014.970       70.086   610.6
71.8000       -5943.718    -6010.514       66.796   581.9
72.0000       -5945.060    -6014.586       69.527   605.7
72.2000       -5945.353    -6011.963       66.611   580.3
72.4000       -5944.848    -6014.039       69.190   602.8
72.6000       -5945.905    -6014.081       68.176   594.0
72.8000       -5943.147    -6011.375       68.228   594.4
73.0000       -5946.820    -6016.308       69.488   605.4
73.2000       -5947.069    -6014.654       67.584   588.8
73.4000       -5945.552    -6011.615       66.063   575.5
73.6000       -5945.806    -6014.890       69.083   601.9
73.8000       -5942.724    -6012.977       70.253   612.0
74.0000       -5943.659    -6012.538       68.878   600.1
74.2000       -5938.346    -6010.241       71.895   626.4
74.4000       -5940.415    -6010.605       70.191   611.5
74.6000       -5941.783    -6009.583       67.800   590.7
74.8000       -5943.970    -6013.062       69.091   601.9
75.0000       -5944.918    -6013.340       68.422   596.1
75.2000       -5945.940    -6014.269       68.329   595.3
75.4000       -5946.971    -6013.328       66.357   578.1
75.6000       -5948.156    -6015.027       66.871   582.6
75.8000       -5945.523    -6015.026       69.504   605.5
76.0000       -5944.800    -6015.218       70.418   613.5
76.2000       -5939.216    -6009.282       70.065   610.4
76.4000       -5940.663    -6012.631       71.968   627.0
76.6000       -5937.916    -6008.897       70.981   618.4
76.8000       -5939.997    -6008.749       68.752   599.0
77.0000       -5941.581    -6012.590       71.009   618.6
77.2000       -5942.512    -6009.288       66.776   581.8
77.4000       -5941.660    -6012.187       70.527   614.4
77.6000       -5941.866    -6009.340       67.474   587.8
77.8000       -5941.640    -6011.897       70.257   612.1
78.0000       -5939.289    -6010.706       71.416   622.2
78.2000       -5941.866    -6011.665       69.799   608.1
78.4000       -5939.771    -6008.870       69.098   602.0
78.6000       -5941.787    -6013.153       71.366   621.7
78.8000       -5945.560    -6014.950       69.390   604.5
79.0000       -5946.802    -6014.192       67.390   587.1
79.2000       -5946.020    -6015.123       69.103   602.0
79.4000       -5945.176    -6012.690       67.514   588.2
79.6000       -5941.587    -6013.435       71.848   625.9
79.8000       -5941.256    -6010.831       69.575   606.1
80.0000       -5945.451    -6013.297       67.846   591.1
80.2000       -5943.258    -6013.729       70.470   613.9
80.4000       -5947.519    -6013.357       65.838   573.6
80.6000       -5948.184    -6014.214       66.030   575.3
80.8000       -5945.715    -6013.478       67.763   590.4
81.0000       -5943.565    -6013.331       69.766   607.8
81.2000       -5943.093    -6010.365       67.271   586.1
81.4000       -5939.771    -6008.328       68.557   597.3
81.6000       -5946.425    -6016.058       69.633   606.6
81.8000       -5948.250    -6012.837       64.587   562.7
82.0000       -5948.143    -6013.886       65.743   572.8
82.2000       -5947.617    -6013.971       66.353   578.1
82.4000       -5942.424    -6011.235       68.811   599.5
82.6000       -5941.855    -6011.065       69.211   603.0
82.8000       -5946.526    -6015.001       68.475   596.6
83.0000       -5946.654    -6015.093       68.439   596.2
83.2000       -5942.828    -6010.627       67.800   590.7
83.4000       -5943.685    -6013.323       69.638   606.7
83.6000       -5942.966    -6011.047       68.081   593.1
83.8000       -5944.327    -6011.315       66.987   583.6
84.0000       -5943.143    -6013.472       70.329   612.7
84.2000       -5944.864    -6015.270       70.406   613.4
84.4000       -5942.783    -6012.646       69.863   608.7
84.6000       -5939.306    -6010.664       71.358   621.7
84.8000       -5944.393    -6014.553       70.160   611.2
85.0000       -5946.053    -6015.060       69.007   601.2
85.2000       -5948.103    -6016.670       68.567   597.4
85.4000       -5947.103    -6014.094       66.991   583.6
85.6000       -5949.011    -6013.696       64.684   563.5
85.8000       -5945.497    -6014.643       69.146   602.4
86.0000       -5947.396    -6014.201       66.805   582.0
86.2000       -5942.765    -6011.086       68.321   595.2
86.4000       -5942.531    -6009.599       67.068   584.3
86.6000       -5943.577    -6012.046       68.469   596.5
86.8000       -5943.201    -6012.419       69.218   603.0
87.0000       -5943.009    -6011.485       68.476   596.6
87.2000       -5942.909    -6014.014       71.106   619.5
87.4000       -5943.855    -6013.648       69.793   608.0
87.6000       -5944.193    -6012.753       68.561   597.3
87.8000       -5946.629    -6013.658       67.028   584.0
88.0000       -5944.387    -6012.053       67.666   589.5
88.2000       -5943.502    -6011.289       67.787   590.6
88.4000       -5939.914    -6011.185       71.271   620.9
88.6000       -5939.291    -6011.362       72.071   627.9
88.8000       -5938.494    -6008.558       70.064   610.4
89.0000       -5941.141    -6010.999       69.858   608.6
89.2000       -5942.933    -6011.533       68.600   597.6
89.4000       -5942.456    -6012.083       69.627   606.6
89.6000       -5945.273    -6011.895       66.622   580.4
89.8000       -5944.081    -6014.648       70.567   614.8
90.0000       -5942.503    -6011.623       69.120   602.2
90.2000       -5939.954    -6009.854       69.899   609.0
90.4000       -5942.544    -6011.944       69.400   604.6
90.6000       -5939.726    -6012.364       72.638   632.8
90.8000       -5943.009    -6010.146       67.136   584.9
91.0000       -5942.943    -6010.109       67.166   585.2
91.2000       -5943.160    -6013.881       70.722   616.1
91.4000       -5941.566    -6012.386       70.820   617.0
91.6000       -5944.254    -6009.098       64.844   564.9
91.8000       -5942.133    -6010.630       68.497   596.8
92.0000       -5943.645    -6010.823       67.178   585.3
92.2000       -5941.974    -6010.961       68.987   601.0
92.4000       -5944.137    -6010.713       66.576   580.0
92.6000       -5943.098    -6014.533       71.435   622.4
92.8000       -5942.953    -6011.152       68.199   594.2
93.0000       -5946.234    -6014.630       68.397   595.9
93.2000       -5944.258    -6015.237       70.980   618.4
93.4000       -5947.282    -6014.091       66.810   582.1
93.6000       -5948.224    -6017.981       69.758   607.7
93.8000       -5944.759    -6009.920       65.162   567.7
94.0000       -5947.595    -6015.327       67.731   590.1
94.2000       -5947.426    -6015.013       67.587   588.8
94.4000       -5944.402    -6014.822       70.421   613.5
94.6000       -5941.126    -6011.290       70.164   611.3
94.8000       -5939.761    -6012.504       72.743   633.7
95.0000       -5942.907    -6011.595       68.688   598.4
95.2000       -5943.849    -6010.544       66.695   581.1
95.4000       -5942.995    -6009.831       66.836   582.3
95.6000       -5944.109    -6015.355       71.246   620.7
95.8000       -5940.849    -6011.330       70.480   614.0
96.0000       -5940.758    -6010.356       69.599   606.3
96.2000       -5943.097    -6010.897       67.801   590.7
96.4000       -5944.383    -6013.243       68.860   599.9
96.6000       -5945.106    -6011.506       66.400   578.5
96.8000       -5943.486    -6014.765       71.279   621.0
97.0000       -5946.268    -6014.507       68.239   594.5
97.2000       -5950.645    -6016.030       65.384   569.6
97.4000       -5945.925    -6016.221       70.296   612.4
97.6000       -5944.182    -6013.206       69.024   601.3
97.8000       -5945.850    -6010.233       64.384   560.9
98.0000       -5946.342    -6013.612       67.271   586.1
98.2000       -5944.992    -6013.215       68.223   594.4
98.4000       -5945.158    -6013.748       68.590   597.6
98.6000       -5942.160    -6013.396       71.237   620.6
98.8000       -5941.176    -6011.903       70.728   616.2
99.0000       -5941.986    -6010.047       68.061   593.0
99.2000       -5947.727    -6016.479       68.751   599.0
99.4000       -5942.785    -6009.429       66.643   580.6
99.6000       -5942.091    -6013.098       71.007   618.6
99.8000       -5942.155    -6013.151       70.996   618.5
100.0000      -5945.030    -6016.244       71.214   620.4
100.2000      -5944.670    -6013.267       68.597   597.6
100.4000      -5944.450    -6012.892       68.442   596.3
100.6000      -5945.953    -6012.283       66.330   577.9
100.8000      -5940.480    -6012.389       71.909   626.5
101.0000      -5941.867    -6012.971       71.104   619.5
101.2000      -5941.260    -6013.294       72.034   627.6
101.4000      -5944.561    -6012.861       68.300   595.0
101.6000      -5943.347    -6013.337       69.990   609.8
101.8000      -5941.618    -6014.257       72.639   632.8
102.0000      -5940.256    -6012.307       72.051   627.7
102.2000      -5942.467    -6010.103       67.636   589.3
102.4000      -5940.921    -6008.499       67.578   588.7
102.6000      -5939.739    -6008.532       68.793   599.3
102.8000      -5943.046    -6011.818       68.772   599.2
103.0000      -5945.210    -6012.237       67.027   583.9
103.2000      -5943.958    -6013.483       69.525   605.7
103.4000      -5941.661    -6009.923       68.262   594.7
103.6000      -5941.870    -6013.745       71.875   626.2
103.8000      -5942.681    -6010.538       67.856   591.2
104.0000      -5941.864    -6011.942       70.078   610.5
104.2000      -5943.784    -6013.993       70.208   611.7
104.4000      -5944.086    -6011.785       67.699   589.8
104.6000      -5938.846    -6011.360       72.514   631.8
104.8000      -5942.643    -6007.975       65.332   569.2
105.0000      -5943.663    -6012.496       68.833   599.7
105.2000      -5946.655    -6013.344       66.689   581.0
105.4000      -5944.349    -6012.374       68.024   592.6
105.6000      -5946.353    -6012.850       66.497   579.3
105.8000      -5946.009    -6013.673       67.664   589.5
106.0000      -5945.296    -6013.629       68.332   595.3
106.2000      -5946.408    -6012.828       66.420   578.7
106.4000      -5946.654    -6015.542       68.888   600.2
106.6000      -5946.553    -6014.474       67.921   591.7
106.8000      -5946.004    -6013.621       67.618   589.1
107.0000      -5944.155    -6013.295       69.139   602.4
107.2000      -5943.243    -6012.507       69.264   603.4
107.4000      -5944.973    -6011.942       66.969   583.4
107.6000      -5946.522    -6015.054       68.531   597.1
107.8000      -5950.029    -6017.039       67.010   583.8
108.0000      -5947.264    -6014.774       67.510   588.2
108.2000      -5947.274    -6016.730       69.456   605.1
108.4000      -5947.568    -6015.154       67.585   588.8
108.6000      -5947.654    -6014.578       66.924   583.1
108.8000      -5946.194    -6013.437       67.243   585.8
109.0000      -5948.815    -6012.793       63.979   557.4
109.2000      -5946.083    -6013.802       67.719   590.0
109.4000      -5944.984    -6014.012       69.028   601.4
109.6000      -5944.774    -6013.289       68.514   596.9
109.8000      -5948.912    -6015.589       66.677   580.9
110.0000      -5949.049    -6017.767       68.718   598.7
110.2000      -5947.538    -6015.224       67.686   589.7
110.4000      -5947.440    -6014.864       67.424   587.4
110.6000      -5948.392    -6015.247       66.854   582.4
110.8000      -5945.774    -6012.504       66.730   581.4
111.0000      -5945.198    -6013.118       67.920   591.7
111.2000      -5947.450    -6014.588       67.138   584.9
111.4000      -5947.289    -6014.735       67.445   587.6
111.6000      -5946.734    -6015.854       69.120   602.2
111.8000      -5947.285    -6013.708       66.423   578.7
112.0000      -5944.015    -6012.237       68.222   594.4
112.2000      -5946.191    -6012.680       66.489   579.3
112.4000      -5940.939    -6012.767       71.828   625.8
112.6000      -5944.314    -6011.739       67.426   587.4
112.8000      -5945.780    -6012.932       67.152   585.0
113.0000      -5945.017    -6015.784       70.767   616.5
113.2000      -5947.635    -6014.375       66.740   581.4
113.4000      -5949.365    -6016.543       67.178   585.3
113.6000      -5949.932    -6018.866       68.934   600.6
113.8000      -5950.566    -6014.530       63.964   557.3
114.0000      -5948.187    -6014.529       66.342   578.0
114.2000      -5942.669    -6010.123       67.454   587.7
114.4000      -5943.941    -6012.491       68.550   597.2
114.6000      -5942.337    -6012.195       69.858   608.6
114.8000      -5943.596    -6011.347       67.751   590.3
115.0000      -5944.649    -6011.122       66.473   579.1
115.2000      -5944.221    -6011.088       66.868   582.6
115.4000      -5942.767    -6014.733       71.967   627.0
115.6000      -5940.060    -6010.253       70.193   611.5
115.8000      -5944.863    -6010.090       65.227   568.3
116.0000      -5946.768    -6013.972       67.204   585.5
116.2000      -5944.438    -6014.305       69.867   608.7
116.4000      -5945.179    -6014.039       68.860   599.9
116.6000      -5945.510    -6011.025       65.515   570.8
116.8000      -5946.235    -6012.909       66.674   580.9
117.0000      -5944.909    -6014.566       69.657   606.9
117.2000      -5943.935    -6010.921       66.986   583.6
117.4000      -5944.558    -6012.223       67.665   589.5
117.6000      -5943.382    -6011.016       67.634   589.2
117.8000      -5943.196    -6011.131       67.935   591.9
118.0000      -5943.456    -6011.509       68.053   592.9
118.2000      -5941.617    -6012.251       70.634   615.4
118.4000      -5939.563    -6006.918       67.356   586.8
118.6000      -5940.485    -6009.656       69.171   602.6
118.8000      -5937.674    -6008.694       71.020   618.7
119.0000      -5938.346    -6010.963       72.617   632.6
119.2000      -5940.273    -6011.181       70.908   617.8
119.4000      -5940.950    -6010.496       69.545   605.9
119.6000      -5941.782    -6011.921       70.139   611.1
119.8000      -5939.181    -6010.020       70.838   617.2
120.0000      -5939.676    -6010.527       70.851   617.3
120.2000      -5940.471    -6011.121       70.650   615.5
120.4000      -5943.131    -6011.199       68.067   593.0
120.6000      -5944.528    -6013.969       69.441   605.0
120.8000      -5945.970    -6010.788       64.818   564.7
121.0000      -5944.295    -6010.031       65.736   572.7
121.2000      -5942.983    -6010.888       67.905   591.6
121.4000      -5935.921    -6008.865       72.943   635.5
121.6000      -5939.230    -6009.712       70.482   614.0
121.8000      -5938.982    -6008.000       69.019   601.3
122.0000      -5937.799    -6007.220       69.421   604.8
122.2000      -5941.373    -6009.101       67.728   590.1
122.4000      -5945.435    -6012.312       66.877   582.6
122.6000      -5943.010    -6012.624       69.614   606.5
122.8000      -5944.795    -6012.468       67.673   589.6
123.0000      -5943.096    -6011.951       68.854   599.9
123.2000      -5944.433    -6014.326       69.893   608.9
123.4000      -5942.239    -6008.390       66.151   576.3
123.6000      -5941.400    -6013.057       71.657   624.3
123.8000      -5942.609    -6011.912       69.303   603.8
124.0000      -5943.980    -6011.656       67.675   589.6
124.2000      -5947.388    -6014.879       67.491   588.0
124.4000      -5945.762    -6013.789       68.027   592.7
124.6000      -5945.174    -6012.748       67.575   588.7
124.8000      -5942.731    -6013.590       70.858   617.3
125.0000      -5944.859    -6013.405       68.546   597.2
125.2000      -5944.673    -6013.299       68.626   597.9
125.4000      -5946.234    -6013.091       66.857   582.5
125.6000      -5944.623    -6013.944       69.322   603.9
125.8000      -5944.606    -6012.358       67.752   590.3
126.0000      -5946.233    -6014.360       68.127   593.5
126.2000      -5948.349    -6012.886       64.537   562.3
126.4000      -5948.673    -6014.826       66.152   576.3
126.6000      -5946.058    -6012.848       66.789   581.9
126.8000      -5944.693    -6013.048       68.354   595.5
127.0000      -5945.150    -6015.358       70.208   611.7
127.2000      -5940.118    -6010.923       70.806   616.9
127.4000      -5940.433    -6011.907       71.474   622.7
127.6000      -5944.399    -6012.224       67.826   590.9
127.8000      -5946.311    -6015.976       69.665   606.9
128.0000      -5943.295    -6012.066       68.771   599.1
128.2000      -5942.525    -6012.779       70.254   612.1
128.4000      -5942.414    -6012.634       70.220   611.8
128.6000      -5944.105    -6012.698       68.593   597.6
128.8000      -5943.352    -6010.059       66.707   581.2
129.0000      -5944.002    -6014.396       70.394   613.3
129.2000      -5943.355    -6009.778       66.423   578.7
129.4000      -5941.087    -6009.017       67.930   591.8
129.6000      -5943.568    -6012.856       69.288   603.6
129.8000      -5944.293    -6008.784       64.491   561.9
130.0000      -5950.384    -6015.099       64.714   563.8
130.2000      -5948.667    -6013.348       64.681   563.5
130.4000      -5944.530    -6010.470       65.940   574.5
130.6000      -5950.948    -6013.540       62.592   545.3
130.8000      -5947.754    -6013.822       66.068   575.6
131.0000      -5948.764    -6015.353       66.589   580.1
131.2000      -5947.226    -6013.293       66.067   575.6
131.4000      -5945.055    -6013.152       68.097   593.3
131.6000      -5945.059    -6012.443       67.384   587.1
131.8000      -5944.985    -6012.610       67.624   589.2
132.0000      -5942.906    -6011.370       68.463   596.5
132.2000      -5941.129    -6008.304       67.175   585.2
132.4000      -5941.397    -6010.979       69.581   606.2
132.6000      -5942.090    -6010.403       68.313   595.2
132.8000      -5938.270    -6008.754       70.484   614.1
133.0000      -5941.368    -6010.258       68.890   600.2
133.2000      -5940.030    -6011.572       71.542   623.3
133.4000      -5940.900    -6010.431       69.531   605.8
133.6000      -5941.848    -6012.005       70.157   611.2
133.8000      -5944.817    -6014.355       69.538   605.8
134.0000      -5942.979    -6010.729       67.750   590.2
134.2000      -5942.904    -6014.741       71.838   625.9
134.4000      -5942.976    -6009.276       66.301   577.6
134.6000      -5943.847    -6010.198       66.350   578.1
134.8000      -5946.418    -6014.784       68.366   595.6
135.0000      -5944.615    -6013.011       68.396   595.9
135.2000      -5940.768    -6009.734       68.966   600.8
135.4000      -5942.065    -6011.679       69.614   606.5
135.6000      -5943.206    -6013.856       70.650   615.5
135.8000      -5943.397    -6010.629       67.232   585.7
136.0000      -5946.219    -6013.978       67.758   590.3
136.2000      -5943.846    -6012.030       68.184   594.0
136.4000      -5941.257    -6009.894       68.637   598.0
136.6000      -5944.982    -6011.307       66.324   577.8
136.8000      -5946.826    -6011.846       65.020   566.5
137.0000      -5941.401    -6011.179       69.777   607.9
137.2000      -5942.104    -6010.104       68.001   592.4
137.4000      -5942.118    -6010.620       68.503   596.8
137.6000      -5941.375    -6008.914       67.539   588.4
137.8000      -5945.219    -6012.813       67.594   588.9
138.0000      -5944.949    -6014.028       69.080   601.8
138.2000      -5945.597    -6012.032       66.435   578.8
138.4000      -5943.792    -6014.331       70.539   614.5
138.6000      -5943.084    -6011.304       68.220   594.3
138.8000      -5941.174    -6012.413       71.239   620.6
139.0000      -5942.988    -6013.827       70.839   617.2
139.2000      -5944.832    -6013.912       69.079   601.8
139.4000      -5943.077    -6011.301       68.224   594.4
139.6000      -5946.676    -6013.589       66.913   583.0
139.8000      -5947.691    -6014.495       66.803   582.0
140.0000      -5946.697    -6016.509       69.813   608.2
140.2000      -5943.730    -6013.792       70.062   610.4
140.4000      -5945.533    -6014.512       68.980   601.0
140.6000      -5942.002    -6011.212       69.209   603.0
140.8000      -5945.761    -6014.252       68.491   596.7
141.0000      -5949.400    -6014.238       64.837   564.9
141.2000      -5950.632    -6015.744       65.112   567.3
141.4000      -5944.969    -6014.744       69.775   607.9
141.6000      -5948.282    -6016.397       68.116   593.4
141.8000      -5946.690    -6015.940       69.250   603.3
142.0000      -5947.150    -6013.160       66.010   575.1
142.2000      -5946.870    -6012.875       66.005   575.0
142.4000      -5946.374    -6011.808       65.434   570.1
142.6000      -5946.966    -6014.119       67.154   585.0
142.8000      -5947.124    -6014.535       67.411   587.3
143.0000      -5946.677    -6010.723       64.046   558.0
143.2000      -5944.610    -6011.490       66.880   582.7
143.4000      -5942.807    -6009.480       66.674   580.9
143.6000      -5943.384    -6011.292       67.908   591.6
143.8000      -5942.079    -6013.145       71.066   619.1
144.0000      -5947.175    -6013.749       66.574   580.0
144.2000      -5949.774    -6014.015       64.241   559.7
144.4000      -5947.349    -6014.615       67.266   586.0
144.6000      -5945.899    -6012.358       66.460   579.0
144.8000      -5943.944    -6015.309       71.365   621.7
145.0000      -5943.908    -6011.442       67.534   588.4
145.2000      -5941.503    -6012.009       70.506   614.3
145.4000      -5944.868    -6014.042       69.174   602.7
145.6000      -5945.789    -6014.683       68.894   600.2
145.8000      -5946.092    -6009.740       63.648   554.5
146.0000      -5945.324    -6014.428       69.105   602.0
146.2000      -5941.028    -6011.295       70.267   612.2
146.4000      -5941.029    -6008.584       67.555   588.5
146.6000      -5938.266    -6011.045       72.779   634.1
146.8000      -5942.175    -6010.038       67.863   591.2
147.0000      -5938.532    -6010.615       72.084   628.0
147.2000      -5940.382    -6011.100       70.718   616.1
147.4000      -5939.873    -6009.853       69.980   609.7
147.6000      -5942.418    -6009.755       67.337   586.6
147.8000      -5942.299    -6012.735       70.437   613.7
148.0000      -5945.881    -6013.353       67.472   587.8
148.2000      -5942.958    -6014.957       71.999   627.3
148.4000      -5942.833    -6012.198       69.364   604.3
148.6000      -5942.223    -6012.218       69.994   609.8
148.8000      -5941.893    -6008.801       66.909   582.9
149.0000      -5941.274    -6010.553       69.279   603.6
149.2000      -5937.576    -6008.333       70.757   616.4
149.4000      -5939.865    -6010.569       70.704   616.0
149.6000      -5943.181    -6011.876       68.695   598.5
149.8000      -5943.351    -6012.754       69.403   604.6
150.0000      -5942.682    -6012.709       70.027   610.1
150.2000      -5944.119    -6011.892       67.773   590.4
150.4000      -5945.632    -6014.873       69.241   603.2
150.6000      -5940.130    -6009.706       69.575   606.1
150.8000      -5941.473    -6009.894       68.421   596.1
151.0000      -5941.522    -6011.448       69.926   609.2
151.2000      -5943.060    -6011.892       68.832   599.7
151.4000      -5942.528    -6010.701       68.173   593.9
151.6000      -5942.629    -6012.408       69.779   607.9
151.8000      -5940.159    -6011.974       71.815   625.7
152.0000      -5943.369    -6011.562       68.194   594.1
152.2000      -5945.951    -6012.941       66.990   583.6
152.4000      -5944.664    -6012.812       68.147   593.7
152.6000      -5944.523    -6013.877       69.354   604.2
152.8000      -5948.063    -6016.664       68.601   597.7
153.0000      -5949.001    -6012.774       63.773   555.6
153.2000      -5947.682    -6016.520       68.839   599.7
153.4000      -5947.751    -6013.770       66.019   575.2
153.6000      -5944.356    -6013.738       69.382   604.5
153.8000      -5943.946    -6013.871       69.925   609.2
154.0000      -5941.699    -6009.882       68.183   594.0
154.2000      -5943.101    -6011.627       68.526   597.0
154.4000      -5942.370    -6013.191       70.821   617.0
154.6000      -5943.736    -6012.319       68.584   597.5
154.8000      -5946.280    -6014.740       68.460   596.4
155.0000      -5947.177    -6013.692       66.515   579.5
155.2000      -5946.354    -6013.110       66.756   581.6
155.4000      -5944.238    -6012.287       68.049   592.8
155.6000      -5944.174    -6012.521       68.347   595.4
155.8000      -5942.787    -6011.948       69.161   602.5
156.0000      -5941.873    -6014.081       72.208   629.1
156.2000      -5941.963    -6011.728       69.765   607.8
156.4000      -5941.742    -6010.367       68.625   597.9
156.6000      -5940.568    -6011.619       71.051   619.0
156.8000      -5941.634    -6013.137       71.503   622.9
157.0000      -5937.849    -6010.884       73.035   636.3
157.2000      -5940.828    -6011.774       70.947   618.1
157.4000      -5941.420    -6012.050       70.630   615.3
157.6000      -5941.555    -6011.145       69.590   606.3
157.8000      -5943.915    -6012.523       68.609   597.7
158.0000      -5941.852    -6012.419       70.567   614.8
158.2000      -5947.359    -6013.443       66.085   575.7
158.4000      -5947.528    -6015.598       68.070   593.0
158.6000      -5946.301    -6013.708       67.407   587.3
158.8000      -5946.866    -6014.915       68.049   592.9
159.0000      -5946.669    -6013.959       67.290   586.2
159.2000      -5942.490    -6011.236       68.746   598.9
159.4000      -5943.029    -6009.177       66.148   576.3
159.6000      -5942.689    -6012.184       69.495   605.4
159.8000      -5940.979    -6012.423       71.444   622.4
160.0000      -5942.972    -6012.930       69.958   609.5
160.2000      -5941.977    -6011.896       69.919   609.1
160.4000      -5938.971    -6010.532       71.561   623.4
160.6000      -5937.662    -6010.097       72.435   631.1
160.8000      -5944.203    -6013.814       69.612   606.5
161.0000      -5943.052    -6010.368       67.316   586.5
161.2000      -5942.595    -6011.860       69.266   603.4
161.4000      -5943.407    -6012.504       69.098   602.0
161.6000      -5943.316    -6013.634       70.318   612.6
161.8000      -5940.213    -6009.923       69.710   607.3
162.0000      -5944.991    -6012.934       67.943   591.9
162.2000      -5946.431    -6012.241       65.810   573.3
162.4000      -5943.366    -6011.071       67.705   589.9
162.6000      -5944.192    -6012.308       68.115   593.4
162.8000      -5944.586    -6012.315       67.729   590.1
163.0000      -5945.915    -6012.254       66.339   578.0
163.2000      -5943.046    -6010.816       67.770   590.4
163.4000      -5946.233    -6014.092       67.859   591.2
163.6000      -5945.668    -6011.062       65.395   569.7
163.8000      -5944.459    -6012.588       68.128   593.5
164.0000      -5944.809    -6013.572       68.763   599.1
164.2000      -5944.888    -6010.281       65.393   569.7
164.4000      -5942.867    -6013.065       70.199   611.6
164.6000      -5943.825    -6013.553       69.728   607.5
164.8000      -5945.874    -6013.076       67.202   585.5
165.0000      -5946.640    -6014.772       68.132   593.6
165.2000      -5941.213    -6010.479       69.267   603.5
165.4000      -5939.674    -6010.081       70.407   613.4
165.6000      -5946.624    -6013.925       67.300   586.3
165.8000      -5945.966    -6014.677       68.711   598.6
166.0000      -5943.770    -6010.857       67.087   584.5
166.2000      -5944.036    -6011.845       67.809   590.8
166.4000      -5946.138    -6013.084       66.946   583.2
166.6000      -5942.182    -6009.795       67.613   589.1
166.8000      -5942.896    -6010.580       67.684   589.7
167.0000      -5942.905    -6011.105       68.200   594.2
167.2000      -5941.124    -6011.537       70.413   613.4
167.4000      -5941.987    -6009.613       67.626   589.2
167.6000      -5944.332    -6010.475       66.143   576.2
167.8000      -5943.766    -6012.909       69.143   602.4
168.0000      -5943.263    -6013.898       70.635   615.4
168.2000      -5940.104    -6007.069       66.965   583.4
168.4000      -5942.119    -6009.902       67.783   590.5
168.6000      -5943.028    -6009.013       65.986   574.9
168.8000      -5942.765    -6011.485       68.720   598.7
169.0000      -5941.783    -6010.460       68.678   598.3
169.2000      -5938.781    -6010.425       71.644   624.2
169.4000      -5939.373    -6011.889       72.516   631.8
169.6000      -5942.869    -6010.270       67.400   587.2
169.8000      -5942.728    -6011.661       68.933   600.6
170.0000      -5940.451    -6009.365       68.915   600.4
170.2000      -5943.306    -6010.490       67.185   585.3
170.4000      -5943.295    -6012.299       69.005   601.2
170.6000      -5943.583    -6011.713       68.130   593.6
170.8000      -5943.033    -6011.462       68.429   596.2
171.0000      -5945.327    -6012.462       67.134   584.9
171.2000      -5945.455    -6010.015       64.560   562.5
171.4000      -5946.450    -6015.647       69.197   602.9
171.6000      -5947.356    -6013.573       66.217   576.9
171.8000      -5944.227    -6012.402       68.175   593.9
172.0000      -5947.498    -6014.084       66.586   580.1
172.2000      -5946.317    -6013.123       66.806   582.0
172.4000      -5946.747    -6013.713       66.966   583.4
172.6000      -5944.706    -6012.438       67.733   590.1
172.8000      -5947.344    -6013.237       65.893   574.1
173.0000      -5944.562    -6011.824       67.262   586.0
173.2000      -5945.181    -6013.829       68.648   598.1
173.4000      -5945.731    -6011.520       65.789   573.2
173.6000      -5943.667    -6012.396       68.730   598.8
173.8000      -5946.008    -6014.792       68.784   599.3
174.0000      -5942.011    -6012.358       70.347   612.9
174.2000      -5940.894    -6010.737       69.842   608.5
174.4000      -5943.499    -6013.730       70.232   611.9
174.6000      -5941.787    -6011.545       69.758   607.7
174.8000      -5944.466    -6010.054       65.588   571.4
175.0000      -5946.067    -6014.807       68.740   598.9
175.2000      -5943.608    -6012.338       68.730   598.8
175.4000      -5941.638    -6010.465       68.827   599.6
175.6000      -5940.626    -6011.273       70.647   615.5
175.8000      -5944.138    -6014.121       69.983   609.7
176.0000      -5943.807    -6012.417       68.610   597.7
176.2000      -5946.936    -6013.363       66.427   578.7
176.4000      -5946.743    -6011.984       65.241   568.4
176.6000      -5944.461    -6009.820       65.359   569.4
176.8000      -5944.586    -6012.667       68.081   593.1
177.0000      -5945.319    -6014.354       69.035   601.4
177.2000      -5943.804    -6010.669       66.865   582.5
177.4000      -5944.641    -6012.384       67.742   590.2
177.6000      -5945.710    -6014.549       68.839   599.7
177.8000      -5938.637    -6011.692       73.054   636.5
178.0000      -5939.557    -6007.396       67.839   591.0
178.2000      -5938.090    -6008.207       70.117   610.9
178.4000      -5942.021    -6009.741       67.720   590.0
178.6000      -5937.793    -6008.381       70.588   615.0
178.8000      -5936.553    -6009.443       72.890   635.0
179.0000      -5934.032    -6007.884       73.851   643.4
179.2000      -5934.173    -6006.431       72.257   629.5
179.4000      -5940.659    -6009.511       68.852   599.8
179.6000      -5942.978    -6012.134       69.156   602.5
179.8000      -5940.610    -6011.588       70.978   618.4
180.0000      -5941.292    -6009.535       68.243   594.5
180.2000      -5940.595    -6010.733       70.139   611.1
180.4000      -5943.198    -6011.274       68.077   593.1
180.6000      -5944.060    -6011.538       67.478   587.9
180.8000      -5941.839    -6009.648       67.809   590.8
181.0000      -5943.104    -6012.683       69.579   606.2
181.2000      -5946.906    -6015.922       69.017   601.3
181.4000      -5945.106    -6014.541       69.434   604.9
181.6000      -5942.481    -6009.499       67.018   583.9
181.8000      -5939.227    -6010.544       71.317   621.3
182.0000      -5942.331    -6010.101       67.770   590.4
182.2000      -5945.094    -6014.828       69.734   607.5
182.4000      -5941.078    -6012.600       71.522   623.1
182.6000      -5944.008    -6011.287       67.279   586.1
182.8000      -5939.271    -6011.287       72.016   627.4
183.0000      -5937.305    -6008.542       71.237   620.6
183.2000      -5941.154    -6011.105       69.951   609.4
183.4000      -5943.217    -6011.416       68.199   594.2
183.6000      -5943.003    -6010.305       67.302   586.3
183.8000      -5941.722    -6011.206       69.484   605.4
184.0000      -5940.495    -6009.054       68.559   597.3
184.2000      -5941.569    -6010.974       69.405   604.7
184.4000      -5941.399    -6010.512       69.112   602.1
184.6000      -5944.702    -6013.784       69.083   601.9
184.8000      -5942.709    -6012.040       69.331   604.0
185.0000      -5941.480    -6010.438       68.958   600.8
185.2000      -5940.526    -6012.007       71.481   622.7
185.4000      -5941.338    -6012.794       71.457   622.5
185.6000      -5943.355    -6013.334       69.979   609.7
185.8000      -5945.475    -6014.796       69.321   603.9
186.0000      -5945.128    -6012.513       67.385   587.1
186.2000      -5945.371    -6011.489       66.118   576.0
186.4000      -5947.591    -6016.130       68.539   597.1
186.6000      -5949.881    -6013.875       63.995   557.5
186.8000      -5945.162    -6012.932       67.770   590.4
187.0000      -5944.989    -6013.277       68.288   594.9
187.2000      -5946.782    -6011.399       64.617   562.9
187.4000      -5948.258    -6014.371       66.112   576.0
187.6000      -5953.115    -6016.819       63.704   555.0
187.8000      -5950.812    -6016.354       65.542   571.0
188.0000      -5946.988    -6014.979       67.991   592.3
188.2000      -5944.342    -6012.942       68.600   597.6
188.4000      -5947.273    -6012.015       64.742   564.0
188.6000      -5945.394    -6011.816       66.422   578.7
188.8000      -5945.976    -6012.750       66.773   581.7
189.0000      -5944.749    -6014.107       69.359   604.3
189.2000      -5947.317    -6014.789       67.472   587.8
189.4000      -5946.638    -6010.985       64.347   560.6
189.6000      -5947.254    -6012.521       65.267   568.6
189.8000      -5946.379    -6013.657       67.278   586.1
190.0000      -5945.131    -6014.101       68.970   600.9
190.2000      -5948.203    -6011.353       63.150   550.2
190.4000      -5947.269    -6013.049       65.780   573.1
190.6000      -5943.729    -6012.478       68.749   598.9
190.8000      -5944.646    -6013.959       69.313   603.9
191.0000      -5947.076    -6012.840       65.764   572.9
191.2000      -5947.648    -6011.657       64.009   557.6
191.4000      -5945.113    -6011.542       66.430   578.7
191.6000      -5943.078    -6008.573       65.494   570.6
191.8000      -5941.471    -6011.119       69.648   606.8
192.0000      -5945.903    -6013.244       67.340   586.7
192.2000      -5940.012    -6011.096       71.085   619.3
192.4000      -5940.305    -6012.130       71.825   625.7
192.6000      -5939.251    -6010.467       71.217   620.4
192.8000      -5940.904    -6012.759       71.855   626.0
193.0000      -5942.102    -6011.103       69.000   601.1
193.2000      -5944.983    -6014.765       69.782   607.9
193.4000      -5945.107    -6013.809       68.702   598.5
193.6000      -5943.078    -6011.925       68.847   599.8
193.8000      -5944.167    -6015.169       71.003   618.6
194.0000      -5945.124    -6013.161       68.037   592.7
194.2000      -5946.367    -6013.484       67.117   584.7
194.4000      -5944.306    -6012.808       68.502   596.8
194.6000      -5949.614    -6016.300       66.686   581.0
194.8000      -5946.262    -6013.537       67.275   586.1
195.0000      -5941.557    -6012.152       70.595   615.0
195.2000      -5948.631    -6017.664       69.033   601.4
195.4000      -5944.403    -6014.208       69.806   608.2
195.6000      -5944.069    -6015.266       71.197   620.3
195.8000      -5945.315    -6011.374       66.059   575.5
196.0000      -5943.392    -6014.314       70.922   617.9
196.2000      -5944.385    -6013.218       68.833   599.7
196.4000      -5943.861    -6010.801       66.940   583.2
196.6000      -5946.743    -6014.786       68.043   592.8
196.8000      -5949.787    -6015.038       65.250   568.5
197.0000      -5947.383    -6013.922       66.539   579.7
197.2000      -5948.260    -6013.810       65.550   571.1
197.4000      -5946.261    -6014.040       67.779   590.5
197.6000      -5944.241    -6012.265       68.023   592.6
197.8000      -5941.675    -6013.121       71.445   622.4
198.0000      -5942.076    -6012.436       70.360   613.0
198.2000      -5943.434    -6013.104       69.670   607.0
198.4000      -5942.948    -6014.316       71.368   621.8
198.6000      -5943.482    -6014.445       70.963   618.2
198.8000      -5944.194    -6013.271       69.077   601.8
199.0000      -5942.753    -6011.781       69.029   601.4
199.2000      -5939.532    -6010.200       70.668   615.7
199.4000      -5938.681    -6007.679       68.998   601.1
199.6000      -5942.151    -6011.261       69.110   602.1
199.8000      -5945.098    -6012.021       66.924   583.0
200.0000      -5947.184    -6013.810       66.626   580.5
