Time[ps]      Etot[eV]     Epot[eV]     Ekin[eV]    T[K]
0.0000        -5961.077    -6020.422       59.345   517.0
0.2000        -5965.065    -6022.957       57.892   504.4
0.4000        -5964.027    -6021.550       57.523   501.1
0.6000        -5962.571    -6020.093       57.522   501.1
0.8000        -5963.455    -6021.823       58.369   508.5
1.0000        -5965.689    -6022.421       56.733   494.3
1.2000        -5964.551    -6022.833       58.283   507.8
1.4000        -5965.398    -6022.415       57.017   496.7
1.6000        -5962.704    -6019.048       56.344   490.9
1.8000        -5965.086    -6020.570       55.484   483.4
2.0000        -5964.244    -6022.152       57.908   504.5
2.2000        -5965.373    -6023.024       57.651   502.3
2.4000        -5964.563    -6022.898       58.335   508.2
2.6000        -5962.895    -6021.085       58.190   507.0
2.8000        -5961.443    -6020.835       59.391   517.4
3.0000        -5962.380    -6021.033       58.654   511.0
3.2000        -5965.840    -6020.926       55.086   479.9
3.4000        -5961.303    -6020.640       59.336   516.9
3.6000        -5961.095    -6021.297       60.202   524.5
3.8000        -5962.949    -6021.045       58.096   506.1
4.0000        -5964.773    -6023.970       59.197   515.7
4.2000        -5962.316    -6020.856       58.541   510.0
4.4000        -5963.357    -6022.723       59.365   517.2
4.6000        -5963.351    -6020.629       57.278   499.0
4.8000        -5963.699    -6022.065       58.366   508.5
5.0000        -5967.135    -6023.141       56.006   487.9
5.2000        -5967.367    -6023.633       56.266   490.2
5.4000        -5965.741    -6020.357       54.616   475.8
5.6000        -5964.028    -6021.361       57.333   499.5
5.8000        -5965.366    -6021.905       56.538   492.6
6.0000        -5969.488    -6024.693       55.206   481.0
6.2000        -5969.141    -6025.012       55.871   486.8
6.4000        -5968.112    -6026.770       58.658   511.0
6.6000        -5965.282    -6023.815       58.533   509.9
6.8000        -5963.753    -6021.790       58.036   505.6
7.0000        -5963.003    -6021.480       58.477   509.5
7.2000        -5965.215    -6021.903       56.687   493.9
7.4000        -5963.863    -6022.547       58.683   511.3
7.6000        -5966.536    -6022.761       56.225   489.8
7.8000        -5963.720    -6023.059       59.339   517.0
8.0000        -5964.271    -6018.824       54.553   475.3
8.2000        -5963.305    -6021.332       58.027   505.5
8.4000        -5965.155    -6021.320       56.166   489.3
8.6000        -5965.595    -6020.554       54.960   478.8
8.8000        -5963.765    -6022.343       58.577   510.3
9.0000        -5962.308    -6021.581       59.272   516.4
9.2000        -5959.760    -6021.287       61.527   536.0
9.4000        -5964.194    -6020.174       55.979   487.7
9.6000        -5963.819    -6022.177       58.359   508.4
9.8000        -5965.025    -6023.455       58.430   509.1
10.0000       -5964.228    -6022.131       57.903   504.5
10.2000       -5964.096    -6021.555       57.459   500.6
10.4000       -5961.039    -6020.793       59.754   520.6
10.6000       -5961.017    -6019.694       58.677   511.2
10.8000       -5960.244    -6020.098       59.853   521.4
11.0000       -5963.220    -6019.927       56.707   494.0
11.2000       -5963.337    -6021.763       58.426   509.0
11.4000       -5961.878    -6019.973       58.094   506.1
11.6000       -5960.909    -6022.940       62.031   540.4
11.8000       -5962.912    -6019.686       56.774   494.6
12.0000       -5964.326    -6022.465       58.138   506.5
12.2000       -5962.993    -6023.305       60.312   525.4
12.4000       -5962.480    -6020.061       57.580   501.6
12.6000       -5962.628    -6020.218       57.591   501.7
12.8000       -5965.554    -6021.843       56.289   490.4
13.0000       -5965.571    -6020.191       54.620   475.9
13.2000       -5968.798    -6026.178       57.380   499.9
13.4000       -5967.877    -6024.069       56.191   489.5
13.6000       -5967.273    -6022.327       55.054   479.6
13.8000       -5966.374    -6020.597       54.223   472.4
14.0000       -5965.912    -6022.607       56.695   493.9
14.2000       -5963.821    -6021.414       57.593   501.8
14.4000       -5962.712    -6020.146       57.434   500.4
14.6000       -5966.629    -6025.279       58.651   511.0
14.8000       -5965.324    -6023.372       58.048   505.7
15.0000       -5965.029    -6022.049       57.021   496.8
15.2000       -5964.980    -6022.588       57.608   501.9
15.4000       -5963.470    -6024.354       60.885   530.4
15.6000       -5967.047    -6023.042       55.995   487.8
15.8000       -5967.985    -6023.056       55.071   479.8
16.0000       -5966.740    -6023.664       56.924   495.9
16.2000       -5968.567    -6024.977       56.410   491.4
16.4000       -5969.861    -6024.900       55.039   479.5
16.6000       -5964.917    -6021.570       56.653   493.6
16.8000       -5964.670    -6025.033       60.363   525.9
17.0000       -5965.382    -6022.188       56.805   494.9
17.2000       -5963.484    -6020.021       56.537   492.6
17.4000       -5964.927    -6021.346       56.419   491.5
17.6000       -5962.704    -6019.499       56.795   494.8
17.8000       -5961.921    -6021.455       59.534   518.7
18.0000       -5961.892    -6022.699       60.807   529.8
18.2000       -5964.297    -6020.656       56.359   491.0
18.4000       -5965.747    -6022.774       57.027   496.8
18.6000       -5965.504    -6023.439       57.935   504.7
18.8000       -5963.596    -6020.076       56.480   492.1
19.0000       -5959.404    -6018.917       59.514   518.5
19.2000       -5962.727    -6021.258       58.531   509.9
19.4000       -5963.623    -6020.740       57.118   497.6
19.6000       -5962.009    -6019.672       57.663   502.4
19.8000       -5963.246    -6021.688       58.441   509.1
20.0000       -5964.964    -6021.347       56.383   491.2
20.2000       -5964.405    -6022.171       57.766   503.3
20.4000       -5963.761    -6021.032       57.272   499.0
20.6000       -5963.689    -6020.136       56.446   491.8
20.8000       -5961.866    -6020.260       58.393   508.7
21.0000       -5963.310    -6020.646       57.336   499.5
21.2000       -5964.977    -6021.993       57.016   496.7
21.4000       -5962.591    -6023.154       60.564   527.6
21.6000       -5962.788    -6020.203       57.415   500.2
21.8000       -5965.107    -6021.681       56.574   492.9
22.0000       -5963.925    -6022.368       58.442   509.2
22.2000       -5960.811    -6019.209       58.398   508.8
22.4000       -5962.261    -6021.735       59.474   518.1
22.6000       -5965.554    -6020.619       55.065   479.7
22.8000       -5965.394    -6022.498       57.104   497.5
23.0000       -5965.961    -6022.935       56.974   496.4
23.2000       -5964.566    -6023.595       59.029   514.3
23.4000       -5965.228    -6021.541       56.312   490.6
23.6000       -5965.456    -6021.834       56.378   491.2
23.8000       -5965.625    -6023.429       57.804   503.6
24.0000       -5965.156    -6021.983       56.828   495.1
24.2000       -5962.426    -6020.872       58.447   509.2
24.4000       -5962.122    -6020.954       58.832   512.6
24.6000       -5962.531    -6022.370       59.839   521.3
24.8000       -5963.896    -6020.553       56.657   493.6
25.0000       -5963.261    -6019.686       56.425   491.6
25.2000       -5966.450    -6022.223       55.773   485.9
25.4000       -5963.231    -6022.314       59.084   514.7
25.6000       -5962.214    -6022.672       60.459   526.7
25.8000       -5965.195    -6024.565       59.370   517.2
26.0000       -5965.343    -6023.557       58.213   507.2
26.2000       -5965.703    -6022.474       56.771   494.6
26.4000       -5963.807    -6020.056       56.249   490.1
26.6000       -5964.642    -6020.621       55.978   487.7
26.8000       -5965.906    -6023.172       57.266   498.9
27.0000       -5968.367    -6023.807       55.440   483.0
27.2000       -5966.414    -6023.358       56.944   496.1
27.4000       -5966.723    -6022.096       55.373   482.4
27.6000       -5964.240    -6022.703       58.462   509.3
27.8000       -5962.583    -6021.186       58.603   510.6
28.0000       -5964.703    -6021.140       56.436   491.7
28.2000       -5968.233    -6023.270       55.037   479.5
28.4000       -5970.144    -6028.067       57.923   504.6
28.6000       -5969.465    -6025.532       56.067   488.5
28.8000       -5966.615    -6023.428       56.814   495.0
29.0000       -5966.935    -6024.087       57.152   497.9
29.2000       -5962.722    -6023.013       60.291   525.3
29.4000       -5961.323    -6021.291       59.967   522.4
29.6000       -5958.981    -6019.478       60.497   527.1
29.8000       -5960.461    -6020.791       60.330   525.6
30.0000       -5961.841    -6022.029       60.188   524.4
30.2000       -5963.376    -6020.476       57.100   497.5
30.4000       -5965.589    -6023.585       57.996   505.3
30.6000       -5966.948    -6022.568       55.619   484.6
30.8000       -5966.039    -6023.212       57.174   498.1
31.0000       -5964.793    -6021.026       56.233   489.9
31.2000       -5965.143    -6023.173       58.031   505.6
31.4000       -5965.061    -6022.583       57.522   501.1
31.6000       -5962.616    -6019.106       56.490   492.1
31.8000       -5962.005    -6018.765       56.759   494.5
32.0000       -5964.427    -6022.366       57.939   504.8
32.2000       -5966.530    -6023.240       56.710   494.1
32.4000       -5963.725    -6022.557       58.832   512.6
32.6000       -5965.858    -6023.278       57.421   500.3
32.8000       -5963.626    -6021.658       58.032   505.6
33.0000       -5965.104    -6021.029       55.926   487.2
33.2000       -5964.828    -6021.424       56.596   493.1
33.4000       -5965.499    -6021.543       56.044   488.3
33.6000       -5966.475    -6023.773       57.298   499.2
33.8000       -5965.407    -6022.449       57.042   497.0
34.0000       -5966.440    -6021.307       54.867   478.0
34.2000       -5967.655    -6023.875       56.220   489.8
34.4000       -5965.878    -6021.436       55.558   484.0
34.6000       -5963.597    -6022.740       59.142   515.3
34.8000       -5961.752    -6021.632       59.880   521.7
35.0000       -5962.233    -6021.498       59.265   516.3
35.2000       -5961.080    -6020.186       59.105   514.9
35.4000       -5960.948    -6020.507       59.559   518.9
35.6000       -5962.395    -6022.926       60.531   527.3
35.8000       -5963.825    -6020.312       56.486   492.1
36.0000       -5964.309    -6020.998       56.689   493.9
36.2000       -5962.605    -6020.063       57.458   500.6
36.4000       -5962.030    -6019.050       57.021   496.8
36.6000       -5962.414    -6022.663       60.249   524.9
36.8000       -5965.036    -6024.286       59.250   516.2
37.0000       -5967.444    -6023.874       56.430   491.6
37.2000       -5965.855    -6023.366       57.512   501.0
37.4000       -5968.665    -6026.845       58.180   506.9
37.6000       -5963.774    -6022.447       58.673   511.2
37.8000       -5963.742    -6021.471       57.729   502.9
38.0000       -5959.991    -6017.125       57.134   497.8
38.2000       -5961.736    -6021.853       60.117   523.7
38.4000       -5964.926    -6021.588       56.663   493.7
38.6000       -5967.516    -6023.298       55.782   486.0
38.8000       -5964.792    -6022.771       57.980   505.1
39.0000       -5962.622    -6021.266       58.643   510.9
39.2000       -5964.491    -6020.745       56.254   490.1
39.4000       -5964.529    -6023.179       58.651   511.0
39.6000       -5966.098    -6023.324       57.226   498.6
39.8000       -5964.650    -6021.125       56.475   492.0
40.0000       -5965.022    -6022.564       57.542   501.3
40.2000       -5966.573    -6022.240       55.667   485.0
40.4000       -5966.784    -6024.103       57.319   499.4
40.6000       -5965.530    -6022.438       56.907   495.8
40.8000       -5967.063    -6023.686       56.622   493.3
41.0000       -5966.093    -6024.561       58.467   509.4
41.2000       -5964.571    -6020.676       56.105   488.8
41.4000       -5965.567    -6021.339       55.772   485.9
41.6000       -5966.983    -6021.904       54.921   478.5
41.8000       -5964.921    -6023.376       58.455   509.3
42.0000       -5964.503    -6023.674       59.171   515.5
42.2000       -5966.742    -6022.630       55.888   486.9
42.4000       -5966.977    -6024.233       57.256   498.8
42.6000       -5959.205    -6021.122       61.916   539.4
42.8000       -5959.117    -6020.034       60.917   530.7
43.0000       -5959.523    -6017.750       58.227   507.3
43.2000       -5961.729    -6019.476       57.748   503.1
43.4000       -5962.769    -6020.280       57.511   501.0
43.6000       -5966.393    -6023.888       57.495   500.9
43.8000       -5966.607    -6024.336       57.729   502.9
44.0000       -5965.329    -6024.215       58.887   513.0
44.2000       -5964.838    -6023.936       59.098   514.9
44.4000       -5965.011    -6023.023       58.012   505.4
44.6000       -5966.807    -6022.164       55.357   482.3
44.8000       -5967.874    -6023.759       55.886   486.9
45.0000       -5963.132    -6020.792       57.660   502.3
45.2000       -5961.283    -6021.866       60.583   527.8
45.4000       -5963.448    -6019.958       56.510   492.3
45.6000       -5963.550    -6020.113       56.563   492.8
45.8000       -5969.358    -6024.906       55.548   483.9
46.0000       -5966.934    -6022.249       55.315   481.9
46.2000       -5967.831    -6024.129       56.298   490.5
46.4000       -5965.087    -6021.344       56.257   490.1
46.6000       -5966.384    -6021.882       55.499   483.5
46.8000       -5965.860    -6020.486       54.626   475.9
47.0000       -5966.560    -6021.391       54.831   477.7
47.2000       -5965.856    -6022.931       57.075   497.2
47.4000       -5965.913    -6022.425       56.512   492.3
47.6000       -5966.365    -6023.315       56.951   496.2
47.8000       -5965.082    -6022.733       57.651   502.3
48.0000       -5964.596    -6020.890       56.294   490.4
48.2000       -5962.611    -6022.926       60.315   525.5
48.4000       -5966.839    -6023.365       56.526   492.5
48.6000       -5965.746    -6021.792       56.046   488.3
48.8000       -5965.603    -6023.049       57.446   500.5
49.0000       -5967.196    -6023.028       55.833   486.4
49.2000       -5968.160    -6022.790       54.630   475.9
49.4000       -5965.102    -6022.420       57.318   499.4
49.6000       -5963.228    -6021.267       58.039   505.6
49.8000       -5964.607    -6021.727       57.120   497.6
50.0000       -5962.375    -6022.615       60.240   524.8
50.2000       -5960.130    -6019.686       59.556   518.9
50.4000       -5962.732    -6020.561       57.829   503.8
50.6000       -5963.031    -6022.646       59.615   519.4
50.8000       -5963.897    -6023.101       59.204   515.8
51.0000       -5964.618    -6021.002       56.384   491.2
51.2000       -5964.121    -6023.145       59.024   514.2
51.4000       -5964.088    -6022.523       58.436   509.1
51.6000       -5967.663    -6025.141       57.478   500.8
51.8000       -5965.042    -6023.783       58.742   511.8
52.0000       -5966.825    -6022.806       55.981   487.7
52.2000       -5964.235    -6021.506       57.271   499.0
52.4000       -5964.577    -6023.521       58.943   513.5
52.6000       -5963.110    -6021.771       58.661   511.1
52.8000       -5963.018    -6021.453       58.435   509.1
53.0000       -5964.294    -6021.916       57.621   502.0
53.2000       -5965.686    -6024.677       58.991   513.9
53.4000       -5967.660    -6022.568       54.908   478.4
53.6000       -5967.766    -6022.235       54.469   474.5
53.8000       -5965.373    -6021.494       56.121   488.9
54.0000       -5966.127    -6022.420       56.293   490.4
54.2000       -5963.497    -6021.127       57.631   502.1
54.4000       -5961.381    -6019.216       57.835   503.9
54.6000       -5963.615    -6021.787       58.172   506.8
54.8000       -5966.054    -6023.428       57.374   499.8
55.0000       -5962.243    -6019.972       57.729   502.9
55.2000       -5964.372    -6023.484       59.112   515.0
55.4000       -5965.697    -6023.109       57.413   500.2
55.6000       -5966.101    -6020.892       54.791   477.3
55.8000       -5965.488    -6022.806       57.318   499.4
56.0000       -5966.276    -6022.774       56.499   492.2
56.2000       -5965.374    -6021.176       55.802   486.2
56.4000       -5966.582    -6022.018       55.436   483.0
56.6000       -5967.297    -6023.114       55.817   486.3
56.8000       -5965.272    -6023.622       58.349   508.3
57.0000       -5967.125    -6023.587       56.462   491.9
57.2000       -5967.230    -6024.311       57.081   497.3
57.4000       -5963.564    -6021.046       57.482   500.8
57.6000       -5963.469    -6020.054       56.585   493.0
57.8000       -5964.865    -6023.247       58.381   508.6
58.0000       -5967.050    -6024.001       56.951   496.2
58.2000       -5965.901    -6022.889       56.987   496.5
58.4000       -5963.748    -6020.560       56.812   495.0
58.6000       -5964.743    -6023.993       59.250   516.2
58.8000       -5966.567    -6024.102       57.535   501.3
59.0000       -5969.102    -6025.022       55.920   487.2
59.2000       -5967.716    -6024.435       56.718   494.1
59.4000       -5968.464    -6023.660       55.196   480.9
59.6000       -5969.955    -6024.111       54.156   471.8
59.8000       -5967.164    -6025.095       57.931   504.7
60.0000       -5964.282    -6020.605       56.323   490.7
60.2000       -5965.985    -6024.037       58.052   505.8
60.4000       -5964.127    -6022.490       58.362   508.5
60.6000       -5966.324    -6022.199       55.874   486.8
60.8000       -5967.343    -6022.650       55.308   481.8
61.0000       -5965.123    -6023.889       58.766   512.0
61.2000       -5962.042    -6021.321       59.279   516.4
61.4000       -5959.402    -6018.207       58.804   512.3
61.6000       -5963.745    -6020.461       56.717   494.1
61.8000       -5967.636    -6026.420       58.784   512.1
62.0000       -5965.642    -6024.153       58.511   509.8
62.2000       -5967.165    -6023.625       56.459   491.9
62.4000       -5966.200    -6022.596       56.396   491.3
62.6000       -5962.356    -6019.843       57.487   500.8
62.8000       -5960.500    -6019.529       59.029   514.3
63.0000       -5964.954    -6022.307       57.353   499.7
63.2000       -5963.123    -6019.853       56.730   494.2
63.4000       -5960.240    -6021.150       60.910   530.7
63.6000       -5961.358    -6018.881       57.523   501.1
63.8000       -5965.114    -6023.167       58.053   505.8
64.0000       -5962.531    -6020.666       58.135   506.5
64.2000       -5966.711    -6024.521       57.809   503.6
64.4000       -5965.664    -6024.563       58.899   513.1
64.6000       -5966.453    -6023.497       57.044   497.0
64.8000       -5969.776    -6026.723       56.947   496.1
65.0000       -5965.615    -6022.865       57.250   498.8
65.2000       -5965.471    -6024.039       58.568   510.3
65.4000       -5966.424    -6025.517       59.093   514.8
65.6000       -5964.853    -6021.938       57.085   497.3
65.8000       -5967.788    -6022.875       55.088   479.9
66.0000       -5965.609    -6020.375       54.767   477.1
66.2000       -5964.030    -6022.590       58.559   510.2
66.4000       -5964.254    -6021.802       57.548   501.4
66.6000       -5964.311    -6023.110       58.799   512.3
66.8000       -5964.058    -6022.752       58.694   511.3
67.0000       -5966.113    -6024.368       58.255   507.5
67.2000       -5965.486    -6025.079       59.593   519.2
67.4000       -5967.616    -6023.905       56.289   490.4
67.6000       -5961.893    -6018.617       56.724   494.2
67.8000       -5965.368    -6022.827       57.459   500.6
68.0000       -5965.063    -6021.163       56.100   488.7
68.2000       -5967.339    -6022.088       54.749   477.0
68.4000       -5963.143    -6021.460       58.317   508.1
68.6000       -5963.518    -6023.682       60.164   524.2
68.8000       -5962.574    -6022.618       60.044   523.1
69.0000       -5962.645    -6022.883       60.237   524.8
69.2000       -5960.532    -6021.100       60.568   527.7
69.4000       -5963.602    -6020.045       56.444   491.7
69.6000       -5961.512    -6021.810       60.298   525.3
69.8000       -5964.010    -6021.049       57.039   496.9
70.0000       -5964.067    -6021.719       57.653   502.3
70.2000       -5961.710    -6021.062       59.352   517.1
70.4000       -5965.000    -6021.699       56.700   494.0
70.6000       -5966.078    -6022.254       56.177   489.4
70.8000       -5967.376    -6024.200       56.824   495.1
71.0000       -5966.119    -6024.191       58.072   505.9
71.2000       -5964.070    -6020.062       55.992   487.8
71.4000       -5964.697    -6020.875       56.178   489.4
71.6000       -5967.441    -6025.660       58.219   507.2
71.8000       -5968.666    -6023.831       55.165   480.6
72.0000       -5968.759    -6024.263       55.504   483.6
72.2000       -5968.272    -6024.811       56.539   492.6
72.4000       -5967.272    -6022.660       55.387   482.5
72.6000       -5966.510    -6023.530       57.021   496.8
72.8000       -5965.537    -6023.591       58.053   505.8
73.0000       -5965.613    -6023.508       57.895   504.4
73.2000       -5966.802    -6022.584       55.782   486.0
73.4000       -5968.142    -6022.396       54.254   472.7
73.6000       -5965.223    -6023.997       58.774   512.0
73.8000       -5966.943    -6024.231       57.288   499.1
74.0000       -5967.139    -6025.428       58.289   507.8
74.2000       -5965.492    -6023.065       57.573   501.6
74.4000       -5964.151    -6022.355       58.204   507.1
74.6000       -5962.699    -6022.046       59.347   517.0
74.8000       -5962.846    -6023.043       60.197   524.4
75.0000       -5966.328    -6023.860       57.531   501.2
75.2000       -5966.933    -6026.495       59.563   518.9
75.4000       -5965.208    -6021.279       56.071   488.5
75.6000       -5965.172    -6023.026       57.854   504.0
75.8000       -5965.713    -6021.953       56.239   490.0
76.0000       -5963.130    -6022.935       59.805   521.0
76.2000       -5961.482    -6019.427       57.945   504.8
76.4000       -5968.444    -6023.139       54.694   476.5
76.6000       -5966.950    -6021.635       54.685   476.4
76.8000       -5965.872    -6023.909       58.037   505.6
77.0000       -5962.767    -6022.473       59.706   520.2
77.2000       -5964.384    -6019.447       55.062   479.7
77.4000       -5965.623    -6024.784       59.161   515.4
77.6000       -5966.376    -6024.464       58.088   506.1
77.8000       -5969.602    -6026.925       57.323   499.4
78.0000       -5963.305    -6020.753       57.449   500.5
78.2000       -5963.651    -6020.183       56.532   492.5
78.4000       -5964.162    -6021.463       57.301   499.2
78.6000       -5963.546    -6022.393       58.846   512.7
78.8000       -5962.289    -6022.066       59.777   520.8
79.0000       -5966.202    -6022.158       55.957   487.5
79.2000       -5969.622    -6023.527       53.906   469.6
79.4000       -5967.606    -6026.051       58.445   509.2
79.6000       -5963.644    -6021.974       58.329   508.2
79.8000       -5963.050    -6021.768       58.717   511.5
80.0000       -5962.924    -6020.466       57.542   501.3
80.2000       -5963.737    -6022.344       58.607   510.6
80.4000       -5964.564    -6022.018       57.454   500.5
80.6000       -5966.237    -6022.383       56.146   489.2
80.8000       -5966.677    -6024.294       57.617   502.0
81.0000       -5970.890    -6026.059       55.169   480.6
81.2000       -5970.581    -6025.510       54.929   478.5
81.4000       -5970.110    -6024.829       54.719   476.7
81.6000       -5966.345    -6021.189       54.844   477.8
81.8000       -5963.585    -6021.485       57.900   504.4
82.0000       -5964.491    -6023.488       58.997   514.0
82.2000       -5964.887    -6023.557       58.671   511.1
82.4000       -5969.244    -6025.289       56.044   488.3
82.6000       -5965.587    -6024.875       59.288   516.5
82.8000       -5966.548    -6024.218       57.671   502.4
83.0000       -5966.363    -6022.443       56.081   488.6
83.2000       -5961.847    -6020.379       58.532   509.9
83.4000       -5964.097    -6021.508       57.411   500.2
83.6000       -5966.465    -6022.389       55.924   487.2
83.8000       -5964.161    -6020.062       55.900   487.0
84.0000       -5963.120    -6022.318       59.198   515.7
84.2000       -5965.295    -6023.712       58.417   508.9
84.4000       -5964.749    -6022.216       57.467   500.7
84.6000       -5965.543    -6022.361       56.819   495.0
84.8000       -5965.300    -6023.460       58.160   506.7
85.0000       -5966.400    -6021.788       55.388   482.5
85.2000       -5965.603    -6023.014       57.411   500.2
85.4000       -5963.702    -6024.029       60.327   525.6
85.6000       -5961.793    -6022.281       60.487   527.0
85.8000       -5964.381    -6023.726       59.345   517.0
86.0000       -5966.736    -6022.326       55.590   484.3
86.2000       -5966.487    -6022.719       56.232   489.9
86.4000       -5965.344    -6021.783       56.439   491.7
86.6000       -5967.890    -6023.844       55.954   487.5
86.8000       -5966.269    -6022.648       56.379   491.2
87.0000       -5965.529    -6023.829       58.300   507.9
87.2000       -5968.308    -6025.219       56.911   495.8
87.4000       -5965.898    -6021.790       55.892   486.9
87.6000       -5964.939    -6022.560       57.621   502.0
87.8000       -5965.441    -6021.651       56.210   489.7
88.0000       -5965.153    -6021.026       55.873   486.8
88.2000       -5964.642    -6021.765       57.123   497.7
88.4000       -5962.584    -6019.510       56.926   495.9
88.6000       -5966.554    -6022.598       56.045   488.3
88.8000       -5966.156    -6024.837       58.681   511.2
89.0000       -5964.699    -6023.709       59.010   514.1
89.2000       -5961.349    -6019.943       58.594   510.5
89.4000       -5964.248    -6023.708       59.461   518.0
89.6000       -5964.184    -6021.765       57.581   501.7
89.8000       -5964.383    -6021.646       57.263   498.9
90.0000       -5964.121    -6022.006       57.885   504.3
90.2000       -5966.567    -6022.668       56.102   488.8
90.4000       -5966.397    -6021.061       54.664   476.2
90.6000       -5968.583    -6024.739       56.157   489.2
90.8000       -5967.493    -6024.022       56.529   492.5
91.0000       -5969.258    -6025.612       56.354   491.0
91.2000       -5968.231    -6024.444       56.213   489.7
91.4000       -5968.329    -6023.040       54.711   476.6
91.6000       -5968.856    -6023.642       54.786   477.3
91.8000       -5963.771    -6021.797       58.026   505.5
92.0000       -5964.088    -6021.129       57.041   496.9
92.2000       -5965.675    -6022.829       57.154   497.9
92.4000       -5963.110    -6021.252       58.142   506.5
92.6000       -5966.314    -6023.140       56.826   495.1
92.8000       -5970.377    -6025.021       54.644   476.1
93.0000       -5968.847    -6023.754       54.907   478.4
93.2000       -5969.041    -6025.337       56.296   490.5
93.4000       -5967.724    -6023.889       56.165   489.3
93.6000       -5968.032    -6024.545       56.514   492.4
93.8000       -5965.630    -6024.607       58.977   513.8
94.0000       -5964.379    -6022.503       58.124   506.4
94.2000       -5964.903    -6023.591       58.688   511.3
94.4000       -5960.869    -6019.681       58.812   512.4
94.6000       -5962.558    -6021.007       58.449   509.2
94.8000       -5961.445    -6019.417       57.973   505.1
95.0000       -5964.093    -6023.249       59.156   515.4
95.2000       -5964.716    -6022.603       57.887   504.3
95.4000       -5966.233    -6024.773       58.540   510.0
95.6000       -5965.121    -6022.871       57.750   503.1
95.8000       -5959.054    -6018.542       59.489   518.3
96.0000       -5963.553    -6022.292       58.739   511.7
96.2000       -5963.578    -6022.229       58.651   511.0
96.4000       -5966.041    -6023.212       57.171   498.1
96.6000       -5966.518    -6022.980       56.462   491.9
96.8000       -5964.543    -6023.146       58.604   510.6
97.0000       -5962.571    -6021.743       59.172   515.5
97.2000       -5964.738    -6022.080       57.342   499.6
97.4000       -5967.124    -6024.102       56.978   496.4
97.6000       -5967.020    -6023.884       56.864   495.4
97.8000       -5965.401    -6023.837       58.436   509.1
98.0000       -5963.780    -6021.218       57.439   500.4
98.2000       -5964.739    -6024.160       59.420   517.7
98.4000       -5965.466    -6020.748       55.282   481.6
98.6000       -5965.300    -6023.148       57.848   504.0
98.8000       -5965.363    -6020.724       55.361   482.3
99.0000       -5964.429    -6021.935       57.506   501.0
99.2000       -5964.799    -6020.378       55.578   484.2
99.4000       -5961.551    -6022.576       61.025   531.7
99.6000       -5963.582    -6021.083       57.501   501.0
99.8000       -5965.072    -6023.043       57.971   505.1
100.0000      -5965.518    -6023.378       57.860   504.1
100.2000      -5968.671    -6024.203       55.532   483.8
100.4000      -5969.330    -6025.050       55.720   485.4
100.6000      -5968.164    -6024.233       56.069   488.5
100.8000      -5968.616    -6023.751       55.136   480.3
101.0000      -5967.345    -6023.863       56.518   492.4
101.2000      -5966.167    -6023.292       57.125   497.7
101.4000      -5966.872    -6022.778       55.906   487.1
101.6000      -5965.588    -6024.155       58.567   510.2
101.8000      -5965.334    -6022.979       57.645   502.2
102.0000      -5965.985    -6021.211       55.226   481.1
102.2000      -5965.353    -6023.034       57.681   502.5
102.4000      -5966.104    -6024.450       58.346   508.3
102.6000      -5970.224    -6026.704       56.480   492.1
102.8000      -5968.889    -6024.063       55.174   480.7
103.0000      -5970.086    -6025.444       55.358   482.3
103.2000      -5967.010    -6023.914       56.904   495.8
103.4000      -5965.789    -6021.974       56.185   489.5
103.6000      -5966.562    -6021.936       55.374   482.4
103.8000      -5963.270    -6021.797       58.528   509.9
104.0000      -5963.788    -6019.990       56.203   489.6
104.2000      -5963.916    -6022.213       58.297   507.9
104.4000      -5966.666    -6023.014       56.348   490.9
104.6000      -5965.007    -6022.375       57.367   499.8
104.8000      -5966.699    -6023.983       57.284   499.1
105.0000      -5967.950    -6023.395       55.445   483.0
105.2000      -5966.177    -6022.907       56.730   494.2
105.4000      -5966.840    -6023.865       57.025   496.8
105.6000      -5966.381    -6022.569       56.188   489.5
105.8000      -5964.793    -6021.896       57.104   497.5
106.0000      -5963.317    -6020.743       57.425   500.3
106.2000      -5966.385    -6024.388       58.003   505.3
106.4000      -5964.735    -6021.079       56.343   490.9
106.6000      -5965.881    -6024.593       58.712   511.5
106.8000      -5961.981    -6020.567       58.586   510.4
107.0000      -5964.353    -6023.007       58.654   511.0
107.2000      -5966.461    -6021.713       55.253   481.4
107.4000      -5965.780    -6023.569       57.789   503.5
107.6000      -5963.700    -6020.812       57.112   497.6
107.8000      -5964.729    -6021.564       56.836   495.2
108.0000      -5964.960    -6023.564       58.604   510.6
108.2000      -5967.442    -6024.539       57.097   497.4
108.4000      -5966.094    -6023.279       57.185   498.2
108.6000      -5966.229    -6023.435       57.206   498.4
108.8000      -5967.461    -6022.567       55.106   480.1
109.0000      -5966.640    -6025.301       58.661   511.1
109.2000      -5966.581    -6023.666       57.085   497.3
109.4000      -5964.696    -6021.691       56.994   496.5
109.6000      -5964.612    -6020.940       56.328   490.7
109.8000      -5962.952    -6020.914       57.962   505.0
110.0000      -5963.403    -6022.090       58.687   511.3
110.2000      -5963.830    -6023.875       60.045   523.1
110.4000      -5963.277    -6022.271       58.993   514.0
110.6000      -5965.801    -6022.636       56.836   495.2
110.8000      -5966.889    -6023.881       56.993   496.5
111.0000      -5965.793    -6022.115       56.322   490.7
111.2000      -5963.222    -6022.277       59.056   514.5
111.4000      -5963.035    -6024.569       61.534   536.1
111.6000      -5965.986    -6023.811       57.825   503.8
111.8000      -5967.060    -6021.329       54.269   472.8
112.0000      -5964.534    -6023.001       58.467   509.4
112.2000      -5964.426    -6022.369       57.944   504.8
112.4000      -5964.004    -6023.269       59.265   516.3
112.6000      -5965.598    -6021.405       55.807   486.2
112.8000      -5966.846    -6026.486       59.640   519.6
113.0000      -5963.896    -6023.202       59.305   516.7
113.2000      -5963.150    -6021.276       58.127   506.4
113.4000      -5964.120    -6025.054       60.934   530.9
113.6000      -5962.780    -6021.981       59.201   515.8
113.8000      -5962.920    -6022.661       59.741   520.5
114.0000      -5964.894    -6023.393       58.499   509.6
114.2000      -5964.769    -6023.967       59.198   515.7
114.4000      -5962.798    -6021.356       58.558   510.2
114.6000      -5961.732    -6021.406       59.675   519.9
114.8000      -5962.130    -6022.249       60.120   523.8
115.0000      -5965.396    -6024.167       58.771   512.0
115.2000      -5966.298    -6026.159       59.861   521.5
115.4000      -5967.939    -6024.797       56.858   495.4
115.6000      -5967.139    -6024.255       57.117   497.6
115.8000      -5967.340    -6024.177       56.837   495.2
116.0000      -5965.928    -6022.728       56.799   494.8
116.2000      -5966.077    -6022.065       55.988   487.8
116.4000      -5966.854    -6023.822       56.968   496.3
116.6000      -5968.536    -6025.425       56.890   495.6
116.8000      -5965.755    -6024.246       58.491   509.6
117.0000      -5963.471    -6022.457       58.985   513.9
117.2000      -5963.946    -6022.458       58.512   509.8
117.4000      -5963.163    -6022.925       59.762   520.7
117.6000      -5963.487    -6019.746       56.259   490.1
117.8000      -5965.176    -6023.124       57.948   504.8
118.0000      -5964.158    -6022.013       57.856   504.0
118.2000      -5962.244    -6020.055       57.811   503.7
118.4000      -5963.436    -6024.320       60.884   530.4
118.6000      -5964.717    -6022.770       58.053   505.8
118.8000      -5966.322    -6021.345       55.024   479.4
119.0000      -5966.277    -6024.830       58.553   510.1
119.2000      -5966.289    -6022.942       56.653   493.6
119.4000      -5961.926    -6022.232       60.305   525.4
119.6000      -5962.147    -6020.120       57.973   505.1
119.8000      -5961.767    -6020.013       58.245   507.4
120.0000      -5966.794    -6023.610       56.816   495.0
120.2000      -5967.181    -6024.933       57.752   503.1
120.4000      -5970.698    -6025.070       54.372   473.7
120.6000      -5971.282    -6027.197       55.915   487.1
120.8000      -5971.357    -6025.707       54.350   473.5
121.0000      -5970.380    -6024.628       54.249   472.6
121.2000      -5967.046    -6024.763       57.716   502.8
121.4000      -5967.058    -6024.396       57.338   499.5
121.6000      -5969.719    -6024.711       54.992   479.1
121.8000      -5969.894    -6025.662       55.767   485.8
122.0000      -5968.514    -6024.734       56.219   489.8
122.2000      -5968.240    -6026.593       58.353   508.4
122.4000      -5970.124    -6024.757       54.633   476.0
122.6000      -5969.425    -6025.339       55.913   487.1
122.8000      -5968.558    -6022.932       54.374   473.7
123.0000      -5965.927    -6021.672       55.745   485.7
123.2000      -5965.856    -6025.469       59.612   519.3
123.4000      -5967.950    -6025.166       57.215   498.5
123.6000      -5967.151    -6023.105       55.954   487.5
123.8000      -5965.212    -6021.947       56.735   494.3
124.0000      -5965.656    -6019.740       54.085   471.2
124.2000      -5965.456    -6023.761       58.305   508.0
124.4000      -5965.273    -6023.469       58.196   507.0
124.6000      -5968.049    -6024.639       56.590   493.0
124.8000      -5967.257    -6023.400       56.144   489.1
125.0000      -5966.722    -6022.339       55.617   484.5
125.2000      -5964.379    -6023.203       58.824   512.5
125.4000      -5962.943    -6020.412       57.469   500.7
125.6000      -5963.771    -6022.446       58.675   511.2
125.8000      -5961.749    -6023.312       61.563   536.3
126.0000      -5963.033    -6022.233       59.201   515.8
126.2000      -5965.351    -6023.165       57.814   503.7
126.4000      -5966.520    -6023.452       56.931   496.0
126.6000      -5966.827    -6023.979       57.152   497.9
126.8000      -5966.948    -6024.437       57.489   500.9
127.0000      -5964.729    -6022.216       57.487   500.8
127.2000      -5970.196    -6026.561       56.365   491.1
127.4000      -5967.195    -6024.409       57.214   498.5
127.6000      -5970.133    -6026.343       56.210   489.7
127.8000      -5969.189    -6024.654       55.464   483.2
128.0000      -5969.262    -6022.305       53.043   462.1
128.2000      -5967.538    -6026.018       58.480   509.5
128.4000      -5969.024    -6026.361       57.337   499.5
128.6000      -5965.012    -6022.814       57.803   503.6
128.8000      -5967.231    -6025.603       58.371   508.5
129.0000      -5965.742    -6025.983       60.241   524.8
129.2000      -5965.858    -6025.209       59.351   517.1
129.4000      -5966.092    -6023.074       56.982   496.4
129.6000      -5965.627    -6025.500       59.873   521.6
129.8000      -5965.754    -6023.843       58.089   506.1
130.0000      -5966.398    -6022.122       55.724   485.5
130.2000      -5966.674    -6025.165       58.490   509.6
130.4000      -5966.243    -6024.009       57.766   503.3
130.6000      -5962.772    -6023.427       60.654   528.4
130.8000      -5964.220    -6022.322       58.102   506.2
131.0000      -5961.746    -6020.478       58.731   511.7
131.2000      -5960.662    -6020.865       60.203   524.5
131.4000      -5959.916    -6020.044       60.128   523.8
131.6000      -5959.939    -6019.006       59.067   514.6
131.8000      -5963.585    -6021.431       57.847   504.0
132.0000      -5964.846    -6023.175       58.330   508.2
132.2000      -5964.194    -6024.437       60.242   524.8
132.4000      -5963.567    -6023.005       59.438   517.8
132.6000      -5964.754    -6020.165       55.411   482.8
132.8000      -5963.755    -6023.699       59.944   522.2
133.0000      -5964.683    -6021.417       56.734   494.3
133.2000      -5965.358    -6022.273       56.915   495.9
133.4000      -5964.204    -6024.261       60.058   523.2
133.6000      -5966.340    -6022.935       56.595   493.1
133.8000      -5965.945    -6024.479       58.534   510.0
134.0000      -5965.884    -6021.721       55.837   486.5
134.2000      -5966.783    -6022.249       55.466   483.2
134.4000      -5966.805    -6023.186       56.381   491.2
134.6000      -5966.420    -6023.452       57.032   496.9
134.8000      -5967.445    -6022.095       54.650   476.1
135.0000      -5965.879    -6024.604       58.724   511.6
135.2000      -5965.183    -6023.233       58.050   505.7
135.4000      -5966.332    -6023.409       57.077   497.3
135.6000      -5964.999    -6024.312       59.313   516.7
135.8000      -5967.927    -6023.478       55.551   484.0
136.0000      -5963.759    -6020.733       56.974   496.4
136.2000      -5961.041    -6019.708       58.667   511.1
136.4000      -5963.909    -6023.841       59.932   522.1
136.6000      -5966.182    -6023.265       57.083   497.3
136.8000      -5971.329    -6027.697       56.368   491.1
137.0000      -5966.278    -6023.120       56.842   495.2
137.2000      -5965.352    -6024.877       59.525   518.6
137.4000      -5963.729    -6021.938       58.209   507.1
137.6000      -5963.693    -6021.325       57.631   502.1
137.8000      -5966.110    -6023.530       57.420   500.3
138.0000      -5967.371    -6023.624       56.253   490.1
138.2000      -5965.472    -6023.993       58.520   509.8
138.4000      -5964.353    -6022.013       57.660   502.3
138.6000      -5962.289    -6023.164       60.875   530.3
138.8000      -5965.008    -6023.663       58.655   511.0
139.0000      -5967.201    -6024.838       57.638   502.1
139.2000      -5966.357    -6024.095       57.738   503.0
139.4000      -5968.686    -6024.365       55.679   485.1
139.6000      -5970.225    -6026.412       56.187   489.5
139.8000      -5967.784    -6025.958       58.174   506.8
140.0000      -5968.613    -6024.445       55.831   486.4
140.2000      -5964.983    -6022.519       57.536   501.3
140.4000      -5964.632    -6022.257       57.625   502.0
140.6000      -5961.748    -6022.028       60.281   525.2
140.8000      -5961.380    -6020.439       59.059   514.5
141.0000      -5966.202    -6020.872       54.671   476.3
141.2000      -5967.579    -6023.273       55.694   485.2
141.4000      -5967.550    -6022.379       54.829   477.7
141.6000      -5966.733    -6023.465       56.732   494.3
141.8000      -5969.323    -6024.583       55.260   481.4
142.0000      -5968.860    -6026.417       57.557   501.4
142.2000      -5966.939    -6021.130       54.191   472.1
142.4000      -5964.935    -6022.364       57.429   500.3
142.6000      -5968.404    -6023.759       55.355   482.3
142.8000      -5966.690    -6023.627       56.938   496.0
143.0000      -5967.993    -6023.514       55.521   483.7
143.2000      -5967.964    -6024.738       56.774   494.6
143.4000      -5966.370    -6026.057       59.687   520.0
143.6000      -5966.455    -6023.294       56.840   495.2
143.8000      -5966.907    -6023.580       56.673   493.7
144.0000      -5967.742    -6024.788       57.045   497.0
144.2000      -5967.944    -6025.663       57.719   502.9
144.4000      -5968.047    -6026.613       58.566   510.2
144.6000      -5966.336    -6025.327       58.990   513.9
144.8000      -5965.234    -6023.170       57.936   504.7
145.0000      -5965.354    -6021.976       56.622   493.3
145.2000      -5967.371    -6026.524       59.154   515.4
145.4000      -5967.319    -6023.208       55.889   486.9
145.6000      -5965.452    -6021.895       56.443   491.7
145.8000      -5963.948    -6022.822       58.874   512.9
146.0000      -5967.031    -6025.167       58.137   506.5
146.2000      -5966.029    -6023.687       57.658   502.3
146.4000      -5965.888    -6024.330       58.443   509.2
146.6000      -5968.169    -6026.713       58.544   510.0
146.8000      -5968.495    -6023.675       55.180   480.7
147.0000      -5965.156    -6021.935       56.779   494.7
147.2000      -5963.617    -6022.636       59.019   514.2
147.4000      -5964.330    -6023.921       59.592   519.2
147.6000      -5967.439    -6024.237       56.798   494.8
147.8000      -5967.257    -6023.456       56.199   489.6
148.0000      -5969.555    -6025.112       55.557   484.0
148.2000      -5966.059    -6021.069       55.010   479.3
148.4000      -5964.086    -6020.770       56.684   493.8
148.6000      -5962.397    -6020.702       58.305   508.0
148.8000      -5965.939    -6023.515       57.576   501.6
149.0000      -5965.369    -6022.991       57.622   502.0
149.2000      -5966.321    -6023.717       57.396   500.0
149.4000      -5968.299    -6022.833       54.534   475.1
149.6000      -5964.270    -6022.828       58.557   510.2
149.8000      -5963.699    -6020.692       56.993   496.5
150.0000      -5964.346    -6021.905       57.559   501.5
150.2000      -5965.216    -6024.337       59.121   515.1
150.4000      -5964.778    -6022.218       57.440   500.4
150.6000      -5965.362    -6024.698       59.336   516.9
150.8000      -5963.967    -6022.042       58.075   506.0
151.0000      -5964.029    -6022.712       58.684   511.3
151.2000      -5964.472    -6022.649       58.177   506.8
151.4000      -5964.910    -6022.804       57.894   504.4
151.6000      -5967.431    -6025.009       57.578   501.6
151.8000      -5967.361    -6023.650       56.289   490.4
152.0000      -5968.237    -6024.232       55.996   487.8
152.2000      -5967.250    -6024.567       57.317   499.4
152.4000      -5968.608    -6025.501       56.893   495.7
152.6000      -5965.776    -6020.747       54.971   478.9
152.8000      -5963.964    -6021.798       57.834   503.9
153.0000      -5964.452    -6022.024       57.573   501.6
153.2000      -5967.974    -6025.249       57.275   499.0
153.4000      -5966.969    -6024.908       57.938   504.8
153.6000      -5962.720    -6021.982       59.263   516.3
153.8000      -5963.569    -6022.152       58.583   510.4
154.0000      -5962.710    -6020.045       57.335   499.5
154.2000      -5962.705    -6020.839       58.135   506.5
154.4000      -5964.575    -6021.288       56.713   494.1
154.6000      -5964.550    -6021.740       57.190   498.2
154.8000      -5960.572    -6021.369       60.796   529.7
155.0000      -5960.191    -6019.980       59.790   520.9
155.2000      -5964.062    -6021.995       57.933   504.7
155.4000      -5962.123    -6020.229       58.105   506.2
155.6000      -5963.741    -6021.218       57.478   500.8
155.8000      -5966.106    -6022.275       56.169   489.4
156.0000      -5965.146    -6023.037       57.891   504.3
156.2000      -5963.958    -6023.007       59.049   514.4
156.4000      -5966.165    -6024.197       58.032   505.6
156.6000      -5968.141    -6025.718       57.578   501.6
156.8000      -5968.787    -6025.259       56.472   492.0
157.0000      -5966.181    -6021.915       55.733   485.6
157.2000      -5967.390    -6024.910       57.520   501.1
157.4000      -5965.275    -6021.060       55.784   486.0
157.6000      -5964.544    -6024.272       59.728   520.4
157.8000      -5965.781    -6023.060       57.279   499.0
158.0000      -5965.539    -6023.542       58.003   505.3
158.2000      -5966.948    -6024.682       57.734   503.0
158.4000      -5967.729    -6024.592       56.863   495.4
158.6000      -5965.109    -6023.924       58.816   512.4
158.8000      -5964.030    -6022.006       57.976   505.1
159.0000      -5963.660    -6021.589       57.930   504.7
159.2000      -5961.754    -6023.180       61.425   535.1
159.4000      -5964.473    -6021.999       57.525   501.2
159.6000      -5961.576    -6022.191       60.615   528.1
159.8000      -5961.156    -6021.451       60.296   525.3
160.0000      -5958.044    -6020.532       62.488   544.4
160.2000      -5960.025    -6022.890       62.865   547.7
160.4000      -5964.730    -6023.185       58.454   509.3
160.6000      -5964.869    -6024.291       59.422   517.7
160.8000      -5965.304    -6020.615       55.311   481.9
161.0000      -5966.973    -6022.961       55.988   487.8
161.2000      -5964.666    -6024.427       59.761   520.6
161.4000      -5966.334    -6023.117       56.782   494.7
161.6000      -5967.426    -6025.038       57.611   501.9
161.8000      -5966.223    -6024.576       58.353   508.4
162.0000      -5965.748    -6022.761       57.013   496.7
162.2000      -5967.203    -6024.904       57.701   502.7
162.4000      -5968.328    -6023.149       54.822   477.6
162.6000      -5966.144    -6022.171       56.026   488.1
162.8000      -5969.009    -6025.303       56.294   490.4
163.0000      -5969.181    -6024.042       54.862   478.0
163.2000      -5967.002    -6024.845       57.843   503.9
163.4000      -5969.840    -6025.498       55.657   484.9
163.6000      -5969.091    -6023.992       54.901   478.3
163.8000      -5965.399    -6021.818       56.419   491.5
164.0000      -5967.070    -6022.396       55.326   482.0
164.2000      -5967.810    -6023.797       55.987   487.8
164.4000      -5969.434    -6025.288       55.854   486.6
164.6000      -5969.404    -6025.256       55.852   486.6
164.8000      -5968.329    -6023.526       55.197   480.9
165.0000      -5965.103    -6024.212       59.109   515.0
165.2000      -5962.927    -6019.695       56.769   494.6
165.4000      -5965.587    -6023.594       58.007   505.4
165.6000      -5967.065    -6025.705       58.640   510.9
165.8000      -5969.038    -6022.855       53.817   468.9
166.0000      -5968.282    -6026.030       57.749   503.1
166.2000      -5969.862    -6024.408       54.547   475.2
166.4000      -5970.099    -6027.692       57.593   501.8
166.6000      -5966.131    -6021.407       55.276   481.6
166.8000      -5968.704    -6026.562       57.858   504.1
167.0000      -5970.335    -6024.831       54.496   474.8
167.2000      -5969.856    -6024.100       54.244   472.6
167.4000      -5970.112    -6027.149       57.037   496.9
167.6000      -5966.085    -6025.374       59.288   516.5
167.8000      -5963.001    -6020.645       57.643   502.2
168.0000      -5963.198    -6020.422       57.224   498.5
168.2000      -5966.160    -6024.985       58.825   512.5
168.4000      -5964.340    -6021.925       57.585   501.7
168.6000      -5965.245    -6024.736       59.491   518.3
168.8000      -5964.940    -6021.334       56.394   491.3
169.0000      -5964.186    -6021.394       57.208   498.4
169.2000      -5963.840    -6020.837       56.997   496.6
169.4000      -5964.112    -6022.849       58.736   511.7
169.6000      -5965.203    -6022.421       57.218   498.5
169.8000      -5968.675    -6026.071       57.396   500.0
170.0000      -5967.009    -6024.816       57.808   503.6
170.2000      -5963.019    -6021.884       58.865   512.8
170.4000      -5966.495    -6025.650       59.155   515.4
170.6000      -5967.187    -6026.082       58.895   513.1
170.8000      -5966.858    -6026.470       59.611   519.3
171.0000      -5965.076    -6023.233       58.157   506.7
171.2000      -5963.038    -6022.667       59.629   519.5
171.4000      -5963.773    -6023.083       59.310   516.7
171.6000      -5965.017    -6022.834       57.818   503.7
171.8000      -5961.848    -6020.470       58.621   510.7
172.0000      -5963.288    -6022.584       59.296   516.6
172.2000      -5964.876    -6022.662       57.786   503.4
172.4000      -5963.613    -6021.998       58.384   508.7
172.6000      -5962.269    -6019.712       57.443   500.4
172.8000      -5964.186    -6022.770       58.584   510.4
173.0000      -5964.886    -6022.226       57.340   499.6
173.2000      -5962.591    -6023.870       61.279   533.9
173.4000      -5964.698    -6022.510       57.812   503.7
173.6000      -5964.417    -6022.562       58.145   506.6
173.8000      -5965.097    -6022.117       57.020   496.8
174.0000      -5962.740    -6023.730       60.991   531.4
174.2000      -5966.196    -6024.049       57.853   504.0
174.4000      -5964.815    -6025.149       60.334   525.6
174.6000      -5967.583    -6024.700       57.118   497.6
174.8000      -5966.255    -6024.060       57.804   503.6
175.0000      -5964.149    -6021.319       57.171   498.1
175.2000      -5967.397    -6021.516       54.119   471.5
175.4000      -5967.779    -6023.783       56.005   487.9
175.6000      -5967.030    -6024.418       57.388   500.0
175.8000      -5963.509    -6022.574       59.065   514.6
176.0000      -5968.509    -6026.369       57.860   504.1
176.2000      -5968.206    -6026.017       57.810   503.7
176.4000      -5965.238    -6023.575       58.337   508.2
176.6000      -5965.360    -6022.671       57.312   499.3
176.8000      -5966.698    -6022.305       55.607   484.5
177.0000      -5967.112    -6025.475       58.363   508.5
177.2000      -5966.973    -6022.942       55.970   487.6
177.4000      -5965.892    -6022.756       56.864   495.4
177.6000      -5965.653    -6023.986       58.333   508.2
177.8000      -5965.533    -6024.104       58.572   510.3
178.0000      -5966.081    -6024.646       58.566   510.2
178.2000      -5968.089    -6024.250       56.161   489.3
178.4000      -5969.000    -6025.651       56.651   493.6
178.6000      -5970.640    -6024.659       54.019   470.6
178.8000      -5968.648    -6025.457       56.809   494.9
179.0000      -5970.946    -6027.003       56.057   488.4
179.2000      -5969.292    -6026.044       56.752   494.4
179.4000      -5970.181    -6025.661       55.480   483.3
179.6000      -5971.488    -6024.191       52.703   459.2
179.8000      -5968.427    -6023.643       55.216   481.0
180.0000      -5970.438    -6025.870       55.432   482.9
180.2000      -5970.387    -6025.337       54.950   478.7
180.4000      -5965.133    -6022.040       56.907   495.8
180.6000      -5967.077    -6024.691       57.613   501.9
180.8000      -5965.749    -6024.104       58.354   508.4
181.0000      -5964.313    -6023.629       59.316   516.8
181.2000      -5963.873    -6022.538       58.665   511.1
181.4000      -5967.464    -6021.767       54.303   473.1
181.6000      -5966.177    -6022.763       56.586   493.0
181.8000      -5964.323    -6021.125       56.802   494.9
182.0000      -5963.033    -6021.537       58.504   509.7
182.2000      -5965.899    -6024.361       58.462   509.3
182.4000      -5966.767    -6025.063       58.296   507.9
182.6000      -5967.584    -6024.248       56.663   493.7
182.8000      -5966.632    -6021.991       55.358   482.3
183.0000      -5966.650    -6022.694       56.044   488.3
183.2000      -5967.814    -6025.168       57.354   499.7
183.4000      -5965.215    -6022.994       57.779   503.4
183.6000      -5965.305    -6021.361       56.056   488.4
183.8000      -5965.254    -6022.428       57.174   498.1
184.0000      -5965.823    -6025.712       59.889   521.8
184.2000      -5966.012    -6025.161       59.149   515.3
184.4000      -5968.740    -6024.978       56.237   489.9
184.6000      -5967.524    -6024.208       56.685   493.8
184.8000      -5968.862    -6024.692       55.830   486.4
185.0000      -5966.027    -6023.732       57.705   502.7
185.2000      -5965.909    -6022.165       56.256   490.1
185.4000      -5963.754    -6023.368       59.614   519.4
185.6000      -5963.627    -6021.000       57.373   499.8
185.8000      -5965.452    -6024.302       58.851   512.7
186.0000      -5965.928    -6023.207       57.278   499.0
186.2000      -5963.262    -6022.082       58.819   512.4
186.4000      -5964.664    -6021.187       56.523   492.4
186.6000      -5967.043    -6023.274       56.231   489.9
186.8000      -5963.903    -6020.626       56.723   494.2
187.0000      -5967.408    -6021.620       54.212   472.3
187.2000      -5966.745    -6023.461       56.716   494.1
187.4000      -5965.160    -6021.827       56.667   493.7
187.6000      -5964.705    -6022.468       57.764   503.2
187.8000      -5965.811    -6022.427       56.616   493.2
188.0000      -5964.372    -6020.801       56.429   491.6
188.2000      -5965.488    -6021.780       56.292   490.4
188.4000      -5964.520    -6024.359       59.839   521.3
188.6000      -5964.023    -6023.428       59.405   517.5
188.8000      -5966.930    -6024.477       57.547   501.4
189.0000      -5967.061    -6022.673       55.612   484.5
189.2000      -5962.131    -6021.421       59.290   516.5
189.4000      -5962.770    -6022.986       60.216   524.6
189.6000      -5964.143    -6023.591       59.447   517.9
189.8000      -5965.689    -6024.559       58.870   512.9
190.0000      -5964.936    -6021.417       56.481   492.1
190.2000      -5964.036    -6021.185       57.150   497.9
190.4000      -5966.759    -6022.775       56.016   488.0
190.6000      -5967.433    -6024.455       57.021   496.8
190.8000      -5964.431    -6023.376       58.945   513.5
191.0000      -5966.232    -6024.577       58.346   508.3
191.2000      -5966.508    -6022.695       56.187   489.5
191.4000      -5966.948    -6024.553       57.606   501.9
191.6000      -5966.164    -6022.197       56.033   488.2
191.8000      -5965.515    -6024.794       59.280   516.5
192.0000      -5963.519    -6022.480       58.961   513.7
192.2000      -5966.808    -6024.672       57.864   504.1
192.4000      -5968.013    -6026.328       58.315   508.0
192.6000      -5968.136    -6025.697       57.561   501.5
192.8000      -5966.357    -6023.877       57.519   501.1
193.0000      -5965.119    -6022.935       57.816   503.7
193.2000      -5965.664    -6024.197       58.532   509.9
193.4000      -5966.542    -6023.926       57.385   499.9
193.6000      -5968.602    -6024.123       55.521   483.7
193.8000      -5966.050    -6024.584       58.534   510.0
194.0000      -5964.722    -6022.101       57.379   499.9
194.2000      -5966.963    -6023.893       56.930   496.0
194.4000      -5966.817    -6024.805       57.988   505.2
194.6000      -5965.934    -6023.298       57.364   499.8
194.8000      -5965.811    -6021.833       56.022   488.1
195.0000      -5968.062    -6025.334       57.273   499.0
195.2000      -5967.565    -6024.490       56.926   495.9
195.4000      -5968.855    -6026.261       57.405   500.1
195.6000      -5965.721    -6025.016       59.295   516.6
195.8000      -5966.103    -6023.222       57.119   497.6
196.0000      -5965.187    -6020.564       55.377   482.5
196.2000      -5966.464    -6023.552       57.088   497.4
196.4000      -5967.126    -6023.570       56.444   491.7
196.6000      -5967.957    -6022.966       55.010   479.2
196.8000      -5967.937    -6023.402       55.466   483.2
197.0000      -5967.297    -6022.595       55.298   481.8
197.2000      -5968.184    -6024.094       55.910   487.1
197.4000      -5967.835    -6024.811       56.975   496.4
197.6000      -5967.919    -6024.797       56.878   495.5
197.8000      -5966.675    -6021.677       55.002   479.2
198.0000      -5963.196    -6021.425       58.229   507.3
198.2000      -5965.897    -6024.212       58.315   508.0
198.4000      -5967.769    -6025.576       57.807   503.6
198.6000      -5965.739    -6024.039       58.300   507.9
198.8000      -5966.118    -6020.407       54.290   473.0
199.0000      -5965.171    -6023.208       58.037   505.6
199.2000      -5968.304    -6025.612       57.308   499.3
199.4000      -5964.378    -6020.515       56.136   489.1
199.6000      -5962.302    -6020.801       58.500   509.7
199.8000      -5964.512    -6023.498       58.986   513.9
200.0000      -5963.370    -6023.547       60.178   524.3
