Time[ps]      Etot[eV]     Epot[eV]     Ekin[eV]    T[K]
0.0000        -5935.014    -6005.247       70.233   611.9
0.2000        -5937.244    -6006.626       69.382   604.5
0.4000        -5939.823    -6010.684       70.861   617.3
0.6000        -5941.069    -6010.347       69.278   603.6
0.8000        -5941.298    -6009.815       68.517   596.9
1.0000        -5941.341    -6010.076       68.736   598.8
1.2000        -5937.796    -6010.110       72.314   630.0
1.4000        -5936.265    -6006.615       70.350   612.9
1.6000        -5936.978    -6009.281       72.303   629.9
1.8000        -5939.156    -6008.469       69.313   603.9
2.0000        -5945.155    -6011.968       66.813   582.1
2.2000        -5947.507    -6012.769       65.262   568.6
2.4000        -5945.737    -6012.341       66.604   580.3
2.6000        -5945.916    -6013.465       67.549   588.5
2.8000        -5943.067    -6009.734       66.667   580.8
3.0000        -5941.509    -6009.821       68.312   595.1
3.2000        -5943.686    -6011.329       67.643   589.3
3.4000        -5945.407    -6013.756       68.349   595.5
3.6000        -5946.533    -6013.520       66.986   583.6
3.8000        -5943.785    -6011.727       67.941   591.9
4.0000        -5941.844    -6011.249       69.405   604.7
4.2000        -5943.877    -6014.035       70.158   611.2
4.4000        -5946.391    -6013.713       67.322   586.5
4.6000        -5944.804    -6012.550       67.747   590.2
4.8000        -5940.708    -6011.527       70.819   617.0
5.0000        -5939.854    -6011.604       71.750   625.1
5.2000        -5940.445    -6009.590       69.145   602.4
5.4000        -5943.466    -6012.132       68.666   598.2
5.6000        -5943.798    -6012.737       68.939   600.6
5.8000        -5942.609    -6010.423       67.813   590.8
6.0000        -5941.321    -6010.680       69.359   604.3
6.2000        -5937.863    -6011.841       73.978   644.5
6.4000        -5936.669    -6006.292       69.623   606.6
6.6000        -5939.219    -6008.622       69.402   604.6
6.8000        -5940.379    -6011.936       71.557   623.4
7.0000        -5937.999    -6008.858       70.859   617.3
7.2000        -5942.010    -6010.867       68.857   599.9
7.4000        -5941.583    -6008.504       66.921   583.0
7.6000        -5941.714    -6012.344       70.629   615.3
7.8000        -5943.471    -6010.884       67.414   587.3
8.0000        -5943.790    -6011.918       68.128   593.5
8.2000        -5941.816    -6011.198       69.383   604.5
8.4000        -5940.367    -6010.698       70.331   612.7
8.6000        -5940.097    -6010.866       70.769   616.5
8.8000        -5943.104    -6010.333       67.229   585.7
9.0000        -5943.525    -6012.205       68.680   598.3
9.2000        -5946.479    -6012.738       66.259   577.3
9.4000        -5944.918    -6012.891       67.972   592.2
9.6000        -5945.506    -6014.331       68.824   599.6
9.8000        -5944.370    -6013.085       68.715   598.7
10.0000       -5945.143    -6012.840       67.697   589.8
10.2000       -5942.910    -6012.803       69.894   608.9
10.4000       -5942.571    -6011.373       68.802   599.4
10.6000       -5943.632    -6012.443       68.811   599.5
10.8000       -5940.860    -6012.221       71.362   621.7
11.0000       -5942.010    -6009.882       67.871   591.3
11.2000       -5941.932    -6013.079       71.147   619.8
11.4000       -5940.606    -6007.822       67.216   585.6
11.6000       -5942.024    -6010.321       68.297   595.0
11.8000       -5939.834    -6010.809       70.975   618.3
12.0000       -5939.462    -6009.833       70.371   613.1
12.2000       -5940.699    -6014.009       73.309   638.7
12.4000       -5938.216    -6010.632       72.416   630.9
12.6000       -5939.919    -6008.137       68.218   594.3
12.8000       -5936.592    -6008.369       71.776   625.3
13.0000       -5941.436    -6010.867       69.431   604.9
13.2000       -5943.259    -6009.131       65.872   573.9
13.4000       -5945.078    -6011.873       66.795   581.9
13.6000       -5942.522    -6012.129       69.607   606.4
13.8000       -5945.650    -6011.163       65.513   570.8
14.0000       -5946.135    -6013.821       67.686   589.7
14.2000       -5944.925    -6013.065       68.140   593.6
14.4000       -5946.076    -6013.319       67.243   585.8
14.6000       -5948.104    -6014.329       66.225   577.0
14.8000       -5946.295    -6011.664       65.369   569.5
15.0000       -5945.214    -6013.530       68.316   595.2
15.2000       -5939.800    -6010.057       70.257   612.1
15.4000       -5939.007    -6009.545       70.539   614.5
15.6000       -5937.777    -6008.428       70.651   615.5
15.8000       -5943.244    -6010.368       67.124   584.8
16.0000       -5944.705    -6013.301       68.596   597.6
16.2000       -5944.283    -6013.698       69.415   604.8
16.4000       -5942.849    -6011.410       68.560   597.3
16.6000       -5942.596    -6011.506       68.910   600.3
16.8000       -5941.364    -6009.540       68.175   593.9
17.0000       -5944.979    -6012.430       67.451   587.6
17.2000       -5944.485    -6011.406       66.921   583.0
17.4000       -5939.664    -6013.717       74.053   645.2
17.6000       -5939.472    -6009.084       69.612   606.5
17.8000       -5942.569    -6011.335       68.766   599.1
18.0000       -5942.617    -6010.301       67.683   589.7
18.2000       -5941.045    -6008.983       67.938   591.9
18.4000       -5940.622    -6011.964       71.342   621.5
18.6000       -5941.439    -6011.254       69.816   608.2
18.8000       -5944.388    -6012.208       67.820   590.9
19.0000       -5943.576    -6013.538       69.963   609.5
19.2000       -5944.066    -6011.883       67.817   590.8
19.4000       -5944.169    -6009.112       64.943   565.8
19.6000       -5944.181    -6012.671       68.490   596.7
19.8000       -5940.573    -6010.904       70.331   612.7
20.0000       -5939.143    -6011.575       72.432   631.0
20.2000       -5940.716    -6008.472       67.756   590.3
20.4000       -5939.291    -6008.899       69.609   606.4
20.6000       -5937.393    -6010.712       73.319   638.8
20.8000       -5942.253    -6011.562       69.308   603.8
21.0000       -5942.520    -6010.648       68.128   593.5
21.2000       -5941.562    -6009.298       67.736   590.1
21.4000       -5943.617    -6011.715       68.098   593.3
21.6000       -5942.175    -6012.406       70.232   611.9
21.8000       -5941.356    -6010.064       68.708   598.6
22.0000       -5942.342    -6012.315       69.974   609.6
22.2000       -5943.468    -6011.025       67.558   588.6
22.4000       -5938.761    -6009.621       70.860   617.3
22.6000       -5939.655    -6012.365       72.710   633.5
22.8000       -5941.502    -6009.521       68.018   592.6
23.0000       -5942.793    -6010.610       67.817   590.8
23.2000       -5940.644    -6010.789       70.145   611.1
23.4000       -5941.583    -6009.433       67.850   591.1
23.6000       -5943.826    -6012.605       68.779   599.2
23.8000       -5940.235    -6011.764       71.529   623.2
24.0000       -5940.201    -6007.756       67.555   588.5
24.2000       -5942.848    -6011.639       68.790   599.3
24.4000       -5947.836    -6012.069       64.233   559.6
24.6000       -5947.598    -6013.545       65.948   574.5
24.8000       -5945.748    -6010.667       64.919   565.6
25.0000       -5943.413    -6013.804       70.391   613.3
25.2000       -5944.687    -6013.062       68.375   595.7
25.4000       -5942.618    -6012.179       69.561   606.0
25.6000       -5944.126    -6012.492       68.366   595.6
25.8000       -5945.322    -6011.912       66.589   580.1
26.0000       -5940.705    -6009.808       69.103   602.0
26.2000       -5940.162    -6009.171       69.008   601.2
26.4000       -5940.799    -6010.881       70.083   610.6
26.6000       -5943.196    -6012.288       69.093   601.9
26.8000       -5941.588    -6014.348       72.759   633.9
27.0000       -5939.695    -6011.285       71.589   623.7
27.2000       -5936.400    -6010.305       73.905   643.9
27.4000       -5938.306    -6008.394       70.088   610.6
27.6000       -5944.104    -6010.906       66.802   582.0
27.8000       -5941.610    -6011.107       69.498   605.5
28.0000       -5941.567    -6012.943       71.376   621.8
28.2000       -5940.687    -6009.236       68.549   597.2
28.4000       -5940.632    -6010.934       70.302   612.5
28.6000       -5940.764    -6011.611       70.848   617.2
28.8000       -5938.420    -6008.250       69.831   608.4
29.0000       -5939.456    -6010.373       70.916   617.8
29.2000       -5941.805    -6009.772       67.967   592.1
29.4000       -5942.651    -6008.690       66.039   575.3
29.6000       -5941.821    -6012.605       70.784   616.7
29.8000       -5940.407    -6009.293       68.886   600.1
30.0000       -5944.578    -6010.995       66.417   578.6
30.2000       -5944.312    -6014.407       70.095   610.7
30.4000       -5943.636    -6011.572       67.936   591.9
30.6000       -5942.961    -6013.567       70.606   615.1
30.8000       -5945.795    -6013.156       67.361   586.9
31.0000       -5944.805    -6013.299       68.494   596.7
31.2000       -5946.059    -6015.969       69.911   609.1
31.4000       -5946.253    -6015.224       68.971   600.9
31.6000       -5946.682    -6015.337       68.655   598.1
31.8000       -5945.744    -6011.537       65.793   573.2
32.0000       -5940.498    -6012.395       71.897   626.4
32.2000       -5938.585    -6008.830       70.244   612.0
32.4000       -5943.582    -6014.065       70.483   614.1
32.6000       -5939.492    -6009.002       69.511   605.6
32.8000       -5938.134    -6011.045       72.912   635.2
33.0000       -5940.204    -6010.938       70.735   616.2
33.2000       -5942.668    -6012.367       69.699   607.2
33.4000       -5946.027    -6014.557       68.530   597.0
33.6000       -5942.182    -6011.782       69.600   606.4
33.8000       -5942.629    -6012.164       69.534   605.8
34.0000       -5946.131    -6012.416       66.285   577.5
34.2000       -5942.166    -6013.398       71.232   620.6
34.4000       -5942.362    -6014.975       72.613   632.6
34.6000       -5942.860    -6011.743       68.883   600.1
34.8000       -5943.933    -6010.432       66.499   579.3
35.0000       -5939.827    -6010.023       70.196   611.6
35.2000       -5944.613    -6013.561       68.948   600.7
35.4000       -5944.304    -6013.699       69.394   604.6
35.6000       -5942.832    -6009.278       66.446   578.9
35.8000       -5943.988    -6012.135       68.147   593.7
36.0000       -5940.755    -6010.736       69.981   609.7
36.2000       -5944.708    -6012.704       67.996   592.4
36.4000       -5943.356    -6011.173       67.817   590.8
36.6000       -5944.054    -6012.773       68.719   598.7
36.8000       -5944.429    -6013.218       68.789   599.3
37.0000       -5944.241    -6013.585       69.345   604.1
37.2000       -5941.894    -6013.252       71.359   621.7
37.4000       -5943.067    -6010.847       67.780   590.5
37.6000       -5940.348    -6011.611       71.263   620.8
37.8000       -5939.042    -6008.179       69.137   602.3
38.0000       -5939.801    -6010.579       70.778   616.6
38.2000       -5940.284    -6009.997       69.713   607.3
38.4000       -5937.545    -6007.892       70.347   612.9
38.6000       -5937.733    -6009.064       71.332   621.4
38.8000       -5938.174    -6008.538       70.364   613.0
39.0000       -5935.974    -6009.706       73.733   642.4
39.2000       -5934.000    -6006.379       72.379   630.6
39.4000       -5934.908    -6003.384       68.476   596.6
39.6000       -5936.224    -6006.019       69.796   608.1
39.8000       -5935.940    -6007.448       71.508   623.0
40.0000       -5939.861    -6010.877       71.017   618.7
40.2000       -5943.390    -6013.140       69.750   607.7
40.4000       -5945.287    -6014.498       69.211   603.0
40.6000       -5943.028    -6012.317       69.289   603.7
40.8000       -5943.532    -6011.079       67.547   588.5
41.0000       -5939.371    -6011.380       72.009   627.3
41.2000       -5941.145    -6008.721       67.576   588.7
41.4000       -5938.778    -6008.507       69.729   607.5
41.6000       -5941.306    -6012.413       71.106   619.5
41.8000       -5942.822    -6010.513       67.691   589.7
42.0000       -5941.940    -6011.669       69.729   607.5
42.2000       -5944.508    -6014.402       69.894   608.9
42.4000       -5943.422    -6012.730       69.308   603.8
42.6000       -5945.241    -6012.227       66.986   583.6
42.8000       -5947.283    -6012.109       64.826   564.8
43.0000       -5947.279    -6015.346       68.067   593.0
43.2000       -5944.832    -6012.929       68.097   593.3
43.4000       -5943.336    -6010.685       67.349   586.7
43.6000       -5938.650    -6009.146       70.497   614.2
43.8000       -5941.032    -6012.277       71.246   620.7
44.0000       -5941.857    -6012.981       71.124   619.6
44.2000       -5939.421    -6011.029       71.608   623.9
44.4000       -5942.534    -6010.186       67.652   589.4
44.6000       -5943.352    -6010.636       67.284   586.2
44.8000       -5939.585    -6010.659       71.075   619.2
45.0000       -5941.300    -6010.871       69.571   606.1
45.2000       -5940.466    -6008.468       68.002   592.4
45.4000       -5942.932    -6010.500       67.569   588.7
45.6000       -5941.964    -6012.093       70.130   611.0
45.8000       -5943.841    -6014.446       70.606   615.1
46.0000       -5944.272    -6012.196       67.924   591.8
46.2000       -5944.474    -6010.866       66.392   578.4
46.4000       -5942.646    -6013.237       70.591   615.0
46.6000       -5943.948    -6011.644       67.696   589.8
46.8000       -5943.884    -6013.731       69.847   608.5
47.0000       -5943.013    -6012.094       69.081   601.8
47.2000       -5943.264    -6010.945       67.680   589.6
47.4000       -5944.572    -6013.386       68.814   599.5
47.6000       -5945.187    -6013.368       68.180   594.0
47.8000       -5943.581    -6011.380       67.799   590.7
48.0000       -5945.143    -6010.181       65.038   566.6
48.2000       -5942.511    -6011.145       68.634   597.9
48.4000       -5941.735    -6010.726       68.991   601.1
48.6000       -5945.931    -6012.954       67.022   583.9
48.8000       -5945.993    -6011.606       65.613   571.6
49.0000       -5947.522    -6014.360       66.838   582.3
49.2000       -5946.377    -6012.528       66.151   576.3
49.4000       -5942.954    -6011.911       68.957   600.8
49.6000       -5942.767    -6011.690       68.923   600.5
49.8000       -5942.820    -6009.912       67.092   584.5
50.0000       -5940.979    -6010.695       69.716   607.4
50.2000       -5943.048    -6010.232       67.184   585.3
50.4000       -5940.408    -6011.198       70.790   616.7
50.6000       -5946.018    -6011.611       65.593   571.5
50.8000       -5949.645    -6014.457       64.812   564.6
51.0000       -5947.436    -6014.550       67.113   584.7
51.2000       -5946.219    -6012.123       65.903   574.2
51.4000       -5943.693    -6009.226       65.533   570.9
51.6000       -5945.326    -6012.963       67.637   589.3
51.8000       -5942.487    -6010.781       68.295   595.0
52.0000       -5943.256    -6015.265       72.009   627.3
52.2000       -5941.946    -6010.750       68.804   599.4
52.4000       -5947.379    -6014.591       67.212   585.6
52.6000       -5946.672    -6014.490       67.819   590.8
52.8000       -5944.923    -6014.640       69.717   607.4
53.0000       -5945.682    -6014.198       68.516   596.9
53.2000       -5943.929    -6012.236       68.306   595.1
53.4000       -5947.800    -6014.074       66.275   577.4
53.6000       -5949.277    -6015.456       66.179   576.6
53.8000       -5946.468    -6013.935       67.467   587.8
54.0000       -5948.685    -6016.583       67.899   591.5
54.2000       -5943.295    -6010.883       67.589   588.8
54.4000       -5946.055    -6013.967       67.913   591.7
54.6000       -5950.858    -6014.806       63.947   557.1
54.8000       -5945.221    -6013.134       67.912   591.7
55.0000       -5942.905    -6008.956       66.051   575.4
55.2000       -5944.146    -6011.659       67.513   588.2
55.4000       -5943.349    -6014.787       71.438   622.4
55.6000       -5942.041    -6010.754       68.713   598.6
55.8000       -5942.716    -6010.142       67.426   587.4
56.0000       -5946.069    -6013.589       67.520   588.2
56.2000       -5944.134    -6015.554       71.420   622.2
56.4000       -5943.375    -6013.656       70.281   612.3
56.6000       -5947.551    -6016.702       69.151   602.5
56.8000       -5943.756    -6011.388       67.632   589.2
57.0000       -5944.460    -6012.035       67.575   588.7
57.2000       -5945.696    -6014.881       69.185   602.7
57.4000       -5949.506    -6013.844       64.338   560.5
57.6000       -5943.167    -6012.113       68.947   600.7
57.8000       -5942.934    -6011.166       68.232   594.4
58.0000       -5942.571    -6013.765       71.194   620.2
58.2000       -5944.558    -6012.275       67.717   590.0
58.4000       -5943.294    -6010.823       67.529   588.3
58.6000       -5943.515    -6013.560       70.045   610.2
58.8000       -5943.884    -6011.743       67.859   591.2
59.0000       -5942.860    -6010.264       67.404   587.2
59.2000       -5938.888    -6006.152       67.264   586.0
59.4000       -5936.645    -6003.810       67.165   585.1
59.6000       -5937.576    -6008.455       70.879   617.5
59.8000       -5942.057    -6012.567       70.510   614.3
60.0000       -5943.232    -6011.708       68.476   596.6
60.2000       -5941.152    -6010.846       69.694   607.2
60.4000       -5945.395    -6012.843       67.448   587.6
60.6000       -5943.461    -6012.501       69.041   601.5
60.8000       -5943.561    -6010.767       67.205   585.5
61.0000       -5946.900    -6013.550       66.650   580.7
61.2000       -5944.860    -6012.143       67.282   586.2
61.4000       -5943.054    -6012.417       69.363   604.3
61.6000       -5945.406    -6011.995       66.589   580.1
61.8000       -5946.001    -6014.392       68.391   595.8
62.0000       -5947.317    -6014.230       66.913   583.0
62.2000       -5950.911    -6015.875       64.964   566.0
62.4000       -5949.569    -6015.793       66.224   577.0
62.6000       -5946.735    -6014.759       68.024   592.6
62.8000       -5943.573    -6012.100       68.527   597.0
63.0000       -5945.006    -6012.592       67.586   588.8
63.2000       -5946.636    -6017.112       70.476   614.0
63.4000       -5945.856    -6012.919       67.063   584.3
63.6000       -5944.829    -6013.116       68.287   594.9
63.8000       -5944.590    -6012.912       68.322   595.2
64.0000       -5944.186    -6012.494       68.308   595.1
64.2000       -5941.686    -6012.968       71.282   621.0
64.4000       -5940.264    -6013.501       73.236   638.0
64.6000       -5939.569    -6010.429       70.860   617.3
64.8000       -5940.065    -6013.505       73.440   639.8
65.0000       -5939.035    -6010.480       71.446   622.4
65.2000       -5938.896    -6010.708       71.812   625.6
65.4000       -5939.083    -6009.919       70.836   617.1
65.6000       -5938.889    -6010.658       71.769   625.3
65.8000       -5940.386    -6012.091       71.705   624.7
66.0000       -5941.859    -6011.892       70.032   610.1
66.2000       -5940.086    -6010.588       70.501   614.2
66.4000       -5941.138    -6008.080       66.942   583.2
66.6000       -5941.740    -6012.145       70.404   613.4
66.8000       -5944.144    -6011.424       67.280   586.1
67.0000       -5943.508    -6012.097       68.589   597.6
67.2000       -5939.670    -6010.524       70.854   617.3
67.4000       -5937.780    -6010.417       72.637   632.8
67.6000       -5938.384    -6010.940       72.557   632.1
67.8000       -5937.639    -6008.098       70.459   613.8
68.0000       -5943.025    -6010.812       67.787   590.6
68.2000       -5944.771    -6012.394       67.623   589.1
68.4000       -5946.281    -6011.227       64.945   565.8
68.6000       -5943.616    -6012.462       68.846   599.8
68.8000       -5943.019    -6013.000       69.981   609.7
69.0000       -5945.066    -6012.721       67.655   589.4
69.2000       -5943.584    -6010.163       66.579   580.0
69.4000       -5945.120    -6012.159       67.039   584.1
69.6000       -5946.634    -6012.751       66.117   576.0
69.8000       -5946.854    -6012.404       65.550   571.1
70.0000       -5945.101    -6012.859       67.758   590.3
70.2000       -5942.634    -6011.577       68.943   600.6
70.4000       -5942.859    -6011.740       68.881   600.1
70.6000       -5941.764    -6011.849       70.085   610.6
70.8000       -5941.616    -6012.428       70.812   616.9
71.0000       -5945.685    -6014.137       68.452   596.4
71.2000       -5944.437    -6012.561       68.123   593.5
71.4000       -5943.215    -6014.300       71.084   619.3
71.6000       -5942.323    -6012.850       70.527   614.4
71.8000       -5941.581    -6011.610       70.029   610.1
72.0000       -5940.437    -6012.955       72.518   631.8
72.2000       -5944.845    -6013.355       68.510   596.9
72.4000       -5943.850    -6013.480       69.630   606.6
72.6000       -5946.248    -6012.826       66.578   580.0
72.8000       -5943.877    -6013.098       69.221   603.1
73.0000       -5945.543    -6012.366       66.822   582.2
73.2000       -5944.366    -6011.705       67.339   586.7
73.4000       -5939.113    -6010.180       71.067   619.1
73.6000       -5941.310    -6013.316       72.007   627.3
73.8000       -5942.731    -6012.857       70.126   610.9
74.0000       -5944.172    -6013.592       69.421   604.8
74.2000       -5946.932    -6013.677       66.745   581.5
74.4000       -5940.485    -6010.907       70.423   613.5
74.6000       -5940.272    -6011.054       70.783   616.7
74.8000       -5939.061    -6008.040       68.979   601.0
75.0000       -5943.820    -6011.778       67.957   592.1
75.2000       -5946.995    -6013.660       66.664   580.8
75.4000       -5942.755    -6010.827       68.072   593.1
75.6000       -5938.896    -6008.956       70.060   610.4
75.8000       -5939.973    -6010.477       70.503   614.2
76.0000       -5938.962    -6010.704       71.742   625.0
76.2000       -5936.863    -6011.728       74.865   652.2
76.4000       -5938.127    -6012.517       74.390   648.1
76.6000       -5936.716    -6009.016       72.300   629.9
76.8000       -5935.781    -6008.027       72.246   629.4
77.0000       -5942.398    -6013.776       71.377   621.8
77.2000       -5943.033    -6012.149       69.116   602.1
77.4000       -5943.172    -6013.330       70.158   611.2
77.6000       -5943.253    -6010.684       67.431   587.5
77.8000       -5941.676    -6015.876       74.201   646.4
78.0000       -5944.603    -6010.854       66.251   577.2
78.2000       -5942.098    -6011.952       69.855   608.6
78.4000       -5947.053    -6013.521       66.468   579.1
78.6000       -5945.063    -6012.490       67.427   587.4
78.8000       -5940.143    -6010.890       70.746   616.3
79.0000       -5940.269    -6011.724       71.455   622.5
79.2000       -5941.922    -6009.907       67.985   592.3
79.4000       -5943.290    -6012.772       69.482   605.3
79.6000       -5943.740    -6011.677       67.936   591.9
79.8000       -5943.904    -6012.161       68.257   594.7
80.0000       -5941.571    -6010.502       68.931   600.5
80.2000       -5941.533    -6010.619       69.086   601.9
80.4000       -5946.049    -6013.154       67.105   584.6
80.6000       -5945.964    -6013.192       67.228   585.7
80.8000       -5945.191    -6013.485       68.293   595.0
81.0000       -5941.909    -6012.140       70.231   611.9
81.2000       -5942.229    -6010.344       68.115   593.4
81.4000       -5945.116    -6010.402       65.286   568.8
81.6000       -5943.713    -6014.095       70.382   613.2
81.8000       -5947.167    -6014.305       67.138   584.9
82.0000       -5945.180    -6013.923       68.743   598.9
82.2000       -5941.185    -6015.200       74.015   644.8
82.4000       -5943.276    -6014.770       71.493   622.9
82.6000       -5944.470    -6012.616       68.146   593.7
82.8000       -5942.328    -6010.732       68.404   595.9
83.0000       -5947.346    -6015.788       68.442   596.3
83.2000       -5943.933    -6011.438       67.505   588.1
83.4000       -5942.278    -6013.746       71.468   622.6
83.6000       -5939.765    -6009.756       69.991   609.8
83.8000       -5945.905    -6012.925       67.020   583.9
84.0000       -5943.941    -6012.528       68.587   597.5
84.2000       -5944.668    -6014.513       69.846   608.5
84.4000       -5942.248    -6012.008       69.760   607.8
84.6000       -5938.433    -6007.298       68.866   600.0
84.8000       -5937.507    -6007.405       69.898   609.0
85.0000       -5941.758    -6010.082       68.323   595.2
85.2000       -5943.673    -6013.163       69.490   605.4
85.4000       -5943.930    -6012.801       68.871   600.0
85.6000       -5944.156    -6010.825       66.669   580.8
85.8000       -5946.093    -6013.737       67.643   589.3
86.0000       -5947.588    -6016.372       68.784   599.3
86.2000       -5950.053    -6015.180       65.128   567.4
86.4000       -5945.870    -6013.738       67.868   591.3
86.6000       -5945.446    -6011.666       66.220   576.9
86.8000       -5941.809    -6011.622       69.813   608.2
87.0000       -5942.462    -6011.328       68.866   600.0
87.2000       -5941.956    -6011.866       69.910   609.1
87.4000       -5945.030    -6013.560       68.530   597.0
87.6000       -5944.878    -6013.309       68.431   596.2
87.8000       -5943.266    -6010.810       67.544   588.4
88.0000       -5943.902    -6015.629       71.728   624.9
88.2000       -5945.552    -6014.187       68.635   598.0
88.4000       -5943.385    -6012.105       68.720   598.7
88.6000       -5943.309    -6012.474       69.164   602.6
88.8000       -5943.295    -6010.374       67.079   584.4
89.0000       -5948.295    -6015.205       66.910   582.9
89.2000       -5944.716    -6015.257       70.541   614.6
89.4000       -5943.468    -6012.517       69.049   601.6
89.6000       -5939.757    -6010.134       70.377   613.1
89.8000       -5943.705    -6010.988       67.283   586.2
90.0000       -5947.074    -6013.384       66.310   577.7
90.2000       -5945.636    -6011.668       66.032   575.3
90.4000       -5941.157    -6011.406       70.249   612.0
90.6000       -5942.839    -6012.194       69.355   604.2
90.8000       -5941.347    -6011.891       70.544   614.6
91.0000       -5945.690    -6013.418       67.729   590.1
91.2000       -5943.058    -6009.782       66.724   581.3
91.4000       -5944.350    -6012.850       68.500   596.8
91.6000       -5946.624    -6015.049       68.425   596.1
91.8000       -5947.797    -6014.663       66.866   582.5
92.0000       -5943.578    -6013.543       69.965   609.5
92.2000       -5943.366    -6011.953       68.587   597.5
92.4000       -5940.618    -6012.712       72.094   628.1
92.6000       -5940.976    -6011.220       70.244   612.0
92.8000       -5942.137    -6009.757       67.620   589.1
93.0000       -5936.210    -6008.569       72.359   630.4
93.2000       -5939.404    -6009.730       70.327   612.7
93.4000       -5939.863    -6009.713       69.850   608.5
93.6000       -5938.847    -6010.593       71.746   625.1
93.8000       -5943.332    -6012.420       69.088   601.9
94.0000       -5941.025    -6009.465       68.440   596.3
94.2000       -5942.401    -6012.111       69.710   607.3
94.4000       -5942.540    -6012.198       69.658   606.9
94.6000       -5944.945    -6010.829       65.883   574.0
94.8000       -5946.820    -6016.067       69.247   603.3
95.0000       -5944.360    -6012.847       68.486   596.7
95.2000       -5946.164    -6014.437       68.273   594.8
95.4000       -5943.916    -6015.026       71.110   619.5
95.6000       -5945.175    -6013.751       68.576   597.4
95.8000       -5946.378    -6012.467       66.090   575.8
96.0000       -5941.714    -6012.068       70.354   612.9
96.2000       -5941.090    -6011.057       69.967   609.6
96.4000       -5942.366    -6011.832       69.465   605.2
96.6000       -5945.174    -6013.144       67.969   592.2
96.8000       -5944.049    -6010.976       66.927   583.1
97.0000       -5942.286    -6010.568       68.282   594.9
97.2000       -5941.454    -6011.055       69.602   606.4
97.4000       -5940.587    -6011.893       71.305   621.2
97.6000       -5939.860    -6009.167       69.307   603.8
97.8000       -5939.932    -6010.701       70.770   616.6
98.0000       -5940.464    -6011.120       70.656   615.6
98.2000       -5941.155    -6011.293       70.138   611.0
98.4000       -5942.266    -6010.322       68.056   592.9
98.6000       -5944.886    -6013.734       68.848   599.8
98.8000       -5949.194    -6016.688       67.494   588.0
99.0000       -5946.005    -6015.008       69.003   601.2
99.2000       -5945.898    -6012.781       66.883   582.7
99.4000       -5944.485    -6012.336       67.852   591.1
99.6000       -5944.008    -6011.174       67.166   585.2
99.8000       -5943.965    -6013.266       69.301   603.8
100.0000      -5941.754    -6010.986       69.232   603.2
100.2000      -5943.319    -6012.042       68.722   598.7
100.4000      -5944.212    -6013.050       68.838   599.7
100.6000      -5944.752    -6011.330       66.578   580.0
100.8000      -5947.849    -6014.009       66.160   576.4
101.0000      -5944.255    -6011.721       67.466   587.8
101.2000      -5943.162    -6009.369       66.207   576.8
101.4000      -5941.106    -6011.344       70.238   611.9
101.6000      -5937.270    -6010.299       73.029   636.2
101.8000      -5941.968    -6011.197       69.229   603.1
102.0000      -5940.060    -6010.335       70.275   612.2
102.2000      -5939.344    -6010.051       70.707   616.0
102.4000      -5944.114    -6011.776       67.662   589.5
102.6000      -5944.688    -6010.271       65.582   571.4
102.8000      -5945.774    -6010.932       65.157   567.7
103.0000      -5944.724    -6014.243       69.519   605.7
103.2000      -5942.004    -6010.990       68.987   601.0
103.4000      -5943.817    -6010.727       66.910   582.9
103.6000      -5941.085    -6012.585       71.500   622.9
103.8000      -5945.315    -6010.996       65.681   572.2
104.0000      -5945.062    -6011.493       66.431   578.8
104.2000      -5944.739    -6012.903       68.164   593.9
104.4000      -5943.898    -6011.743       67.845   591.1
104.6000      -5948.153    -6014.626       66.474   579.1
104.8000      -5943.724    -6012.111       68.387   595.8
105.0000      -5943.450    -6012.462       69.013   601.2
105.2000      -5941.948    -6012.550       70.602   615.1
105.4000      -5940.236    -6010.710       70.474   614.0
105.6000      -5939.504    -6008.676       69.172   602.6
105.8000      -5938.836    -6010.972       72.136   628.5
106.0000      -5939.181    -6011.107       71.926   626.6
106.2000      -5941.257    -6010.650       69.393   604.6
106.4000      -5943.069    -6012.417       69.348   604.2
106.6000      -5943.185    -6010.862       67.676   589.6
106.8000      -5946.765    -6012.946       66.181   576.6
107.0000      -5943.971    -6013.950       69.979   609.7
107.2000      -5941.749    -6014.187       72.438   631.1
107.4000      -5944.444    -6012.314       67.870   591.3
107.6000      -5946.608    -6013.098       66.489   579.3
107.8000      -5943.129    -6013.125       69.996   609.8
108.0000      -5944.224    -6014.892       70.668   615.7
108.2000      -5946.206    -6011.936       65.729   572.6
108.4000      -5946.269    -6013.091       66.822   582.2
108.6000      -5947.664    -6011.969       64.305   560.2
108.8000      -5948.358    -6013.184       64.825   564.8
109.0000      -5944.627    -6011.474       66.847   582.4
109.2000      -5945.659    -6013.563       67.904   591.6
109.4000      -5943.724    -6013.642       69.918   609.1
109.6000      -5940.782    -6011.283       70.502   614.2
109.8000      -5943.980    -6011.515       67.535   588.4
110.0000      -5941.078    -6012.312       71.235   620.6
110.2000      -5944.059    -6013.549       69.490   605.4
110.4000      -5945.180    -6012.501       67.321   586.5
110.6000      -5946.974    -6012.769       65.795   573.2
110.8000      -5945.770    -6013.628       67.859   591.2
111.0000      -5944.344    -6014.292       69.949   609.4
111.2000      -5944.235    -6012.508       68.274   594.8
111.4000      -5944.108    -6013.460       69.352   604.2
111.6000      -5941.455    -6010.202       68.748   598.9
111.8000      -5943.075    -6013.281       70.207   611.6
112.0000      -5943.060    -6010.996       67.935   591.9
112.2000      -5941.590    -6009.405       67.815   590.8
112.4000      -5946.014    -6014.505       68.491   596.7
112.6000      -5943.201    -6011.972       68.771   599.1
112.8000      -5944.175    -6011.373       67.198   585.4
113.0000      -5945.083    -6013.762       68.679   598.3
113.2000      -5944.108    -6012.344       68.237   594.5
113.4000      -5944.689    -6011.023       66.334   577.9
113.6000      -5941.004    -6009.237       68.234   594.5
113.8000      -5946.162    -6011.978       65.816   573.4
114.0000      -5943.508    -6011.573       68.065   593.0
114.2000      -5941.321    -6009.897       68.576   597.4
114.4000      -5940.782    -6012.057       71.275   621.0
114.6000      -5939.823    -6009.310       69.487   605.4
114.8000      -5940.716    -6010.784       70.067   610.4
115.0000      -5944.226    -6011.005       66.778   581.8
115.2000      -5945.856    -6013.875       68.019   592.6
115.4000      -5943.588    -6011.196       67.608   589.0
115.6000      -5944.898    -6012.020       67.122   584.8
115.8000      -5945.455    -6010.506       65.052   566.7
116.0000      -5947.709    -6015.301       67.592   588.9
116.2000      -5946.334    -6011.980       65.646   571.9
116.4000      -5942.961    -6012.040       69.079   601.8
116.6000      -5944.643    -6012.029       67.386   587.1
116.8000      -5942.637    -6012.058       69.421   604.8
117.0000      -5942.080    -6011.248       69.167   602.6
117.2000      -5945.036    -6012.029       66.994   583.7
117.4000      -5945.660    -6012.421       66.760   581.6
117.6000      -5941.840    -6010.375       68.535   597.1
117.8000      -5941.877    -6013.669       71.792   625.5
118.0000      -5940.596    -6010.727       70.130   611.0
118.2000      -5939.032    -6010.494       71.462   622.6
118.4000      -5938.533    -6011.373       72.840   634.6
118.6000      -5940.368    -6010.889       70.521   614.4
118.8000      -5944.253    -6014.660       70.407   613.4
119.0000      -5945.634    -6011.516       65.883   574.0
119.2000      -5945.339    -6011.828       66.488   579.3
119.4000      -5946.167    -6014.400       68.233   594.5
119.6000      -5941.353    -6009.144       67.791   590.6
119.8000      -5941.307    -6010.078       68.771   599.1
120.0000      -5944.401    -6014.243       69.842   608.5
120.2000      -5944.303    -6013.289       68.986   601.0
120.4000      -5943.207    -6013.594       70.387   613.2
120.6000      -5944.008    -6013.810       69.802   608.1
120.8000      -5942.810    -6010.193       67.383   587.0
121.0000      -5941.791    -6011.442       69.652   606.8
121.2000      -5945.010    -6014.674       69.664   606.9
121.4000      -5942.282    -6012.625       70.343   612.8
121.6000      -5941.728    -6012.355       70.627   615.3
121.8000      -5939.561    -6012.769       73.208   637.8
122.0000      -5936.243    -6007.916       71.672   624.4
122.2000      -5936.332    -6007.694       71.362   621.7
122.4000      -5938.716    -6011.075       72.359   630.4
122.6000      -5941.336    -6011.572       70.236   611.9
122.8000      -5938.847    -6008.434       69.587   606.2
123.0000      -5942.467    -6013.370       70.903   617.7
123.2000      -5940.352    -6010.054       69.702   607.2
123.4000      -5943.242    -6012.783       69.541   605.8
123.6000      -5945.926    -6013.071       67.145   585.0
123.8000      -5944.031    -6011.229       67.198   585.4
124.0000      -5942.229    -6010.605       68.376   595.7
124.2000      -5940.428    -6008.864       68.435   596.2
124.4000      -5940.986    -6009.179       68.193   594.1
124.6000      -5938.602    -6010.037       71.435   622.3
124.8000      -5944.537    -6012.593       68.056   592.9
125.0000      -5940.736    -6011.114       70.378   613.1
125.2000      -5941.537    -6011.341       69.804   608.1
125.4000      -5939.954    -6008.556       68.602   597.7
125.6000      -5942.906    -6009.211       66.305   577.7
125.8000      -5941.654    -6011.044       69.390   604.5
126.0000      -5940.004    -6008.101       68.097   593.3
126.2000      -5942.051    -6009.982       67.931   591.8
126.4000      -5941.520    -6010.422       68.902   600.3
126.6000      -5939.895    -6011.430       71.535   623.2
126.8000      -5945.046    -6014.438       69.391   604.5
127.0000      -5942.821    -6013.121       70.300   612.5
127.2000      -5940.512    -6012.565       72.053   627.7
127.4000      -5940.801    -6010.528       69.727   607.5
127.6000      -5940.245    -6012.877       72.633   632.8
127.8000      -5942.824    -6010.956       68.132   593.6
128.0000      -5943.509    -6010.611       67.103   584.6
128.2000      -5946.147    -6012.973       66.826   582.2
128.4000      -5944.938    -6013.788       68.850   599.8
128.6000      -5942.577    -6013.021       70.444   613.7
128.8000      -5942.444    -6011.785       69.342   604.1
129.0000      -5940.292    -6008.542       68.250   594.6
129.2000      -5941.239    -6012.098       70.859   617.3
129.4000      -5942.135    -6011.021       68.885   600.1
129.6000      -5940.418    -6007.712       67.295   586.3
129.8000      -5939.729    -6007.366       67.636   589.3
130.0000      -5943.896    -6011.093       67.197   585.4
130.2000      -5942.765    -6009.772       67.007   583.8
130.4000      -5935.818    -6010.463       74.645   650.3
130.6000      -5939.061    -6009.741       70.681   615.8
130.8000      -5943.790    -6011.334       67.544   588.5
131.0000      -5941.424    -6011.388       69.964   609.5
131.2000      -5943.471    -6013.657       70.186   611.5
131.4000      -5941.975    -6010.331       68.356   595.5
131.6000      -5939.172    -6009.158       69.986   609.7
131.8000      -5940.906    -6010.180       69.274   603.5
132.0000      -5941.685    -6014.044       72.360   630.4
132.2000      -5938.250    -6010.125       71.874   626.2
132.4000      -5940.434    -6010.680       70.246   612.0
132.6000      -5943.700    -6011.104       67.404   587.2
132.8000      -5939.630    -6011.308       71.678   624.5
133.0000      -5939.968    -6010.466       70.498   614.2
133.2000      -5943.340    -6012.247       68.906   600.3
133.4000      -5943.811    -6010.106       66.295   577.6
133.6000      -5941.369    -6010.729       69.360   604.3
133.8000      -5942.820    -6013.301       70.481   614.0
134.0000      -5944.637    -6016.630       71.993   627.2
134.2000      -5944.835    -6012.435       67.600   588.9
134.4000      -5945.878    -6014.763       68.885   600.1
134.6000      -5945.867    -6012.157       66.290   577.5
134.8000      -5942.701    -6013.296       70.595   615.0
135.0000      -5943.282    -6013.881       70.599   615.1
135.2000      -5938.014    -6011.838       73.824   643.2
135.4000      -5937.994    -6010.993       72.999   636.0
135.6000      -5939.801    -6010.478       70.677   615.7
135.8000      -5937.703    -6008.069       70.366   613.0
136.0000      -5937.155    -6005.855       68.700   598.5
136.2000      -5939.920    -6010.664       70.744   616.3
136.4000      -5937.316    -6010.199       72.883   635.0
136.6000      -5939.367    -6008.930       69.562   606.0
136.8000      -5940.797    -6010.611       69.814   608.2
137.0000      -5939.661    -6010.506       70.844   617.2
137.2000      -5939.130    -6007.900       68.770   599.1
137.4000      -5937.581    -6007.721       70.140   611.1
137.6000      -5939.036    -6012.137       73.101   636.9
137.8000      -5943.422    -6011.322       67.900   591.6
138.0000      -5943.462    -6014.277       70.815   617.0
138.2000      -5946.175    -6014.755       68.580   597.5
138.4000      -5949.418    -6013.414       63.995   557.5
138.6000      -5945.105    -6011.627       66.523   579.6
138.8000      -5945.152    -6011.866       66.714   581.2
139.0000      -5945.448    -6012.942       67.494   588.0
139.2000      -5948.825    -6014.553       65.728   572.6
139.4000      -5946.392    -6012.151       65.759   572.9
139.6000      -5945.214    -6013.376       68.162   593.8
139.8000      -5943.013    -6011.565       68.552   597.2
140.0000      -5941.146    -6011.036       69.890   608.9
140.2000      -5940.689    -6012.819       72.130   628.4
140.4000      -5935.292    -6007.972       72.680   633.2
140.6000      -5933.572    -6008.957       75.385   656.8
140.8000      -5937.835    -6010.539       72.703   633.4
141.0000      -5939.375    -6008.683       69.308   603.8
141.2000      -5937.290    -6009.264       71.973   627.0
141.4000      -5940.320    -6010.476       70.155   611.2
141.6000      -5938.461    -6010.507       72.047   627.7
141.8000      -5937.051    -6011.299       74.248   646.9
142.0000      -5942.341    -6010.539       68.198   594.1
142.2000      -5941.431    -6012.247       70.816   617.0
142.4000      -5941.680    -6009.820       68.140   593.6
142.6000      -5939.653    -6009.152       69.499   605.5
142.8000      -5942.000    -6009.237       67.236   585.8
143.0000      -5944.282    -6013.691       69.410   604.7
143.2000      -5943.188    -6010.974       67.786   590.6
143.4000      -5942.044    -6010.491       68.447   596.3
143.6000      -5943.075    -6009.683       66.608   580.3
143.8000      -5939.720    -6010.508       70.788   616.7
144.0000      -5942.471    -6013.546       71.075   619.2
144.2000      -5944.805    -6012.438       67.632   589.2
144.4000      -5948.344    -6014.836       66.492   579.3
144.6000      -5948.609    -6015.444       66.835   582.3
144.8000      -5948.521    -6013.106       64.585   562.7
145.0000      -5947.852    -6015.898       68.046   592.8
145.2000      -5947.909    -6013.896       65.987   574.9
145.4000      -5942.150    -6011.551       69.400   604.6
145.6000      -5944.674    -6016.235       71.561   623.4
145.8000      -5942.114    -6011.079       68.965   600.8
146.0000      -5943.096    -6013.801       70.706   616.0
146.2000      -5943.522    -6012.297       68.775   599.2
146.4000      -5939.236    -6009.827       70.591   615.0
146.6000      -5943.143    -6013.699       70.556   614.7
146.8000      -5944.529    -6013.703       69.174   602.7
147.0000      -5947.090    -6015.703       68.613   597.8
147.2000      -5943.871    -6014.033       70.162   611.3
147.4000      -5943.799    -6008.982       65.183   567.9
147.6000      -5941.939    -6008.998       67.059   584.2
147.8000      -5943.461    -6012.905       69.444   605.0
148.0000      -5939.249    -6009.150       69.901   609.0
148.2000      -5943.170    -6010.674       67.504   588.1
148.4000      -5940.288    -6011.360       71.072   619.2
148.6000      -5939.845    -6010.858       71.013   618.7
148.8000      -5940.985    -6009.461       68.476   596.6
149.0000      -5943.037    -6011.402       68.365   595.6
149.2000      -5941.674    -6010.392       68.718   598.7
149.4000      -5945.196    -6011.688       66.492   579.3
149.6000      -5947.188    -6012.474       65.285   568.8
149.8000      -5947.724    -6014.971       67.247   585.9
150.0000      -5942.957    -6014.064       71.107   619.5
150.2000      -5945.959    -6014.618       68.660   598.2
150.4000      -5945.852    -6013.663       67.811   590.8
150.6000      -5944.827    -6014.783       69.957   609.5
150.8000      -5946.128    -6011.643       65.514   570.8
151.0000      -5942.982    -6011.949       68.966   600.8
151.2000      -5941.728    -6011.773       70.045   610.2
151.4000      -5942.423    -6013.473       71.050   619.0
151.6000      -5947.228    -6013.714       66.486   579.2
151.8000      -5945.294    -6013.317       68.023   592.6
152.0000      -5942.885    -6014.030       71.145   619.8
152.2000      -5941.637    -6011.238       69.601   606.4
152.4000      -5941.692    -6010.692       69.000   601.1
152.6000      -5940.935    -6009.352       68.417   596.1
152.8000      -5940.385    -6010.429       70.045   610.2
153.0000      -5941.322    -6008.674       67.352   586.8
153.2000      -5944.775    -6010.191       65.416   569.9
153.4000      -5943.556    -6009.537       65.980   574.8
153.6000      -5943.653    -6010.987       67.335   586.6
153.8000      -5943.793    -6011.919       68.127   593.5
154.0000      -5943.177    -6008.896       65.719   572.6
154.2000      -5945.294    -6014.120       68.826   599.6
154.4000      -5945.852    -6012.127       66.275   577.4
154.6000      -5945.902    -6014.958       69.056   601.6
154.8000      -5943.389    -6010.882       67.493   588.0
155.0000      -5941.801    -6013.428       71.627   624.0
155.2000      -5942.767    -6011.801       69.033   601.4
155.4000      -5942.717    -6012.477       69.760   607.8
155.6000      -5941.164    -6009.935       68.770   599.1
155.8000      -5943.822    -6011.627       67.805   590.7
156.0000      -5948.860    -6013.878       65.018   566.4
156.2000      -5943.408    -6013.713       70.305   612.5
156.4000      -5940.045    -6010.930       70.886   617.6
156.6000      -5940.444    -6012.314       71.870   626.1
156.8000      -5941.694    -6013.347       71.653   624.2
157.0000      -5944.993    -6012.169       67.176   585.2
157.2000      -5942.292    -6011.029       68.737   598.8
157.4000      -5941.422    -6012.361       70.940   618.0
157.6000      -5944.835    -6012.422       67.587   588.8
157.8000      -5943.477    -6012.029       68.552   597.2
158.0000      -5943.428    -6011.480       68.052   592.9
158.2000      -5945.933    -6012.425       66.492   579.3
158.4000      -5943.114    -6011.676       68.562   597.3
158.6000      -5943.914    -6013.911       69.997   609.8
158.8000      -5941.752    -6012.980       71.228   620.5
159.0000      -5942.091    -6010.691       68.600   597.7
159.2000      -5942.786    -6010.350       67.564   588.6
159.4000      -5944.317    -6012.316       67.999   592.4
159.6000      -5943.007    -6009.132       66.125   576.1
159.8000      -5943.153    -6012.403       69.250   603.3
160.0000      -5945.590    -6011.378       65.789   573.2
160.2000      -5945.528    -6010.861       65.333   569.2
160.4000      -5944.955    -6011.097       66.141   576.2
160.6000      -5945.187    -6011.721       66.534   579.6
160.8000      -5945.671    -6013.032       67.361   586.9
161.0000      -5944.707    -6013.263       68.555   597.3
161.2000      -5941.439    -6010.000       68.561   597.3
161.4000      -5944.421    -6013.906       69.485   605.4
161.6000      -5938.646    -6006.023       67.376   587.0
161.8000      -5940.555    -6011.310       70.754   616.4
162.0000      -5943.779    -6011.088       67.309   586.4
162.2000      -5943.151    -6012.876       69.725   607.5
162.4000      -5940.129    -6011.897       71.768   625.3
162.6000      -5945.131    -6011.909       66.779   581.8
162.8000      -5944.931    -6013.942       69.011   601.2
163.0000      -5945.476    -6014.421       68.945   600.7
163.2000      -5945.937    -6012.374       66.437   578.8
163.4000      -5942.802    -6012.091       69.289   603.7
163.6000      -5942.073    -6009.430       67.357   586.8
163.8000      -5941.270    -6008.716       67.446   587.6
164.0000      -5939.518    -6008.104       68.586   597.5
164.2000      -5939.839    -6010.850       71.010   618.6
164.4000      -5945.013    -6011.280       66.267   577.3
164.6000      -5941.183    -6012.417       71.234   620.6
164.8000      -5945.508    -6014.206       68.698   598.5
165.0000      -5941.555    -6009.088       67.534   588.4
165.2000      -5940.173    -6010.515       70.342   612.8
165.4000      -5940.833    -6011.347       70.514   614.3
165.6000      -5937.686    -6008.490       70.803   616.8
165.8000      -5939.208    -6009.336       70.128   611.0
166.0000      -5938.966    -6007.644       68.678   598.3
166.2000      -5941.006    -6009.962       68.956   600.7
166.4000      -5940.665    -6007.619       66.953   583.3
166.6000      -5944.306    -6015.008       70.703   616.0
166.8000      -5946.933    -6015.073       68.140   593.6
167.0000      -5947.118    -6013.923       66.805   582.0
167.2000      -5946.428    -6012.978       66.550   579.8
167.4000      -5945.909    -6012.206       66.297   577.6
167.6000      -5946.021    -6013.725       67.704   589.8
167.8000      -5943.006    -6011.389       68.383   595.8
168.0000      -5942.794    -6008.605       65.811   573.4
168.2000      -5943.671    -6011.069       67.398   587.2
168.4000      -5943.178    -6012.927       69.749   607.7
168.6000      -5943.851    -6010.004       66.154   576.3
168.8000      -5946.727    -6012.449       65.722   572.6
169.0000      -5943.666    -6009.829       66.163   576.4
169.2000      -5944.444    -6013.698       69.254   603.3
169.4000      -5944.451    -6009.084       64.633   563.1
169.6000      -5943.891    -6014.217       70.326   612.7
169.8000      -5942.927    -6009.865       66.937   583.2
170.0000      -5938.608    -6009.160       70.552   614.7
170.2000      -5942.164    -6011.121       68.957   600.8
170.4000      -5942.579    -6010.821       68.243   594.5
170.6000      -5942.799    -6010.634       67.835   591.0
170.8000      -5944.391    -6010.116       65.725   572.6
171.0000      -5941.941    -6010.254       68.313   595.2
171.2000      -5944.741    -6014.318       69.577   606.2
171.4000      -5946.444    -6013.174       66.730   581.4
171.6000      -5943.626    -6012.524       68.899   600.3
171.8000      -5940.568    -6011.549       70.981   618.4
172.0000      -5941.076    -6009.977       68.900   600.3
172.2000      -5942.318    -6011.836       69.519   605.7
172.4000      -5944.214    -6014.025       69.812   608.2
172.6000      -5941.778    -6011.989       70.211   611.7
172.8000      -5942.325    -6010.040       67.715   589.9
173.0000      -5945.512    -6011.826       66.314   577.7
173.2000      -5944.503    -6014.316       69.813   608.2
173.4000      -5941.650    -6012.285       70.635   615.4
173.6000      -5943.166    -6013.548       70.382   613.2
173.8000      -5943.798    -6014.173       70.375   613.1
174.0000      -5945.392    -6013.037       67.645   589.3
174.2000      -5943.691    -6012.698       69.008   601.2
174.4000      -5943.035    -6013.210       70.176   611.4
174.6000      -5942.812    -6010.340       67.529   588.3
174.8000      -5940.228    -6009.795       69.568   606.1
175.0000      -5940.656    -6012.229       71.573   623.6
175.2000      -5942.088    -6011.340       69.251   603.3
175.4000      -5940.064    -6008.304       68.240   594.5
175.6000      -5942.723    -6011.344       68.621   597.8
175.8000      -5942.391    -6011.219       68.828   599.6
176.0000      -5944.872    -6010.710       65.839   573.6
176.2000      -5943.323    -6011.721       68.397   595.9
176.4000      -5941.463    -6009.553       68.091   593.2
176.6000      -5941.950    -6012.391       70.440   613.7
176.8000      -5940.332    -6009.617       69.286   603.6
177.0000      -5940.189    -6008.756       68.568   597.4
177.2000      -5938.521    -6009.975       71.454   622.5
177.4000      -5942.052    -6009.993       67.941   591.9
177.6000      -5937.509    -6010.517       73.008   636.1
177.8000      -5941.045    -6011.910       70.864   617.4
178.0000      -5946.360    -6013.163       66.803   582.0
178.2000      -5947.357    -6012.999       65.641   571.9
178.4000      -5944.288    -6010.649       66.361   578.1
178.6000      -5941.181    -6008.855       67.674   589.6
178.8000      -5941.323    -6012.689       71.366   621.7
179.0000      -5939.863    -6010.931       71.068   619.2
179.2000      -5940.552    -6010.762       70.210   611.7
179.4000      -5941.811    -6011.600       69.788   608.0
179.6000      -5936.082    -6004.872       68.790   599.3
179.8000      -5942.289    -6011.417       69.128   602.2
180.0000      -5945.006    -6012.138       67.132   584.9
180.2000      -5945.415    -6012.419       67.004   583.7
180.4000      -5941.022    -6010.334       69.313   603.9
180.6000      -5944.736    -6012.477       67.741   590.2
180.8000      -5944.223    -6011.941       67.718   590.0
181.0000      -5943.639    -6012.148       68.509   596.9
181.2000      -5942.375    -6012.289       69.914   609.1
181.4000      -5942.059    -6011.526       69.467   605.2
181.6000      -5939.739    -6009.354       69.615   606.5
181.8000      -5944.422    -6013.992       69.570   606.1
182.0000      -5943.797    -6012.637       68.841   599.7
182.2000      -5943.005    -6011.935       68.930   600.5
182.4000      -5943.562    -6013.311       69.749   607.7
182.6000      -5945.686    -6013.201       67.515   588.2
182.8000      -5944.958    -6013.766       68.808   599.5
183.0000      -5942.072    -6011.890       69.818   608.3
183.2000      -5939.880    -6009.424       69.545   605.9
183.4000      -5940.080    -6012.960       72.881   634.9
183.6000      -5939.743    -6011.268       71.525   623.1
183.8000      -5944.362    -6014.798       70.436   613.6
184.0000      -5946.232    -6014.084       67.852   591.1
184.2000      -5944.745    -6012.508       67.763   590.4
184.4000      -5946.214    -6013.057       66.843   582.3
184.6000      -5944.539    -6011.642       67.102   584.6
184.8000      -5944.305    -6012.218       67.913   591.7
185.0000      -5943.378    -6011.816       68.438   596.2
185.2000      -5941.620    -6011.743       70.123   610.9
185.4000      -5942.982    -6011.024       68.042   592.8
185.6000      -5943.027    -6010.883       67.856   591.2
185.8000      -5940.561    -6009.909       69.348   604.2
186.0000      -5945.154    -6012.981       67.827   590.9
186.2000      -5942.757    -6014.039       71.282   621.0
186.4000      -5944.237    -6014.395       70.158   611.2
186.6000      -5943.240    -6011.602       68.362   595.6
186.8000      -5941.765    -6008.876       67.111   584.7
187.0000      -5946.492    -6013.230       66.738   581.4
187.2000      -5947.487    -6016.088       68.601   597.7
187.4000      -5946.460    -6014.878       68.419   596.1
187.6000      -5945.210    -6012.864       67.654   589.4
187.8000      -5946.535    -6017.259       70.724   616.2
188.0000      -5947.062    -6014.134       67.073   584.3
188.2000      -5944.083    -6013.917       69.834   608.4
188.4000      -5941.407    -6011.073       69.666   606.9
188.6000      -5940.040    -6007.790       67.750   590.2
188.8000      -5941.268    -6008.607       67.339   586.7
189.0000      -5942.193    -6010.956       68.763   599.1
189.2000      -5942.240    -6012.760       70.519   614.4
189.4000      -5944.865    -6013.048       68.183   594.0
189.6000      -5942.150    -6011.341       69.191   602.8
189.8000      -5941.245    -6012.769       71.524   623.1
190.0000      -5940.190    -6010.933       70.743   616.3
190.2000      -5939.277    -6009.052       69.775   607.9
190.4000      -5943.083    -6012.074       68.991   601.1
190.6000      -5945.903    -6015.441       69.539   605.8
190.8000      -5945.712    -6014.502       68.790   599.3
191.0000      -5943.332    -6013.192       69.860   608.6
191.2000      -5944.105    -6011.532       67.427   587.4
191.4000      -5944.132    -6012.509       68.378   595.7
191.6000      -5941.749    -6013.072       71.323   621.4
191.8000      -5941.718    -6013.029       71.311   621.3
192.0000      -5942.616    -6012.648       70.032   610.1
192.2000      -5944.458    -6011.793       67.336   586.6
192.4000      -5942.253    -6010.832       68.578   597.5
192.6000      -5946.061    -6012.627       66.566   579.9
192.8000      -5948.247    -6015.231       66.985   583.6
193.0000      -5948.634    -6014.875       66.241   577.1
193.2000      -5949.323    -6012.257       62.934   548.3
193.4000      -5949.459    -6015.090       65.631   571.8
193.6000      -5944.032    -6012.670       68.638   598.0
193.8000      -5943.426    -6012.422       68.996   601.1
194.0000      -5942.250    -6009.815       67.565   588.6
194.2000      -5943.501    -6013.339       69.838   608.4
194.4000      -5946.916    -6013.651       66.736   581.4
194.6000      -5945.136    -6011.645       66.509   579.4
194.8000      -5943.568    -6013.195       69.627   606.6
195.0000      -5945.289    -6014.810       69.521   605.7
195.2000      -5945.630    -6014.982       69.353   604.2
195.4000      -5947.437    -6015.921       68.483   596.6
195.6000      -5944.710    -6013.217       68.508   596.8
195.8000      -5941.323    -6012.618       71.295   621.1
196.0000      -5938.927    -6008.382       69.456   605.1
196.2000      -5942.337    -6011.146       68.809   599.5
196.4000      -5942.983    -6010.220       67.237   585.8
196.6000      -5943.727    -6012.633       68.905   600.3
196.8000      -5944.380    -6011.887       67.507   588.1
197.0000      -5945.820    -6014.005       68.185   594.0
197.2000      -5948.519    -6016.205       67.686   589.7
197.4000      -5944.025    -6011.843       67.818   590.8
197.6000      -5944.345    -6012.401       68.056   592.9
197.8000      -5950.006    -6015.608       65.603   571.5
198.0000      -5947.260    -6014.982       67.722   590.0
198.2000      -5944.533    -6012.778       68.245   594.6
198.4000      -5941.900    -6012.443       70.542   614.6
198.6000      -5942.106    -6013.158       71.052   619.0
198.8000      -5941.105    -6010.420       69.315   603.9
199.0000      -5942.255    -6011.954       69.699   607.2
199.2000      -5943.469    -6015.441       71.972   627.0
199.4000      -5943.218    -6013.571       70.353   612.9
199.6000      -5940.910    -6012.250       71.340   621.5
199.8000      -5940.861    -6010.002       69.141   602.4
200.0000      -5941.710    -6012.303       70.593   615.0
