
     Program GIPAW v.7.3.1 starts on 11Nov2024 at 21:32:26 

     This program is part of the open-source Quantum ESPRESSO suite
     for quantum simulation of materials; please cite
         "P. Giannozzi et al., J. Phys.:Condens. Matter 21 395502 (2009);
         "P. Giannozzi et al., J. Phys.:Condens. Matter 29 465901 (2017);
         "P. Giannozzi et al., J. Chem. Phys. 152 154105 (2020);
          URL http://www.quantum-espresso.org", 
     in publications or presentations arising from this work. More details at
     http://www.quantum-espresso.org/quote

     Parallel version (MPI & OpenMP), running on       4 processor cores
     Number of MPI processes:                 4
     Threads/MPI process:                     1

     MPI processes distributed on     1 nodes
     R & G space division:  proc/nbgrp/npool/nimage =       4
     483521 MiB available memory on the printing compute node when the environment starts


     ***** This is GIPAW git revision                                          *****
     ***** you can cite: N. Varini et al., Comp. Phys. Comm. 184, 1827 (2013)  *****
     ***** in publications or presentations arising from this work.            *****

     Parallelizing q-star over 1 images
     Reading input from LAC_nmr.in

     ------------------- Input file: --------------------
&inputgipaw
 job = 'nmr'
 prefix = 'LAC'
 tmp_dir = './out/'
 diagonalization = 'cg'
 q_gipaw = 0.01
 use_nmr_macroscopic_shape = .true.
 verbosity = 'high'
/


     Reading xml data from directory:

     ./out/LAC.save/
     file Li.pbe-tm-gipaw-dc.UPF: wavefunction(s)  2S 2P 3S 3P renormalized
     WARNING: atomic wfc #  3 for atom typeAl has zero norm
     WARNING: atomic wfc #  4 for atom typeAl has zero norm

     IMPORTANT: XC functional enforced from input :
     Exchange-correlation= PBE
                           (   1   4   3   4   0   0   0)
     Any further DFT definition will be discarded
     Please, verify this is what you really want


     Parallelization info
     --------------------
     sticks:   dense  smooth     PW     G-vecs:    dense   smooth      PW
     Min        1940    1294    343               247428   134672   18391
     Max        1941    1295    344               247431   134674   18394
     Sum        7761    5179   1375               989717   538691   73571

     Using Slab Decomposition

     Reading collected, re-writing distributed wavefunctions
     Subspace diagonalization in iterative solution of the eigenvalue problem:
     one sub-group per band group will be used
     scalapack distributed-memory algorithm (size of sub-group:  2*  2 procs)

     GIPAW projectors -----------------------------------------------
     atom=Li     l=0  rc=    2.8000  rs=    1.8667
     atom=Li     l=1  rc=    2.8000  rs=    1.8667
     atom=Li     l=0  rc=    2.8000  rs=    1.8667
     atom=Li     l=1  rc=    2.8000  rs=    1.8667
     projs nearly linearly dependent: l=0  n1,n2= 1, 2  s=  0.99888467
     projs nearly linearly dependent: l=1  n1,n2= 1, 2  s=  0.99998898

     atom=Al     l=0  rc=    2.0000  rs=    1.3333
     atom=Al     l=1  rc=    2.0000  rs=    1.3333
     atom=Al     l=0  rc=    2.0000  rs=    1.3333
     atom=Al     l=1  rc=    2.0000  rs=    1.3333
     atom=Al     l=2  rc=    2.0000  rs=    1.3333
     projs nearly linearly dependent: l=0  n1,n2= 1, 2  s=  0.99761080
     projs nearly linearly dependent: l=1  n1,n2= 1, 2  s=  0.99948100

     atom=Cl     l=0  rc=    1.3400  rs=    0.8933
     atom=Cl     l=0  rc=    1.3400  rs=    0.8933
     atom=Cl     l=1  rc=    1.3400  rs=    0.8933
     atom=Cl     l=1  rc=    1.3400  rs=    0.8933
     atom=Cl     l=2  rc=    1.4000  rs=    0.9333
     projs nearly linearly dependent: l=1  n1,n2= 1, 2  s= -0.99868369
     -----------------------------------------------------------------

     GIPAW integrals: -------------------------------------------
     Atom  i/j   nmr_para   nmr_dia   epr_rmc  epr_para   epr_dia
     Li    1 1   0.11E+03  0.25E+00  0.20E+01  0.67E+03  0.17E+01
     Li    2 2   0.11E+00  0.17E-01  0.50E-01  0.11E+01  0.99E-01
     Li    3 1   0.11E+03  0.25E+00  0.21E+01  0.69E+03  0.17E+01
     Li    3 3   0.11E+03  0.24E+00  0.21E+01  0.70E+03  0.17E+01
     Li    4 2   0.11E+00  0.16E-01  0.49E-01  0.11E+01  0.97E-01
     Li    4 4   0.11E+00  0.16E-01  0.48E-01  0.11E+01  0.95E-01
     Al    1 1   0.14E+04  0.37E+00  0.10E+02  0.37E+05  0.10E+02
     Al    2 2   0.16E+02  0.45E+00  0.97E+01  0.38E+03  0.12E+02
     Al    3 1   0.14E+04  0.34E+00  0.10E+02  0.37E+05  0.10E+02
     Al    3 3   0.14E+04  0.31E+00  0.10E+02  0.37E+05  0.98E+01
     Al    4 2   0.16E+02  0.43E+00  0.95E+01  0.37E+03  0.11E+02
     Al    4 4   0.15E+02  0.41E+00  0.93E+01  0.36E+03  0.11E+02
     Al    5 5   0.90E-01  0.14E-01  0.13E+00  0.28E+01  0.25E+00
     Cl    1 1   0.38E+04  0.61E+00  0.24E+02  0.13E+06  0.21E+02
     Cl    2 1  -0.35E+04 -0.36E+00 -0.22E+02 -0.12E+06 -0.18E+02
     Cl    2 2   0.32E+04 -0.11E-01  0.20E+02  0.11E+06  0.15E+02
     Cl    3 3   0.43E+02  0.58E+00  0.19E+02  0.14E+04  0.19E+02
     Cl    4 3  -0.43E+02 -0.54E+00 -0.19E+02 -0.14E+04 -0.19E+02
     Cl    4 4   0.42E+02  0.51E+00  0.19E+02  0.14E+04  0.18E+02
     Cl    5 5   0.49E+00  0.35E-01  0.54E+00  0.21E+02  0.11E+01
     ------------------------------------------------------------

     alpha_pv=     27.4125 eV

     Number of occupied bands for each k-point:
     k-point:     1    nbnd_occ=  64
     k-point:     2    nbnd_occ=  64
     k-point:     3    nbnd_occ=  64
     k-point:     4    nbnd_occ=  64
     k-point:     5    nbnd_occ=  64
     k-point:     6    nbnd_occ=  64
     k-point:     7    nbnd_occ=  64
     k-point:     8    nbnd_occ=  64
     k-point:     9    nbnd_occ=  64
     k-point:    10    nbnd_occ=  64
     k-point:    11    nbnd_occ=  64
     k-point:    12    nbnd_occ=  64
     k-point:    13    nbnd_occ=  64
     k-point:    14    nbnd_occ=  64
     k-point:    15    nbnd_occ=  64
     k-point:    16    nbnd_occ=  64
     k-point:    17    nbnd_occ=  64
     k-point:    18    nbnd_occ=  64
     k-point:    19    nbnd_occ=  64
     k-point:    20    nbnd_occ=  64
     k-point:    21    nbnd_occ=  64
     k-point:    22    nbnd_occ=  64
     k-point:    23    nbnd_occ=  64
     k-point:    24    nbnd_occ=  64
     k-point:    25    nbnd_occ=  64
     k-point:    26    nbnd_occ=  64
     k-point:    27    nbnd_occ=  64
     k-point:    28    nbnd_occ=  64
     k-point:    29    nbnd_occ=  64
     k-point:    30    nbnd_occ=  64
     k-point:    31    nbnd_occ=  64
     k-point:    32    nbnd_occ=  64
     k-point:    33    nbnd_occ=  64
     k-point:    34    nbnd_occ=  64
     k-point:    35    nbnd_occ=  64
     k-point:    36    nbnd_occ=  64
     k-point:    37    nbnd_occ=  64
     k-point:    38    nbnd_occ=  64
     k-point:    39    nbnd_occ=  64


     Message from routine gipaw_summary:
     spline_ps is .false., expect some extrapolation errors

     q-space interpolation up to   120.00 Rydberg

     GIPAW job: nmr                                                                             
     NMR macroscopic correction: yes
             0.6667          0.0000          0.0000
             0.0000          0.6667          0.0000
             0.0000          0.0000          0.6667


     Largest allocated arrays     est. size (Mb)     dimensions
        KS wavefunctions at k          16.47 Mb     (   16865,   64)
        KS wavefunctions at k+q        16.47 Mb     (   16865,   64)
        First-order wavefunctions     164.70 Mb     (   16865,   64, 10)
        Charge/spin density             2.20 Mb     (  288000,    1)
        Induced current                19.78 Mb     (  288000,    3,3,1)
        Induced magnetic field         19.78 Mb     (  288000,    3,3,1)
        NL pseudopotentials            21.62 Mb     (   16865,   84)
        GIPAW NL terms                 75.14 Mb     (   16865,  292)

     Computing the magnetic susceptibility     isolve=1    ethr=  0.1000E-13
     k-point #    1 of    39      pool #  1    cpu time:     196.6
     compute_u_kq: q = (    0.0000,    0.0000,    0.0000)
     Rotating WFCS
     ethr =  1.00E-14,  avg # of iterations =  8.2
     eigenvalues at k:
 -13.6123 -13.4486 -13.4199 -13.2755 -12.9356 -12.9331 -12.8796 -12.8702
 -12.8690 -12.8587 -12.8237 -12.8112 -12.7675 -12.7495 -12.7020 -12.6860
  -4.0717  -4.0367  -4.0197  -3.9826  -2.7540  -2.6951  -2.4573  -2.4063
  -2.3387  -2.3228  -2.2709  -2.1463  -2.0871  -2.0847  -2.0589  -1.8629
  -1.6060  -1.5161  -1.5098  -1.4436  -1.3184  -1.2754  -1.2149  -1.1843
  -1.1353  -1.0515  -0.9087  -0.8993  -0.8262  -0.7606  -0.6525  -0.6105
  -0.5207  -0.5124  -0.4717  -0.3421  -0.3335  -0.3224  -0.3219  -0.2471
  -0.1231  -0.1138  -0.0216  -0.0086  -0.0082   0.0541   0.0583   0.0686
     eigenvalues at k+q:
 -13.6123 -13.4486 -13.4199 -13.2755 -12.9356 -12.9331 -12.8796 -12.8702
 -12.8690 -12.8587 -12.8237 -12.8112 -12.7675 -12.7495 -12.7020 -12.6860
  -4.0716  -4.0366  -4.0197  -3.9826  -2.7540  -2.6951  -2.4573  -2.4063
  -2.3387  -2.3228  -2.2709  -2.1463  -2.0871  -2.0847  -2.0589  -1.8629
  -1.6060  -1.5161  -1.5098  -1.4436  -1.3184  -1.2754  -1.2149  -1.1843
  -1.1353  -1.0515  -0.9087  -0.8992  -0.8262  -0.7606  -0.6525  -0.6105
  -0.5207  -0.5124  -0.4717  -0.3421  -0.3335  -0.3224  -0.3219  -0.2471
  -0.1231  -0.1138  -0.0215  -0.0086  -0.0082   0.0541   0.0583   0.0686
     cgsolve_all iterations  21    anorm=    0.65E-07
     cgsolve_all iterations  21    anorm=    0.65E-07
     cgsolve_all iterations  21    anorm=    0.66E-07
     compute_u_kq: q = (    0.0196,    0.0000,    0.0000)
     Rotating WFCS
     ethr =  1.00E-14,  avg # of iterations = 36.7
     eigenvalues at k:
 -13.6123 -13.4486 -13.4199 -13.2755 -12.9356 -12.9331 -12.8796 -12.8702
 -12.8690 -12.8587 -12.8237 -12.8112 -12.7675 -12.7495 -12.7020 -12.6860
  -4.0717  -4.0367  -4.0197  -3.9826  -2.7540  -2.6951  -2.4573  -2.4063
  -2.3387  -2.3228  -2.2709  -2.1463  -2.0871  -2.0847  -2.0589  -1.8629
  -1.6060  -1.5161  -1.5098  -1.4436  -1.3184  -1.2754  -1.2149  -1.1843
  -1.1353  -1.0515  -0.9087  -0.8993  -0.8262  -0.7606  -0.6525  -0.6105
  -0.5207  -0.5124  -0.4717  -0.3421  -0.3335  -0.3224  -0.3219  -0.2471
  -0.1231  -0.1138  -0.0216  -0.0086  -0.0082   0.0541   0.0583   0.0686
     eigenvalues at k+q:
 -13.6119 -13.4484 -13.4197 -13.2757 -12.9356 -12.9332 -12.8806 -12.8722
 -12.8693 -12.8565 -12.8229 -12.8114 -12.7674 -12.7494 -12.7021 -12.6861
  -4.0712  -4.0363  -4.0190  -3.9823  -2.7537  -2.6947  -2.4584  -2.4074
  -2.3367  -2.3225  -2.2698  -2.1465  -2.0878  -2.0845  -2.0581  -1.8638
  -1.6078  -1.5145  -1.5097  -1.4429  -1.3178  -1.2770  -1.2160  -1.1811
  -1.1396  -1.0493  -0.9156  -0.8926  -0.8254  -0.7604  -0.6528  -0.6103
  -0.5211  -0.5124  -0.4721  -0.3426  -0.3364  -0.3221  -0.3199  -0.2477
  -0.1240  -0.1136  -0.0221  -0.0097  -0.0092   0.0508   0.0592   0.0711
     cgsolve_all iterations  21    anorm=    0.66E-07
     cgsolve_all iterations  21    anorm=    0.66E-07
     cgsolve_all iterations  21    anorm=    0.64E-07
     compute_u_kq: q = (   -0.0196,    0.0000,    0.0000)
     Rotating WFCS
     ethr =  1.00E-14,  avg # of iterations = 36.8
     eigenvalues at k:
 -13.6123 -13.4486 -13.4199 -13.2755 -12.9356 -12.9331 -12.8796 -12.8702
 -12.8690 -12.8587 -12.8237 -12.8112 -12.7675 -12.7495 -12.7020 -12.6860
  -4.0717  -4.0367  -4.0197  -3.9826  -2.7540  -2.6951  -2.4573  -2.4063
  -2.3387  -2.3228  -2.2709  -2.1463  -2.0871  -2.0847  -2.0589  -1.8629
  -1.6060  -1.5161  -1.5098  -1.4436  -1.3184  -1.2754  -1.2149  -1.1843
  -1.1353  -1.0515  -0.9087  -0.8993  -0.8262  -0.7606  -0.6525  -0.6105
  -0.5207  -0.5124  -0.4717  -0.3421  -0.3335  -0.3224  -0.3219  -0.2471
  -0.1231  -0.1138  -0.0216  -0.0086  -0.0082   0.0541   0.0583   0.0686
     eigenvalues at k+q:
 -13.6119 -13.4484 -13.4197 -13.2757 -12.9356 -12.9332 -12.8806 -12.8722
 -12.8693 -12.8565 -12.8229 -12.8114 -12.7674 -12.7494 -12.7021 -12.6861
  -4.0712  -4.0363  -4.0190  -3.9823  -2.7537  -2.6947  -2.4584  -2.4074
  -2.3367  -2.3225  -2.2698  -2.1465  -2.0878  -2.0845  -2.0581  -1.8638
  -1.6078  -1.5145  -1.5097  -1.4429  -1.3178  -1.2770  -1.2160  -1.1811
  -1.1396  -1.0493  -0.9156  -0.8926  -0.8254  -0.7604  -0.6528  -0.6103
  -0.5211  -0.5124  -0.4721  -0.3426  -0.3364  -0.3221  -0.3199  -0.2477
  -0.1240  -0.1136  -0.0221  -0.0097  -0.0092   0.0508   0.0592   0.0711
     cgsolve_all iterations  21    anorm=    0.66E-07
     cgsolve_all iterations  21    anorm=    0.66E-07
     cgsolve_all iterations  21    anorm=    0.64E-07
     compute_u_kq: q = (    0.0000,    0.0196,    0.0000)
     Rotating WFCS
     ethr =  1.00E-14,  avg # of iterations = 36.8
     eigenvalues at k:
 -13.6123 -13.4486 -13.4199 -13.2755 -12.9356 -12.9331 -12.8796 -12.8702
 -12.8690 -12.8587 -12.8237 -12.8112 -12.7675 -12.7495 -12.7020 -12.6860
  -4.0717  -4.0367  -4.0197  -3.9826  -2.7540  -2.6951  -2.4573  -2.4063
  -2.3387  -2.3228  -2.2709  -2.1463  -2.0871  -2.0847  -2.0589  -1.8629
  -1.6060  -1.5161  -1.5098  -1.4436  -1.3184  -1.2754  -1.2149  -1.1843
  -1.1353  -1.0515  -0.9087  -0.8993  -0.8262  -0.7606  -0.6525  -0.6105
  -0.5207  -0.5124  -0.4717  -0.3421  -0.3335  -0.3224  -0.3219  -0.2471
  -0.1231  -0.1138  -0.0216  -0.0086  -0.0082   0.0541   0.0583   0.0686
     eigenvalues at k+q:
 -13.6120 -13.4485 -13.4197 -13.2756 -12.9357 -12.9331 -12.8796 -12.8703
 -12.8689 -12.8586 -12.8239 -12.8111 -12.7678 -12.7496 -12.7019 -12.6859
  -4.0717  -4.0366  -4.0196  -3.9827  -2.7533  -2.6946  -2.4589  -2.4046
  -2.3391  -2.3233  -2.2704  -2.1483  -2.0997  -2.0721  -2.0568  -1.8628
  -1.6061  -1.5229  -1.5045  -1.4428  -1.3191  -1.2740  -1.2140  -1.1867
  -1.1329  -1.0514  -0.9085  -0.8998  -0.8269  -0.7593  -0.6534  -0.6093
  -0.5202  -0.5121  -0.4725  -0.3444  -0.3351  -0.3202  -0.3199  -0.2476
  -0.1226  -0.1147  -0.0224  -0.0112  -0.0062   0.0541   0.0583   0.0684
     cgsolve_all iterations  21    anorm=    0.63E-07
     cgsolve_all iterations  21    anorm=    0.65E-07
     cgsolve_all iterations  21    anorm=    0.65E-07
     compute_u_kq: q = (    0.0000,   -0.0196,    0.0000)
     Rotating WFCS
     ethr =  1.00E-14,  avg # of iterations = 36.6
     eigenvalues at k:
 -13.6123 -13.4486 -13.4199 -13.2755 -12.9356 -12.9331 -12.8796 -12.8702
 -12.8690 -12.8587 -12.8237 -12.8112 -12.7675 -12.7495 -12.7020 -12.6860
  -4.0717  -4.0367  -4.0197  -3.9826  -2.7540  -2.6951  -2.4573  -2.4063
  -2.3387  -2.3228  -2.2709  -2.1463  -2.0871  -2.0847  -2.0589  -1.8629
  -1.6060  -1.5161  -1.5098  -1.4436  -1.3184  -1.2754  -1.2149  -1.1843
  -1.1353  -1.0515  -0.9087  -0.8993  -0.8262  -0.7606  -0.6525  -0.6105
  -0.5207  -0.5124  -0.4717  -0.3421  -0.3335  -0.3224  -0.3219  -0.2471
  -0.1231  -0.1138  -0.0216  -0.0086  -0.0082   0.0541   0.0583   0.0686
     eigenvalues at k+q:
 -13.6120 -13.4485 -13.4197 -13.2756 -12.9357 -12.9331 -12.8796 -12.8703
 -12.8689 -12.8586 -12.8239 -12.8111 -12.7678 -12.7496 -12.7019 -12.6859
  -4.0717  -4.0366  -4.0196  -3.9827  -2.7533  -2.6946  -2.4589  -2.4046
  -2.3391  -2.3233  -2.2704  -2.1483  -2.0997  -2.0721  -2.0568  -1.8628
  -1.6061  -1.5229  -1.5045  -1.4428  -1.3191  -1.2740  -1.2140  -1.1867
  -1.1329  -1.0514  -0.9085  -0.8998  -0.8269  -0.7593  -0.6534  -0.6093
  -0.5202  -0.5121  -0.4725  -0.3444  -0.3351  -0.3202  -0.3199  -0.2476
  -0.1226  -0.1147  -0.0224  -0.0112  -0.0062   0.0541   0.0583   0.0684
     cgsolve_all iterations  21    anorm=    0.63E-07
     cgsolve_all iterations  21    anorm=    0.65E-07
     cgsolve_all iterations  21    anorm=    0.65E-07
     compute_u_kq: q = (    0.0000,    0.0000,    0.0196)
     Rotating WFCS
     ethr =  1.00E-14,  avg # of iterations = 36.8
     eigenvalues at k:
 -13.6123 -13.4486 -13.4199 -13.2755 -12.9356 -12.9331 -12.8796 -12.8702
 -12.8690 -12.8587 -12.8237 -12.8112 -12.7675 -12.7495 -12.7020 -12.6860
  -4.0717  -4.0367  -4.0197  -3.9826  -2.7540  -2.6951  -2.4573  -2.4063
  -2.3387  -2.3228  -2.2709  -2.1463  -2.0871  -2.0847  -2.0589  -1.8629
  -1.6060  -1.5161  -1.5098  -1.4436  -1.3184  -1.2754  -1.2149  -1.1843
  -1.1353  -1.0515  -0.9087  -0.8993  -0.8262  -0.7606  -0.6525  -0.6105
  -0.5207  -0.5124  -0.4717  -0.3421  -0.3335  -0.3224  -0.3219  -0.2471
  -0.1231  -0.1138  -0.0216  -0.0086  -0.0082   0.0541   0.0583   0.0686
     eigenvalues at k+q:
 -13.6119 -13.4523 -13.4162 -13.2757 -12.9357 -12.9332 -12.8795 -12.8702
 -12.8690 -12.8587 -12.8237 -12.8113 -12.7674 -12.7495 -12.7019 -12.6860
  -4.0716  -4.0373  -4.0190  -3.9827  -2.7537  -2.6954  -2.4570  -2.4058
  -2.3385  -2.3228  -2.2721  -2.1470  -2.0927  -2.0816  -2.0548  -1.8636
  -1.6074  -1.5150  -1.5125  -1.4438  -1.3182  -1.2765  -1.2141  -1.1827
  -1.1346  -1.0483  -0.9095  -0.8982  -0.8268  -0.7614  -0.6508  -0.6117
  -0.5284  -0.5052  -0.4710  -0.3418  -0.3380  -0.3218  -0.3179  -0.2467
  -0.1238  -0.1145  -0.0219  -0.0085  -0.0082   0.0532   0.0584   0.0684
     cgsolve_all iterations  21    anorm=    0.63E-07
     cgsolve_all iterations  21    anorm=    0.66E-07
     cgsolve_all iterations  21    anorm=    0.63E-07
     compute_u_kq: q = (    0.0000,    0.0000,   -0.0196)
     Rotating WFCS
     ethr =  1.00E-14,  avg # of iterations = 36.7
     eigenvalues at k:
 -13.6123 -13.4486 -13.4199 -13.2755 -12.9356 -12.9331 -12.8796 -12.8702
 -12.8690 -12.8587 -12.8237 -12.8112 -12.7675 -12.7495 -12.7020 -12.6860
  -4.0717  -4.0367  -4.0197  -3.9826  -2.7540  -2.6951  -2.4573  -2.4063
  -2.3387  -2.3228  -2.2709  -2.1463  -2.0871  -2.0847  -2.0589  -1.8629
  -1.6060  -1.5161  -1.5098  -1.4436  -1.3184  -1.2754  -1.2149  -1.1843
  -1.1353  -1.0515  -0.9087  -0.8993  -0.8262  -0.7606  -0.6525  -0.6105
  -0.5207  -0.5124  -0.4717  -0.3421  -0.3335  -0.3224  -0.3219  -0.2471
  -0.1231  -0.1138  -0.0216  -0.0086  -0.0082   0.0541   0.0583   0.0686
     eigenvalues at k+q:
 -13.6119 -13.4523 -13.4162 -13.2757 -12.9357 -12.9332 -12.8795 -12.8702
 -12.8690 -12.8587 -12.8237 -12.8113 -12.7674 -12.7495 -12.7019 -12.6860
  -4.0716  -4.0373  -4.0190  -3.9827  -2.7537  -2.6954  -2.4570  -2.4058
  -2.3385  -2.3228  -2.2721  -2.1470  -2.0927  -2.0816  -2.0548  -1.8636
  -1.6074  -1.5150  -1.5125  -1.4438  -1.3182  -1.2765  -1.2141  -1.1827
  -1.1346  -1.0483  -0.9095  -0.8982  -0.8268  -0.7614  -0.6508  -0.6117
  -0.5284  -0.5052  -0.4710  -0.3418  -0.3380  -0.3218  -0.3179  -0.2467
  -0.1238  -0.1145  -0.0219  -0.0085  -0.0082   0.0532   0.0584   0.0684
     cgsolve_all iterations  21    anorm=    0.63E-07
     cgsolve_all iterations  21    anorm=    0.66E-07
     cgsolve_all iterations  21    anorm=    0.63E-07

     k-point #    2 of    39      pool #  1    cpu time:     965.9
     compute_u_kq: q = (    0.0000,    0.0000,    0.0000)
     Rotating WFCS
     ethr =  1.00E-14,  avg # of iterations =  8.1
     eigenvalues at k:
 -13.6038 -13.4913 -13.3781 -13.2812 -12.9382 -12.9354 -12.8766 -12.8708
 -12.8677 -12.8586 -12.8233 -12.8130 -12.7660 -12.7517 -12.6995 -12.6869
  -4.0704  -4.0458  -4.0096  -3.9833  -2.7484  -2.7012  -2.4504  -2.3929
  -2.3336  -2.3270  -2.2937  -2.1538  -2.1448  -2.0306  -2.0300  -1.8781
  -1.6344  -1.5657  -1.4915  -1.4460  -1.3137  -1.2962  -1.2004  -1.1472
  -1.1370  -0.9734  -0.9243  -0.8764  -0.8319  -0.7799  -0.6479  -0.6156
  -0.5631  -0.5016  -0.4252  -0.3729  -0.3407  -0.3146  -0.2944  -0.2385
  -0.1342  -0.1318  -0.0287  -0.0093  -0.0075   0.0349   0.0589   0.0639
     eigenvalues at k+q:
 -13.6038 -13.4913 -13.3781 -13.2812 -12.9382 -12.9354 -12.8766 -12.8708
 -12.8677 -12.8586 -12.8233 -12.8130 -12.7660 -12.7517 -12.6995 -12.6869
  -4.0704  -4.0458  -4.0096  -3.9833  -2.7484  -2.7012  -2.4504  -2.3929
  -2.3336  -2.3270  -2.2937  -2.1537  -2.1448  -2.0306  -2.0300  -1.8781
  -1.6344  -1.5658  -1.4915  -1.4460  -1.3137  -1.2962  -1.2004  -1.1472
  -1.1370  -0.9734  -0.9243  -0.8763  -0.8319  -0.7799  -0.6479  -0.6156
  -0.5631  -0.5016  -0.4252  -0.3729  -0.3407  -0.3146  -0.2944  -0.2385
  -0.1342  -0.1318  -0.0287  -0.0093  -0.0075   0.0349   0.0590   0.0639
     cgsolve_all iterations  21    anorm=    0.65E-07
     cgsolve_all iterations  21    anorm=    0.68E-07
     cgsolve_all iterations  21    anorm=    0.70E-07
     compute_u_kq: q = (    0.0196,    0.0000,    0.0000)
     Rotating WFCS
     ethr =  1.00E-14,  avg # of iterations = 37.3
     eigenvalues at k:
 -13.6038 -13.4913 -13.3781 -13.2812 -12.9382 -12.9354 -12.8766 -12.8708
 -12.8677 -12.8586 -12.8233 -12.8130 -12.7660 -12.7517 -12.6995 -12.6869
  -4.0704  -4.0458  -4.0096  -3.9833  -2.7484  -2.7012  -2.4504  -2.3929
  -2.3336  -2.3270  -2.2937  -2.1538  -2.1448  -2.0306  -2.0300  -1.8781
  -1.6344  -1.5657  -1.4915  -1.4460  -1.3137  -1.2962  -1.2004  -1.1472
  -1.1370  -0.9734  -0.9243  -0.8764  -0.8319  -0.7799  -0.6479  -0.6156
  -0.5631  -0.5016  -0.4252  -0.3729  -0.3407  -0.3146  -0.2944  -0.2385
  -0.1342  -0.1318  -0.0287  -0.0093  -0.0075   0.0349   0.0589   0.0639
     eigenvalues at k+q:
 -13.6036 -13.4904 -13.3786 -13.2814 -12.9391 -12.9349 -12.8793 -12.8672
 -12.8658 -12.8620 -12.8226 -12.8137 -12.7659 -12.7510 -12.7003 -12.6865
  -4.0691  -4.0474  -4.0073  -3.9835  -2.7476  -2.7018  -2.4437  -2.3977
  -2.3379  -2.3250  -2.2905  -2.1592  -2.1448  -2.0280  -2.0269  -1.8771
  -1.6325  -1.5728  -1.5017  -1.4462  -1.3125  -1.2883  -1.2125  -1.1371
  -1.1169  -0.9872  -0.9286  -0.8768  -0.8269  -0.7827  -0.6451  -0.6116
  -0.5657  -0.4957  -0.4249  -0.3824  -0.3407  -0.3153  -0.2935  -0.2386
  -0.1417  -0.1289  -0.0284  -0.0105  -0.0094   0.0364   0.0602   0.0633
     cgsolve_all iterations  21    anorm=    0.65E-07
     cgsolve_all iterations  21    anorm=    0.69E-07
     cgsolve_all iterations  21    anorm=    0.69E-07
     compute_u_kq: q = (   -0.0196,    0.0000,    0.0000)
     Rotating WFCS
     ethr =  1.00E-14,  avg # of iterations = 37.9
     eigenvalues at k:
 -13.6038 -13.4913 -13.3781 -13.2812 -12.9382 -12.9354 -12.8766 -12.8708
 -12.8677 -12.8586 -12.8233 -12.8130 -12.7660 -12.7517 -12.6995 -12.6869
  -4.0704  -4.0458  -4.0096  -3.9833  -2.7484  -2.7012  -2.4504  -2.3929
  -2.3336  -2.3270  -2.2937  -2.1538  -2.1448  -2.0306  -2.0300  -1.8781
  -1.6344  -1.5657  -1.4915  -1.4460  -1.3137  -1.2962  -1.2004  -1.1472
  -1.1370  -0.9734  -0.9243  -0.8764  -0.8319  -0.7799  -0.6479  -0.6156
  -0.5631  -0.5016  -0.4252  -0.3729  -0.3407  -0.3146  -0.2944  -0.2385
  -0.1342  -0.1318  -0.0287  -0.0093  -0.0075   0.0349   0.0589   0.0639
     eigenvalues at k+q:
 -13.6032 -13.4917 -13.3774 -13.2816 -12.9373 -12.9361 -12.8759 -12.8756
 -12.8704 -12.8536 -12.8225 -12.8127 -12.7659 -12.7523 -12.6988 -12.6875
  -4.0708  -4.0433  -4.0109  -3.9823  -2.7486  -2.6999  -2.4582  -2.3909
  -2.3275  -2.3266  -2.2941  -2.1481  -2.1449  -2.0349  -2.0316  -1.8811
  -1.6377  -1.5582  -1.4793  -1.4445  -1.3143  -1.3056  -1.1869  -1.1588
  -1.1570  -0.9630  -0.9210  -0.8749  -0.8341  -0.7767  -0.6510  -0.6207
  -0.5600  -0.5086  -0.4270  -0.3642  -0.3406  -0.3140  -0.2961  -0.2401
  -0.1350  -0.1284  -0.0293  -0.0115  -0.0058   0.0288   0.0586   0.0680
     cgsolve_all iterations  21    anorm=    0.65E-07
     cgsolve_all iterations  21    anorm=    0.69E-07
     cgsolve_all iterations  21    anorm=    0.70E-07
     compute_u_kq: q = (    0.0000,    0.0196,    0.0000)
     Rotating WFCS
     ethr =  1.00E-14,  avg # of iterations = 46.9
     eigenvalues at k:
 -13.6038 -13.4913 -13.3781 -13.2812 -12.9382 -12.9354 -12.8766 -12.8708
 -12.8677 -12.8586 -12.8233 -12.8130 -12.7660 -12.7517 -12.6995 -12.6869
  -4.0704  -4.0458  -4.0096  -3.9833  -2.7484  -2.7012  -2.4504  -2.3929
  -2.3336  -2.3270  -2.2937  -2.1538  -2.1448  -2.0306  -2.0300  -1.8781
  -1.6344  -1.5657  -1.4915  -1.4460  -1.3137  -1.2962  -1.2004  -1.1472
  -1.1370  -0.9734  -0.9243  -0.8764  -0.8319  -0.7799  -0.6479  -0.6156
  -0.5631  -0.5016  -0.4252  -0.3729  -0.3407  -0.3146  -0.2944  -0.2385
  -0.1342  -0.1318  -0.0287  -0.0093  -0.0075   0.0349   0.0589   0.0639
     eigenvalues at k+q:
 -13.6035 -13.4911 -13.3780 -13.2814 -12.9384 -12.9354 -12.8767 -12.8708
 -12.8677 -12.8585 -12.8235 -12.8130 -12.7663 -12.7519 -12.6994 -12.6868
  -4.0704  -4.0458  -4.0095  -3.9834  -2.7477  -2.7006  -2.4517  -2.3918
  -2.3340  -2.3271  -2.2936  -2.1630  -2.1353  -2.0395  -2.0209  -1.8780
  -1.6350  -1.5671  -1.4905  -1.4454  -1.3158  -1.2937  -1.1994  -1.1535
  -1.1305  -0.9736  -0.9242  -0.8771  -0.8325  -0.7787  -0.6483  -0.6144
  -0.5630  -0.5018  -0.4254  -0.3737  -0.3400  -0.3149  -0.2935  -0.2403
  -0.1336  -0.1319  -0.0296  -0.0109  -0.0065   0.0351   0.0588   0.0637
     cgsolve_all iterations  21    anorm=    0.64E-07
     cgsolve_all iterations  21    anorm=    0.67E-07
     cgsolve_all iterations  21    anorm=    0.70E-07
     compute_u_kq: q = (    0.0000,   -0.0196,    0.0000)
     Rotating WFCS
     ethr =  1.00E-14,  avg # of iterations = 46.8
     eigenvalues at k:
 -13.6038 -13.4913 -13.3781 -13.2812 -12.9382 -12.9354 -12.8766 -12.8708
 -12.8677 -12.8586 -12.8233 -12.8130 -12.7660 -12.7517 -12.6995 -12.6869
  -4.0704  -4.0458  -4.0096  -3.9833  -2.7484  -2.7012  -2.4504  -2.3929
  -2.3336  -2.3270  -2.2937  -2.1538  -2.1448  -2.0306  -2.0300  -1.8781
  -1.6344  -1.5657  -1.4915  -1.4460  -1.3137  -1.2962  -1.2004  -1.1472
  -1.1370  -0.9734  -0.9243  -0.8764  -0.8319  -0.7799  -0.6479  -0.6156
  -0.5631  -0.5016  -0.4252  -0.3729  -0.3407  -0.3146  -0.2944  -0.2385
  -0.1342  -0.1318  -0.0287  -0.0093  -0.0075   0.0349   0.0589   0.0639
     eigenvalues at k+q:
 -13.6035 -13.4911 -13.3780 -13.2814 -12.9384 -12.9354 -12.8767 -12.8708
 -12.8677 -12.8585 -12.8235 -12.8130 -12.7663 -12.7519 -12.6994 -12.6868
  -4.0704  -4.0458  -4.0095  -3.9834  -2.7477  -2.7006  -2.4517  -2.3918
  -2.3340  -2.3271  -2.2936  -2.1630  -2.1353  -2.0395  -2.0209  -1.8780
  -1.6350  -1.5671  -1.4905  -1.4454  -1.3158  -1.2937  -1.1994  -1.1535
  -1.1305  -0.9736  -0.9242  -0.8771  -0.8325  -0.7787  -0.6483  -0.6144
  -0.5630  -0.5018  -0.4254  -0.3737  -0.3400  -0.3149  -0.2935  -0.2403
  -0.1336  -0.1319  -0.0296  -0.0109  -0.0065   0.0351   0.0588   0.0637
     cgsolve_all iterations  21    anorm=    0.64E-07
     cgsolve_all iterations  21    anorm=    0.67E-07
     cgsolve_all iterations  21    anorm=    0.70E-07
     compute_u_kq: q = (    0.0000,    0.0000,    0.0196)
     Rotating WFCS
     ethr =  1.00E-14,  avg # of iterations = 37.7
     eigenvalues at k:
 -13.6038 -13.4913 -13.3781 -13.2812 -12.9382 -12.9354 -12.8766 -12.8708
 -12.8677 -12.8586 -12.8233 -12.8130 -12.7660 -12.7517 -12.6995 -12.6869
  -4.0704  -4.0458  -4.0096  -3.9833  -2.7484  -2.7012  -2.4504  -2.3929
  -2.3336  -2.3270  -2.2937  -2.1538  -2.1448  -2.0306  -2.0300  -1.8781
  -1.6344  -1.5657  -1.4915  -1.4460  -1.3137  -1.2962  -1.2004  -1.1472
  -1.1370  -0.9734  -0.9243  -0.8764  -0.8319  -0.7799  -0.6479  -0.6156
  -0.5631  -0.5016  -0.4252  -0.3729  -0.3407  -0.3146  -0.2944  -0.2385
  -0.1342  -0.1318  -0.0287  -0.0093  -0.0075   0.0349   0.0589   0.0639
     eigenvalues at k+q:
 -13.6067 -13.4812 -13.3878 -13.2792 -12.9373 -12.9347 -12.8774 -12.8708
 -12.8683 -12.8584 -12.8235 -12.8124 -12.7665 -12.7510 -12.7003 -12.6866
  -4.0709  -4.0433  -4.0124  -3.9830  -2.7503  -2.6991  -2.4533  -2.3974
  -2.3350  -2.3245  -2.2878  -2.1479  -2.1364  -2.0462  -2.0339  -1.8734
  -1.6263  -1.5483  -1.4982  -1.4457  -1.3150  -1.2912  -1.2033  -1.1602
  -1.1367  -0.9960  -0.9195  -0.8841  -0.8321  -0.7735  -0.6353  -0.6279
  -0.5537  -0.5006  -0.4416  -0.3631  -0.3395  -0.3162  -0.2993  -0.2415
  -0.1312  -0.1256  -0.0269  -0.0087  -0.0078   0.0404   0.0591   0.0659
     cgsolve_all iterations  21    anorm=    0.65E-07
     cgsolve_all iterations  21    anorm=    0.68E-07
     cgsolve_all iterations  21    anorm=    0.70E-07
     compute_u_kq: q = (    0.0000,    0.0000,   -0.0196)
     Rotating WFCS
     ethr =  1.00E-14,  avg # of iterations = 37.9
     eigenvalues at k:
 -13.6038 -13.4913 -13.3781 -13.2812 -12.9382 -12.9354 -12.8766 -12.8708
 -12.8677 -12.8586 -12.8233 -12.8130 -12.7660 -12.7517 -12.6995 -12.6869
  -4.0704  -4.0458  -4.0096  -3.9833  -2.7484  -2.7012  -2.4504  -2.3929
  -2.3336  -2.3270  -2.2937  -2.1538  -2.1448  -2.0306  -2.0300  -1.8781
  -1.6344  -1.5657  -1.4915  -1.4460  -1.3137  -1.2962  -1.2004  -1.1472
  -1.1370  -0.9734  -0.9243  -0.8764  -0.8319  -0.7799  -0.6479  -0.6156
  -0.5631  -0.5016  -0.4252  -0.3729  -0.3407  -0.3146  -0.2944  -0.2385
  -0.1342  -0.1318  -0.0287  -0.0093  -0.0075   0.0349   0.0589   0.0639
     eigenvalues at k+q:
 -13.6002 -13.5013 -13.3685 -13.2838 -12.9390 -12.9362 -12.8759 -12.8706
 -12.8669 -12.8590 -12.8231 -12.8138 -12.7654 -12.7525 -12.6986 -12.6872
  -4.0697  -4.0484  -4.0067  -3.9837  -2.7461  -2.7037  -2.4468  -2.3878
  -2.3322  -2.3316  -2.2977  -2.1718  -2.1397  -2.0284  -2.0144  -1.8830
  -1.6427  -1.5841  -1.4845  -1.4459  -1.3128  -1.3011  -1.1973  -1.1379
  -1.1327  -0.9551  -0.9265  -0.8654  -0.8297  -0.7873  -0.6623  -0.6014
  -0.5748  -0.4998  -0.4080  -0.3830  -0.3456  -0.3122  -0.2908  -0.2352
  -0.1387  -0.1366  -0.0303  -0.0106  -0.0071   0.0294   0.0586   0.0614
     cgsolve_all iterations  21    anorm=    0.65E-07
     cgsolve_all iterations  21    anorm=    0.70E-07
     cgsolve_all iterations  21    anorm=    0.69E-07

     k-point #    3 of    39      pool #  1    cpu time:    2237.2
     compute_u_kq: q = (    0.0000,    0.0000,    0.0000)
     Rotating WFCS
     ethr =  1.00E-14,  avg # of iterations =  8.2
     eigenvalues at k:
 -13.5790 -13.5402 -13.3326 -13.2997 -12.9413 -12.9398 -12.8734 -12.8719
 -12.8633 -12.8596 -12.8214 -12.8173 -12.7621 -12.7568 -12.6943 -12.6897
  -4.0660  -4.0576  -3.9961  -3.9870  -2.7341  -2.7163  -2.4261  -2.3850
  -2.3389  -2.3251  -2.2983  -2.2443  -2.1035  -2.0476  -1.9518  -1.9040
  -1.6695  -1.6487  -1.4548  -1.4428  -1.3177  -1.3158  -1.1777  -1.1534
  -1.0683  -0.9885  -0.8716  -0.8217  -0.8006  -0.7730  -0.7286  -0.6460
  -0.5274  -0.4739  -0.4238  -0.4097  -0.3365  -0.2908  -0.2905  -0.2389
  -0.1568  -0.1392  -0.0346  -0.0257   0.0001   0.0132   0.0523   0.0537
     eigenvalues at k+q:
 -13.5790 -13.5402 -13.3326 -13.2997 -12.9413 -12.9398 -12.8734 -12.8719
 -12.8633 -12.8596 -12.8214 -12.8173 -12.7621 -12.7568 -12.6943 -12.6897
  -4.0659  -4.0576  -3.9961  -3.9870  -2.7341  -2.7163  -2.4261  -2.3850
  -2.3389  -2.3251  -2.2983  -2.2443  -2.1035  -2.0475  -1.9518  -1.9040
  -1.6695  -1.6487  -1.4548  -1.4428  -1.3177  -1.3158  -1.1777  -1.1534
  -1.0683  -0.9885  -0.8716  -0.8217  -0.8006  -0.7730  -0.7286  -0.6460
  -0.5274  -0.4739  -0.4238  -0.4097  -0.3365  -0.2908  -0.2905  -0.2389
  -0.1568  -0.1392  -0.0346  -0.0257   0.0001   0.0132   0.0523   0.0537
     cgsolve_all iterations  21    anorm=    0.71E-07
     cgsolve_all iterations  21    anorm=    0.70E-07
     cgsolve_all iterations  21    anorm=    0.66E-07
     compute_u_kq: q = (    0.0196,    0.0000,    0.0000)
     Rotating WFCS
     ethr =  1.00E-14,  avg # of iterations = 37.1
     eigenvalues at k:
 -13.5790 -13.5402 -13.3326 -13.2997 -12.9413 -12.9398 -12.8734 -12.8719
 -12.8633 -12.8596 -12.8214 -12.8173 -12.7621 -12.7568 -12.6943 -12.6897
  -4.0660  -4.0576  -3.9961  -3.9870  -2.7341  -2.7163  -2.4261  -2.3850
  -2.3389  -2.3251  -2.2983  -2.2443  -2.1035  -2.0476  -1.9518  -1.9040
  -1.6695  -1.6487  -1.4548  -1.4428  -1.3177  -1.3158  -1.1777  -1.1534
  -1.0683  -0.9885  -0.8716  -0.8217  -0.8006  -0.7730  -0.7286  -0.6460
  -0.5274  -0.4739  -0.4238  -0.4097  -0.3365  -0.2908  -0.2905  -0.2389
  -0.1568  -0.1392  -0.0346  -0.0257   0.0001   0.0132   0.0523   0.0537
     eigenvalues at k+q:
 -13.5791 -13.5393 -13.3331 -13.2996 -12.9426 -12.9387 -12.8774 -12.8676
 -12.8640 -12.8597 -12.8205 -12.8181 -12.7623 -12.7560 -12.6954 -12.6889
  -4.0640  -4.0591  -3.9942  -3.9877  -2.7327  -2.7173  -2.4149  -2.3978
  -2.3343  -2.3312  -2.2884  -2.2508  -2.1028  -2.0481  -1.9495  -1.9044
  -1.6653  -1.6554  -1.4665  -1.4379  -1.3168  -1.3117  -1.1900  -1.1369
  -1.0575  -0.9984  -0.8722  -0.8250  -0.7974  -0.7758  -0.7319  -0.6409
  -0.5218  -0.4650  -0.4348  -0.4166  -0.3352  -0.2902  -0.2895  -0.2456
  -0.1473  -0.1458  -0.0341  -0.0288  -0.0092   0.0237   0.0464   0.0586
     cgsolve_all iterations  21    anorm=    0.70E-07
     cgsolve_all iterations  21    anorm=    0.71E-07
     cgsolve_all iterations  21    anorm=    0.67E-07
     compute_u_kq: q = (   -0.0196,    0.0000,    0.0000)
     Rotating WFCS
     ethr =  1.00E-14,  avg # of iterations = 37.2
     eigenvalues at k:
 -13.5790 -13.5402 -13.3326 -13.2997 -12.9413 -12.9398 -12.8734 -12.8719
 -12.8633 -12.8596 -12.8214 -12.8173 -12.7621 -12.7568 -12.6943 -12.6897
  -4.0660  -4.0576  -3.9961  -3.9870  -2.7341  -2.7163  -2.4261  -2.3850
  -2.3389  -2.3251  -2.2983  -2.2443  -2.1035  -2.0476  -1.9518  -1.9040
  -1.6695  -1.6487  -1.4548  -1.4428  -1.3177  -1.3158  -1.1777  -1.1534
  -1.0683  -0.9885  -0.8716  -0.8217  -0.8006  -0.7730  -0.7286  -0.6460
  -0.5274  -0.4739  -0.4238  -0.4097  -0.3365  -0.2908  -0.2905  -0.2389
  -0.1568  -0.1392  -0.0346  -0.0257   0.0001   0.0132   0.0523   0.0537
     eigenvalues at k+q:
 -13.5783 -13.5404 -13.3322 -13.3001 -12.9410 -12.9400 -12.8771 -12.8708
 -12.8668 -12.8547 -12.8214 -12.8165 -12.7616 -12.7573 -12.6934 -12.6906
  -4.0670  -4.0551  -3.9972  -3.9855  -2.7349  -2.7147  -2.4368  -2.3715
  -2.3427  -2.3182  -2.3078  -2.2372  -2.1044  -2.0469  -1.9560  -1.9060
  -1.6731  -1.6407  -1.4469  -1.4417  -1.3255  -1.3154  -1.1697  -1.1641
  -1.0791  -0.9786  -0.8730  -0.8182  -0.8046  -0.7674  -0.7258  -0.6507
  -0.5347  -0.4837  -0.4135  -0.4061  -0.3367  -0.2921  -0.2921  -0.2324
  -0.1695  -0.1321  -0.0363  -0.0240   0.0012   0.0098   0.0484   0.0587
     cgsolve_all iterations  21    anorm=    0.70E-07
     cgsolve_all iterations  21    anorm=    0.70E-07
     cgsolve_all iterations  21    anorm=    0.67E-07
     compute_u_kq: q = (    0.0000,    0.0196,    0.0000)
     Rotating WFCS
     ethr =  1.00E-14,  avg # of iterations = 47.2
     eigenvalues at k:
 -13.5790 -13.5402 -13.3326 -13.2997 -12.9413 -12.9398 -12.8734 -12.8719
 -12.8633 -12.8596 -12.8214 -12.8173 -12.7621 -12.7568 -12.6943 -12.6897
  -4.0660  -4.0576  -3.9961  -3.9870  -2.7341  -2.7163  -2.4261  -2.3850
  -2.3389  -2.3251  -2.2983  -2.2443  -2.1035  -2.0476  -1.9518  -1.9040
  -1.6695  -1.6487  -1.4548  -1.4428  -1.3177  -1.3158  -1.1777  -1.1534
  -1.0683  -0.9885  -0.8716  -0.8217  -0.8006  -0.7730  -0.7286  -0.6460
  -0.5274  -0.4739  -0.4238  -0.4097  -0.3365  -0.2908  -0.2905  -0.2389
  -0.1568  -0.1392  -0.0346  -0.0257   0.0001   0.0132   0.0523   0.0537
     eigenvalues at k+q:
 -13.5787 -13.5399 -13.3326 -13.2998 -12.9414 -12.9399 -12.8734 -12.8719
 -12.8633 -12.8595 -12.8214 -12.8173 -12.7623 -12.7569 -12.6943 -12.6897
  -4.0660  -4.0575  -3.9961  -3.9871  -2.7334  -2.7157  -2.4268  -2.3854
  -2.3394  -2.3250  -2.2983  -2.2446  -2.1022  -2.0472  -1.9522  -1.9043
  -1.6701  -1.6487  -1.4540  -1.4419  -1.3201  -1.3142  -1.1766  -1.1524
  -1.0687  -0.9888  -0.8715  -0.8226  -0.7998  -0.7748  -0.7259  -0.6456
  -0.5279  -0.4738  -0.4253  -0.4090  -0.3362  -0.2915  -0.2907  -0.2397
  -0.1571  -0.1387  -0.0353  -0.0261   0.0002   0.0137   0.0521   0.0537
     cgsolve_all iterations  21    anorm=    0.70E-07
     cgsolve_all iterations  21    anorm=    0.71E-07
     cgsolve_all iterations  21    anorm=    0.66E-07
     compute_u_kq: q = (    0.0000,   -0.0196,    0.0000)
     Rotating WFCS
     ethr =  1.00E-14,  avg # of iterations = 47.2
     eigenvalues at k:
 -13.5790 -13.5402 -13.3326 -13.2997 -12.9413 -12.9398 -12.8734 -12.8719
 -12.8633 -12.8596 -12.8214 -12.8173 -12.7621 -12.7568 -12.6943 -12.6897
  -4.0660  -4.0576  -3.9961  -3.9870  -2.7341  -2.7163  -2.4261  -2.3850
  -2.3389  -2.3251  -2.2983  -2.2443  -2.1035  -2.0476  -1.9518  -1.9040
  -1.6695  -1.6487  -1.4548  -1.4428  -1.3177  -1.3158  -1.1777  -1.1534
  -1.0683  -0.9885  -0.8716  -0.8217  -0.8006  -0.7730  -0.7286  -0.6460
  -0.5274  -0.4739  -0.4238  -0.4097  -0.3365  -0.2908  -0.2905  -0.2389
  -0.1568  -0.1392  -0.0346  -0.0257   0.0001   0.0132   0.0523   0.0537
     eigenvalues at k+q:
 -13.5787 -13.5399 -13.3326 -13.2998 -12.9414 -12.9399 -12.8734 -12.8719
 -12.8633 -12.8595 -12.8214 -12.8173 -12.7623 -12.7569 -12.6943 -12.6897
  -4.0660  -4.0575  -3.9961  -3.9871  -2.7334  -2.7157  -2.4268  -2.3854
  -2.3394  -2.3250  -2.2983  -2.2446  -2.1022  -2.0472  -1.9522  -1.9043
  -1.6701  -1.6487  -1.4540  -1.4419  -1.3201  -1.3142  -1.1766  -1.1524
  -1.0687  -0.9888  -0.8715  -0.8226  -0.7998  -0.7748  -0.7259  -0.6456
  -0.5279  -0.4738  -0.4253  -0.4090  -0.3362  -0.2915  -0.2907  -0.2397
  -0.1571  -0.1387  -0.0353  -0.0261   0.0002   0.0137   0.0521   0.0537
     cgsolve_all iterations  21    anorm=    0.70E-07
     cgsolve_all iterations  21    anorm=    0.71E-07
     cgsolve_all iterations  21    anorm=    0.66E-07
     compute_u_kq: q = (    0.0000,    0.0000,    0.0196)
     Rotating WFCS
     ethr =  1.00E-14,  avg # of iterations = 36.7
     eigenvalues at k:
 -13.5790 -13.5402 -13.3326 -13.2997 -12.9413 -12.9398 -12.8734 -12.8719
 -12.8633 -12.8596 -12.8214 -12.8173 -12.7621 -12.7568 -12.6943 -12.6897
  -4.0660  -4.0576  -3.9961  -3.9870  -2.7341  -2.7163  -2.4261  -2.3850
  -2.3389  -2.3251  -2.2983  -2.2443  -2.1035  -2.0476  -1.9518  -1.9040
  -1.6695  -1.6487  -1.4548  -1.4428  -1.3177  -1.3158  -1.1777  -1.1534
  -1.0683  -0.9885  -0.8716  -0.8217  -0.8006  -0.7730  -0.7286  -0.6460
  -0.5274  -0.4739  -0.4238  -0.4097  -0.3365  -0.2908  -0.2905  -0.2389
  -0.1568  -0.1392  -0.0346  -0.0257   0.0001   0.0132   0.0523   0.0537
     eigenvalues at k+q:
 -13.5850 -13.5313 -13.3406 -13.2950 -12.9409 -12.9391 -12.8736 -12.8719
 -12.8645 -12.8589 -12.8219 -12.8164 -12.7630 -12.7557 -12.6953 -12.6890
  -4.0672  -4.0554  -3.9986  -3.9859  -2.7374  -2.7129  -2.4331  -2.3783
  -2.3438  -2.3259  -2.3008  -2.2269  -2.1141  -2.0394  -1.9660  -1.8988
  -1.6655  -1.6352  -1.4601  -1.4436  -1.3155  -1.3142  -1.1819  -1.1503
  -1.0853  -0.9744  -0.8832  -0.8125  -0.8111  -0.8000  -0.7122  -0.6261
  -0.5483  -0.4828  -0.4130  -0.3887  -0.3529  -0.2974  -0.2887  -0.2325
  -0.1575  -0.1378  -0.0340  -0.0211  -0.0017   0.0152   0.0544   0.0549
     cgsolve_all iterations  21    anorm=    0.68E-07
     cgsolve_all iterations  21    anorm=    0.70E-07
     cgsolve_all iterations  21    anorm=    0.66E-07
     compute_u_kq: q = (    0.0000,    0.0000,   -0.0196)
     Rotating WFCS
     ethr =  1.00E-14,  avg # of iterations = 36.4
     eigenvalues at k:
 -13.5790 -13.5402 -13.3326 -13.2997 -12.9413 -12.9398 -12.8734 -12.8719
 -12.8633 -12.8596 -12.8214 -12.8173 -12.7621 -12.7568 -12.6943 -12.6897
  -4.0660  -4.0576  -3.9961  -3.9870  -2.7341  -2.7163  -2.4261  -2.3850
  -2.3389  -2.3251  -2.2983  -2.2443  -2.1035  -2.0476  -1.9518  -1.9040
  -1.6695  -1.6487  -1.4548  -1.4428  -1.3177  -1.3158  -1.1777  -1.1534
  -1.0683  -0.9885  -0.8716  -0.8217  -0.8006  -0.7730  -0.7286  -0.6460
  -0.5274  -0.4739  -0.4238  -0.4097  -0.3365  -0.2908  -0.2905  -0.2389
  -0.1568  -0.1392  -0.0346  -0.0257   0.0001   0.0132   0.0523   0.0537
     eigenvalues at k+q:
 -13.5724 -13.5487 -13.3251 -13.3050 -12.9415 -12.9404 -12.8732 -12.8718
 -12.8621 -12.8603 -12.8207 -12.8183 -12.7611 -12.7578 -12.6934 -12.6904
  -4.0645  -4.0596  -3.9938  -3.9884  -2.7306  -2.7199  -2.4183  -2.3938
  -2.3327  -2.3249  -2.2935  -2.2606  -2.0922  -2.0573  -1.9389  -1.9101
  -1.6712  -1.6594  -1.4505  -1.4424  -1.3189  -1.3176  -1.1735  -1.1568
  -1.0514  -1.0036  -0.8609  -0.8310  -0.7885  -0.7459  -0.7447  -0.6674
  -0.5051  -0.4644  -0.4345  -0.4325  -0.3219  -0.2946  -0.2822  -0.2488
  -0.1532  -0.1418  -0.0347  -0.0298   0.0021   0.0115   0.0509   0.0527
     cgsolve_all iterations  21    anorm=    0.70E-07
     cgsolve_all iterations  21    anorm=    0.69E-07
     cgsolve_all iterations  21    anorm=    0.65E-07

     k-point #    4 of    39      pool #  1    cpu time:    3416.1
     compute_u_kq: q = (    0.0000,    0.0000,    0.0000)
     Rotating WFCS
     ethr =  1.00E-14,  avg # of iterations =  8.2
     eigenvalues at k:
 -13.5814 -13.4339 -13.4053 -13.3012 -12.9496 -12.9452 -12.9176 -12.8964
 -12.8861 -12.8285 -12.8145 -12.7905 -12.7596 -12.7448 -12.7064 -12.6940
  -4.0374  -4.0062  -3.9715  -3.9531  -2.7250  -2.6605  -2.4868  -2.4628
  -2.3091  -2.2434  -2.2086  -2.1532  -2.1142  -2.0637  -2.0220  -1.9234
  -1.6820  -1.5127  -1.4504  -1.4333  -1.3769  -1.2962  -1.2615  -1.1535
  -1.0937  -1.0403  -0.9630  -0.8573  -0.7764  -0.7687  -0.6697  -0.6154
  -0.5916  -0.4959  -0.4686  -0.4148  -0.3525  -0.3167  -0.3131  -0.2872
  -0.1873  -0.1419  -0.1116  -0.0723  -0.0454   0.0182   0.0757   0.0856
     eigenvalues at k+q:
 -13.5814 -13.4339 -13.4053 -13.3012 -12.9496 -12.9452 -12.9176 -12.8964
 -12.8861 -12.8285 -12.8145 -12.7905 -12.7596 -12.7448 -12.7063 -12.6940
  -4.0374  -4.0062  -3.9715  -3.9531  -2.7250  -2.6605  -2.4868  -2.4628
  -2.3091  -2.2434  -2.2086  -2.1532  -2.1142  -2.0637  -2.0220  -1.9234
  -1.6820  -1.5127  -1.4504  -1.4333  -1.3769  -1.2962  -1.2615  -1.1535
  -1.0937  -1.0403  -0.9630  -0.8573  -0.7764  -0.7687  -0.6697  -0.6154
  -0.5916  -0.4959  -0.4686  -0.4148  -0.3524  -0.3167  -0.3131  -0.2872
  -0.1873  -0.1419  -0.1116  -0.0722  -0.0454   0.0182   0.0757   0.0856
     cgsolve_all iterations  21    anorm=    0.68E-07
     cgsolve_all iterations  21    anorm=    0.67E-07
     cgsolve_all iterations  21    anorm=    0.67E-07
     compute_u_kq: q = (    0.0196,    0.0000,    0.0000)
     Rotating WFCS
     ethr =  1.00E-14,  avg # of iterations = 38.3
     eigenvalues at k:
 -13.5814 -13.4339 -13.4053 -13.3012 -12.9496 -12.9452 -12.9176 -12.8964
 -12.8861 -12.8285 -12.8145 -12.7905 -12.7596 -12.7448 -12.7064 -12.6940
  -4.0374  -4.0062  -3.9715  -3.9531  -2.7250  -2.6605  -2.4868  -2.4628
  -2.3091  -2.2434  -2.2086  -2.1532  -2.1142  -2.0637  -2.0220  -1.9234
  -1.6820  -1.5127  -1.4504  -1.4333  -1.3769  -1.2962  -1.2615  -1.1535
  -1.0937  -1.0403  -0.9630  -0.8573  -0.7764  -0.7687  -0.6697  -0.6154
  -0.5916  -0.4959  -0.4686  -0.4148  -0.3525  -0.3167  -0.3131  -0.2872
  -0.1873  -0.1419  -0.1116  -0.0723  -0.0454   0.0182   0.0757   0.0856
     eigenvalues at k+q:
 -13.5874 -13.4366 -13.4080 -13.2958 -12.9444 -12.9432 -12.9154 -12.8953
 -12.8833 -12.8266 -12.8177 -12.7941 -12.7612 -12.7455 -12.7056 -12.6925
  -4.0437  -4.0120  -3.9797  -3.9583  -2.7310  -2.6666  -2.4863  -2.4552
  -2.3096  -2.2550  -2.2159  -2.1550  -2.1109  -2.0681  -2.0263  -1.9146
  -1.6726  -1.5094  -1.4579  -1.4269  -1.3649  -1.2854  -1.2714  -1.1655
  -1.1056  -1.0354  -0.9598  -0.8603  -0.7738  -0.7680  -0.6695  -0.6121
  -0.5804  -0.4982  -0.4712  -0.4045  -0.3547  -0.3135  -0.3101  -0.2836
  -0.1769  -0.1171  -0.1095  -0.0654  -0.0413   0.0199   0.0798   0.0841
     cgsolve_all iterations  21    anorm=    0.71E-07
     cgsolve_all iterations  21    anorm=    0.66E-07
     cgsolve_all iterations  21    anorm=    0.69E-07
     compute_u_kq: q = (   -0.0196,    0.0000,    0.0000)
     Rotating WFCS
     ethr =  1.00E-14,  avg # of iterations = 37.5
     eigenvalues at k:
 -13.5814 -13.4339 -13.4053 -13.3012 -12.9496 -12.9452 -12.9176 -12.8964
 -12.8861 -12.8285 -12.8145 -12.7905 -12.7596 -12.7448 -12.7064 -12.6940
  -4.0374  -4.0062  -3.9715  -3.9531  -2.7250  -2.6605  -2.4868  -2.4628
  -2.3091  -2.2434  -2.2086  -2.1532  -2.1142  -2.0637  -2.0220  -1.9234
  -1.6820  -1.5127  -1.4504  -1.4333  -1.3769  -1.2962  -1.2615  -1.1535
  -1.0937  -1.0403  -0.9630  -0.8573  -0.7764  -0.7687  -0.6697  -0.6154
  -0.5916  -0.4959  -0.4686  -0.4148  -0.3525  -0.3167  -0.3131  -0.2872
  -0.1873  -0.1419  -0.1116  -0.0723  -0.0454   0.0182   0.0757   0.0856
     eigenvalues at k+q:
 -13.5748 -13.4309 -13.4026 -13.3072 -12.9558 -12.9469 -12.9189 -12.8971
 -12.8889 -12.8312 -12.8110 -12.7873 -12.7578 -12.7442 -12.7071 -12.6956
  -4.0307  -4.0000  -3.9631  -3.9477  -2.7182  -2.6542  -2.4860  -2.4700
  -2.3095  -2.2335  -2.2034  -2.1487  -2.1169  -2.0587  -2.0182  -1.9312
  -1.6909  -1.5199  -1.4457  -1.4431  -1.3847  -1.3013  -1.2495  -1.1431
  -1.0801  -1.0455  -0.9676  -0.8533  -0.7889  -0.7667  -0.6675  -0.6201
  -0.5998  -0.4954  -0.4651  -0.4247  -0.3483  -0.3265  -0.3134  -0.2890
  -0.1977  -0.1676  -0.1155  -0.0781  -0.0488   0.0165   0.0707   0.0862
     cgsolve_all iterations  21    anorm=    0.68E-07
     cgsolve_all iterations  21    anorm=    0.69E-07
     cgsolve_all iterations  21    anorm=    0.67E-07
     compute_u_kq: q = (    0.0000,    0.0196,    0.0000)
     Rotating WFCS
     ethr =  1.00E-14,  avg # of iterations = 46.6
     eigenvalues at k:
 -13.5814 -13.4339 -13.4053 -13.3012 -12.9496 -12.9452 -12.9176 -12.8964
 -12.8861 -12.8285 -12.8145 -12.7905 -12.7596 -12.7448 -12.7064 -12.6940
  -4.0374  -4.0062  -3.9715  -3.9531  -2.7250  -2.6605  -2.4868  -2.4628
  -2.3091  -2.2434  -2.2086  -2.1532  -2.1142  -2.0637  -2.0220  -1.9234
  -1.6820  -1.5127  -1.4504  -1.4333  -1.3769  -1.2962  -1.2615  -1.1535
  -1.0937  -1.0403  -0.9630  -0.8573  -0.7764  -0.7687  -0.6697  -0.6154
  -0.5916  -0.4959  -0.4686  -0.4148  -0.3525  -0.3167  -0.3131  -0.2872
  -0.1873  -0.1419  -0.1116  -0.0723  -0.0454   0.0182   0.0757   0.0856
     eigenvalues at k+q:
 -13.5811 -13.4338 -13.4052 -13.3012 -12.9497 -12.9452 -12.9178 -12.8964
 -12.8860 -12.8287 -12.8146 -12.7905 -12.7598 -12.7449 -12.7064 -12.6939
  -4.0376  -4.0059  -3.9719  -3.9528  -2.7243  -2.6602  -2.4886  -2.4609
  -2.3093  -2.2444  -2.2077  -2.1544  -2.1155  -2.0616  -2.0215  -1.9233
  -1.6819  -1.5150  -1.4506  -1.4327  -1.3751  -1.2960  -1.2617  -1.1533
  -1.0933  -1.0400  -0.9628  -0.8575  -0.7793  -0.7652  -0.6700  -0.6151
  -0.5919  -0.4960  -0.4686  -0.4151  -0.3517  -0.3187  -0.3110  -0.2872
  -0.1876  -0.1460  -0.1088  -0.0722  -0.0456   0.0180   0.0754   0.0855
     cgsolve_all iterations  21    anorm=    0.69E-07
     cgsolve_all iterations  21    anorm=    0.68E-07
     cgsolve_all iterations  21    anorm=    0.68E-07
     compute_u_kq: q = (    0.0000,   -0.0196,    0.0000)
     Rotating WFCS
     ethr =  1.00E-14,  avg # of iterations = 46.6
     eigenvalues at k:
 -13.5814 -13.4339 -13.4053 -13.3012 -12.9496 -12.9452 -12.9176 -12.8964
 -12.8861 -12.8285 -12.8145 -12.7905 -12.7596 -12.7448 -12.7064 -12.6940
  -4.0374  -4.0062  -3.9715  -3.9531  -2.7250  -2.6605  -2.4868  -2.4628
  -2.3091  -2.2434  -2.2086  -2.1532  -2.1142  -2.0637  -2.0220  -1.9234
  -1.6820  -1.5127  -1.4504  -1.4333  -1.3769  -1.2962  -1.2615  -1.1535
  -1.0937  -1.0403  -0.9630  -0.8573  -0.7764  -0.7687  -0.6697  -0.6154
  -0.5916  -0.4959  -0.4686  -0.4148  -0.3525  -0.3167  -0.3131  -0.2872
  -0.1873  -0.1419  -0.1116  -0.0723  -0.0454   0.0182   0.0757   0.0856
     eigenvalues at k+q:
 -13.5811 -13.4338 -13.4052 -13.3012 -12.9497 -12.9452 -12.9178 -12.8964
 -12.8860 -12.8287 -12.8146 -12.7905 -12.7598 -12.7449 -12.7064 -12.6939
  -4.0376  -4.0059  -3.9719  -3.9528  -2.7243  -2.6602  -2.4886  -2.4609
  -2.3093  -2.2444  -2.2077  -2.1544  -2.1155  -2.0616  -2.0215  -1.9233
  -1.6819  -1.5150  -1.4506  -1.4327  -1.3751  -1.2960  -1.2617  -1.1533
  -1.0933  -1.0400  -0.9628  -0.8575  -0.7793  -0.7652  -0.6700  -0.6151
  -0.5919  -0.4960  -0.4686  -0.4151  -0.3517  -0.3187  -0.3110  -0.2872
  -0.1876  -0.1460  -0.1088  -0.0722  -0.0456   0.0180   0.0754   0.0855
     cgsolve_all iterations  21    anorm=    0.69E-07
     cgsolve_all iterations  21    anorm=    0.68E-07
     cgsolve_all iterations  21    anorm=    0.68E-07
     compute_u_kq: q = (    0.0000,    0.0000,    0.0196)
     Rotating WFCS
     ethr =  1.00E-14,  avg # of iterations = 37.8
     eigenvalues at k:
 -13.5814 -13.4339 -13.4053 -13.3012 -12.9496 -12.9452 -12.9176 -12.8964
 -12.8861 -12.8285 -12.8145 -12.7905 -12.7596 -12.7448 -12.7064 -12.6940
  -4.0374  -4.0062  -3.9715  -3.9531  -2.7250  -2.6605  -2.4868  -2.4628
  -2.3091  -2.2434  -2.2086  -2.1532  -2.1142  -2.0637  -2.0220  -1.9234
  -1.6820  -1.5127  -1.4504  -1.4333  -1.3769  -1.2962  -1.2615  -1.1535
  -1.0937  -1.0403  -0.9630  -0.8573  -0.7764  -0.7687  -0.6697  -0.6154
  -0.5916  -0.4959  -0.4686  -0.4148  -0.3525  -0.3167  -0.3131  -0.2872
  -0.1873  -0.1419  -0.1116  -0.0723  -0.0454   0.0182   0.0757   0.0856
     eigenvalues at k+q:
 -13.5811 -13.4331 -13.4058 -13.3014 -12.9535 -12.9438 -12.9162 -12.8958
 -12.8842 -12.8309 -12.8142 -12.7910 -12.7596 -12.7434 -12.7078 -12.6932
  -4.0355  -4.0092  -3.9681  -3.9540  -2.7237  -2.6612  -2.4818  -2.4669
  -2.3023  -2.2449  -2.2063  -2.1589  -2.1296  -2.0579  -2.0140  -1.9203
  -1.6804  -1.5309  -1.4626  -1.4329  -1.3776  -1.2778  -1.2562  -1.1428
  -1.0965  -1.0454  -0.9618  -0.8670  -0.7792  -0.7617  -0.6602  -0.6130
  -0.5827  -0.4959  -0.4766  -0.4277  -0.3415  -0.3173  -0.3151  -0.2847
  -0.1993  -0.1409  -0.1094  -0.0755  -0.0434   0.0144   0.0772   0.0848
     cgsolve_all iterations  21    anorm=    0.69E-07
     cgsolve_all iterations  21    anorm=    0.68E-07
     cgsolve_all iterations  21    anorm=    0.68E-07
     compute_u_kq: q = (    0.0000,    0.0000,   -0.0196)
     Rotating WFCS
     ethr =  1.00E-14,  avg # of iterations = 37.9
     eigenvalues at k:
 -13.5814 -13.4339 -13.4053 -13.3012 -12.9496 -12.9452 -12.9176 -12.8964
 -12.8861 -12.8285 -12.8145 -12.7905 -12.7596 -12.7448 -12.7064 -12.6940
  -4.0374  -4.0062  -3.9715  -3.9531  -2.7250  -2.6605  -2.4868  -2.4628
  -2.3091  -2.2434  -2.2086  -2.1532  -2.1142  -2.0637  -2.0220  -1.9234
  -1.6820  -1.5127  -1.4504  -1.4333  -1.3769  -1.2962  -1.2615  -1.1535
  -1.0937  -1.0403  -0.9630  -0.8573  -0.7764  -0.7687  -0.6697  -0.6154
  -0.5916  -0.4959  -0.4686  -0.4148  -0.3525  -0.3167  -0.3131  -0.2872
  -0.1873  -0.1419  -0.1116  -0.0723  -0.0454   0.0182   0.0757   0.0856
     eigenvalues at k+q:
 -13.5811 -13.4399 -13.3999 -13.3011 -12.9466 -12.9456 -12.9190 -12.8972
 -12.8877 -12.8266 -12.8147 -12.7903 -12.7594 -12.7463 -12.7048 -12.6948
  -4.0391  -4.0032  -3.9750  -3.9523  -2.7258  -2.6605  -2.4908  -2.4578
  -2.3149  -2.2421  -2.2114  -2.1475  -2.1004  -2.0684  -2.0308  -1.9283
  -1.6833  -1.4973  -1.4378  -1.4346  -1.3755  -1.3118  -1.2667  -1.1635
  -1.0902  -1.0342  -0.9606  -0.8483  -0.7744  -0.7743  -0.6781  -0.6254
  -0.5981  -0.4946  -0.4602  -0.4025  -0.3618  -0.3157  -0.3119  -0.2903
  -0.1788  -0.1396  -0.1173  -0.0665  -0.0474   0.0200   0.0750   0.0860
     cgsolve_all iterations  21    anorm=    0.69E-07
     cgsolve_all iterations  21    anorm=    0.67E-07
     cgsolve_all iterations  21    anorm=    0.69E-07

     k-point #    5 of    39      pool #  1    cpu time:    4659.9
     compute_u_kq: q = (    0.0000,    0.0000,    0.0000)
     Rotating WFCS
     ethr =  1.00E-14,  avg # of iterations =  8.2
     eigenvalues at k:
 -13.5716 -13.4755 -13.3677 -13.3051 -12.9538 -12.9312 -12.9230 -12.9021
 -12.8917 -12.8255 -12.8118 -12.7913 -12.7555 -12.7513 -12.6991 -12.6984
  -4.0426  -3.9904  -3.9864  -3.9476  -2.7234  -2.6649  -2.4968  -2.4308
  -2.3304  -2.2358  -2.2262  -2.1294  -2.1002  -2.0635  -2.0357  -1.9673
  -1.6886  -1.4950  -1.4529  -1.4094  -1.3429  -1.3332  -1.2718  -1.1842
  -1.0713  -0.9972  -0.9116  -0.8242  -0.7923  -0.7809  -0.6898  -0.6886
  -0.6309  -0.4954  -0.4380  -0.3622  -0.3608  -0.3267  -0.3180  -0.3033
  -0.1779  -0.1535  -0.1081  -0.0613  -0.0413   0.0123   0.0745   0.0841
     eigenvalues at k+q:
 -13.5716 -13.4755 -13.3677 -13.3051 -12.9538 -12.9312 -12.9230 -12.9021
 -12.8917 -12.8255 -12.8118 -12.7913 -12.7555 -12.7513 -12.6991 -12.6984
  -4.0426  -3.9904  -3.9864  -3.9476  -2.7234  -2.6649  -2.4968  -2.4308
  -2.3304  -2.2358  -2.2262  -2.1294  -2.1002  -2.0635  -2.0357  -1.9673
  -1.6886  -1.4950  -1.4529  -1.4094  -1.3429  -1.3332  -1.2718  -1.1842
  -1.0713  -0.9972  -0.9116  -0.8242  -0.7923  -0.7809  -0.6898  -0.6886
  -0.6309  -0.4954  -0.4380  -0.3622  -0.3608  -0.3267  -0.3180  -0.3033
  -0.1779  -0.1535  -0.1081  -0.0612  -0.0413   0.0123   0.0745   0.0841
     cgsolve_all iterations  21    anorm=    0.72E-07
     cgsolve_all iterations  21    anorm=    0.69E-07
     cgsolve_all iterations  21    anorm=    0.67E-07
     compute_u_kq: q = (    0.0196,    0.0000,    0.0000)
     Rotating WFCS
     ethr =  1.00E-14,  avg # of iterations = 38.9
     eigenvalues at k:
 -13.5716 -13.4755 -13.3677 -13.3051 -12.9538 -12.9312 -12.9230 -12.9021
 -12.8917 -12.8255 -12.8118 -12.7913 -12.7555 -12.7513 -12.6991 -12.6984
  -4.0426  -3.9904  -3.9864  -3.9476  -2.7234  -2.6649  -2.4968  -2.4308
  -2.3304  -2.2358  -2.2262  -2.1294  -2.1002  -2.0635  -2.0357  -1.9673
  -1.6886  -1.4950  -1.4529  -1.4094  -1.3429  -1.3332  -1.2718  -1.1842
  -1.0713  -0.9972  -0.9116  -0.8242  -0.7923  -0.7809  -0.6898  -0.6886
  -0.6309  -0.4954  -0.4380  -0.3622  -0.3608  -0.3267  -0.3180  -0.3033
  -0.1779  -0.1535  -0.1081  -0.0613  -0.0413   0.0123   0.0745   0.0841
     eigenvalues at k+q:
 -13.5777 -13.4791 -13.3689 -13.3002 -12.9510 -12.9304 -12.9174 -12.9013
 -12.8884 -12.8239 -12.8148 -12.7947 -12.7577 -12.7518 -12.6980 -12.6972
  -4.0484  -3.9978  -3.9928  -3.9534  -2.7293  -2.6704  -2.4969  -2.4247
  -2.3302  -2.2464  -2.2324  -2.1336  -2.1043  -2.0652  -2.0357  -1.9552
  -1.6827  -1.4904  -1.4431  -1.3999  -1.3539  -1.3415  -1.2712  -1.1879
  -1.0848  -0.9912  -0.9071  -0.8278  -0.8017  -0.7709  -0.6838  -0.6811
  -0.6174  -0.5046  -0.4404  -0.3563  -0.3539  -0.3210  -0.3103  -0.3004
  -0.1627  -0.1516  -0.0970  -0.0556  -0.0352   0.0116   0.0782   0.0817
     cgsolve_all iterations  21    anorm=    0.69E-07
     cgsolve_all iterations  21    anorm=    0.69E-07
     cgsolve_all iterations  21    anorm=    0.68E-07
     compute_u_kq: q = (   -0.0196,    0.0000,    0.0000)
     Rotating WFCS
     ethr =  1.00E-14,  avg # of iterations = 37.7
     eigenvalues at k:
 -13.5716 -13.4755 -13.3677 -13.3051 -12.9538 -12.9312 -12.9230 -12.9021
 -12.8917 -12.8255 -12.8118 -12.7913 -12.7555 -12.7513 -12.6991 -12.6984
  -4.0426  -3.9904  -3.9864  -3.9476  -2.7234  -2.6649  -2.4968  -2.4308
  -2.3304  -2.2358  -2.2262  -2.1294  -2.1002  -2.0635  -2.0357  -1.9673
  -1.6886  -1.4950  -1.4529  -1.4094  -1.3429  -1.3332  -1.2718  -1.1842
  -1.0713  -0.9972  -0.9116  -0.8242  -0.7923  -0.7809  -0.6898  -0.6886
  -0.6309  -0.4954  -0.4380  -0.3622  -0.3608  -0.3267  -0.3180  -0.3033
  -0.1779  -0.1535  -0.1081  -0.0613  -0.0413   0.0123   0.0745   0.0841
     eigenvalues at k+q:
 -13.5650 -13.4715 -13.3665 -13.3107 -12.9564 -12.9359 -12.9248 -12.9025
 -12.8948 -12.8280 -12.8086 -12.7884 -12.7531 -12.7508 -12.7011 -12.6989
  -4.0363  -3.9839  -3.9786  -3.9416  -2.7167  -2.6592  -2.4953  -2.4369
  -2.3307  -2.2260  -2.2223  -2.1243  -2.0976  -2.0591  -2.0359  -1.9780
  -1.6939  -1.5177  -1.4493  -1.4204  -1.3314  -1.3203  -1.2719  -1.1793
  -1.0577  -1.0023  -0.9183  -0.8208  -0.7953  -0.7838  -0.6962  -0.6943
  -0.6410  -0.4873  -0.4334  -0.3715  -0.3660  -0.3344  -0.3301  -0.3024
  -0.1934  -0.1557  -0.1187  -0.0666  -0.0474   0.0133   0.0697   0.0857
     cgsolve_all iterations  21    anorm=    0.71E-07
     cgsolve_all iterations  21    anorm=    0.69E-07
     cgsolve_all iterations  21    anorm=    0.67E-07
     compute_u_kq: q = (    0.0000,    0.0196,    0.0000)
     Rotating WFCS
     ethr =  1.00E-14,  avg # of iterations = 48.2
     eigenvalues at k:
 -13.5716 -13.4755 -13.3677 -13.3051 -12.9538 -12.9312 -12.9230 -12.9021
 -12.8917 -12.8255 -12.8118 -12.7913 -12.7555 -12.7513 -12.6991 -12.6984
  -4.0426  -3.9904  -3.9864  -3.9476  -2.7234  -2.6649  -2.4968  -2.4308
  -2.3304  -2.2358  -2.2262  -2.1294  -2.1002  -2.0635  -2.0357  -1.9673
  -1.6886  -1.4950  -1.4529  -1.4094  -1.3429  -1.3332  -1.2718  -1.1842
  -1.0713  -0.9972  -0.9116  -0.8242  -0.7923  -0.7809  -0.6898  -0.6886
  -0.6309  -0.4954  -0.4380  -0.3622  -0.3608  -0.3267  -0.3180  -0.3033
  -0.1779  -0.1535  -0.1081  -0.0613  -0.0413   0.0123   0.0745   0.0841
     eigenvalues at k+q:
 -13.5714 -13.4753 -13.3676 -13.3052 -12.9538 -12.9314 -12.9231 -12.9022
 -12.8915 -12.8257 -12.8119 -12.7913 -12.7559 -12.7513 -12.6996 -12.6979
  -4.0426  -3.9902  -3.9867  -3.9474  -2.7227  -2.6645  -2.4977  -2.4298
  -2.3305  -2.2369  -2.2257  -2.1331  -2.0978  -2.0661  -2.0315  -1.9672
  -1.6887  -1.4976  -1.4529  -1.4088  -1.3418  -1.3332  -1.2708  -1.1843
  -1.0704  -0.9969  -0.9119  -0.8244  -0.7959  -0.7780  -0.6896  -0.6879
  -0.6309  -0.4952  -0.4379  -0.3645  -0.3590  -0.3270  -0.3177  -0.3029
  -0.1796  -0.1526  -0.1087  -0.0610  -0.0415   0.0120   0.0744   0.0840
     cgsolve_all iterations  21    anorm=    0.72E-07
     cgsolve_all iterations  21    anorm=    0.70E-07
     cgsolve_all iterations  21    anorm=    0.68E-07
     compute_u_kq: q = (    0.0000,   -0.0196,    0.0000)
     Rotating WFCS
     ethr =  1.00E-14,  avg # of iterations = 48.1
     eigenvalues at k:
 -13.5716 -13.4755 -13.3677 -13.3051 -12.9538 -12.9312 -12.9230 -12.9021
 -12.8917 -12.8255 -12.8118 -12.7913 -12.7555 -12.7513 -12.6991 -12.6984
  -4.0426  -3.9904  -3.9864  -3.9476  -2.7234  -2.6649  -2.4968  -2.4308
  -2.3304  -2.2358  -2.2262  -2.1294  -2.1002  -2.0635  -2.0357  -1.9673
  -1.6886  -1.4950  -1.4529  -1.4094  -1.3429  -1.3332  -1.2718  -1.1842
  -1.0713  -0.9972  -0.9116  -0.8242  -0.7923  -0.7809  -0.6898  -0.6886
  -0.6309  -0.4954  -0.4380  -0.3622  -0.3608  -0.3267  -0.3180  -0.3033
  -0.1779  -0.1535  -0.1081  -0.0613  -0.0413   0.0123   0.0745   0.0841
     eigenvalues at k+q:
 -13.5714 -13.4753 -13.3676 -13.3052 -12.9538 -12.9314 -12.9231 -12.9022
 -12.8915 -12.8257 -12.8119 -12.7913 -12.7559 -12.7513 -12.6996 -12.6979
  -4.0426  -3.9902  -3.9867  -3.9474  -2.7227  -2.6645  -2.4977  -2.4298
  -2.3305  -2.2369  -2.2257  -2.1331  -2.0978  -2.0661  -2.0315  -1.9672
  -1.6887  -1.4976  -1.4529  -1.4088  -1.3418  -1.3332  -1.2708  -1.1843
  -1.0704  -0.9969  -0.9119  -0.8244  -0.7959  -0.7780  -0.6896  -0.6879
  -0.6309  -0.4952  -0.4379  -0.3645  -0.3590  -0.3270  -0.3177  -0.3029
  -0.1796  -0.1526  -0.1087  -0.0610  -0.0415   0.0120   0.0744   0.0840
     cgsolve_all iterations  21    anorm=    0.72E-07
     cgsolve_all iterations  21    anorm=    0.70E-07
     cgsolve_all iterations  21    anorm=    0.68E-07
     compute_u_kq: q = (    0.0000,    0.0000,    0.0196)
     Rotating WFCS
     ethr =  1.00E-14,  avg # of iterations = 37.2
     eigenvalues at k:
 -13.5716 -13.4755 -13.3677 -13.3051 -12.9538 -12.9312 -12.9230 -12.9021
 -12.8917 -12.8255 -12.8118 -12.7913 -12.7555 -12.7513 -12.6991 -12.6984
  -4.0426  -3.9904  -3.9864  -3.9476  -2.7234  -2.6649  -2.4968  -2.4308
  -2.3304  -2.2358  -2.2262  -2.1294  -2.1002  -2.0635  -2.0357  -1.9673
  -1.6886  -1.4950  -1.4529  -1.4094  -1.3429  -1.3332  -1.2718  -1.1842
  -1.0713  -0.9972  -0.9116  -0.8242  -0.7923  -0.7809  -0.6898  -0.6886
  -0.6309  -0.4954  -0.4380  -0.3622  -0.3608  -0.3267  -0.3180  -0.3033
  -0.1779  -0.1535  -0.1081  -0.0613  -0.0413   0.0123   0.0745   0.0841
     eigenvalues at k+q:
 -13.5744 -13.4662 -13.3753 -13.3041 -12.9521 -12.9346 -12.9228 -12.9009
 -12.8915 -12.8250 -12.8126 -12.7904 -12.7566 -12.7502 -12.7000 -12.6981
  -4.0416  -3.9924  -3.9836  -3.9482  -2.7241  -2.6626  -2.4968  -2.4391
  -2.3275  -2.2361  -2.2216  -2.1326  -2.0899  -2.0680  -2.0411  -1.9569
  -1.6881  -1.4868  -1.4481  -1.4115  -1.3556  -1.3320  -1.2742  -1.1818
  -1.0747  -1.0089  -0.9289  -0.8277  -0.7872  -0.7778  -0.6911  -0.6736
  -0.6239  -0.4918  -0.4401  -0.3716  -0.3679  -0.3203  -0.3162  -0.3016
  -0.1780  -0.1445  -0.1179  -0.0585  -0.0458   0.0155   0.0742   0.0849
     cgsolve_all iterations  21    anorm=    0.70E-07
     cgsolve_all iterations  21    anorm=    0.69E-07
     cgsolve_all iterations  21    anorm=    0.66E-07
     compute_u_kq: q = (    0.0000,    0.0000,   -0.0196)
     Rotating WFCS
     ethr =  1.00E-14,  avg # of iterations = 38.1
     eigenvalues at k:
 -13.5716 -13.4755 -13.3677 -13.3051 -12.9538 -12.9312 -12.9230 -12.9021
 -12.8917 -12.8255 -12.8118 -12.7913 -12.7555 -12.7513 -12.6991 -12.6984
  -4.0426  -3.9904  -3.9864  -3.9476  -2.7234  -2.6649  -2.4968  -2.4308
  -2.3304  -2.2358  -2.2262  -2.1294  -2.1002  -2.0635  -2.0357  -1.9673
  -1.6886  -1.4950  -1.4529  -1.4094  -1.3429  -1.3332  -1.2718  -1.1842
  -1.0713  -0.9972  -0.9116  -0.8242  -0.7923  -0.7809  -0.6898  -0.6886
  -0.6309  -0.4954  -0.4380  -0.3622  -0.3608  -0.3267  -0.3180  -0.3033
  -0.1779  -0.1535  -0.1081  -0.0613  -0.0413   0.0123   0.0745   0.0841
     eigenvalues at k+q:
 -13.5683 -13.4847 -13.3602 -13.3065 -12.9556 -12.9290 -12.9222 -12.9032
 -12.8912 -12.8267 -12.8110 -12.7924 -12.7543 -12.7523 -12.7001 -12.6970
  -4.0433  -3.9919  -3.9858  -3.9471  -2.7223  -2.6676  -2.4959  -2.4218
  -2.3331  -2.2360  -2.2314  -2.1258  -2.1128  -2.0569  -2.0311  -1.9773
  -1.6890  -1.5065  -1.4590  -1.4092  -1.3349  -1.3292  -1.2657  -1.1843
  -1.0680  -0.9839  -0.8935  -0.8217  -0.7964  -0.7861  -0.7058  -0.6828
  -0.6370  -0.5019  -0.4361  -0.3543  -0.3518  -0.3341  -0.3221  -0.3026
  -0.1775  -0.1622  -0.0990  -0.0644  -0.0380   0.0087   0.0745   0.0835
     cgsolve_all iterations  21    anorm=    0.71E-07
     cgsolve_all iterations  21    anorm=    0.69E-07
     cgsolve_all iterations  21    anorm=    0.68E-07

     k-point #    6 of    39      pool #  1    cpu time:    6425.1
     compute_u_kq: q = (    0.0000,    0.0000,    0.0000)
     Rotating WFCS
     ethr =  1.00E-14,  avg # of iterations =  8.2
     eigenvalues at k:
 -13.5469 -13.5192 -13.3341 -13.3173 -12.9638 -12.9278 -12.9159 -12.9066
 -12.8832 -12.8364 -12.8065 -12.7978 -12.7547 -12.7476 -12.7051 -12.6922
  -4.0420  -4.0033  -3.9750  -3.9450  -2.7120  -2.6805  -2.4862  -2.3841
  -2.3424  -2.2522  -2.2396  -2.1591  -2.0968  -2.0632  -2.0187  -1.9902
  -1.6891  -1.5667  -1.4893  -1.4181  -1.3471  -1.2761  -1.2226  -1.1632
  -1.0545  -0.9197  -0.8838  -0.8343  -0.8136  -0.7693  -0.7315  -0.6507
  -0.6430  -0.5371  -0.4557  -0.3626  -0.3520  -0.3307  -0.3115  -0.2960
  -0.1846  -0.1770  -0.0812  -0.0715  -0.0462  -0.0067   0.0716   0.0866
     eigenvalues at k+q:
 -13.5469 -13.5192 -13.3341 -13.3173 -12.9638 -12.9278 -12.9159 -12.9066
 -12.8832 -12.8364 -12.8065 -12.7977 -12.7547 -12.7476 -12.7050 -12.6922
  -4.0420  -4.0033  -3.9750  -3.9450  -2.7120  -2.6806  -2.4862  -2.3841
  -2.3424  -2.2522  -2.2396  -2.1591  -2.0967  -2.0632  -2.0187  -1.9902
  -1.6891  -1.5667  -1.4893  -1.4181  -1.3471  -1.2761  -1.2226  -1.1632
  -1.0545  -0.9197  -0.8838  -0.8343  -0.8136  -0.7693  -0.7315  -0.6507
  -0.6430  -0.5371  -0.4557  -0.3626  -0.3520  -0.3307  -0.3115  -0.2960
  -0.1846  -0.1770  -0.0812  -0.0715  -0.0462  -0.0067   0.0716   0.0866
     cgsolve_all iterations  21    anorm=    0.70E-07
     cgsolve_all iterations  21    anorm=    0.68E-07
     cgsolve_all iterations  21    anorm=    0.68E-07
     compute_u_kq: q = (    0.0196,    0.0000,    0.0000)
     Rotating WFCS
     ethr =  1.00E-14,  avg # of iterations = 38.5
     eigenvalues at k:
 -13.5469 -13.5192 -13.3341 -13.3173 -12.9638 -12.9278 -12.9159 -12.9066
 -12.8832 -12.8364 -12.8065 -12.7978 -12.7547 -12.7476 -12.7051 -12.6922
  -4.0420  -4.0033  -3.9750  -3.9450  -2.7120  -2.6805  -2.4862  -2.3841
  -2.3424  -2.2522  -2.2396  -2.1591  -2.0968  -2.0632  -2.0187  -1.9902
  -1.6891  -1.5667  -1.4893  -1.4181  -1.3471  -1.2761  -1.2226  -1.1632
  -1.0545  -0.9197  -0.8838  -0.8343  -0.8136  -0.7693  -0.7315  -0.6507
  -0.6430  -0.5371  -0.4557  -0.3626  -0.3520  -0.3307  -0.3115  -0.2960
  -0.1846  -0.1770  -0.0812  -0.0715  -0.0462  -0.0067   0.0716   0.0866
     eigenvalues at k+q:
 -13.5528 -13.5237 -13.3330 -13.3137 -12.9600 -12.9294 -12.9099 -12.9055
 -12.8795 -12.8354 -12.8085 -12.8007 -12.7555 -12.7501 -12.7029 -12.6918
  -4.0477  -4.0115  -3.9798  -3.9516  -2.7178  -2.6860  -2.4845  -2.3772
  -2.3426  -2.2636  -2.2510  -2.1682  -2.0998  -2.0567  -2.0140  -1.9791
  -1.6886  -1.5622  -1.4875  -1.4093  -1.3503  -1.2945  -1.2219  -1.1566
  -1.0620  -0.9221  -0.8859  -0.8255  -0.8133  -0.7612  -0.7329  -0.6469
  -0.6297  -0.5430  -0.4461  -0.3641  -0.3456  -0.3236  -0.3091  -0.2827
  -0.1898  -0.1640  -0.0740  -0.0667  -0.0344  -0.0085   0.0738   0.0826
     cgsolve_all iterations  21    anorm=    0.68E-07
     cgsolve_all iterations  21    anorm=    0.67E-07
     cgsolve_all iterations  21    anorm=    0.68E-07
     compute_u_kq: q = (   -0.0196,    0.0000,    0.0000)
     Rotating WFCS
     ethr =  1.00E-14,  avg # of iterations = 38.0
     eigenvalues at k:
 -13.5469 -13.5192 -13.3341 -13.3173 -12.9638 -12.9278 -12.9159 -12.9066
 -12.8832 -12.8364 -12.8065 -12.7978 -12.7547 -12.7476 -12.7051 -12.6922
  -4.0420  -4.0033  -3.9750  -3.9450  -2.7120  -2.6805  -2.4862  -2.3841
  -2.3424  -2.2522  -2.2396  -2.1591  -2.0968  -2.0632  -2.0187  -1.9902
  -1.6891  -1.5667  -1.4893  -1.4181  -1.3471  -1.2761  -1.2226  -1.1632
  -1.0545  -0.9197  -0.8838  -0.8343  -0.8136  -0.7693  -0.7315  -0.6507
  -0.6430  -0.5371  -0.4557  -0.3626  -0.3520  -0.3307  -0.3115  -0.2960
  -0.1846  -0.1770  -0.0812  -0.0715  -0.0462  -0.0067   0.0716   0.0866
     eigenvalues at k+q:
 -13.5406 -13.5141 -13.3355 -13.3214 -12.9674 -12.9263 -12.9216 -12.9071
 -12.8870 -12.8380 -12.8045 -12.7950 -12.7538 -12.7448 -12.7073 -12.6928
  -4.0358  -3.9948  -3.9699  -3.9384  -2.7052  -2.6747  -2.4869  -2.3908
  -2.3421  -2.2426  -2.2276  -2.1514  -2.0932  -2.0705  -2.0209  -1.9999
  -1.6891  -1.5826  -1.4819  -1.4269  -1.3420  -1.2596  -1.2227  -1.1680
  -1.0496  -0.9179  -0.8834  -0.8430  -0.8130  -0.7770  -0.7312  -0.6564
  -0.6546  -0.5278  -0.4661  -0.3640  -0.3588  -0.3372  -0.3146  -0.3081
  -0.1897  -0.1796  -0.0885  -0.0771  -0.0578  -0.0046   0.0687   0.0894
     cgsolve_all iterations  21    anorm=    0.69E-07
     cgsolve_all iterations  21    anorm=    0.69E-07
     cgsolve_all iterations  21    anorm=    0.69E-07
     compute_u_kq: q = (    0.0000,    0.0196,    0.0000)
     Rotating WFCS
