The following modules were not unloaded:
  (Use "module --force purge" to unload all):

  1) CCconfig        6)  ucx/1.14.1         11) flexiblas/3.3.1
  2) gentoo/2023     7)  libfabric/1.18.0   12) imkl/2023.2.0
  3) gcccore/.12.3   8)  pmix/4.2.4         13) StdEnv/2023
  4) gcc/12.3        9)  ucc/1.2.0
  5) hwloc/2.9.1     10) openmpi/4.1.5
Traceback (most recent call last):
  File "/scratch/cgurwell/asemd/LGPS_30161/orb/orb_md.py", line 10, in <module>
    from ase.md.bussi import Bussi
ModuleNotFoundError: No module named 'ase.md.bussi'
Running
Running
Running
Running
Running
Running
Running
Running
Running
Running
Done
