Time[ps]      Etot[eV]     Epot[eV]     Ekin[eV]    T[K]
0.0000        -1700.336    -1715.527       15.191   293.8
0.2000        -1699.588    -1715.539       15.951   308.5
0.4000        -1700.496    -1715.295       14.799   286.2
0.6000        -1700.037    -1715.797       15.759   304.8
0.8000        -1700.421    -1715.484       15.063   291.3
1.0000        -1700.139    -1715.933       15.794   305.5
1.2000        -1700.974    -1716.610       15.636   302.4
1.4000        -1700.838    -1715.713       14.876   287.7
1.6000        -1699.584    -1714.864       15.280   295.5
1.8000        -1700.879    -1715.438       14.560   281.6
2.0000        -1699.681    -1716.007       16.326   315.8
2.2000        -1700.261    -1715.865       15.605   301.8
2.4000        -1701.285    -1716.346       15.062   291.3
2.6000        -1700.043    -1715.789       15.746   304.5
2.8000        -1698.901    -1715.947       17.045   329.7
3.0000        -1699.858    -1715.381       15.523   300.2
3.2000        -1699.771    -1714.862       15.092   291.9
3.4000        -1698.168    -1715.535       17.368   335.9
3.6000        -1699.491    -1715.780       16.288   315.0
3.8000        -1700.476    -1716.076       15.600   301.7
4.0000        -1699.704    -1715.208       15.504   299.9
4.2000        -1699.355    -1714.979       15.624   302.2
4.4000        -1699.194    -1714.876       15.683   303.3
4.6000        -1699.579    -1714.920       15.342   296.7
4.8000        -1700.180    -1715.495       15.315   296.2
5.0000        -1701.217    -1716.289       15.072   291.5
5.2000        -1701.098    -1715.583       14.485   280.2
5.4000        -1700.912    -1715.995       15.083   291.7
5.6000        -1699.201    -1714.669       15.468   299.2
5.8000        -1699.556    -1715.932       16.376   316.7
6.0000        -1699.538    -1715.422       15.884   307.2
6.2000        -1700.136    -1715.664       15.528   300.3
6.4000        -1699.790    -1714.805       15.015   290.4
6.6000        -1700.104    -1715.405       15.301   295.9
6.8000        -1699.853    -1715.043       15.191   293.8
7.0000        -1699.293    -1716.116       16.823   325.4
7.2000        -1699.092    -1715.102       16.010   309.6
7.4000        -1699.015    -1715.775       16.760   324.1
7.6000        -1700.086    -1715.529       15.443   298.7
7.8000        -1699.840    -1716.155       16.315   315.6
8.0000        -1700.485    -1716.075       15.590   301.5
8.2000        -1700.235    -1716.099       15.864   306.8
8.4000        -1699.509    -1714.761       15.253   295.0
8.6000        -1700.302    -1714.921       14.620   282.8
8.8000        -1699.859    -1715.281       15.422   298.3
9.0000        -1699.482    -1715.286       15.804   305.7
9.2000        -1699.588    -1716.571       16.983   328.5
9.4000        -1700.574    -1716.009       15.434   298.5
9.6000        -1700.621    -1716.305       15.684   303.3
9.8000        -1700.309    -1715.792       15.483   299.5
10.0000       -1701.115    -1716.105       14.990   289.9
10.2000       -1699.784    -1716.319       16.534   319.8
10.4000       -1699.060    -1715.216       16.156   312.5
10.6000       -1698.809    -1714.996       16.187   313.1
10.8000       -1699.900    -1715.345       15.445   298.7
11.0000       -1700.389    -1716.297       15.908   307.7
11.2000       -1701.485    -1716.421       14.936   288.9
11.4000       -1700.396    -1716.033       15.638   302.4
11.6000       -1700.829    -1716.300       15.470   299.2
11.8000       -1699.794    -1715.135       15.340   296.7
12.0000       -1700.470    -1715.788       15.318   296.3
12.2000       -1700.511    -1715.656       15.145   292.9
12.4000       -1701.541    -1716.913       15.372   297.3
12.6000       -1699.898    -1715.309       15.411   298.1
12.8000       -1699.073    -1715.766       16.692   322.8
13.0000       -1699.608    -1715.040       15.432   298.5
13.2000       -1699.992    -1715.353       15.360   297.1
13.4000       -1700.223    -1715.241       15.018   290.5
13.6000       -1700.556    -1715.795       15.239   294.7
13.8000       -1700.009    -1715.924       15.915   307.8
14.0000       -1700.959    -1715.882       14.923   288.6
14.2000       -1701.485    -1716.448       14.963   289.4
14.4000       -1701.322    -1716.072       14.750   285.3
14.6000       -1700.761    -1715.934       15.173   293.5
14.8000       -1701.642    -1717.022       15.380   297.5
15.0000       -1702.376    -1717.013       14.637   283.1
15.2000       -1701.301    -1716.546       15.245   294.9
15.4000       -1701.239    -1716.676       15.437   298.6
15.6000       -1702.251    -1717.512       15.261   295.2
15.8000       -1702.226    -1716.638       14.412   278.7
16.0000       -1701.969    -1716.793       14.825   286.7
16.2000       -1701.992    -1716.714       14.722   284.7
16.4000       -1700.995    -1716.480       15.486   299.5
16.6000       -1699.935    -1715.927       15.992   309.3
16.8000       -1701.342    -1717.078       15.736   304.4
17.0000       -1701.063    -1716.334       15.271   295.4
17.2000       -1701.753    -1716.704       14.951   289.2
17.4000       -1699.359    -1715.765       16.406   317.3
17.6000       -1700.218    -1715.742       15.524   300.2
17.8000       -1700.887    -1716.178       15.291   295.8
18.0000       -1701.440    -1715.908       14.468   279.8
18.2000       -1700.677    -1715.821       15.144   292.9
18.4000       -1700.198    -1715.199       15.001   290.1
18.6000       -1699.859    -1715.895       16.036   310.1
18.8000       -1700.862    -1716.216       15.354   297.0
19.0000       -1701.314    -1715.496       14.181   274.3
19.2000       -1700.930    -1715.470       14.540   281.2
19.4000       -1700.151    -1715.453       15.302   296.0
19.6000       -1700.509    -1715.515       15.007   290.2
19.8000       -1699.174    -1715.635       16.461   318.4
20.0000       -1699.322    -1714.873       15.551   300.8
20.2000       -1701.533    -1716.814       15.281   295.5
20.4000       -1700.785    -1716.279       15.493   299.6
20.6000       -1701.413    -1716.021       14.608   282.5
20.8000       -1700.798    -1716.199       15.402   297.9
21.0000       -1700.979    -1716.505       15.526   300.3
21.2000       -1700.097    -1715.467       15.370   297.3
21.4000       -1700.744    -1716.161       15.418   298.2
21.6000       -1701.207    -1716.117       14.910   288.4
21.8000       -1701.195    -1716.214       15.019   290.5
22.0000       -1701.112    -1716.409       15.298   295.9
22.2000       -1700.732    -1715.798       15.066   291.4
22.4000       -1700.848    -1715.362       14.514   280.7
22.6000       -1701.630    -1716.340       14.710   284.5
22.8000       -1701.937    -1716.226       14.289   276.4
23.0000       -1703.031    -1717.187       14.157   273.8
23.2000       -1701.900    -1717.036       15.135   292.7
23.4000       -1701.472    -1715.996       14.524   280.9
23.6000       -1700.591    -1715.572       14.981   289.8
23.8000       -1698.850    -1715.616       16.766   324.3
24.0000       -1700.047    -1715.493       15.446   298.7
24.2000       -1699.686    -1715.901       16.214   313.6
24.4000       -1700.659    -1716.373       15.713   303.9
24.6000       -1701.072    -1715.476       14.403   278.6
24.8000       -1701.157    -1716.206       15.049   291.1
25.0000       -1700.656    -1716.359       15.703   303.7
25.2000       -1701.703    -1716.775       15.072   291.5
25.4000       -1701.775    -1716.668       14.893   288.0
25.6000       -1700.313    -1716.051       15.738   304.4
25.8000       -1700.909    -1715.669       14.760   285.5
26.0000       -1701.336    -1716.073       14.736   285.0
26.2000       -1701.281    -1716.136       14.856   287.3
26.4000       -1700.839    -1716.083       15.244   294.8
26.6000       -1700.273    -1714.968       14.695   284.2
26.8000       -1699.267    -1715.642       16.375   316.7
27.0000       -1699.266    -1715.079       15.813   305.8
27.2000       -1700.030    -1715.351       15.321   296.3
27.4000       -1699.401    -1715.593       16.192   313.2
27.6000       -1700.352    -1715.305       14.952   289.2
27.8000       -1701.255    -1715.437       14.182   274.3
28.0000       -1700.739    -1715.943       15.204   294.1
28.2000       -1699.738    -1714.943       15.205   294.1
28.4000       -1700.833    -1716.739       15.906   307.6
28.6000       -1699.905    -1715.326       15.421   298.2
28.8000       -1699.104    -1714.698       15.594   301.6
29.0000       -1698.793    -1714.944       16.150   312.4
29.2000       -1698.892    -1714.219       15.327   296.4
29.4000       -1699.706    -1715.551       15.845   306.5
29.6000       -1699.264    -1715.836       16.572   320.5
29.8000       -1700.435    -1716.203       15.769   305.0
30.0000       -1700.088    -1715.638       15.550   300.7
30.2000       -1699.304    -1714.917       15.613   302.0
30.4000       -1699.456    -1714.641       15.185   293.7
30.6000       -1702.151    -1717.160       15.009   290.3
30.8000       -1701.762    -1716.922       15.161   293.2
31.0000       -1701.644    -1715.776       14.132   273.3
31.2000       -1700.637    -1715.462       14.825   286.7
31.4000       -1699.811    -1715.993       16.182   313.0
31.6000       -1701.009    -1717.034       16.025   309.9
31.8000       -1701.249    -1716.692       15.443   298.7
32.0000       -1701.299    -1716.048       14.749   285.3
32.2000       -1700.545    -1715.363       14.818   286.6
32.4000       -1700.745    -1715.999       15.253   295.0
32.6000       -1701.543    -1716.326       14.782   285.9
32.8000       -1701.673    -1716.775       15.102   292.1
33.0000       -1700.997    -1715.896       14.899   288.2
33.2000       -1701.398    -1717.026       15.628   302.3
33.4000       -1702.215    -1716.715       14.500   280.5
33.6000       -1702.073    -1716.649       14.576   281.9
33.8000       -1703.281    -1717.698       14.417   278.8
34.0000       -1702.790    -1716.547       13.757   266.1
34.2000       -1702.182    -1717.001       14.818   286.6
34.4000       -1700.618    -1716.506       15.887   307.3
34.6000       -1699.873    -1715.443       15.570   301.1
34.8000       -1701.169    -1716.118       14.949   289.1
35.0000       -1700.034    -1715.601       15.567   301.1
35.2000       -1700.817    -1716.244       15.427   298.4
35.4000       -1700.586    -1715.288       14.702   284.4
35.6000       -1700.028    -1715.656       15.627   302.2
35.8000       -1699.479    -1715.522       16.043   310.3
36.0000       -1700.512    -1715.815       15.303   296.0
36.2000       -1700.517    -1715.905       15.388   297.6
36.4000       -1699.842    -1714.954       15.112   292.3
36.6000       -1700.930    -1716.516       15.585   301.4
36.8000       -1701.045    -1716.179       15.134   292.7
37.0000       -1700.350    -1715.320       14.970   289.5
37.2000       -1701.336    -1716.789       15.454   298.9
37.4000       -1700.808    -1716.290       15.482   299.4
37.6000       -1700.874    -1715.410       14.535   281.1
37.8000       -1700.164    -1715.997       15.833   306.2
38.0000       -1699.537    -1716.336       16.799   324.9
38.2000       -1699.973    -1715.982       16.009   309.6
38.4000       -1700.538    -1716.094       15.556   300.9
38.6000       -1700.899    -1716.328       15.429   298.4
38.8000       -1700.376    -1716.458       16.082   311.0
39.0000       -1700.150    -1715.731       15.580   301.3
39.2000       -1700.659    -1716.204       15.545   300.6
39.4000       -1699.522    -1714.992       15.470   299.2
39.6000       -1699.294    -1715.430       16.136   312.1
39.8000       -1698.760    -1714.223       15.463   299.1
40.0000       -1700.561    -1716.446       15.885   307.2
40.2000       -1700.905    -1715.894       14.989   289.9
40.4000       -1700.377    -1716.564       16.187   313.1
40.6000       -1701.031    -1716.350       15.318   296.3
40.8000       -1700.092    -1715.199       15.106   292.2
41.0000       -1700.073    -1716.138       16.064   310.7
41.2000       -1700.589    -1715.760       15.170   293.4
41.4000       -1700.553    -1715.943       15.389   297.6
41.6000       -1700.884    -1716.316       15.433   298.5
41.8000       -1701.342    -1716.420       15.078   291.6
42.0000       -1700.937    -1716.024       15.087   291.8
42.2000       -1699.932    -1715.065       15.134   292.7
42.4000       -1699.915    -1715.160       15.245   294.9
42.6000       -1699.976    -1715.305       15.330   296.5
42.8000       -1699.321    -1714.477       15.156   293.1
43.0000       -1700.844    -1716.151       15.307   296.0
43.2000       -1701.458    -1716.389       14.932   288.8
43.4000       -1700.694    -1716.304       15.609   301.9
43.6000       -1700.509    -1716.044       15.536   300.5
43.8000       -1700.720    -1716.184       15.465   299.1
44.0000       -1699.861    -1714.784       14.923   288.6
44.2000       -1700.985    -1715.619       14.634   283.0
44.4000       -1700.572    -1715.733       15.161   293.2
44.6000       -1701.909    -1716.448       14.540   281.2
44.8000       -1702.386    -1716.648       14.263   275.9
45.0000       -1702.014    -1717.182       15.168   293.4
45.2000       -1702.098    -1716.644       14.546   281.3
45.4000       -1701.342    -1715.954       14.612   282.6
45.6000       -1700.645    -1716.583       15.938   308.3
45.8000       -1698.886    -1715.068       16.181   313.0
46.0000       -1699.068    -1714.632       15.563   301.0
46.2000       -1699.039    -1714.753       15.714   303.9
46.4000       -1700.433    -1715.485       15.052   291.1
46.6000       -1700.489    -1716.224       15.735   304.3
46.8000       -1701.121    -1715.950       14.829   286.8
47.0000       -1700.038    -1715.322       15.285   295.6
47.2000       -1700.219    -1715.801       15.582   301.4
47.4000       -1698.837    -1714.592       15.755   304.7
47.6000       -1699.916    -1715.211       15.295   295.8
47.8000       -1700.109    -1716.534       16.426   317.7
48.0000       -1700.792    -1715.935       15.143   292.9
48.2000       -1700.826    -1716.023       15.197   293.9
48.4000       -1699.818    -1715.070       15.252   295.0
48.6000       -1700.027    -1715.823       15.796   305.5
48.8000       -1701.286    -1715.763       14.477   280.0
49.0000       -1701.078    -1716.534       15.456   298.9
49.2000       -1701.975    -1716.859       14.884   287.9
49.4000       -1701.150    -1715.119       13.969   270.2
49.6000       -1700.170    -1715.677       15.506   299.9
49.8000       -1700.705    -1716.010       15.305   296.0
50.0000       -1700.781    -1716.828       16.047   310.4
50.2000       -1699.453    -1715.481       16.028   310.0
50.4000       -1701.784    -1716.127       14.344   277.4
50.6000       -1701.295    -1716.531       15.235   294.7
50.8000       -1701.113    -1715.619       14.506   280.6
51.0000       -1700.744    -1715.778       15.034   290.8
51.2000       -1700.837    -1715.819       14.982   289.8
51.4000       -1700.210    -1716.268       16.058   310.6
51.6000       -1700.664    -1715.251       14.588   282.1
51.8000       -1699.848    -1716.032       16.184   313.0
52.0000       -1699.833    -1714.222       14.389   278.3
52.2000       -1699.691    -1715.517       15.826   306.1
52.4000       -1700.303    -1716.407       16.104   311.5
52.6000       -1699.791    -1714.851       15.060   291.3
52.8000       -1700.259    -1715.354       15.095   292.0
53.0000       -1699.273    -1714.587       15.314   296.2
53.2000       -1699.238    -1715.382       16.144   312.2
53.4000       -1699.603    -1714.838       15.235   294.7
53.6000       -1700.955    -1714.982       14.027   271.3
53.8000       -1701.512    -1715.660       14.148   273.6
54.0000       -1699.836    -1715.703       15.867   306.9
54.2000       -1700.111    -1716.326       16.215   313.6
54.4000       -1700.432    -1715.285       14.853   287.3
54.6000       -1700.795    -1715.786       14.991   289.9
54.8000       -1698.628    -1715.021       16.392   317.0
55.0000       -1698.616    -1715.352       16.736   323.7
55.2000       -1700.525    -1715.717       15.192   293.8
55.4000       -1700.407    -1715.355       14.948   289.1
55.6000       -1699.692    -1715.949       16.257   314.4
55.8000       -1699.487    -1715.634       16.147   312.3
56.0000       -1698.417    -1714.663       16.246   314.2
56.2000       -1701.026    -1716.434       15.408   298.0
56.4000       -1700.917    -1716.209       15.292   295.8
56.6000       -1699.681    -1715.807       16.127   311.9
56.8000       -1699.172    -1716.094       16.921   327.3
57.0000       -1698.581    -1714.730       16.150   312.3
57.2000       -1699.558    -1714.868       15.309   296.1
57.4000       -1700.478    -1715.437       14.959   289.3
57.6000       -1701.542    -1715.269       13.726   265.5
57.8000       -1699.560    -1715.615       16.055   310.5
58.0000       -1700.429    -1715.771       15.342   296.7
58.2000       -1700.173    -1716.103       15.930   308.1
58.4000       -1700.479    -1716.531       16.052   310.5
58.6000       -1701.079    -1715.807       14.728   284.9
58.8000       -1701.601    -1716.683       15.082   291.7
59.0000       -1701.530    -1716.938       15.407   298.0
59.2000       -1702.158    -1716.838       14.680   283.9
59.4000       -1699.965    -1716.348       16.383   316.9
59.6000       -1700.141    -1716.003       15.861   306.8
59.8000       -1699.340    -1715.831       16.491   318.9
60.0000       -1699.671    -1714.947       15.276   295.5
60.2000       -1701.078    -1716.211       15.133   292.7
60.4000       -1701.817    -1715.391       13.575   262.5
60.6000       -1702.247    -1717.398       15.151   293.0
60.8000       -1700.078    -1716.061       15.983   309.1
61.0000       -1700.675    -1715.123       14.448   279.4
61.2000       -1701.445    -1716.364       14.919   288.5
61.4000       -1700.818    -1716.719       15.901   307.5
61.6000       -1699.430    -1714.698       15.268   295.3
61.8000       -1700.016    -1715.497       15.481   299.4
62.0000       -1699.224    -1714.627       15.403   297.9
62.2000       -1699.128    -1714.752       15.624   302.2
62.4000       -1699.579    -1715.327       15.748   304.6
62.6000       -1699.329    -1714.781       15.452   298.9
62.8000       -1697.954    -1715.229       17.275   334.1
63.0000       -1698.278    -1714.847       16.568   320.4
63.2000       -1698.163    -1715.269       17.106   330.8
63.4000       -1699.454    -1714.403       14.949   289.1
63.6000       -1699.193    -1713.507       14.314   276.8
63.8000       -1699.268    -1714.195       14.927   288.7
64.0000       -1699.868    -1715.094       15.226   294.5
64.2000       -1700.270    -1715.329       15.059   291.3
64.4000       -1701.011    -1715.830       14.819   286.6
64.6000       -1700.196    -1716.022       15.826   306.1
64.8000       -1699.885    -1715.471       15.586   301.4
65.0000       -1700.192    -1715.621       15.429   298.4
65.2000       -1699.184    -1714.542       15.358   297.0
65.4000       -1700.655    -1715.447       14.793   286.1
65.6000       -1699.690    -1715.077       15.387   297.6
65.8000       -1698.601    -1714.729       16.128   311.9
66.0000       -1698.200    -1714.657       16.457   318.3
66.2000       -1699.337    -1714.803       15.467   299.1
66.4000       -1699.692    -1715.371       15.679   303.2
66.6000       -1699.822    -1715.594       15.772   305.0
66.8000       -1699.539    -1716.070       16.531   319.7
67.0000       -1698.472    -1714.725       16.253   314.3
67.2000       -1698.769    -1714.673       15.903   307.6
67.4000       -1698.319    -1715.266       16.947   327.8
67.6000       -1698.280    -1714.702       16.422   317.6
67.8000       -1698.643    -1715.238       16.594   320.9
68.0000       -1699.336    -1715.870       16.534   319.8
68.2000       -1699.048    -1715.414       16.365   316.5
68.4000       -1699.491    -1715.545       16.054   310.5
68.6000       -1700.909    -1715.526       14.617   282.7
68.8000       -1701.555    -1716.450       14.894   288.1
69.0000       -1700.315    -1715.554       15.240   294.7
69.2000       -1699.611    -1715.193       15.582   301.4
69.4000       -1700.861    -1715.656       14.795   286.1
69.6000       -1702.131    -1717.241       15.111   292.3
69.8000       -1701.194    -1715.799       14.605   282.5
70.0000       -1701.396    -1716.326       14.931   288.8
70.2000       -1699.976    -1715.384       15.408   298.0
70.4000       -1700.317    -1715.982       15.666   303.0
70.6000       -1699.327    -1715.983       16.657   322.2
70.8000       -1699.367    -1714.591       15.224   294.4
71.0000       -1700.358    -1715.899       15.541   300.6
71.2000       -1699.894    -1716.275       16.381   316.8
71.4000       -1701.090    -1715.797       14.706   284.4
71.6000       -1700.242    -1715.761       15.519   300.1
71.8000       -1699.891    -1715.620       15.728   304.2
72.0000       -1700.332    -1715.586       15.253   295.0
72.2000       -1700.343    -1715.843       15.500   299.8
72.4000       -1700.924    -1715.830       14.906   288.3
72.6000       -1700.123    -1715.707       15.584   301.4
72.8000       -1700.514    -1715.576       15.061   291.3
73.0000       -1702.032    -1716.077       14.045   271.7
73.2000       -1700.915    -1716.502       15.587   301.5
73.4000       -1699.544    -1715.488       15.945   308.4
73.6000       -1699.729    -1715.396       15.666   303.0
73.8000       -1700.475    -1715.276       14.802   286.3
74.0000       -1699.816    -1715.057       15.241   294.8
74.2000       -1699.628    -1714.470       14.842   287.1
74.4000       -1700.550    -1715.981       15.432   298.5
74.6000       -1700.372    -1714.543       14.171   274.1
74.8000       -1701.167    -1715.709       14.542   281.3
75.0000       -1700.543    -1715.754       15.211   294.2
75.2000       -1701.158    -1716.225       15.067   291.4
75.4000       -1701.124    -1715.629       14.504   280.5
75.6000       -1700.366    -1715.779       15.413   298.1
75.8000       -1699.895    -1716.040       16.145   312.3
76.0000       -1700.507    -1715.538       15.031   290.7
76.2000       -1701.688    -1716.165       14.478   280.0
76.4000       -1702.543    -1717.158       14.616   282.7
76.6000       -1701.883    -1716.181       14.298   276.5
76.8000       -1701.075    -1716.182       15.108   292.2
77.0000       -1702.965    -1717.669       14.703   284.4
77.2000       -1702.458    -1716.282       13.824   267.4
77.4000       -1700.767    -1715.651       14.884   287.9
77.6000       -1701.449    -1716.676       15.226   294.5
77.8000       -1700.033    -1716.188       16.155   312.5
78.0000       -1700.605    -1715.786       15.182   293.6
78.2000       -1699.859    -1715.096       15.237   294.7
78.4000       -1699.705    -1715.601       15.896   307.4
78.6000       -1699.945    -1715.625       15.680   303.3
78.8000       -1699.510    -1715.261       15.751   304.6
79.0000       -1699.193    -1715.202       16.009   309.6
79.2000       -1699.488    -1715.496       16.008   309.6
79.4000       -1698.716    -1715.183       16.467   318.5
79.6000       -1699.339    -1715.726       16.387   316.9
79.8000       -1699.052    -1715.174       16.122   311.8
80.0000       -1699.694    -1714.603       14.908   288.3
80.2000       -1700.107    -1715.374       15.267   295.3
80.4000       -1699.867    -1715.325       15.458   299.0
80.6000       -1700.081    -1714.867       14.785   286.0
80.8000       -1700.001    -1715.345       15.343   296.8
81.0000       -1699.603    -1715.875       16.272   314.7
81.2000       -1698.491    -1714.627       16.135   312.1
81.4000       -1699.069    -1715.102       16.033   310.1
81.6000       -1698.533    -1714.774       16.241   314.1
81.8000       -1698.419    -1715.434       17.015   329.1
82.0000       -1699.208    -1715.447       16.240   314.1
82.2000       -1699.142    -1714.852       15.710   303.8
82.4000       -1700.646    -1716.358       15.712   303.9
82.6000       -1702.280    -1716.478       14.198   274.6
82.8000       -1701.248    -1716.002       14.754   285.4
83.0000       -1701.284    -1716.082       14.799   286.2
83.2000       -1700.613    -1715.957       15.344   296.8
83.4000       -1699.764    -1714.674       14.910   288.4
83.6000       -1699.959    -1715.830       15.871   307.0
83.8000       -1700.204    -1715.516       15.312   296.1
84.0000       -1699.030    -1715.378       16.348   316.2
84.2000       -1698.940    -1714.967       16.026   310.0
84.4000       -1699.660    -1715.297       15.637   302.4
84.6000       -1699.653    -1715.348       15.694   303.5
84.8000       -1700.163    -1715.501       15.338   296.6
85.0000       -1700.035    -1715.574       15.538   300.5
85.2000       -1698.704    -1714.552       15.848   306.5
85.4000       -1699.983    -1715.226       15.243   294.8
85.6000       -1700.091    -1715.955       15.865   306.8
85.8000       -1699.853    -1716.485       16.632   321.7
86.0000       -1699.290    -1715.720       16.430   317.8
86.2000       -1699.550    -1716.237       16.687   322.7
86.4000       -1699.111    -1714.775       15.664   302.9
86.6000       -1699.839    -1715.498       15.659   302.9
86.8000       -1700.549    -1715.491       14.942   289.0
87.0000       -1699.957    -1715.138       15.181   293.6
87.2000       -1701.740    -1716.903       15.163   293.3
87.4000       -1701.712    -1717.147       15.435   298.5
87.6000       -1701.928    -1716.854       14.926   288.7
87.8000       -1701.191    -1716.503       15.311   296.1
88.0000       -1701.492    -1716.435       14.943   289.0
88.2000       -1701.708    -1716.681       14.974   289.6
88.4000       -1702.215    -1716.847       14.632   283.0
88.6000       -1701.725    -1717.010       15.284   295.6
88.8000       -1700.580    -1715.659       15.079   291.6
89.0000       -1700.933    -1715.440       14.507   280.6
89.2000       -1699.831    -1715.677       15.845   306.5
89.4000       -1700.320    -1715.745       15.425   298.3
89.6000       -1699.877    -1714.994       15.117   292.4
89.8000       -1700.259    -1714.647       14.389   278.3
90.0000       -1700.734    -1715.838       15.104   292.1
90.2000       -1701.199    -1715.862       14.663   283.6
90.4000       -1700.852    -1716.484       15.631   302.3
90.6000       -1700.903    -1716.201       15.298   295.9
90.8000       -1700.592    -1716.637       16.045   310.3
91.0000       -1701.787    -1716.880       15.092   291.9
91.2000       -1701.794    -1716.737       14.943   289.0
91.4000       -1700.313    -1715.769       15.456   298.9
91.6000       -1699.857    -1715.747       15.891   307.3
91.8000       -1700.108    -1715.434       15.325   296.4
92.0000       -1700.981    -1716.305       15.324   296.4
92.2000       -1700.190    -1716.103       15.913   307.8
92.4000       -1700.679    -1716.204       15.525   300.3
92.6000       -1699.576    -1715.589       16.013   309.7
92.8000       -1698.978    -1715.626       16.648   322.0
93.0000       -1698.995    -1714.965       15.970   308.9
93.2000       -1698.864    -1715.026       16.162   312.6
93.4000       -1699.150    -1715.222       16.072   310.9
93.6000       -1699.395    -1714.677       15.282   295.6
93.8000       -1699.619    -1715.557       15.938   308.3
94.0000       -1698.342    -1715.187       16.845   325.8
94.2000       -1699.163    -1715.350       16.187   313.1
94.4000       -1699.794    -1716.035       16.241   314.1
94.6000       -1700.203    -1714.998       14.794   286.1
94.8000       -1699.897    -1715.288       15.391   297.7
95.0000       -1700.056    -1715.394       15.337   296.6
95.2000       -1700.884    -1716.641       15.758   304.8
95.4000       -1700.328    -1715.529       15.202   294.0
95.6000       -1700.530    -1715.930       15.400   297.8
95.8000       -1701.230    -1716.617       15.387   297.6
96.0000       -1700.555    -1715.373       14.818   286.6
96.2000       -1700.259    -1715.917       15.658   302.8
96.4000       -1699.820    -1715.710       15.890   307.3
96.6000       -1699.908    -1715.400       15.492   299.6
96.8000       -1700.765    -1715.577       14.812   286.5
97.0000       -1699.392    -1715.065       15.673   303.1
97.2000       -1699.858    -1715.725       15.867   306.9
97.4000       -1699.960    -1715.634       15.674   303.2
97.6000       -1699.438    -1714.802       15.364   297.2
97.8000       -1701.084    -1716.344       15.260   295.1
98.0000       -1701.379    -1715.681       14.301   276.6
98.2000       -1700.792    -1715.341       14.549   281.4
98.4000       -1700.498    -1716.086       15.588   301.5
98.6000       -1700.572    -1716.024       15.451   298.8
98.8000       -1700.301    -1715.435       15.134   292.7
99.0000       -1699.091    -1715.265       16.174   312.8
99.2000       -1700.119    -1715.440       15.321   296.3
99.4000       -1701.819    -1716.620       14.800   286.3
99.6000       -1701.061    -1715.725       14.665   283.6
99.8000       -1700.745    -1715.502       14.757   285.4
100.0000      -1700.600    -1715.276       14.676   283.8
100.2000      -1699.567    -1716.176       16.609   321.2
100.4000      -1700.112    -1716.187       16.074   310.9
100.6000      -1701.499    -1715.958       14.459   279.6
100.8000      -1700.485    -1716.009       15.524   300.2
101.0000      -1699.571    -1713.926       14.355   277.6
101.2000      -1698.829    -1715.575       16.746   323.9
101.4000      -1699.393    -1715.385       15.992   309.3
101.6000      -1700.118    -1715.639       15.521   300.2
101.8000      -1699.176    -1714.401       15.225   294.5
102.0000      -1700.443    -1716.193       15.751   304.6
102.2000      -1700.439    -1715.358       14.918   288.5
102.4000      -1701.908    -1716.697       14.789   286.0
102.6000      -1702.218    -1716.487       14.269   276.0
102.8000      -1702.277    -1715.941       13.664   264.3
103.0000      -1702.008    -1717.002       14.994   290.0
103.2000      -1700.823    -1715.749       14.926   288.7
103.4000      -1701.621    -1716.260       14.639   283.1
103.6000      -1701.770    -1716.804       15.034   290.8
103.8000      -1701.025    -1716.167       15.142   292.9
104.0000      -1701.402    -1715.822       14.420   278.9
104.2000      -1700.583    -1715.347       14.764   285.5
104.4000      -1701.783    -1717.244       15.461   299.0
104.6000      -1701.480    -1717.278       15.798   305.5
104.8000      -1700.922    -1716.332       15.409   298.0
105.0000      -1701.136    -1716.826       15.690   303.5
105.2000      -1701.039    -1715.965       14.926   288.7
105.4000      -1701.517    -1716.154       14.637   283.1
105.6000      -1700.614    -1715.488       14.874   287.7
105.8000      -1700.873    -1716.194       15.321   296.3
106.0000      -1701.233    -1716.349       15.116   292.3
106.2000      -1700.674    -1716.085       15.411   298.1
106.4000      -1700.278    -1715.950       15.672   303.1
106.6000      -1700.532    -1715.953       15.421   298.2
106.8000      -1700.436    -1715.808       15.372   297.3
107.0000      -1700.659    -1715.704       15.045   291.0
107.2000      -1700.771    -1715.715       14.944   289.0
107.4000      -1700.663    -1716.256       15.593   301.6
107.6000      -1700.307    -1715.324       15.017   290.4
107.8000      -1701.010    -1715.723       14.713   284.6
108.0000      -1700.857    -1716.131       15.274   295.4
108.2000      -1701.913    -1716.846       14.934   288.8
108.4000      -1701.884    -1716.358       14.474   279.9
108.6000      -1700.774    -1715.324       14.550   281.4
108.8000      -1700.168    -1715.128       14.961   289.4
109.0000      -1700.080    -1715.750       15.670   303.1
109.2000      -1700.252    -1715.473       15.221   294.4
109.4000      -1699.790    -1715.963       16.173   312.8
109.6000      -1701.022    -1716.085       15.063   291.3
109.8000      -1701.372    -1715.951       14.579   282.0
110.0000      -1700.431    -1716.138       15.707   303.8
110.2000      -1700.701    -1716.463       15.762   304.9
110.4000      -1699.668    -1714.408       14.740   285.1
110.6000      -1699.962    -1715.357       15.395   297.8
110.8000      -1699.325    -1715.904       16.578   320.6
111.0000      -1700.786    -1715.831       15.046   291.0
111.2000      -1699.863    -1715.611       15.747   304.6
111.4000      -1700.215    -1716.328       16.112   311.6
111.6000      -1699.176    -1715.445       16.269   314.7
111.8000      -1699.901    -1715.590       15.689   303.4
112.0000      -1700.553    -1715.165       14.612   282.6
112.2000      -1700.888    -1715.563       14.675   283.8
112.4000      -1701.492    -1716.628       15.136   292.7
112.6000      -1700.871    -1716.967       16.096   311.3
112.8000      -1700.849    -1716.857       16.008   309.6
113.0000      -1701.140    -1716.063       14.923   288.6
113.2000      -1700.274    -1716.523       16.249   314.3
113.4000      -1700.031    -1715.965       15.934   308.2
113.6000      -1699.898    -1715.681       15.783   305.3
113.8000      -1700.870    -1715.385       14.515   280.7
114.0000      -1700.084    -1716.129       16.045   310.3
114.2000      -1698.417    -1714.080       15.663   302.9
114.4000      -1700.356    -1715.258       14.902   288.2
114.6000      -1700.210    -1714.844       14.633   283.0
114.8000      -1699.277    -1716.032       16.755   324.1
115.0000      -1699.433    -1715.190       15.758   304.8
115.2000      -1699.757    -1715.900       16.143   312.2
115.4000      -1700.674    -1715.788       15.114   292.3
115.6000      -1700.733    -1715.779       15.046   291.0
115.8000      -1700.316    -1715.103       14.787   286.0
116.0000      -1700.575    -1716.038       15.463   299.1
116.2000      -1700.054    -1715.079       15.025   290.6
116.4000      -1700.568    -1715.800       15.231   294.6
116.6000      -1700.499    -1715.477       14.977   289.7
116.8000      -1700.840    -1716.526       15.686   303.4
117.0000      -1700.318    -1716.392       16.074   310.9
117.2000      -1699.620    -1715.762       16.142   312.2
117.4000      -1699.205    -1715.673       16.467   318.5
117.6000      -1700.018    -1715.386       15.369   297.2
117.8000      -1699.863    -1715.599       15.736   304.4
118.0000      -1699.176    -1714.425       15.249   294.9
118.2000      -1698.490    -1714.387       15.898   307.5
118.4000      -1698.758    -1715.009       16.251   314.3
118.6000      -1698.050    -1714.053       16.004   309.5
118.8000      -1699.182    -1715.627       16.445   318.1
119.0000      -1698.746    -1715.498       16.752   324.0
119.2000      -1699.826    -1715.692       15.867   306.9
119.4000      -1699.623    -1715.804       16.181   313.0
119.6000      -1700.286    -1715.505       15.219   294.3
119.8000      -1700.478    -1715.334       14.857   287.3
120.0000      -1699.517    -1714.977       15.460   299.0
120.2000      -1699.688    -1715.785       16.098   311.3
120.4000      -1699.428    -1714.916       15.488   299.6
120.6000      -1698.982    -1715.411       16.429   317.8
120.8000      -1699.211    -1714.890       15.679   303.2
121.0000      -1700.652    -1715.709       15.057   291.2
121.2000      -1699.251    -1715.517       16.266   314.6
121.4000      -1700.222    -1715.478       15.256   295.1
121.6000      -1700.305    -1715.015       14.710   284.5
121.8000      -1700.541    -1715.560       15.018   290.5
122.0000      -1700.481    -1715.640       15.159   293.2
122.2000      -1701.030    -1716.470       15.441   298.6
122.4000      -1699.901    -1715.842       15.942   308.3
122.6000      -1698.187    -1714.328       16.141   312.2
122.8000      -1697.522    -1714.187       16.665   322.3
123.0000      -1697.900    -1714.467       16.566   320.4
123.2000      -1698.346    -1714.371       16.024   309.9
123.4000      -1699.403    -1715.420       16.017   309.8
123.6000      -1698.970    -1714.930       15.960   308.7
123.8000      -1699.236    -1715.653       16.417   317.5
124.0000      -1699.887    -1715.718       15.831   306.2
124.2000      -1699.524    -1716.185       16.661   322.2
124.4000      -1699.219    -1715.220       16.001   309.5
124.6000      -1699.880    -1715.280       15.400   297.9
124.8000      -1700.399    -1716.019       15.620   302.1
125.0000      -1700.346    -1715.407       15.061   291.3
125.2000      -1700.334    -1715.572       15.237   294.7
125.4000      -1700.974    -1716.510       15.536   300.5
125.6000      -1699.247    -1715.723       16.477   318.7
125.8000      -1700.066    -1715.578       15.512   300.0
126.0000      -1699.620    -1715.300       15.679   303.3
126.2000      -1698.021    -1715.021       17.000   328.8
126.4000      -1699.002    -1714.855       15.853   306.6
126.6000      -1699.017    -1715.433       16.416   317.5
126.8000      -1699.666    -1715.387       15.721   304.1
127.0000      -1701.741    -1716.128       14.387   278.3
127.2000      -1700.591    -1715.640       15.050   291.1
127.4000      -1701.710    -1716.302       14.592   282.2
127.6000      -1700.648    -1715.938       15.291   295.7
127.8000      -1700.785    -1716.110       15.326   296.4
128.0000      -1701.713    -1716.723       15.010   290.3
128.2000      -1701.591    -1716.103       14.512   280.7
128.4000      -1701.367    -1717.089       15.722   304.1
128.6000      -1702.898    -1717.318       14.421   278.9
128.8000      -1701.185    -1716.396       15.211   294.2
129.0000      -1700.359    -1716.553       16.195   313.2
129.2000      -1699.974    -1714.796       14.822   286.7
129.4000      -1700.466    -1715.508       15.042   290.9
129.6000      -1700.532    -1715.893       15.361   297.1
129.8000      -1699.706    -1715.806       16.100   311.4
130.0000      -1700.736    -1715.914       15.178   293.6
130.2000      -1700.725    -1716.097       15.373   297.3
130.4000      -1700.016    -1715.740       15.723   304.1
130.6000      -1699.497    -1714.822       15.325   296.4
130.8000      -1699.501    -1714.925       15.424   298.3
131.0000      -1698.871    -1714.969       16.098   311.3
131.2000      -1699.868    -1715.449       15.581   301.4
131.4000      -1698.835    -1713.993       15.158   293.2
131.6000      -1699.381    -1715.901       16.520   319.5
131.8000      -1698.904    -1714.737       15.833   306.2
132.0000      -1698.935    -1714.688       15.754   304.7
132.2000      -1699.638    -1715.074       15.436   298.6
132.4000      -1700.557    -1715.420       14.863   287.5
132.6000      -1699.816    -1715.812       15.996   309.4
132.8000      -1700.026    -1715.830       15.804   305.7
133.0000      -1700.153    -1716.090       15.937   308.2
133.2000      -1699.359    -1716.044       16.685   322.7
133.4000      -1700.538    -1716.271       15.733   304.3
133.6000      -1700.990    -1715.632       14.643   283.2
133.8000      -1701.061    -1716.758       15.697   303.6
134.0000      -1701.504    -1716.450       14.946   289.1
134.2000      -1702.029    -1716.312       14.284   276.3
134.4000      -1700.857    -1716.200       15.343   296.7
134.6000      -1700.184    -1715.952       15.768   305.0
134.8000      -1699.342    -1715.376       16.035   310.1
135.0000      -1700.295    -1716.357       16.062   310.7
135.2000      -1700.199    -1715.642       15.443   298.7
135.4000      -1701.887    -1716.553       14.666   283.7
135.6000      -1700.774    -1715.942       15.168   293.4
135.8000      -1700.797    -1715.420       14.623   282.8
136.0000      -1699.829    -1715.323       15.493   299.7
136.2000      -1700.355    -1716.082       15.726   304.2
136.4000      -1701.249    -1715.790       14.541   281.2
136.6000      -1701.157    -1716.543       15.386   297.6
136.8000      -1701.107    -1715.240       14.133   273.3
137.0000      -1699.647    -1715.077       15.429   298.4
137.2000      -1701.720    -1716.129       14.409   278.7
137.4000      -1701.035    -1716.091       15.056   291.2
137.6000      -1700.243    -1715.477       15.233   294.6
137.8000      -1699.530    -1715.909       16.379   316.8
138.0000      -1699.687    -1714.706       15.018   290.5
138.2000      -1700.168    -1714.736       14.568   281.8
138.4000      -1700.733    -1715.604       14.871   287.6
138.6000      -1701.298    -1716.335       15.037   290.8
138.8000      -1701.413    -1716.698       15.285   295.6
139.0000      -1702.035    -1716.600       14.566   281.7
139.2000      -1701.859    -1715.921       14.062   272.0
139.4000      -1701.488    -1716.580       15.091   291.9
139.6000      -1701.138    -1716.107       14.969   289.5
139.8000      -1701.631    -1716.672       15.041   290.9
140.0000      -1700.571    -1714.964       14.393   278.4
140.2000      -1701.321    -1716.253       14.932   288.8
140.4000      -1700.469    -1715.630       15.161   293.2
140.6000      -1700.706    -1715.902       15.196   293.9
140.8000      -1701.172    -1716.592       15.421   298.2
141.0000      -1700.710    -1716.221       15.511   300.0
141.2000      -1702.059    -1715.801       13.742   265.8
141.4000      -1700.586    -1716.163       15.577   301.3
141.6000      -1699.747    -1715.565       15.818   305.9
141.8000      -1699.954    -1715.684       15.730   304.2
142.0000      -1699.596    -1715.119       15.524   300.2
142.2000      -1700.769    -1716.012       15.243   294.8
142.4000      -1699.532    -1714.951       15.419   298.2
142.6000      -1701.567    -1716.571       15.005   290.2
142.8000      -1700.319    -1715.576       15.257   295.1
143.0000      -1701.069    -1716.351       15.281   295.6
143.2000      -1701.188    -1716.169       14.981   289.8
143.4000      -1702.272    -1717.012       14.740   285.1
143.6000      -1703.039    -1716.498       13.458   260.3
143.8000      -1701.000    -1716.117       15.117   292.4
144.0000      -1701.644    -1716.605       14.960   289.3
144.2000      -1700.366    -1715.177       14.811   286.5
144.4000      -1700.289    -1716.054       15.764   304.9
144.6000      -1699.821    -1715.215       15.394   297.7
144.8000      -1699.006    -1714.601       15.595   301.6
145.0000      -1698.980    -1715.031       16.050   310.4
145.2000      -1698.730    -1716.339       17.608   340.6
145.4000      -1699.043    -1714.288       15.245   294.9
145.6000      -1700.197    -1715.287       15.090   291.9
145.8000      -1699.879    -1715.816       15.937   308.2
146.0000      -1700.020    -1715.311       15.291   295.7
146.2000      -1700.244    -1715.186       14.942   289.0
146.4000      -1700.788    -1716.496       15.708   303.8
146.6000      -1701.321    -1715.930       14.609   282.6
146.8000      -1700.331    -1715.899       15.568   301.1
147.0000      -1699.250    -1714.500       15.250   294.9
147.2000      -1699.368    -1715.300       15.931   308.1
147.4000      -1699.041    -1715.571       16.530   319.7
147.6000      -1698.818    -1715.447       16.628   321.6
147.8000      -1699.247    -1715.686       16.439   317.9
148.0000      -1699.754    -1714.926       15.171   293.4
148.2000      -1698.905    -1714.811       15.905   307.6
148.4000      -1699.687    -1715.945       16.258   314.4
148.6000      -1700.490    -1716.129       15.639   302.5
148.8000      -1699.644    -1715.681       16.037   310.2
149.0000      -1699.413    -1715.055       15.642   302.5
149.2000      -1700.132    -1716.437       16.305   315.4
149.4000      -1699.352    -1715.066       15.715   303.9
149.6000      -1699.950    -1715.100       15.150   293.0
149.8000      -1700.196    -1715.581       15.385   297.6
150.0000      -1698.713    -1715.032       16.319   315.6
150.2000      -1699.526    -1714.903       15.376   297.4
150.4000      -1699.428    -1716.271       16.844   325.8
150.6000      -1699.908    -1715.458       15.550   300.8
150.8000      -1701.579    -1716.379       14.800   286.2
151.0000      -1701.389    -1716.673       15.285   295.6
151.2000      -1700.243    -1715.259       15.015   290.4
151.4000      -1700.243    -1715.533       15.291   295.7
151.6000      -1701.939    -1717.151       15.212   294.2
151.8000      -1700.923    -1714.985       14.062   272.0
152.0000      -1700.214    -1715.195       14.981   289.7
152.2000      -1701.338    -1716.635       15.297   295.9
152.4000      -1701.324    -1715.976       14.652   283.4
152.6000      -1701.156    -1715.853       14.697   284.2
152.8000      -1700.026    -1715.726       15.700   303.6
153.0000      -1700.255    -1715.511       15.256   295.1
153.2000      -1700.544    -1716.131       15.587   301.5
153.4000      -1700.073    -1715.284       15.211   294.2
153.6000      -1700.216    -1716.157       15.942   308.3
153.8000      -1699.806    -1715.739       15.933   308.2
154.0000      -1700.761    -1715.889       15.127   292.6
154.2000      -1699.842    -1715.773       15.931   308.1
154.4000      -1700.223    -1715.727       15.505   299.9
154.6000      -1699.992    -1716.256       16.264   314.6
154.8000      -1701.015    -1715.511       14.496   280.4
155.0000      -1700.273    -1715.608       15.335   296.6
155.2000      -1700.486    -1715.845       15.359   297.1
155.4000      -1701.432    -1716.380       14.948   289.1
155.6000      -1700.530    -1716.183       15.653   302.7
155.8000      -1700.592    -1715.555       14.964   289.4
156.0000      -1701.473    -1716.840       15.368   297.2
156.2000      -1700.964    -1716.636       15.672   303.1
156.4000      -1701.232    -1715.732       14.500   280.4
156.6000      -1699.448    -1715.041       15.594   301.6
156.8000      -1700.223    -1715.444       15.222   294.4
157.0000      -1701.221    -1716.825       15.604   301.8
157.2000      -1700.657    -1715.689       15.032   290.7
157.4000      -1699.351    -1715.640       16.289   315.0
157.6000      -1700.492    -1715.687       15.195   293.9
157.8000      -1699.860    -1715.555       15.695   303.6
158.0000      -1700.640    -1716.103       15.463   299.1
158.2000      -1699.414    -1716.062       16.649   322.0
158.4000      -1699.640    -1715.300       15.661   302.9
158.6000      -1700.524    -1715.589       15.065   291.4
158.8000      -1701.425    -1715.448       14.024   271.2
159.0000      -1701.271    -1717.143       15.871   307.0
159.2000      -1700.344    -1715.265       14.921   288.6
159.4000      -1701.051    -1715.562       14.510   280.6
159.6000      -1700.877    -1716.152       15.275   295.4
159.8000      -1699.987    -1716.416       16.429   317.8
160.0000      -1701.452    -1716.333       14.881   287.8
160.2000      -1701.026    -1716.231       15.205   294.1
160.4000      -1701.146    -1716.736       15.590   301.5
160.6000      -1701.456    -1715.542       14.085   272.4
160.8000      -1700.516    -1716.339       15.822   306.0
161.0000      -1700.493    -1716.253       15.761   304.8
161.2000      -1700.591    -1715.307       14.716   284.6
161.4000      -1701.333    -1716.445       15.112   292.3
161.6000      -1700.454    -1715.156       14.703   284.4
161.8000      -1701.336    -1716.363       15.027   290.6
162.0000      -1701.967    -1718.029       16.062   310.6
162.2000      -1701.061    -1716.604       15.544   300.6
162.4000      -1701.023    -1716.642       15.620   302.1
162.6000      -1700.583    -1716.186       15.603   301.8
162.8000      -1701.403    -1716.825       15.422   298.3
163.0000      -1701.102    -1715.883       14.781   285.9
163.2000      -1700.356    -1716.069       15.713   303.9
163.4000      -1700.950    -1716.572       15.623   302.2
163.6000      -1700.853    -1717.044       16.191   313.2
163.8000      -1702.322    -1716.554       14.232   275.3
164.0000      -1702.464    -1717.440       14.977   289.7
164.2000      -1701.826    -1716.981       15.155   293.1
164.4000      -1699.459    -1715.780       16.320   315.6
164.6000      -1699.468    -1715.095       15.626   302.2
164.8000      -1699.317    -1715.069       15.752   304.6
165.0000      -1699.185    -1714.773       15.589   301.5
165.2000      -1698.474    -1714.958       16.484   318.8
165.4000      -1699.329    -1715.377       16.048   310.4
165.6000      -1700.413    -1716.020       15.606   301.8
165.8000      -1700.567    -1716.047       15.480   299.4
166.0000      -1700.990    -1716.259       15.269   295.3
166.2000      -1701.415    -1715.266       13.850   267.9
166.4000      -1701.090    -1715.753       14.663   283.6
166.6000      -1700.493    -1714.897       14.404   278.6
166.8000      -1699.575    -1715.749       16.174   312.8
167.0000      -1700.909    -1716.242       15.334   296.6
167.2000      -1700.400    -1716.017       15.617   302.1
167.4000      -1701.458    -1716.907       15.449   298.8
167.6000      -1701.339    -1716.378       15.039   290.9
167.8000      -1700.478    -1716.514       16.036   310.1
168.0000      -1701.617    -1716.586       14.968   289.5
168.2000      -1703.219    -1717.683       14.464   279.8
168.4000      -1701.129    -1715.644       14.515   280.7
168.6000      -1700.167    -1714.774       14.606   282.5
168.8000      -1700.846    -1716.547       15.701   303.7
169.0000      -1700.424    -1715.853       15.429   298.4
169.2000      -1700.440    -1716.358       15.918   307.9
169.4000      -1700.072    -1715.337       15.264   295.2
169.6000      -1699.802    -1714.403       14.601   282.4
169.8000      -1700.798    -1715.100       14.302   276.6
170.0000      -1699.892    -1715.406       15.514   300.1
170.2000      -1699.083    -1714.802       15.719   304.0
170.4000      -1699.839    -1716.372       16.533   319.8
170.6000      -1700.281    -1715.514       15.233   294.6
170.8000      -1700.920    -1716.220       15.300   295.9
171.0000      -1701.535    -1716.200       14.665   283.6
171.2000      -1699.250    -1715.429       16.179   312.9
171.4000      -1698.702    -1714.721       16.019   309.8
171.6000      -1697.406    -1714.246       16.840   325.7
171.8000      -1699.620    -1714.961       15.341   296.7
172.0000      -1700.158    -1715.402       15.245   294.8
172.2000      -1700.128    -1715.860       15.733   304.3
172.4000      -1699.736    -1715.357       15.621   302.1
172.6000      -1700.175    -1715.068       14.892   288.0
172.8000      -1700.059    -1715.436       15.377   297.4
173.0000      -1700.976    -1716.263       15.287   295.7
173.2000      -1701.008    -1715.848       14.840   287.0
173.4000      -1701.607    -1715.911       14.305   276.7
173.6000      -1701.830    -1716.312       14.481   280.1
173.8000      -1700.994    -1716.078       15.083   291.7
174.0000      -1700.718    -1715.432       14.714   284.6
174.2000      -1701.553    -1716.791       15.238   294.7
174.4000      -1701.766    -1716.721       14.955   289.2
174.6000      -1701.439    -1716.845       15.406   298.0
174.8000      -1699.244    -1715.830       16.587   320.8
175.0000      -1698.798    -1714.577       15.779   305.2
175.2000      -1698.380    -1714.588       16.207   313.5
175.4000      -1699.468    -1715.296       15.828   306.1
175.6000      -1698.396    -1715.142       16.746   323.9
175.8000      -1698.314    -1714.974       16.660   322.2
176.0000      -1699.685    -1715.151       15.466   299.1
176.2000      -1700.324    -1715.817       15.493   299.7
176.4000      -1701.473    -1716.402       14.928   288.7
176.6000      -1701.811    -1717.022       15.211   294.2
176.8000      -1699.832    -1715.027       15.195   293.9
177.0000      -1700.272    -1715.598       15.325   296.4
177.2000      -1699.731    -1715.539       15.807   305.7
177.4000      -1700.131    -1715.607       15.476   299.3
177.6000      -1701.903    -1716.121       14.218   275.0
177.8000      -1701.512    -1716.551       15.038   290.9
178.0000      -1701.830    -1716.362       14.532   281.1
178.2000      -1701.202    -1716.668       15.465   299.1
178.4000      -1700.443    -1715.615       15.172   293.4
178.6000      -1700.426    -1715.513       15.087   291.8
178.8000      -1700.280    -1715.609       15.329   296.5
179.0000      -1700.678    -1716.804       16.126   311.9
179.2000      -1700.908    -1715.202       14.294   276.5
179.4000      -1700.159    -1715.028       14.869   287.6
179.6000      -1699.889    -1715.230       15.341   296.7
179.8000      -1700.081    -1716.487       16.406   317.3
180.0000      -1699.644    -1716.279       16.635   321.7
180.2000      -1700.152    -1715.244       15.092   291.9
180.4000      -1701.220    -1717.008       15.788   305.3
180.6000      -1701.466    -1717.652       16.186   313.0
180.8000      -1700.830    -1716.200       15.370   297.3
181.0000      -1700.954    -1716.170       15.216   294.3
181.2000      -1701.426    -1715.687       14.261   275.8
181.4000      -1701.258    -1716.591       15.333   296.5
181.6000      -1701.053    -1715.898       14.846   287.1
181.8000      -1700.863    -1715.241       14.378   278.1
182.0000      -1700.305    -1715.373       15.068   291.4
182.2000      -1698.858    -1714.607       15.748   304.6
182.4000      -1699.278    -1716.271       16.994   328.7
182.6000      -1699.110    -1715.054       15.944   308.4
182.8000      -1698.740    -1715.285       16.545   320.0
183.0000      -1699.613    -1715.424       15.811   305.8
183.2000      -1700.900    -1716.776       15.876   307.1
183.4000      -1700.494    -1716.945       16.450   318.2
183.6000      -1699.285    -1714.843       15.558   300.9
183.8000      -1700.628    -1716.038       15.410   298.0
184.0000      -1700.467    -1715.924       15.456   298.9
184.2000      -1700.123    -1715.380       15.257   295.1
184.4000      -1699.930    -1715.664       15.733   304.3
184.6000      -1699.717    -1715.131       15.413   298.1
184.8000      -1699.663    -1715.578       15.915   307.8
185.0000      -1701.193    -1715.937       14.744   285.2
185.2000      -1701.210    -1715.586       14.375   278.0
185.4000      -1699.978    -1715.158       15.180   293.6
185.6000      -1700.921    -1715.938       15.017   290.4
185.8000      -1700.383    -1715.628       15.244   294.8
186.0000      -1701.530    -1716.826       15.296   295.8
186.2000      -1701.323    -1715.569       14.246   275.5
186.4000      -1700.299    -1715.510       15.211   294.2
186.6000      -1701.350    -1715.188       13.838   267.6
186.8000      -1701.845    -1716.378       14.533   281.1
187.0000      -1700.662    -1716.173       15.511   300.0
187.2000      -1699.839    -1715.942       16.103   311.4
187.4000      -1698.662    -1714.363       15.701   303.7
187.6000      -1698.253    -1715.250       16.998   328.8
187.8000      -1699.912    -1714.710       14.798   286.2
188.0000      -1700.032    -1715.727       15.695   303.6
188.2000      -1700.180    -1714.889       14.709   284.5
188.4000      -1698.658    -1714.448       15.791   305.4
188.6000      -1698.865    -1714.018       15.153   293.1
188.8000      -1699.457    -1715.334       15.877   307.1
189.0000      -1698.642    -1715.118       16.476   318.7
189.2000      -1698.366    -1714.446       16.080   311.0
189.4000      -1697.943    -1714.205       16.262   314.5
189.6000      -1698.772    -1715.366       16.594   320.9
189.8000      -1699.764    -1714.286       14.522   280.9
190.0000      -1700.576    -1715.971       15.396   297.8
190.2000      -1700.885    -1716.066       15.181   293.6
190.4000      -1700.728    -1716.119       15.391   297.7
190.6000      -1700.380    -1715.970       15.590   301.5
190.8000      -1700.992    -1716.562       15.570   301.1
191.0000      -1700.219    -1715.350       15.131   292.6
191.2000      -1699.868    -1715.394       15.525   300.3
191.4000      -1700.571    -1716.124       15.553   300.8
191.6000      -1699.453    -1715.959       16.507   319.3
191.8000      -1700.307    -1715.941       15.634   302.4
192.0000      -1700.425    -1715.621       15.197   293.9
192.2000      -1700.631    -1715.979       15.348   296.8
192.4000      -1701.230    -1716.580       15.350   296.9
192.6000      -1700.288    -1715.382       15.094   291.9
192.8000      -1700.147    -1715.252       15.105   292.1
193.0000      -1700.801    -1715.994       15.193   293.8
193.2000      -1700.760    -1715.902       15.142   292.9
193.4000      -1700.796    -1715.573       14.777   285.8
193.6000      -1701.914    -1716.242       14.327   277.1
193.8000      -1701.417    -1715.992       14.575   281.9
194.0000      -1701.083    -1715.819       14.736   285.0
194.2000      -1700.222    -1715.934       15.713   303.9
194.4000      -1699.728    -1716.251       16.523   319.6
194.6000      -1699.125    -1715.228       16.104   311.5
194.8000      -1699.720    -1715.257       15.538   300.5
195.0000      -1699.406    -1715.758       16.351   316.3
195.2000      -1700.050    -1715.524       15.474   299.3
195.4000      -1699.886    -1715.677       15.791   305.4
195.6000      -1699.886    -1715.600       15.715   303.9
195.8000      -1700.598    -1716.312       15.713   303.9
196.0000      -1701.498    -1716.132       14.634   283.0
196.2000      -1700.278    -1715.406       15.128   292.6
196.4000      -1700.404    -1716.037       15.633   302.4
196.6000      -1701.319    -1716.072       14.752   285.3
196.8000      -1699.878    -1715.573       15.695   303.5
197.0000      -1699.077    -1714.645       15.568   301.1
197.2000      -1700.063    -1715.101       15.038   290.9
197.4000      -1700.019    -1715.927       15.907   307.7
197.6000      -1698.998    -1714.994       15.996   309.4
197.8000      -1699.146    -1715.693       16.547   320.0
198.0000      -1701.019    -1715.959       14.940   289.0
198.2000      -1699.146    -1715.828       16.682   322.6
198.4000      -1700.768    -1715.351       14.584   282.1
198.6000      -1700.379    -1716.333       15.953   308.5
198.8000      -1701.303    -1715.935       14.632   283.0
199.0000      -1701.032    -1716.073       15.041   290.9
199.2000      -1701.326    -1717.197       15.871   307.0
199.4000      -1700.035    -1715.103       15.068   291.4
199.6000      -1699.842    -1714.599       14.756   285.4
199.8000      -1700.980    -1715.985       15.004   290.2
200.0000      -1699.782    -1715.927       16.145   312.3
