Time[ps]      Etot[eV]     Epot[eV]     Ekin[eV]    T[K]
0.0000        -1688.277    -1709.009       20.731   401.0
0.2000        -1687.533    -1708.254       20.721   400.8
0.4000        -1687.740    -1709.503       21.763   420.9
0.6000        -1689.425    -1710.628       21.203   410.1
0.8000        -1689.791    -1710.028       20.237   391.4
1.0000        -1688.944    -1709.808       20.863   403.5
1.2000        -1688.900    -1709.424       20.524   397.0
1.4000        -1687.248    -1708.071       20.823   402.7
1.6000        -1687.710    -1709.286       21.577   417.3
1.8000        -1687.274    -1709.110       21.836   422.3
2.0000        -1687.949    -1708.772       20.823   402.7
2.2000        -1688.488    -1709.087       20.599   398.4
2.4000        -1689.464    -1709.135       19.671   380.4
2.6000        -1688.413    -1709.277       20.864   403.5
2.8000        -1690.051    -1711.148       21.098   408.0
3.0000        -1690.085    -1710.277       20.192   390.5
3.2000        -1689.017    -1710.021       21.004   406.2
3.4000        -1688.107    -1709.778       21.672   419.1
3.6000        -1687.187    -1708.893       21.706   419.8
3.8000        -1688.711    -1709.499       20.788   402.1
4.0000        -1688.687    -1709.560       20.872   403.7
4.2000        -1687.959    -1708.736       20.776   401.8
4.4000        -1688.733    -1709.114       20.381   394.2
4.6000        -1688.284    -1709.274       20.990   406.0
4.8000        -1689.736    -1710.899       21.162   409.3
5.0000        -1688.537    -1708.592       20.055   387.9
5.2000        -1689.450    -1710.208       20.759   401.5
5.4000        -1689.766    -1710.452       20.685   400.1
5.6000        -1690.035    -1710.948       20.913   404.5
5.8000        -1691.038    -1711.666       20.628   399.0
6.0000        -1690.421    -1710.176       19.756   382.1
6.2000        -1690.319    -1710.552       20.233   391.3
6.4000        -1689.586    -1709.325       19.739   381.8
6.6000        -1689.013    -1709.671       20.658   399.5
6.8000        -1687.622    -1709.525       21.903   423.6
7.0000        -1687.706    -1707.892       20.186   390.4
7.2000        -1687.251    -1708.844       21.592   417.6
7.4000        -1688.812    -1708.757       19.945   385.8
7.6000        -1690.658    -1710.621       19.963   386.1
7.8000        -1691.028    -1711.054       20.027   387.3
8.0000        -1690.517    -1709.940       19.424   375.7
8.2000        -1691.808    -1710.730       18.922   366.0
8.4000        -1691.283    -1709.828       18.545   358.7
8.6000        -1691.287    -1711.627       20.340   393.4
8.8000        -1690.742    -1710.767       20.024   387.3
9.0000        -1691.332    -1710.824       19.493   377.0
9.2000        -1690.156    -1710.353       20.197   390.6
9.4000        -1689.420    -1709.664       20.244   391.5
9.6000        -1690.550    -1711.219       20.668   399.7
9.8000        -1690.218    -1710.165       19.947   385.8
10.0000       -1690.573    -1710.595       20.022   387.2
10.2000       -1690.263    -1711.669       21.406   414.0
10.4000       -1689.144    -1709.448       20.304   392.7
10.6000       -1688.287    -1708.929       20.643   399.2
10.8000       -1688.555    -1708.848       20.292   392.5
11.0000       -1689.597    -1710.089       20.492   396.3
11.2000       -1688.449    -1708.817       20.368   393.9
11.4000       -1687.551    -1708.363       20.812   402.5
11.6000       -1687.226    -1708.872       21.646   418.6
11.8000       -1687.878    -1708.985       21.107   408.2
12.0000       -1689.370    -1710.735       21.365   413.2
12.2000       -1688.401    -1708.992       20.591   398.3
12.4000       -1689.399    -1710.264       20.865   403.6
12.6000       -1689.235    -1710.839       21.604   417.8
12.8000       -1690.502    -1711.758       21.256   411.1
13.0000       -1688.902    -1710.360       21.458   415.0
13.2000       -1689.262    -1709.888       20.626   398.9
13.4000       -1689.568    -1710.515       20.947   405.1
13.6000       -1689.254    -1709.768       20.513   396.7
13.8000       -1687.740    -1709.741       22.001   425.5
14.0000       -1687.692    -1709.016       21.324   412.4
14.2000       -1689.287    -1710.491       21.204   410.1
14.4000       -1689.564    -1710.209       20.645   399.3
14.6000       -1688.165    -1709.489       21.324   412.4
14.8000       -1688.279    -1708.960       20.681   400.0
15.0000       -1691.036    -1709.716       18.680   361.3
15.2000       -1690.140    -1709.968       19.829   383.5
15.4000       -1689.281    -1710.909       21.628   418.3
15.6000       -1689.292    -1710.810       21.518   416.2
15.8000       -1689.540    -1710.424       20.883   403.9
16.0000       -1690.794    -1711.077       20.284   392.3
16.2000       -1689.903    -1708.705       18.802   363.6
16.4000       -1688.602    -1708.992       20.389   394.3
16.6000       -1689.293    -1709.156       19.863   384.2
16.8000       -1690.133    -1710.555       20.421   395.0
17.0000       -1689.382    -1710.119       20.737   401.1
17.2000       -1688.858    -1708.971       20.113   389.0
17.4000       -1688.878    -1709.972       21.094   408.0
17.6000       -1689.399    -1709.840       20.441   395.3
17.8000       -1688.098    -1708.931       20.833   402.9
18.0000       -1688.058    -1708.416       20.359   393.8
18.2000       -1690.076    -1710.526       20.450   395.5
18.4000       -1690.720    -1711.180       20.461   395.7
18.6000       -1688.498    -1708.993       20.495   396.4
18.8000       -1688.835    -1709.377       20.542   397.3
19.0000       -1690.859    -1711.149       20.289   392.4
19.2000       -1690.194    -1710.077       19.883   384.5
19.4000       -1688.861    -1709.679       20.818   402.6
19.6000       -1690.572    -1711.577       21.005   406.3
19.8000       -1690.092    -1711.557       21.465   415.2
20.0000       -1689.644    -1709.798       20.154   389.8
20.2000       -1688.905    -1708.659       19.754   382.1
20.4000       -1688.341    -1709.765       21.424   414.4
20.6000       -1688.521    -1709.766       21.244   410.9
20.8000       -1689.113    -1710.013       20.900   404.2
21.0000       -1688.440    -1709.593       21.153   409.1
21.2000       -1686.926    -1708.983       22.058   426.6
21.4000       -1687.653    -1708.825       21.172   409.5
21.6000       -1688.771    -1709.593       20.822   402.7
21.8000       -1688.951    -1709.729       20.779   401.9
22.0000       -1688.891    -1709.689       20.798   402.3
22.2000       -1687.337    -1709.395       22.058   426.6
22.4000       -1687.700    -1708.865       21.165   409.3
22.6000       -1690.545    -1711.065       20.520   396.9
22.8000       -1690.752    -1710.607       19.855   384.0
23.0000       -1693.137    -1711.337       18.200   352.0
23.2000       -1690.769    -1711.169       20.400   394.6
23.4000       -1690.759    -1710.799       20.040   387.6
23.6000       -1692.548    -1711.159       18.611   360.0
23.8000       -1691.944    -1711.507       19.563   378.4
24.0000       -1690.219    -1711.283       21.064   407.4
24.2000       -1689.493    -1709.155       19.662   380.3
24.4000       -1689.029    -1710.067       21.038   406.9
24.6000       -1688.482    -1709.754       21.272   411.4
24.8000       -1688.151    -1710.417       22.266   430.6
25.0000       -1689.495    -1710.181       20.686   400.1
25.2000       -1689.670    -1710.653       20.983   405.8
25.4000       -1688.077    -1709.863       21.787   421.4
25.6000       -1687.325    -1708.626       21.302   412.0
25.8000       -1687.465    -1708.414       20.949   405.2
26.0000       -1690.038    -1711.382       21.344   412.8
26.2000       -1689.072    -1709.763       20.692   400.2
26.4000       -1687.659    -1708.017       20.358   393.7
26.6000       -1688.706    -1709.097       20.392   394.4
26.8000       -1689.398    -1710.594       21.196   409.9
27.0000       -1689.832    -1710.314       20.482   396.1
27.2000       -1689.342    -1709.458       20.115   389.0
27.4000       -1687.922    -1708.473       20.551   397.5
27.6000       -1689.359    -1710.248       20.889   404.0
27.8000       -1688.705    -1709.329       20.624   398.9
28.0000       -1690.255    -1710.640       20.385   394.3
28.2000       -1688.691    -1709.740       21.049   407.1
28.4000       -1689.597    -1710.343       20.746   401.2
28.6000       -1688.043    -1709.796       21.753   420.7
28.8000       -1689.457    -1710.842       21.385   413.6
29.0000       -1690.092    -1710.391       20.299   392.6
29.2000       -1691.246    -1710.985       19.738   381.8
29.4000       -1688.718    -1708.506       19.788   382.7
29.6000       -1689.057    -1711.586       22.530   435.7
29.8000       -1689.104    -1709.509       20.405   394.6
30.0000       -1689.218    -1710.509       21.291   411.8
30.2000       -1687.082    -1707.523       20.442   395.4
30.4000       -1686.927    -1709.771       22.844   441.8
30.6000       -1687.405    -1709.048       21.644   418.6
30.8000       -1688.057    -1710.268       22.211   429.6
31.0000       -1688.952    -1709.345       20.393   394.4
31.2000       -1688.730    -1709.442       20.711   400.6
31.4000       -1689.948    -1709.228       19.279   372.9
31.6000       -1689.204    -1710.067       20.862   403.5
31.8000       -1688.964    -1709.473       20.508   396.6
32.0000       -1688.887    -1708.743       19.855   384.0
32.2000       -1689.221    -1709.930       20.708   400.5
32.4000       -1689.381    -1709.897       20.517   396.8
32.6000       -1687.922    -1709.862       21.940   424.3
32.8000       -1689.491    -1709.736       20.245   391.6
33.0000       -1690.099    -1709.294       19.195   371.2
33.2000       -1687.916    -1708.923       21.007   406.3
33.4000       -1688.674    -1709.127       20.453   395.6
33.6000       -1688.550    -1710.273       21.723   420.1
33.8000       -1688.161    -1708.488       20.327   393.1
34.0000       -1688.753    -1709.924       21.172   409.5
34.2000       -1689.639    -1710.078       20.439   395.3
34.4000       -1688.825    -1709.749       20.924   404.7
34.6000       -1689.571    -1709.410       19.839   383.7
34.8000       -1691.265    -1710.905       19.639   379.8
35.0000       -1689.677    -1710.353       20.676   399.9
35.2000       -1690.552    -1710.209       19.657   380.2
35.4000       -1690.322    -1711.556       21.235   410.7
35.6000       -1690.327    -1711.287       20.961   405.4
35.8000       -1691.306    -1710.178       18.871   365.0
36.0000       -1691.332    -1710.858       19.526   377.7
36.2000       -1692.986    -1712.439       19.453   376.2
36.4000       -1693.560    -1711.184       17.623   340.8
36.6000       -1694.274    -1712.311       18.038   348.9
36.8000       -1692.767    -1711.785       19.018   367.8
37.0000       -1690.934    -1710.109       19.176   370.9
37.2000       -1690.632    -1710.894       20.262   391.9
37.4000       -1691.447    -1712.097       20.650   399.4
37.6000       -1689.617    -1709.458       19.841   383.7
37.8000       -1690.848    -1710.359       19.512   377.4
38.0000       -1691.265    -1710.671       19.406   375.3
38.2000       -1692.004    -1710.887       18.883   365.2
38.4000       -1691.394    -1710.990       19.596   379.0
38.6000       -1690.686    -1710.615       19.929   385.4
38.8000       -1688.332    -1708.884       20.552   397.5
39.0000       -1688.818    -1709.348       20.530   397.1
39.2000       -1688.628    -1709.443       20.815   402.6
39.4000       -1689.779    -1709.868       20.089   388.5
39.6000       -1688.606    -1710.833       22.227   429.9
39.8000       -1688.987    -1710.419       21.432   414.5
40.0000       -1687.915    -1709.518       21.603   417.8
40.2000       -1687.678    -1708.395       20.717   400.7
40.4000       -1687.573    -1708.947       21.374   413.4
40.6000       -1686.741    -1709.012       22.271   430.7
40.8000       -1688.079    -1708.359       20.280   392.2
41.0000       -1688.059    -1709.715       21.656   418.8
41.2000       -1688.568    -1709.554       20.986   405.9
41.4000       -1688.623    -1709.334       20.711   400.6
41.6000       -1689.795    -1709.483       19.687   380.8
41.8000       -1690.161    -1709.612       19.451   376.2
42.0000       -1689.058    -1709.505       20.447   395.5
42.2000       -1689.578    -1709.225       19.646   380.0
42.4000       -1688.821    -1710.261       21.440   414.7
42.6000       -1689.538    -1709.422       19.884   384.6
42.8000       -1688.642    -1709.236       20.594   398.3
43.0000       -1689.388    -1710.020       20.632   399.0
43.2000       -1688.368    -1709.419       21.051   407.1
43.4000       -1688.209    -1709.752       21.543   416.7
43.6000       -1689.855    -1709.396       19.542   378.0
43.8000       -1688.521    -1710.898       22.377   432.8
44.0000       -1687.574    -1708.619       21.045   407.0
44.2000       -1688.233    -1710.272       22.040   426.3
44.4000       -1688.438    -1709.162       20.724   400.8
44.6000       -1687.732    -1710.018       22.286   431.0
44.8000       -1688.876    -1710.780       21.904   423.6
45.0000       -1689.787    -1709.248       19.461   376.4
45.2000       -1690.772    -1711.370       20.598   398.4
45.4000       -1689.038    -1709.695       20.657   399.5
45.6000       -1689.415    -1710.150       20.734   401.0
45.8000       -1689.435    -1709.202       19.767   382.3
46.0000       -1689.465    -1710.072       20.607   398.6
46.2000       -1689.599    -1709.596       19.998   386.8
46.4000       -1689.943    -1710.692       20.750   401.3
46.6000       -1691.463    -1710.575       19.113   369.7
46.8000       -1692.048    -1711.408       19.360   374.4
47.0000       -1690.121    -1709.979       19.858   384.1
47.2000       -1688.084    -1709.749       21.665   419.0
47.4000       -1688.681    -1709.900       21.219   410.4
47.6000       -1689.148    -1709.865       20.716   400.7
47.8000       -1689.026    -1709.162       20.136   389.4
48.0000       -1688.876    -1710.233       21.356   413.1
48.2000       -1688.267    -1710.272       22.005   425.6
48.4000       -1688.731    -1709.591       20.860   403.5
48.6000       -1688.545    -1709.094       20.548   397.4
48.8000       -1688.985    -1710.154       21.169   409.4
49.0000       -1690.001    -1710.757       20.757   401.5
49.2000       -1688.494    -1709.771       21.278   411.5
49.4000       -1688.006    -1708.904       20.898   404.2
49.6000       -1689.264    -1709.507       20.242   391.5
49.8000       -1687.283    -1709.123       21.840   422.4
50.0000       -1690.739    -1711.026       20.287   392.4
50.2000       -1689.592    -1709.775       20.184   390.4
50.4000       -1688.764    -1708.955       20.191   390.5
50.6000       -1688.905    -1709.370       20.465   395.8
50.8000       -1688.636    -1709.586       20.950   405.2
51.0000       -1688.289    -1709.593       21.304   412.0
51.2000       -1688.156    -1710.234       22.078   427.0
51.4000       -1688.122    -1709.889       21.767   421.0
51.6000       -1687.934    -1709.169       21.234   410.7
51.8000       -1687.794    -1709.461       21.667   419.1
52.0000       -1689.112    -1710.910       21.798   421.6
52.2000       -1687.045    -1707.972       20.928   404.8
52.4000       -1687.825    -1708.947       21.123   408.5
52.6000       -1686.800    -1707.325       20.525   397.0
52.8000       -1686.528    -1708.193       21.665   419.0
53.0000       -1686.445    -1707.782       21.337   412.7
53.2000       -1687.650    -1709.120       21.470   415.2
53.4000       -1687.781    -1709.095       21.313   412.2
53.6000       -1688.107    -1709.183       21.076   407.6
53.8000       -1688.907    -1709.800       20.893   404.1
54.0000       -1689.216    -1710.046       20.831   402.9
54.2000       -1689.653    -1710.316       20.663   399.6
54.4000       -1689.148    -1710.312       21.164   409.3
54.6000       -1688.788    -1708.942       20.153   389.8
54.8000       -1688.617    -1710.463       21.847   422.5
55.0000       -1688.849    -1710.324       21.475   415.3
55.2000       -1689.798    -1710.456       20.658   399.5
55.4000       -1689.528    -1708.696       19.168   370.7
55.6000       -1688.861    -1709.846       20.985   405.9
55.8000       -1689.559    -1709.948       20.389   394.4
56.0000       -1690.503    -1710.662       20.159   389.9
56.2000       -1688.839    -1708.884       20.045   387.7
56.4000       -1689.951    -1709.183       19.233   372.0
56.6000       -1689.427    -1710.572       21.145   409.0
56.8000       -1690.596    -1710.559       19.963   386.1
57.0000       -1687.574    -1708.896       21.322   412.4
57.2000       -1685.979    -1708.511       22.532   435.8
57.4000       -1688.182    -1710.428       22.245   430.2
57.6000       -1688.738    -1709.861       21.123   408.5
57.8000       -1687.769    -1708.807       21.038   406.9
58.0000       -1687.015    -1709.383       22.368   432.6
58.2000       -1689.405    -1710.672       21.267   411.3
58.4000       -1689.146    -1710.232       21.085   407.8
58.6000       -1687.146    -1709.417       22.271   430.7
58.8000       -1689.260    -1709.962       20.702   400.4
59.0000       -1689.261    -1709.657       20.397   394.5
59.2000       -1688.422    -1710.197       21.775   421.1
59.4000       -1688.751    -1709.956       21.205   410.1
59.6000       -1689.608    -1710.389       20.781   401.9
59.8000       -1689.688    -1710.075       20.387   394.3
60.0000       -1689.957    -1710.350       20.394   394.4
60.2000       -1690.074    -1711.111       21.037   406.9
60.4000       -1689.912    -1710.464       20.551   397.5
60.6000       -1690.414    -1711.233       20.819   402.7
60.8000       -1689.318    -1710.571       21.252   411.0
61.0000       -1688.805    -1709.388       20.582   398.1
61.2000       -1687.984    -1708.741       20.757   401.5
61.4000       -1687.394    -1708.833       21.438   414.6
61.6000       -1689.684    -1710.649       20.965   405.5
61.8000       -1688.914    -1710.523       21.609   417.9
62.0000       -1689.689    -1709.417       19.728   381.6
62.2000       -1687.010    -1708.374       21.364   413.2
62.4000       -1686.879    -1709.068       22.189   429.2
62.6000       -1690.095    -1710.883       20.788   402.1
62.8000       -1690.767    -1709.895       19.128   370.0
63.0000       -1689.997    -1711.801       21.804   421.7
63.2000       -1690.720    -1711.148       20.428   395.1
63.4000       -1689.343    -1710.376       21.033   406.8
63.6000       -1690.397    -1710.343       19.946   385.8
63.8000       -1688.837    -1709.846       21.009   406.3
64.0000       -1688.144    -1710.035       21.891   423.4
64.2000       -1688.926    -1709.229       20.303   392.7
64.4000       -1690.421    -1710.755       20.333   393.3
64.6000       -1690.351    -1709.354       19.003   367.5
64.8000       -1687.538    -1709.525       21.986   425.2
65.0000       -1686.520    -1707.571       21.050   407.1
65.2000       -1688.685    -1709.841       21.156   409.2
65.4000       -1688.740    -1709.848       21.108   408.2
65.6000       -1689.116    -1709.180       20.064   388.1
65.8000       -1690.672    -1710.656       19.984   386.5
66.0000       -1691.094    -1710.722       19.628   379.6
66.2000       -1689.040    -1709.847       20.807   402.4
66.4000       -1690.935    -1710.453       19.518   377.5
66.6000       -1690.714    -1710.481       19.767   382.3
66.8000       -1690.641    -1710.906       20.265   391.9
67.0000       -1688.146    -1709.358       21.212   410.3
67.2000       -1688.713    -1710.038       21.326   412.5
67.4000       -1689.398    -1710.193       20.796   402.2
67.6000       -1688.386    -1709.135       20.749   401.3
67.8000       -1688.454    -1708.595       20.141   389.5
68.0000       -1689.167    -1709.435       20.268   392.0
68.2000       -1689.489    -1710.931       21.442   414.7
68.4000       -1690.191    -1710.012       19.821   383.4
68.6000       -1689.390    -1710.156       20.766   401.6
68.8000       -1689.347    -1708.939       19.591   378.9
69.0000       -1689.968    -1710.125       20.158   389.9
69.2000       -1687.327    -1709.277       21.950   424.5
69.4000       -1686.764    -1708.048       21.285   411.7
69.6000       -1688.493    -1708.319       19.826   383.5
69.8000       -1688.487    -1707.460       18.973   366.9
70.0000       -1688.639    -1708.815       20.176   390.2
70.2000       -1688.384    -1709.315       20.931   404.8
70.4000       -1690.225    -1710.838       20.613   398.7
70.6000       -1691.019    -1710.474       19.455   376.3
70.8000       -1690.090    -1710.889       20.799   402.3
71.0000       -1691.150    -1710.464       19.314   373.5
71.2000       -1689.287    -1709.812       20.525   397.0
71.4000       -1688.774    -1709.693       20.919   404.6
71.6000       -1689.525    -1709.129       19.604   379.2
71.8000       -1690.644    -1709.704       19.060   368.6
72.0000       -1689.874    -1710.323       20.449   395.5
72.2000       -1688.883    -1709.002       20.119   389.1
72.4000       -1689.838    -1710.138       20.300   392.6
72.6000       -1690.714    -1710.103       19.389   375.0
72.8000       -1689.830    -1709.430       19.600   379.1
73.0000       -1690.763    -1709.889       19.126   369.9
73.2000       -1689.026    -1709.393       20.367   393.9
73.4000       -1688.165    -1708.786       20.621   398.8
73.6000       -1688.247    -1708.221       19.974   386.3
73.8000       -1687.293    -1708.187       20.894   404.1
74.0000       -1688.552    -1710.728       22.176   428.9
74.2000       -1687.898    -1708.860       20.962   405.4
74.4000       -1688.317    -1708.614       20.297   392.6
74.6000       -1689.662    -1709.377       19.715   381.3
74.8000       -1690.121    -1709.691       19.569   378.5
75.0000       -1687.577    -1708.810       21.233   410.7
75.2000       -1688.098    -1709.028       20.930   404.8
75.4000       -1688.934    -1709.649       20.715   400.6
75.6000       -1690.079    -1710.096       20.017   387.1
75.8000       -1689.952    -1711.445       21.493   415.7
76.0000       -1690.032    -1710.797       20.765   401.6
76.2000       -1690.894    -1709.992       19.098   369.4
76.4000       -1689.005    -1710.280       21.275   411.5
76.6000       -1688.503    -1708.527       20.024   387.3
76.8000       -1688.185    -1708.843       20.658   399.6
77.0000       -1687.043    -1708.204       21.161   409.3
77.2000       -1688.334    -1709.121       20.786   402.0
77.4000       -1688.148    -1708.960       20.812   402.5
77.6000       -1688.465    -1708.666       20.202   390.7
77.8000       -1689.765    -1710.867       21.102   408.1
78.0000       -1689.967    -1710.178       20.212   390.9
78.2000       -1688.596    -1709.342       20.747   401.3
78.4000       -1688.634    -1709.468       20.834   402.9
78.6000       -1689.795    -1710.309       20.514   396.8
78.8000       -1690.296    -1712.455       22.159   428.6
79.0000       -1688.975    -1708.929       19.954   385.9
79.2000       -1688.908    -1709.435       20.528   397.0
79.4000       -1689.115    -1709.888       20.773   401.8
79.6000       -1689.136    -1709.602       20.466   395.8
79.8000       -1687.462    -1708.417       20.955   405.3
80.0000       -1689.913    -1710.522       20.609   398.6
80.2000       -1690.134    -1710.349       20.215   391.0
80.4000       -1690.172    -1708.372       18.200   352.0
80.6000       -1691.375    -1710.514       19.140   370.2
80.8000       -1688.462    -1709.383       20.921   404.6
81.0000       -1689.066    -1710.506       21.440   414.7
81.2000       -1687.862    -1708.560       20.698   400.3
81.4000       -1688.453    -1709.632       21.179   409.6
81.6000       -1688.834    -1710.274       21.440   414.7
81.8000       -1689.054    -1709.514       20.460   395.7
82.0000       -1689.466    -1710.885       21.419   414.3
82.2000       -1691.194    -1710.107       18.913   365.8
82.4000       -1690.753    -1710.237       19.484   376.8
82.6000       -1689.784    -1709.975       20.191   390.5
82.8000       -1690.276    -1710.367       20.091   388.6
83.0000       -1689.589    -1709.716       20.127   389.3
83.2000       -1690.708    -1710.482       19.774   382.4
83.4000       -1690.098    -1709.746       19.647   380.0
83.6000       -1690.563    -1710.563       20.001   386.8
83.8000       -1688.268    -1709.080       20.812   402.5
84.0000       -1689.038    -1709.368       20.330   393.2
84.2000       -1689.116    -1709.715       20.600   398.4
84.4000       -1687.568    -1708.090       20.521   396.9
84.6000       -1686.151    -1707.811       21.660   418.9
84.8000       -1687.693    -1708.760       21.067   407.5
85.0000       -1687.913    -1709.101       21.187   409.8
85.2000       -1689.000    -1709.579       20.579   398.0
85.4000       -1687.968    -1708.566       20.598   398.4
85.6000       -1688.774    -1709.096       20.322   393.0
85.8000       -1689.473    -1710.784       21.312   412.2
86.0000       -1689.306    -1709.968       20.662   399.6
86.2000       -1690.004    -1710.618       20.615   398.7
86.4000       -1689.691    -1710.813       21.122   408.5
86.6000       -1687.544    -1707.813       20.269   392.0
86.8000       -1688.300    -1709.755       21.455   415.0
87.0000       -1688.930    -1710.108       21.178   409.6
87.2000       -1689.326    -1709.349       20.023   387.3
87.4000       -1689.078    -1709.253       20.175   390.2
87.6000       -1688.429    -1710.283       21.854   422.7
87.8000       -1688.392    -1709.790       21.398   413.8
88.0000       -1688.898    -1710.275       21.378   413.5
88.2000       -1689.513    -1710.362       20.848   403.2
88.4000       -1690.170    -1711.053       20.883   403.9
88.6000       -1689.003    -1710.267       21.264   411.3
88.8000       -1689.124    -1709.749       20.625   398.9
89.0000       -1688.624    -1709.134       20.510   396.7
89.2000       -1688.469    -1710.266       21.797   421.6
89.4000       -1689.936    -1710.257       20.322   393.0
89.6000       -1689.758    -1710.018       20.260   391.8
89.8000       -1689.767    -1709.229       19.462   376.4
90.0000       -1687.707    -1708.388       20.681   400.0
90.2000       -1688.288    -1710.332       22.044   426.4
90.4000       -1689.216    -1709.800       20.584   398.1
90.6000       -1689.355    -1710.041       20.686   400.1
90.8000       -1688.564    -1710.574       22.011   425.7
91.0000       -1690.158    -1709.593       19.434   375.9
91.2000       -1691.427    -1711.187       19.760   382.2
91.4000       -1690.465    -1710.753       20.289   392.4
91.6000       -1688.024    -1709.842       21.818   422.0
91.8000       -1688.803    -1709.509       20.706   400.5
92.0000       -1687.327    -1709.239       21.912   423.8
92.2000       -1689.843    -1709.828       19.985   386.5
92.4000       -1688.913    -1710.233       21.320   412.3
92.6000       -1687.703    -1708.451       20.749   401.3
92.8000       -1689.171    -1710.595       21.424   414.4
93.0000       -1688.505    -1710.331       21.826   422.1
93.2000       -1690.278    -1710.159       19.881   384.5
93.4000       -1690.658    -1710.172       19.514   377.4
93.6000       -1689.961    -1710.355       20.394   394.4
93.8000       -1689.220    -1709.265       20.045   387.7
94.0000       -1688.075    -1709.638       21.562   417.0
94.2000       -1690.270    -1710.947       20.677   399.9
94.4000       -1689.915    -1710.806       20.891   404.0
94.6000       -1689.885    -1709.998       20.113   389.0
94.8000       -1688.434    -1709.015       20.582   398.1
95.0000       -1687.701    -1709.287       21.586   417.5
95.2000       -1687.843    -1709.451       21.609   417.9
95.4000       -1686.964    -1709.656       22.692   438.9
95.6000       -1686.487    -1707.941       21.454   414.9
95.8000       -1686.046    -1708.179       22.133   428.1
96.0000       -1688.136    -1709.585       21.449   414.8
96.2000       -1687.404    -1710.111       22.707   439.2
96.4000       -1687.557    -1710.190       22.633   437.7
96.6000       -1688.522    -1708.704       20.181   390.3
96.8000       -1688.609    -1709.417       20.808   402.4
97.0000       -1688.312    -1709.628       21.316   412.3
97.2000       -1687.182    -1709.154       21.972   425.0
97.4000       -1687.705    -1708.872       21.167   409.4
97.6000       -1686.552    -1707.584       21.033   406.8
97.8000       -1686.216    -1708.362       22.146   428.3
98.0000       -1686.871    -1709.735       22.864   442.2
98.2000       -1687.707    -1709.073       21.366   413.2
98.4000       -1689.504    -1709.827       20.323   393.1
98.6000       -1687.607    -1709.556       21.950   424.5
98.8000       -1687.929    -1708.760       20.831   402.9
99.0000       -1688.508    -1709.073       20.566   397.8
99.2000       -1688.498    -1709.112       20.613   398.7
99.4000       -1686.786    -1709.142       22.356   432.4
99.6000       -1686.195    -1707.812       21.617   418.1
99.8000       -1688.094    -1709.114       21.021   406.6
100.0000      -1690.517    -1709.799       19.281   372.9
100.2000      -1689.301    -1709.727       20.427   395.1
100.4000      -1688.855    -1709.968       21.113   408.3
100.6000      -1689.603    -1709.741       20.138   389.5
100.8000      -1687.670    -1709.312       21.642   418.6
101.0000      -1687.335    -1710.249       22.914   443.2
101.2000      -1689.452    -1709.415       19.964   386.1
101.4000      -1689.306    -1711.305       21.999   425.5
101.6000      -1689.033    -1710.054       21.021   406.6
101.8000      -1690.128    -1709.944       19.817   383.3
102.0000      -1689.661    -1709.756       20.096   388.7
102.2000      -1689.934    -1710.025       20.091   388.6
102.4000      -1688.900    -1710.285       21.385   413.6
102.6000      -1689.587    -1709.964       20.377   394.1
102.8000      -1689.947    -1710.951       21.004   406.2
103.0000      -1690.046    -1710.363       20.317   392.9
103.2000      -1688.909    -1709.787       20.878   403.8
103.4000      -1687.965    -1709.232       21.266   411.3
103.6000      -1688.007    -1709.631       21.623   418.2
103.8000      -1688.363    -1709.248       20.885   403.9
104.0000      -1685.804    -1708.075       22.270   430.7
104.2000      -1687.269    -1708.458       21.189   409.8
104.4000      -1688.756    -1709.888       21.132   408.7
104.6000      -1688.998    -1710.434       21.436   414.6
104.8000      -1689.260    -1709.469       20.209   390.9
105.0000      -1688.270    -1708.700       20.430   395.1
105.2000      -1689.250    -1709.551       20.301   392.6
105.4000      -1688.047    -1709.793       21.747   420.6
105.6000      -1687.531    -1710.266       22.735   439.7
105.8000      -1690.056    -1709.926       19.870   384.3
106.0000      -1690.154    -1710.660       20.507   396.6
106.2000      -1690.160    -1710.837       20.678   399.9
106.4000      -1688.914    -1708.891       19.977   386.4
106.6000      -1689.052    -1708.676       19.623   379.5
106.8000      -1689.658    -1710.163       20.505   396.6
107.0000      -1689.259    -1709.760       20.501   396.5
107.2000      -1691.385    -1710.865       19.480   376.8
107.4000      -1690.159    -1709.646       19.487   376.9
107.6000      -1690.694    -1710.895       20.201   390.7
107.8000      -1690.794    -1710.338       19.544   378.0
108.0000      -1691.190    -1711.222       20.032   387.4
108.2000      -1691.064    -1710.954       19.890   384.7
108.4000      -1689.570    -1709.960       20.390   394.4
108.6000      -1689.128    -1709.837       20.709   400.5
108.8000      -1689.561    -1710.251       20.689   400.1
109.0000      -1691.333    -1711.495       20.162   389.9
109.2000      -1691.095    -1710.755       19.660   380.2
109.4000      -1691.750    -1711.384       19.633   379.7
109.6000      -1691.163    -1710.515       19.352   374.3
109.8000      -1690.870    -1710.684       19.815   383.2
110.0000      -1691.753    -1711.050       19.297   373.2
110.2000      -1691.656    -1711.210       19.553   378.2
110.4000      -1688.851    -1709.321       20.470   395.9
110.6000      -1686.930    -1709.115       22.186   429.1
110.8000      -1687.538    -1709.014       21.476   415.4
111.0000      -1689.595    -1710.802       21.207   410.2
111.2000      -1689.028    -1709.156       20.128   389.3
111.4000      -1688.899    -1709.847       20.948   405.2
111.6000      -1689.395    -1710.385       20.990   406.0
111.8000      -1691.260    -1710.580       19.320   373.7
112.0000      -1690.277    -1711.717       21.440   414.7
112.2000      -1690.465    -1710.791       20.326   393.1
112.4000      -1690.055    -1710.733       20.678   399.9
112.6000      -1691.027    -1711.289       20.261   391.9
112.8000      -1691.002    -1711.317       20.315   392.9
113.0000      -1690.374    -1710.313       19.940   385.7
113.2000      -1689.737    -1710.788       21.051   407.1
113.4000      -1690.185    -1710.863       20.678   399.9
113.6000      -1690.711    -1710.856       20.145   389.6
113.8000      -1689.018    -1709.404       20.385   394.3
114.0000      -1689.781    -1709.699       19.918   385.2
114.2000      -1689.154    -1709.943       20.790   402.1
114.4000      -1689.165    -1709.399       20.235   391.4
114.6000      -1687.980    -1709.611       21.631   418.4
114.8000      -1688.747    -1709.168       20.422   395.0
115.0000      -1686.424    -1708.390       21.966   424.8
115.2000      -1686.474    -1708.620       22.146   428.3
115.4000      -1687.608    -1709.128       21.520   416.2
115.6000      -1688.741    -1709.416       20.675   399.9
115.8000      -1687.655    -1709.750       22.096   427.3
116.0000      -1687.215    -1708.351       21.136   408.8
116.2000      -1687.789    -1708.175       20.387   394.3
116.4000      -1687.736    -1708.851       21.115   408.4
116.6000      -1689.229    -1708.927       19.698   381.0
116.8000      -1687.763    -1708.626       20.864   403.5
117.0000      -1689.566    -1710.045       20.480   396.1
117.2000      -1690.188    -1711.533       21.345   412.8
117.4000      -1692.531    -1710.776       18.245   352.9
117.6000      -1691.201    -1710.531       19.330   373.9
117.8000      -1690.295    -1710.442       20.147   389.7
118.0000      -1691.014    -1710.755       19.741   381.8
118.2000      -1691.780    -1711.360       19.580   378.7
118.4000      -1690.968    -1710.909       19.942   385.7
118.6000      -1691.650    -1711.511       19.861   384.1
118.8000      -1690.494    -1710.387       19.894   384.8
119.0000      -1689.936    -1709.849       19.913   385.1
119.2000      -1691.871    -1710.220       18.348   354.9
119.4000      -1690.386    -1710.916       20.530   397.1
119.6000      -1690.698    -1711.361       20.663   399.6
119.8000      -1690.703    -1710.286       19.583   378.7
120.0000      -1690.687    -1710.372       19.684   380.7
120.2000      -1689.367    -1710.315       20.948   405.2
120.4000      -1690.634    -1709.331       18.697   361.6
120.6000      -1691.159    -1710.169       19.010   367.7
120.8000      -1690.869    -1711.100       20.230   391.3
121.0000      -1690.722    -1710.755       20.033   387.4
121.2000      -1689.880    -1711.375       21.495   415.7
121.4000      -1690.894    -1710.857       19.963   386.1
121.6000      -1690.801    -1710.493       19.692   380.9
121.8000      -1689.662    -1709.995       20.334   393.3
122.0000      -1690.032    -1709.666       19.633   379.7
122.2000      -1690.948    -1710.827       19.879   384.5
122.4000      -1692.210    -1711.697       19.486   376.9
122.6000      -1691.052    -1711.107       20.055   387.9
122.8000      -1689.625    -1710.326       20.701   400.4
123.0000      -1689.885    -1709.279       19.394   375.1
123.2000      -1688.929    -1710.095       21.166   409.4
123.4000      -1690.273    -1710.368       20.096   388.7
123.6000      -1689.795    -1710.055       20.261   391.9
123.8000      -1689.663    -1711.175       21.512   416.1
124.0000      -1688.248    -1709.390       21.143   408.9
124.2000      -1688.135    -1708.210       20.076   388.3
124.4000      -1687.888    -1708.673       20.785   402.0
124.6000      -1688.321    -1708.471       20.150   389.7
124.8000      -1688.237    -1708.538       20.301   392.6
125.0000      -1688.371    -1708.908       20.537   397.2
125.2000      -1687.574    -1709.694       22.120   427.8
125.4000      -1690.555    -1709.807       19.252   372.4
125.6000      -1688.466    -1708.706       20.240   391.5
125.8000      -1687.409    -1710.065       22.656   438.2
126.0000      -1689.290    -1708.902       19.612   379.3
126.2000      -1689.094    -1709.557       20.462   395.8
126.4000      -1689.128    -1710.094       20.966   405.5
126.6000      -1690.264    -1709.365       19.100   369.4
126.8000      -1690.586    -1710.595       20.009   387.0
127.0000      -1690.330    -1710.410       20.080   388.4
127.2000      -1689.938    -1710.408       20.470   395.9
127.4000      -1688.479    -1709.735       21.256   411.1
127.6000      -1690.049    -1709.667       19.619   379.4
127.8000      -1690.040    -1711.059       21.019   406.5
128.0000      -1688.962    -1709.528       20.566   397.8
128.2000      -1688.347    -1708.207       19.860   384.1
128.4000      -1688.679    -1708.849       20.170   390.1
128.6000      -1688.374    -1710.034       21.660   418.9
128.8000      -1688.620    -1710.918       22.298   431.3
129.0000      -1688.300    -1709.691       21.391   413.7
129.2000      -1687.973    -1709.763       21.790   421.4
129.4000      -1686.757    -1708.818       22.061   426.7
129.6000      -1685.749    -1708.254       22.505   435.3
129.8000      -1688.371    -1709.220       20.849   403.2
130.0000      -1688.785    -1709.984       21.199   410.0
130.2000      -1688.153    -1709.692       21.539   416.6
130.4000      -1687.689    -1708.973       21.284   411.7
130.6000      -1688.613    -1708.786       20.173   390.2
130.8000      -1688.334    -1710.010       21.676   419.2
131.0000      -1688.936    -1710.167       21.231   410.6
131.2000      -1689.137    -1710.081       20.944   405.1
131.4000      -1689.795    -1709.816       20.022   387.2
131.6000      -1689.518    -1710.156       20.639   399.2
131.8000      -1688.796    -1709.061       20.265   391.9
132.0000      -1689.423    -1709.677       20.255   391.7
132.2000      -1690.406    -1710.040       19.634   379.7
132.4000      -1689.126    -1710.352       21.227   410.5
132.6000      -1689.105    -1710.378       21.273   411.4
132.8000      -1687.382    -1708.457       21.076   407.6
133.0000      -1687.502    -1708.815       21.313   412.2
133.2000      -1688.119    -1708.354       20.236   391.4
133.4000      -1689.463    -1710.581       21.118   408.4
133.6000      -1689.016    -1709.921       20.905   404.3
133.8000      -1690.117    -1710.139       20.022   387.2
134.0000      -1688.914    -1710.064       21.150   409.1
134.2000      -1687.047    -1708.184       21.137   408.8
134.4000      -1687.417    -1708.345       20.928   404.8
134.6000      -1687.603    -1709.631       22.028   426.0
134.8000      -1688.162    -1709.437       21.275   411.5
135.0000      -1689.651    -1710.116       20.465   395.8
135.2000      -1689.381    -1709.962       20.581   398.1
135.4000      -1689.518    -1710.133       20.615   398.7
135.6000      -1690.310    -1710.799       20.489   396.3
135.8000      -1689.793    -1710.659       20.866   403.6
136.0000      -1690.066    -1710.837       20.771   401.7
136.2000      -1689.129    -1709.023       19.894   384.8
136.4000      -1688.425    -1709.697       21.273   411.4
136.6000      -1687.706    -1708.973       21.267   411.3
136.8000      -1688.695    -1710.062       21.367   413.3
137.0000      -1689.128    -1711.034       21.906   423.7
137.2000      -1690.985    -1711.170       20.185   390.4
137.4000      -1689.297    -1709.399       20.102   388.8
137.6000      -1690.485    -1711.584       21.099   408.1
137.8000      -1688.818    -1710.275       21.457   415.0
138.0000      -1689.058    -1710.704       21.645   418.6
138.2000      -1689.048    -1709.917       20.869   403.6
138.4000      -1689.416    -1710.259       20.843   403.1
138.6000      -1690.116    -1710.302       20.186   390.4
138.8000      -1689.186    -1709.730       20.544   397.3
139.0000      -1690.403    -1711.379       20.976   405.7
139.2000      -1690.798    -1711.487       20.688   400.1
139.4000      -1690.721    -1710.039       19.319   373.6
139.6000      -1690.124    -1709.981       19.857   384.1
139.8000      -1689.070    -1709.259       20.189   390.5
140.0000      -1688.793    -1708.911       20.117   389.1
140.2000      -1690.307    -1710.702       20.395   394.5
140.4000      -1691.738    -1712.027       20.289   392.4
140.6000      -1691.802    -1711.455       19.652   380.1
140.8000      -1689.860    -1709.770       19.910   385.1
141.0000      -1689.662    -1709.517       19.855   384.0
141.2000      -1689.422    -1710.473       21.051   407.1
141.4000      -1689.662    -1710.567       20.905   404.3
141.6000      -1689.700    -1711.479       21.779   421.2
141.8000      -1688.978    -1709.889       20.912   404.4
142.0000      -1688.355    -1709.966       21.612   418.0
142.2000      -1688.610    -1709.953       21.342   412.8
142.4000      -1689.001    -1709.813       20.813   402.5
142.6000      -1687.716    -1710.065       22.349   432.3
142.8000      -1685.091    -1707.718       22.627   437.6
143.0000      -1686.653    -1708.430       21.777   421.2
143.2000      -1687.276    -1708.731       21.455   415.0
143.4000      -1687.762    -1708.748       20.986   405.9
143.6000      -1687.834    -1709.047       21.213   410.3
143.8000      -1687.724    -1708.830       21.106   408.2
144.0000      -1688.786    -1709.377       20.591   398.2
144.2000      -1689.097    -1708.885       19.788   382.7
144.4000      -1688.035    -1708.450       20.414   394.8
144.6000      -1688.650    -1709.680       21.030   406.7
144.8000      -1688.818    -1709.294       20.476   396.0
145.0000      -1688.234    -1708.917       20.683   400.0
145.2000      -1689.524    -1709.207       19.683   380.7
145.4000      -1688.199    -1709.012       20.813   402.5
145.6000      -1689.754    -1708.963       19.209   371.5
145.8000      -1690.498    -1710.888       20.390   394.4
146.0000      -1689.442    -1710.353       20.911   404.4
146.2000      -1688.007    -1709.533       21.526   416.3
146.4000      -1688.254    -1708.367       20.114   389.0
146.6000      -1687.822    -1708.418       20.597   398.4
146.8000      -1687.478    -1708.996       21.517   416.2
147.0000      -1689.860    -1710.862       21.002   406.2
147.2000      -1689.971    -1710.359       20.388   394.3
147.4000      -1690.416    -1711.188       20.772   401.8
147.6000      -1689.721    -1708.583       18.862   364.8
147.8000      -1689.790    -1710.025       20.236   391.4
148.0000      -1688.361    -1710.052       21.691   419.5
148.2000      -1688.520    -1710.321       21.800   421.6
148.4000      -1687.223    -1708.570       21.348   412.9
148.6000      -1688.569    -1709.862       21.293   411.8
148.8000      -1688.319    -1708.928       20.609   398.6
149.0000      -1688.041    -1709.036       20.995   406.1
149.2000      -1687.156    -1710.380       23.224   449.2
149.4000      -1686.761    -1709.192       22.431   433.8
149.6000      -1688.169    -1708.674       20.505   396.6
149.8000      -1686.029    -1707.761       21.732   420.3
150.0000      -1686.546    -1708.068       21.522   416.3
150.2000      -1687.806    -1708.353       20.547   397.4
150.4000      -1687.912    -1709.053       21.141   408.9
150.6000      -1687.803    -1709.810       22.008   425.6
150.8000      -1687.659    -1709.543       21.884   423.2
151.0000      -1687.185    -1709.062       21.877   423.1
151.2000      -1688.205    -1710.235       22.030   426.1
151.4000      -1687.820    -1708.314       20.494   396.4
151.6000      -1688.479    -1709.218       20.739   401.1
151.8000      -1688.563    -1709.766       21.202   410.1
152.0000      -1688.638    -1708.949       20.312   392.8
152.2000      -1687.800    -1709.679       21.879   423.1
152.4000      -1688.877    -1710.737       21.860   422.8
152.6000      -1690.030    -1710.688       20.658   399.5
152.8000      -1689.445    -1709.828       20.383   394.2
153.0000      -1690.404    -1710.215       19.811   383.2
153.2000      -1690.423    -1710.248       19.825   383.4
153.4000      -1690.095    -1709.979       19.884   384.6
153.6000      -1689.449    -1709.314       19.865   384.2
153.8000      -1689.190    -1710.593       21.403   414.0
154.0000      -1688.680    -1710.295       21.615   418.1
154.2000      -1687.954    -1709.205       21.252   411.0
154.4000      -1689.407    -1710.130       20.723   400.8
154.6000      -1688.675    -1710.442       21.767   421.0
154.8000      -1689.367    -1710.044       20.677   399.9
155.0000      -1689.048    -1709.883       20.835   403.0
155.2000      -1689.266    -1710.283       21.017   406.5
155.4000      -1686.831    -1708.818       21.987   425.2
155.6000      -1686.718    -1707.623       20.905   404.3
155.8000      -1687.596    -1709.801       22.205   429.5
156.0000      -1688.463    -1710.658       22.195   429.3
156.2000      -1689.791    -1709.255       19.464   376.4
156.4000      -1690.573    -1711.030       20.457   395.7
156.6000      -1691.374    -1710.727       19.354   374.3
156.8000      -1691.103    -1711.373       20.270   392.0
157.0000      -1692.015    -1710.448       18.433   356.5
157.2000      -1692.239    -1712.402       20.162   390.0
157.4000      -1689.814    -1710.363       20.549   397.4
157.6000      -1692.489    -1712.077       19.589   378.9
157.8000      -1693.114    -1711.700       18.586   359.5
158.0000      -1691.572    -1711.623       20.052   387.8
158.2000      -1688.273    -1708.633       20.361   393.8
158.4000      -1690.698    -1710.016       19.318   373.6
158.6000      -1689.927    -1709.849       19.922   385.3
158.8000      -1690.419    -1710.384       19.966   386.2
159.0000      -1689.946    -1710.391       20.445   395.4
159.2000      -1687.949    -1709.060       21.111   408.3
159.4000      -1688.632    -1709.879       21.248   410.9
159.6000      -1690.454    -1711.972       21.518   416.2
159.8000      -1689.611    -1708.697       19.086   369.1
160.0000      -1689.143    -1709.681       20.538   397.2
160.2000      -1689.467    -1709.763       20.296   392.6
160.4000      -1690.237    -1710.572       20.335   393.3
160.6000      -1689.277    -1709.839       20.562   397.7
160.8000      -1690.190    -1710.238       20.047   387.7
161.0000      -1690.600    -1710.225       19.626   379.6
161.2000      -1689.757    -1710.863       21.107   408.2
161.4000      -1688.802    -1712.074       23.272   450.1
161.6000      -1687.779    -1710.127       22.348   432.2
161.8000      -1688.566    -1709.177       20.610   398.6
162.0000      -1692.014    -1710.671       18.657   360.8
162.2000      -1690.886    -1711.023       20.137   389.5
162.4000      -1690.394    -1711.168       20.773   401.8
162.6000      -1690.547    -1710.235       19.689   380.8
162.8000      -1691.286    -1711.687       20.401   394.6
163.0000      -1690.833    -1710.889       20.056   387.9
163.2000      -1692.192    -1711.542       19.349   374.2
163.4000      -1689.905    -1710.565       20.660   399.6
163.6000      -1687.813    -1708.932       21.119   408.5
163.8000      -1690.335    -1710.329       19.994   386.7
164.0000      -1688.926    -1709.754       20.828   402.8
164.2000      -1687.802    -1709.331       21.529   416.4
164.4000      -1689.191    -1710.477       21.286   411.7
164.6000      -1688.405    -1709.183       20.778   401.9
164.8000      -1689.568    -1710.396       20.828   402.8
165.0000      -1690.793    -1709.649       18.856   364.7
165.2000      -1691.358    -1710.808       19.450   376.2
165.4000      -1691.419    -1710.952       19.533   377.8
165.6000      -1689.480    -1710.427       20.947   405.1
165.8000      -1688.050    -1708.928       20.878   403.8
166.0000      -1688.041    -1709.185       21.144   408.9
166.2000      -1687.528    -1707.355       19.827   383.5
166.4000      -1688.285    -1709.072       20.787   402.0
166.6000      -1689.716    -1709.166       19.449   376.2
166.8000      -1690.119    -1710.017       19.898   384.9
167.0000      -1689.161    -1709.873       20.712   400.6
167.2000      -1687.946    -1710.617       22.671   438.5
167.4000      -1688.954    -1709.862       20.908   404.4
167.6000      -1688.439    -1709.358       20.919   404.6
167.8000      -1689.007    -1709.308       20.302   392.6
168.0000      -1688.467    -1709.781       21.314   412.2
168.2000      -1687.564    -1710.562       22.998   444.8
168.4000      -1687.909    -1709.894       21.984   425.2
168.6000      -1689.377    -1710.253       20.876   403.8
168.8000      -1689.854    -1709.484       19.629   379.7
169.0000      -1688.948    -1709.588       20.640   399.2
169.2000      -1688.861    -1709.928       21.067   407.4
169.4000      -1690.047    -1710.294       20.247   391.6
169.6000      -1691.222    -1711.044       19.822   383.4
169.8000      -1690.914    -1710.937       20.023   387.3
170.0000      -1689.458    -1710.935       21.476   415.4
170.2000      -1689.829    -1710.200       20.372   394.0
170.4000      -1689.486    -1709.745       20.259   391.8
170.6000      -1688.318    -1709.631       21.313   412.2
170.8000      -1687.321    -1708.787       21.466   415.2
171.0000      -1688.217    -1708.748       20.531   397.1
171.2000      -1687.008    -1708.260       21.252   411.0
171.4000      -1688.632    -1708.313       19.681   380.7
171.6000      -1687.423    -1709.986       22.564   436.4
171.8000      -1688.188    -1708.588       20.400   394.5
172.0000      -1684.781    -1706.477       21.696   419.6
172.2000      -1684.175    -1706.484       22.309   431.5
172.4000      -1685.500    -1706.659       21.160   409.2
172.6000      -1687.607    -1709.308       21.701   419.7
172.8000      -1688.676    -1709.307       20.631   399.0
173.0000      -1688.276    -1708.193       19.917   385.2
173.2000      -1689.355    -1709.786       20.432   395.2
173.4000      -1688.581    -1709.148       20.567   397.8
173.6000      -1689.224    -1709.158       19.934   385.5
173.8000      -1689.763    -1709.798       20.035   387.5
174.0000      -1688.607    -1709.621       21.014   406.4
174.2000      -1688.687    -1709.216       20.529   397.0
174.4000      -1688.404    -1710.261       21.857   422.7
174.6000      -1686.760    -1710.363       23.604   456.5
174.8000      -1689.128    -1709.562       20.435   395.2
175.0000      -1689.884    -1709.366       19.482   376.8
175.2000      -1690.278    -1710.145       19.867   384.2
175.4000      -1689.626    -1710.045       20.419   394.9
175.6000      -1689.966    -1709.561       19.595   379.0
175.8000      -1687.654    -1708.642       20.988   405.9
176.0000      -1687.691    -1708.358       20.667   399.7
176.2000      -1686.581    -1707.750       21.168   409.4
176.4000      -1687.558    -1709.022       21.465   415.1
176.6000      -1688.641    -1708.813       20.172   390.1
176.8000      -1689.481    -1710.510       21.030   406.7
177.0000      -1689.065    -1708.818       19.752   382.0
177.2000      -1689.568    -1710.454       20.886   404.0
177.4000      -1688.232    -1709.742       21.510   416.0
177.6000      -1688.717    -1709.583       20.867   403.6
177.8000      -1690.452    -1710.488       20.036   387.5
178.0000      -1689.808    -1710.915       21.107   408.2
178.2000      -1690.141    -1710.624       20.483   396.2
178.4000      -1688.815    -1710.039       21.224   410.5
178.6000      -1688.122    -1708.076       19.955   385.9
178.8000      -1690.005    -1710.173       20.168   390.1
179.0000      -1690.589    -1711.084       20.495   396.4
179.2000      -1689.874    -1709.579       19.705   381.1
179.4000      -1689.576    -1710.384       20.808   402.4
179.6000      -1689.129    -1710.121       20.992   406.0
179.8000      -1690.018    -1710.426       20.408   394.7
180.0000      -1689.456    -1710.226       20.769   401.7
180.2000      -1688.977    -1710.585       21.607   417.9
180.4000      -1687.647    -1709.703       22.056   426.6
180.6000      -1688.255    -1709.374       21.119   408.5
180.8000      -1687.938    -1710.239       22.301   431.3
181.0000      -1689.783    -1710.220       20.437   395.3
181.2000      -1688.905    -1709.599       20.694   400.2
181.4000      -1689.165    -1710.285       21.121   408.5
181.6000      -1688.389    -1709.083       20.693   400.2
181.8000      -1689.707    -1709.230       19.523   377.6
182.0000      -1688.991    -1710.337       21.347   412.9
182.2000      -1689.701    -1710.042       20.341   393.4
182.4000      -1690.604    -1710.990       20.385   394.3
182.6000      -1689.232    -1709.828       20.595   398.3
182.8000      -1690.895    -1710.923       20.028   387.4
183.0000      -1690.733    -1710.965       20.231   391.3
183.2000      -1689.887    -1710.454       20.567   397.8
183.4000      -1690.329    -1710.406       20.077   388.3
183.6000      -1690.151    -1710.677       20.526   397.0
183.8000      -1689.045    -1709.661       20.617   398.7
184.0000      -1689.175    -1710.138       20.963   405.5
184.2000      -1689.337    -1709.706       20.370   394.0
184.4000      -1688.414    -1710.120       21.706   419.8
184.6000      -1691.304    -1709.932       18.628   360.3
184.8000      -1689.728    -1709.160       19.432   375.8
185.0000      -1688.091    -1709.010       20.919   404.6
185.2000      -1688.174    -1709.066       20.892   404.1
185.4000      -1688.653    -1710.510       21.857   422.7
185.6000      -1688.843    -1709.714       20.870   403.6
185.8000      -1689.308    -1709.972       20.663   399.6
186.0000      -1689.541    -1709.548       20.007   386.9
186.2000      -1688.345    -1710.191       21.846   422.5
186.4000      -1688.644    -1708.532       19.888   384.6
186.6000      -1689.343    -1709.718       20.375   394.1
186.8000      -1688.075    -1709.512       21.437   414.6
187.0000      -1689.528    -1709.537       20.009   387.0
187.2000      -1689.169    -1710.577       21.408   414.0
187.4000      -1688.177    -1709.806       21.629   418.3
187.6000      -1688.313    -1707.881       19.567   378.5
187.8000      -1687.954    -1709.141       21.187   409.8
188.0000      -1689.043    -1710.369       21.326   412.5
188.2000      -1688.085    -1708.609       20.525   397.0
188.4000      -1690.021    -1711.061       21.040   406.9
188.6000      -1689.185    -1710.763       21.577   417.3
188.8000      -1688.741    -1710.863       22.121   427.8
189.0000      -1687.157    -1709.258       22.101   427.5
189.2000      -1688.550    -1710.168       21.618   418.1
189.4000      -1689.552    -1710.431       20.879   403.8
189.6000      -1689.261    -1710.514       21.253   411.1
189.8000      -1689.714    -1710.673       20.959   405.4
190.0000      -1688.488    -1709.372       20.884   403.9
190.2000      -1689.406    -1708.978       19.572   378.5
190.4000      -1690.764    -1710.311       19.546   378.0
190.6000      -1691.411    -1711.464       20.052   387.8
190.8000      -1689.696    -1709.713       20.017   387.1
191.0000      -1690.974    -1710.438       19.465   376.5
191.2000      -1691.238    -1710.807       19.570   378.5
191.4000      -1691.853    -1711.702       19.849   383.9
191.6000      -1691.728    -1712.001       20.273   392.1
191.8000      -1690.706    -1711.372       20.666   399.7
192.0000      -1690.321    -1709.966       19.645   380.0
192.2000      -1691.993    -1712.680       20.688   400.1
192.4000      -1689.822    -1710.291       20.469   395.9
192.6000      -1689.507    -1710.372       20.865   403.5
192.8000      -1690.845    -1710.655       19.810   383.1
193.0000      -1691.339    -1711.241       19.902   384.9
193.2000      -1690.655    -1710.238       19.583   378.7
193.4000      -1689.689    -1710.577       20.888   404.0
193.6000      -1689.274    -1709.677       20.403   394.6
193.8000      -1689.113    -1709.230       20.118   389.1
194.0000      -1690.283    -1710.248       19.965   386.1
194.2000      -1690.143    -1710.146       20.003   386.9
194.4000      -1689.933    -1710.401       20.468   395.9
194.6000      -1690.518    -1710.658       20.140   389.5
194.8000      -1689.072    -1710.384       21.312   412.2
195.0000      -1691.190    -1710.936       19.746   381.9
195.2000      -1690.154    -1710.080       19.925   385.4
195.4000      -1690.150    -1711.177       21.027   406.7
195.6000      -1690.363    -1709.970       19.607   379.2
195.8000      -1689.047    -1709.758       20.711   400.6
196.0000      -1687.689    -1710.689       23.000   444.8
196.2000      -1686.862    -1708.865       22.004   425.6
196.4000      -1688.407    -1709.992       21.585   417.5
196.6000      -1688.699    -1709.540       20.841   403.1
196.8000      -1689.435    -1710.964       21.529   416.4
197.0000      -1689.591    -1710.260       20.669   399.8
197.2000      -1689.035    -1710.763       21.728   420.2
197.4000      -1690.996    -1711.631       20.635   399.1
197.6000      -1690.186    -1710.765       20.578   398.0
197.8000      -1691.345    -1711.638       20.293   392.5
198.0000      -1690.601    -1710.896       20.295   392.5
198.2000      -1692.174    -1712.329       20.155   389.8
198.4000      -1692.616    -1711.126       18.511   358.0
198.6000      -1690.973    -1710.553       19.580   378.7
198.8000      -1691.045    -1710.983       19.938   385.6
199.0000      -1689.841    -1710.233       20.392   394.4
199.2000      -1688.307    -1709.600       21.293   411.8
199.4000      -1688.147    -1707.927       19.780   382.6
199.6000      -1688.083    -1707.910       19.827   383.5
199.8000      -1687.755    -1709.698       21.943   424.4
200.0000      -1687.424    -1708.358       20.933   404.9
