Time[ps]      Etot[eV]     Epot[eV]     Ekin[eV]    T[K]
0.0000        -1699.902    -1715.047       15.145   292.9
0.2000        -1699.859    -1716.444       16.584   320.8
0.4000        -1699.762    -1716.396       16.634   321.7
0.6000        -1699.240    -1715.678       16.438   317.9
0.8000        -1698.759    -1714.330       15.571   301.2
1.0000        -1698.994    -1716.283       17.290   334.4
1.2000        -1699.194    -1715.160       15.966   308.8
1.4000        -1699.578    -1715.026       15.448   298.8
1.6000        -1699.576    -1715.587       16.012   309.7
1.8000        -1699.989    -1715.468       15.478   299.4
2.0000        -1698.885    -1714.276       15.391   297.7
2.2000        -1699.921    -1716.272       16.351   316.2
2.4000        -1700.776    -1716.616       15.841   306.4
2.6000        -1698.941    -1714.508       15.567   301.1
2.8000        -1699.929    -1715.732       15.804   305.7
3.0000        -1699.784    -1716.122       16.338   316.0
3.2000        -1699.355    -1715.278       15.923   308.0
3.4000        -1699.786    -1715.150       15.365   297.2
3.6000        -1700.700    -1716.052       15.352   296.9
3.8000        -1699.699    -1715.548       15.849   306.5
4.0000        -1699.880    -1715.496       15.616   302.0
4.2000        -1700.223    -1716.218       15.995   309.4
4.4000        -1700.189    -1714.962       14.772   285.7
4.6000        -1700.254    -1715.400       15.145   292.9
4.8000        -1700.551    -1716.140       15.588   301.5
5.0000        -1699.466    -1715.462       15.996   309.4
5.2000        -1700.123    -1715.685       15.562   301.0
5.4000        -1700.989    -1715.902       14.913   288.4
5.6000        -1699.933    -1715.327       15.394   297.7
5.8000        -1699.785    -1716.498       16.714   323.3
6.0000        -1700.955    -1716.392       15.437   298.6
6.2000        -1701.346    -1716.021       14.675   283.8
6.4000        -1701.574    -1716.561       14.987   289.9
6.6000        -1701.013    -1715.122       14.109   272.9
6.8000        -1701.459    -1716.767       15.308   296.1
7.0000        -1701.123    -1716.409       15.285   295.6
7.2000        -1701.242    -1716.570       15.327   296.4
7.4000        -1699.944    -1715.272       15.328   296.5
7.6000        -1700.648    -1716.456       15.807   305.7
7.8000        -1699.791    -1715.761       15.969   308.9
8.0000        -1698.861    -1715.434       16.573   320.5
8.2000        -1699.007    -1714.560       15.553   300.8
8.4000        -1699.619    -1716.072       16.453   318.2
8.6000        -1701.354    -1716.188       14.834   286.9
8.8000        -1701.696    -1716.601       14.904   288.3
9.0000        -1701.246    -1716.083       14.836   286.9
9.2000        -1700.615    -1716.519       15.904   307.6
9.4000        -1702.432    -1716.680       14.248   275.6
9.6000        -1701.176    -1715.408       14.232   275.3
9.8000        -1701.094    -1716.082       14.987   289.9
10.0000       -1700.111    -1714.711       14.600   282.4
10.2000       -1699.109    -1715.419       16.310   315.4
10.4000       -1698.742    -1715.236       16.493   319.0
10.6000       -1699.369    -1715.053       15.684   303.3
10.8000       -1699.180    -1715.538       16.358   316.4
11.0000       -1698.764    -1713.762       14.998   290.1
11.2000       -1699.596    -1715.705       16.109   311.6
11.4000       -1699.392    -1716.127       16.735   323.7
11.6000       -1699.224    -1715.773       16.548   320.1
11.8000       -1698.846    -1715.394       16.548   320.1
12.0000       -1699.535    -1716.009       16.474   318.6
12.2000       -1698.890    -1715.421       16.531   319.7
12.4000       -1699.078    -1715.104       16.027   310.0
12.6000       -1699.467    -1715.172       15.705   303.8
12.8000       -1699.155    -1716.069       16.914   327.1
13.0000       -1699.749    -1715.012       15.263   295.2
13.2000       -1699.962    -1715.302       15.340   296.7
13.4000       -1699.855    -1715.526       15.670   303.1
13.6000       -1699.214    -1715.244       16.031   310.0
13.8000       -1699.072    -1714.660       15.588   301.5
14.0000       -1698.380    -1714.721       16.341   316.0
14.2000       -1699.125    -1715.190       16.065   310.7
14.4000       -1699.123    -1715.365       16.242   314.1
14.6000       -1699.683    -1715.323       15.640   302.5
14.8000       -1700.237    -1715.283       15.046   291.0
15.0000       -1700.021    -1716.111       16.090   311.2
15.2000       -1699.823    -1715.527       15.704   303.7
15.4000       -1699.075    -1714.995       15.919   307.9
15.6000       -1700.206    -1715.402       15.196   293.9
15.8000       -1699.673    -1715.723       16.050   310.4
16.0000       -1699.652    -1715.242       15.590   301.5
16.2000       -1699.805    -1715.007       15.202   294.0
16.4000       -1699.251    -1715.128       15.877   307.1
16.6000       -1698.963    -1715.536       16.573   320.5
16.8000       -1699.388    -1715.409       16.022   309.9
17.0000       -1699.438    -1715.776       16.338   316.0
17.2000       -1700.312    -1715.035       14.723   284.8
17.4000       -1701.342    -1716.065       14.723   284.8
17.6000       -1700.831    -1716.514       15.683   303.3
17.8000       -1700.540    -1716.194       15.654   302.8
18.0000       -1699.994    -1715.913       15.918   307.9
18.2000       -1698.995    -1715.085       16.091   311.2
18.4000       -1698.857    -1713.977       15.119   292.4
18.6000       -1700.556    -1715.555       14.999   290.1
18.8000       -1700.282    -1715.618       15.336   296.6
19.0000       -1701.165    -1716.063       14.899   288.2
19.2000       -1700.142    -1715.508       15.367   297.2
19.4000       -1699.937    -1715.167       15.230   294.6
19.6000       -1700.215    -1716.224       16.009   309.6
19.8000       -1699.516    -1715.444       15.928   308.1
20.0000       -1699.486    -1714.903       15.417   298.2
20.2000       -1700.258    -1716.115       15.857   306.7
20.4000       -1701.811    -1715.784       13.973   270.3
20.6000       -1701.057    -1715.636       14.580   282.0
20.8000       -1700.775    -1715.903       15.128   292.6
21.0000       -1700.507    -1715.878       15.371   297.3
21.2000       -1700.138    -1715.002       14.864   287.5
21.4000       -1700.219    -1715.473       15.254   295.0
21.6000       -1700.962    -1715.444       14.482   280.1
21.8000       -1699.715    -1715.932       16.217   313.6
22.0000       -1699.221    -1714.932       15.711   303.9
22.2000       -1699.966    -1715.986       16.020   309.8
22.4000       -1699.888    -1715.370       15.482   299.4
22.6000       -1699.797    -1715.178       15.380   297.5
22.8000       -1700.245    -1716.329       16.084   311.1
23.0000       -1700.550    -1715.294       14.744   285.2
23.2000       -1701.783    -1716.401       14.617   282.7
23.4000       -1702.134    -1716.276       14.143   273.5
23.6000       -1700.714    -1715.645       14.931   288.8
23.8000       -1699.972    -1715.367       15.396   297.8
24.0000       -1700.599    -1715.765       15.165   293.3
24.2000       -1701.015    -1715.922       14.907   288.3
24.4000       -1700.326    -1715.486       15.159   293.2
24.6000       -1699.262    -1715.614       16.352   316.3
24.8000       -1700.365    -1716.672       16.307   315.4
25.0000       -1699.735    -1715.685       15.949   308.5
25.2000       -1700.957    -1715.925       14.968   289.5
25.4000       -1701.235    -1715.579       14.345   277.4
25.6000       -1700.963    -1716.290       15.327   296.4
25.8000       -1701.174    -1716.365       15.191   293.8
26.0000       -1701.419    -1716.108       14.689   284.1
26.2000       -1701.842    -1717.887       16.044   310.3
26.4000       -1701.818    -1716.359       14.542   281.2
26.6000       -1701.807    -1716.853       15.046   291.0
26.8000       -1701.566    -1716.046       14.480   280.1
27.0000       -1701.227    -1716.072       14.844   287.1
27.2000       -1701.115    -1715.762       14.647   283.3
27.4000       -1701.543    -1716.904       15.361   297.1
27.6000       -1700.733    -1716.169       15.436   298.5
27.8000       -1700.598    -1716.253       15.655   302.8
28.0000       -1701.210    -1717.011       15.802   305.6
28.2000       -1700.480    -1715.536       15.056   291.2
28.4000       -1701.245    -1716.221       14.976   289.7
28.6000       -1701.025    -1716.653       15.628   302.3
28.8000       -1700.159    -1715.859       15.700   303.7
29.0000       -1700.011    -1715.619       15.608   301.9
29.2000       -1700.547    -1715.837       15.290   295.7
29.4000       -1700.660    -1715.962       15.302   295.9
29.6000       -1699.827    -1714.609       14.781   285.9
29.8000       -1699.515    -1716.042       16.527   319.6
30.0000       -1699.366    -1714.950       15.583   301.4
30.2000       -1700.030    -1715.029       14.999   290.1
30.4000       -1699.035    -1714.128       15.093   291.9
30.6000       -1698.784    -1714.859       16.075   310.9
30.8000       -1699.241    -1715.671       16.431   317.8
31.0000       -1698.760    -1715.902       17.142   331.5
31.2000       -1699.453    -1715.042       15.590   301.5
31.4000       -1701.536    -1716.062       14.526   280.9
31.6000       -1700.805    -1716.321       15.516   300.1
31.8000       -1700.245    -1715.616       15.371   297.3
32.0000       -1700.346    -1715.952       15.606   301.8
32.2000       -1699.851    -1715.513       15.662   302.9
32.4000       -1699.269    -1715.840       16.572   320.5
32.6000       -1699.570    -1715.185       15.615   302.0
32.8000       -1698.983    -1716.237       17.254   333.7
33.0000       -1698.848    -1715.135       16.287   315.0
33.2000       -1699.809    -1715.888       16.079   311.0
33.4000       -1699.891    -1716.396       16.505   319.2
33.6000       -1700.203    -1715.849       15.646   302.6
33.8000       -1699.322    -1715.094       15.772   305.0
34.0000       -1700.130    -1715.935       15.805   305.7
34.2000       -1700.468    -1716.215       15.747   304.6
34.4000       -1700.560    -1716.336       15.776   305.1
34.6000       -1700.516    -1716.413       15.897   307.5
34.8000       -1701.767    -1716.568       14.801   286.3
35.0000       -1702.818    -1716.491       13.673   264.5
35.2000       -1702.862    -1717.569       14.707   284.4
35.4000       -1702.888    -1717.200       14.312   276.8
35.6000       -1700.632    -1715.643       15.011   290.3
35.8000       -1700.265    -1716.096       15.831   306.2
36.0000       -1701.385    -1716.394       15.009   290.3
36.2000       -1701.986    -1716.374       14.388   278.3
36.4000       -1700.101    -1715.927       15.826   306.1
36.6000       -1699.544    -1715.273       15.729   304.2
36.8000       -1699.523    -1715.718       16.194   313.2
37.0000       -1700.821    -1715.844       15.023   290.6
37.2000       -1699.563    -1715.152       15.589   301.5
37.4000       -1699.252    -1714.880       15.628   302.3
37.6000       -1699.930    -1715.564       15.634   302.4
37.8000       -1699.920    -1715.141       15.221   294.4
38.0000       -1700.425    -1716.558       16.134   312.0
38.2000       -1700.053    -1716.422       16.369   316.6
38.4000       -1699.492    -1715.278       15.787   305.3
38.6000       -1700.119    -1715.933       15.814   305.9
38.8000       -1700.150    -1715.195       15.045   291.0
39.0000       -1700.610    -1715.449       14.839   287.0
39.2000       -1702.321    -1716.712       14.391   278.3
39.4000       -1701.438    -1715.887       14.449   279.5
39.6000       -1701.187    -1716.820       15.633   302.3
39.8000       -1701.551    -1716.043       14.493   280.3
40.0000       -1701.350    -1716.789       15.439   298.6
40.2000       -1700.785    -1715.414       14.629   282.9
40.4000       -1700.468    -1715.830       15.362   297.1
40.6000       -1700.487    -1716.009       15.521   300.2
40.8000       -1700.318    -1715.600       15.281   295.6
41.0000       -1699.444    -1715.436       15.991   309.3
41.2000       -1701.154    -1715.922       14.768   285.6
41.4000       -1701.537    -1716.610       15.073   291.5
41.6000       -1700.708    -1715.548       14.840   287.0
41.8000       -1699.769    -1715.298       15.529   300.3
42.0000       -1700.892    -1716.247       15.355   297.0
42.2000       -1700.349    -1715.054       14.705   284.4
42.4000       -1700.648    -1715.245       14.596   282.3
42.6000       -1699.372    -1715.035       15.663   302.9
42.8000       -1700.021    -1715.066       15.045   291.0
43.0000       -1699.858    -1715.210       15.352   296.9
43.2000       -1700.537    -1716.889       16.352   316.3
43.4000       -1700.167    -1715.765       15.598   301.7
43.6000       -1700.140    -1715.111       14.972   289.6
43.8000       -1701.487    -1715.978       14.491   280.3
44.0000       -1701.686    -1716.842       15.156   293.1
44.2000       -1699.897    -1716.159       16.262   314.5
44.4000       -1700.044    -1714.910       14.866   287.5
44.6000       -1699.462    -1715.010       15.548   300.7
44.8000       -1700.723    -1716.906       16.183   313.0
45.0000       -1700.550    -1715.824       15.274   295.4
45.2000       -1700.921    -1715.979       15.058   291.2
45.4000       -1700.412    -1715.800       15.387   297.6
45.6000       -1700.333    -1716.712       16.380   316.8
45.8000       -1700.952    -1716.129       15.177   293.5
46.0000       -1700.360    -1715.354       14.995   290.0
46.2000       -1700.121    -1715.081       14.960   289.3
46.4000       -1699.434    -1714.971       15.538   300.5
46.6000       -1700.179    -1715.143       14.963   289.4
46.8000       -1701.034    -1716.462       15.428   298.4
47.0000       -1700.982    -1715.300       14.318   276.9
47.2000       -1700.907    -1715.539       14.632   283.0
47.4000       -1699.778    -1715.802       16.025   309.9
47.6000       -1700.102    -1715.945       15.843   306.4
47.8000       -1701.061    -1715.805       14.743   285.1
48.0000       -1700.743    -1715.974       15.231   294.6
48.2000       -1699.866    -1714.712       14.846   287.1
48.4000       -1700.779    -1716.461       15.682   303.3
48.6000       -1701.005    -1716.262       15.257   295.1
48.8000       -1700.054    -1716.175       16.120   311.8
49.0000       -1699.890    -1715.644       15.754   304.7
49.2000       -1700.271    -1715.281       15.010   290.3
49.4000       -1700.510    -1715.710       15.200   294.0
49.6000       -1700.061    -1715.766       15.705   303.7
49.8000       -1699.933    -1715.230       15.297   295.9
50.0000       -1699.559    -1716.510       16.951   327.8
50.2000       -1699.875    -1715.347       15.472   299.2
50.4000       -1699.725    -1714.278       14.553   281.5
50.6000       -1700.459    -1715.705       15.246   294.9
50.8000       -1700.369    -1714.526       14.157   273.8
51.0000       -1701.363    -1716.228       14.865   287.5
51.2000       -1700.404    -1716.285       15.882   307.2
51.4000       -1700.429    -1715.199       14.770   285.7
51.6000       -1699.698    -1715.897       16.199   313.3
51.8000       -1699.221    -1714.719       15.498   299.7
52.0000       -1697.738    -1713.699       15.960   308.7
52.2000       -1698.654    -1714.938       16.284   314.9
52.4000       -1697.879    -1714.378       16.499   319.1
52.6000       -1697.861    -1713.869       16.008   309.6
52.8000       -1698.250    -1714.023       15.774   305.1
53.0000       -1696.699    -1713.184       16.485   318.8
53.2000       -1697.832    -1715.105       17.274   334.1
53.4000       -1698.565    -1716.092       17.527   339.0
53.6000       -1698.904    -1714.744       15.839   306.3
53.8000       -1698.607    -1713.926       15.319   296.3
54.0000       -1699.532    -1714.723       15.191   293.8
54.2000       -1700.353    -1714.582       14.230   275.2
54.4000       -1698.835    -1715.305       16.470   318.5
54.6000       -1699.782    -1715.703       15.921   307.9
54.8000       -1701.090    -1716.263       15.173   293.5
55.0000       -1699.502    -1715.126       15.624   302.2
55.2000       -1699.878    -1714.604       14.726   284.8
55.4000       -1698.925    -1714.622       15.697   303.6
55.6000       -1700.283    -1716.078       15.794   305.5
55.8000       -1699.652    -1714.435       14.783   285.9
56.0000       -1700.300    -1716.009       15.708   303.8
56.2000       -1699.798    -1715.519       15.721   304.1
56.4000       -1699.179    -1715.828       16.650   322.0
56.6000       -1700.273    -1715.831       15.558   300.9
56.8000       -1699.357    -1715.560       16.202   313.4
57.0000       -1698.535    -1714.536       16.001   309.5
57.2000       -1698.782    -1715.225       16.443   318.0
57.4000       -1699.421    -1715.009       15.588   301.5
57.6000       -1699.033    -1716.075       17.042   329.6
57.8000       -1700.126    -1715.003       14.877   287.7
58.0000       -1699.278    -1714.200       14.922   288.6
58.2000       -1698.960    -1714.332       15.371   297.3
58.4000       -1699.893    -1715.172       15.280   295.5
58.6000       -1700.052    -1715.253       15.201   294.0
58.8000       -1700.693    -1716.355       15.662   302.9
59.0000       -1701.030    -1715.980       14.950   289.1
59.2000       -1699.416    -1714.777       15.362   297.1
59.4000       -1699.699    -1714.649       14.950   289.1
59.6000       -1700.158    -1714.337       14.180   274.2
59.8000       -1700.109    -1715.470       15.362   297.1
60.0000       -1701.345    -1716.807       15.461   299.0
60.2000       -1701.973    -1716.288       14.316   276.9
60.4000       -1700.783    -1716.623       15.840   306.4
60.6000       -1700.004    -1715.361       15.357   297.0
60.8000       -1700.471    -1716.039       15.569   301.1
61.0000       -1700.022    -1716.022       15.999   309.4
61.2000       -1700.771    -1714.979       14.208   274.8
61.4000       -1700.089    -1715.150       15.061   291.3
61.6000       -1698.915    -1714.484       15.569   301.1
61.8000       -1698.616    -1713.988       15.371   297.3
62.0000       -1697.782    -1715.116       17.335   335.3
62.2000       -1698.969    -1715.092       16.122   311.8
62.4000       -1699.609    -1715.015       15.406   298.0
62.6000       -1698.559    -1715.150       16.591   320.9
62.8000       -1699.373    -1715.155       15.783   305.3
63.0000       -1699.901    -1714.969       15.068   291.4
63.2000       -1699.920    -1714.843       14.923   288.6
63.4000       -1699.992    -1715.675       15.683   303.3
63.6000       -1700.086    -1715.695       15.609   301.9
63.8000       -1699.745    -1715.710       15.966   308.8
64.0000       -1700.580    -1716.169       15.590   301.5
64.2000       -1701.948    -1716.654       14.706   284.4
64.4000       -1702.025    -1716.334       14.309   276.8
64.6000       -1700.719    -1715.381       14.662   283.6
64.8000       -1699.638    -1715.833       16.194   313.2
65.0000       -1699.455    -1714.413       14.958   289.3
65.2000       -1699.498    -1714.798       15.301   295.9
65.4000       -1700.023    -1715.648       15.625   302.2
65.6000       -1698.966    -1715.118       16.153   312.4
65.8000       -1698.287    -1714.413       16.125   311.9
66.0000       -1697.472    -1714.493       17.021   329.2
66.2000       -1699.037    -1714.622       15.585   301.4
66.4000       -1698.976    -1714.998       16.022   309.9
66.6000       -1699.636    -1714.481       14.845   287.1
66.8000       -1700.133    -1716.041       15.908   307.7
67.0000       -1699.605    -1715.585       15.980   309.1
67.2000       -1700.899    -1716.605       15.706   303.8
67.4000       -1701.157    -1716.202       15.045   291.0
67.6000       -1701.052    -1715.647       14.595   282.3
67.8000       -1700.684    -1716.132       15.448   298.8
68.0000       -1699.267    -1715.353       16.086   311.1
68.2000       -1699.770    -1715.463       15.692   303.5
68.4000       -1700.566    -1715.160       14.594   282.3
68.6000       -1700.342    -1715.289       14.947   289.1
68.8000       -1699.653    -1715.383       15.730   304.2
69.0000       -1699.781    -1715.407       15.627   302.2
69.2000       -1699.498    -1715.769       16.270   314.7
69.4000       -1699.985    -1715.141       15.156   293.1
69.6000       -1699.802    -1715.675       15.873   307.0
69.8000       -1699.089    -1715.404       16.315   315.5
70.0000       -1698.684    -1715.839       17.155   331.8
70.2000       -1699.223    -1714.423       15.201   294.0
70.4000       -1698.259    -1714.914       16.655   322.1
70.6000       -1699.104    -1714.471       15.367   297.2
70.8000       -1698.862    -1715.312       16.451   318.2
71.0000       -1701.016    -1716.204       15.188   293.8
71.2000       -1698.332    -1714.395       16.062   310.7
71.4000       -1698.745    -1714.294       15.549   300.7
71.6000       -1699.083    -1714.375       15.292   295.8
71.8000       -1697.967    -1715.140       17.173   332.1
72.0000       -1699.924    -1715.509       15.585   301.4
72.2000       -1698.946    -1714.599       15.653   302.7
72.4000       -1698.400    -1715.038       16.638   321.8
72.6000       -1699.219    -1714.867       15.648   302.6
72.8000       -1701.098    -1716.012       14.914   288.5
73.0000       -1699.936    -1715.564       15.628   302.3
73.2000       -1701.230    -1716.113       14.883   287.9
73.4000       -1700.987    -1714.920       13.933   269.5
73.6000       -1699.849    -1714.542       14.693   284.2
73.8000       -1699.045    -1716.033       16.988   328.6
74.0000       -1699.726    -1714.771       15.044   291.0
74.2000       -1700.321    -1715.303       14.982   289.8
74.4000       -1701.001    -1715.684       14.683   284.0
74.6000       -1700.240    -1716.035       15.795   305.5
74.8000       -1699.029    -1715.404       16.375   316.7
75.0000       -1700.298    -1715.861       15.563   301.0
75.2000       -1700.186    -1715.810       15.624   302.2
75.4000       -1699.858    -1715.592       15.734   304.3
75.6000       -1700.208    -1714.916       14.709   284.5
75.8000       -1699.610    -1715.498       15.888   307.3
76.0000       -1699.983    -1715.634       15.651   302.7
76.2000       -1700.508    -1716.539       16.031   310.1
76.4000       -1699.103    -1715.448       16.345   316.1
76.6000       -1701.226    -1716.052       14.825   286.7
76.8000       -1701.773    -1716.433       14.660   283.5
77.0000       -1702.397    -1717.220       14.823   286.7
77.2000       -1701.017    -1716.354       15.336   296.6
77.4000       -1701.002    -1716.186       15.184   293.7
77.6000       -1701.450    -1716.248       14.798   286.2
77.8000       -1701.112    -1715.967       14.854   287.3
78.0000       -1700.720    -1717.011       16.292   315.1
78.2000       -1700.901    -1715.592       14.690   284.1
78.4000       -1700.401    -1715.761       15.360   297.1
78.6000       -1699.977    -1714.867       14.890   288.0
78.8000       -1699.497    -1715.267       15.771   305.0
79.0000       -1699.273    -1714.460       15.187   293.7
79.2000       -1699.186    -1715.320       16.134   312.1
79.4000       -1699.634    -1715.137       15.503   299.8
79.6000       -1699.249    -1714.830       15.581   301.4
79.8000       -1700.167    -1715.813       15.647   302.6
80.0000       -1700.638    -1715.686       15.049   291.1
80.2000       -1700.942    -1715.676       14.734   285.0
80.4000       -1700.230    -1714.805       14.575   281.9
80.6000       -1700.239    -1714.925       14.686   284.0
80.8000       -1699.919    -1714.644       14.725   284.8
81.0000       -1700.953    -1715.114       14.161   273.9
81.2000       -1700.579    -1715.764       15.186   293.7
81.4000       -1699.978    -1715.644       15.666   303.0
81.6000       -1699.264    -1714.680       15.416   298.2
81.8000       -1698.418    -1714.572       16.154   312.4
82.0000       -1700.000    -1716.077       16.077   310.9
82.2000       -1699.672    -1715.259       15.587   301.5
82.4000       -1700.602    -1716.880       16.278   314.8
82.6000       -1700.614    -1715.734       15.120   292.4
82.8000       -1700.327    -1714.843       14.515   280.7
83.0000       -1700.538    -1716.533       15.994   309.3
83.2000       -1699.384    -1715.422       16.038   310.2
83.4000       -1700.500    -1716.132       15.633   302.4
83.6000       -1700.750    -1714.927       14.176   274.2
83.8000       -1701.574    -1715.758       14.184   274.3
84.0000       -1701.390    -1716.464       15.074   291.5
84.2000       -1700.107    -1715.838       15.731   304.3
84.4000       -1701.301    -1715.922       14.621   282.8
84.6000       -1700.707    -1715.709       15.001   290.1
84.8000       -1698.652    -1714.436       15.784   305.3
85.0000       -1699.353    -1715.502       16.150   312.3
85.2000       -1699.432    -1715.302       15.869   306.9
85.4000       -1699.826    -1715.156       15.330   296.5
85.6000       -1699.153    -1714.979       15.826   306.1
85.8000       -1699.200    -1716.591       17.391   336.4
86.0000       -1698.613    -1714.889       16.275   314.8
86.2000       -1698.420    -1715.385       16.965   328.1
86.4000       -1699.402    -1715.620       16.218   313.7
86.6000       -1698.285    -1714.944       16.659   322.2
86.8000       -1699.742    -1715.329       15.587   301.5
87.0000       -1699.946    -1716.181       16.236   314.0
87.2000       -1700.941    -1716.313       15.373   297.3
87.4000       -1698.788    -1715.354       16.566   320.4
87.6000       -1698.482    -1715.146       16.664   322.3
87.8000       -1699.643    -1715.015       15.372   297.3
88.0000       -1699.268    -1715.223       15.955   308.6
88.2000       -1698.364    -1714.240       15.876   307.1
88.4000       -1698.373    -1714.644       16.271   314.7
88.6000       -1697.327    -1714.276       16.949   327.8
88.8000       -1698.847    -1714.776       15.929   308.1
89.0000       -1699.766    -1715.268       15.502   299.8
89.2000       -1700.522    -1715.878       15.356   297.0
89.4000       -1699.931    -1716.208       16.277   314.8
89.6000       -1698.953    -1715.475       16.522   319.5
89.8000       -1698.996    -1715.879       16.883   326.5
90.0000       -1699.725    -1715.281       15.555   300.9
90.2000       -1699.654    -1715.431       15.778   305.2
90.4000       -1700.475    -1715.603       15.128   292.6
90.6000       -1698.973    -1715.442       16.469   318.5
90.8000       -1699.349    -1714.685       15.335   296.6
91.0000       -1698.550    -1714.222       15.672   303.1
91.2000       -1698.917    -1714.564       15.647   302.6
91.4000       -1699.564    -1714.662       15.098   292.0
91.6000       -1700.338    -1716.334       15.995   309.4
91.8000       -1699.043    -1715.090       16.047   310.4
92.0000       -1699.916    -1715.272       15.356   297.0
92.2000       -1698.948    -1714.538       15.590   301.5
92.4000       -1698.656    -1714.254       15.598   301.7
92.6000       -1699.642    -1714.731       15.089   291.8
92.8000       -1700.691    -1716.194       15.504   299.9
93.0000       -1699.091    -1715.019       15.928   308.1
93.2000       -1698.145    -1713.726       15.581   301.3
93.4000       -1698.592    -1714.327       15.735   304.3
93.6000       -1700.342    -1716.010       15.668   303.0
93.8000       -1700.248    -1716.406       16.158   312.5
94.0000       -1701.013    -1716.150       15.137   292.8
94.2000       -1702.131    -1716.704       14.573   281.9
94.4000       -1700.696    -1716.089       15.393   297.7
94.6000       -1700.384    -1716.382       15.999   309.4
94.8000       -1699.871    -1715.493       15.623   302.2
95.0000       -1699.980    -1715.856       15.875   307.0
95.2000       -1700.130    -1715.403       15.273   295.4
95.4000       -1700.910    -1716.082       15.171   293.4
95.6000       -1699.982    -1715.977       15.995   309.4
95.8000       -1699.803    -1715.732       15.929   308.1
96.0000       -1701.452    -1716.144       14.692   284.1
96.2000       -1700.504    -1715.168       14.664   283.6
96.4000       -1700.017    -1714.924       14.907   288.3
96.6000       -1699.683    -1715.643       15.960   308.7
96.8000       -1700.104    -1715.928       15.824   306.1
97.0000       -1699.596    -1714.750       15.155   293.1
97.2000       -1701.072    -1716.360       15.288   295.7
97.4000       -1700.219    -1715.680       15.461   299.0
97.6000       -1699.903    -1716.423       16.519   319.5
97.8000       -1700.720    -1714.899       14.178   274.2
98.0000       -1700.117    -1715.738       15.620   302.1
98.2000       -1700.539    -1716.122       15.583   301.4
98.4000       -1698.959    -1715.781       16.822   325.4
98.6000       -1697.951    -1714.672       16.721   323.4
98.8000       -1699.669    -1715.396       15.727   304.2
99.0000       -1699.431    -1714.934       15.503   299.8
99.2000       -1699.725    -1714.827       15.102   292.1
99.4000       -1698.579    -1714.851       16.272   314.7
99.6000       -1700.386    -1715.585       15.199   294.0
99.8000       -1700.778    -1715.854       15.076   291.6
100.0000      -1699.620    -1715.696       16.076   310.9
100.2000      -1699.850    -1715.170       15.320   296.3
100.4000      -1698.468    -1714.786       16.318   315.6
100.6000      -1698.512    -1715.026       16.514   319.4
100.8000      -1698.738    -1714.578       15.840   306.4
101.0000      -1698.510    -1715.158       16.648   322.0
101.2000      -1699.613    -1714.234       14.622   282.8
101.4000      -1699.294    -1714.958       15.664   302.9
101.6000      -1699.290    -1714.670       15.380   297.5
101.8000      -1699.820    -1715.155       15.335   296.6
102.0000      -1700.558    -1715.426       14.868   287.6
102.2000      -1700.760    -1714.993       14.233   275.3
102.4000      -1700.085    -1715.562       15.477   299.3
102.6000      -1700.294    -1715.297       15.003   290.2
102.8000      -1700.056    -1716.128       16.072   310.8
103.0000      -1699.619    -1714.820       15.201   294.0
103.2000      -1700.612    -1715.976       15.363   297.1
103.4000      -1700.745    -1715.800       15.055   291.2
103.6000      -1700.234    -1716.064       15.830   306.2
103.8000      -1700.297    -1715.434       15.137   292.8
104.0000      -1699.696    -1714.840       15.143   292.9
104.2000      -1699.717    -1715.295       15.578   301.3
104.4000      -1699.586    -1715.054       15.468   299.2
104.6000      -1700.308    -1715.976       15.668   303.0
104.8000      -1698.795    -1714.400       15.605   301.8
105.0000      -1699.901    -1715.414       15.513   300.0
105.2000      -1699.742    -1715.410       15.668   303.0
105.4000      -1700.988    -1715.521       14.533   281.1
105.6000      -1701.081    -1716.184       15.104   292.1
105.8000      -1699.623    -1715.628       16.005   309.6
106.0000      -1699.946    -1715.163       15.217   294.3
106.2000      -1699.105    -1715.332       16.227   313.8
106.4000      -1699.781    -1715.306       15.525   300.3
106.6000      -1699.639    -1715.908       16.269   314.7
106.8000      -1699.789    -1715.481       15.693   303.5
107.0000      -1699.505    -1714.924       15.419   298.2
107.2000      -1698.868    -1714.441       15.573   301.2
107.4000      -1699.779    -1714.949       15.171   293.4
107.6000      -1700.658    -1715.230       14.571   281.8
107.8000      -1700.663    -1714.927       14.264   275.9
108.0000      -1699.899    -1715.850       15.951   308.5
108.2000      -1699.229    -1715.001       15.772   305.0
108.4000      -1699.105    -1714.419       15.314   296.2
108.6000      -1699.272    -1714.719       15.447   298.8
108.8000      -1700.636    -1715.096       14.459   279.7
109.0000      -1700.262    -1715.544       15.282   295.6
109.2000      -1699.789    -1715.813       16.025   309.9
109.4000      -1699.328    -1715.083       15.755   304.7
109.6000      -1699.346    -1714.650       15.304   296.0
109.8000      -1700.014    -1715.626       15.612   301.9
110.0000      -1700.469    -1716.504       16.035   310.1
110.2000      -1701.170    -1716.033       14.863   287.5
110.4000      -1701.344    -1716.024       14.681   283.9
110.6000      -1700.770    -1716.322       15.552   300.8
110.8000      -1699.744    -1715.785       16.041   310.3
111.0000      -1699.871    -1716.211       16.340   316.0
111.2000      -1700.085    -1715.401       15.316   296.2
111.4000      -1700.965    -1716.402       15.437   298.6
111.6000      -1701.055    -1716.755       15.700   303.7
111.8000      -1701.388    -1715.893       14.505   280.5
112.0000      -1702.625    -1716.966       14.341   277.4
112.2000      -1702.368    -1717.607       15.239   294.7
112.4000      -1701.153    -1716.520       15.367   297.2
112.6000      -1701.206    -1716.163       14.957   289.3
112.8000      -1700.406    -1715.480       15.074   291.6
113.0000      -1700.360    -1715.760       15.400   297.8
113.2000      -1701.391    -1716.471       15.080   291.7
113.4000      -1700.441    -1715.649       15.208   294.1
113.6000      -1699.818    -1714.976       15.158   293.2
113.8000      -1701.075    -1716.092       15.018   290.5
114.0000      -1700.122    -1715.566       15.444   298.7
114.2000      -1700.260    -1714.800       14.540   281.2
114.4000      -1699.508    -1715.363       15.854   306.6
114.6000      -1698.616    -1714.487       15.871   307.0
114.8000      -1699.314    -1715.080       15.766   304.9
115.0000      -1699.018    -1715.248       16.230   313.9
115.2000      -1700.280    -1715.670       15.390   297.7
115.4000      -1700.191    -1715.088       14.897   288.1
115.6000      -1699.650    -1715.221       15.571   301.2
115.8000      -1699.777    -1714.613       14.836   286.9
116.0000      -1701.172    -1715.931       14.759   285.5
116.2000      -1699.946    -1715.938       15.992   309.3
116.4000      -1700.924    -1715.905       14.981   289.8
116.6000      -1700.457    -1715.826       15.368   297.2
116.8000      -1699.524    -1715.692       16.167   312.7
117.0000      -1699.246    -1715.337       16.091   311.2
117.2000      -1700.586    -1715.339       14.752   285.3
117.4000      -1700.767    -1716.788       16.021   309.9
117.6000      -1701.777    -1716.178       14.401   278.5
117.8000      -1700.713    -1716.118       15.405   298.0
118.0000      -1700.924    -1716.800       15.876   307.0
118.2000      -1700.235    -1715.743       15.508   299.9
118.4000      -1701.375    -1715.866       14.492   280.3
118.6000      -1700.184    -1716.073       15.889   307.3
118.8000      -1698.286    -1714.483       16.197   313.3
119.0000      -1698.100    -1714.347       16.247   314.2
119.2000      -1697.981    -1713.562       15.580   301.3
119.4000      -1698.678    -1714.146       15.468   299.2
119.6000      -1699.576    -1715.741       16.165   312.6
119.8000      -1698.573    -1714.655       16.082   311.0
120.0000      -1700.563    -1715.499       14.937   288.9
120.2000      -1700.457    -1715.656       15.199   294.0
120.4000      -1700.287    -1714.609       14.322   277.0
120.6000      -1700.565    -1716.039       15.473   299.3
120.8000      -1700.456    -1715.347       14.891   288.0
121.0000      -1700.623    -1715.913       15.289   295.7
121.2000      -1701.103    -1716.469       15.366   297.2
121.4000      -1701.079    -1715.866       14.787   286.0
121.6000      -1700.522    -1716.460       15.938   308.3
121.8000      -1701.235    -1716.671       15.436   298.5
122.0000      -1700.151    -1716.333       16.182   313.0
122.2000      -1699.239    -1714.732       15.493   299.6
122.4000      -1699.165    -1715.385       16.220   313.7
122.6000      -1700.543    -1715.345       14.803   286.3
122.8000      -1701.303    -1716.113       14.810   286.4
123.0000      -1700.289    -1715.725       15.436   298.6
123.2000      -1699.565    -1716.025       16.459   318.3
123.4000      -1699.149    -1714.755       15.606   301.8
123.6000      -1700.374    -1716.227       15.854   306.6
123.8000      -1699.656    -1714.990       15.334   296.6
124.0000      -1700.149    -1715.991       15.842   306.4
124.2000      -1699.110    -1715.398       16.288   315.0
124.4000      -1699.930    -1715.268       15.338   296.7
124.6000      -1701.264    -1716.735       15.471   299.2
124.8000      -1701.433    -1716.642       15.209   294.2
125.0000      -1700.702    -1715.502       14.800   286.3
125.2000      -1700.347    -1715.886       15.540   300.5
125.4000      -1699.872    -1715.433       15.561   301.0
125.6000      -1700.303    -1715.387       15.084   291.7
125.8000      -1698.870    -1714.378       15.508   299.9
126.0000      -1698.999    -1716.135       17.136   331.4
126.2000      -1697.561    -1713.658       16.097   311.3
126.4000      -1699.158    -1714.916       15.757   304.8
126.6000      -1699.454    -1714.264       14.810   286.4
126.8000      -1699.656    -1714.647       14.991   289.9
127.0000      -1698.719    -1713.972       15.253   295.0
127.2000      -1700.156    -1716.733       16.577   320.6
127.4000      -1699.717    -1715.976       16.259   314.5
127.6000      -1699.408    -1716.277       16.868   326.2
127.8000      -1698.934    -1714.869       15.935   308.2
128.0000      -1698.098    -1713.869       15.771   305.0
128.2000      -1699.211    -1715.598       16.386   316.9
128.4000      -1699.507    -1715.255       15.748   304.6
128.6000      -1699.490    -1715.148       15.658   302.8
128.8000      -1700.514    -1715.344       14.830   286.8
129.0000      -1700.073    -1715.041       14.968   289.5
129.2000      -1700.698    -1717.073       16.375   316.7
129.4000      -1700.090    -1716.031       15.940   308.3
129.6000      -1699.494    -1714.949       15.455   298.9
129.8000      -1699.536    -1714.913       15.377   297.4
130.0000      -1700.541    -1715.396       14.855   287.3
130.2000      -1699.468    -1715.194       15.726   304.1
130.4000      -1699.183    -1715.253       16.070   310.8
130.6000      -1697.504    -1714.903       17.399   336.5
130.8000      -1697.894    -1714.970       17.076   330.3
131.0000      -1698.644    -1715.368       16.724   323.5
131.2000      -1698.779    -1714.656       15.877   307.1
131.4000      -1699.591    -1714.657       15.066   291.4
131.6000      -1700.741    -1715.822       15.081   291.7
131.8000      -1700.836    -1716.127       15.291   295.8
132.0000      -1700.413    -1716.406       15.993   309.3
132.2000      -1700.249    -1716.073       15.824   306.0
132.4000      -1699.120    -1715.368       16.248   314.3
132.6000      -1699.887    -1716.103       16.215   313.6
132.8000      -1699.853    -1715.550       15.697   303.6
133.0000      -1699.013    -1715.450       16.437   317.9
133.2000      -1697.845    -1714.740       16.895   326.8
133.4000      -1699.538    -1715.776       16.237   314.0
133.6000      -1698.922    -1714.714       15.792   305.4
133.8000      -1700.143    -1715.402       15.258   295.1
134.0000      -1700.966    -1716.307       15.340   296.7
134.2000      -1701.879    -1716.916       15.037   290.8
134.4000      -1701.180    -1716.548       15.368   297.2
134.6000      -1700.444    -1715.609       15.165   293.3
134.8000      -1700.054    -1715.827       15.773   305.1
135.0000      -1698.480    -1714.261       15.781   305.2
135.2000      -1698.739    -1714.605       15.866   306.9
135.4000      -1698.670    -1715.441       16.771   324.4
135.6000      -1699.730    -1714.612       14.881   287.8
135.8000      -1700.614    -1716.010       15.397   297.8
136.0000      -1700.665    -1715.107       14.442   279.3
136.2000      -1700.862    -1716.438       15.576   301.2
136.4000      -1700.449    -1716.060       15.611   301.9
136.6000      -1699.592    -1715.571       15.979   309.0
136.8000      -1701.093    -1715.952       14.859   287.4
137.0000      -1699.609    -1716.155       16.547   320.0
137.2000      -1699.878    -1715.370       15.492   299.6
137.4000      -1700.752    -1715.783       15.031   290.7
137.6000      -1701.024    -1715.347       14.324   277.0
137.8000      -1700.863    -1716.560       15.697   303.6
138.0000      -1701.656    -1716.164       14.508   280.6
138.2000      -1700.569    -1715.397       14.828   286.8
138.4000      -1699.252    -1715.520       16.268   314.6
138.6000      -1699.481    -1714.857       15.376   297.4
138.8000      -1700.655    -1716.118       15.463   299.1
139.0000      -1700.835    -1716.248       15.413   298.1
139.2000      -1700.188    -1715.728       15.540   300.6
139.4000      -1698.751    -1714.688       15.937   308.2
139.6000      -1698.103    -1714.545       16.442   318.0
139.8000      -1699.323    -1715.300       15.976   309.0
140.0000      -1698.800    -1715.557       16.757   324.1
140.2000      -1698.703    -1715.104       16.401   317.2
140.4000      -1699.295    -1714.601       15.306   296.0
140.6000      -1698.764    -1714.974       16.210   313.5
140.8000      -1700.237    -1715.925       15.687   303.4
141.0000      -1700.213    -1715.432       15.218   294.3
141.2000      -1700.547    -1715.540       14.993   290.0
141.4000      -1700.511    -1716.179       15.668   303.0
141.6000      -1699.523    -1716.354       16.830   325.5
141.8000      -1698.905    -1715.411       16.506   319.2
142.0000      -1698.838    -1715.510       16.672   322.4
142.2000      -1698.605    -1714.547       15.943   308.3
142.4000      -1697.883    -1714.432       16.549   320.1
142.6000      -1697.542    -1714.768       17.227   333.2
142.8000      -1698.080    -1714.838       16.757   324.1
143.0000      -1699.051    -1714.892       15.841   306.4
143.2000      -1697.618    -1713.699       16.082   311.0
143.4000      -1698.913    -1715.365       16.452   318.2
143.6000      -1697.546    -1713.962       16.416   317.5
143.8000      -1698.524    -1714.662       16.138   312.1
144.0000      -1700.050    -1715.409       15.359   297.1
144.2000      -1701.172    -1716.227       15.055   291.2
144.4000      -1701.575    -1715.789       14.214   274.9
144.6000      -1701.106    -1715.358       14.253   275.7
144.8000      -1700.821    -1715.396       14.576   281.9
145.0000      -1700.406    -1715.786       15.380   297.5
145.2000      -1699.620    -1715.702       16.082   311.0
145.4000      -1699.679    -1715.101       15.422   298.3
145.6000      -1698.622    -1713.796       15.173   293.5
145.8000      -1698.254    -1714.677       16.423   317.6
146.0000      -1698.382    -1714.427       16.045   310.3
146.2000      -1700.390    -1715.625       15.235   294.7
146.4000      -1699.863    -1714.861       14.998   290.1
146.6000      -1698.655    -1715.311       16.657   322.2
146.8000      -1699.218    -1713.899       14.681   283.9
147.0000      -1699.147    -1715.255       16.108   311.5
147.2000      -1699.078    -1715.239       16.161   312.6
147.4000      -1700.461    -1715.324       14.863   287.5
147.6000      -1700.476    -1716.323       15.847   306.5
147.8000      -1701.382    -1715.884       14.502   280.5
148.0000      -1701.155    -1715.347       14.192   274.5
148.2000      -1701.111    -1716.108       14.997   290.1
148.4000      -1699.667    -1715.533       15.866   306.9
148.6000      -1698.944    -1715.860       16.916   327.2
148.8000      -1700.149    -1716.125       15.976   309.0
149.0000      -1700.602    -1715.615       15.012   290.4
149.2000      -1699.592    -1714.487       14.895   288.1
149.4000      -1700.890    -1716.058       15.169   293.4
149.6000      -1700.551    -1716.224       15.673   303.1
149.8000      -1700.194    -1714.567       14.372   278.0
150.0000      -1698.469    -1714.969       16.499   319.1
150.2000      -1699.138    -1714.049       14.911   288.4
150.4000      -1699.581    -1715.051       15.470   299.2
150.6000      -1700.596    -1715.968       15.371   297.3
150.8000      -1699.581    -1714.803       15.222   294.4
151.0000      -1700.710    -1715.825       15.115   292.3
151.2000      -1701.140    -1715.983       14.844   287.1
151.4000      -1701.055    -1716.237       15.182   293.6
151.6000      -1700.780    -1715.950       15.171   293.4
151.8000      -1700.399    -1716.356       15.957   308.6
152.0000      -1700.180    -1715.593       15.414   298.1
152.2000      -1698.905    -1714.967       16.061   310.6
152.4000      -1699.379    -1715.208       15.829   306.1
152.6000      -1701.032    -1715.164       14.132   273.3
152.8000      -1701.568    -1716.323       14.755   285.4
153.0000      -1699.564    -1716.031       16.467   318.5
153.2000      -1699.628    -1715.343       15.715   303.9
153.4000      -1698.841    -1715.148       16.307   315.4
153.6000      -1699.400    -1714.797       15.397   297.8
153.8000      -1698.429    -1714.611       16.182   313.0
154.0000      -1699.164    -1715.302       16.138   312.1
154.2000      -1699.545    -1714.826       15.281   295.5
154.4000      -1700.154    -1715.605       15.452   298.8
154.6000      -1698.822    -1713.931       15.108   292.2
154.8000      -1698.695    -1714.855       16.160   312.6
155.0000      -1699.324    -1714.610       15.286   295.6
155.2000      -1702.555    -1716.923       14.368   277.9
155.4000      -1701.536    -1715.770       14.234   275.3
155.6000      -1700.948    -1715.812       14.864   287.5
155.8000      -1701.428    -1716.434       15.007   290.2
156.0000      -1699.611    -1714.792       15.181   293.6
156.2000      -1700.396    -1714.982       14.587   282.1
156.4000      -1701.302    -1716.481       15.179   293.6
156.6000      -1701.040    -1716.169       15.129   292.6
156.8000      -1699.925    -1715.594       15.669   303.1
157.0000      -1700.905    -1716.486       15.581   301.3
157.2000      -1701.062    -1715.906       14.844   287.1
157.4000      -1701.937    -1716.825       14.887   287.9
157.6000      -1701.710    -1717.063       15.353   296.9
157.8000      -1701.447    -1716.242       14.795   286.2
158.0000      -1701.133    -1716.565       15.431   298.5
158.2000      -1701.024    -1715.054       14.030   271.3
158.4000      -1701.215    -1715.989       14.774   285.7
158.6000      -1700.851    -1716.375       15.524   300.2
158.8000      -1701.092    -1715.462       14.370   277.9
159.0000      -1701.779    -1717.080       15.301   295.9
159.2000      -1700.984    -1716.150       15.166   293.3
159.4000      -1700.915    -1715.861       14.947   289.1
159.6000      -1700.363    -1715.204       14.841   287.0
159.8000      -1699.614    -1715.259       15.644   302.6
160.0000      -1700.369    -1715.209       14.840   287.0
160.2000      -1699.654    -1715.531       15.877   307.1
160.4000      -1700.146    -1715.768       15.622   302.1
160.6000      -1699.417    -1715.337       15.920   307.9
160.8000      -1699.046    -1715.533       16.487   318.9
161.0000      -1700.035    -1715.170       15.135   292.7
161.2000      -1699.946    -1714.826       14.880   287.8
161.4000      -1699.680    -1715.001       15.321   296.3
161.6000      -1699.035    -1714.682       15.646   302.6
161.8000      -1700.255    -1715.369       15.114   292.3
162.0000      -1699.888    -1715.585       15.697   303.6
162.2000      -1699.797    -1714.617       14.820   286.6
162.4000      -1699.770    -1716.155       16.385   316.9
162.6000      -1699.524    -1715.567       16.044   310.3
162.8000      -1699.082    -1715.239       16.157   312.5
163.0000      -1699.512    -1714.878       15.366   297.2
163.2000      -1698.396    -1714.619       16.223   313.8
163.4000      -1699.536    -1714.932       15.395   297.8
163.6000      -1699.356    -1715.315       15.959   308.7
163.8000      -1699.882    -1715.262       15.380   297.5
164.0000      -1701.241    -1716.519       15.279   295.5
164.2000      -1699.168    -1715.042       15.874   307.0
164.4000      -1698.171    -1714.225       16.053   310.5
164.6000      -1698.632    -1715.147       16.516   319.4
164.8000      -1699.048    -1715.870       16.822   325.3
165.0000      -1698.889    -1715.229       16.340   316.0
165.2000      -1699.189    -1715.007       15.818   305.9
165.4000      -1699.105    -1714.679       15.574   301.2
165.6000      -1698.822    -1714.354       15.532   300.4
165.8000      -1698.605    -1715.336       16.732   323.6
166.0000      -1698.906    -1713.769       14.863   287.5
166.2000      -1700.520    -1715.990       15.471   299.2
166.4000      -1701.074    -1715.821       14.747   285.2
166.6000      -1700.083    -1716.312       16.228   313.9
166.8000      -1699.883    -1715.624       15.742   304.5
167.0000      -1701.077    -1715.971       14.894   288.1
167.2000      -1699.965    -1715.097       15.132   292.7
167.4000      -1701.219    -1716.603       15.384   297.5
167.6000      -1700.220    -1715.835       15.615   302.0
167.8000      -1700.086    -1715.630       15.544   300.6
168.0000      -1699.896    -1715.691       15.795   305.5
168.2000      -1698.742    -1714.536       15.794   305.5
168.4000      -1698.937    -1715.783       16.846   325.8
168.6000      -1699.395    -1715.236       15.841   306.4
168.8000      -1700.198    -1715.898       15.700   303.7
169.0000      -1700.392    -1715.683       15.291   295.7
169.2000      -1699.045    -1715.537       16.491   319.0
169.4000      -1698.955    -1714.242       15.287   295.7
169.6000      -1699.060    -1714.483       15.423   298.3
169.8000      -1699.228    -1714.584       15.356   297.0
170.0000      -1699.847    -1714.866       15.019   290.5
170.2000      -1700.828    -1715.693       14.865   287.5
170.4000      -1699.891    -1716.445       16.554   320.2
170.6000      -1700.679    -1716.422       15.744   304.5
170.8000      -1699.634    -1715.618       15.985   309.2
171.0000      -1700.064    -1715.125       15.060   291.3
171.2000      -1700.781    -1714.874       14.093   272.6
171.4000      -1700.059    -1715.141       15.082   291.7
171.6000      -1701.078    -1715.647       14.569   281.8
171.8000      -1700.531    -1714.740       14.209   274.8
172.0000      -1699.206    -1715.138       15.932   308.1
172.2000      -1699.643    -1715.168       15.525   300.3
172.4000      -1699.004    -1714.399       15.394   297.7
172.6000      -1698.940    -1715.164       16.224   313.8
172.8000      -1699.770    -1715.499       15.728   304.2
173.0000      -1699.768    -1714.526       14.758   285.4
173.2000      -1699.136    -1715.136       16.000   309.5
173.4000      -1698.902    -1714.397       15.495   299.7
173.6000      -1697.819    -1713.815       15.996   309.4
173.8000      -1698.911    -1714.779       15.868   306.9
174.0000      -1698.451    -1714.913       16.462   318.4
174.2000      -1698.529    -1714.577       16.048   310.4
174.4000      -1698.737    -1714.245       15.508   299.9
174.6000      -1698.877    -1714.748       15.871   307.0
174.8000      -1698.259    -1715.078       16.819   325.3
175.0000      -1698.760    -1714.524       15.764   304.9
175.2000      -1699.073    -1714.706       15.634   302.4
175.4000      -1698.480    -1714.575       16.095   311.3
175.6000      -1699.697    -1715.486       15.789   305.4
175.8000      -1699.153    -1714.646       15.493   299.7
176.0000      -1699.830    -1714.805       14.975   289.6
176.2000      -1699.497    -1715.426       15.928   308.1
176.4000      -1699.797    -1715.131       15.334   296.6
176.6000      -1700.379    -1715.685       15.306   296.0
176.8000      -1699.971    -1714.750       14.779   285.8
177.0000      -1701.262    -1715.957       14.694   284.2
177.2000      -1701.368    -1715.354       13.985   270.5
177.4000      -1700.767    -1715.574       14.807   286.4
177.6000      -1701.251    -1716.764       15.514   300.0
177.8000      -1700.369    -1715.238       14.869   287.6
178.0000      -1699.901    -1715.443       15.542   300.6
178.2000      -1699.733    -1715.133       15.400   297.9
178.4000      -1699.791    -1715.515       15.724   304.1
178.6000      -1698.436    -1714.266       15.829   306.2
178.8000      -1698.465    -1714.534       16.069   310.8
179.0000      -1699.982    -1715.795       15.813   305.8
179.2000      -1699.667    -1714.989       15.322   296.3
179.4000      -1700.438    -1715.980       15.542   300.6
179.6000      -1700.178    -1715.029       14.851   287.2
179.8000      -1699.961    -1714.797       14.836   286.9
180.0000      -1700.689    -1716.778       16.089   311.2
180.2000      -1698.982    -1714.120       15.139   292.8
180.4000      -1700.135    -1715.400       15.265   295.2
180.6000      -1700.707    -1715.884       15.178   293.6
180.8000      -1698.796    -1715.434       16.638   321.8
181.0000      -1699.655    -1715.965       16.310   315.5
181.2000      -1699.649    -1715.402       15.754   304.7
181.4000      -1700.645    -1715.115       14.471   279.9
181.6000      -1699.653    -1714.902       15.250   294.9
181.8000      -1699.501    -1714.970       15.469   299.2
182.0000      -1699.688    -1715.302       15.613   302.0
182.2000      -1699.517    -1715.856       16.339   316.0
182.4000      -1699.571    -1714.726       15.155   293.1
182.6000      -1698.197    -1713.650       15.453   298.9
182.8000      -1699.001    -1714.773       15.772   305.0
183.0000      -1700.032    -1714.964       14.932   288.8
183.2000      -1699.809    -1715.615       15.806   305.7
183.4000      -1699.253    -1715.304       16.051   310.4
183.6000      -1699.099    -1714.360       15.261   295.2
183.8000      -1699.320    -1715.194       15.874   307.0
184.0000      -1699.871    -1715.722       15.851   306.6
184.2000      -1701.346    -1716.046       14.700   284.3
184.4000      -1701.043    -1716.123       15.080   291.7
184.6000      -1700.032    -1715.286       15.254   295.0
184.8000      -1700.625    -1715.643       15.018   290.5
185.0000      -1699.080    -1715.310       16.230   313.9
185.2000      -1698.614    -1713.889       15.275   295.4
185.4000      -1699.610    -1715.120       15.511   300.0
185.6000      -1699.754    -1714.803       15.050   291.1
185.8000      -1698.974    -1715.267       16.293   315.1
186.0000      -1699.036    -1714.163       15.127   292.6
186.2000      -1700.002    -1715.729       15.726   304.2
186.4000      -1700.109    -1715.331       15.222   294.4
186.6000      -1700.397    -1715.750       15.353   296.9
186.8000      -1699.757    -1715.343       15.586   301.4
187.0000      -1700.020    -1715.983       15.963   308.7
187.2000      -1700.592    -1716.589       15.997   309.4
187.4000      -1700.165    -1715.266       15.101   292.1
187.6000      -1699.460    -1714.570       15.110   292.2
187.8000      -1699.868    -1715.099       15.231   294.6
188.0000      -1700.490    -1715.835       15.345   296.8
188.2000      -1701.101    -1715.897       14.796   286.2
188.4000      -1699.881    -1716.110       16.229   313.9
188.6000      -1700.025    -1714.777       14.752   285.3
188.8000      -1700.407    -1714.304       13.897   268.8
189.0000      -1699.755    -1715.898       16.143   312.2
189.2000      -1699.633    -1715.573       15.939   308.3
189.4000      -1699.948    -1715.107       15.159   293.2
189.6000      -1699.234    -1714.547       15.313   296.2
189.8000      -1700.530    -1715.750       15.220   294.4
190.0000      -1700.216    -1714.719       14.502   280.5
190.2000      -1699.995    -1715.917       15.922   307.9
190.4000      -1699.804    -1715.880       16.077   310.9
190.6000      -1699.128    -1715.756       16.628   321.6
190.8000      -1699.182    -1715.063       15.881   307.2
191.0000      -1699.479    -1715.297       15.819   306.0
191.2000      -1699.543    -1714.434       14.891   288.0
191.4000      -1700.391    -1716.097       15.705   303.8
191.6000      -1700.627    -1715.163       14.536   281.1
191.8000      -1699.669    -1714.829       15.159   293.2
192.0000      -1700.231    -1715.466       15.235   294.7
192.2000      -1700.171    -1715.145       14.974   289.6
192.4000      -1700.976    -1716.432       15.456   298.9
192.6000      -1701.453    -1715.971       14.518   280.8
192.8000      -1699.898    -1715.237       15.338   296.7
193.0000      -1699.250    -1715.644       16.394   317.1
193.2000      -1698.400    -1714.995       16.594   320.9
193.4000      -1700.659    -1715.995       15.336   296.6
193.6000      -1699.959    -1715.362       15.404   297.9
193.8000      -1700.548    -1715.019       14.471   279.9
194.0000      -1699.408    -1714.875       15.467   299.1
194.2000      -1699.496    -1715.296       15.800   305.6
194.4000      -1698.924    -1714.453       15.529   300.3
194.6000      -1699.477    -1714.790       15.313   296.2
194.8000      -1698.728    -1714.356       15.628   302.3
195.0000      -1699.710    -1714.835       15.126   292.5
195.2000      -1698.962    -1715.626       16.665   322.3
195.4000      -1699.082    -1714.724       15.642   302.5
195.6000      -1700.019    -1715.215       15.196   293.9
195.8000      -1698.305    -1714.344       16.039   310.2
196.0000      -1698.113    -1714.830       16.718   323.3
196.2000      -1698.902    -1714.082       15.180   293.6
196.4000      -1699.937    -1715.868       15.931   308.1
196.6000      -1698.769    -1715.522       16.753   324.0
196.8000      -1700.360    -1715.580       15.221   294.4
197.0000      -1700.016    -1714.927       14.911   288.4
197.2000      -1700.437    -1715.910       15.473   299.3
197.4000      -1701.124    -1715.888       14.763   285.5
197.6000      -1701.171    -1716.132       14.960   289.3
197.8000      -1701.192    -1715.376       14.185   274.3
198.0000      -1700.497    -1715.411       14.913   288.4
198.2000      -1700.888    -1715.254       14.366   277.9
198.4000      -1700.611    -1716.225       15.614   302.0
198.6000      -1699.421    -1715.484       16.063   310.7
198.8000      -1699.183    -1714.947       15.764   304.9
199.0000      -1699.439    -1714.986       15.546   300.7
199.2000      -1698.845    -1714.841       15.996   309.4
199.4000      -1699.510    -1715.861       16.351   316.2
199.6000      -1699.858    -1715.287       15.429   298.4
199.8000      -1698.844    -1714.892       16.048   310.4
200.0000      -1698.631    -1714.986       16.355   316.3
