Time[ps]      Etot[eV]     Epot[eV]     Ekin[eV]    T[K]
0.0000        -1688.559    -1708.061       19.502   377.2
0.2000        -1689.373    -1709.521       20.147   389.7
0.4000        -1689.294    -1709.258       19.964   386.1
0.6000        -1690.372    -1711.008       20.636   399.1
0.8000        -1690.329    -1709.854       19.525   377.6
1.0000        -1690.827    -1710.487       19.661   380.3
1.2000        -1690.596    -1709.914       19.318   373.6
1.4000        -1689.693    -1710.050       20.357   393.7
1.6000        -1687.887    -1709.350       21.463   415.1
1.8000        -1688.730    -1708.866       20.136   389.4
2.0000        -1689.958    -1710.762       20.804   402.4
2.2000        -1692.029    -1711.247       19.218   371.7
2.4000        -1692.494    -1711.978       19.484   376.8
2.6000        -1689.100    -1709.924       20.824   402.8
2.8000        -1690.508    -1710.276       19.768   382.3
3.0000        -1690.705    -1711.288       20.584   398.1
3.2000        -1689.388    -1709.791       20.403   394.6
3.4000        -1689.862    -1709.556       19.694   380.9
3.6000        -1689.070    -1709.056       19.987   386.6
3.8000        -1688.479    -1708.923       20.444   395.4
4.0000        -1687.514    -1709.321       21.807   421.8
4.2000        -1688.210    -1708.786       20.576   398.0
4.4000        -1687.451    -1709.122       21.671   419.1
4.6000        -1689.012    -1710.440       21.428   414.4
4.8000        -1689.669    -1709.807       20.138   389.5
5.0000        -1688.282    -1709.432       21.150   409.1
5.2000        -1689.204    -1709.448       20.244   391.5
5.4000        -1688.956    -1709.860       20.904   404.3
5.6000        -1688.381    -1709.549       21.168   409.4
5.8000        -1688.271    -1709.704       21.433   414.5
6.0000        -1688.413    -1709.010       20.597   398.4
6.2000        -1686.942    -1708.775       21.833   422.3
6.4000        -1687.654    -1708.281       20.627   398.9
6.6000        -1689.536    -1709.765       20.229   391.3
6.8000        -1688.395    -1709.859       21.464   415.1
7.0000        -1686.320    -1709.486       23.165   448.0
7.2000        -1688.255    -1708.754       20.499   396.5
7.4000        -1689.183    -1709.954       20.772   401.7
7.6000        -1690.068    -1710.780       20.712   400.6
7.8000        -1688.774    -1709.760       20.986   405.9
8.0000        -1688.695    -1708.778       20.083   388.4
8.2000        -1689.638    -1709.805       20.167   390.0
8.4000        -1689.229    -1709.668       20.439   395.3
8.6000        -1688.654    -1709.930       21.276   411.5
8.8000        -1687.870    -1709.838       21.969   424.9
9.0000        -1686.836    -1708.682       21.846   422.5
9.2000        -1687.594    -1709.267       21.673   419.2
9.4000        -1689.102    -1709.386       20.284   392.3
9.6000        -1688.844    -1709.849       21.005   406.3
9.8000        -1689.401    -1710.894       21.492   415.7
10.0000       -1689.066    -1710.231       21.165   409.4
10.2000       -1686.916    -1708.788       21.872   423.0
10.4000       -1689.576    -1710.084       20.508   396.6
10.6000       -1688.472    -1710.162       21.690   419.5
10.8000       -1689.120    -1710.082       20.962   405.4
11.0000       -1689.938    -1709.386       19.448   376.1
11.2000       -1690.723    -1710.350       19.627   379.6
11.4000       -1690.291    -1709.897       19.606   379.2
11.6000       -1688.714    -1710.504       21.790   421.4
11.8000       -1688.728    -1710.615       21.886   423.3
12.0000       -1688.440    -1709.681       21.241   410.8
12.2000       -1687.789    -1710.358       22.570   436.5
12.4000       -1689.461    -1710.676       21.215   410.3
12.6000       -1689.263    -1709.461       20.199   390.7
12.8000       -1688.667    -1708.839       20.172   390.1
13.0000       -1689.067    -1709.396       20.330   393.2
13.2000       -1689.676    -1709.248       19.572   378.5
13.4000       -1688.999    -1710.056       21.057   407.3
13.6000       -1690.923    -1710.074       19.151   370.4
13.8000       -1688.386    -1709.898       21.512   416.1
14.0000       -1687.372    -1709.198       21.826   422.1
14.2000       -1690.682    -1709.813       19.131   370.0
14.4000       -1692.113    -1711.145       19.032   368.1
14.6000       -1691.245    -1711.063       19.819   383.3
14.8000       -1689.344    -1710.704       21.361   413.1
15.0000       -1689.498    -1710.240       20.742   401.2
15.2000       -1690.829    -1710.180       19.351   374.3
15.4000       -1690.739    -1711.226       20.487   396.2
15.6000       -1691.411    -1710.829       19.417   375.5
15.8000       -1690.559    -1710.019       19.460   376.4
16.0000       -1689.542    -1710.525       20.983   405.8
16.2000       -1689.526    -1711.474       21.948   424.5
16.4000       -1691.170    -1710.809       19.639   379.8
16.6000       -1689.826    -1710.876       21.050   407.1
16.8000       -1691.695    -1711.221       19.526   377.7
17.0000       -1690.901    -1710.403       19.503   377.2
17.2000       -1689.091    -1709.787       20.695   400.3
17.4000       -1688.161    -1709.307       21.146   409.0
17.6000       -1688.811    -1710.110       21.298   411.9
17.8000       -1689.451    -1709.490       20.039   387.6
18.0000       -1689.138    -1709.841       20.703   400.4
18.2000       -1689.189    -1709.451       20.262   391.9
18.4000       -1689.291    -1709.956       20.665   399.7
18.6000       -1688.127    -1709.748       21.621   418.2
18.8000       -1687.303    -1708.377       21.074   407.6
19.0000       -1687.027    -1707.570       20.542   397.3
19.2000       -1687.756    -1709.162       21.406   414.0
19.4000       -1688.644    -1709.243       20.599   398.4
19.6000       -1690.033    -1710.845       20.812   402.5
19.8000       -1688.928    -1710.015       21.087   407.8
20.0000       -1690.342    -1710.398       20.056   387.9
20.2000       -1689.090    -1710.413       21.322   412.4
20.4000       -1689.915    -1710.478       20.563   397.7
20.6000       -1691.695    -1711.647       19.952   385.9
20.8000       -1690.962    -1710.750       19.787   382.7
21.0000       -1689.952    -1709.778       19.826   383.5
21.2000       -1690.712    -1710.093       19.381   374.9
21.4000       -1687.616    -1709.495       21.880   423.2
21.6000       -1689.675    -1708.562       18.887   365.3
21.8000       -1689.547    -1710.747       21.200   410.0
22.0000       -1691.190    -1709.792       18.602   359.8
22.2000       -1692.212    -1711.120       18.909   365.7
22.4000       -1690.954    -1710.597       19.644   379.9
22.6000       -1690.136    -1710.156       20.020   387.2
22.8000       -1688.592    -1709.537       20.946   405.1
23.0000       -1688.769    -1709.254       20.485   396.2
23.2000       -1689.717    -1710.283       20.566   397.8
23.4000       -1691.204    -1710.437       19.233   372.0
23.6000       -1687.845    -1709.292       21.447   414.8
23.8000       -1687.907    -1708.714       20.807   402.4
24.0000       -1688.530    -1709.175       20.644   399.3
24.2000       -1686.709    -1708.396       21.687   419.4
24.4000       -1687.879    -1708.190       20.312   392.9
24.6000       -1688.824    -1710.184       21.360   413.1
24.8000       -1689.065    -1709.412       20.347   393.5
25.0000       -1687.436    -1708.657       21.221   410.4
25.2000       -1688.889    -1709.726       20.838   403.0
25.4000       -1688.363    -1708.142       19.778   382.5
25.6000       -1688.597    -1709.583       20.986   405.9
25.8000       -1688.945    -1709.574       20.629   399.0
26.0000       -1689.346    -1709.484       20.138   389.5
26.2000       -1689.407    -1709.743       20.336   393.3
26.4000       -1689.722    -1709.750       20.028   387.4
26.6000       -1689.852    -1709.190       19.338   374.0
26.8000       -1688.013    -1709.785       21.773   421.1
27.0000       -1689.066    -1708.713       19.647   380.0
27.2000       -1688.418    -1709.802       21.384   413.6
27.4000       -1688.383    -1709.249       20.867   403.6
27.6000       -1688.262    -1708.171       19.909   385.0
27.8000       -1687.903    -1711.028       23.125   447.3
28.0000       -1688.275    -1710.402       22.127   428.0
28.2000       -1688.570    -1710.363       21.792   421.5
28.4000       -1688.565    -1710.453       21.888   423.3
28.6000       -1690.206    -1710.188       19.981   386.5
28.8000       -1689.532    -1710.399       20.867   403.6
29.0000       -1689.500    -1709.237       19.737   381.7
29.2000       -1688.605    -1709.337       20.732   401.0
29.4000       -1687.218    -1708.515       21.296   411.9
29.6000       -1686.704    -1709.592       22.887   442.7
29.8000       -1688.420    -1708.315       19.895   384.8
30.0000       -1689.549    -1710.038       20.488   396.3
30.2000       -1689.123    -1709.505       20.382   394.2
30.4000       -1688.839    -1710.191       21.352   413.0
30.6000       -1689.241    -1709.233       19.992   386.7
30.8000       -1689.233    -1709.989       20.756   401.4
31.0000       -1688.545    -1708.953       20.408   394.7
31.2000       -1688.468    -1709.405       20.937   404.9
31.4000       -1688.376    -1708.941       20.566   397.8
31.6000       -1688.582    -1709.390       20.808   402.4
31.8000       -1687.674    -1709.160       21.486   415.6
32.0000       -1687.092    -1709.351       22.259   430.5
32.2000       -1687.112    -1708.312       21.200   410.0
32.4000       -1687.401    -1709.299       21.898   423.5
32.6000       -1686.038    -1707.737       21.699   419.7
32.8000       -1688.992    -1709.339       20.347   393.5
33.0000       -1688.811    -1709.940       21.129   408.7
33.2000       -1687.412    -1708.544       21.132   408.7
33.4000       -1689.438    -1710.153       20.715   400.7
33.6000       -1687.961    -1710.029       22.068   426.8
33.8000       -1687.647    -1709.247       21.600   417.8
34.0000       -1688.380    -1708.925       20.545   397.4
34.2000       -1688.110    -1708.528       20.419   394.9
34.4000       -1687.710    -1708.696       20.986   405.9
34.6000       -1687.311    -1708.576       21.265   411.3
34.8000       -1687.225    -1708.219       20.995   406.1
35.0000       -1687.287    -1708.779       21.491   415.7
35.2000       -1687.810    -1709.884       22.075   426.9
35.4000       -1689.009    -1709.437       20.428   395.1
35.6000       -1687.746    -1708.784       21.039   406.9
35.8000       -1689.233    -1710.053       20.820   402.7
36.0000       -1689.912    -1710.156       20.244   391.5
36.2000       -1690.908    -1710.449       19.541   377.9
36.4000       -1691.147    -1710.906       19.759   382.2
36.6000       -1690.127    -1710.771       20.644   399.3
36.8000       -1690.494    -1710.597       20.102   388.8
37.0000       -1688.072    -1708.412       20.340   393.4
37.2000       -1688.774    -1709.388       20.614   398.7
37.4000       -1688.903    -1709.593       20.691   400.2
37.6000       -1687.256    -1710.198       22.943   443.7
37.8000       -1687.974    -1709.847       21.874   423.1
38.0000       -1687.476    -1709.028       21.552   416.8
38.2000       -1687.590    -1708.506       20.916   404.5
38.4000       -1686.429    -1707.810       21.381   413.5
38.6000       -1688.244    -1709.639       21.395   413.8
38.8000       -1690.021    -1710.761       20.740   401.1
39.0000       -1688.421    -1709.648       21.227   410.5
39.2000       -1688.917    -1709.796       20.879   403.8
39.4000       -1688.937    -1708.934       19.996   386.7
39.6000       -1690.540    -1710.773       20.234   391.3
39.8000       -1689.742    -1710.019       20.276   392.2
40.0000       -1689.654    -1710.418       20.764   401.6
40.2000       -1689.165    -1709.001       19.836   383.6
40.4000       -1691.070    -1711.704       20.634   399.1
40.6000       -1689.180    -1709.834       20.653   399.5
40.8000       -1688.966    -1710.368       21.402   413.9
41.0000       -1688.788    -1710.143       21.355   413.0
41.2000       -1689.052    -1709.712       20.660   399.6
41.4000       -1689.503    -1711.542       22.039   426.3
41.6000       -1689.688    -1709.947       20.259   391.8
41.8000       -1690.013    -1710.149       20.137   389.5
42.0000       -1688.995    -1710.766       21.770   421.1
42.2000       -1690.070    -1710.235       20.164   390.0
42.4000       -1690.029    -1709.949       19.920   385.3
42.6000       -1688.897    -1710.238       21.341   412.7
42.8000       -1690.019    -1710.593       20.573   397.9
43.0000       -1690.622    -1711.418       20.796   402.2
43.2000       -1689.076    -1710.104       21.028   406.7
43.4000       -1687.190    -1709.124       21.934   424.2
43.6000       -1686.049    -1709.393       23.344   451.5
43.8000       -1688.873    -1709.338       20.465   395.8
44.0000       -1687.774    -1708.526       20.753   401.4
44.2000       -1688.309    -1709.905       21.596   417.7
44.4000       -1690.319    -1711.127       20.808   402.4
44.6000       -1689.888    -1709.465       19.577   378.6
44.8000       -1689.790    -1709.826       20.036   387.5
45.0000       -1688.795    -1709.758       20.963   405.4
45.2000       -1687.906    -1710.521       22.615   437.4
45.4000       -1689.090    -1709.608       20.519   396.9
45.6000       -1690.539    -1710.238       19.699   381.0
45.8000       -1689.444    -1710.341       20.897   404.2
46.0000       -1689.449    -1710.356       20.907   404.4
46.2000       -1688.856    -1710.432       21.575   417.3
46.4000       -1689.825    -1709.418       19.593   378.9
46.6000       -1689.924    -1709.492       19.568   378.5
46.8000       -1689.331    -1709.586       20.256   391.8
47.0000       -1689.460    -1710.168       20.708   400.5
47.2000       -1689.574    -1709.430       19.856   384.0
47.4000       -1691.182    -1710.899       19.717   381.3
47.6000       -1689.937    -1709.141       19.204   371.4
47.8000       -1688.741    -1709.094       20.353   393.6
48.0000       -1687.990    -1708.950       20.960   405.4
48.2000       -1687.563    -1709.077       21.515   416.1
48.4000       -1690.349    -1710.537       20.188   390.4
48.6000       -1690.218    -1711.184       20.966   405.5
48.8000       -1690.053    -1710.037       19.984   386.5
49.0000       -1690.330    -1710.519       20.189   390.5
49.2000       -1689.604    -1709.535       19.931   385.5
49.4000       -1690.228    -1709.857       19.629   379.6
49.6000       -1689.782    -1710.830       21.048   407.1
49.8000       -1688.523    -1708.469       19.946   385.8
50.0000       -1687.940    -1708.923       20.983   405.8
50.2000       -1689.735    -1710.480       20.746   401.2
50.4000       -1690.828    -1711.430       20.602   398.5
50.6000       -1688.627    -1710.353       21.725   420.2
50.8000       -1689.404    -1711.480       22.076   427.0
51.0000       -1689.291    -1709.059       19.768   382.3
51.2000       -1689.470    -1710.093       20.622   398.9
51.4000       -1688.912    -1709.617       20.705   400.4
51.6000       -1689.862    -1709.668       19.806   383.1
51.8000       -1688.783    -1708.272       19.489   376.9
52.0000       -1688.380    -1708.847       20.468   395.9
52.2000       -1688.288    -1708.931       20.643   399.3
52.4000       -1690.868    -1709.768       18.900   365.5
52.6000       -1690.201    -1710.701       20.500   396.5
52.8000       -1690.196    -1710.997       20.801   402.3
53.0000       -1688.800    -1710.107       21.307   412.1
53.2000       -1687.819    -1709.356       21.537   416.5
53.4000       -1689.583    -1709.472       19.889   384.7
53.6000       -1690.604    -1709.576       18.973   366.9
53.8000       -1687.581    -1708.363       20.782   401.9
54.0000       -1688.628    -1709.357       20.730   400.9
54.2000       -1689.546    -1709.978       20.432   395.2
54.4000       -1689.419    -1710.326       20.907   404.4
54.6000       -1688.937    -1709.708       20.771   401.7
54.8000       -1690.183    -1710.022       19.840   383.7
55.0000       -1690.224    -1711.158       20.934   404.9
55.2000       -1690.529    -1710.060       19.531   377.7
55.4000       -1689.311    -1710.810       21.499   415.8
55.6000       -1691.611    -1711.412       19.800   383.0
55.8000       -1690.321    -1710.074       19.753   382.0
56.0000       -1689.232    -1708.814       19.582   378.7
56.2000       -1688.976    -1709.734       20.759   401.5
56.4000       -1688.685    -1709.061       20.376   394.1
56.6000       -1689.933    -1710.842       20.909   404.4
56.8000       -1689.847    -1710.639       20.792   402.1
57.0000       -1688.867    -1708.834       19.967   386.2
57.2000       -1690.235    -1710.150       19.915   385.2
57.4000       -1690.922    -1710.930       20.008   387.0
57.6000       -1689.578    -1709.363       19.785   382.7
57.8000       -1688.311    -1709.696       21.385   413.6
58.0000       -1688.827    -1709.560       20.734   401.0
58.2000       -1690.727    -1710.342       19.615   379.4
58.4000       -1690.734    -1709.947       19.213   371.6
58.6000       -1689.726    -1710.291       20.565   397.7
58.8000       -1688.581    -1710.248       21.667   419.1
59.0000       -1687.176    -1708.572       21.396   413.8
59.2000       -1686.958    -1708.656       21.698   419.6
59.4000       -1685.786    -1708.549       22.763   440.2
59.6000       -1686.640    -1707.861       21.221   410.4
59.8000       -1688.694    -1708.733       20.040   387.6
60.0000       -1689.866    -1710.101       20.236   391.4
60.2000       -1689.851    -1709.996       20.145   389.6
60.4000       -1688.374    -1709.834       21.460   415.1
60.6000       -1689.070    -1710.644       21.574   417.3
60.8000       -1688.989    -1709.272       20.283   392.3
61.0000       -1688.909    -1708.852       19.943   385.7
61.2000       -1688.680    -1708.998       20.318   393.0
61.4000       -1689.273    -1709.885       20.612   398.7
61.6000       -1689.591    -1709.376       19.785   382.7
61.8000       -1688.279    -1709.605       21.325   412.5
62.0000       -1688.948    -1710.379       21.431   414.5
62.2000       -1689.353    -1710.753       21.400   413.9
62.4000       -1691.482    -1710.797       19.315   373.6
62.6000       -1690.072    -1710.752       20.679   400.0
62.8000       -1689.680    -1710.552       20.872   403.7
63.0000       -1690.004    -1709.601       19.597   379.0
63.2000       -1690.951    -1709.749       18.797   363.6
63.4000       -1690.351    -1709.534       19.183   371.0
63.6000       -1689.821    -1710.461       20.640   399.2
63.8000       -1689.395    -1709.715       20.320   393.0
64.0000       -1688.803    -1709.930       21.127   408.6
64.2000       -1688.441    -1709.888       21.447   414.8
64.4000       -1690.971    -1710.690       19.719   381.4
64.6000       -1691.836    -1710.799       18.963   366.8
64.8000       -1690.487    -1709.899       19.412   375.5
65.0000       -1690.195    -1710.734       20.539   397.2
65.2000       -1691.058    -1710.473       19.414   375.5
65.4000       -1690.461    -1710.890       20.429   395.1
65.6000       -1690.437    -1709.869       19.433   375.8
65.8000       -1689.529    -1710.790       21.261   411.2
66.0000       -1688.793    -1710.354       21.561   417.0
66.2000       -1689.494    -1710.225       20.731   401.0
66.4000       -1688.233    -1709.191       20.958   405.4
66.6000       -1688.039    -1709.914       21.875   423.1
66.8000       -1687.128    -1709.234       22.107   427.6
67.0000       -1688.483    -1710.894       22.411   433.5
67.2000       -1689.452    -1710.404       20.952   405.2
67.4000       -1689.217    -1710.438       21.222   410.4
67.6000       -1690.396    -1709.766       19.370   374.6
67.8000       -1690.131    -1709.856       19.725   381.5
68.0000       -1690.032    -1710.580       20.548   397.4
68.2000       -1689.148    -1709.468       20.320   393.0
68.4000       -1687.110    -1709.257       22.147   428.4
68.6000       -1687.188    -1708.946       21.758   420.8
68.8000       -1687.292    -1708.259       20.967   405.5
69.0000       -1687.430    -1709.251       21.822   422.0
69.2000       -1687.196    -1708.977       21.782   421.3
69.4000       -1686.869    -1708.602       21.732   420.3
69.6000       -1688.420    -1709.615       21.195   409.9
69.8000       -1688.510    -1709.207       20.697   400.3
70.0000       -1688.160    -1709.562       21.402   413.9
70.2000       -1689.024    -1709.412       20.388   394.3
70.4000       -1687.941    -1708.286       20.345   393.5
70.6000       -1686.938    -1708.735       21.797   421.6
70.8000       -1687.386    -1708.515       21.129   408.6
71.0000       -1688.931    -1709.355       20.424   395.0
71.2000       -1690.605    -1710.149       19.544   378.0
71.4000       -1688.943    -1708.624       19.681   380.6
71.6000       -1690.705    -1710.923       20.218   391.0
71.8000       -1689.169    -1709.901       20.732   401.0
72.0000       -1689.827    -1709.963       20.136   389.5
72.2000       -1690.370    -1709.978       19.608   379.2
72.4000       -1688.756    -1710.257       21.501   415.8
72.6000       -1689.537    -1710.801       21.264   411.3
72.8000       -1687.030    -1709.680       22.650   438.1
73.0000       -1686.529    -1708.550       22.021   425.9
73.2000       -1687.857    -1709.888       22.031   426.1
73.4000       -1688.242    -1710.897       22.655   438.2
73.6000       -1687.341    -1708.280       20.940   405.0
73.8000       -1689.204    -1710.059       20.855   403.4
74.0000       -1689.230    -1709.012       19.782   382.6
74.2000       -1687.595    -1709.625       22.030   426.1
74.4000       -1689.202    -1709.674       20.472   395.9
74.6000       -1689.070    -1709.087       20.017   387.1
74.8000       -1688.148    -1708.906       20.759   401.5
75.0000       -1688.092    -1708.900       20.808   402.4
75.2000       -1689.483    -1709.541       20.057   387.9
75.4000       -1689.551    -1709.441       19.890   384.7
75.6000       -1690.298    -1709.769       19.471   376.6
75.8000       -1688.961    -1709.122       20.161   389.9
76.0000       -1688.779    -1709.077       20.298   392.6
76.2000       -1689.540    -1709.596       20.056   387.9
76.4000       -1688.958    -1709.785       20.827   402.8
76.6000       -1688.548    -1708.749       20.201   390.7
76.8000       -1687.818    -1708.220       20.403   394.6
77.0000       -1687.542    -1710.008       22.466   434.5
77.2000       -1690.046    -1711.280       21.234   410.7
77.4000       -1689.689    -1710.338       20.649   399.4
77.6000       -1689.914    -1709.472       19.558   378.3
77.8000       -1689.692    -1710.595       20.902   404.3
78.0000       -1690.679    -1711.119       20.440   395.3
78.2000       -1690.253    -1710.194       19.941   385.7
78.4000       -1691.134    -1710.841       19.708   381.2
78.6000       -1691.712    -1711.868       20.155   389.8
78.8000       -1692.053    -1711.757       19.705   381.1
79.0000       -1690.407    -1710.986       20.578   398.0
79.2000       -1689.578    -1710.202       20.624   398.9
79.4000       -1690.486    -1710.792       20.305   392.7
79.6000       -1690.131    -1711.133       21.001   406.2
79.8000       -1689.901    -1710.783       20.882   403.9
80.0000       -1689.155    -1710.474       21.319   412.3
80.2000       -1689.855    -1709.378       19.523   377.6
80.4000       -1688.594    -1709.059       20.465   395.8
80.6000       -1689.499    -1710.436       20.937   404.9
80.8000       -1688.635    -1709.594       20.959   405.4
81.0000       -1690.032    -1709.796       19.764   382.2
81.2000       -1690.284    -1711.380       21.096   408.0
81.4000       -1690.961    -1711.164       20.203   390.7
81.6000       -1690.866    -1709.906       19.040   368.3
81.8000       -1690.153    -1709.699       19.545   378.0
82.0000       -1690.105    -1709.913       19.807   383.1
82.2000       -1688.850    -1709.734       20.884   403.9
82.4000       -1689.224    -1709.804       20.579   398.0
82.6000       -1690.638    -1709.626       18.988   367.2
82.8000       -1689.628    -1710.903       21.275   411.5
83.0000       -1691.369    -1710.978       19.608   379.2
83.2000       -1691.404    -1710.525       19.120   369.8
83.4000       -1689.809    -1709.964       20.155   389.8
83.6000       -1689.768    -1709.481       19.714   381.3
83.8000       -1690.186    -1710.285       20.099   388.7
84.0000       -1692.175    -1710.929       18.754   362.7
84.2000       -1690.057    -1709.913       19.856   384.0
84.4000       -1688.613    -1709.335       20.722   400.8
84.6000       -1688.115    -1709.922       21.807   421.8
84.8000       -1688.087    -1710.227       22.140   428.2
85.0000       -1688.245    -1710.084       21.840   422.4
85.2000       -1688.002    -1709.946       21.943   424.4
85.4000       -1687.502    -1709.080       21.578   417.3
85.6000       -1686.864    -1709.747       22.883   442.6
85.8000       -1687.889    -1709.603       21.714   420.0
86.0000       -1688.019    -1709.941       21.922   424.0
86.2000       -1688.022    -1709.314       21.293   411.8
86.4000       -1687.567    -1710.075       22.509   435.3
86.6000       -1686.303    -1707.894       21.591   417.6
86.8000       -1686.860    -1708.170       21.310   412.2
87.0000       -1686.611    -1708.996       22.385   432.9
87.2000       -1688.725    -1710.402       21.677   419.2
87.4000       -1687.818    -1709.187       21.369   413.3
87.6000       -1687.372    -1710.567       23.195   448.6
87.8000       -1690.803    -1710.873       20.071   388.2
88.0000       -1691.481    -1710.891       19.410   375.4
88.2000       -1690.025    -1708.856       18.831   364.2
88.4000       -1690.339    -1711.702       21.363   413.2
88.6000       -1689.683    -1710.143       20.460   395.7
88.8000       -1689.149    -1709.482       20.333   393.3
89.0000       -1687.542    -1708.555       21.012   406.4
89.2000       -1689.767    -1709.046       19.278   372.9
89.4000       -1689.640    -1710.500       20.860   403.5
89.6000       -1688.266    -1709.595       21.329   412.5
89.8000       -1689.418    -1711.406       21.989   425.3
90.0000       -1690.122    -1710.551       20.429   395.1
90.2000       -1689.679    -1709.737       20.058   387.9
90.4000       -1690.487    -1710.219       19.733   381.7
90.6000       -1690.175    -1710.048       19.873   384.4
90.8000       -1690.731    -1710.586       19.855   384.0
91.0000       -1691.428    -1710.038       18.610   359.9
91.2000       -1691.690    -1711.172       19.483   376.8
91.4000       -1690.425    -1710.083       19.659   380.2
91.6000       -1689.598    -1710.189       20.590   398.2
91.8000       -1689.333    -1709.808       20.475   396.0
92.0000       -1691.378    -1711.161       19.783   382.6
92.2000       -1690.259    -1709.662       19.403   375.3
92.4000       -1689.223    -1708.772       19.549   378.1
92.6000       -1689.887    -1709.968       20.080   388.4
92.8000       -1691.071    -1711.822       20.751   401.3
93.0000       -1689.663    -1710.324       20.661   399.6
93.2000       -1689.905    -1709.863       19.958   386.0
93.4000       -1689.724    -1711.034       21.310   412.2
93.6000       -1690.340    -1709.770       19.430   375.8
93.8000       -1690.321    -1710.556       20.236   391.4
94.0000       -1688.760    -1710.747       21.986   425.2
94.2000       -1687.166    -1707.473       20.307   392.8
94.4000       -1688.159    -1708.866       20.708   400.5
94.6000       -1687.843    -1708.391       20.548   397.4
94.8000       -1689.057    -1710.346       21.289   411.7
95.0000       -1689.297    -1710.347       21.050   407.1
95.2000       -1689.706    -1709.424       19.718   381.4
95.4000       -1689.372    -1710.216       20.845   403.2
95.6000       -1690.053    -1710.957       20.904   404.3
95.8000       -1689.129    -1710.667       21.538   416.6
96.0000       -1688.231    -1709.027       20.797   402.2
96.2000       -1687.848    -1708.846       20.998   406.1
96.4000       -1689.689    -1711.183       21.495   415.7
96.6000       -1688.380    -1710.612       22.232   430.0
96.8000       -1688.924    -1709.014       20.090   388.6
97.0000       -1690.116    -1710.408       20.293   392.5
97.2000       -1690.039    -1710.548       20.510   396.7
97.4000       -1690.987    -1710.535       19.549   378.1
97.6000       -1690.679    -1710.979       20.300   392.6
97.8000       -1689.997    -1711.203       21.206   410.1
98.0000       -1690.976    -1711.459       20.484   396.2
98.2000       -1689.421    -1710.260       20.839   403.0
98.4000       -1689.185    -1710.372       21.187   409.8
98.6000       -1689.342    -1709.582       20.241   391.5
98.8000       -1688.820    -1709.953       21.133   408.7
99.0000       -1688.792    -1709.861       21.069   407.5
99.2000       -1689.232    -1709.447       20.215   391.0
99.4000       -1689.058    -1708.757       19.699   381.0
99.6000       -1689.782    -1710.613       20.830   402.9
99.8000       -1688.482    -1709.344       20.862   403.5
100.0000      -1686.519    -1707.979       21.461   415.1
100.2000      -1685.915    -1708.432       22.517   435.5
100.4000      -1684.961    -1708.055       23.094   446.7
100.6000      -1688.103    -1708.944       20.841   403.1
100.8000      -1687.330    -1708.586       21.256   411.1
101.0000      -1689.287    -1709.587       20.300   392.6
101.2000      -1690.539    -1711.393       20.853   403.3
101.4000      -1691.223    -1711.554       20.331   393.2
101.6000      -1690.589    -1710.632       20.044   387.7
101.8000      -1689.932    -1710.086       20.155   389.8
102.0000      -1691.233    -1711.029       19.796   382.9
102.2000      -1692.190    -1711.805       19.615   379.4
102.4000      -1692.036    -1712.115       20.079   388.3
102.6000      -1692.466    -1711.811       19.345   374.1
102.8000      -1690.769    -1712.059       21.290   411.8
103.0000      -1688.821    -1710.579       21.758   420.8
103.2000      -1690.082    -1710.638       20.556   397.6
103.4000      -1691.148    -1711.064       19.915   385.2
103.6000      -1691.279    -1710.063       18.784   363.3
103.8000      -1692.947    -1711.535       18.589   359.5
104.0000      -1691.445    -1710.659       19.214   371.6
104.2000      -1690.976    -1710.812       19.837   383.7
104.4000      -1691.451    -1710.932       19.481   376.8
104.6000      -1689.248    -1710.690       21.442   414.7
104.8000      -1688.832    -1708.319       19.487   376.9
105.0000      -1691.459    -1710.472       19.013   367.7
105.2000      -1691.571    -1711.560       19.989   386.6
105.4000      -1690.660    -1710.129       19.469   376.5
105.6000      -1690.195    -1710.816       20.620   398.8
105.8000      -1690.336    -1709.959       19.623   379.5
106.0000      -1689.313    -1710.404       21.091   407.9
106.2000      -1689.362    -1709.552       20.190   390.5
106.4000      -1689.985    -1710.480       20.495   396.4
106.6000      -1690.414    -1710.576       20.162   390.0
106.8000      -1690.188    -1710.039       19.851   383.9
107.0000      -1687.774    -1710.118       22.344   432.2
107.2000      -1687.801    -1708.576       20.775   401.8
107.4000      -1688.088    -1710.071       21.983   425.2
107.6000      -1688.846    -1709.583       20.736   401.1
107.8000      -1687.702    -1709.203       21.501   415.8
108.0000      -1689.798    -1710.365       20.567   397.8
108.2000      -1689.958    -1710.037       20.079   388.3
108.4000      -1689.394    -1709.309       19.915   385.2
108.6000      -1689.284    -1709.751       20.468   395.9
108.8000      -1689.005    -1709.882       20.877   403.8
109.0000      -1689.532    -1710.218       20.686   400.1
109.2000      -1689.042    -1710.367       21.325   412.4
109.4000      -1689.236    -1709.521       20.285   392.3
109.6000      -1689.598    -1711.297       21.699   419.7
109.8000      -1690.146    -1711.421       21.275   411.5
110.0000      -1690.681    -1710.477       19.795   382.9
110.2000      -1690.662    -1710.083       19.420   375.6
110.4000      -1688.772    -1709.809       21.037   406.9
110.6000      -1689.522    -1710.075       20.553   397.5
110.8000      -1690.839    -1709.965       19.126   369.9
111.0000      -1690.021    -1710.016       19.995   386.7
111.2000      -1691.135    -1710.478       19.343   374.1
111.4000      -1692.135    -1711.433       19.298   373.2
111.6000      -1690.759    -1711.265       20.505   396.6
111.8000      -1690.261    -1710.779       20.518   396.8
112.0000      -1690.447    -1710.355       19.908   385.0
112.2000      -1689.316    -1709.687       20.371   394.0
112.4000      -1689.285    -1710.283       20.999   406.1
112.6000      -1687.565    -1708.578       21.013   406.4
112.8000      -1687.963    -1709.094       21.131   408.7
113.0000      -1688.908    -1709.957       21.049   407.1
113.2000      -1689.392    -1710.306       20.914   404.5
113.4000      -1688.897    -1708.830       19.933   385.5
113.6000      -1689.111    -1710.118       21.007   406.3
113.8000      -1689.151    -1709.932       20.782   401.9
114.0000      -1690.321    -1710.820       20.499   396.5
114.2000      -1689.719    -1710.169       20.450   395.5
114.4000      -1688.965    -1710.564       21.599   417.7
114.6000      -1689.406    -1711.126       21.721   420.1
114.8000      -1691.315    -1710.632       19.316   373.6
115.0000      -1690.311    -1710.611       20.300   392.6
115.2000      -1690.840    -1710.382       19.541   377.9
115.4000      -1687.873    -1709.179       21.306   412.1
115.6000      -1689.426    -1710.077       20.651   399.4
115.8000      -1689.580    -1709.529       19.949   385.8
116.0000      -1688.454    -1710.291       21.837   422.3
116.2000      -1688.946    -1709.975       21.028   406.7
116.4000      -1689.827    -1709.967       20.141   389.5
116.6000      -1690.586    -1710.085       19.499   377.1
116.8000      -1690.608    -1710.502       19.894   384.8
117.0000      -1689.460    -1709.816       20.356   393.7
117.2000      -1689.102    -1709.469       20.367   393.9
117.4000      -1690.619    -1711.019       20.400   394.5
117.6000      -1689.199    -1710.320       21.121   408.5
117.8000      -1689.006    -1709.952       20.946   405.1
118.0000      -1689.563    -1709.644       20.081   388.4
118.2000      -1689.400    -1709.855       20.455   395.6
118.4000      -1689.440    -1710.919       21.478   415.4
118.6000      -1689.373    -1710.609       21.236   410.7
118.8000      -1689.671    -1708.867       19.197   371.3
119.0000      -1688.526    -1708.598       20.071   388.2
119.2000      -1688.816    -1710.409       21.593   417.6
119.4000      -1690.189    -1711.246       21.057   407.3
119.6000      -1691.032    -1710.874       19.842   383.8
119.8000      -1691.095    -1711.278       20.183   390.4
120.0000      -1690.694    -1711.217       20.523   396.9
120.2000      -1690.834    -1710.211       19.378   374.8
120.4000      -1688.634    -1709.429       20.795   402.2
120.6000      -1688.239    -1710.151       21.911   423.8
120.8000      -1688.801    -1709.980       21.180   409.6
121.0000      -1689.314    -1709.584       20.270   392.0
121.2000      -1690.424    -1710.153       19.730   381.6
121.4000      -1690.649    -1709.764       19.115   369.7
121.6000      -1689.784    -1710.163       20.378   394.1
121.8000      -1689.155    -1709.938       20.783   402.0
122.0000      -1690.026    -1710.055       20.029   387.4
122.2000      -1688.886    -1709.057       20.171   390.1
122.4000      -1689.880    -1710.966       21.087   407.8
122.6000      -1690.160    -1710.379       20.219   391.1
122.8000      -1690.043    -1710.497       20.453   395.6
123.0000      -1688.633    -1708.298       19.665   380.3
123.2000      -1688.031    -1708.575       20.544   397.3
123.4000      -1687.827    -1709.054       21.227   410.6
123.6000      -1688.450    -1708.506       20.056   387.9
123.8000      -1689.452    -1709.731       20.279   392.2
124.0000      -1689.702    -1709.673       19.971   386.3
124.2000      -1689.889    -1708.893       19.004   367.6
124.4000      -1690.959    -1710.578       19.619   379.4
124.6000      -1690.013    -1709.562       19.550   378.1
124.8000      -1689.389    -1710.439       21.050   407.1
125.0000      -1690.149    -1711.764       21.615   418.0
125.2000      -1690.334    -1709.464       19.130   370.0
125.4000      -1691.842    -1710.792       18.949   366.5
125.6000      -1691.331    -1711.046       19.716   381.3
125.8000      -1690.590    -1710.174       19.584   378.8
126.0000      -1690.597    -1710.407       19.810   383.1
126.2000      -1688.949    -1709.875       20.926   404.7
126.4000      -1688.615    -1708.520       19.905   385.0
126.6000      -1688.705    -1710.011       21.306   412.1
126.8000      -1689.387    -1709.952       20.566   397.8
127.0000      -1690.034    -1710.688       20.654   399.5
127.2000      -1690.985    -1709.664       18.678   361.3
127.4000      -1690.987    -1711.553       20.566   397.8
127.6000      -1691.875    -1710.701       18.827   364.1
127.8000      -1694.079    -1711.479       17.400   336.5
128.0000      -1692.460    -1712.241       19.780   382.6
128.2000      -1691.131    -1711.128       19.997   386.8
128.4000      -1690.022    -1709.720       19.698   381.0
128.6000      -1689.953    -1711.033       21.081   407.7
128.8000      -1689.415    -1709.066       19.651   380.1
129.0000      -1690.339    -1710.399       20.060   388.0
129.2000      -1690.091    -1710.601       20.510   396.7
129.4000      -1690.493    -1709.759       19.266   372.6
129.6000      -1690.606    -1710.616       20.010   387.0
129.8000      -1690.065    -1711.621       21.556   416.9
130.0000      -1689.235    -1710.174       20.939   405.0
130.2000      -1687.362    -1709.091       21.729   420.2
130.4000      -1686.635    -1709.234       22.599   437.1
130.6000      -1688.727    -1709.205       20.477   396.1
130.8000      -1687.901    -1708.726       20.825   402.8
131.0000      -1687.852    -1708.991       21.139   408.8
131.2000      -1687.072    -1708.898       21.826   422.1
131.4000      -1687.932    -1710.321       22.389   433.0
131.6000      -1688.942    -1709.347       20.405   394.6
131.8000      -1688.289    -1709.965       21.676   419.2
132.0000      -1689.691    -1709.580       19.889   384.7
132.2000      -1689.555    -1710.102       20.547   397.4
132.4000      -1688.410    -1708.644       20.234   391.3
132.6000      -1687.359    -1709.491       22.132   428.1
132.8000      -1687.683    -1710.137       22.454   434.3
133.0000      -1688.597    -1709.121       20.524   397.0
133.2000      -1689.613    -1710.119       20.507   396.6
133.4000      -1687.818    -1709.039       21.221   410.4
133.6000      -1689.014    -1709.601       20.587   398.2
133.8000      -1690.312    -1710.260       19.949   385.8
134.0000      -1689.892    -1710.022       20.130   389.3
134.2000      -1689.756    -1709.387       19.631   379.7
134.4000      -1690.811    -1710.129       19.318   373.6
134.6000      -1690.789    -1711.708       20.919   404.6
134.8000      -1690.057    -1711.039       20.982   405.8
135.0000      -1689.612    -1710.051       20.439   395.3
135.2000      -1689.364    -1709.123       19.759   382.2
135.4000      -1687.670    -1709.072       21.403   413.9
135.6000      -1688.881    -1709.737       20.856   403.4
135.8000      -1689.679    -1709.900       20.221   391.1
136.0000      -1690.859    -1711.034       20.175   390.2
136.2000      -1689.722    -1709.476       19.754   382.1
136.4000      -1689.871    -1710.295       20.424   395.0
136.6000      -1690.338    -1709.853       19.515   377.4
136.8000      -1689.201    -1709.775       20.575   397.9
137.0000      -1688.317    -1709.519       21.201   410.1
137.2000      -1689.895    -1709.324       19.429   375.8
137.4000      -1690.403    -1710.851       20.447   395.5
137.6000      -1690.399    -1709.874       19.475   376.7
137.8000      -1691.226    -1710.214       18.988   367.2
138.0000      -1691.177    -1710.993       19.816   383.3
138.2000      -1691.446    -1710.752       19.306   373.4
138.4000      -1689.621    -1711.193       21.572   417.2
138.6000      -1689.190    -1709.125       19.935   385.6
138.8000      -1689.918    -1709.848       19.930   385.5
139.0000      -1689.471    -1709.661       20.191   390.5
139.2000      -1689.194    -1710.068       20.874   403.7
139.4000      -1690.020    -1710.263       20.243   391.5
139.6000      -1688.438    -1710.044       21.606   417.9
139.8000      -1688.255    -1710.548       22.294   431.2
140.0000      -1688.914    -1709.696       20.782   401.9
140.2000      -1689.183    -1710.621       21.438   414.6
140.4000      -1690.110    -1710.169       20.059   388.0
140.6000      -1690.391    -1710.944       20.553   397.5
140.8000      -1689.834    -1709.878       20.045   387.7
141.0000      -1690.178    -1711.213       21.035   406.8
141.2000      -1688.010    -1710.386       22.377   432.8
141.4000      -1689.516    -1710.291       20.775   401.8
141.6000      -1689.477    -1709.319       19.842   383.8
141.8000      -1689.026    -1709.324       20.298   392.6
142.0000      -1689.370    -1709.633       20.263   391.9
142.2000      -1689.435    -1709.555       20.120   389.1
142.4000      -1690.009    -1710.618       20.608   398.6
142.6000      -1688.868    -1709.868       21.000   406.2
142.8000      -1689.439    -1710.719       21.279   411.6
143.0000      -1688.596    -1709.657       21.061   407.3
143.2000      -1687.626    -1708.850       21.225   410.5
143.4000      -1687.833    -1709.195       21.362   413.2
143.6000      -1688.166    -1709.546       21.381   413.5
143.8000      -1687.256    -1709.013       21.757   420.8
144.0000      -1689.054    -1710.077       21.023   406.6
144.2000      -1689.433    -1709.313       19.880   384.5
144.4000      -1690.053    -1710.389       20.336   393.3
144.6000      -1688.892    -1709.811       20.918   404.6
144.8000      -1690.783    -1711.124       20.340   393.4
145.0000      -1689.963    -1710.244       20.281   392.3
145.2000      -1688.842    -1708.854       20.013   387.1
145.4000      -1688.187    -1708.442       20.255   391.7
145.6000      -1688.661    -1709.510       20.849   403.2
145.8000      -1689.151    -1709.244       20.092   388.6
146.0000      -1690.891    -1710.677       19.786   382.7
146.2000      -1689.909    -1710.402       20.493   396.4
146.4000      -1689.502    -1709.584       20.082   388.4
146.6000      -1688.760    -1709.622       20.862   403.5
146.8000      -1689.165    -1710.466       21.301   412.0
147.0000      -1690.162    -1709.931       19.769   382.3
147.2000      -1690.204    -1710.037       19.832   383.6
147.4000      -1690.040    -1709.927       19.887   384.6
147.6000      -1690.033    -1710.082       20.049   387.8
147.8000      -1689.714    -1710.433       20.719   400.7
148.0000      -1689.973    -1709.272       19.298   373.2
148.2000      -1690.073    -1710.681       20.608   398.6
148.4000      -1690.711    -1710.740       20.030   387.4
148.6000      -1690.127    -1710.330       20.203   390.8
148.8000      -1690.705    -1711.344       20.639   399.2
149.0000      -1691.544    -1711.686       20.142   389.6
149.2000      -1690.597    -1710.053       19.457   376.3
149.4000      -1689.917    -1710.566       20.649   399.4
149.6000      -1690.550    -1710.049       19.499   377.1
149.8000      -1690.543    -1711.462       20.919   404.6
150.0000      -1689.216    -1710.799       21.582   417.4
150.2000      -1688.988    -1709.298       20.310   392.8
150.4000      -1690.296    -1709.529       19.233   372.0
150.6000      -1689.557    -1709.599       20.042   387.6
150.8000      -1689.079    -1710.168       21.089   407.9
151.0000      -1688.272    -1709.128       20.856   403.4
151.2000      -1687.912    -1708.890       20.978   405.7
151.4000      -1689.514    -1710.879       21.365   413.2
151.6000      -1689.997    -1711.257       21.260   411.2
151.8000      -1688.663    -1708.451       19.787   382.7
152.0000      -1690.321    -1710.372       20.050   387.8
152.2000      -1690.070    -1709.949       19.878   384.5
152.4000      -1689.941    -1709.871       19.930   385.5
152.6000      -1689.501    -1710.118       20.617   398.7
152.8000      -1689.804    -1709.931       20.126   389.3
153.0000      -1689.335    -1709.792       20.457   395.7
153.2000      -1691.086    -1710.519       19.432   375.8
153.4000      -1691.282    -1709.558       18.277   353.5
153.6000      -1688.905    -1709.486       20.581   398.1
153.8000      -1688.184    -1710.399       22.215   429.7
154.0000      -1689.082    -1709.289       20.207   390.8
154.2000      -1690.492    -1710.060       19.568   378.5
154.4000      -1688.937    -1710.609       21.672   419.1
154.6000      -1688.292    -1709.589       21.297   411.9
154.8000      -1688.660    -1708.829       20.169   390.1
155.0000      -1689.345    -1710.601       21.256   411.1
155.2000      -1688.252    -1710.002       21.750   420.7
155.4000      -1689.218    -1709.438       20.220   391.1
155.6000      -1690.453    -1709.747       19.294   373.2
155.8000      -1691.428    -1710.566       19.138   370.2
156.0000      -1690.379    -1710.961       20.582   398.1
156.2000      -1689.820    -1711.112       21.291   411.8
156.4000      -1689.619    -1710.106       20.487   396.2
156.6000      -1689.778    -1710.458       20.680   400.0
156.8000      -1690.508    -1711.391       20.883   403.9
157.0000      -1688.132    -1710.093       21.961   424.8
157.2000      -1686.739    -1709.283       22.544   436.0
157.4000      -1687.632    -1708.173       20.542   397.3
157.6000      -1686.769    -1708.110       21.341   412.8
157.8000      -1686.843    -1707.831       20.989   405.9
158.0000      -1687.898    -1710.051       22.153   428.5
158.2000      -1687.655    -1708.636       20.981   405.8
158.4000      -1687.641    -1710.111       22.471   434.6
158.6000      -1688.221    -1709.543       21.322   412.4
158.8000      -1689.055    -1710.061       21.006   406.3
159.0000      -1689.864    -1710.140       20.276   392.1
159.2000      -1689.229    -1710.197       20.967   405.5
159.4000      -1688.767    -1710.312       21.545   416.7
159.6000      -1688.555    -1709.604       21.049   407.1
159.8000      -1688.061    -1709.670       21.610   418.0
160.0000      -1689.380    -1709.875       20.495   396.4
160.2000      -1691.166    -1709.117       17.951   347.2
160.4000      -1689.766    -1709.868       20.102   388.8
160.6000      -1689.882    -1709.723       19.841   383.7
160.8000      -1688.413    -1709.043       20.630   399.0
161.0000      -1689.485    -1709.558       20.072   388.2
161.2000      -1689.154    -1709.198       20.045   387.7
161.4000      -1688.397    -1709.158       20.761   401.5
161.6000      -1688.281    -1709.234       20.953   405.2
161.8000      -1687.719    -1708.993       21.274   411.5
162.0000      -1686.930    -1709.047       22.117   427.8
162.2000      -1689.164    -1708.755       19.591   378.9
162.4000      -1689.735    -1710.351       20.616   398.7
162.6000      -1689.094    -1710.089       20.995   406.1
162.8000      -1687.268    -1708.468       21.199   410.0
163.0000      -1688.420    -1709.819       21.399   413.9
163.2000      -1688.399    -1708.058       19.658   380.2
163.4000      -1688.658    -1708.440       19.783   382.6
163.6000      -1688.339    -1709.302       20.963   405.4
163.8000      -1688.429    -1709.928       21.499   415.8
164.0000      -1687.938    -1708.676       20.739   401.1
164.2000      -1686.707    -1707.658       20.951   405.2
164.4000      -1687.229    -1710.041       22.812   441.2
164.6000      -1687.997    -1709.738       21.741   420.5
164.8000      -1686.868    -1708.047       21.179   409.6
165.0000      -1686.455    -1707.817       21.362   413.2
165.2000      -1688.329    -1709.440       21.111   408.3
165.4000      -1687.290    -1708.875       21.585   417.5
165.6000      -1687.757    -1709.704       21.947   424.5
165.8000      -1689.329    -1709.757       20.428   395.1
166.0000      -1688.622    -1710.537       21.915   423.9
166.2000      -1689.233    -1709.183       19.949   385.8
166.4000      -1688.261    -1709.013       20.752   401.4
166.6000      -1688.709    -1710.084       21.376   413.4
166.8000      -1689.630    -1710.490       20.860   403.4
167.0000      -1689.805    -1710.767       20.963   405.4
167.2000      -1691.045    -1710.725       19.680   380.6
167.4000      -1688.476    -1710.969       22.493   435.0
167.6000      -1689.055    -1708.913       19.858   384.1
167.8000      -1690.119    -1711.459       21.341   412.7
168.0000      -1690.080    -1710.552       20.471   395.9
168.2000      -1687.873    -1708.539       20.666   399.7
168.4000      -1689.688    -1710.604       20.916   404.5
168.6000      -1688.660    -1709.334       20.674   399.9
168.8000      -1689.490    -1709.452       19.962   386.1
169.0000      -1688.907    -1709.146       20.239   391.4
169.2000      -1688.362    -1709.569       21.207   410.2
169.4000      -1690.365    -1710.811       20.446   395.4
169.6000      -1690.667    -1708.968       18.301   354.0
169.8000      -1690.075    -1710.079       20.004   386.9
170.0000      -1688.803    -1708.923       20.119   389.1
170.2000      -1688.267    -1708.150       19.883   384.6
170.4000      -1688.772    -1709.188       20.415   394.8
170.6000      -1689.003    -1709.958       20.955   405.3
170.8000      -1686.585    -1708.706       22.120   427.8
171.0000      -1685.771    -1707.961       22.190   429.2
171.2000      -1684.650    -1707.007       22.357   432.4
171.4000      -1687.167    -1707.782       20.615   398.7
171.6000      -1687.620    -1708.115       20.496   396.4
171.8000      -1687.161    -1708.565       21.404   414.0
172.0000      -1687.652    -1710.078       22.426   433.7
172.2000      -1688.529    -1709.510       20.981   405.8
172.4000      -1688.252    -1709.525       21.273   411.4
172.6000      -1686.829    -1708.766       21.937   424.3
172.8000      -1687.701    -1710.407       22.706   439.2
173.0000      -1688.733    -1709.649       20.916   404.5
173.2000      -1689.936    -1710.468       20.531   397.1
173.4000      -1690.785    -1710.046       19.261   372.5
173.6000      -1691.057    -1711.567       20.510   396.7
173.8000      -1690.623    -1710.595       19.973   386.3
174.0000      -1691.249    -1711.649       20.401   394.6
174.2000      -1691.367    -1711.206       19.839   383.7
174.4000      -1690.067    -1710.053       19.986   386.5
174.6000      -1690.299    -1711.315       21.016   406.5
174.8000      -1690.868    -1710.162       19.294   373.2
175.0000      -1689.839    -1711.395       21.555   416.9
175.2000      -1688.395    -1709.561       21.166   409.4
175.4000      -1688.247    -1709.697       21.450   414.9
175.6000      -1688.203    -1710.055       21.852   422.6
175.8000      -1688.814    -1709.213       20.400   394.6
176.0000      -1689.705    -1709.963       20.258   391.8
176.2000      -1691.101    -1710.326       19.225   371.8
176.4000      -1689.757    -1712.028       22.271   430.7
176.6000      -1688.935    -1711.110       22.175   428.9
176.8000      -1690.686    -1710.575       19.889   384.7
177.0000      -1690.061    -1709.691       19.630   379.7
177.2000      -1690.539    -1710.177       19.639   379.8
177.4000      -1690.121    -1710.167       20.047   387.7
177.6000      -1690.323    -1709.900       19.577   378.6
177.8000      -1689.100    -1709.836       20.736   401.0
178.0000      -1689.406    -1711.131       21.725   420.2
178.2000      -1688.876    -1709.698       20.821   402.7
178.4000      -1688.109    -1708.937       20.827   402.8
178.6000      -1687.597    -1708.582       20.985   405.9
178.8000      -1687.567    -1709.271       21.704   419.8
179.0000      -1689.546    -1710.142       20.596   398.3
179.2000      -1689.669    -1710.289       20.620   398.8
179.4000      -1689.889    -1708.762       18.872   365.0
179.6000      -1691.492    -1710.229       18.736   362.4
179.8000      -1689.978    -1710.765       20.787   402.0
180.0000      -1691.358    -1712.053       20.695   400.3
180.2000      -1688.671    -1710.170       21.499   415.8
180.4000      -1688.106    -1709.318       21.212   410.3
180.6000      -1687.630    -1708.755       21.126   408.6
180.8000      -1688.550    -1709.786       21.236   410.7
181.0000      -1688.304    -1709.745       21.440   414.7
181.2000      -1688.861    -1709.220       20.359   393.8
181.4000      -1688.740    -1710.304       21.564   417.1
181.6000      -1689.767    -1710.354       20.587   398.2
181.8000      -1689.584    -1709.423       19.839   383.7
182.0000      -1689.098    -1709.420       20.323   393.1
182.2000      -1688.714    -1708.696       19.983   386.5
182.4000      -1689.947    -1710.030       20.084   388.4
182.6000      -1689.477    -1710.242       20.765   401.6
182.8000      -1688.171    -1710.155       21.984   425.2
183.0000      -1687.430    -1708.855       21.424   414.4
183.2000      -1687.244    -1708.028       20.784   402.0
183.4000      -1689.525    -1710.512       20.987   405.9
183.6000      -1688.222    -1709.285       21.063   407.4
183.8000      -1688.537    -1709.648       21.111   408.3
184.0000      -1688.489    -1710.102       21.613   418.0
184.2000      -1688.724    -1709.931       21.207   410.2
184.4000      -1688.548    -1710.269       21.720   420.1
184.6000      -1688.617    -1708.047       19.429   375.8
184.8000      -1688.821    -1709.742       20.921   404.6
185.0000      -1689.309    -1710.405       21.097   408.0
185.2000      -1689.179    -1710.705       21.525   416.3
185.4000      -1688.364    -1709.202       20.838   403.0
185.6000      -1690.345    -1709.974       19.629   379.6
185.8000      -1690.979    -1710.256       19.277   372.8
186.0000      -1690.786    -1710.667       19.881   384.5
186.2000      -1689.490    -1709.349       19.858   384.1
186.4000      -1689.079    -1710.446       21.366   413.2
186.6000      -1687.966    -1709.088       21.122   408.5
186.8000      -1690.757    -1710.570       19.812   383.2
187.0000      -1688.856    -1709.716       20.861   403.5
187.2000      -1690.053    -1709.234       19.181   371.0
187.4000      -1691.589    -1711.926       20.337   393.3
187.6000      -1691.255    -1709.955       18.700   361.7
187.8000      -1688.867    -1709.224       20.356   393.7
188.0000      -1688.014    -1709.266       21.251   411.0
188.2000      -1689.580    -1710.326       20.746   401.2
188.4000      -1689.502    -1710.047       20.545   397.4
188.6000      -1690.481    -1710.806       20.325   393.1
188.8000      -1690.089    -1710.612       20.523   396.9
189.0000      -1689.692    -1710.408       20.716   400.7
189.2000      -1690.314    -1710.218       19.904   385.0
189.4000      -1691.838    -1710.407       18.570   359.2
189.6000      -1692.311    -1711.498       19.187   371.1
189.8000      -1692.744    -1711.929       19.186   371.1
190.0000      -1691.218    -1711.321       20.103   388.8
190.2000      -1690.426    -1711.165       20.739   401.1
190.4000      -1690.065    -1710.443       20.378   394.1
190.6000      -1689.413    -1709.237       19.824   383.4
190.8000      -1688.816    -1709.024       20.209   390.8
191.0000      -1687.504    -1708.435       20.930   404.8
191.2000      -1687.207    -1709.417       22.210   429.6
191.4000      -1686.966    -1709.514       22.548   436.1
191.6000      -1687.590    -1709.230       21.641   418.5
191.8000      -1687.787    -1710.258       22.471   434.6
192.0000      -1688.780    -1709.603       20.823   402.7
192.2000      -1688.946    -1710.331       21.386   413.6
192.4000      -1686.943    -1708.883       21.940   424.3
192.6000      -1687.657    -1707.930       20.273   392.1
192.8000      -1688.860    -1710.134       21.274   411.5
193.0000      -1688.085    -1709.136       21.051   407.2
193.2000      -1687.062    -1708.667       21.604   417.8
193.4000      -1687.010    -1708.891       21.882   423.2
193.6000      -1688.887    -1710.658       21.771   421.1
193.8000      -1689.960    -1710.826       20.866   403.6
194.0000      -1689.948    -1711.389       21.441   414.7
194.2000      -1689.877    -1710.831       20.955   405.3
194.4000      -1687.702    -1708.716       21.014   406.4
194.6000      -1689.501    -1710.169       20.667   399.7
194.8000      -1689.587    -1709.474       19.887   384.6
195.0000      -1689.118    -1709.954       20.836   403.0
195.2000      -1689.745    -1709.887       20.143   389.6
195.4000      -1689.512    -1710.580       21.068   407.5
195.6000      -1688.532    -1710.161       21.629   418.3
195.8000      -1689.718    -1710.924       21.206   410.1
196.0000      -1687.487    -1708.623       21.136   408.8
196.2000      -1689.169    -1709.697       20.528   397.0
196.4000      -1687.003    -1707.159       20.156   389.8
196.6000      -1686.925    -1709.717       22.792   440.8
196.8000      -1686.240    -1709.220       22.980   444.4
197.0000      -1687.004    -1708.213       21.209   410.2
197.2000      -1688.049    -1708.232       20.183   390.4
197.4000      -1689.040    -1710.347       21.308   412.1
197.6000      -1689.985    -1709.377       19.392   375.1
197.8000      -1689.943    -1710.044       20.101   388.8
198.0000      -1691.476    -1710.058       18.582   359.4
198.2000      -1690.859    -1710.434       19.575   378.6
198.4000      -1690.200    -1709.719       19.518   377.5
198.6000      -1688.632    -1709.505       20.874   403.7
198.8000      -1689.386    -1709.655       20.269   392.0
199.0000      -1688.813    -1709.124       20.312   392.8
199.2000      -1687.812    -1708.848       21.036   406.9
199.4000      -1688.981    -1709.821       20.841   403.1
199.6000      -1690.115    -1710.049       19.934   385.5
199.8000      -1689.058    -1710.346       21.288   411.7
200.0000      -1690.300    -1710.518       20.218   391.0
