Time[ps]      Etot[eV]     Epot[eV]     Ekin[eV]    T[K]
0.0000        -1677.485    -1702.588       25.104   485.5
0.2000        -1677.619    -1701.395       23.776   459.9
0.4000        -1677.342    -1704.484       27.142   525.0
0.6000        -1679.676    -1705.825       26.149   505.7
0.8000        -1678.818    -1705.258       26.441   511.4
1.0000        -1677.854    -1703.161       25.307   489.5
1.2000        -1676.949    -1703.039       26.090   504.6
1.4000        -1677.251    -1704.098       26.847   519.2
1.6000        -1677.514    -1704.048       26.534   513.2
1.8000        -1679.964    -1706.345       26.381   510.2
2.0000        -1680.346    -1705.598       25.252   488.4
2.2000        -1680.206    -1704.985       24.779   479.2
2.4000        -1678.874    -1704.569       25.694   497.0
2.6000        -1679.593    -1705.065       25.472   492.7
2.8000        -1678.237    -1703.525       25.288   489.1
3.0000        -1678.972    -1704.435       25.463   492.5
3.2000        -1679.674    -1704.605       24.931   482.2
3.4000        -1677.527    -1703.449       25.923   501.4
3.6000        -1678.227    -1705.330       27.103   524.2
3.8000        -1677.541    -1703.407       25.866   500.3
4.0000        -1676.812    -1702.478       25.666   496.4
4.2000        -1678.228    -1705.462       27.235   526.7
4.4000        -1677.957    -1705.132       27.174   525.6
4.6000        -1678.502    -1704.258       25.755   498.1
4.8000        -1678.099    -1704.187       26.087   504.6
5.0000        -1678.963    -1705.041       26.078   504.4
5.2000        -1678.611    -1703.739       25.128   486.0
5.4000        -1678.308    -1706.171       27.863   538.9
5.6000        -1677.520    -1704.590       27.069   523.5
5.8000        -1679.836    -1706.183       26.346   509.6
6.0000        -1678.266    -1704.883       26.616   514.8
6.2000        -1677.403    -1702.762       25.358   490.5
6.4000        -1678.306    -1703.651       25.345   490.2
6.6000        -1677.077    -1703.307       26.230   507.3
6.8000        -1677.426    -1704.283       26.857   519.4
7.0000        -1678.705    -1705.128       26.423   511.1
7.2000        -1678.057    -1703.760       25.703   497.1
7.4000        -1677.374    -1702.961       25.586   494.9
7.6000        -1677.873    -1704.482       26.609   514.6
7.8000        -1678.689    -1704.642       25.953   501.9
8.0000        -1679.704    -1705.322       25.617   495.5
8.2000        -1679.427    -1704.745       25.319   489.7
8.4000        -1679.025    -1703.315       24.290   469.8
8.6000        -1679.493    -1704.691       25.198   487.3
8.8000        -1679.614    -1705.127       25.513   493.4
9.0000        -1679.751    -1704.917       25.166   486.7
9.2000        -1679.097    -1705.147       26.050   503.8
9.4000        -1680.872    -1705.293       24.421   472.3
9.6000        -1677.678    -1704.286       26.608   514.6
9.8000        -1678.375    -1703.774       25.400   491.2
10.0000       -1678.022    -1703.984       25.962   502.1
10.2000       -1674.744    -1702.563       27.819   538.0
10.4000       -1676.169    -1703.291       27.122   524.6
10.6000       -1677.763    -1703.172       25.409   491.4
10.8000       -1677.125    -1704.958       27.832   538.3
11.0000       -1676.577    -1704.914       28.337   548.1
11.2000       -1676.869    -1703.328       26.459   511.7
11.4000       -1677.581    -1704.807       27.226   526.6
11.6000       -1677.918    -1704.825       26.907   520.4
11.8000       -1679.635    -1704.308       24.673   477.2
12.0000       -1681.307    -1705.527       24.221   468.4
12.2000       -1681.066    -1705.957       24.890   481.4
12.4000       -1680.942    -1704.619       23.677   457.9
12.6000       -1682.564    -1706.654       24.090   465.9
12.8000       -1680.259    -1705.385       25.126   486.0
13.0000       -1679.484    -1704.929       25.444   492.1
13.2000       -1677.462    -1703.610       26.148   505.7
13.4000       -1678.879    -1702.751       23.872   461.7
13.6000       -1677.062    -1703.762       26.699   516.4
13.8000       -1677.892    -1705.229       27.337   528.7
14.0000       -1677.487    -1704.914       27.427   530.5
14.2000       -1676.911    -1704.423       27.511   532.1
14.4000       -1677.848    -1704.733       26.885   520.0
14.6000       -1677.728    -1704.568       26.840   519.1
14.8000       -1677.019    -1702.628       25.609   495.3
15.0000       -1678.449    -1703.962       25.514   493.5
15.2000       -1677.676    -1703.234       25.558   494.3
15.4000       -1678.311    -1704.797       26.486   512.3
15.6000       -1678.219    -1703.999       25.780   498.6
15.8000       -1678.881    -1706.307       27.426   530.4
16.0000       -1679.619    -1704.361       24.743   478.5
16.2000       -1677.646    -1706.260       28.614   553.4
16.4000       -1677.770    -1704.362       26.593   514.3
16.6000       -1676.739    -1703.083       26.345   509.5
16.8000       -1678.746    -1704.454       25.708   497.2
17.0000       -1678.582    -1703.615       25.033   484.2
17.2000       -1678.771    -1704.573       25.802   499.0
17.4000       -1678.295    -1703.166       24.871   481.0
17.6000       -1681.229    -1705.698       24.469   473.3
17.8000       -1679.737    -1705.527       25.790   498.8
18.0000       -1679.125    -1704.626       25.500   493.2
18.2000       -1678.251    -1703.958       25.708   497.2
18.4000       -1679.640    -1704.949       25.309   489.5
18.6000       -1678.603    -1703.786       25.183   487.1
18.8000       -1677.943    -1704.177       26.233   507.4
19.0000       -1680.304    -1705.529       25.225   487.9
19.2000       -1678.267    -1704.893       26.627   515.0
19.4000       -1679.049    -1704.041       24.992   483.4
19.6000       -1678.860    -1705.497       26.637   515.2
19.8000       -1678.763    -1703.668       24.905   481.7
20.0000       -1678.606    -1706.239       27.633   534.4
20.2000       -1678.053    -1703.977       25.924   501.4
20.4000       -1678.581    -1704.752       26.171   506.2
20.6000       -1679.250    -1704.984       25.734   497.7
20.8000       -1680.319    -1705.828       25.509   493.4
21.0000       -1678.686    -1703.058       24.372   471.4
21.2000       -1678.866    -1703.375       24.509   474.0
21.4000       -1678.154    -1703.921       25.767   498.4
21.6000       -1677.958    -1704.375       26.417   510.9
21.8000       -1676.416    -1702.745       26.329   509.2
22.0000       -1677.383    -1703.690       26.306   508.8
22.2000       -1679.885    -1704.645       24.759   478.9
22.4000       -1677.407    -1702.955       25.547   494.1
22.6000       -1677.631    -1703.799       26.168   506.1
22.8000       -1679.318    -1704.351       25.032   484.1
23.0000       -1678.543    -1702.948       24.404   472.0
23.2000       -1677.571    -1704.024       26.453   511.6
23.4000       -1676.277    -1703.309       27.033   522.8
23.6000       -1676.188    -1702.580       26.392   510.4
23.8000       -1677.005    -1704.720       27.715   536.0
24.0000       -1678.215    -1704.171       25.955   502.0
24.2000       -1676.668    -1702.945       26.278   508.2
24.4000       -1673.665    -1701.930       28.265   546.7
24.6000       -1675.200    -1702.179       26.979   521.8
24.8000       -1676.356    -1704.304       27.948   540.5
25.0000       -1677.276    -1704.704       27.428   530.5
25.2000       -1677.842    -1704.251       26.410   510.8
25.4000       -1678.397    -1705.412       27.015   522.5
25.6000       -1676.500    -1703.780       27.280   527.6
25.8000       -1678.380    -1704.639       26.259   507.9
26.0000       -1679.110    -1704.343       25.233   488.0
26.2000       -1680.036    -1705.127       25.091   485.3
26.4000       -1679.820    -1704.472       24.652   476.8
26.6000       -1679.233    -1705.397       26.164   506.0
26.8000       -1678.028    -1703.189       25.161   486.6
27.0000       -1679.372    -1704.271       24.900   481.6
27.2000       -1677.232    -1702.936       25.703   497.1
27.4000       -1677.684    -1704.096       26.412   510.8
27.6000       -1679.009    -1704.544       25.536   493.9
27.8000       -1677.961    -1703.704       25.744   497.9
28.0000       -1675.293    -1701.440       26.148   505.7
28.2000       -1676.725    -1703.654       26.928   520.8
28.4000       -1676.198    -1702.259       26.061   504.0
28.6000       -1677.866    -1703.156       25.290   489.1
28.8000       -1678.950    -1704.288       25.338   490.1
29.0000       -1678.903    -1705.224       26.321   509.1
29.2000       -1679.256    -1704.463       25.207   487.5
29.4000       -1678.626    -1704.074       25.448   492.2
29.6000       -1677.675    -1706.555       28.881   558.6
29.8000       -1676.012    -1703.445       27.433   530.6
30.0000       -1674.946    -1703.498       28.552   552.2
30.2000       -1676.662    -1702.656       25.994   502.8
30.4000       -1679.048    -1704.775       25.728   497.6
30.6000       -1677.623    -1704.606       26.983   521.9
30.8000       -1677.025    -1702.776       25.751   498.0
31.0000       -1675.418    -1701.131       25.713   497.3
31.2000       -1675.138    -1701.678       26.540   513.3
31.4000       -1675.673    -1702.761       27.088   523.9
31.6000       -1674.764    -1700.931       26.167   506.1
31.8000       -1675.799    -1702.682       26.883   519.9
32.0000       -1676.181    -1703.060       26.879   519.9
32.2000       -1677.024    -1703.851       26.827   518.9
32.4000       -1675.737    -1702.517       26.780   517.9
32.6000       -1677.703    -1704.465       26.762   517.6
32.8000       -1677.226    -1703.659       26.432   511.2
33.0000       -1677.553    -1702.604       25.050   484.5
33.2000       -1677.059    -1703.645       26.586   514.2
33.4000       -1674.924    -1702.029       27.105   524.2
33.6000       -1675.365    -1701.918       26.553   513.6
33.8000       -1676.763    -1703.826       27.062   523.4
34.0000       -1675.569    -1703.475       27.906   539.7
34.2000       -1677.122    -1703.957       26.836   519.0
34.4000       -1678.414    -1704.755       26.342   509.5
34.6000       -1678.572    -1704.290       25.718   497.4
34.8000       -1678.009    -1704.703       26.694   516.3
35.0000       -1678.672    -1704.546       25.874   500.4
35.2000       -1678.966    -1705.196       26.230   507.3
35.4000       -1677.481    -1704.271       26.790   518.1
35.6000       -1680.056    -1705.108       25.052   484.5
35.8000       -1679.588    -1704.197       24.609   476.0
36.0000       -1679.531    -1705.857       26.326   509.2
36.2000       -1678.378    -1704.329       25.951   501.9
36.4000       -1679.318    -1704.208       24.890   481.4
36.6000       -1679.059    -1704.810       25.751   498.0
36.8000       -1679.209    -1704.795       25.586   494.9
37.0000       -1680.571    -1705.984       25.413   491.5
37.2000       -1678.830    -1704.697       25.866   500.3
37.4000       -1678.832    -1704.918       26.086   504.5
37.6000       -1679.119    -1704.765       25.646   496.0
37.8000       -1681.131    -1705.901       24.770   479.1
38.0000       -1678.584    -1705.355       26.771   517.8
38.2000       -1676.148    -1702.902       26.754   517.4
38.4000       -1678.443    -1703.623       25.179   487.0
38.6000       -1679.887    -1706.280       26.392   510.4
38.8000       -1677.630    -1704.403       26.773   517.8
39.0000       -1678.608    -1703.756       25.148   486.4
39.2000       -1678.224    -1704.570       26.346   509.6
39.4000       -1679.243    -1704.503       25.260   488.6
39.6000       -1677.731    -1702.226       24.495   473.8
39.8000       -1678.926    -1703.613       24.687   477.5
40.0000       -1679.467    -1704.485       25.017   483.9
40.2000       -1680.489    -1705.020       24.531   474.4
40.4000       -1681.013    -1706.309       25.296   489.2
40.6000       -1679.126    -1703.257       24.131   466.7
40.8000       -1677.928    -1703.761       25.833   499.6
41.0000       -1677.827    -1702.979       25.152   486.5
41.2000       -1676.464    -1703.441       26.977   521.8
41.4000       -1678.991    -1704.594       25.602   495.2
41.6000       -1676.394    -1703.879       27.485   531.6
41.8000       -1678.785    -1705.150       26.365   509.9
42.0000       -1678.990    -1703.929       24.939   482.4
42.2000       -1678.779    -1703.767       24.988   483.3
42.4000       -1677.932    -1703.857       25.926   501.4
42.6000       -1679.691    -1704.831       25.140   486.2
42.8000       -1680.632    -1706.432       25.799   499.0
43.0000       -1679.887    -1705.001       25.114   485.7
43.2000       -1681.085    -1706.025       24.940   482.4
43.4000       -1680.487    -1705.176       24.688   477.5
43.6000       -1680.497    -1705.612       25.116   485.8
43.8000       -1680.441    -1704.398       23.957   463.4
44.0000       -1679.424    -1704.375       24.950   482.6
44.2000       -1679.460    -1704.802       25.342   490.1
44.4000       -1678.033    -1704.053       26.020   503.2
44.6000       -1676.912    -1703.133       26.221   507.1
44.8000       -1677.537    -1703.799       26.262   507.9
45.0000       -1677.402    -1704.428       27.027   522.7
45.2000       -1676.519    -1702.666       26.148   505.7
45.4000       -1679.763    -1705.370       25.607   495.3
45.6000       -1677.228    -1703.975       26.747   517.3
45.8000       -1675.995    -1703.823       27.829   538.2
46.0000       -1676.657    -1703.062       26.405   510.7
46.2000       -1677.682    -1703.547       25.865   500.2
46.4000       -1676.262    -1702.924       26.662   515.7
46.6000       -1674.956    -1702.724       27.768   537.1
46.8000       -1677.646    -1703.816       26.170   506.2
47.0000       -1676.284    -1703.877       27.593   533.7
47.2000       -1677.753    -1703.663       25.910   501.1
47.4000       -1677.324    -1704.243       26.920   520.6
47.6000       -1678.595    -1704.583       25.988   502.6
47.8000       -1677.056    -1704.891       27.834   538.3
48.0000       -1677.204    -1704.302       27.098   524.1
48.2000       -1678.313    -1703.819       25.507   493.3
48.4000       -1678.344    -1704.602       26.258   507.8
48.6000       -1677.623    -1705.305       27.682   535.4
48.8000       -1679.226    -1705.979       26.754   517.4
49.0000       -1677.596    -1704.333       26.736   517.1
49.2000       -1676.937    -1703.318       26.380   510.2
49.4000       -1679.511    -1705.145       25.634   495.8
49.6000       -1677.295    -1704.936       27.641   534.6
49.8000       -1676.749    -1702.677       25.927   501.5
50.0000       -1677.299    -1703.720       26.421   511.0
50.2000       -1677.485    -1703.823       26.338   509.4
50.4000       -1678.908    -1704.416       25.508   493.4
50.6000       -1679.350    -1704.563       25.213   487.6
50.8000       -1680.125    -1704.025       23.900   462.2
51.0000       -1679.411    -1704.478       25.067   484.8
51.2000       -1680.333    -1704.557       24.224   468.5
51.4000       -1680.678    -1703.744       23.066   446.1
51.6000       -1680.688    -1705.129       24.441   472.7
51.8000       -1679.926    -1704.867       24.941   482.4
52.0000       -1678.204    -1703.395       25.191   487.2
52.2000       -1677.512    -1704.214       26.702   516.4
52.4000       -1676.501    -1702.717       26.216   507.0
52.6000       -1678.202    -1704.293       26.091   504.6
52.8000       -1679.662    -1704.716       25.053   484.6
53.0000       -1678.529    -1705.132       26.603   514.5
53.2000       -1679.420    -1705.434       26.014   503.1
53.4000       -1679.513    -1704.716       25.202   487.4
53.6000       -1677.757    -1704.527       26.770   517.8
53.8000       -1676.809    -1704.697       27.888   539.4
54.0000       -1677.249    -1704.105       26.857   519.4
54.2000       -1677.342    -1703.631       26.289   508.5
54.4000       -1678.255    -1704.609       26.354   509.7
54.6000       -1678.737    -1705.020       26.283   508.3
54.8000       -1678.976    -1703.643       24.667   477.1
55.0000       -1678.587    -1705.177       26.590   514.3
55.2000       -1679.215    -1703.680       24.464   473.2
55.4000       -1678.211    -1704.360       26.149   505.7
55.6000       -1677.838    -1704.096       26.258   507.9
55.8000       -1679.140    -1704.491       25.351   490.3
56.0000       -1678.770    -1704.485       25.715   497.3
56.2000       -1677.836    -1703.948       26.113   505.0
56.4000       -1677.490    -1702.354       24.864   480.9
56.6000       -1677.550    -1704.115       26.565   513.8
56.8000       -1675.779    -1701.781       26.002   502.9
57.0000       -1677.905    -1704.212       26.307   508.8
57.2000       -1679.202    -1704.103       24.901   481.6
57.4000       -1678.347    -1705.005       26.658   515.6
57.6000       -1679.780    -1706.387       26.607   514.6
57.8000       -1677.624    -1704.020       26.396   510.5
58.0000       -1679.584    -1705.488       25.904   501.0
58.2000       -1679.452    -1703.897       24.445   472.8
58.4000       -1678.718    -1703.980       25.262   488.6
58.6000       -1677.246    -1704.781       27.534   532.5
58.8000       -1676.381    -1702.974       26.593   514.3
59.0000       -1676.512    -1704.996       28.483   550.9
59.2000       -1676.800    -1704.425       27.626   534.3
59.4000       -1677.485    -1703.793       26.308   508.8
59.6000       -1674.637    -1703.052       28.415   549.6
59.8000       -1677.066    -1703.676       26.610   514.7
60.0000       -1678.538    -1705.317       26.779   517.9
60.2000       -1678.188    -1704.814       26.627   515.0
60.4000       -1678.835    -1705.173       26.338   509.4
60.6000       -1680.040    -1705.064       25.025   484.0
60.8000       -1679.449    -1705.174       25.725   497.5
61.0000       -1677.578    -1704.925       27.347   528.9
61.2000       -1678.576    -1704.061       25.485   492.9
61.4000       -1680.449    -1705.846       25.398   491.2
61.6000       -1680.062    -1706.313       26.251   507.7
61.8000       -1678.151    -1704.093       25.942   501.7
62.0000       -1679.575    -1704.827       25.252   488.4
62.2000       -1679.347    -1705.827       26.480   512.1
62.4000       -1679.501    -1704.258       24.757   478.8
62.6000       -1677.834    -1702.974       25.141   486.2
62.8000       -1680.109    -1704.915       24.806   479.8
63.0000       -1680.068    -1704.552       24.483   473.5
63.2000       -1679.694    -1704.466       24.772   479.1
63.4000       -1677.791    -1703.464       25.672   496.5
63.6000       -1678.066    -1703.391       25.325   489.8
63.8000       -1678.382    -1702.599       24.217   468.4
64.0000       -1679.323    -1704.573       25.250   488.4
64.2000       -1678.819    -1704.402       25.583   494.8
64.4000       -1676.623    -1704.411       27.788   537.4
64.6000       -1675.856    -1703.235       27.379   529.5
64.8000       -1678.576    -1705.047       26.471   512.0
65.0000       -1676.864    -1702.787       25.923   501.4
65.2000       -1678.246    -1704.885       26.638   515.2
65.4000       -1677.677    -1704.166       26.488   512.3
65.6000       -1677.562    -1705.163       27.601   533.8
65.8000       -1678.898    -1704.404       25.506   493.3
66.0000       -1676.657    -1703.748       27.090   524.0
66.2000       -1679.243    -1705.631       26.388   510.4
66.4000       -1680.139    -1705.806       25.668   496.4
66.6000       -1680.542    -1706.514       25.973   502.3
66.8000       -1679.352    -1704.941       25.589   494.9
67.0000       -1679.054    -1704.952       25.899   500.9
67.2000       -1679.988    -1705.195       25.207   487.5
67.4000       -1680.160    -1705.964       25.804   499.1
67.6000       -1680.929    -1705.130       24.200   468.1
67.8000       -1679.497    -1705.262       25.765   498.3
68.0000       -1678.041    -1704.489       26.447   511.5
68.2000       -1678.210    -1704.728       26.518   512.9
68.4000       -1677.194    -1704.490       27.296   527.9
68.6000       -1677.371    -1703.547       26.176   506.3
68.8000       -1677.697    -1704.990       27.293   527.9
69.0000       -1680.161    -1704.978       24.818   480.0
69.2000       -1678.228    -1704.037       25.809   499.2
69.4000       -1679.396    -1704.037       24.640   476.6
69.6000       -1678.092    -1703.502       25.410   491.5
69.8000       -1676.854    -1702.852       25.998   502.8
70.0000       -1676.358    -1703.120       26.762   517.6
70.2000       -1677.062    -1704.011       26.949   521.2
70.4000       -1678.551    -1705.445       26.893   520.1
70.6000       -1677.944    -1703.635       25.691   496.9
70.8000       -1678.557    -1703.794       25.237   488.1
71.0000       -1679.892    -1704.896       25.004   483.6
71.2000       -1678.910    -1704.488       25.577   494.7
71.4000       -1678.665    -1703.227       24.562   475.1
71.6000       -1678.120    -1702.872       24.753   478.7
71.8000       -1679.318    -1703.862       24.544   474.7
72.0000       -1678.615    -1705.056       26.441   511.4
72.2000       -1678.883    -1704.915       26.033   503.5
72.4000       -1679.712    -1705.051       25.339   490.1
72.6000       -1678.064    -1704.470       26.406   510.7
72.8000       -1677.219    -1704.944       27.725   536.2
73.0000       -1678.032    -1705.247       27.215   526.4
73.2000       -1675.998    -1703.111       27.112   524.4
73.4000       -1676.598    -1701.795       25.197   487.3
73.6000       -1676.590    -1704.036       27.445   530.8
73.8000       -1676.598    -1703.280       26.683   516.1
74.0000       -1677.461    -1703.496       26.035   503.5
74.2000       -1676.204    -1702.249       26.045   503.7
74.4000       -1677.486    -1704.929       27.443   530.8
74.6000       -1678.789    -1703.719       24.931   482.2
74.8000       -1678.811    -1703.684       24.873   481.1
75.0000       -1677.431    -1703.244       25.813   499.2
75.2000       -1678.424    -1705.908       27.485   531.6
75.4000       -1678.170    -1705.667       27.497   531.8
75.6000       -1678.239    -1705.334       27.095   524.0
75.8000       -1679.502    -1704.449       24.947   482.5
76.0000       -1677.276    -1703.030       25.754   498.1
76.2000       -1678.334    -1703.727       25.393   491.1
76.4000       -1678.139    -1705.390       27.251   527.1
76.6000       -1677.423    -1702.667       25.245   488.3
76.8000       -1676.447    -1703.990       27.543   532.7
77.0000       -1675.533    -1702.541       27.008   522.4
77.2000       -1679.279    -1704.636       25.358   490.4
77.4000       -1679.940    -1705.351       25.411   491.5
77.6000       -1678.672    -1704.417       25.745   497.9
77.8000       -1678.401    -1705.066       26.665   515.7
78.0000       -1678.212    -1703.446       25.234   488.1
78.2000       -1677.156    -1702.133       24.978   483.1
78.4000       -1675.949    -1702.952       27.003   522.3
78.6000       -1678.962    -1704.353       25.391   491.1
78.8000       -1677.915    -1704.763       26.848   519.3
79.0000       -1678.120    -1704.510       26.389   510.4
79.2000       -1680.732    -1704.855       24.123   466.6
79.4000       -1680.892    -1705.240       24.347   470.9
79.6000       -1679.253    -1704.589       25.336   490.0
79.8000       -1678.649    -1703.144       24.495   473.7
80.0000       -1677.948    -1704.073       26.125   505.3
80.2000       -1677.531    -1703.410       25.879   500.5
80.4000       -1678.965    -1704.604       25.639   495.9
80.6000       -1677.899    -1703.975       26.076   504.3
80.8000       -1676.851    -1704.596       27.746   536.6
81.0000       -1679.245    -1703.731       24.486   473.6
81.2000       -1678.577    -1704.034       25.457   492.4
81.4000       -1677.693    -1703.295       25.602   495.2
81.6000       -1678.162    -1704.892       26.730   517.0
81.8000       -1677.226    -1703.580       26.354   509.7
82.0000       -1678.272    -1704.565       26.293   508.5
82.2000       -1677.346    -1703.934       26.588   514.2
82.4000       -1676.892    -1703.051       26.159   505.9
82.6000       -1678.478    -1703.808       25.329   489.9
82.8000       -1680.125    -1705.073       24.948   482.5
83.0000       -1679.346    -1705.344       25.998   502.8
83.2000       -1677.519    -1704.270       26.751   517.4
83.4000       -1675.747    -1702.463       26.716   516.7
83.6000       -1678.342    -1704.657       26.315   509.0
83.8000       -1678.962    -1704.199       25.238   488.1
84.0000       -1681.289    -1705.665       24.376   471.5
84.2000       -1678.774    -1703.811       25.037   484.2
84.4000       -1679.423    -1705.084       25.661   496.3
84.6000       -1683.027    -1705.951       22.924   443.4
84.8000       -1679.869    -1705.372       25.503   493.3
85.0000       -1679.956    -1705.529       25.573   494.6
85.2000       -1678.017    -1702.417       24.400   471.9
85.4000       -1677.955    -1703.973       26.018   503.2
85.6000       -1678.101    -1703.479       25.378   490.8
85.8000       -1678.169    -1704.443       26.274   508.2
86.0000       -1679.742    -1706.296       26.554   513.6
86.2000       -1677.195    -1703.087       25.893   500.8
86.4000       -1677.915    -1704.779       26.864   519.6
86.6000       -1679.603    -1705.490       25.887   500.7
86.8000       -1679.756    -1705.040       25.285   489.0
87.0000       -1678.240    -1703.488       25.248   488.3
87.2000       -1676.491    -1703.061       26.570   513.9
87.4000       -1675.111    -1702.864       27.753   536.8
87.6000       -1675.904    -1703.292       27.388   529.7
87.8000       -1675.406    -1702.777       27.370   529.4
88.0000       -1676.713    -1704.776       28.063   542.8
88.2000       -1676.870    -1703.505       26.635   515.1
88.4000       -1677.575    -1702.972       25.397   491.2
88.6000       -1678.540    -1704.937       26.397   510.6
88.8000       -1679.008    -1704.829       25.821   499.4
89.0000       -1679.310    -1704.930       25.620   495.5
89.2000       -1680.641    -1705.492       24.851   480.6
89.4000       -1681.837    -1706.702       24.865   480.9
89.6000       -1679.915    -1705.238       25.323   489.8
89.8000       -1679.911    -1704.514       24.603   475.9
90.0000       -1679.610    -1705.533       25.923   501.4
90.2000       -1678.232    -1703.810       25.577   494.7
90.4000       -1674.235    -1703.729       29.493   570.4
90.6000       -1674.632    -1701.791       27.160   525.3
90.8000       -1675.256    -1703.839       28.583   552.8
91.0000       -1675.515    -1704.677       29.162   564.0
91.2000       -1677.728    -1703.069       25.340   490.1
91.4000       -1678.799    -1705.079       26.281   508.3
91.6000       -1675.317    -1702.661       27.344   528.9
91.8000       -1677.795    -1704.154       26.359   509.8
92.0000       -1677.149    -1704.597       27.447   530.9
92.2000       -1676.033    -1702.192       26.159   505.9
92.4000       -1675.899    -1703.613       27.713   536.0
92.6000       -1675.680    -1703.727       28.047   542.5
92.8000       -1674.815    -1701.736       26.921   520.7
93.0000       -1676.394    -1703.398       27.003   522.3
93.2000       -1677.245    -1703.235       25.990   502.7
93.4000       -1677.231    -1703.120       25.889   500.7
93.6000       -1679.581    -1704.036       24.455   473.0
93.8000       -1677.858    -1703.581       25.723   497.5
94.0000       -1678.328    -1703.451       25.123   485.9
94.2000       -1677.421    -1704.151       26.730   517.0
94.4000       -1678.529    -1703.722       25.194   487.3
94.6000       -1676.946    -1703.603       26.656   515.6
94.8000       -1677.481    -1703.010       25.530   493.8
95.0000       -1679.292    -1705.479       26.187   506.5
95.2000       -1674.919    -1701.491       26.572   513.9
95.4000       -1674.549    -1700.960       26.411   510.8
95.6000       -1676.350    -1702.704       26.354   509.7
95.8000       -1677.772    -1703.447       25.676   496.6
96.0000       -1677.545    -1702.961       25.416   491.6
96.2000       -1677.482    -1701.771       24.288   469.8
96.4000       -1678.328    -1704.759       26.431   511.2
96.6000       -1679.311    -1703.349       24.037   464.9
96.8000       -1678.772    -1703.965       25.193   487.3
97.0000       -1681.031    -1704.933       23.902   462.3
97.2000       -1679.550    -1704.511       24.961   482.8
97.4000       -1679.204    -1704.974       25.770   498.4
97.6000       -1678.093    -1703.238       25.145   486.3
97.8000       -1679.019    -1704.150       25.131   486.1
98.0000       -1677.556    -1702.764       25.209   487.6
98.2000       -1679.357    -1704.126       24.770   479.1
98.4000       -1680.706    -1704.351       23.645   457.3
98.6000       -1678.756    -1704.720       25.964   502.2
98.8000       -1678.043    -1704.433       26.390   510.4
99.0000       -1678.758    -1704.640       25.883   500.6
99.2000       -1678.055    -1704.879       26.823   518.8
99.4000       -1677.929    -1704.685       26.756   517.5
99.6000       -1676.726    -1703.118       26.392   510.5
99.8000       -1678.271    -1704.196       25.924   501.4
100.0000      -1680.026    -1706.207       26.182   506.4
100.2000      -1678.812    -1704.734       25.923   501.4
100.4000      -1679.171    -1703.946       24.775   479.2
100.6000      -1677.438    -1703.987       26.549   513.5
100.8000      -1678.076    -1703.848       25.772   498.4
101.0000      -1677.581    -1704.460       26.879   519.9
101.2000      -1675.822    -1703.282       27.460   531.1
101.4000      -1676.713    -1703.826       27.113   524.4
101.6000      -1679.011    -1705.569       26.557   513.6
101.8000      -1677.859    -1705.112       27.253   527.1
102.0000      -1676.552    -1703.816       27.265   527.3
102.2000      -1677.083    -1703.456       26.372   510.1
102.4000      -1678.536    -1703.812       25.276   488.9
102.6000      -1679.516    -1703.707       24.191   467.9
102.8000      -1678.609    -1702.385       23.776   459.9
103.0000      -1678.365    -1703.778       25.413   491.5
103.2000      -1681.110    -1706.122       25.012   483.7
103.4000      -1679.160    -1703.511       24.351   471.0
103.6000      -1678.658    -1705.275       26.617   514.8
103.8000      -1680.566    -1705.795       25.230   488.0
104.0000      -1679.443    -1704.809       25.366   490.6
104.2000      -1680.450    -1705.927       25.477   492.7
104.4000      -1677.925    -1704.073       26.148   505.7
104.6000      -1679.628    -1705.482       25.854   500.0
104.8000      -1679.034    -1705.125       26.092   504.6
105.0000      -1678.197    -1703.584       25.386   491.0
105.2000      -1677.490    -1703.345       25.856   500.1
105.4000      -1677.086    -1702.289       25.203   487.4
105.6000      -1678.990    -1704.995       26.005   503.0
105.8000      -1677.331    -1703.507       26.176   506.3
106.0000      -1677.990    -1703.224       25.234   488.1
106.2000      -1679.208    -1704.375       25.167   486.7
106.4000      -1679.730    -1704.335       24.605   475.9
106.6000      -1681.791    -1706.281       24.490   473.7
106.8000      -1679.301    -1703.934       24.633   476.4
107.0000      -1678.890    -1705.289       26.399   510.6
107.2000      -1679.489    -1704.311       24.822   480.1
107.4000      -1681.137    -1705.662       24.525   474.3
107.6000      -1679.921    -1704.236       24.314   470.3
107.8000      -1681.647    -1706.523       24.876   481.1
108.0000      -1681.860    -1707.530       25.670   496.5
108.2000      -1682.172    -1705.685       23.513   454.8
108.4000      -1679.794    -1703.894       24.100   466.1
108.6000      -1680.715    -1705.531       24.817   480.0
108.8000      -1680.668    -1705.593       24.925   482.1
109.0000      -1681.751    -1705.745       23.994   464.1
109.2000      -1679.913    -1705.376       25.463   492.5
109.4000      -1679.502    -1703.370       23.868   461.6
109.6000      -1677.681    -1703.950       26.269   508.1
109.8000      -1678.095    -1704.437       26.342   509.5
110.0000      -1678.865    -1705.069       26.204   506.8
110.2000      -1676.490    -1702.776       26.286   508.4
110.4000      -1677.553    -1704.087       26.534   513.2
110.6000      -1678.389    -1703.694       25.305   489.4
110.8000      -1677.941    -1705.349       27.408   530.1
111.0000      -1677.305    -1703.355       26.051   503.8
111.2000      -1677.790    -1703.588       25.798   499.0
111.4000      -1677.722    -1702.578       24.855   480.7
111.6000      -1679.094    -1704.718       25.623   495.6
111.8000      -1677.387    -1702.508       25.121   485.9
112.0000      -1677.169    -1703.463       26.294   508.5
112.2000      -1674.967    -1702.526       27.559   533.0
112.4000      -1674.575    -1701.510       26.935   520.9
112.6000      -1677.908    -1702.725       24.817   480.0
112.8000      -1677.816    -1703.373       25.558   494.3
113.0000      -1676.873    -1703.392       26.519   512.9
113.2000      -1677.240    -1704.163       26.923   520.7
113.4000      -1677.333    -1703.605       26.273   508.1
113.6000      -1678.211    -1703.280       25.069   484.9
113.8000      -1680.233    -1704.536       24.302   470.0
114.0000      -1679.077    -1705.081       26.003   502.9
114.2000      -1681.305    -1706.535       25.230   488.0
114.4000      -1682.878    -1706.675       23.797   460.2
114.6000      -1681.736    -1705.540       23.805   460.4
114.8000      -1681.065    -1705.435       24.370   471.3
115.0000      -1680.443    -1705.825       25.382   490.9
115.2000      -1677.980    -1705.265       27.284   527.7
115.4000      -1679.451    -1704.863       25.412   491.5
115.6000      -1680.231    -1706.516       26.285   508.4
115.8000      -1681.722    -1705.331       23.609   456.6
116.0000      -1679.681    -1704.812       25.132   486.1
116.2000      -1680.831    -1705.362       24.530   474.4
116.4000      -1677.976    -1702.934       24.958   482.7
116.6000      -1677.242    -1703.158       25.916   501.2
116.8000      -1678.275    -1703.502       25.228   487.9
117.0000      -1677.769    -1703.476       25.707   497.2
117.2000      -1677.309    -1703.678       26.370   510.0
117.4000      -1678.726    -1704.817       26.091   504.6
117.6000      -1677.960    -1702.747       24.787   479.4
117.8000      -1676.860    -1702.787       25.926   501.4
118.0000      -1678.125    -1704.071       25.946   501.8
118.2000      -1677.766    -1703.006       25.241   488.2
118.4000      -1678.529    -1704.110       25.581   494.8
118.6000      -1678.257    -1704.755       26.498   512.5
118.8000      -1678.486    -1704.119       25.633   495.8
119.0000      -1677.704    -1702.771       25.067   484.8
119.2000      -1679.640    -1705.044       25.404   491.3
119.4000      -1680.605    -1706.436       25.831   499.6
119.6000      -1680.027    -1705.265       25.239   488.1
119.8000      -1678.735    -1703.278       24.542   474.7
120.0000      -1679.566    -1705.621       26.055   503.9
120.2000      -1676.492    -1704.252       27.760   536.9
120.4000      -1675.770    -1703.852       28.082   543.1
120.6000      -1677.458    -1703.598       26.140   505.6
120.8000      -1675.975    -1704.441       28.466   550.6
121.0000      -1676.728    -1703.274       26.545   513.4
121.2000      -1676.915    -1703.060       26.145   505.7
121.4000      -1676.761    -1703.433       26.672   515.9
121.6000      -1676.374    -1704.605       28.231   546.0
121.8000      -1675.500    -1703.532       28.032   542.2
122.0000      -1677.914    -1704.215       26.301   508.7
122.2000      -1678.410    -1704.618       26.208   506.9
122.4000      -1678.121    -1703.267       25.145   486.3
122.6000      -1679.796    -1705.368       25.571   494.6
122.8000      -1677.684    -1702.729       25.044   484.4
123.0000      -1678.942    -1704.665       25.723   497.5
123.2000      -1678.241    -1702.362       24.121   466.5
123.4000      -1679.359    -1704.610       25.251   488.4
123.6000      -1678.740    -1703.969       25.228   487.9
123.8000      -1678.029    -1703.973       25.944   501.8
124.0000      -1677.132    -1703.875       26.743   517.2
124.2000      -1675.474    -1702.197       26.722   516.8
124.4000      -1676.044    -1703.555       27.511   532.1
124.6000      -1676.569    -1702.376       25.806   499.1
124.8000      -1676.988    -1704.087       27.099   524.1
125.0000      -1679.550    -1705.516       25.966   502.2
125.2000      -1678.474    -1704.124       25.650   496.1
125.4000      -1680.248    -1704.850       24.602   475.8
125.6000      -1679.639    -1704.821       25.182   487.0
125.8000      -1678.864    -1705.290       26.427   511.1
126.0000      -1680.141    -1705.779       25.638   495.9
126.2000      -1678.477    -1704.945       26.468   511.9
126.4000      -1677.845    -1705.273       27.428   530.5
126.6000      -1678.697    -1703.599       24.902   481.6
126.8000      -1676.398    -1702.890       26.492   512.4
127.0000      -1679.193    -1705.624       26.431   511.2
127.2000      -1680.060    -1704.033       23.973   463.7
127.4000      -1679.213    -1706.070       26.857   519.4
127.6000      -1677.726    -1703.460       25.734   497.7
127.8000      -1678.588    -1705.466       26.877   519.8
128.0000      -1680.397    -1706.120       25.723   497.5
128.2000      -1678.933    -1704.981       26.048   503.8
128.4000      -1677.798    -1704.622       26.825   518.8
128.6000      -1678.127    -1704.133       26.007   503.0
128.8000      -1677.675    -1704.034       26.360   509.8
129.0000      -1675.266    -1701.510       26.244   507.6
129.2000      -1678.075    -1704.465       26.390   510.4
129.4000      -1678.654    -1704.625       25.971   502.3
129.6000      -1678.548    -1704.958       26.410   510.8
129.8000      -1680.139    -1704.080       23.941   463.0
130.0000      -1679.597    -1705.312       25.714   497.3
130.2000      -1678.924    -1705.316       26.392   510.4
130.4000      -1676.969    -1705.010       28.040   542.3
130.6000      -1677.942    -1704.305       26.363   509.9
130.8000      -1677.443    -1706.090       28.647   554.1
131.0000      -1679.181    -1704.759       25.578   494.7
131.2000      -1679.609    -1704.842       25.233   488.0
131.4000      -1680.966    -1705.726       24.760   478.9
131.6000      -1679.267    -1704.786       25.519   493.6
131.8000      -1677.868    -1705.008       27.140   524.9
132.0000      -1677.571    -1703.944       26.373   510.1
132.2000      -1678.622    -1704.260       25.638   495.9
132.4000      -1680.174    -1705.215       25.041   484.3
132.6000      -1679.526    -1705.180       25.653   496.2
132.8000      -1681.093    -1705.595       24.502   473.9
133.0000      -1679.761    -1705.431       25.670   496.5
133.2000      -1678.831    -1705.552       26.720   516.8
133.4000      -1679.196    -1704.402       25.205   487.5
133.6000      -1677.275    -1704.485       27.210   526.3
133.8000      -1677.140    -1704.374       27.234   526.7
134.0000      -1677.706    -1704.155       26.448   511.5
134.2000      -1676.002    -1702.052       26.051   503.8
134.4000      -1675.857    -1703.841       27.984   541.2
134.6000      -1676.068    -1703.203       27.135   524.8
134.8000      -1676.190    -1702.102       25.912   501.2
135.0000      -1674.285    -1702.764       28.480   550.8
135.2000      -1675.590    -1702.966       27.375   529.5
135.4000      -1677.139    -1703.132       25.993   502.7
135.6000      -1677.827    -1702.910       25.083   485.1
135.8000      -1678.640    -1705.596       26.957   521.4
136.0000      -1679.136    -1705.136       26.000   502.9
136.2000      -1678.541    -1702.532       23.991   464.0
136.4000      -1679.342    -1705.802       26.460   511.8
136.6000      -1678.561    -1704.491       25.929   501.5
136.8000      -1678.545    -1703.524       24.979   483.1
137.0000      -1679.434    -1704.116       24.681   477.4
137.2000      -1678.437    -1704.014       25.577   494.7
137.4000      -1679.202    -1703.971       24.769   479.0
137.6000      -1677.384    -1704.534       27.150   525.1
137.8000      -1677.468    -1702.799       25.331   489.9
138.0000      -1676.044    -1702.315       26.271   508.1
138.2000      -1675.008    -1702.012       27.004   522.3
138.4000      -1677.394    -1702.159       24.765   479.0
138.6000      -1676.835    -1702.357       25.522   493.6
138.8000      -1677.438    -1704.270       26.833   519.0
139.0000      -1676.549    -1703.919       27.370   529.4
139.2000      -1676.920    -1703.029       26.108   505.0
139.4000      -1676.969    -1702.742       25.773   498.5
139.6000      -1676.359    -1702.556       26.196   506.7
139.8000      -1677.157    -1702.857       25.699   497.0
140.0000      -1676.137    -1702.741       26.605   514.6
140.2000      -1676.232    -1703.034       26.801   518.4
140.4000      -1675.856    -1703.742       27.886   539.3
140.6000      -1676.362    -1704.285       27.923   540.1
140.8000      -1676.988    -1703.805       26.817   518.7
141.0000      -1677.318    -1704.358       27.040   523.0
141.2000      -1678.123    -1704.129       26.006   503.0
141.4000      -1676.932    -1702.611       25.679   496.7
141.6000      -1678.605    -1704.132       25.527   493.7
141.8000      -1679.296    -1703.860       24.565   475.1
142.0000      -1678.016    -1705.000       26.984   521.9
142.2000      -1677.488    -1703.314       25.826   499.5
142.4000      -1679.044    -1704.615       25.571   494.6
142.6000      -1679.747    -1704.678       24.931   482.2
142.8000      -1679.664    -1705.689       26.025   503.3
143.0000      -1681.658    -1704.916       23.257   449.8
143.2000      -1680.973    -1706.320       25.347   490.2
143.4000      -1679.641    -1703.059       23.418   452.9
143.6000      -1679.552    -1704.592       25.039   484.3
143.8000      -1679.160    -1704.706       25.547   494.1
144.0000      -1680.664    -1705.413       24.749   478.7
144.2000      -1680.114    -1704.531       24.417   472.3
144.4000      -1679.309    -1705.231       25.922   501.4
144.6000      -1676.618    -1703.734       27.116   524.5
144.8000      -1676.022    -1702.543       26.521   512.9
145.0000      -1676.276    -1701.925       25.649   496.1
145.2000      -1676.984    -1703.836       26.852   519.3
145.4000      -1678.354    -1704.617       26.263   507.9
145.6000      -1680.148    -1704.007       23.859   461.5
145.8000      -1678.298    -1704.116       25.818   499.3
146.0000      -1678.266    -1704.418       26.152   505.8
146.2000      -1677.150    -1703.365       26.214   507.0
146.4000      -1677.383    -1702.987       25.604   495.2
146.6000      -1677.256    -1704.083       26.827   518.9
146.8000      -1679.908    -1705.541       25.633   495.8
147.0000      -1679.664    -1706.100       26.435   511.3
147.2000      -1679.909    -1706.593       26.684   516.1
147.4000      -1680.682    -1705.113       24.431   472.5
147.6000      -1678.207    -1705.085       26.878   519.8
147.8000      -1678.510    -1705.610       27.101   524.2
148.0000      -1679.906    -1706.173       26.267   508.0
148.2000      -1678.519    -1703.363       24.844   480.5
148.4000      -1679.220    -1705.643       26.423   511.0
148.6000      -1678.715    -1704.095       25.380   490.9
148.8000      -1679.938    -1705.024       25.086   485.2
149.0000      -1679.867    -1705.518       25.650   496.1
149.2000      -1679.362    -1704.254       24.892   481.4
149.4000      -1677.777    -1702.657       24.881   481.2
149.6000      -1678.551    -1704.011       25.460   492.4
149.8000      -1678.742    -1703.469       24.727   478.2
150.0000      -1677.789    -1705.424       27.635   534.5
150.2000      -1678.543    -1704.174       25.631   495.7
150.4000      -1679.298    -1705.055       25.757   498.2
150.6000      -1677.401    -1703.901       26.500   512.5
150.8000      -1676.786    -1702.750       25.964   502.2
151.0000      -1677.378    -1704.320       26.942   521.1
151.2000      -1676.801    -1703.420       26.619   514.8
151.4000      -1677.646    -1703.410       25.764   498.3
151.6000      -1675.750    -1702.613       26.862   519.5
151.8000      -1677.148    -1703.204       26.057   504.0
152.0000      -1676.592    -1702.834       26.242   507.5
152.2000      -1674.994    -1702.839       27.845   538.5
152.4000      -1676.716    -1701.980       25.264   488.6
152.6000      -1678.891    -1705.339       26.448   511.5
152.8000      -1679.263    -1704.477       25.214   487.7
153.0000      -1679.359    -1704.918       25.559   494.3
153.2000      -1680.634    -1705.229       24.595   475.7
153.4000      -1677.198    -1703.564       26.366   509.9
153.6000      -1678.993    -1704.839       25.846   499.9
153.8000      -1679.735    -1705.037       25.302   489.4
154.0000      -1680.104    -1705.070       24.966   482.9
154.2000      -1680.366    -1705.776       25.411   491.5
154.4000      -1681.228    -1705.446       24.217   468.4
154.6000      -1679.194    -1705.143       25.949   501.9
154.8000      -1677.238    -1704.253       27.016   522.5
155.0000      -1676.784    -1703.532       26.748   517.3
155.2000      -1675.668    -1701.948       26.280   508.3
155.4000      -1676.994    -1702.156       25.161   486.6
155.6000      -1678.683    -1704.957       26.274   508.2
155.8000      -1680.396    -1705.204       24.808   479.8
156.0000      -1677.168    -1703.038       25.869   500.3
156.2000      -1675.935    -1704.550       28.615   553.4
156.4000      -1674.581    -1702.031       27.451   530.9
156.6000      -1676.802    -1703.878       27.076   523.7
156.8000      -1676.344    -1703.303       26.959   521.4
157.0000      -1677.297    -1704.303       27.006   522.3
157.2000      -1678.720    -1705.045       26.325   509.1
157.4000      -1680.551    -1705.612       25.061   484.7
157.6000      -1679.427    -1703.244       23.818   460.7
157.8000      -1679.405    -1704.304       24.899   481.6
158.0000      -1680.333    -1704.913       24.580   475.4
158.2000      -1679.682    -1705.199       25.517   493.5
158.4000      -1680.594    -1705.388       24.794   479.5
158.6000      -1680.498    -1704.002       23.504   454.6
158.8000      -1680.388    -1704.486       24.098   466.1
159.0000      -1680.928    -1705.004       24.077   465.7
159.2000      -1681.095    -1706.054       24.960   482.7
159.4000      -1681.082    -1704.648       23.566   455.8
159.6000      -1678.195    -1703.813       25.618   495.5
159.8000      -1678.808    -1705.749       26.942   521.1
160.0000      -1679.041    -1704.820       25.779   498.6
160.2000      -1677.699    -1703.878       26.180   506.3
160.4000      -1680.967    -1706.061       25.094   485.3
160.6000      -1681.519    -1704.921       23.402   452.6
160.8000      -1681.199    -1704.034       22.835   441.7
161.0000      -1681.141    -1704.724       23.584   456.1
161.2000      -1677.944    -1703.724       25.781   498.6
161.4000      -1678.934    -1703.099       24.165   467.4
161.6000      -1677.197    -1702.964       25.767   498.4
161.8000      -1677.749    -1703.421       25.672   496.5
162.0000      -1678.071    -1702.790       24.719   478.1
162.2000      -1676.786    -1703.616       26.830   518.9
162.4000      -1678.874    -1703.576       24.702   477.8
162.6000      -1678.870    -1705.085       26.215   507.0
162.8000      -1677.490    -1704.525       27.035   522.9
163.0000      -1677.745    -1705.277       27.532   532.5
163.2000      -1675.775    -1703.363       27.588   533.6
163.4000      -1677.040    -1704.113       27.073   523.6
163.6000      -1677.452    -1703.867       26.415   510.9
163.8000      -1677.905    -1704.108       26.203   506.8
164.0000      -1676.428    -1702.523       26.095   504.7
164.2000      -1676.318    -1703.318       27.000   522.2
164.4000      -1680.092    -1705.527       25.435   491.9
164.6000      -1680.919    -1705.450       24.531   474.5
164.8000      -1680.091    -1704.824       24.733   478.4
165.0000      -1677.674    -1702.518       24.844   480.5
165.2000      -1678.715    -1705.375       26.659   515.6
165.4000      -1678.810    -1704.716       25.905   501.0
165.6000      -1678.178    -1705.140       26.962   521.5
165.8000      -1679.407    -1704.084       24.677   477.3
166.0000      -1681.412    -1704.728       23.316   450.9
166.2000      -1678.423    -1703.528       25.104   485.5
166.4000      -1678.676    -1705.131       26.455   511.7
166.6000      -1679.351    -1704.904       25.553   494.2
166.8000      -1680.167    -1705.722       25.556   494.3
167.0000      -1679.914    -1705.138       25.224   487.9
167.2000      -1677.827    -1703.302       25.475   492.7
167.4000      -1676.731    -1702.359       25.628   495.7
167.6000      -1677.104    -1703.492       26.388   510.4
167.8000      -1676.896    -1704.143       27.247   527.0
168.0000      -1678.983    -1703.211       24.228   468.6
168.2000      -1677.769    -1704.022       26.254   507.8
168.4000      -1677.728    -1703.655       25.927   501.5
168.6000      -1678.178    -1704.536       26.358   509.8
168.8000      -1678.350    -1703.430       25.080   485.1
169.0000      -1677.847    -1703.505       25.658   496.2
169.2000      -1678.944    -1703.577       24.633   476.4
169.4000      -1680.847    -1706.237       25.391   491.1
169.6000      -1681.779    -1706.048       24.269   469.4
169.8000      -1678.882    -1703.475       24.593   475.7
170.0000      -1676.208    -1702.988       26.781   518.0
170.2000      -1677.206    -1702.886       25.680   496.7
170.4000      -1675.622    -1702.168       26.546   513.4
170.6000      -1675.622    -1702.524       26.903   520.3
170.8000      -1676.943    -1702.312       25.369   490.6
171.0000      -1676.338    -1702.550       26.212   507.0
171.2000      -1677.416    -1703.512       26.095   504.7
171.4000      -1675.890    -1703.341       27.451   530.9
171.6000      -1675.923    -1704.696       28.773   556.5
171.8000      -1679.029    -1704.505       25.476   492.7
172.0000      -1679.576    -1704.668       25.091   485.3
172.2000      -1680.714    -1705.249       24.536   474.5
172.4000      -1680.341    -1704.814       24.473   473.3
172.6000      -1678.187    -1704.618       26.431   511.2
172.8000      -1675.988    -1702.937       26.949   521.2
173.0000      -1675.002    -1702.303       27.301   528.0
173.2000      -1676.356    -1702.379       26.024   503.3
173.4000      -1676.462    -1704.388       27.926   540.1
173.6000      -1677.178    -1703.439       26.261   507.9
173.8000      -1678.025    -1704.230       26.205   506.8
174.0000      -1681.405    -1705.973       24.568   475.2
174.2000      -1680.285    -1704.871       24.586   475.5
174.4000      -1680.377    -1704.667       24.291   469.8
174.6000      -1680.137    -1706.262       26.125   505.3
174.8000      -1678.934    -1705.252       26.318   509.0
175.0000      -1678.244    -1704.861       26.617   514.8
175.2000      -1679.052    -1704.509       25.458   492.4
175.4000      -1678.841    -1703.874       25.033   484.2
175.6000      -1678.585    -1705.613       27.027   522.7
175.8000      -1678.031    -1704.987       26.956   521.4
176.0000      -1679.777    -1705.094       25.318   489.7
176.2000      -1678.199    -1704.285       26.086   504.5
176.4000      -1677.451    -1703.660       26.208   506.9
176.6000      -1678.307    -1704.299       25.991   502.7
176.8000      -1676.669    -1704.562       27.893   539.5
177.0000      -1675.988    -1703.803       27.815   538.0
177.2000      -1678.596    -1704.967       26.371   510.0
177.4000      -1676.076    -1703.797       27.721   536.1
177.6000      -1678.080    -1704.345       26.265   508.0
177.8000      -1676.552    -1704.594       28.043   542.4
178.0000      -1677.484    -1703.984       26.500   512.5
178.2000      -1676.986    -1704.599       27.613   534.1
178.4000      -1678.419    -1705.040       26.620   514.9
178.6000      -1678.498    -1703.041       24.543   474.7
178.8000      -1678.013    -1704.439       26.426   511.1
179.0000      -1678.802    -1705.096       26.294   508.5
179.2000      -1679.204    -1705.717       26.513   512.8
179.4000      -1676.604    -1703.144       26.540   513.3
179.6000      -1677.184    -1704.111       26.927   520.8
179.8000      -1677.727    -1703.988       26.261   507.9
180.0000      -1677.021    -1702.344       25.322   489.8
180.2000      -1676.299    -1703.204       26.906   520.4
180.4000      -1675.965    -1702.945       26.980   521.8
180.6000      -1678.024    -1703.893       25.869   500.3
180.8000      -1678.052    -1704.770       26.717   516.7
181.0000      -1678.376    -1704.534       26.158   505.9
181.2000      -1680.693    -1705.199       24.506   474.0
181.4000      -1681.134    -1706.132       24.998   483.5
181.6000      -1681.446    -1704.963       23.517   454.8
181.8000      -1680.001    -1704.685       24.683   477.4
182.0000      -1677.842    -1703.710       25.868   500.3
182.2000      -1676.422    -1702.869       26.447   511.5
182.4000      -1675.701    -1703.106       27.405   530.0
182.6000      -1676.183    -1703.060       26.877   519.8
182.8000      -1677.734    -1704.431       26.697   516.4
183.0000      -1677.464    -1703.479       26.014   503.1
183.2000      -1676.666    -1701.953       25.287   489.1
183.4000      -1677.569    -1704.061       26.492   512.4
183.6000      -1677.828    -1703.277       25.449   492.2
183.8000      -1679.363    -1705.188       25.826   499.5
184.0000      -1678.367    -1702.226       23.859   461.5
184.2000      -1679.905    -1704.048       24.143   466.9
184.4000      -1678.700    -1703.231       24.531   474.4
184.6000      -1676.559    -1702.681       26.122   505.2
184.8000      -1677.021    -1703.071       26.050   503.8
185.0000      -1676.273    -1703.513       27.240   526.9
185.2000      -1676.895    -1703.414       26.518   512.9
185.4000      -1677.346    -1704.064       26.718   516.7
185.6000      -1677.028    -1703.080       26.052   503.9
185.8000      -1679.692    -1706.305       26.613   514.7
186.0000      -1677.956    -1703.405       25.449   492.2
186.2000      -1675.500    -1701.842       26.342   509.5
186.4000      -1676.400    -1702.080       25.680   496.7
186.6000      -1678.525    -1703.199       24.674   477.2
186.8000      -1679.965    -1705.227       25.262   488.6
187.0000      -1678.121    -1704.031       25.911   501.1
187.2000      -1676.694    -1703.137       26.443   511.4
187.4000      -1678.082    -1703.521       25.438   492.0
187.6000      -1677.457    -1703.969       26.511   512.7
187.8000      -1678.586    -1704.576       25.990   502.7
188.0000      -1678.912    -1704.463       25.551   494.2
188.2000      -1679.826    -1706.384       26.558   513.7
188.4000      -1679.743    -1705.547       25.804   499.1
188.6000      -1681.840    -1706.305       24.465   473.2
188.8000      -1681.545    -1704.930       23.384   452.3
189.0000      -1682.228    -1707.080       24.852   480.7
189.2000      -1681.809    -1704.986       23.176   448.3
189.4000      -1679.890    -1705.032       25.142   486.3
189.6000      -1681.385    -1704.479       23.095   446.7
189.8000      -1680.509    -1704.657       24.148   467.0
190.0000      -1678.585    -1703.046       24.461   473.1
190.2000      -1677.051    -1704.021       26.970   521.6
190.4000      -1675.285    -1702.649       27.364   529.2
190.6000      -1675.771    -1704.553       28.782   556.7
190.8000      -1675.425    -1702.934       27.509   532.0
191.0000      -1675.705    -1702.859       27.155   525.2
191.2000      -1676.859    -1704.515       27.656   534.9
191.4000      -1678.411    -1703.727       25.316   489.6
191.6000      -1679.016    -1704.694       25.678   496.6
191.8000      -1677.974    -1702.972       24.999   483.5
192.0000      -1679.383    -1705.798       26.415   510.9
192.2000      -1679.069    -1705.121       26.053   503.9
192.4000      -1679.619    -1705.875       26.256   507.8
192.6000      -1680.628    -1706.133       25.505   493.3
192.8000      -1682.080    -1706.848       24.768   479.0
193.0000      -1680.151    -1706.841       26.691   516.2
193.2000      -1679.101    -1704.883       25.782   498.6
193.4000      -1677.348    -1704.072       26.724   516.9
193.6000      -1676.678    -1704.835       28.157   544.6
193.8000      -1677.854    -1704.748       26.894   520.2
194.0000      -1676.924    -1705.216       28.292   547.2
194.2000      -1676.727    -1704.019       27.291   527.8
194.4000      -1676.798    -1703.922       27.124   524.6
194.6000      -1679.121    -1704.161       25.040   484.3
194.8000      -1677.757    -1703.925       26.168   506.1
195.0000      -1679.006    -1706.161       27.155   525.2
195.2000      -1678.312    -1704.807       26.495   512.4
195.4000      -1678.115    -1703.423       25.307   489.5
195.6000      -1679.426    -1706.413       26.987   522.0
195.8000      -1679.080    -1706.606       27.527   532.4
196.0000      -1679.195    -1705.340       26.145   505.7
196.2000      -1679.023    -1704.344       25.321   489.7
196.4000      -1679.248    -1704.284       25.037   484.2
196.6000      -1678.938    -1706.098       27.159   525.3
196.8000      -1679.439    -1704.092       24.653   476.8
197.0000      -1679.055    -1704.802       25.748   498.0
197.2000      -1679.305    -1705.133       25.828   499.5
197.4000      -1680.623    -1706.533       25.910   501.1
197.6000      -1680.349    -1706.111       25.762   498.3
197.8000      -1680.437    -1705.785       25.348   490.2
198.0000      -1679.826    -1705.495       25.670   496.5
198.2000      -1680.013    -1706.615       26.603   514.5
198.4000      -1679.559    -1703.814       24.255   469.1
198.6000      -1679.752    -1704.141       24.390   471.7
198.8000      -1679.689    -1704.890       25.201   487.4
199.0000      -1681.185    -1707.421       26.236   507.4
199.2000      -1679.116    -1705.529       26.413   510.8
199.4000      -1679.295    -1705.136       25.842   499.8
199.6000      -1678.325    -1703.023       24.698   477.7
199.8000      -1677.492    -1702.756       25.264   488.6
200.0000      -1677.756    -1704.078       26.321   509.1
