Time[ps]      Etot[eV]     Epot[eV]     Ekin[eV]    T[K]
0.0000        -1666.666    -1698.537       31.872   616.4
0.2000        -1666.552    -1696.935       30.383   587.6
0.4000        -1664.011    -1695.835       31.824   615.5
0.6000        -1664.148    -1696.644       32.496   628.5
0.8000        -1666.449    -1697.468       31.019   599.9
1.0000        -1668.835    -1698.776       29.941   579.1
1.2000        -1668.660    -1700.157       31.497   609.2
1.4000        -1667.552    -1699.985       32.433   627.3
1.6000        -1669.270    -1699.553       30.284   585.7
1.8000        -1669.663    -1698.763       29.100   562.8
2.0000        -1668.236    -1698.927       30.691   593.6
2.2000        -1667.183    -1698.356       31.173   602.9
2.4000        -1667.003    -1698.853       31.851   616.0
2.6000        -1667.169    -1697.048       29.879   577.9
2.8000        -1667.472    -1699.802       32.330   625.3
3.0000        -1665.439    -1697.814       32.376   626.2
3.2000        -1664.703    -1696.713       32.010   619.1
3.4000        -1666.864    -1698.938       32.074   620.3
3.6000        -1666.156    -1698.859       32.704   632.5
3.8000        -1666.524    -1697.808       31.284   605.1
4.0000        -1665.573    -1696.188       30.615   592.1
4.2000        -1665.821    -1699.007       33.186   641.8
4.4000        -1668.202    -1699.875       31.672   612.6
4.6000        -1668.693    -1699.633       30.940   598.4
4.8000        -1668.279    -1698.177       29.897   578.2
5.0000        -1668.568    -1700.428       31.860   616.2
5.2000        -1669.911    -1699.981       30.070   581.6
5.4000        -1667.667    -1697.106       29.440   569.4
5.6000        -1667.753    -1697.918       30.165   583.4
5.8000        -1665.275    -1697.094       31.820   615.4
6.0000        -1665.637    -1698.372       32.735   633.1
6.2000        -1666.919    -1698.417       31.499   609.2
6.4000        -1667.458    -1699.343       31.884   616.7
6.6000        -1665.934    -1696.507       30.573   591.3
6.8000        -1667.344    -1700.496       33.151   641.2
7.0000        -1665.472    -1698.052       32.580   630.1
7.2000        -1666.564    -1698.620       32.056   620.0
7.4000        -1666.668    -1697.288       30.620   592.2
7.6000        -1665.331    -1697.022       31.691   612.9
7.8000        -1666.234    -1698.360       32.126   621.3
8.0000        -1668.441    -1699.667       31.226   603.9
8.2000        -1666.506    -1697.895       31.389   607.1
8.4000        -1665.485    -1699.475       33.989   657.4
8.6000        -1668.450    -1698.007       29.557   571.7
8.8000        -1668.250    -1698.293       30.043   581.1
9.0000        -1667.681    -1698.917       31.236   604.1
9.2000        -1668.139    -1699.861       31.722   613.5
9.4000        -1667.701    -1699.250       31.549   610.2
9.6000        -1666.457    -1698.489       32.033   619.5
9.8000        -1668.794    -1699.513       30.719   594.1
10.0000       -1668.216    -1697.472       29.256   565.8
10.2000       -1669.084    -1699.149       30.065   581.5
10.4000       -1666.468    -1697.207       30.739   594.5
10.6000       -1666.792    -1697.429       30.637   592.5
10.8000       -1665.985    -1699.230       33.246   643.0
11.0000       -1668.997    -1698.120       29.123   563.3
11.2000       -1667.197    -1698.673       31.476   608.8
11.4000       -1667.346    -1697.885       30.538   590.6
11.6000       -1667.185    -1698.294       31.109   601.7
11.8000       -1665.514    -1697.467       31.953   618.0
12.0000       -1665.596    -1696.775       31.179   603.0
12.2000       -1665.696    -1697.197       31.501   609.3
12.4000       -1665.836    -1696.122       30.286   585.8
12.6000       -1664.868    -1695.544       30.676   593.3
12.8000       -1665.069    -1696.611       31.542   610.1
13.0000       -1666.720    -1698.933       32.213   623.0
13.2000       -1666.302    -1697.784       31.482   608.9
13.4000       -1666.576    -1696.548       29.973   579.7
13.6000       -1668.467    -1699.640       31.173   602.9
13.8000       -1669.032    -1700.915       31.883   616.6
14.0000       -1669.341    -1698.902       29.561   571.7
14.2000       -1670.413    -1701.256       30.843   596.5
14.4000       -1670.824    -1700.869       30.045   581.1
14.6000       -1669.842    -1698.883       29.041   561.7
14.8000       -1669.796    -1700.188       30.393   587.8
15.0000       -1670.008    -1699.196       29.188   564.5
15.2000       -1669.648    -1699.529       29.881   577.9
15.4000       -1667.270    -1698.272       31.002   599.6
15.6000       -1669.633    -1700.433       30.800   595.7
15.8000       -1668.133    -1699.708       31.576   610.7
16.0000       -1669.817    -1699.796       29.979   579.8
16.2000       -1666.873    -1697.467       30.594   591.7
16.4000       -1667.404    -1698.182       30.778   595.3
16.6000       -1667.401    -1699.957       32.556   629.7
16.8000       -1666.385    -1697.791       31.406   607.4
17.0000       -1667.608    -1698.480       30.873   597.1
17.2000       -1666.595    -1699.076       32.480   628.2
17.4000       -1666.708    -1697.278       30.570   591.2
17.6000       -1667.727    -1699.602       31.875   616.5
17.8000       -1668.498    -1699.060       30.562   591.1
18.0000       -1666.977    -1699.597       32.620   630.9
18.2000       -1667.054    -1699.492       32.438   627.4
18.4000       -1667.007    -1700.250       33.243   643.0
18.6000       -1667.604    -1699.527       31.923   617.4
18.8000       -1669.862    -1699.648       29.787   576.1
19.0000       -1672.252    -1699.801       27.548   532.8
19.2000       -1670.057    -1697.968       27.911   539.8
19.4000       -1670.612    -1698.520       27.909   539.8
19.6000       -1668.316    -1699.747       31.431   607.9
19.8000       -1670.044    -1700.784       30.740   594.5
20.0000       -1669.685    -1700.530       30.845   596.6
20.2000       -1666.531    -1697.881       31.350   606.3
20.4000       -1667.525    -1698.525       31.000   599.6
20.6000       -1667.227    -1698.745       31.517   609.6
20.8000       -1668.501    -1698.468       29.967   579.6
21.0000       -1668.132    -1700.124       31.993   618.8
21.2000       -1667.387    -1697.626       30.239   584.9
21.4000       -1670.667    -1702.700       32.033   619.5
21.6000       -1670.410    -1700.578       30.167   583.5
21.8000       -1671.409    -1699.725       28.316   547.7
22.0000       -1671.881    -1700.814       28.932   559.6
22.2000       -1669.812    -1700.106       30.294   585.9
22.4000       -1668.791    -1699.945       31.154   602.5
22.6000       -1669.248    -1698.941       29.693   574.3
22.8000       -1668.311    -1698.234       29.922   578.7
23.0000       -1668.259    -1700.164       31.905   617.1
23.2000       -1672.340    -1700.843       28.503   551.3
23.4000       -1668.787    -1698.983       30.195   584.0
23.6000       -1666.026    -1697.732       31.706   613.2
23.8000       -1667.433    -1700.312       32.878   635.9
24.0000       -1666.964    -1699.249       32.285   624.4
24.2000       -1665.472    -1698.365       32.893   636.2
24.4000       -1665.009    -1696.506       31.496   609.2
24.6000       -1667.289    -1696.946       29.657   573.6
24.8000       -1667.643    -1697.324       29.681   574.0
25.0000       -1665.028    -1696.543       31.515   609.5
25.2000       -1664.690    -1696.629       31.939   617.7
25.4000       -1665.203    -1694.675       29.472   570.0
25.6000       -1664.985    -1698.125       33.139   640.9
25.8000       -1664.074    -1696.745       32.671   631.9
26.0000       -1666.094    -1697.520       31.426   607.8
26.2000       -1669.068    -1699.374       30.307   586.2
26.4000       -1667.389    -1698.688       31.300   605.4
26.6000       -1667.301    -1699.259       31.957   618.1
26.8000       -1668.692    -1700.076       31.384   607.0
27.0000       -1666.844    -1698.410       31.566   610.5
27.2000       -1665.304    -1698.065       32.762   633.6
27.4000       -1665.229    -1695.793       30.565   591.1
27.6000       -1664.936    -1696.009       31.073   601.0
27.8000       -1666.648    -1697.559       30.911   597.8
28.0000       -1664.560    -1697.359       32.799   634.4
28.2000       -1665.918    -1699.478       33.560   649.1
28.4000       -1667.634    -1696.849       29.214   565.0
28.6000       -1669.390    -1699.624       30.234   584.8
28.8000       -1668.855    -1697.427       28.572   552.6
29.0000       -1668.580    -1699.647       31.067   600.9
29.2000       -1667.267    -1698.250       30.982   599.2
29.4000       -1667.740    -1699.426       31.686   612.8
29.6000       -1665.854    -1698.159       32.306   624.8
29.8000       -1666.330    -1697.337       31.007   599.7
30.0000       -1666.156    -1698.733       32.576   630.1
30.2000       -1666.664    -1698.931       32.267   624.1
30.4000       -1667.838    -1696.939       29.102   562.9
30.6000       -1669.985    -1700.163       30.178   583.7
30.8000       -1670.753    -1700.221       29.469   569.9
31.0000       -1667.451    -1697.606       30.155   583.2
31.2000       -1667.271    -1698.512       31.241   604.2
31.4000       -1668.882    -1699.052       30.170   583.5
31.6000       -1667.154    -1697.549       30.395   587.9
31.8000       -1669.436    -1700.604       31.169   602.8
32.0000       -1668.622    -1699.703       31.081   601.1
32.2000       -1669.874    -1700.031       30.157   583.3
32.4000       -1667.032    -1697.599       30.567   591.2
32.6000       -1666.443    -1695.719       29.275   566.2
32.8000       -1668.419    -1699.348       30.930   598.2
33.0000       -1668.955    -1699.260       30.305   586.1
33.2000       -1667.093    -1698.396       31.303   605.4
33.4000       -1669.098    -1698.340       29.242   565.6
33.6000       -1669.076    -1698.779       29.704   574.5
33.8000       -1668.763    -1700.300       31.537   610.0
34.0000       -1669.006    -1698.781       29.775   575.9
34.2000       -1663.082    -1695.967       32.885   636.0
34.4000       -1666.865    -1698.085       31.220   603.8
34.6000       -1666.677    -1697.451       30.774   595.2
34.8000       -1668.357    -1698.495       30.138   582.9
35.0000       -1669.967    -1699.637       29.670   573.8
35.2000       -1667.839    -1698.588       30.749   594.7
35.4000       -1670.124    -1700.468       30.344   586.9
35.6000       -1670.053    -1700.890       30.837   596.4
35.8000       -1668.119    -1700.150       32.031   619.5
36.0000       -1668.173    -1697.427       29.254   565.8
36.2000       -1667.629    -1696.780       29.151   563.8
36.4000       -1669.022    -1699.396       30.374   587.5
36.6000       -1671.043    -1701.352       30.309   586.2
36.8000       -1671.883    -1701.691       29.808   576.5
37.0000       -1669.969    -1699.981       30.012   580.5
37.2000       -1668.125    -1698.285       30.160   583.3
37.4000       -1666.724    -1699.523       32.799   634.4
37.6000       -1668.414    -1699.237       30.823   596.2
37.8000       -1668.866    -1699.176       30.310   586.2
38.0000       -1669.084    -1699.369       30.285   585.7
38.2000       -1667.050    -1697.285       30.235   584.8
38.4000       -1669.769    -1698.869       29.100   562.8
38.6000       -1671.251    -1701.342       30.091   582.0
38.8000       -1671.044    -1701.278       30.234   584.8
39.0000       -1668.007    -1698.800       30.793   595.6
39.2000       -1666.870    -1697.627       30.758   594.9
39.4000       -1666.290    -1698.075       31.785   614.7
39.6000       -1666.408    -1699.037       32.629   631.1
39.8000       -1665.858    -1696.448       30.590   591.6
40.0000       -1665.253    -1696.845       31.593   611.0
40.2000       -1666.810    -1699.271       32.461   627.8
40.4000       -1667.744    -1698.834       31.090   601.3
40.6000       -1667.198    -1698.771       31.572   610.6
40.8000       -1668.227    -1698.358       30.131   582.8
41.0000       -1667.214    -1698.410       31.197   603.4
41.2000       -1666.362    -1697.291       30.929   598.2
41.4000       -1663.731    -1696.061       32.329   625.3
41.6000       -1666.687    -1697.503       30.817   596.0
41.8000       -1668.347    -1699.508       31.161   602.7
42.0000       -1667.715    -1698.282       30.568   591.2
42.2000       -1669.800    -1698.944       29.143   563.7
42.4000       -1668.875    -1699.626       30.752   594.8
42.6000       -1668.128    -1700.512       32.384   626.3
42.8000       -1669.185    -1698.408       29.224   565.2
43.0000       -1669.222    -1699.523       30.301   586.0
43.2000       -1667.766    -1699.262       31.496   609.2
43.4000       -1666.566    -1697.547       30.981   599.2
43.6000       -1666.368    -1698.509       32.141   621.6
43.8000       -1668.686    -1698.867       30.181   583.7
44.0000       -1667.775    -1698.615       30.841   596.5
44.2000       -1669.391    -1698.826       29.435   569.3
44.4000       -1666.027    -1698.372       32.345   625.6
44.6000       -1667.370    -1699.261       31.890   616.8
44.8000       -1669.133    -1700.054       30.920   598.0
45.0000       -1668.715    -1697.394       28.678   554.7
45.2000       -1671.192    -1699.471       28.279   546.9
45.4000       -1668.994    -1698.707       29.713   574.7
45.6000       -1670.851    -1701.585       30.733   594.4
45.8000       -1669.700    -1699.105       29.405   568.7
46.0000       -1669.129    -1699.734       30.605   591.9
46.2000       -1668.606    -1698.325       29.719   574.8
46.4000       -1668.121    -1700.290       32.168   622.2
46.6000       -1669.366    -1699.767       30.401   588.0
46.8000       -1669.349    -1699.813       30.464   589.2
47.0000       -1670.371    -1699.327       28.957   560.0
47.2000       -1672.404    -1702.720       30.316   586.3
47.4000       -1669.291    -1699.360       30.069   581.6
47.6000       -1666.069    -1697.358       31.288   605.1
47.8000       -1664.611    -1698.444       33.833   654.4
48.0000       -1665.471    -1699.168       33.697   651.7
48.2000       -1663.988    -1696.253       32.265   624.0
48.4000       -1665.600    -1696.827       31.227   604.0
48.6000       -1669.094    -1699.235       30.141   583.0
48.8000       -1667.682    -1699.775       32.093   620.7
49.0000       -1667.792    -1698.463       30.671   593.2
49.2000       -1668.360    -1698.054       29.694   574.3
49.4000       -1666.042    -1698.119       32.077   620.4
49.6000       -1666.270    -1698.296       32.026   619.4
49.8000       -1666.504    -1698.500       31.996   618.8
50.0000       -1666.223    -1697.177       30.954   598.7
50.2000       -1664.751    -1698.043       33.291   643.9
50.4000       -1664.997    -1696.510       31.514   609.5
50.6000       -1667.086    -1698.284       31.199   603.4
50.8000       -1665.271    -1697.603       32.332   625.3
51.0000       -1664.429    -1696.980       32.551   629.6
51.2000       -1668.879    -1699.509       30.630   592.4
51.4000       -1669.965    -1700.199       30.234   584.7
51.6000       -1667.845    -1698.830       30.985   599.3
51.8000       -1668.788    -1698.391       29.603   572.6
52.0000       -1668.362    -1698.183       29.821   576.8
52.2000       -1667.007    -1698.004       30.997   599.5
52.4000       -1667.045    -1698.153       31.108   601.7
52.6000       -1665.539    -1696.600       31.060   600.7
52.8000       -1664.846    -1698.229       33.383   645.7
53.0000       -1667.655    -1698.639       30.984   599.3
53.2000       -1666.821    -1697.839       31.018   599.9
53.4000       -1667.539    -1700.442       32.904   636.4
53.6000       -1669.013    -1699.182       30.169   583.5
53.8000       -1666.065    -1698.494       32.429   627.2
54.0000       -1667.153    -1698.527       31.374   606.8
54.2000       -1667.951    -1698.507       30.556   591.0
54.4000       -1669.263    -1699.382       30.119   582.5
54.6000       -1669.281    -1699.188       29.907   578.4
54.8000       -1669.543    -1699.092       29.549   571.5
55.0000       -1669.543    -1699.132       29.589   572.3
55.2000       -1669.298    -1698.131       28.834   557.7
55.4000       -1670.106    -1700.446       30.340   586.8
55.6000       -1668.965    -1699.880       30.915   597.9
55.8000       -1668.193    -1699.335       31.142   602.3
56.0000       -1669.619    -1700.839       31.220   603.8
56.2000       -1668.763    -1699.517       30.753   594.8
56.4000       -1670.776    -1699.286       28.510   551.4
56.6000       -1668.932    -1698.876       29.944   579.2
56.8000       -1667.450    -1696.803       29.353   567.7
57.0000       -1666.539    -1697.879       31.340   606.1
57.2000       -1665.833    -1695.809       29.975   579.7
57.4000       -1667.937    -1698.601       30.665   593.1
57.6000       -1668.364    -1699.177       30.813   595.9
57.8000       -1667.570    -1698.441       30.871   597.1
58.0000       -1664.512    -1697.317       32.805   634.5
58.2000       -1665.100    -1697.670       32.570   629.9
58.4000       -1664.655    -1697.130       32.475   628.1
58.6000       -1666.657    -1698.221       31.564   610.5
58.8000       -1666.481    -1697.860       31.380   606.9
59.0000       -1670.012    -1698.896       28.884   558.6
59.2000       -1672.304    -1702.430       30.125   582.7
59.4000       -1669.309    -1698.801       29.492   570.4
59.6000       -1667.651    -1699.212       31.562   610.4
59.8000       -1667.970    -1699.021       31.051   600.6
60.0000       -1668.988    -1700.973       31.984   618.6
60.2000       -1668.783    -1699.468       30.685   593.5
60.4000       -1667.723    -1698.436       30.712   594.0
60.6000       -1665.516    -1697.731       32.214   623.1
60.8000       -1667.381    -1698.621       31.240   604.2
61.0000       -1667.816    -1698.882       31.065   600.8
61.2000       -1665.763    -1695.814       30.051   581.2
61.4000       -1668.439    -1697.554       29.115   563.1
61.6000       -1668.236    -1699.565       31.329   605.9
61.8000       -1667.626    -1698.430       30.804   595.8
62.0000       -1667.437    -1697.966       30.528   590.4
62.2000       -1663.547    -1696.649       33.102   640.2
62.4000       -1666.838    -1698.315       31.478   608.8
62.6000       -1669.220    -1700.033       30.813   596.0
62.8000       -1668.660    -1698.746       30.085   581.9
63.0000       -1668.016    -1699.364       31.348   606.3
63.2000       -1668.541    -1698.444       29.903   578.4
63.4000       -1669.340    -1698.137       28.797   557.0
63.6000       -1668.836    -1699.650       30.814   596.0
63.8000       -1667.886    -1698.650       30.764   595.0
64.0000       -1667.142    -1698.997       31.855   616.1
64.2000       -1665.790    -1697.133       31.343   606.2
64.4000       -1665.329    -1695.924       30.595   591.7
64.6000       -1668.475    -1699.647       31.172   602.9
64.8000       -1669.321    -1698.222       28.902   559.0
65.0000       -1668.780    -1697.667       28.887   558.7
65.2000       -1666.466    -1697.716       31.249   604.4
65.4000       -1667.777    -1699.317       31.540   610.0
65.6000       -1668.328    -1698.529       30.201   584.1
65.8000       -1666.303    -1698.217       31.914   617.2
66.0000       -1666.464    -1698.184       31.720   613.5
66.2000       -1666.692    -1697.047       30.355   587.1
66.4000       -1667.953    -1698.318       30.364   587.3
66.6000       -1668.392    -1699.104       30.712   594.0
66.8000       -1667.401    -1699.715       32.315   625.0
67.0000       -1666.060    -1698.665       32.604   630.6
67.2000       -1666.885    -1698.783       31.898   616.9
67.4000       -1665.357    -1698.784       33.428   646.5
67.6000       -1664.984    -1696.723       31.738   613.8
67.8000       -1666.605    -1697.406       30.801   595.7
68.0000       -1667.892    -1698.748       30.856   596.8
68.2000       -1668.108    -1699.753       31.646   612.1
68.4000       -1668.400    -1701.757       33.358   645.2
68.6000       -1667.727    -1698.277       30.550   590.9
68.8000       -1667.303    -1699.295       31.991   618.7
69.0000       -1667.524    -1699.218       31.693   613.0
69.2000       -1667.784    -1699.184       31.400   607.3
69.4000       -1665.966    -1697.435       31.470   608.7
69.6000       -1667.007    -1698.523       31.517   609.6
69.8000       -1667.255    -1699.339       32.084   620.5
70.0000       -1666.376    -1699.321       32.945   637.2
70.2000       -1665.550    -1696.031       30.481   589.5
70.4000       -1665.484    -1695.719       30.235   584.8
70.6000       -1664.012    -1697.614       33.602   649.9
70.8000       -1663.143    -1695.084       31.941   617.8
71.0000       -1664.855    -1696.570       31.715   613.4
71.2000       -1668.355    -1699.502       31.147   602.4
71.4000       -1670.235    -1700.019       29.785   576.1
71.6000       -1668.814    -1697.365       28.552   552.2
71.8000       -1666.967    -1699.166       32.199   622.8
72.0000       -1667.704    -1699.451       31.748   614.0
72.2000       -1667.785    -1699.102       31.317   605.7
72.4000       -1666.943    -1699.845       32.903   636.4
72.6000       -1667.065    -1697.246       30.181   583.7
72.8000       -1666.909    -1698.653       31.744   614.0
73.0000       -1666.467    -1697.387       30.920   598.0
73.2000       -1666.580    -1698.377       31.797   615.0
73.4000       -1668.459    -1697.914       29.455   569.7
73.6000       -1669.633    -1700.509       30.877   597.2
73.8000       -1668.954    -1700.661       31.708   613.3
74.0000       -1666.726    -1698.539       31.813   615.3
74.2000       -1670.306    -1700.920       30.614   592.1
74.4000       -1668.765    -1700.024       31.259   604.6
74.6000       -1670.726    -1700.068       29.342   567.5
74.8000       -1669.314    -1698.708       29.393   568.5
75.0000       -1671.202    -1700.158       28.956   560.0
75.2000       -1668.037    -1698.196       30.159   583.3
75.4000       -1666.641    -1699.474       32.833   635.0
75.6000       -1668.354    -1697.949       29.595   572.4
75.8000       -1667.278    -1698.081       30.804   595.8
76.0000       -1667.089    -1698.047       30.959   598.8
76.2000       -1666.004    -1698.477       32.472   628.0
76.4000       -1666.680    -1696.861       30.181   583.7
76.6000       -1667.056    -1698.956       31.901   617.0
76.8000       -1665.102    -1698.978       33.876   655.2
77.0000       -1667.880    -1698.386       30.506   590.0
77.2000       -1667.390    -1697.650       30.260   585.3
77.4000       -1666.549    -1699.166       32.617   630.8
77.6000       -1666.370    -1697.058       30.689   593.5
77.8000       -1667.009    -1698.396       31.387   607.1
78.0000       -1666.923    -1698.969       32.045   619.8
78.2000       -1669.431    -1699.147       29.716   574.7
78.4000       -1669.091    -1699.469       30.378   587.5
78.6000       -1668.782    -1700.281       31.499   609.2
78.8000       -1666.921    -1699.031       32.110   621.0
79.0000       -1668.733    -1700.242       31.509   609.4
79.2000       -1670.469    -1701.961       31.492   609.1
79.4000       -1668.344    -1699.431       31.087   601.3
79.6000       -1667.964    -1698.491       30.526   590.4
79.8000       -1668.655    -1698.558       29.903   578.3
80.0000       -1668.363    -1699.305       30.941   598.4
80.2000       -1668.831    -1701.026       32.195   622.7
80.4000       -1667.505    -1698.268       30.763   595.0
80.6000       -1667.229    -1697.720       30.491   589.7
80.8000       -1665.192    -1697.207       32.015   619.2
81.0000       -1665.971    -1699.534       33.563   649.1
81.2000       -1666.154    -1697.236       31.083   601.2
81.4000       -1665.014    -1698.560       33.546   648.8
81.6000       -1664.785    -1696.521       31.737   613.8
81.8000       -1666.724    -1699.723       32.998   638.2
82.0000       -1663.930    -1695.746       31.816   615.3
82.2000       -1667.357    -1698.376       31.019   599.9
82.4000       -1665.238    -1698.159       32.921   636.7
82.6000       -1663.371    -1695.686       32.315   625.0
82.8000       -1664.283    -1696.534       32.251   623.8
83.0000       -1666.370    -1696.436       30.066   581.5
83.2000       -1666.216    -1697.546       31.330   605.9
83.4000       -1666.303    -1697.661       31.358   606.5
83.6000       -1665.665    -1698.606       32.941   637.1
83.8000       -1667.982    -1699.427       31.445   608.2
84.0000       -1670.183    -1701.139       30.956   598.7
84.2000       -1668.973    -1699.949       30.976   599.1
84.4000       -1668.784    -1698.854       30.069   581.6
84.6000       -1666.406    -1696.823       30.418   588.3
84.8000       -1667.808    -1699.187       31.378   606.9
85.0000       -1669.029    -1700.232       31.204   603.5
85.2000       -1668.937    -1699.447       30.510   590.1
85.4000       -1669.775    -1699.374       29.599   572.5
85.6000       -1668.293    -1699.327       31.033   600.2
85.8000       -1666.808    -1699.632       32.823   634.8
86.0000       -1668.702    -1700.446       31.744   614.0
86.2000       -1668.434    -1698.745       30.311   586.2
86.4000       -1669.435    -1698.994       29.559   571.7
86.6000       -1669.547    -1700.227       30.681   593.4
86.8000       -1666.405    -1697.378       30.973   599.0
87.0000       -1669.156    -1697.891       28.736   555.8
87.2000       -1670.118    -1699.360       29.242   565.6
87.4000       -1670.191    -1700.698       30.507   590.0
87.6000       -1667.954    -1700.107       32.154   621.9
87.8000       -1669.571    -1699.771       30.200   584.1
88.0000       -1668.513    -1699.877       31.364   606.6
88.2000       -1664.906    -1696.957       32.051   619.9
88.4000       -1665.235    -1697.308       32.072   620.3
88.6000       -1666.289    -1696.699       30.409   588.1
88.8000       -1668.290    -1698.042       29.752   575.4
89.0000       -1668.190    -1697.823       29.632   573.1
89.2000       -1666.962    -1699.227       32.266   624.0
89.4000       -1665.830    -1698.912       33.082   639.8
89.6000       -1664.855    -1698.100       33.245   643.0
89.8000       -1663.995    -1697.258       33.263   643.3
90.0000       -1664.817    -1698.389       33.572   649.3
90.2000       -1664.849    -1698.216       33.366   645.3
90.4000       -1665.070    -1698.550       33.479   647.5
90.6000       -1665.337    -1697.153       31.816   615.3
90.8000       -1667.410    -1697.097       29.687   574.2
91.0000       -1669.292    -1700.090       30.798   595.7
91.2000       -1668.913    -1700.095       31.182   603.1
91.4000       -1669.672    -1699.205       29.533   571.2
91.6000       -1669.519    -1699.719       30.201   584.1
91.8000       -1667.984    -1698.833       30.848   596.6
92.0000       -1666.410    -1698.600       32.189   622.6
92.2000       -1667.415    -1698.615       31.200   603.4
92.4000       -1667.468    -1699.160       31.692   613.0
92.6000       -1668.323    -1697.763       29.440   569.4
92.8000       -1668.279    -1699.833       31.553   610.3
93.0000       -1667.512    -1697.740       30.227   584.6
93.2000       -1669.003    -1697.952       28.949   559.9
93.4000       -1667.388    -1698.415       31.027   600.1
93.6000       -1668.358    -1698.894       30.536   590.6
93.8000       -1665.790    -1699.856       34.066   658.9
94.0000       -1669.669    -1699.260       29.591   572.3
94.2000       -1670.564    -1701.428       30.864   596.9
94.4000       -1668.995    -1698.198       29.202   564.8
94.6000       -1668.873    -1699.408       30.535   590.6
94.8000       -1669.896    -1699.133       29.238   565.5
95.0000       -1667.427    -1699.949       32.522   629.0
95.2000       -1669.240    -1700.940       31.700   613.1
95.4000       -1668.005    -1699.075       31.070   600.9
95.6000       -1669.294    -1699.718       30.424   588.4
95.8000       -1667.877    -1698.870       30.993   599.4
96.0000       -1667.979    -1699.148       31.169   602.8
96.2000       -1667.539    -1698.403       30.864   596.9
96.4000       -1666.817    -1696.850       30.033   580.9
96.6000       -1665.712    -1695.536       29.824   576.8
96.8000       -1665.720    -1696.776       31.056   600.6
97.0000       -1667.233    -1699.313       32.080   620.5
97.2000       -1668.681    -1698.844       30.163   583.4
97.4000       -1668.540    -1698.805       30.265   585.4
97.6000       -1669.151    -1699.068       29.917   578.6
97.8000       -1667.606    -1697.860       30.254   585.1
98.0000       -1667.735    -1698.663       30.928   598.2
98.2000       -1664.892    -1697.231       32.339   625.5
98.4000       -1664.543    -1695.841       31.299   605.3
98.6000       -1666.771    -1699.650       32.879   635.9
98.8000       -1668.226    -1699.018       30.792   595.5
99.0000       -1667.948    -1698.412       30.463   589.2
99.2000       -1666.063    -1697.449       31.386   607.0
99.4000       -1665.590    -1696.459       30.869   597.0
99.6000       -1666.200    -1699.176       32.977   637.8
99.8000       -1666.987    -1698.821       31.834   615.7
100.0000      -1670.300    -1700.942       30.642   592.6
100.2000      -1667.709    -1698.523       30.814   596.0
100.4000      -1666.427    -1698.040       31.613   611.4
100.6000      -1667.345    -1698.347       31.001   599.6
100.8000      -1667.286    -1698.153       30.868   597.0
101.0000      -1667.244    -1696.313       29.068   562.2
101.2000      -1668.345    -1698.980       30.636   592.5
101.4000      -1667.695    -1698.455       30.760   594.9
101.6000      -1668.617    -1700.553       31.936   617.7
101.8000      -1667.211    -1699.380       32.169   622.2
102.0000      -1667.516    -1699.096       31.580   610.8
102.2000      -1663.990    -1697.301       33.311   644.3
102.4000      -1665.132    -1698.910       33.778   653.3
102.6000      -1666.196    -1697.096       30.901   597.6
102.8000      -1668.973    -1699.542       30.570   591.2
103.0000      -1665.287    -1697.250       31.963   618.2
103.2000      -1663.631    -1697.067       33.436   646.7
103.4000      -1664.493    -1696.819       32.326   625.2
103.6000      -1663.495    -1697.866       34.371   664.8
103.8000      -1664.805    -1696.595       31.790   614.8
104.0000      -1665.713    -1698.125       32.412   626.9
104.2000      -1667.961    -1698.018       30.057   581.3
104.4000      -1667.230    -1700.011       32.782   634.0
104.6000      -1667.739    -1698.828       31.089   601.3
104.8000      -1666.254    -1696.518       30.263   585.3
105.0000      -1669.174    -1699.702       30.529   590.4
105.2000      -1668.507    -1697.625       29.118   563.2
105.4000      -1668.477    -1699.507       31.030   600.2
105.6000      -1668.368    -1698.946       30.578   591.4
105.8000      -1666.503    -1698.908       32.405   626.7
106.0000      -1666.400    -1697.546       31.146   602.4
106.2000      -1667.059    -1698.161       31.101   601.5
106.4000      -1668.010    -1698.977       30.966   598.9
106.6000      -1668.142    -1698.562       30.420   588.3
106.8000      -1668.001    -1698.013       30.012   580.5
107.0000      -1669.630    -1700.957       31.327   605.9
107.2000      -1669.487    -1698.851       29.364   567.9
107.4000      -1669.318    -1699.876       30.559   591.0
107.6000      -1669.565    -1699.263       29.698   574.4
107.8000      -1667.201    -1699.194       31.993   618.8
108.0000      -1667.524    -1697.610       30.086   581.9
108.2000      -1667.921    -1697.379       29.458   569.7
108.4000      -1668.816    -1700.471       31.655   612.2
108.6000      -1671.237    -1700.917       29.680   574.0
108.8000      -1670.262    -1699.561       29.299   566.7
109.0000      -1669.544    -1699.440       29.896   578.2
109.2000      -1672.324    -1699.544       27.221   526.5
109.4000      -1672.290    -1701.968       29.678   574.0
109.6000      -1669.685    -1698.748       29.063   562.1
109.8000      -1667.412    -1698.393       30.981   599.2
110.0000      -1668.721    -1699.879       31.158   602.6
110.2000      -1665.749    -1697.489       31.740   613.9
110.4000      -1667.980    -1699.101       31.120   601.9
110.6000      -1668.567    -1698.549       29.982   579.9
110.8000      -1666.027    -1698.413       32.386   626.4
111.0000      -1668.786    -1700.720       31.934   617.6
111.2000      -1667.215    -1698.768       31.553   610.3
111.4000      -1667.767    -1698.437       30.671   593.2
111.6000      -1669.009    -1699.398       30.389   587.8
111.8000      -1666.827    -1698.255       31.428   607.9
112.0000      -1666.916    -1698.859       31.943   617.8
112.2000      -1667.903    -1699.559       31.656   612.3
112.4000      -1665.121    -1697.521       32.400   626.6
112.6000      -1667.251    -1698.190       30.939   598.4
112.8000      -1667.126    -1700.007       32.881   635.9
113.0000      -1667.017    -1698.730       31.713   613.4
113.2000      -1667.326    -1697.603       30.276   585.6
113.4000      -1667.349    -1699.171       31.822   615.5
113.6000      -1667.974    -1697.941       29.967   579.6
113.8000      -1665.986    -1698.472       32.486   628.3
114.0000      -1664.694    -1697.616       32.922   636.7
114.2000      -1664.016    -1695.942       31.926   617.5
114.4000      -1667.289    -1696.545       29.256   565.8
114.6000      -1669.059    -1700.098       31.039   600.3
114.8000      -1668.973    -1698.413       29.440   569.4
115.0000      -1668.208    -1699.052       30.844   596.5
115.2000      -1671.354    -1699.285       27.932   540.2
115.4000      -1672.461    -1701.411       28.950   559.9
115.6000      -1672.054    -1701.860       29.806   576.5
115.8000      -1670.923    -1699.846       28.924   559.4
116.0000      -1670.688    -1701.780       31.092   601.3
116.2000      -1669.271    -1698.744       29.473   570.0
116.4000      -1668.059    -1697.738       29.679   574.0
116.6000      -1669.396    -1699.932       30.537   590.6
116.8000      -1668.360    -1699.590       31.230   604.0
117.0000      -1666.433    -1698.282       31.849   616.0
117.2000      -1669.040    -1700.265       31.225   603.9
117.4000      -1668.802    -1699.011       30.209   584.3
117.6000      -1666.324    -1697.729       31.405   607.4
117.8000      -1667.534    -1698.724       31.190   603.2
118.0000      -1666.649    -1697.564       30.915   597.9
118.2000      -1666.114    -1695.903       29.789   576.1
118.4000      -1666.747    -1696.124       29.377   568.2
118.6000      -1668.210    -1698.199       29.989   580.0
118.8000      -1666.622    -1698.003       31.381   606.9
119.0000      -1666.496    -1698.699       32.203   622.8
119.2000      -1667.702    -1698.868       31.166   602.8
119.4000      -1667.320    -1698.183       30.863   596.9
119.6000      -1667.816    -1698.323       30.507   590.0
119.8000      -1664.880    -1697.367       32.488   628.3
120.0000      -1666.250    -1696.729       30.480   589.5
120.2000      -1669.496    -1699.612       30.116   582.5
120.4000      -1670.351    -1701.626       31.275   604.9
120.6000      -1670.359    -1700.082       29.722   574.9
120.8000      -1669.332    -1699.336       30.004   580.3
121.0000      -1670.211    -1700.029       29.818   576.7
121.2000      -1670.724    -1700.329       29.605   572.6
121.4000      -1666.321    -1698.812       32.492   628.4
121.6000      -1668.188    -1698.967       30.779   595.3
121.8000      -1667.933    -1697.405       29.472   570.0
122.0000      -1668.913    -1698.471       29.559   571.7
122.2000      -1670.429    -1700.739       30.310   586.2
122.4000      -1669.898    -1699.659       29.762   575.6
122.6000      -1668.232    -1698.284       30.051   581.2
122.8000      -1668.396    -1698.146       29.749   575.4
123.0000      -1668.955    -1699.597       30.642   592.6
123.2000      -1668.429    -1698.112       29.683   574.1
123.4000      -1668.638    -1700.140       31.501   609.3
123.6000      -1667.634    -1698.260       30.625   592.3
123.8000      -1668.919    -1699.366       30.447   588.9
124.0000      -1666.602    -1696.999       30.398   587.9
124.2000      -1665.514    -1697.314       31.800   615.0
124.4000      -1664.124    -1696.368       32.244   623.6
124.6000      -1664.837    -1696.292       31.455   608.4
124.8000      -1666.387    -1696.174       29.787   576.1
125.0000      -1665.858    -1698.189       32.330   625.3
125.2000      -1666.834    -1698.081       31.246   604.3
125.4000      -1668.918    -1699.763       30.845   596.6
125.6000      -1667.460    -1698.215       30.754   594.8
125.8000      -1671.171    -1699.381       28.210   545.6
126.0000      -1667.738    -1697.997       30.258   585.2
126.2000      -1668.726    -1700.570       31.844   615.9
126.4000      -1669.224    -1698.763       29.539   571.3
126.6000      -1668.228    -1698.723       30.495   589.8
126.8000      -1668.880    -1699.585       30.705   593.9
127.0000      -1668.175    -1700.269       32.094   620.7
127.2000      -1668.570    -1699.217       30.648   592.8
127.4000      -1666.500    -1698.381       31.882   616.6
127.6000      -1667.400    -1699.172       31.772   614.5
127.8000      -1665.322    -1696.372       31.049   600.5
128.0000      -1666.581    -1698.237       31.656   612.3
128.2000      -1666.220    -1696.863       30.643   592.7
128.4000      -1669.087    -1700.186       31.099   601.5
128.6000      -1668.547    -1699.872       31.325   605.8
128.8000      -1670.396    -1700.274       29.878   577.9
129.0000      -1668.854    -1700.938       32.084   620.5
129.2000      -1669.390    -1698.452       29.062   562.1
129.4000      -1667.025    -1697.893       30.868   597.0
129.6000      -1668.146    -1696.899       28.753   556.1
129.8000      -1669.892    -1699.812       29.920   578.7
130.0000      -1667.335    -1697.245       29.910   578.5
130.2000      -1666.936    -1697.707       30.771   595.1
130.4000      -1666.584    -1697.343       30.759   594.9
130.6000      -1667.807    -1696.081       28.273   546.8
130.8000      -1667.182    -1697.511       30.329   586.6
131.0000      -1667.719    -1697.620       29.901   578.3
131.2000      -1668.865    -1699.778       30.914   597.9
131.4000      -1666.167    -1697.662       31.495   609.1
131.6000      -1667.303    -1697.383       30.080   581.8
131.8000      -1666.015    -1698.401       32.386   626.4
132.0000      -1665.287    -1698.996       33.709   652.0
132.2000      -1665.521    -1697.174       31.653   612.2
132.4000      -1668.942    -1697.464       28.522   551.6
132.6000      -1663.154    -1695.929       32.775   633.9
132.8000      -1662.935    -1696.438       33.503   648.0
133.0000      -1665.967    -1699.149       33.182   641.8
133.2000      -1664.371    -1696.645       32.274   624.2
133.4000      -1665.027    -1697.284       32.257   623.9
133.6000      -1667.032    -1698.860       31.828   615.6
133.8000      -1665.079    -1695.709       30.630   592.4
134.0000      -1663.778    -1696.095       32.318   625.0
134.2000      -1665.686    -1699.407       33.721   652.2
134.4000      -1665.684    -1696.702       31.019   599.9
134.6000      -1664.416    -1697.296       32.880   635.9
134.8000      -1665.320    -1697.294       31.974   618.4
135.0000      -1664.814    -1697.605       32.792   634.2
135.2000      -1666.629    -1697.288       30.659   593.0
135.4000      -1665.535    -1697.732       32.197   622.7
135.6000      -1667.351    -1699.088       31.736   613.8
135.8000      -1668.252    -1698.672       30.420   588.3
136.0000      -1670.122    -1699.286       29.164   564.1
136.2000      -1667.201    -1699.701       32.499   628.6
136.4000      -1665.798    -1697.571       31.773   614.5
136.6000      -1667.931    -1697.980       30.049   581.2
136.8000      -1669.153    -1699.186       30.033   580.9
137.0000      -1668.039    -1697.150       29.111   563.0
137.2000      -1666.943    -1698.314       31.371   606.7
137.4000      -1667.032    -1698.818       31.785   614.8
137.6000      -1668.897    -1697.651       28.754   556.1
137.8000      -1668.683    -1698.981       30.298   586.0
138.0000      -1668.084    -1698.773       30.689   593.6
138.2000      -1666.220    -1698.143       31.922   617.4
138.4000      -1666.478    -1698.220       31.743   613.9
138.6000      -1664.872    -1696.812       31.940   617.7
138.8000      -1665.278    -1697.094       31.817   615.4
139.0000      -1667.835    -1700.172       32.338   625.4
139.2000      -1667.418    -1699.820       32.402   626.7
139.4000      -1666.783    -1697.153       30.370   587.4
139.6000      -1666.108    -1697.107       30.999   599.6
139.8000      -1664.568    -1696.930       32.363   625.9
140.0000      -1664.847    -1697.117       32.270   624.1
140.2000      -1667.110    -1698.456       31.346   606.3
140.4000      -1666.062    -1698.239       32.177   622.3
140.6000      -1666.559    -1697.745       31.186   603.2
140.8000      -1667.849    -1700.701       32.852   635.4
141.0000      -1668.032    -1699.513       31.481   608.9
141.2000      -1668.941    -1698.627       29.686   574.2
141.4000      -1667.411    -1698.042       30.631   592.4
141.6000      -1667.536    -1697.081       29.545   571.4
141.8000      -1669.158    -1700.791       31.633   611.8
142.0000      -1668.022    -1698.580       30.558   591.0
142.2000      -1669.086    -1700.333       31.248   604.4
142.4000      -1666.746    -1697.902       31.156   602.6
142.6000      -1666.636    -1696.162       29.526   571.1
142.8000      -1663.288    -1695.674       32.386   626.4
143.0000      -1663.794    -1695.469       31.675   612.6
143.2000      -1663.235    -1699.176       35.941   695.1
143.4000      -1667.224    -1699.630       32.406   626.8
143.6000      -1665.193    -1698.071       32.878   635.9
143.8000      -1665.296    -1696.931       31.635   611.8
144.0000      -1667.395    -1698.042       30.647   592.7
144.2000      -1669.418    -1698.397       28.979   560.5
144.4000      -1669.235    -1699.268       30.033   580.9
144.6000      -1667.905    -1699.009       31.104   601.6
144.8000      -1668.154    -1699.329       31.175   602.9
145.0000      -1667.703    -1699.491       31.788   614.8
145.2000      -1664.446    -1697.527       33.081   639.8
145.4000      -1666.493    -1697.103       30.611   592.0
145.6000      -1665.671    -1697.666       31.994   618.8
145.8000      -1667.488    -1698.140       30.652   592.8
146.0000      -1667.355    -1698.912       31.557   610.3
146.2000      -1666.406    -1700.256       33.850   654.7
146.4000      -1667.747    -1699.302       31.555   610.3
146.6000      -1667.819    -1700.053       32.234   623.4
146.8000      -1670.295    -1700.503       30.209   584.3
147.0000      -1668.118    -1699.666       31.548   610.2
147.2000      -1667.167    -1698.942       31.775   614.6
147.4000      -1666.291    -1697.991       31.700   613.1
147.6000      -1667.794    -1698.321       30.527   590.4
147.8000      -1665.321    -1697.961       32.640   631.3
148.0000      -1664.909    -1696.787       31.878   616.5
148.2000      -1665.952    -1697.554       31.602   611.2
148.4000      -1666.654    -1698.498       31.844   615.9
148.6000      -1666.464    -1698.318       31.854   616.1
148.8000      -1664.737    -1698.798       34.060   658.8
149.0000      -1662.648    -1697.274       34.626   669.7
149.2000      -1664.759    -1696.508       31.748   614.0
149.4000      -1666.139    -1697.027       30.888   597.4
149.6000      -1665.006    -1696.985       31.979   618.5
149.8000      -1665.635    -1695.474       29.839   577.1
150.0000      -1665.898    -1697.846       31.949   617.9
150.2000      -1666.504    -1698.072       31.568   610.5
150.4000      -1666.701    -1698.659       31.959   618.1
150.6000      -1665.908    -1697.008       31.100   601.5
150.8000      -1668.222    -1699.097       30.875   597.1
151.0000      -1667.811    -1698.918       31.108   601.7
151.2000      -1668.499    -1698.267       29.769   575.7
151.4000      -1669.187    -1700.693       31.506   609.4
151.6000      -1667.750    -1699.072       31.322   605.8
151.8000      -1666.286    -1697.628       31.342   606.2
152.0000      -1668.006    -1699.351       31.345   606.2
152.2000      -1664.685    -1696.777       32.093   620.7
152.4000      -1664.009    -1696.501       32.492   628.4
152.6000      -1665.266    -1698.000       32.734   633.1
152.8000      -1668.522    -1698.559       30.038   581.0
153.0000      -1668.654    -1699.131       30.477   589.4
153.2000      -1668.764    -1700.291       31.527   609.8
153.4000      -1668.287    -1697.602       29.315   567.0
153.6000      -1668.070    -1697.746       29.676   574.0
153.8000      -1665.649    -1697.829       32.180   622.4
154.0000      -1665.065    -1698.073       33.008   638.4
154.2000      -1665.806    -1699.867       34.061   658.8
154.4000      -1667.603    -1697.816       30.213   584.3
154.6000      -1668.116    -1697.561       29.445   569.5
154.8000      -1667.918    -1699.179       31.261   604.6
155.0000      -1668.685    -1699.350       30.666   593.1
155.2000      -1668.098    -1698.239       30.141   582.9
155.4000      -1666.400    -1699.884       33.484   647.6
155.6000      -1667.449    -1698.930       31.481   608.9
155.8000      -1667.358    -1696.627       29.269   566.1
156.0000      -1666.876    -1697.956       31.080   601.1
156.2000      -1666.719    -1697.748       31.030   600.1
156.4000      -1668.105    -1699.329       31.224   603.9
156.6000      -1668.987    -1700.260       31.273   604.8
156.8000      -1668.202    -1698.364       30.162   583.4
157.0000      -1666.229    -1698.340       32.110   621.0
157.2000      -1666.822    -1697.109       30.286   585.8
157.4000      -1667.502    -1699.130       31.628   611.7
157.6000      -1669.375    -1701.181       31.806   615.2
157.8000      -1668.631    -1697.989       29.358   567.8
158.0000      -1670.030    -1701.181       31.151   602.5
158.2000      -1667.668    -1699.284       31.616   611.5
158.4000      -1666.754    -1698.513       31.759   614.3
158.6000      -1669.363    -1700.867       31.504   609.3
158.8000      -1670.155    -1701.338       31.183   603.1
159.0000      -1669.972    -1701.144       31.172   602.9
159.2000      -1668.937    -1698.789       29.853   577.4
159.4000      -1668.815    -1698.151       29.336   567.4
159.6000      -1667.556    -1700.773       33.217   642.4
159.8000      -1668.496    -1698.844       30.348   587.0
160.0000      -1669.279    -1699.080       29.801   576.4
160.2000      -1671.136    -1700.818       29.683   574.1
160.4000      -1669.807    -1699.226       29.419   569.0
160.6000      -1669.553    -1698.665       29.113   563.1
160.8000      -1669.170    -1700.441       31.271   604.8
161.0000      -1668.606    -1699.925       31.318   605.7
161.2000      -1665.589    -1696.481       30.891   597.5
161.4000      -1666.137    -1698.741       32.604   630.6
161.6000      -1667.451    -1699.562       32.111   621.1
161.8000      -1667.932    -1699.817       31.885   616.7
162.0000      -1668.686    -1700.791       32.104   620.9
162.2000      -1669.635    -1698.424       28.789   556.8
162.4000      -1670.024    -1698.084       28.060   542.7
162.6000      -1672.334    -1700.231       27.897   539.6
162.8000      -1670.084    -1701.198       31.114   601.8
163.0000      -1667.624    -1698.425       30.801   595.7
163.2000      -1670.550    -1700.914       30.364   587.3
163.4000      -1669.232    -1699.543       30.312   586.3
163.6000      -1671.190    -1699.865       28.676   554.6
163.8000      -1671.146    -1699.966       28.820   557.4
164.0000      -1670.298    -1700.943       30.644   592.7
164.2000      -1669.229    -1698.568       29.339   567.4
164.4000      -1669.181    -1698.621       29.440   569.4
164.6000      -1667.261    -1698.220       30.959   598.8
164.8000      -1667.818    -1696.644       28.826   557.5
165.0000      -1669.994    -1699.519       29.525   571.0
165.2000      -1668.901    -1699.137       30.237   584.8
165.4000      -1665.716    -1696.584       30.868   597.0
165.6000      -1665.824    -1697.318       31.495   609.1
165.8000      -1668.251    -1698.120       29.869   577.7
166.0000      -1667.486    -1699.638       32.152   621.8
166.2000      -1665.486    -1697.190       31.704   613.2
166.4000      -1664.492    -1696.640       32.148   621.8
166.6000      -1665.700    -1698.044       32.344   625.6
166.8000      -1667.329    -1699.130       31.801   615.1
167.0000      -1666.071    -1697.566       31.495   609.1
167.2000      -1666.086    -1697.550       31.464   608.5
167.4000      -1668.002    -1698.609       30.607   592.0
167.6000      -1669.779    -1699.674       29.895   578.2
167.8000      -1670.912    -1702.332       31.420   607.7
168.0000      -1670.814    -1699.194       28.379   548.9
168.2000      -1672.498    -1702.593       30.095   582.1
168.4000      -1669.211    -1699.899       30.688   593.5
168.6000      -1671.018    -1700.945       29.927   578.8
168.8000      -1670.036    -1699.881       29.845   577.2
169.0000      -1669.988    -1697.597       27.608   534.0
169.2000      -1669.187    -1699.006       29.819   576.7
169.4000      -1667.647    -1698.703       31.056   600.7
169.6000      -1668.154    -1699.984       31.830   615.6
169.8000      -1667.232    -1699.040       31.808   615.2
170.0000      -1668.121    -1698.553       30.432   588.6
170.2000      -1669.197    -1700.217       31.020   600.0
170.4000      -1670.514    -1700.185       29.671   573.9
170.6000      -1670.604    -1699.785       29.181   564.4
170.8000      -1670.834    -1702.083       31.249   604.4
171.0000      -1670.016    -1701.316       31.300   605.4
171.2000      -1670.617    -1699.194       28.577   552.7
171.4000      -1669.656    -1699.496       29.839   577.1
171.6000      -1670.609    -1700.132       29.523   571.0
171.8000      -1670.578    -1697.765       27.187   525.8
172.0000      -1668.717    -1700.819       32.102   620.9
172.2000      -1665.124    -1697.583       32.459   627.8
172.4000      -1667.213    -1696.101       28.888   558.7
172.6000      -1667.486    -1698.252       30.767   595.1
172.8000      -1666.460    -1699.120       32.660   631.7
173.0000      -1664.391    -1696.653       32.262   624.0
173.2000      -1667.463    -1697.048       29.585   572.2
173.4000      -1667.270    -1699.990       32.720   632.8
173.6000      -1665.518    -1699.544       34.026   658.1
173.8000      -1668.113    -1699.179       31.066   600.9
174.0000      -1667.968    -1699.242       31.274   604.9
174.2000      -1666.475    -1697.566       31.091   601.3
174.4000      -1665.906    -1696.619       30.713   594.0
174.6000      -1665.473    -1696.692       31.219   603.8
174.8000      -1667.772    -1698.120       30.349   587.0
175.0000      -1669.173    -1699.158       29.985   579.9
175.2000      -1667.193    -1697.095       29.903   578.3
175.4000      -1666.398    -1697.876       31.478   608.8
175.6000      -1665.911    -1698.636       32.725   632.9
175.8000      -1665.095    -1696.055       30.960   598.8
176.0000      -1665.202    -1696.679       31.476   608.8
176.2000      -1668.102    -1698.874       30.772   595.1
176.4000      -1668.438    -1698.836       30.398   587.9
176.6000      -1668.309    -1698.488       30.178   583.7
176.8000      -1668.031    -1699.713       31.681   612.7
177.0000      -1668.284    -1697.486       29.202   564.8
177.2000      -1668.277    -1696.771       28.494   551.1
177.4000      -1666.902    -1697.969       31.066   600.9
177.6000      -1667.554    -1697.351       29.796   576.3
177.8000      -1669.340    -1699.719       30.380   587.6
178.0000      -1668.931    -1698.844       29.913   578.5
178.2000      -1666.432    -1698.526       32.094   620.7
178.4000      -1667.950    -1700.165       32.215   623.1
178.6000      -1667.459    -1697.808       30.349   587.0
178.8000      -1667.772    -1698.412       30.641   592.6
179.0000      -1667.342    -1699.335       31.993   618.8
179.2000      -1668.546    -1698.193       29.648   573.4
179.4000      -1665.853    -1698.220       32.367   626.0
179.6000      -1665.325    -1695.694       30.369   587.4
179.8000      -1665.831    -1695.840       30.009   580.4
180.0000      -1668.137    -1698.105       29.968   579.6
180.2000      -1667.214    -1696.881       29.667   573.8
180.4000      -1667.985    -1698.892       30.906   597.8
180.6000      -1668.271    -1700.116       31.846   615.9
180.8000      -1668.758    -1698.937       30.179   583.7
181.0000      -1668.249    -1700.219       31.970   618.3
181.2000      -1666.824    -1697.233       30.410   588.1
181.4000      -1665.000    -1697.005       32.005   619.0
181.6000      -1663.977    -1695.993       32.016   619.2
181.8000      -1665.592    -1698.268       32.677   632.0
182.0000      -1667.075    -1696.580       29.505   570.7
182.2000      -1665.969    -1697.758       31.790   614.8
182.4000      -1666.633    -1698.760       32.127   621.4
182.6000      -1663.559    -1696.560       33.000   638.3
182.8000      -1667.005    -1698.828       31.823   615.5
183.0000      -1668.382    -1699.248       30.866   597.0
183.2000      -1666.667    -1698.907       32.240   623.5
183.4000      -1666.846    -1698.367       31.521   609.6
183.6000      -1668.135    -1700.030       31.895   616.9
183.8000      -1668.478    -1698.278       29.799   576.3
184.0000      -1669.059    -1698.344       29.285   566.4
184.2000      -1669.095    -1700.989       31.895   616.9
184.4000      -1671.550    -1700.182       28.632   553.8
184.6000      -1672.050    -1701.738       29.689   574.2
184.8000      -1671.677    -1700.820       29.143   563.6
185.0000      -1669.858    -1700.957       31.099   601.5
185.2000      -1667.768    -1698.078       30.310   586.2
185.4000      -1669.290    -1698.484       29.195   564.6
185.6000      -1666.802    -1697.515       30.713   594.0
185.8000      -1667.678    -1699.113       31.434   608.0
186.0000      -1667.126    -1698.420       31.294   605.3
186.2000      -1664.839    -1698.192       33.353   645.1
186.4000      -1663.506    -1696.155       32.649   631.5
186.6000      -1664.819    -1696.591       31.772   614.5
186.8000      -1668.133    -1699.734       31.601   611.2
187.0000      -1666.822    -1697.756       30.934   598.3
187.2000      -1667.561    -1699.207       31.645   612.1
187.4000      -1667.574    -1696.959       29.385   568.3
187.6000      -1669.131    -1699.979       30.847   596.6
187.8000      -1668.269    -1701.082       32.813   634.6
188.0000      -1668.604    -1698.740       30.136   582.9
188.2000      -1668.269    -1699.112       30.843   596.5
188.4000      -1668.608    -1699.645       31.036   600.3
188.6000      -1668.781    -1698.949       30.168   583.5
188.8000      -1668.963    -1699.700       30.737   594.5
189.0000      -1670.209    -1699.233       29.024   561.3
189.2000      -1668.330    -1698.835       30.505   590.0
189.4000      -1667.131    -1697.617       30.485   589.6
189.6000      -1667.636    -1699.080       31.444   608.1
189.8000      -1666.976    -1697.332       30.355   587.1
190.0000      -1667.479    -1698.871       31.391   607.1
190.2000      -1667.705    -1700.796       33.091   640.0
190.4000      -1666.968    -1698.127       31.160   602.7
190.6000      -1668.350    -1698.672       30.322   586.5
190.8000      -1665.372    -1696.508       31.136   602.2
191.0000      -1667.403    -1698.956       31.553   610.3
191.2000      -1666.802    -1698.488       31.686   612.8
191.4000      -1665.055    -1696.801       31.745   614.0
191.6000      -1664.633    -1695.979       31.346   606.3
191.8000      -1666.844    -1698.288       31.444   608.1
192.0000      -1666.817    -1697.720       30.904   597.7
192.2000      -1668.117    -1698.525       30.408   588.1
192.4000      -1667.602    -1699.996       32.393   626.5
192.6000      -1669.454    -1699.782       30.328   586.6
192.8000      -1667.286    -1699.636       32.350   625.7
193.0000      -1667.455    -1697.749       30.293   585.9
193.2000      -1666.962    -1697.034       30.072   581.6
193.4000      -1668.689    -1699.242       30.553   590.9
193.6000      -1667.791    -1700.019       32.229   623.3
193.8000      -1668.857    -1698.292       29.435   569.3
194.0000      -1668.333    -1696.577       28.244   546.3
194.2000      -1667.073    -1698.739       31.666   612.5
194.4000      -1669.462    -1699.552       30.091   582.0
194.6000      -1667.822    -1699.336       31.514   609.5
194.8000      -1669.606    -1699.653       30.046   581.1
195.0000      -1671.312    -1700.702       29.390   568.4
195.2000      -1671.046    -1699.467       28.421   549.7
195.4000      -1671.228    -1699.292       28.065   542.8
195.6000      -1670.155    -1698.205       28.050   542.5
195.8000      -1668.422    -1698.925       30.503   589.9
196.0000      -1669.107    -1697.594       28.488   551.0
196.2000      -1669.945    -1699.956       30.011   580.4
196.4000      -1668.818    -1699.153       30.335   586.7
196.6000      -1667.520    -1698.797       31.277   604.9
196.8000      -1667.073    -1698.942       31.869   616.4
197.0000      -1668.008    -1699.494       31.486   609.0
197.2000      -1668.532    -1699.017       30.485   589.6
197.4000      -1668.112    -1699.663       31.550   610.2
197.6000      -1666.874    -1697.724       30.850   596.7
197.8000      -1668.145    -1698.367       30.222   584.5
198.0000      -1668.400    -1698.191       29.791   576.2
198.2000      -1667.824    -1698.902       31.078   601.1
198.4000      -1668.151    -1698.817       30.666   593.1
198.6000      -1667.974    -1699.090       31.115   601.8
198.8000      -1666.515    -1698.547       32.032   619.5
199.0000      -1667.200    -1696.843       29.643   573.3
199.2000      -1667.779    -1698.730       30.951   598.6
199.4000      -1667.476    -1699.635       32.158   622.0
199.6000      -1668.197    -1699.439       31.241   604.2
199.8000      -1666.676    -1697.508       30.832   596.3
200.0000      -1667.484    -1698.348       30.864   596.9
