Time[ps]      Etot[eV]     Epot[eV]     Ekin[eV]    T[K]
0.0000        -1791.533    -1817.337       25.804   489.3
0.2000        -1792.956    -1817.666       24.710   468.5
0.4000        -1792.432    -1819.350       26.918   510.4
0.6000        -1790.403    -1818.787       28.384   538.2
0.8000        -1791.073    -1817.003       25.930   491.7
1.0000        -1791.300    -1817.564       26.263   498.0
1.2000        -1792.296    -1819.574       27.277   517.2
1.4000        -1790.688    -1816.800       26.112   495.1
1.6000        -1789.888    -1816.924       27.036   512.6
1.8000        -1788.623    -1816.864       28.241   535.5
2.0000        -1789.499    -1817.444       27.946   529.9
2.2000        -1788.441    -1817.539       29.098   551.7
2.4000        -1791.508    -1817.825       26.317   499.0
2.6000        -1790.167    -1817.992       27.825   527.6
2.8000        -1790.323    -1817.302       26.980   511.6
3.0000        -1790.661    -1817.307       26.647   505.3
3.2000        -1790.739    -1817.857       27.118   514.2
3.4000        -1791.259    -1818.132       26.874   509.6
3.6000        -1790.997    -1818.056       27.060   513.1
3.8000        -1791.822    -1818.041       26.219   497.2
4.0000        -1793.199    -1819.303       26.104   495.0
4.2000        -1794.651    -1819.221       24.571   465.9
4.4000        -1794.247    -1818.795       24.548   465.5
4.6000        -1792.099    -1818.208       26.109   495.1
4.8000        -1792.046    -1819.109       27.064   513.2
5.0000        -1790.834    -1817.930       27.096   513.8
5.2000        -1792.462    -1819.679       27.217   516.1
5.4000        -1791.118    -1817.147       26.029   493.6
5.6000        -1792.765    -1817.843       25.078   475.5
5.8000        -1794.040    -1819.373       25.333   480.4
6.0000        -1793.863    -1818.643       24.780   469.9
6.2000        -1792.326    -1818.175       25.848   490.1
6.4000        -1792.144    -1817.602       25.459   482.7
6.6000        -1789.681    -1816.170       26.489   502.3
6.8000        -1792.065    -1818.677       26.611   504.6
7.0000        -1790.282    -1817.515       27.232   516.4
7.2000        -1790.280    -1816.782       26.502   502.5
7.4000        -1791.089    -1817.791       26.702   506.3
7.6000        -1790.504    -1816.955       26.452   501.6
7.8000        -1788.734    -1816.893       28.159   533.9
8.0000        -1789.222    -1816.753       27.532   522.0
8.2000        -1788.473    -1816.920       28.447   539.4
8.4000        -1789.325    -1816.394       27.069   513.3
8.6000        -1788.567    -1815.908       27.341   518.4
8.8000        -1788.893    -1816.255       27.361   518.8
9.0000        -1788.384    -1815.677       27.293   517.5
9.2000        -1789.730    -1817.308       27.577   522.9
9.4000        -1789.978    -1815.632       25.654   486.4
9.6000        -1792.685    -1817.450       24.764   469.6
9.8000        -1791.730    -1817.845       26.115   495.2
10.0000       -1791.902    -1817.490       25.588   485.2
10.2000       -1791.288    -1817.696       26.408   500.7
10.4000       -1792.504    -1818.388       25.885   490.8
10.6000       -1790.890    -1817.294       26.404   500.7
10.8000       -1792.123    -1818.349       26.226   497.3
11.0000       -1792.894    -1817.860       24.966   473.4
11.2000       -1792.696    -1819.308       26.612   504.6
11.4000       -1793.077    -1816.995       23.918   453.5
11.6000       -1792.070    -1817.891       25.821   489.6
11.8000       -1792.274    -1819.652       27.378   519.1
12.0000       -1793.085    -1818.828       25.743   488.1
12.2000       -1794.573    -1818.791       24.218   459.2
12.4000       -1793.127    -1819.266       26.139   495.6
12.6000       -1794.599    -1819.946       25.346   480.6
12.8000       -1795.895    -1818.933       23.039   436.9
13.0000       -1792.256    -1818.135       25.880   490.7
13.2000       -1790.697    -1816.957       26.259   497.9
13.4000       -1788.580    -1816.996       28.416   538.8
13.6000       -1791.400    -1817.556       26.156   496.0
13.8000       -1792.541    -1817.955       25.414   481.9
14.0000       -1794.540    -1819.154       24.614   466.7
14.2000       -1793.609    -1819.120       25.511   483.7
14.4000       -1791.244    -1818.514       27.270   517.1
14.6000       -1790.839    -1815.948       25.109   476.1
14.8000       -1789.398    -1816.419       27.021   512.4
15.0000       -1790.083    -1816.874       26.791   508.0
15.2000       -1790.173    -1817.032       26.860   509.3
15.4000       -1788.554    -1815.600       27.046   512.8
15.6000       -1790.410    -1817.323       26.913   510.3
15.8000       -1790.802    -1817.950       27.148   514.8
16.0000       -1789.613    -1817.189       27.576   522.9
16.2000       -1791.121    -1817.628       26.507   502.6
16.4000       -1791.305    -1817.974       26.669   505.7
16.6000       -1790.621    -1816.842       26.221   497.2
16.8000       -1792.644    -1819.084       26.440   501.4
17.0000       -1793.621    -1819.451       25.830   489.8
17.2000       -1793.933    -1819.367       25.434   482.3
17.4000       -1792.256    -1818.208       25.952   492.1
17.6000       -1791.393    -1816.571       25.178   477.4
17.8000       -1792.507    -1819.581       27.074   513.4
18.0000       -1791.747    -1818.594       26.847   509.1
18.2000       -1792.231    -1816.977       24.746   469.2
18.4000       -1793.570    -1819.491       25.920   491.5
18.6000       -1793.069    -1820.161       27.092   513.7
18.8000       -1793.766    -1819.079       25.313   480.0
19.0000       -1791.732    -1817.907       26.176   496.3
19.2000       -1789.923    -1817.464       27.541   522.2
19.4000       -1790.031    -1817.882       27.850   528.1
19.6000       -1791.596    -1818.083       26.487   502.2
19.8000       -1791.785    -1816.500       24.715   468.6
20.0000       -1790.680    -1818.092       27.411   519.8
20.2000       -1793.646    -1819.115       25.469   482.9
20.4000       -1791.826    -1817.634       25.808   489.4
20.6000       -1793.074    -1818.903       25.829   489.8
20.8000       -1793.019    -1817.363       24.344   461.6
21.0000       -1793.683    -1819.727       26.044   493.8
21.2000       -1794.905    -1819.169       24.264   460.1
21.4000       -1793.683    -1819.122       25.439   482.4
21.6000       -1792.932    -1819.982       27.050   512.9
21.8000       -1793.509    -1819.670       26.161   496.1
22.0000       -1792.363    -1819.731       27.368   518.9
22.2000       -1793.206    -1819.232       26.026   493.5
22.4000       -1793.291    -1819.189       25.899   491.1
22.6000       -1791.894    -1818.208       26.314   499.0
22.8000       -1792.942    -1819.966       27.024   512.4
23.0000       -1792.723    -1818.773       26.050   493.9
23.2000       -1793.297    -1819.040       25.742   488.1
23.4000       -1793.861    -1820.483       26.622   504.8
23.6000       -1791.704    -1819.168       27.464   520.8
23.8000       -1792.121    -1817.128       25.007   474.2
24.0000       -1792.868    -1819.272       26.404   500.7
24.2000       -1790.762    -1817.793       27.032   512.6
24.4000       -1791.727    -1818.366       26.639   505.1
24.6000       -1793.203    -1819.284       26.080   494.5
24.8000       -1792.488    -1819.165       26.677   505.8
25.0000       -1790.940    -1817.579       26.639   505.1
25.2000       -1792.107    -1816.952       24.845   471.1
25.4000       -1791.911    -1818.681       26.771   507.6
25.6000       -1792.368    -1818.230       25.862   490.4
25.8000       -1792.997    -1819.903       26.906   510.2
26.0000       -1793.782    -1818.536       24.755   469.4
26.2000       -1794.380    -1819.702       25.322   480.1
26.4000       -1793.917    -1819.085       25.168   477.2
26.6000       -1793.455    -1819.195       25.740   488.1
26.8000       -1792.717    -1819.660       26.943   510.9
27.0000       -1793.070    -1819.389       26.319   499.0
27.2000       -1793.588    -1818.872       25.284   479.4
27.4000       -1792.916    -1818.852       25.936   491.8
27.6000       -1792.267    -1819.182       26.915   510.4
27.8000       -1793.186    -1818.788       25.602   485.5
28.0000       -1790.643    -1817.242       26.599   504.4
28.2000       -1790.848    -1817.709       26.861   509.3
28.4000       -1791.422    -1817.467       26.046   493.9
28.6000       -1792.080    -1819.560       27.480   521.1
28.8000       -1790.729    -1817.693       26.963   511.3
29.0000       -1786.736    -1816.464       29.728   563.7
29.2000       -1788.415    -1815.983       27.568   522.7
29.4000       -1787.866    -1816.376       28.510   540.6
29.6000       -1790.728    -1817.735       27.006   512.1
29.8000       -1792.218    -1817.910       25.692   487.2
30.0000       -1792.408    -1819.451       27.043   512.8
30.2000       -1792.099    -1819.192       27.093   513.7
30.4000       -1791.933    -1818.213       26.281   498.3
30.6000       -1794.103    -1818.842       24.739   469.1
30.8000       -1791.995    -1817.645       25.650   486.4
31.0000       -1792.814    -1818.607       25.793   489.1
31.2000       -1792.636    -1818.471       25.834   489.9
31.4000       -1789.467    -1816.788       27.321   518.0
31.6000       -1790.061    -1816.646       26.585   504.1
31.8000       -1789.633    -1817.626       27.993   530.8
32.0000       -1791.825    -1818.433       26.608   504.5
32.2000       -1790.200    -1816.610       26.410   500.8
32.4000       -1789.450    -1818.351       28.901   548.0
32.6000       -1792.018    -1819.129       27.111   514.1
32.8000       -1790.395    -1817.706       27.311   517.9
33.0000       -1793.434    -1819.270       25.836   489.9
33.2000       -1794.077    -1818.870       24.793   470.1
33.4000       -1791.447    -1818.199       26.752   507.3
33.6000       -1791.314    -1817.627       26.313   498.9
33.8000       -1793.617    -1818.450       24.832   470.9
34.0000       -1794.267    -1819.597       25.330   480.3
34.2000       -1792.775    -1817.321       24.545   465.4
34.4000       -1792.652    -1818.313       25.661   486.6
34.6000       -1791.649    -1818.145       26.496   502.4
34.8000       -1790.342    -1817.132       26.789   508.0
35.0000       -1790.048    -1817.714       27.666   524.6
35.2000       -1788.792    -1816.641       27.850   528.1
35.4000       -1791.570    -1817.200       25.630   486.0
35.6000       -1791.067    -1816.935       25.869   490.5
35.8000       -1790.880    -1818.776       27.896   529.0
36.0000       -1789.164    -1814.186       25.022   474.5
36.2000       -1789.382    -1818.080       28.698   544.2
36.4000       -1789.768    -1818.106       28.337   537.3
36.6000       -1791.896    -1817.787       25.891   490.9
36.8000       -1790.689    -1819.453       28.764   545.4
37.0000       -1792.342    -1818.153       25.811   489.4
37.2000       -1792.366    -1817.078       24.712   468.6
37.4000       -1793.823    -1818.961       25.138   476.6
37.6000       -1792.084    -1818.466       26.382   500.2
37.8000       -1791.745    -1819.105       27.359   518.8
38.0000       -1791.573    -1817.376       25.803   489.3
38.2000       -1790.739    -1815.874       25.135   476.6
38.4000       -1792.782    -1819.160       26.378   500.2
38.6000       -1790.206    -1816.071       25.864   490.4
38.8000       -1788.678    -1817.844       29.166   553.0
39.0000       -1790.214    -1817.369       27.155   514.9
39.2000       -1790.034    -1816.604       26.570   503.8
39.4000       -1789.048    -1817.208       28.160   534.0
39.6000       -1788.817    -1815.556       26.739   507.0
39.8000       -1789.864    -1817.447       27.584   523.0
40.0000       -1790.751    -1817.660       26.909   510.2
40.2000       -1790.157    -1817.261       27.104   513.9
40.4000       -1792.700    -1818.128       25.428   482.2
40.6000       -1793.642    -1819.270       25.629   486.0
40.8000       -1792.244    -1819.013       26.769   507.6
41.0000       -1793.300    -1818.334       25.034   474.7
41.2000       -1793.461    -1819.405       25.944   491.9
41.4000       -1793.601    -1818.759       25.158   477.0
41.6000       -1793.821    -1819.540       25.719   487.7
41.8000       -1793.222    -1819.809       26.587   504.1
42.0000       -1793.933    -1819.937       26.004   493.1
42.2000       -1794.625    -1820.154       25.529   484.1
42.4000       -1794.419    -1820.507       26.088   494.7
42.6000       -1793.485    -1817.799       24.314   461.0
42.8000       -1794.619    -1820.266       25.647   486.3
43.0000       -1793.853    -1818.766       24.913   472.4
43.2000       -1791.643    -1816.977       25.333   480.4
43.4000       -1792.141    -1819.823       27.682   524.9
43.6000       -1791.694    -1817.578       25.884   490.8
43.8000       -1789.646    -1817.194       27.548   522.3
44.0000       -1791.090    -1817.538       26.448   501.5
44.2000       -1790.549    -1818.242       27.693   525.1
44.4000       -1792.927    -1818.646       25.719   487.7
44.6000       -1791.150    -1818.469       27.318   518.0
44.8000       -1789.874    -1819.036       29.163   553.0
45.0000       -1788.355    -1816.739       28.384   538.2
45.2000       -1791.550    -1818.234       26.684   506.0
45.4000       -1790.083    -1816.963       26.880   509.7
45.6000       -1791.543    -1818.355       26.812   508.4
45.8000       -1792.043    -1817.158       25.114   476.2
46.0000       -1790.249    -1817.049       26.799   508.2
46.2000       -1793.273    -1818.383       25.110   476.1
46.4000       -1794.424    -1820.203       25.779   488.8
46.6000       -1794.675    -1820.938       26.263   498.0
46.8000       -1792.590    -1818.485       25.895   491.0
47.0000       -1789.541    -1816.821       27.281   517.3
47.2000       -1792.728    -1818.136       25.408   481.8
47.4000       -1793.203    -1819.235       26.031   493.6
47.6000       -1793.872    -1818.685       24.813   470.5
47.8000       -1795.401    -1818.937       23.536   446.3
48.0000       -1794.467    -1820.124       25.657   486.5
48.2000       -1793.530    -1818.156       24.626   466.9
48.4000       -1794.019    -1818.770       24.751   469.3
48.6000       -1793.066    -1818.723       25.657   486.5
48.8000       -1794.771    -1820.168       25.397   481.6
49.0000       -1792.540    -1818.061       25.521   483.9
49.2000       -1791.825    -1817.267       25.442   482.4
49.4000       -1791.972    -1818.830       26.858   509.3
49.6000       -1792.794    -1818.573       25.779   488.8
49.8000       -1793.771    -1818.791       25.020   474.4
50.0000       -1792.828    -1818.681       25.853   490.2
50.2000       -1793.583    -1817.777       24.194   458.8
50.4000       -1790.094    -1817.767       27.673   524.7
50.6000       -1789.690    -1815.983       26.293   498.6
50.8000       -1791.911    -1816.836       24.925   472.6
51.0000       -1792.203    -1818.552       26.349   499.6
51.2000       -1792.518    -1818.057       25.540   484.3
51.4000       -1790.020    -1816.512       26.492   502.3
51.6000       -1791.955    -1818.167       26.211   497.0
51.8000       -1789.380    -1816.401       27.021   512.4
52.0000       -1790.760    -1818.015       27.255   516.8
52.2000       -1791.297    -1818.101       26.805   508.3
52.4000       -1789.992    -1817.343       27.352   518.6
52.6000       -1791.081    -1816.930       25.848   490.1
52.8000       -1791.557    -1816.720       25.162   477.1
53.0000       -1790.254    -1817.057       26.803   508.2
53.2000       -1791.566    -1819.022       27.456   520.6
53.4000       -1791.559    -1816.978       25.419   482.0
53.6000       -1790.983    -1819.895       28.912   548.2
53.8000       -1794.656    -1818.940       24.283   460.5
54.0000       -1792.905    -1817.745       24.840   471.0
54.2000       -1792.069    -1819.161       27.092   513.7
54.4000       -1791.128    -1819.919       28.791   545.9
54.6000       -1792.600    -1818.399       25.799   489.2
54.8000       -1791.392    -1818.229       26.838   508.9
55.0000       -1791.870    -1818.059       26.189   496.6
55.2000       -1793.575    -1819.481       25.906   491.2
55.4000       -1794.752    -1818.742       23.990   454.9
55.6000       -1794.397    -1819.005       24.608   466.6
55.8000       -1795.048    -1820.632       25.585   485.1
56.0000       -1794.235    -1819.318       25.082   475.6
56.2000       -1792.992    -1819.559       26.567   503.8
56.4000       -1789.992    -1817.650       27.659   524.5
56.6000       -1789.305    -1816.819       27.514   521.7
56.8000       -1787.986    -1817.104       29.118   552.1
57.0000       -1789.241    -1817.822       28.581   541.9
57.2000       -1789.275    -1816.577       27.302   517.7
57.4000       -1789.448    -1817.687       28.239   535.5
57.6000       -1789.715    -1817.415       27.700   525.2
57.8000       -1790.193    -1817.556       27.363   518.9
58.0000       -1788.595    -1815.988       27.392   519.4
58.2000       -1791.837    -1818.084       26.247   497.7
58.4000       -1790.859    -1816.172       25.313   480.0
58.6000       -1790.748    -1818.749       28.001   530.9
58.8000       -1793.632    -1818.540       24.909   472.3
59.0000       -1792.240    -1817.964       25.724   487.8
59.2000       -1791.596    -1819.555       27.959   530.1
59.4000       -1793.464    -1819.046       25.582   485.1
59.6000       -1789.399    -1816.793       27.394   519.4
59.8000       -1791.035    -1817.503       26.469   501.9
60.0000       -1792.781    -1820.294       27.513   521.7
60.2000       -1792.615    -1819.351       26.736   507.0
60.4000       -1790.689    -1819.151       28.462   539.7
60.6000       -1790.492    -1816.083       25.591   485.3
60.8000       -1789.879    -1817.753       27.874   528.5
61.0000       -1791.422    -1818.977       27.555   522.5
61.2000       -1790.594    -1817.070       26.475   502.0
61.4000       -1790.046    -1816.849       26.803   508.2
61.6000       -1791.865    -1818.331       26.467   501.9
61.8000       -1791.805    -1817.573       25.767   488.6
62.0000       -1789.258    -1817.995       28.737   544.9
62.2000       -1790.279    -1819.058       28.779   545.7
62.4000       -1789.680    -1817.054       27.374   519.0
62.6000       -1789.674    -1816.608       26.934   510.7
62.8000       -1789.532    -1815.622       26.089   494.7
63.0000       -1791.388    -1818.379       26.992   511.8
63.2000       -1792.363    -1819.118       26.755   507.3
63.4000       -1791.902    -1817.595       25.693   487.2
63.6000       -1791.996    -1818.084       26.088   494.7
63.8000       -1792.509    -1818.799       26.290   498.5
64.0000       -1791.807    -1818.758       26.951   511.0
64.2000       -1789.798    -1817.316       27.518   521.8
64.4000       -1789.157    -1816.373       27.216   516.1
64.6000       -1789.967    -1816.658       26.692   506.1
64.8000       -1791.059    -1818.116       27.056   513.0
65.0000       -1790.686    -1817.311       26.625   504.9
65.2000       -1789.530    -1816.104       26.574   503.9
65.4000       -1791.524    -1816.492       24.968   473.4
65.6000       -1791.820    -1818.365       26.546   503.3
65.8000       -1791.323    -1817.229       25.905   491.2
66.0000       -1791.813    -1819.600       27.787   526.9
66.2000       -1791.406    -1817.565       26.159   496.0
66.4000       -1789.298    -1817.860       28.562   541.6
66.6000       -1790.017    -1815.748       25.731   487.9
66.8000       -1789.232    -1816.483       27.251   516.7
67.0000       -1790.983    -1817.876       26.893   509.9
67.2000       -1789.458    -1816.227       26.769   507.6
67.4000       -1789.174    -1817.513       28.339   537.4
67.6000       -1790.303    -1818.011       27.708   525.4
67.8000       -1790.308    -1817.979       27.671   524.7
68.0000       -1792.900    -1819.612       26.712   506.5
68.2000       -1791.521    -1817.904       26.383   500.3
68.4000       -1790.982    -1818.158       27.176   515.3
68.6000       -1787.747    -1816.415       28.668   543.6
68.8000       -1790.660    -1817.243       26.583   504.1
69.0000       -1791.305    -1817.125       25.820   489.6
69.2000       -1789.104    -1817.179       28.075   532.3
69.4000       -1791.197    -1817.271       26.074   494.4
69.6000       -1790.656    -1817.081       26.425   501.1
69.8000       -1791.330    -1817.876       26.546   503.4
70.0000       -1789.255    -1816.906       27.650   524.3
70.2000       -1788.624    -1816.695       28.071   532.3
70.4000       -1790.104    -1816.418       26.314   499.0
70.6000       -1791.580    -1817.600       26.020   493.4
70.8000       -1792.892    -1819.025       26.133   495.5
71.0000       -1791.636    -1819.701       28.065   532.2
71.2000       -1791.439    -1818.254       26.815   508.5
71.4000       -1790.897    -1817.637       26.740   507.0
71.6000       -1791.506    -1818.367       26.861   509.3
71.8000       -1790.228    -1817.412       27.185   515.5
72.0000       -1791.373    -1818.229       26.856   509.2
72.2000       -1792.536    -1818.620       26.084   494.6
72.4000       -1794.280    -1818.806       24.525   465.0
72.6000       -1791.921    -1817.516       25.594   485.3
72.8000       -1792.135    -1818.535       26.400   500.6
73.0000       -1792.601    -1818.899       26.298   498.6
73.2000       -1795.982    -1820.092       24.109   457.2
73.4000       -1794.571    -1819.963       25.393   481.5
73.6000       -1793.354    -1818.325       24.971   473.5
73.8000       -1792.494    -1818.055       25.561   484.7
74.0000       -1792.207    -1819.227       27.020   512.3
74.2000       -1792.575    -1818.356       25.781   488.9
74.4000       -1792.513    -1818.787       26.274   498.2
74.6000       -1793.934    -1820.931       26.996   511.9
74.8000       -1791.782    -1817.551       25.769   488.6
75.0000       -1793.778    -1820.187       26.409   500.8
75.2000       -1791.085    -1818.047       26.962   511.2
75.4000       -1789.473    -1817.197       27.723   525.7
75.6000       -1790.327    -1817.568       27.241   516.5
75.8000       -1789.697    -1818.227       28.530   541.0
76.0000       -1791.961    -1818.293       26.332   499.3
76.2000       -1791.129    -1818.162       27.033   512.6
76.4000       -1792.555    -1816.922       24.367   462.0
76.6000       -1794.199    -1819.459       25.260   479.0
76.8000       -1792.312    -1819.931       27.619   523.7
77.0000       -1790.149    -1817.471       27.322   518.1
77.2000       -1793.489    -1819.961       26.471   501.9
77.4000       -1793.793    -1818.800       25.006   474.2
77.6000       -1792.170    -1819.192       27.022   512.4
77.8000       -1791.864    -1818.809       26.945   510.9
78.0000       -1792.997    -1818.613       25.616   485.7
78.2000       -1792.155    -1818.073       25.918   491.4
78.4000       -1790.518    -1816.856       26.338   499.4
78.6000       -1791.325    -1817.105       25.780   488.8
78.8000       -1790.807    -1817.776       26.969   511.4
79.0000       -1792.036    -1819.533       27.497   521.4
79.2000       -1792.366    -1817.951       25.585   485.1
79.4000       -1792.116    -1817.457       25.342   480.5
79.6000       -1791.925    -1817.282       25.357   480.8
79.8000       -1790.927    -1817.921       26.994   511.9
80.0000       -1792.104    -1817.959       25.855   490.3
80.2000       -1792.688    -1818.167       25.480   483.1
80.4000       -1790.538    -1816.890       26.352   499.7
80.6000       -1791.809    -1817.268       25.460   482.8
80.8000       -1793.343    -1817.901       24.558   465.7
81.0000       -1793.360    -1818.120       24.760   469.5
81.2000       -1794.230    -1819.384       25.154   477.0
81.4000       -1790.732    -1818.367       27.635   524.0
81.6000       -1791.302    -1818.260       26.958   511.2
81.8000       -1790.702    -1818.116       27.414   519.8
82.0000       -1791.782    -1819.149       27.368   518.9
82.2000       -1792.870    -1817.712       24.841   471.0
82.4000       -1791.672    -1818.994       27.322   518.1
82.6000       -1790.755    -1817.889       27.133   514.5
82.8000       -1790.572    -1817.424       26.852   509.2
83.0000       -1790.091    -1818.488       28.397   538.5
83.2000       -1790.368    -1817.229       26.861   509.3
83.4000       -1790.878    -1818.525       27.647   524.2
83.6000       -1790.338    -1817.845       27.507   521.6
83.8000       -1789.646    -1816.018       26.372   500.1
84.0000       -1788.657    -1816.581       27.924   529.5
84.2000       -1788.897    -1816.364       27.466   520.8
84.4000       -1789.726    -1816.792       27.066   513.2
84.6000       -1791.357    -1817.929       26.573   503.9
84.8000       -1792.474    -1818.409       25.935   491.8
85.0000       -1792.825    -1817.823       24.998   474.0
85.2000       -1792.649    -1819.256       26.607   504.5
85.4000       -1791.993    -1818.397       26.403   500.7
85.6000       -1792.463    -1819.042       26.580   504.0
85.8000       -1794.092    -1818.931       24.839   471.0
86.0000       -1792.113    -1819.469       27.356   518.7
86.2000       -1793.515    -1819.236       25.721   487.7
86.4000       -1793.235    -1818.075       24.840   471.0
86.6000       -1790.959    -1818.062       27.104   513.9
86.8000       -1790.470    -1816.814       26.344   499.5
87.0000       -1791.484    -1818.174       26.690   506.1
87.2000       -1793.941    -1818.883       24.942   472.9
87.4000       -1792.113    -1818.715       26.602   504.4
87.6000       -1793.221    -1818.520       25.299   479.7
87.8000       -1791.946    -1817.479       25.533   484.2
88.0000       -1793.160    -1818.147       24.987   473.8
88.2000       -1791.292    -1818.085       26.793   508.0
88.4000       -1789.649    -1817.454       27.804   527.2
88.6000       -1789.822    -1817.037       27.215   516.0
88.8000       -1788.799    -1817.964       29.165   553.0
89.0000       -1790.074    -1816.366       26.292   498.5
89.2000       -1790.161    -1816.893       26.731   506.9
89.4000       -1788.413    -1816.812       28.399   538.5
89.6000       -1787.508    -1816.615       29.107   551.9
89.8000       -1790.043    -1816.846       26.802   508.2
90.0000       -1790.965    -1817.527       26.562   503.7
90.2000       -1792.061    -1817.476       25.415   481.9
90.4000       -1791.751    -1817.963       26.212   497.0
90.6000       -1790.667    -1817.953       27.286   517.4
90.8000       -1791.253    -1817.114       25.861   490.4
91.0000       -1790.932    -1816.609       25.677   486.9
91.2000       -1791.847    -1819.433       27.586   523.1
91.4000       -1791.014    -1818.702       27.688   525.0
91.6000       -1790.033    -1817.691       27.657   524.4
91.8000       -1790.954    -1818.696       27.742   526.0
92.0000       -1789.501    -1816.408       26.907   510.2
92.2000       -1789.945    -1817.653       27.708   525.4
92.4000       -1790.489    -1817.018       26.529   503.0
92.6000       -1792.948    -1818.450       25.501   483.5
92.8000       -1789.648    -1815.423       25.775   488.7
93.0000       -1791.896    -1817.143       25.247   478.7
93.2000       -1792.716    -1818.169       25.453   482.6
93.4000       -1792.378    -1818.895       26.517   502.8
93.6000       -1791.511    -1817.485       25.974   492.5
93.8000       -1791.082    -1818.850       27.768   526.5
94.0000       -1790.392    -1816.550       26.159   496.0
94.2000       -1790.603    -1817.520       26.918   510.4
94.4000       -1791.280    -1817.562       26.283   498.4
94.6000       -1793.092    -1819.320       26.228   497.3
94.8000       -1789.924    -1817.153       27.229   516.3
95.0000       -1791.547    -1817.940       26.393   500.4
95.2000       -1790.251    -1817.148       26.897   510.0
95.4000       -1790.812    -1817.031       26.218   497.1
95.6000       -1792.071    -1818.780       26.709   506.4
95.8000       -1791.448    -1816.997       25.549   484.5
96.0000       -1789.973    -1816.636       26.663   505.6
96.2000       -1790.462    -1818.941       28.479   540.0
96.4000       -1790.824    -1818.061       27.237   516.5
96.6000       -1789.555    -1816.426       26.871   509.5
96.8000       -1791.193    -1817.189       25.996   492.9
97.0000       -1792.878    -1818.407       25.529   484.1
97.2000       -1793.155    -1817.694       24.539   465.3
97.4000       -1792.508    -1818.476       25.968   492.4
97.6000       -1791.748    -1818.958       27.211   516.0
97.8000       -1790.929    -1817.548       26.619   504.7
98.0000       -1789.844    -1818.217       28.373   538.0
98.2000       -1790.673    -1818.513       27.840   527.9
98.4000       -1790.662    -1817.439       26.778   507.7
98.6000       -1792.009    -1818.525       26.516   502.8
98.8000       -1789.379    -1817.251       27.872   528.5
99.0000       -1791.601    -1817.235       25.634   486.1
99.2000       -1793.177    -1818.693       25.516   483.8
99.4000       -1793.571    -1820.061       26.491   502.3
99.6000       -1792.678    -1819.525       26.848   509.1
99.8000       -1792.861    -1817.530       24.669   467.8
100.0000      -1792.141    -1818.628       26.487   502.2
100.2000      -1792.205    -1817.784       25.580   485.0
100.4000      -1792.865    -1818.954       26.088   494.7
100.6000      -1791.862    -1817.107       25.245   478.7
100.8000      -1789.533    -1817.375       27.843   527.9
101.0000      -1790.509    -1817.125       26.616   504.7
101.2000      -1790.719    -1818.788       28.069   532.2
101.4000      -1791.645    -1818.284       26.638   505.1
101.6000      -1791.237    -1817.443       26.206   496.9
101.8000      -1792.552    -1818.506       25.953   492.1
102.0000      -1793.787    -1819.810       26.023   493.4
102.2000      -1792.783    -1819.706       26.923   510.5
102.4000      -1793.301    -1819.614       26.313   498.9
102.6000      -1794.621    -1818.816       24.195   458.8
102.8000      -1795.422    -1819.612       24.191   458.7
103.0000      -1794.986    -1819.432       24.446   463.5
103.2000      -1792.939    -1820.096       27.157   514.9
103.4000      -1792.179    -1819.070       26.891   509.9
103.6000      -1793.315    -1820.145       26.830   508.7
103.8000      -1793.265    -1819.865       26.600   504.4
104.0000      -1792.770    -1819.030       26.259   497.9
104.2000      -1792.431    -1818.725       26.294   498.6
104.4000      -1791.315    -1818.094       26.779   507.8
104.6000      -1791.099    -1818.266       27.167   515.1
104.8000      -1792.705    -1819.209       26.503   502.5
105.0000      -1791.900    -1817.841       25.942   491.9
105.2000      -1791.506    -1818.626       27.120   514.2
105.4000      -1793.940    -1818.488       24.548   465.5
105.6000      -1793.822    -1818.689       24.867   471.5
105.8000      -1793.261    -1819.109       25.848   490.1
106.0000      -1792.680    -1817.008       24.328   461.3
106.2000      -1791.836    -1817.371       25.535   484.2
106.4000      -1792.268    -1819.126       26.858   509.3
106.6000      -1790.442    -1817.407       26.965   511.3
106.8000      -1790.324    -1817.735       27.410   519.7
107.0000      -1790.278    -1818.690       28.411   538.7
107.2000      -1792.066    -1816.991       24.925   472.6
107.4000      -1789.620    -1819.093       29.474   558.9
107.6000      -1791.201    -1818.654       27.453   520.6
107.8000      -1790.870    -1818.371       27.501   521.5
108.0000      -1793.907    -1818.936       25.029   474.6
108.2000      -1791.507    -1817.808       26.302   498.7
108.4000      -1791.451    -1818.751       27.300   517.6
108.6000      -1790.201    -1817.508       27.307   517.8
108.8000      -1791.926    -1818.821       26.896   510.0
109.0000      -1791.994    -1817.892       25.898   491.1
109.2000      -1790.774    -1816.927       26.152   495.9
109.4000      -1791.690    -1819.195       27.505   521.5
109.6000      -1793.396    -1819.420       26.024   493.5
109.8000      -1792.497    -1818.889       26.392   500.4
110.0000      -1790.302    -1817.270       26.969   511.4
110.2000      -1790.555    -1818.256       27.702   525.3
110.4000      -1789.940    -1816.965       27.025   512.4
110.6000      -1789.031    -1815.401       26.370   500.0
110.8000      -1787.863    -1817.323       29.460   558.6
111.0000      -1788.015    -1814.363       26.348   499.6
111.2000      -1787.632    -1815.354       27.722   525.6
111.4000      -1788.246    -1817.483       29.237   554.4
111.6000      -1790.967    -1818.513       27.546   522.3
111.8000      -1790.862    -1817.511       26.648   505.3
112.0000      -1792.155    -1817.650       25.494   483.4
112.2000      -1791.996    -1819.531       27.535   522.1
112.4000      -1789.340    -1816.884       27.544   522.3
112.6000      -1790.971    -1817.100       26.129   495.5
112.8000      -1790.761    -1818.878       28.117   533.2
113.0000      -1791.908    -1817.533       25.625   485.9
113.2000      -1790.360    -1818.022       27.662   524.5
113.4000      -1791.540    -1817.885       26.345   499.5
113.6000      -1792.221    -1818.342       26.121   495.3
113.8000      -1791.471    -1817.558       26.087   494.7
114.0000      -1794.857    -1820.448       25.592   485.3
114.2000      -1792.414    -1818.266       25.852   490.2
114.4000      -1790.772    -1816.839       26.067   494.3
114.6000      -1791.608    -1818.098       26.489   502.3
114.8000      -1790.348    -1817.684       27.336   518.3
115.0000      -1792.560    -1820.301       27.741   526.0
115.2000      -1791.390    -1818.165       26.775   507.7
115.4000      -1790.764    -1818.911       28.146   533.7
115.6000      -1790.548    -1816.949       26.400   500.6
115.8000      -1788.661    -1817.016       28.355   537.7
116.0000      -1789.441    -1817.192       27.751   526.2
116.2000      -1791.010    -1817.963       26.953   511.1
116.4000      -1791.734    -1818.664       26.930   510.6
116.6000      -1793.585    -1819.615       26.030   493.6
116.8000      -1792.163    -1818.392       26.229   497.3
117.0000      -1794.072    -1818.802       24.731   468.9
117.2000      -1794.438    -1818.347       23.909   453.4
117.4000      -1794.701    -1820.186       25.486   483.2
117.6000      -1793.800    -1818.812       25.011   474.3
117.8000      -1793.232    -1819.161       25.929   491.7
118.0000      -1791.653    -1817.346       25.693   487.2
118.2000      -1791.525    -1817.439       25.914   491.4
118.4000      -1791.449    -1817.695       26.247   497.7
118.6000      -1791.372    -1816.965       25.592   485.3
118.8000      -1793.103    -1818.109       25.006   474.2
119.0000      -1793.089    -1819.992       26.903   510.1
119.2000      -1791.375    -1818.114       26.739   507.0
119.4000      -1790.914    -1818.126       27.212   516.0
119.6000      -1790.885    -1819.214       28.328   537.2
119.8000      -1790.402    -1816.712       26.310   498.9
120.0000      -1790.537    -1817.928       27.391   519.4
120.2000      -1788.935    -1817.083       28.148   533.7
120.4000      -1789.897    -1816.874       26.977   511.5
120.6000      -1792.346    -1819.351       27.005   512.1
120.8000      -1792.881    -1819.148       26.267   498.1
121.0000      -1791.508    -1817.566       26.058   494.1
121.2000      -1792.194    -1818.835       26.641   505.2
121.4000      -1792.748    -1818.975       26.227   497.3
121.6000      -1791.140    -1818.422       27.282   517.3
121.8000      -1791.021    -1818.486       27.465   520.8
122.0000      -1790.580    -1817.482       26.902   510.1
122.2000      -1791.669    -1817.734       26.065   494.2
122.4000      -1792.472    -1820.776       28.303   536.7
122.6000      -1792.038    -1818.132       26.095   494.8
122.8000      -1791.465    -1818.539       27.074   513.4
123.0000      -1791.848    -1817.966       26.118   495.2
123.2000      -1791.850    -1819.335       27.485   521.2
123.4000      -1792.141    -1817.833       25.692   487.2
123.6000      -1791.517    -1818.583       27.066   513.2
123.8000      -1790.734    -1817.308       26.573   503.9
124.0000      -1788.653    -1816.645       27.992   530.8
124.2000      -1790.324    -1819.021       28.698   544.2
124.4000      -1789.858    -1816.038       26.181   496.4
124.6000      -1791.014    -1817.788       26.774   507.7
124.8000      -1792.305    -1819.169       26.864   509.4
125.0000      -1790.680    -1817.216       26.536   503.2
125.2000      -1790.044    -1817.209       27.165   515.1
125.4000      -1790.294    -1818.426       28.131   533.4
125.6000      -1791.244    -1818.300       27.056   513.0
125.8000      -1790.115    -1815.872       25.758   488.4
126.0000      -1790.588    -1817.715       27.126   514.4
126.2000      -1792.380    -1819.331       26.951   511.0
126.4000      -1791.420    -1818.616       27.197   515.7
126.6000      -1789.274    -1818.460       29.185   553.4
126.8000      -1792.047    -1817.350       25.303   479.8
127.0000      -1792.290    -1817.727       25.437   482.3
127.2000      -1795.342    -1821.214       25.872   490.6
127.4000      -1795.134    -1821.058       25.924   491.6
127.6000      -1795.230    -1819.469       24.239   459.6
127.8000      -1793.546    -1818.849       25.303   479.8
128.0000      -1793.108    -1817.831       24.723   468.8
128.2000      -1791.402    -1818.896       27.494   521.3
128.4000      -1790.422    -1817.971       27.549   522.4
128.6000      -1790.544    -1816.955       26.411   500.8
128.8000      -1790.896    -1817.883       26.987   511.7
129.0000      -1788.722    -1816.848       28.126   533.3
129.2000      -1789.306    -1816.839       27.532   522.1
129.4000      -1791.697    -1817.641       25.944   491.9
129.6000      -1792.654    -1818.112       25.458   482.7
129.8000      -1792.128    -1818.661       26.533   503.1
130.0000      -1794.153    -1818.755       24.601   466.5
130.2000      -1794.063    -1818.808       24.745   469.2
130.4000      -1791.556    -1817.393       25.836   489.9
130.6000      -1791.381    -1818.591       27.210   516.0
130.8000      -1792.457    -1818.896       26.439   501.3
131.0000      -1791.220    -1818.471       27.251   516.7
131.2000      -1792.036    -1817.961       25.925   491.6
131.4000      -1792.133    -1817.919       25.786   488.9
131.6000      -1791.128    -1818.603       27.475   521.0
131.8000      -1790.630    -1819.192       28.562   541.6
132.0000      -1789.784    -1817.251       27.467   520.8
132.2000      -1792.521    -1817.834       25.312   480.0
132.4000      -1791.334    -1816.911       25.577   485.0
132.6000      -1793.315    -1819.290       25.975   492.5
132.8000      -1793.810    -1819.988       26.178   496.4
133.0000      -1795.099    -1819.950       24.851   471.2
133.2000      -1794.874    -1821.345       26.471   501.9
133.4000      -1793.952    -1818.265       24.313   461.0
133.6000      -1792.369    -1818.919       26.549   503.4
133.8000      -1791.757    -1817.605       25.847   490.1
134.0000      -1790.524    -1817.111       26.586   504.1
134.2000      -1792.687    -1817.414       24.728   468.9
134.4000      -1792.708    -1819.696       26.987   511.7
134.6000      -1791.839    -1818.804       26.965   511.3
134.8000      -1793.223    -1818.645       25.422   482.0
135.0000      -1793.745    -1819.452       25.706   487.4
135.2000      -1791.092    -1818.417       27.326   518.1
135.4000      -1791.048    -1817.296       26.249   497.7
135.6000      -1793.048    -1819.344       26.295   498.6
135.8000      -1792.418    -1818.608       26.191   496.6
136.0000      -1791.790    -1817.795       26.005   493.1
136.2000      -1794.010    -1819.123       25.112   476.2
136.4000      -1792.992    -1819.611       26.619   504.7
136.6000      -1791.972    -1818.391       26.419   500.9
136.8000      -1789.996    -1816.279       26.284   498.4
137.0000      -1790.040    -1817.788       27.747   526.1
137.2000      -1789.393    -1817.281       27.888   528.8
137.4000      -1792.205    -1818.678       26.473   502.0
137.6000      -1792.680    -1818.709       26.029   493.6
137.8000      -1793.624    -1818.384       24.760   469.5
138.0000      -1791.787    -1819.289       27.501   521.5
138.2000      -1792.482    -1818.801       26.319   499.1
138.4000      -1792.424    -1818.504       26.080   494.5
138.6000      -1789.816    -1817.364       27.548   522.3
138.8000      -1788.995    -1816.415       27.420   519.9
139.0000      -1792.470    -1818.997       26.527   503.0
139.2000      -1792.748    -1818.504       25.756   488.4
139.4000      -1793.956    -1819.604       25.648   486.3
139.6000      -1792.117    -1817.778       25.661   486.6
139.8000      -1792.756    -1818.650       25.894   491.0
140.0000      -1791.716    -1819.009       27.293   517.5
140.2000      -1792.332    -1818.032       25.701   487.3
140.4000      -1791.266    -1818.507       27.241   516.5
140.6000      -1790.532    -1817.292       26.760   507.4
140.8000      -1792.255    -1817.509       25.254   478.9
141.0000      -1792.348    -1817.521       25.174   477.3
141.2000      -1792.757    -1819.354       26.596   504.3
141.4000      -1792.422    -1818.698       26.276   498.2
141.6000      -1793.934    -1818.849       24.915   472.4
141.8000      -1794.512    -1820.710       26.198   496.8
142.0000      -1793.695    -1818.806       25.112   476.2
142.2000      -1792.618    -1818.168       25.550   484.5
142.4000      -1792.743    -1817.757       25.014   474.3
142.6000      -1792.763    -1817.920       25.157   477.0
142.8000      -1790.763    -1817.694       26.931   510.7
143.0000      -1793.213    -1819.118       25.904   491.2
143.2000      -1792.516    -1819.230       26.714   506.5
143.4000      -1791.895    -1818.235       26.339   499.4
143.6000      -1791.378    -1818.239       26.861   509.3
143.8000      -1791.569    -1819.192       27.623   523.8
144.0000      -1792.061    -1818.142       26.081   494.5
144.2000      -1791.927    -1817.447       25.520   483.9
144.4000      -1792.021    -1819.743       27.722   525.7
144.6000      -1791.595    -1816.750       25.155   477.0
144.8000      -1790.581    -1817.189       26.608   504.5
145.0000      -1791.667    -1817.918       26.251   497.8
145.2000      -1793.080    -1817.733       24.653   467.5
145.4000      -1792.509    -1818.389       25.880   490.7
145.6000      -1792.396    -1818.797       26.400   500.6
145.8000      -1791.907    -1817.999       26.092   494.8
146.0000      -1794.624    -1818.945       24.320   461.2
146.2000      -1792.996    -1819.568       26.572   503.9
146.4000      -1794.392    -1818.232       23.840   452.0
146.6000      -1793.380    -1819.546       26.166   496.1
146.8000      -1795.492    -1820.325       24.833   470.9
147.0000      -1794.568    -1818.753       24.185   458.6
147.2000      -1794.148    -1819.168       25.020   474.4
147.4000      -1794.797    -1819.217       24.421   463.1
147.6000      -1792.437    -1819.387       26.950   511.0
147.8000      -1793.070    -1819.124       26.054   494.0
148.0000      -1792.590    -1817.092       24.502   464.6
148.2000      -1795.067    -1821.058       25.991   492.8
148.4000      -1794.433    -1818.973       24.540   465.3
148.6000      -1792.911    -1817.859       24.948   473.1
148.8000      -1792.618    -1817.881       25.263   479.0
149.0000      -1790.347    -1817.659       27.312   517.9
149.2000      -1792.254    -1819.033       26.779   507.8
149.4000      -1790.293    -1817.697       27.404   519.6
149.6000      -1792.156    -1818.675       26.518   502.8
149.8000      -1792.325    -1817.198       24.873   471.6
150.0000      -1794.844    -1820.112       25.268   479.1
150.2000      -1793.239    -1818.466       25.227   478.3
150.4000      -1792.275    -1817.382       25.107   476.1
150.6000      -1791.504    -1818.368       26.864   509.4
150.8000      -1790.572    -1818.328       27.756   526.3
151.0000      -1790.554    -1817.230       26.676   505.8
151.2000      -1793.054    -1818.723       25.669   486.7
151.4000      -1793.819    -1819.789       25.970   492.4
151.6000      -1790.530    -1817.736       27.206   515.9
151.8000      -1790.412    -1815.273       24.861   471.4
152.0000      -1790.710    -1817.472       26.762   507.5
152.2000      -1790.514    -1817.855       27.342   518.4
152.4000      -1792.019    -1818.755       26.735   506.9
152.6000      -1792.945    -1818.780       25.835   489.9
152.8000      -1789.869    -1817.312       27.442   520.4
153.0000      -1791.185    -1818.501       27.317   518.0
153.2000      -1793.953    -1819.442       25.489   483.3
153.4000      -1793.887    -1820.285       26.398   500.6
153.6000      -1795.064    -1820.290       25.225   478.3
153.8000      -1795.983    -1819.584       23.601   447.5
154.0000      -1793.682    -1819.282       25.600   485.4
154.2000      -1792.549    -1818.969       26.420   501.0
154.4000      -1792.198    -1819.332       27.134   514.5
154.6000      -1791.491    -1818.381       26.890   509.9
154.8000      -1792.203    -1817.917       25.714   487.6
155.0000      -1794.833    -1818.182       23.349   442.7
155.2000      -1792.785    -1818.184       25.400   481.6
155.4000      -1793.150    -1818.542       25.392   481.5
155.6000      -1792.096    -1818.696       26.600   504.4
155.8000      -1792.152    -1817.944       25.792   489.1
156.0000      -1790.313    -1816.295       25.982   492.7
156.2000      -1790.119    -1816.332       26.212   497.0
156.4000      -1789.002    -1816.222       27.220   516.1
156.6000      -1789.344    -1816.535       27.191   515.6
156.8000      -1789.517    -1817.648       28.131   533.4
157.0000      -1790.417    -1816.800       26.383   500.3
157.2000      -1791.030    -1818.459       27.429   520.1
157.4000      -1791.642    -1819.089       27.447   520.4
157.6000      -1791.977    -1819.036       27.060   513.1
157.8000      -1792.102    -1818.241       26.139   495.6
158.0000      -1790.466    -1817.938       27.472   520.9
158.2000      -1790.657    -1815.720       25.063   475.2
158.4000      -1792.480    -1819.990       27.510   521.6
158.6000      -1791.954    -1817.828       25.874   490.6
158.8000      -1792.313    -1819.122       26.809   508.3
159.0000      -1792.031    -1818.471       26.441   501.4
159.2000      -1790.711    -1817.174       26.463   501.8
159.4000      -1790.276    -1818.003       27.727   525.8
159.6000      -1792.997    -1819.131       26.134   495.5
159.8000      -1792.512    -1817.685       25.173   477.3
160.0000      -1790.441    -1819.095       28.654   543.3
160.2000      -1792.315    -1817.196       24.881   471.8
160.4000      -1790.575    -1816.537       25.962   492.3
160.6000      -1789.490    -1816.911       27.422   520.0
160.8000      -1790.973    -1816.926       25.953   492.1
161.0000      -1790.637    -1816.326       25.689   487.1
161.2000      -1789.490    -1817.071       27.581   523.0
161.4000      -1792.049    -1818.873       26.824   508.6
161.6000      -1791.823    -1817.724       25.901   491.1
161.8000      -1790.401    -1817.271       26.870   509.5
162.0000      -1791.391    -1818.816       27.425   520.0
162.2000      -1790.286    -1818.273       27.986   530.7
162.4000      -1791.499    -1818.278       26.778   507.8
162.6000      -1792.136    -1818.857       26.720   506.7
162.8000      -1792.462    -1818.992       26.531   503.1
163.0000      -1792.444    -1817.922       25.477   483.1
163.2000      -1791.842    -1818.391       26.549   503.4
163.4000      -1793.562    -1818.692       25.130   476.5
163.6000      -1792.339    -1819.487       27.148   514.8
163.8000      -1791.412    -1817.511       26.099   494.9
164.0000      -1791.097    -1816.654       25.557   484.6
164.2000      -1791.103    -1818.595       27.492   521.3
164.4000      -1792.596    -1817.249       24.653   467.5
164.6000      -1790.862    -1817.819       26.957   511.1
164.8000      -1790.912    -1817.830       26.919   510.4
165.0000      -1790.950    -1818.659       27.709   525.4
165.2000      -1792.469    -1818.499       26.030   493.6
165.4000      -1792.513    -1818.553       26.040   493.8
165.6000      -1793.680    -1818.189       24.510   464.7
165.8000      -1792.899    -1818.189       25.290   479.5
166.0000      -1791.098    -1816.482       25.383   481.3
166.2000      -1791.535    -1817.992       26.456   501.7
166.4000      -1792.114    -1818.457       26.343   499.5
166.6000      -1789.180    -1817.960       28.781   545.7
166.8000      -1791.652    -1816.134       24.482   464.2
167.0000      -1791.670    -1817.690       26.020   493.4
167.2000      -1790.819    -1817.440       26.622   504.8
167.4000      -1790.214    -1817.609       27.395   519.5
167.6000      -1791.469    -1819.589       28.120   533.2
167.8000      -1789.944    -1817.125       27.181   515.4
168.0000      -1790.277    -1817.513       27.237   516.5
168.2000      -1789.818    -1816.636       26.819   508.5
168.4000      -1791.395    -1818.996       27.601   523.4
168.6000      -1792.849    -1819.171       26.322   499.1
168.8000      -1794.106    -1818.877       24.771   469.7
169.0000      -1794.074    -1819.254       25.180   477.5
169.2000      -1793.298    -1818.921       25.623   485.9
169.4000      -1794.880    -1820.617       25.738   488.0
169.6000      -1793.626    -1818.247       24.621   466.8
169.8000      -1792.288    -1818.257       25.969   492.4
170.0000      -1792.413    -1818.538       26.125   495.4
170.2000      -1793.387    -1819.546       26.159   496.0
170.4000      -1793.319    -1817.738       24.419   463.0
170.6000      -1792.260    -1818.584       26.324   499.2
170.8000      -1790.243    -1818.009       27.766   526.5
171.0000      -1790.957    -1818.734       27.778   526.7
171.2000      -1789.512    -1816.435       26.922   510.5
171.4000      -1791.323    -1817.516       26.193   496.7
171.6000      -1792.300    -1818.004       25.704   487.4
171.8000      -1793.623    -1820.089       26.467   501.9
172.0000      -1794.755    -1820.297       25.542   484.3
172.2000      -1794.646    -1820.010       25.365   481.0
172.4000      -1795.122    -1819.188       24.065   456.3
172.6000      -1794.323    -1819.806       25.483   483.2
172.8000      -1795.331    -1820.720       25.390   481.4
173.0000      -1795.715    -1820.222       24.507   464.7
173.2000      -1794.760    -1819.750       24.990   473.9
173.4000      -1794.186    -1819.031       24.846   471.1
173.6000      -1793.114    -1818.944       25.830   489.8
173.8000      -1792.694    -1820.201       27.506   521.6
174.0000      -1792.103    -1816.609       24.506   464.7
174.2000      -1790.339    -1817.635       27.295   517.6
174.4000      -1789.177    -1817.474       28.297   536.6
174.6000      -1789.978    -1817.372       27.394   519.4
174.8000      -1790.352    -1817.398       27.045   512.8
175.0000      -1792.243    -1819.063       26.819   508.5
175.2000      -1793.221    -1818.629       25.408   481.8
175.4000      -1792.522    -1819.293       26.771   507.6
175.6000      -1792.184    -1819.237       27.053   513.0
175.8000      -1790.216    -1818.170       27.955   530.1
176.0000      -1791.221    -1817.919       26.699   506.2
176.2000      -1788.652    -1816.692       28.040   531.7
176.4000      -1790.720    -1817.648       26.929   510.6
176.6000      -1789.714    -1816.810       27.096   513.8
176.8000      -1790.806    -1818.895       28.089   532.6
177.0000      -1789.446    -1817.580       28.135   533.5
177.2000      -1789.733    -1818.048       28.314   536.9
177.4000      -1790.760    -1817.831       27.071   513.3
177.6000      -1791.392    -1819.557       28.166   534.1
177.8000      -1793.341    -1818.215       24.874   471.7
178.0000      -1793.715    -1819.891       26.177   496.4
178.2000      -1794.462    -1819.327       24.865   471.5
178.4000      -1792.522    -1818.019       25.497   483.5
178.6000      -1795.301    -1819.545       24.244   459.7
178.8000      -1794.011    -1819.075       25.064   475.3
179.0000      -1795.944    -1819.635       23.691   449.2
179.2000      -1794.209    -1819.805       25.596   485.3
179.4000      -1792.559    -1818.987       26.428   501.1
179.6000      -1793.359    -1818.616       25.258   478.9
179.8000      -1793.689    -1819.313       25.623   485.9
180.0000      -1793.327    -1819.330       26.002   493.0
180.2000      -1794.523    -1819.491       24.968   473.4
180.4000      -1792.392    -1818.134       25.741   488.1
180.6000      -1791.527    -1816.836       25.309   479.9
180.8000      -1791.482    -1818.109       26.626   504.9
181.0000      -1790.152    -1815.782       25.630   486.0
181.2000      -1792.616    -1818.569       25.953   492.1
181.4000      -1792.639    -1818.645       26.006   493.1
181.6000      -1790.626    -1818.247       27.621   523.7
181.8000      -1790.894    -1818.411       27.516   521.8
182.0000      -1791.495    -1817.422       25.927   491.6
182.2000      -1791.457    -1817.859       26.402   500.6
182.4000      -1790.874    -1818.215       27.341   518.4
182.6000      -1789.250    -1816.889       27.639   524.1
182.8000      -1789.901    -1817.520       27.619   523.7
183.0000      -1790.225    -1817.000       26.775   507.7
183.2000      -1790.305    -1818.842       28.537   541.1
183.4000      -1793.442    -1818.942       25.500   483.5
183.6000      -1792.620    -1818.274       25.654   486.4
183.8000      -1793.247    -1819.120       25.873   490.6
184.0000      -1793.189    -1817.806       24.617   466.8
184.2000      -1793.893    -1818.255       24.362   461.9
184.4000      -1793.694    -1820.036       26.342   499.5
184.6000      -1792.586    -1817.731       25.145   476.8
184.8000      -1793.245    -1817.661       24.416   463.0
185.0000      -1793.730    -1818.972       25.242   478.6
185.2000      -1792.258    -1818.404       26.146   495.8
185.4000      -1792.213    -1817.175       24.962   473.3
185.6000      -1790.300    -1817.255       26.955   511.1
185.8000      -1790.630    -1817.120       26.490   502.3
186.0000      -1789.796    -1816.990       27.194   515.6
186.2000      -1789.347    -1817.375       28.028   531.5
186.4000      -1789.382    -1816.611       27.229   516.3
186.6000      -1791.456    -1819.130       27.674   524.7
186.8000      -1790.810    -1816.672       25.862   490.4
187.0000      -1790.172    -1816.315       26.143   495.7
187.2000      -1792.791    -1818.322       25.531   484.1
187.4000      -1791.386    -1816.781       25.396   481.5
187.6000      -1792.705    -1817.256       24.551   465.5
187.8000      -1793.071    -1817.860       24.789   470.0
188.0000      -1792.624    -1818.055       25.432   482.2
188.2000      -1791.288    -1817.121       25.833   489.8
188.4000      -1790.220    -1817.153       26.933   510.7
188.6000      -1788.179    -1816.952       28.773   545.6
188.8000      -1790.473    -1816.654       26.180   496.4
189.0000      -1791.613    -1817.914       26.302   498.7
189.2000      -1791.665    -1818.803       27.138   514.6
189.4000      -1791.696    -1816.992       25.296   479.7
189.6000      -1791.645    -1817.575       25.930   491.7
189.8000      -1790.416    -1817.782       27.366   518.9
190.0000      -1790.546    -1818.450       27.905   529.1
190.2000      -1789.952    -1816.266       26.314   499.0
190.4000      -1790.872    -1816.817       25.946   492.0
190.6000      -1790.753    -1817.914       27.161   515.0
190.8000      -1792.710    -1818.661       25.951   492.1
191.0000      -1791.212    -1819.264       28.052   531.9
191.2000      -1790.763    -1816.458       25.695   487.2
191.4000      -1791.482    -1818.560       27.078   513.4
191.6000      -1791.015    -1817.924       26.909   510.2
191.8000      -1789.229    -1815.929       26.700   506.3
192.0000      -1789.797    -1816.893       27.097   513.8
192.2000      -1792.772    -1818.853       26.080   494.5
192.4000      -1792.114    -1818.115       26.001   493.0
192.6000      -1793.023    -1818.190       25.167   477.2
192.8000      -1792.638    -1818.622       25.984   492.7
193.0000      -1793.300    -1818.894       25.594   485.3
193.2000      -1793.200    -1819.227       26.026   493.5
193.4000      -1792.374    -1817.894       25.520   483.9
193.6000      -1791.734    -1818.114       26.380   500.2
193.8000      -1795.541    -1818.365       22.824   432.8
194.0000      -1792.710    -1820.540       27.830   527.7
194.2000      -1791.742    -1818.477       26.735   506.9
194.4000      -1792.674    -1818.232       25.558   484.6
194.6000      -1790.446    -1817.732       27.286   517.4
194.8000      -1791.223    -1817.693       26.470   501.9
195.0000      -1790.461    -1817.765       27.304   517.7
195.2000      -1789.601    -1816.847       27.246   516.6
195.4000      -1791.896    -1818.173       26.278   498.3
195.6000      -1790.754    -1817.725       26.970   511.4
195.8000      -1791.690    -1817.638       25.948   492.0
196.0000      -1792.707    -1819.149       26.441   501.4
196.2000      -1793.771    -1817.692       23.922   453.6
196.4000      -1794.048    -1820.160       26.112   495.1
196.6000      -1793.452    -1820.324       26.872   509.5
196.8000      -1794.197    -1820.378       26.181   496.4
197.0000      -1791.886    -1818.691       26.804   508.3
197.2000      -1792.756    -1818.907       26.150   495.9
197.4000      -1792.691    -1819.353       26.662   505.6
197.6000      -1791.881    -1818.418       26.537   503.2
197.8000      -1791.608    -1816.549       24.941   472.9
198.0000      -1789.722    -1817.447       27.724   525.7
198.2000      -1790.718    -1817.022       26.304   498.8
198.4000      -1791.290    -1817.017       25.726   487.8
198.6000      -1790.591    -1819.315       28.725   544.7
198.8000      -1789.559    -1817.828       28.269   536.0
199.0000      -1790.363    -1817.183       26.820   508.5
199.2000      -1789.988    -1817.684       27.697   525.2
199.4000      -1791.695    -1818.032       26.337   499.4
199.6000      -1792.052    -1818.706       26.653   505.4
199.8000      -1793.319    -1818.769       25.450   482.6
200.0000      -1794.277    -1820.288       26.011   493.2
