Time[ps]      Etot[eV]     Epot[eV]     Ekin[eV]    T[K]
0.0000        -6031.749    -6065.756       34.007   296.3
0.2000        -6030.828    -6067.120       36.292   316.2
0.4000        -6032.413    -6068.018       35.604   310.2
0.6000        -6033.098    -6067.079       33.981   296.0
0.8000        -6032.413    -6066.772       34.360   299.3
1.0000        -6034.916    -6068.944       34.028   296.5
1.2000        -6033.447    -6067.592       34.145   297.5
1.4000        -6033.212    -6067.772       34.561   301.1
1.6000        -6033.326    -6067.415       34.089   297.0
1.8000        -6032.295    -6068.922       36.627   319.1
2.0000        -6031.677    -6067.833       36.156   315.0
2.2000        -6034.202    -6067.561       33.359   290.6
2.4000        -6032.896    -6067.630       34.735   302.6
2.6000        -6033.852    -6067.806       33.954   295.8
2.8000        -6031.811    -6067.322       35.511   309.4
3.0000        -6034.626    -6068.003       33.377   290.8
3.2000        -6034.846    -6067.558       32.711   285.0
3.4000        -6034.301    -6069.114       34.813   303.3
3.6000        -6032.769    -6067.658       34.889   304.0
3.8000        -6032.483    -6068.082       35.599   310.1
4.0000        -6035.209    -6069.022       33.814   294.6
4.2000        -6036.553    -6068.268       31.715   276.3
4.4000        -6036.933    -6068.364       31.430   273.8
4.6000        -6035.614    -6068.836       33.222   289.4
4.8000        -6035.754    -6068.820       33.067   288.1
5.0000        -6035.342    -6069.097       33.755   294.1
5.2000        -6035.808    -6068.405       32.597   284.0
5.4000        -6032.304    -6066.453       34.149   297.5
5.6000        -6033.962    -6068.742       34.779   303.0
5.8000        -6034.547    -6068.452       33.906   295.4
6.0000        -6033.341    -6068.594       35.252   307.1
6.2000        -6033.190    -6068.024       34.834   303.5
6.4000        -6035.562    -6069.844       34.282   298.7
6.6000        -6033.241    -6068.644       35.403   308.4
6.8000        -6035.542    -6068.322       32.780   285.6
7.0000        -6035.694    -6069.089       33.395   290.9
7.2000        -6036.695    -6070.009       33.313   290.2
7.4000        -6034.276    -6068.012       33.736   293.9
7.6000        -6032.881    -6067.858       34.977   304.7
7.8000        -6033.577    -6069.171       35.594   310.1
8.0000        -6032.516    -6067.775       35.259   307.2
8.2000        -6032.321    -6067.504       35.183   306.5
8.4000        -6033.939    -6069.395       35.456   308.9
8.6000        -6033.335    -6067.843       34.508   300.6
8.8000        -6033.221    -6067.633       34.412   299.8
9.0000        -6033.774    -6067.900       34.126   297.3
9.2000        -6034.709    -6068.641       33.932   295.6
9.4000        -6034.357    -6067.915       33.558   292.4
9.6000        -6035.050    -6069.118       34.068   296.8
9.8000        -6034.706    -6068.217       33.510   291.9
10.0000       -6034.576    -6068.967       34.391   299.6
10.2000       -6034.962    -6068.608       33.646   293.1
10.4000       -6034.964    -6068.575       33.611   292.8
10.6000       -6036.972    -6069.396       32.424   282.5
10.8000       -6035.756    -6068.624       32.868   286.3
11.0000       -6034.655    -6068.292       33.637   293.0
11.2000       -6034.485    -6068.911       34.426   299.9
11.4000       -6032.720    -6067.145       34.425   299.9
11.6000       -6032.876    -6067.178       34.302   298.8
11.8000       -6034.619    -6067.792       33.173   289.0
12.0000       -6034.528    -6068.589       34.061   296.7
12.2000       -6034.425    -6067.606       33.181   289.1
12.4000       -6034.297    -6069.556       35.259   307.2
12.6000       -6034.957    -6068.468       33.511   291.9
12.8000       -6035.139    -6068.276       33.137   288.7
13.0000       -6034.854    -6068.199       33.345   290.5
13.2000       -6033.083    -6067.666       34.583   301.3
13.4000       -6033.286    -6067.618       34.332   299.1
13.6000       -6035.030    -6068.275       33.245   289.6
13.8000       -6032.838    -6068.838       36.000   313.6
14.0000       -6034.471    -6068.118       33.647   293.1
14.2000       -6035.557    -6069.858       34.302   298.8
14.4000       -6033.913    -6069.215       35.302   307.6
14.6000       -6033.943    -6067.834       33.891   295.3
14.8000       -6034.532    -6068.324       33.792   294.4
15.0000       -6034.837    -6068.978       34.141   297.4
15.2000       -6035.181    -6068.955       33.774   294.2
15.4000       -6033.692    -6067.147       33.455   291.5
15.6000       -6034.723    -6068.918       34.195   297.9
15.8000       -6035.686    -6069.217       33.530   292.1
16.0000       -6035.952    -6069.176       33.224   289.4
16.2000       -6035.656    -6070.294       34.637   301.8
16.4000       -6034.634    -6068.656       34.022   296.4
16.6000       -6033.266    -6067.262       33.996   296.2
16.8000       -6035.036    -6067.447       32.411   282.4
17.0000       -6033.608    -6067.780       34.171   297.7
17.2000       -6034.722    -6069.881       35.159   306.3
17.4000       -6034.422    -6068.676       34.254   298.4
17.6000       -6038.096    -6069.230       31.135   271.3
17.8000       -6035.011    -6069.443       34.432   300.0
18.0000       -6034.496    -6067.883       33.386   290.9
18.2000       -6034.377    -6067.561       33.183   289.1
18.4000       -6034.069    -6068.720       34.652   301.9
18.6000       -6034.043    -6068.082       34.039   296.5
18.8000       -6032.282    -6068.237       35.955   313.2
19.0000       -6032.885    -6068.428       35.543   309.7
19.2000       -6032.875    -6068.310       35.434   308.7
19.4000       -6032.575    -6068.665       36.090   314.4
19.6000       -6034.375    -6068.069       33.694   293.5
19.8000       -6034.540    -6069.042       34.502   300.6
20.0000       -6034.999    -6069.457       34.458   300.2
20.2000       -6035.867    -6069.748       33.881   295.2
20.4000       -6034.148    -6068.276       34.129   297.3
20.6000       -6032.881    -6067.416       34.535   300.9
20.8000       -6034.249    -6069.770       35.521   309.5
21.0000       -6033.354    -6068.053       34.698   302.3
21.2000       -6032.644    -6067.061       34.417   299.8
21.4000       -6034.088    -6068.825       34.737   302.6
21.6000       -6034.431    -6070.230       35.799   311.9
21.8000       -6035.017    -6069.183       34.166   297.7
22.0000       -6034.770    -6069.176       34.406   299.7
22.2000       -6034.105    -6068.579       34.474   300.3
22.4000       -6035.120    -6068.622       33.502   291.9
22.6000       -6034.405    -6067.940       33.535   292.2
22.8000       -6033.098    -6068.473       35.375   308.2
23.0000       -6033.292    -6068.814       35.522   309.5
23.2000       -6034.950    -6067.884       32.934   286.9
23.4000       -6034.372    -6068.309       33.937   295.7
23.6000       -6035.317    -6068.992       33.675   293.4
23.8000       -6035.315    -6067.976       32.661   284.5
24.0000       -6035.065    -6069.365       34.300   298.8
24.2000       -6034.623    -6069.004       34.382   299.5
24.4000       -6034.725    -6069.204       34.479   300.4
24.6000       -6034.606    -6069.199       34.593   301.4
24.8000       -6035.311    -6069.064       33.754   294.1
25.0000       -6035.175    -6068.927       33.752   294.1
25.2000       -6033.335    -6069.279       35.944   313.2
25.4000       -6033.542    -6067.643       34.101   297.1
25.6000       -6033.804    -6069.000       35.195   306.6
25.8000       -6033.874    -6068.757       34.883   303.9
26.0000       -6035.174    -6069.381       34.207   298.0
26.2000       -6036.914    -6068.869       31.954   278.4
26.4000       -6035.644    -6068.631       32.987   287.4
26.6000       -6036.233    -6069.522       33.289   290.0
26.8000       -6033.542    -6067.192       33.650   293.2
27.0000       -6034.716    -6068.827       34.111   297.2
27.2000       -6035.095    -6068.242       33.147   288.8
27.4000       -6036.204    -6069.637       33.433   291.3
27.6000       -6034.370    -6067.166       32.796   285.7
27.8000       -6033.815    -6066.993       33.178   289.0
28.0000       -6032.933    -6067.320       34.387   299.6
28.2000       -6033.494    -6068.346       34.852   303.6
28.4000       -6033.163    -6069.021       35.857   312.4
28.6000       -6032.825    -6068.380       35.555   309.8
28.8000       -6034.358    -6068.161       33.803   294.5
29.0000       -6034.663    -6068.164       33.501   291.9
29.2000       -6033.148    -6068.142       34.994   304.9
29.4000       -6033.508    -6068.994       35.486   309.2
29.6000       -6034.534    -6067.999       33.465   291.5
29.8000       -6032.892    -6068.093       35.201   306.7
30.0000       -6034.622    -6069.039       34.417   299.8
30.2000       -6033.119    -6069.613       36.494   317.9
30.4000       -6033.746    -6067.630       33.884   295.2
30.6000       -6034.129    -6067.416       33.287   290.0
30.8000       -6033.892    -6069.161       35.269   307.3
31.0000       -6034.372    -6068.532       34.160   297.6
31.2000       -6034.167    -6068.401       34.234   298.3
31.4000       -6034.242    -6067.638       33.396   290.9
31.6000       -6034.783    -6069.734       34.951   304.5
31.8000       -6035.433    -6069.707       34.274   298.6
32.0000       -6035.718    -6068.202       32.484   283.0
32.2000       -6034.836    -6068.696       33.861   295.0
32.4000       -6035.193    -6068.270       33.076   288.2
32.6000       -6034.762    -6068.720       33.959   295.8
32.8000       -6034.883    -6068.755       33.872   295.1
33.0000       -6035.074    -6068.356       33.282   290.0
33.2000       -6034.061    -6068.505       34.443   300.1
33.4000       -6032.773    -6067.975       35.202   306.7
33.6000       -6033.709    -6067.731       34.022   296.4
33.8000       -6033.776    -6067.799       34.022   296.4
34.0000       -6033.290    -6067.581       34.291   298.7
34.2000       -6034.221    -6068.057       33.835   294.8
34.4000       -6034.889    -6069.617       34.728   302.6
34.6000       -6036.546    -6070.619       34.073   296.8
34.8000       -6034.505    -6068.478       33.973   296.0
35.0000       -6034.266    -6068.757       34.491   300.5
35.2000       -6035.815    -6070.920       35.105   305.8
35.4000       -6033.219    -6066.365       33.145   288.8
35.6000       -6035.050    -6069.356       34.306   298.9
35.8000       -6033.356    -6067.845       34.488   300.5
36.0000       -6034.176    -6067.606       33.431   291.3
36.2000       -6036.318    -6070.383       34.066   296.8
36.4000       -6034.576    -6068.605       34.029   296.5
36.6000       -6033.729    -6066.723       32.994   287.4
36.8000       -6033.886    -6069.542       35.655   310.6
37.0000       -6032.117    -6067.600       35.483   309.1
37.2000       -6032.675    -6068.030       35.355   308.0
37.4000       -6034.968    -6068.904       33.936   295.7
37.6000       -6035.578    -6069.267       33.689   293.5
37.8000       -6035.553    -6068.345       32.792   285.7
38.0000       -6036.423    -6070.055       33.632   293.0
38.2000       -6034.741    -6068.136       33.395   290.9
38.4000       -6035.682    -6069.514       33.831   294.7
38.6000       -6035.627    -6067.639       32.012   278.9
38.8000       -6036.435    -6069.644       33.209   289.3
39.0000       -6035.072    -6068.922       33.849   294.9
39.2000       -6035.068    -6068.716       33.648   293.1
39.4000       -6035.520    -6069.175       33.655   293.2
39.6000       -6036.253    -6068.821       32.568   283.7
39.8000       -6035.085    -6068.859       33.774   294.2
40.0000       -6035.876    -6069.292       33.416   291.1
40.2000       -6035.737    -6070.017       34.280   298.6
40.4000       -6035.201    -6070.384       35.182   306.5
40.6000       -6035.862    -6069.709       33.848   294.9
40.8000       -6034.458    -6067.906       33.448   291.4
41.0000       -6032.771    -6067.800       35.029   305.2
41.2000       -6032.110    -6067.773       35.664   310.7
41.4000       -6032.393    -6068.053       35.661   310.7
41.6000       -6033.296    -6067.165       33.869   295.1
41.8000       -6033.974    -6069.523       35.549   309.7
42.0000       -6033.914    -6068.272       34.359   299.3
42.2000       -6035.238    -6068.625       33.388   290.9
42.4000       -6035.634    -6069.836       34.203   298.0
42.6000       -6034.387    -6067.745       33.358   290.6
42.8000       -6034.818    -6069.667       34.849   303.6
43.0000       -6032.616    -6067.070       34.454   300.2
43.2000       -6030.707    -6067.473       36.766   320.3
43.4000       -6032.252    -6066.210       33.958   295.8
43.6000       -6032.583    -6066.938       34.355   299.3
43.8000       -6034.506    -6068.688       34.182   297.8
44.0000       -6032.899    -6068.243       35.345   307.9
44.2000       -6034.212    -6066.341       32.129   279.9
44.4000       -6034.902    -6068.652       33.750   294.0
44.6000       -6033.060    -6068.992       35.932   313.0
44.8000       -6034.623    -6068.247       33.624   292.9
45.0000       -6033.871    -6068.817       34.947   304.5
45.2000       -6033.885    -6068.333       34.448   300.1
45.4000       -6032.465    -6069.409       36.944   321.9
45.6000       -6033.316    -6067.639       34.323   299.0
45.8000       -6034.022    -6068.465       34.443   300.1
46.0000       -6034.060    -6068.934       34.874   303.8
46.2000       -6035.041    -6069.350       34.309   298.9
46.4000       -6034.715    -6069.168       34.453   300.2
46.6000       -6035.358    -6068.233       32.875   286.4
46.8000       -6034.501    -6067.479       32.978   287.3
47.0000       -6035.449    -6069.374       33.925   295.6
47.2000       -6034.970    -6068.938       33.968   295.9
47.4000       -6032.796    -6068.573       35.777   311.7
47.6000       -6032.943    -6068.953       36.009   313.7
47.8000       -6034.489    -6067.813       33.324   290.3
48.0000       -6035.750    -6069.343       33.593   292.7
48.2000       -6035.713    -6068.423       32.710   285.0
48.4000       -6034.371    -6068.121       33.750   294.0
48.6000       -6031.491    -6067.196       35.705   311.1
48.8000       -6030.843    -6065.754       34.911   304.1
49.0000       -6031.514    -6067.924       36.410   317.2
49.2000       -6031.625    -6066.552       34.927   304.3
49.4000       -6033.288    -6067.984       34.697   302.3
49.6000       -6034.494    -6066.909       32.415   282.4
49.8000       -6035.123    -6068.093       32.970   287.2
50.0000       -6034.587    -6069.443       34.857   303.7
50.2000       -6036.034    -6070.857       34.824   303.4
50.4000       -6035.355    -6069.021       33.666   293.3
50.6000       -6035.271    -6069.023       33.752   294.1
50.8000       -6035.159    -6068.395       33.235   289.5
51.0000       -6034.680    -6068.805       34.124   297.3
51.2000       -6033.382    -6068.202       34.820   303.4
51.4000       -6033.663    -6067.056       33.393   290.9
51.6000       -6033.060    -6067.682       34.622   301.6
51.8000       -6031.381    -6067.269       35.888   312.7
52.0000       -6032.257    -6068.056       35.799   311.9
52.2000       -6033.313    -6068.106       34.793   303.1
52.4000       -6034.327    -6067.369       33.042   287.9
52.6000       -6033.084    -6068.249       35.165   306.4
52.8000       -6034.224    -6068.576       34.352   299.3
53.0000       -6032.598    -6066.877       34.280   298.6
53.2000       -6033.769    -6067.884       34.115   297.2
53.4000       -6034.113    -6067.887       33.775   294.2
53.6000       -6032.642    -6067.284       34.642   301.8
53.8000       -6033.719    -6068.256       34.536   300.9
54.0000       -6034.690    -6067.931       33.241   289.6
54.2000       -6034.003    -6068.221       34.217   298.1
54.4000       -6033.885    -6067.236       33.351   290.6
54.6000       -6034.785    -6069.389       34.604   301.5
54.8000       -6035.395    -6069.437       34.042   296.6
55.0000       -6033.729    -6067.975       34.246   298.4
55.2000       -6033.754    -6068.379       34.625   301.7
55.4000       -6036.162    -6069.342       33.180   289.1
55.6000       -6036.682    -6069.939       33.257   289.7
55.8000       -6035.466    -6069.485       34.019   296.4
56.0000       -6036.546    -6070.085       33.539   292.2
56.2000       -6036.670    -6070.062       33.392   290.9
56.4000       -6036.885    -6070.387       33.503   291.9
56.6000       -6037.629    -6069.897       32.268   281.1
56.8000       -6034.951    -6069.748       34.797   303.2
57.0000       -6034.968    -6068.060       33.092   288.3
57.2000       -6033.764    -6068.515       34.750   302.7
57.4000       -6031.743    -6066.736       34.994   304.9
57.6000       -6033.430    -6067.471       34.041   296.6
57.8000       -6032.600    -6068.594       35.994   313.6
58.0000       -6032.953    -6067.335       34.382   299.5
58.2000       -6034.591    -6068.618       34.026   296.4
58.4000       -6033.730    -6069.795       36.065   314.2
58.6000       -6031.366    -6066.748       35.382   308.2
58.8000       -6033.128    -6069.194       36.067   314.2
59.0000       -6033.188    -6069.226       36.038   314.0
59.2000       -6033.411    -6068.245       34.834   303.5
59.4000       -6033.764    -6068.176       34.411   299.8
59.6000       -6034.132    -6068.624       34.492   300.5
59.8000       -6034.742    -6069.270       34.528   300.8
60.0000       -6036.032    -6069.971       33.939   295.7
60.2000       -6036.747    -6069.394       32.647   284.4
60.4000       -6035.978    -6070.103       34.124   297.3
60.6000       -6037.369    -6068.794       31.425   273.8
60.8000       -6035.102    -6068.654       33.552   292.3
61.0000       -6036.291    -6069.928       33.637   293.0
61.2000       -6036.184    -6068.870       32.686   284.8
61.4000       -6036.280    -6069.159       32.880   286.4
61.6000       -6035.615    -6070.622       35.007   305.0
61.8000       -6035.183    -6068.085       32.902   286.6
62.0000       -6035.410    -6069.006       33.597   292.7
62.2000       -6033.687    -6067.565       33.878   295.1
62.4000       -6036.459    -6068.976       32.517   283.3
62.6000       -6035.079    -6069.928       34.849   303.6
62.8000       -6035.261    -6068.396       33.136   288.7
63.0000       -6034.370    -6069.035       34.665   302.0
63.2000       -6035.381    -6069.638       34.257   298.4
63.4000       -6034.851    -6069.341       34.490   300.5
63.6000       -6034.594    -6069.518       34.924   304.3
63.8000       -6034.027    -6068.571       34.544   301.0
64.0000       -6035.530    -6068.960       33.430   291.2
64.2000       -6035.351    -6069.982       34.631   301.7
64.4000       -6035.485    -6069.960       34.475   300.3
64.6000       -6034.608    -6069.350       34.742   302.7
64.8000       -6036.602    -6070.100       33.497   291.8
65.0000       -6034.966    -6069.050       34.083   296.9
65.2000       -6035.054    -6068.734       33.680   293.4
65.4000       -6034.268    -6068.854       34.587   301.3
65.6000       -6034.595    -6068.404       33.808   294.5
65.8000       -6035.819    -6068.232       32.413   282.4
66.0000       -6034.862    -6068.924       34.062   296.8
66.2000       -6033.991    -6067.982       33.991   296.1
66.4000       -6033.584    -6066.932       33.348   290.5
66.6000       -6033.145    -6066.782       33.637   293.0
66.8000       -6034.797    -6070.207       35.410   308.5
67.0000       -6033.403    -6068.502       35.099   305.8
67.2000       -6034.840    -6067.663       32.823   286.0
67.4000       -6036.124    -6070.386       34.262   298.5
67.6000       -6035.284    -6068.511       33.228   289.5
67.8000       -6036.336    -6068.837       32.502   283.2
68.0000       -6036.239    -6069.194       32.956   287.1
68.2000       -6035.669    -6069.347       33.677   293.4
68.4000       -6034.678    -6069.038       34.360   299.3
68.6000       -6035.227    -6069.046       33.819   294.6
68.8000       -6035.771    -6069.641       33.870   295.1
69.0000       -6034.868    -6068.810       33.942   295.7
69.2000       -6034.258    -6068.594       34.336   299.1
69.4000       -6033.179    -6068.170       34.991   304.8
69.6000       -6032.207    -6068.212       36.005   313.7
69.8000       -6031.438    -6067.351       35.913   312.9
70.0000       -6033.268    -6067.420       34.152   297.5
70.2000       -6036.593    -6070.590       33.997   296.2
70.4000       -6036.910    -6069.324       32.414   282.4
70.6000       -6036.999    -6069.924       32.924   286.8
70.8000       -6034.831    -6068.025       33.194   289.2
71.0000       -6034.532    -6070.092       35.560   309.8
71.2000       -6033.389    -6068.019       34.629   301.7
71.4000       -6032.452    -6067.775       35.323   307.7
71.6000       -6032.620    -6068.334       35.714   311.1
71.8000       -6034.453    -6067.773       33.321   290.3
72.0000       -6035.207    -6068.078       32.871   286.4
72.2000       -6033.706    -6068.721       35.015   305.1
72.4000       -6034.269    -6068.092       33.823   294.7
72.6000       -6034.400    -6067.147       32.747   285.3
72.8000       -6034.377    -6068.077       33.700   293.6
73.0000       -6034.186    -6068.657       34.471   300.3
73.2000       -6033.838    -6067.875       34.037   296.5
73.4000       -6033.453    -6068.256       34.803   303.2
73.6000       -6033.617    -6068.216       34.599   301.4
73.8000       -6034.318    -6068.454       34.136   297.4
74.0000       -6034.453    -6067.997       33.544   292.2
74.2000       -6034.569    -6067.202       32.633   284.3
74.4000       -6034.963    -6068.979       34.017   296.4
74.6000       -6033.680    -6068.164       34.483   300.4
74.8000       -6033.348    -6068.162       34.814   303.3
75.0000       -6032.118    -6066.971       34.853   303.6
75.2000       -6033.458    -6068.646       35.188   306.6
75.4000       -6033.694    -6067.860       34.167   297.7
75.6000       -6033.763    -6068.556       34.792   303.1
75.8000       -6033.316    -6068.053       34.737   302.6
76.0000       -6032.199    -6067.138       34.939   304.4
76.2000       -6033.331    -6068.069       34.738   302.6
76.4000       -6032.284    -6067.351       35.067   305.5
76.6000       -6031.371    -6068.125       36.754   320.2
76.8000       -6032.284    -6067.280       34.996   304.9
77.0000       -6034.249    -6068.678       34.429   299.9
77.2000       -6033.913    -6068.983       35.070   305.5
77.4000       -6033.087    -6068.701       35.614   310.3
77.6000       -6034.715    -6070.171       35.456   308.9
77.8000       -6035.443    -6069.043       33.600   292.7
78.0000       -6034.232    -6067.622       33.389   290.9
78.2000       -6032.667    -6067.807       35.140   306.1
78.4000       -6032.594    -6068.277       35.683   310.9
78.6000       -6033.874    -6067.935       34.061   296.7
78.8000       -6033.380    -6068.046       34.667   302.0
79.0000       -6032.449    -6067.491       35.041   305.3
79.2000       -6032.382    -6066.734       34.352   299.3
79.4000       -6033.634    -6067.294       33.660   293.2
79.6000       -6034.665    -6067.215       32.550   283.6
79.8000       -6033.218    -6068.391       35.173   306.4
80.0000       -6033.675    -6067.928       34.253   298.4
80.2000       -6035.239    -6068.509       33.270   289.9
80.4000       -6033.532    -6068.185       34.653   301.9
80.6000       -6033.196    -6067.490       34.294   298.8
80.8000       -6033.682    -6068.227       34.544   301.0
81.0000       -6032.940    -6069.207       36.267   316.0
81.2000       -6032.764    -6067.784       35.020   305.1
81.4000       -6035.495    -6068.976       33.480   291.7
81.6000       -6034.262    -6068.454       34.192   297.9
81.8000       -6034.601    -6070.739       36.137   314.8
82.0000       -6034.026    -6068.682       34.656   301.9
82.2000       -6033.808    -6068.530       34.722   302.5
82.4000       -6034.894    -6068.969       34.075   296.9
82.6000       -6036.353    -6070.869       34.516   300.7
82.8000       -6036.278    -6069.599       33.321   290.3
83.0000       -6035.526    -6069.072       33.546   292.3
83.2000       -6034.996    -6068.962       33.966   295.9
83.4000       -6035.673    -6069.526       33.853   294.9
83.6000       -6034.703    -6068.365       33.662   293.3
83.8000       -6036.524    -6068.367       31.843   277.4
84.0000       -6037.732    -6070.478       32.745   285.3
84.2000       -6035.921    -6069.863       33.942   295.7
84.4000       -6035.859    -6069.374       33.515   292.0
84.6000       -6035.921    -6069.043       33.122   288.6
84.8000       -6036.580    -6070.790       34.210   298.0
85.0000       -6036.271    -6068.621       32.350   281.8
85.2000       -6037.841    -6070.650       32.810   285.8
85.4000       -6035.446    -6068.924       33.478   291.7
85.6000       -6034.865    -6069.021       34.156   297.6
85.8000       -6035.079    -6069.319       34.240   298.3
86.0000       -6035.899    -6069.087       33.188   289.1
86.2000       -6035.700    -6069.644       33.944   295.7
86.4000       -6035.037    -6068.509       33.472   291.6
86.6000       -6034.860    -6067.958       33.098   288.4
86.8000       -6034.690    -6069.052       34.362   299.4
87.0000       -6033.965    -6069.133       35.168   306.4
87.2000       -6034.837    -6068.517       33.679   293.4
87.4000       -6035.309    -6068.601       33.291   290.0
87.6000       -6034.329    -6069.681       35.352   308.0
87.8000       -6034.932    -6068.633       33.701   293.6
88.0000       -6034.790    -6068.399       33.610   292.8
88.2000       -6033.306    -6066.762       33.456   291.5
88.4000       -6033.362    -6068.324       34.961   304.6
88.6000       -6032.713    -6067.310       34.597   301.4
88.8000       -6032.836    -6068.089       35.253   307.1
89.0000       -6034.565    -6068.641       34.076   296.9
89.2000       -6032.918    -6068.717       35.799   311.9
89.4000       -6033.211    -6069.172       35.961   313.3
89.6000       -6033.768    -6068.341       34.573   301.2
89.8000       -6033.363    -6067.656       34.292   298.8
90.0000       -6031.447    -6067.740       36.293   316.2
90.2000       -6032.489    -6066.972       34.482   300.4
90.4000       -6033.188    -6066.866       33.677   293.4
90.6000       -6033.281    -6068.637       35.356   308.0
90.8000       -6032.309    -6067.301       34.992   304.9
91.0000       -6033.484    -6068.348       34.864   303.7
91.2000       -6033.262    -6067.966       34.704   302.3
91.4000       -6033.007    -6067.693       34.686   302.2
91.6000       -6033.670    -6068.343       34.673   302.1
91.8000       -6033.835    -6067.959       34.124   297.3
92.0000       -6032.744    -6068.424       35.679   310.8
92.2000       -6032.724    -6068.088       35.365   308.1
92.4000       -6033.613    -6068.395       34.781   303.0
92.6000       -6032.930    -6066.642       33.711   293.7
92.8000       -6034.572    -6068.091       33.519   292.0
93.0000       -6032.730    -6066.742       34.012   296.3
93.2000       -6031.588    -6067.256       35.668   310.7
93.4000       -6032.132    -6067.645       35.512   309.4
93.6000       -6033.077    -6067.598       34.521   300.7
93.8000       -6033.034    -6068.863       35.829   312.1
94.0000       -6031.590    -6067.243       35.653   310.6
94.2000       -6032.213    -6066.914       34.701   302.3
94.4000       -6032.379    -6067.504       35.125   306.0
94.6000       -6033.178    -6067.948       34.769   302.9
94.8000       -6033.898    -6068.760       34.862   303.7
95.0000       -6033.000    -6067.376       34.377   299.5
95.2000       -6035.417    -6069.642       34.226   298.2
95.4000       -6037.355    -6070.037       32.682   284.7
95.6000       -6035.784    -6069.454       33.670   293.3
95.8000       -6036.059    -6069.269       33.210   289.3
96.0000       -6038.359    -6070.958       32.599   284.0
96.2000       -6036.149    -6069.095       32.946   287.0
96.4000       -6035.498    -6068.125       32.627   284.2
96.6000       -6036.476    -6069.042       32.566   283.7
96.8000       -6035.800    -6070.216       34.416   299.8
97.0000       -6034.991    -6068.321       33.330   290.4
97.2000       -6034.709    -6069.582       34.873   303.8
97.4000       -6032.936    -6067.941       35.005   305.0
97.6000       -6032.586    -6066.659       34.073   296.9
97.8000       -6032.773    -6067.051       34.279   298.6
98.0000       -6033.897    -6067.908       34.011   296.3
98.2000       -6031.936    -6066.375       34.438   300.0
98.4000       -6031.549    -6065.588       34.039   296.6
98.6000       -6033.209    -6068.565       35.357   308.0
98.8000       -6034.285    -6067.775       33.491   291.8
99.0000       -6034.575    -6068.331       33.756   294.1
99.2000       -6034.627    -6068.862       34.236   298.3
99.4000       -6034.711    -6068.500       33.789   294.4
99.6000       -6035.791    -6069.467       33.676   293.4
99.8000       -6033.767    -6069.251       35.484   309.1
100.0000      -6033.653    -6068.014       34.360   299.4
100.2000      -6035.282    -6069.855       34.574   301.2
100.4000      -6033.327    -6067.699       34.372   299.5
100.6000      -6032.591    -6066.083       33.493   291.8
100.8000      -6034.663    -6068.441       33.778   294.3
101.0000      -6034.958    -6067.843       32.886   286.5
101.2000      -6034.987    -6068.752       33.765   294.2
101.4000      -6033.248    -6068.723       35.474   309.1
101.6000      -6031.866    -6066.960       35.094   305.7
101.8000      -6032.288    -6067.133       34.844   303.6
102.0000      -6032.630    -6068.807       36.177   315.2
102.2000      -6034.089    -6069.452       35.363   308.1
102.4000      -6032.824    -6067.739       34.916   304.2
102.6000      -6032.889    -6067.979       35.090   305.7
102.8000      -6034.169    -6068.157       33.988   296.1
103.0000      -6031.676    -6065.944       34.268   298.5
103.2000      -6033.143    -6068.813       35.670   310.8
103.4000      -6033.667    -6068.509       34.842   303.5
103.6000      -6034.043    -6068.745       34.702   302.3
103.8000      -6033.819    -6068.545       34.726   302.5
104.0000      -6033.912    -6067.867       33.955   295.8
104.2000      -6033.416    -6068.259       34.843   303.6
104.4000      -6033.351    -6068.385       35.034   305.2
104.6000      -6032.322    -6066.388       34.065   296.8
104.8000      -6034.387    -6068.324       33.936   295.7
105.0000      -6034.448    -6068.826       34.378   299.5
105.2000      -6032.659    -6067.890       35.231   306.9
105.4000      -6031.909    -6067.581       35.672   310.8
105.6000      -6032.526    -6067.907       35.381   308.2
105.8000      -6033.667    -6066.736       33.069   288.1
106.0000      -6033.208    -6067.708       34.500   300.6
106.2000      -6031.762    -6067.561       35.799   311.9
106.4000      -6030.834    -6066.796       35.962   313.3
106.6000      -6033.237    -6068.190       34.953   304.5
106.8000      -6031.931    -6067.339       35.408   308.5
107.0000      -6032.433    -6066.420       33.987   296.1
107.2000      -6032.276    -6068.202       35.926   313.0
107.4000      -6034.018    -6067.497       33.479   291.7
107.6000      -6033.586    -6067.430       33.844   294.9
107.8000      -6034.917    -6068.602       33.685   293.5
108.0000      -6035.247    -6069.999       34.751   302.8
108.2000      -6035.539    -6068.815       33.276   289.9
108.4000      -6034.900    -6069.208       34.308   298.9
108.6000      -6034.697    -6068.692       33.995   296.2
108.8000      -6034.987    -6069.126       34.139   297.4
109.0000      -6035.348    -6069.624       34.276   298.6
109.2000      -6036.008    -6068.838       32.830   286.0
109.4000      -6035.640    -6069.200       33.560   292.4
109.6000      -6033.488    -6068.423       34.934   304.4
109.8000      -6033.512    -6069.192       35.680   310.8
110.0000      -6034.642    -6069.016       34.374   299.5
110.2000      -6034.273    -6069.558       35.284   307.4
110.4000      -6033.328    -6068.250       34.922   304.2
110.6000      -6031.840    -6066.721       34.881   303.9
110.8000      -6033.708    -6067.984       34.276   298.6
111.0000      -6035.088    -6069.175       34.088   297.0
111.2000      -6036.897    -6069.754       32.857   286.3
111.4000      -6036.204    -6068.966       32.762   285.4
111.6000      -6035.156    -6069.319       34.163   297.6
111.8000      -6033.856    -6068.784       34.928   304.3
112.0000      -6033.306    -6067.919       34.612   301.5
112.2000      -6033.485    -6067.743       34.258   298.5
112.4000      -6032.198    -6068.022       35.824   312.1
112.6000      -6032.695    -6067.272       34.578   301.2
112.8000      -6032.518    -6067.488       34.969   304.7
113.0000      -6033.234    -6069.039       35.804   311.9
113.2000      -6032.995    -6067.021       34.026   296.4
113.4000      -6034.261    -6069.517       35.256   307.1
113.6000      -6035.237    -6068.200       32.963   287.2
113.8000      -6034.815    -6068.976       34.161   297.6
114.0000      -6034.881    -6068.649       33.769   294.2
114.2000      -6034.316    -6068.057       33.741   294.0
114.4000      -6033.057    -6067.727       34.670   302.0
114.6000      -6033.536    -6066.818       33.282   290.0
114.8000      -6033.533    -6067.479       33.947   295.7
115.0000      -6034.896    -6069.418       34.522   300.8
115.2000      -6033.564    -6068.065       34.502   300.6
115.4000      -6034.788    -6068.276       33.488   291.7
115.6000      -6034.389    -6068.424       34.035   296.5
115.8000      -6033.684    -6067.685       34.001   296.2
116.0000      -6034.240    -6067.347       33.107   288.4
116.2000      -6034.375    -6068.511       34.135   297.4
116.4000      -6035.242    -6070.263       35.020   305.1
116.6000      -6034.382    -6068.816       34.434   300.0
116.8000      -6034.437    -6069.526       35.090   305.7
117.0000      -6034.284    -6070.443       36.159   315.0
117.2000      -6033.022    -6067.333       34.311   298.9
117.4000      -6030.175    -6067.600       37.424   326.0
117.6000      -6031.727    -6068.314       36.587   318.8
117.8000      -6031.386    -6067.074       35.688   310.9
118.0000      -6032.860    -6068.181       35.320   307.7
118.2000      -6034.978    -6068.884       33.905   295.4
118.4000      -6035.137    -6068.181       33.044   287.9
118.6000      -6034.371    -6068.299       33.928   295.6
118.8000      -6033.259    -6067.461       34.202   298.0
119.0000      -6034.781    -6069.273       34.492   300.5
119.2000      -6036.102    -6070.750       34.648   301.9
119.4000      -6035.200    -6068.789       33.589   292.6
119.6000      -6034.834    -6068.375       33.541   292.2
119.8000      -6034.998    -6068.981       33.983   296.1
120.0000      -6034.677    -6069.828       35.151   306.2
120.2000      -6032.652    -6067.756       35.104   305.8
120.4000      -6032.713    -6068.479       35.765   311.6
120.6000      -6034.297    -6067.737       33.440   291.3
120.8000      -6033.816    -6067.778       33.962   295.9
121.0000      -6033.368    -6068.722       35.354   308.0
121.2000      -6034.605    -6070.088       35.483   309.1
121.4000      -6033.373    -6068.574       35.202   306.7
121.6000      -6032.921    -6069.048       36.127   314.7
121.8000      -6033.774    -6068.347       34.572   301.2
122.0000      -6037.330    -6070.911       33.581   292.6
122.2000      -6036.749    -6069.025       32.276   281.2
122.4000      -6036.788    -6068.958       32.170   280.3
122.6000      -6032.921    -6068.057       35.136   306.1
122.8000      -6033.292    -6068.201       34.908   304.1
123.0000      -6035.087    -6068.210       33.123   288.6
123.2000      -6035.289    -6068.266       32.977   287.3
123.4000      -6034.011    -6068.154       34.144   297.5
123.6000      -6034.979    -6069.274       34.296   298.8
123.8000      -6036.451    -6068.788       32.337   281.7
124.0000      -6034.482    -6068.659       34.177   297.8
124.2000      -6034.315    -6068.388       34.073   296.8
124.4000      -6036.415    -6068.403       31.988   278.7
124.6000      -6036.843    -6069.545       32.702   284.9
124.8000      -6034.538    -6069.238       34.700   302.3
125.0000      -6033.491    -6069.054       35.563   309.8
125.2000      -6034.260    -6068.859       34.599   301.4
125.4000      -6035.178    -6067.847       32.669   284.6
125.6000      -6034.961    -6070.033       35.072   305.6
125.8000      -6034.994    -6069.334       34.340   299.2
126.0000      -6034.417    -6067.113       32.697   284.9
126.2000      -6034.077    -6068.554       34.477   300.4
126.4000      -6034.637    -6068.289       33.652   293.2
126.6000      -6033.640    -6069.062       35.422   308.6
126.8000      -6034.329    -6068.704       34.375   299.5
127.0000      -6034.525    -6068.657       34.132   297.4
127.2000      -6033.318    -6067.753       34.435   300.0
127.4000      -6036.529    -6069.703       33.174   289.0
127.6000      -6033.963    -6069.160       35.197   306.6
127.8000      -6036.149    -6069.657       33.508   291.9
128.0000      -6035.941    -6068.897       32.956   287.1
128.2000      -6036.104    -6069.819       33.715   293.7
128.4000      -6035.090    -6069.488       34.398   299.7
128.6000      -6034.883    -6069.427       34.544   301.0
128.8000      -6033.878    -6067.904       34.026   296.4
129.0000      -6033.914    -6068.911       34.996   304.9
129.2000      -6033.485    -6067.970       34.485   300.4
129.4000      -6032.962    -6068.269       35.307   307.6
129.6000      -6036.081    -6068.066       31.985   278.7
129.8000      -6035.012    -6069.641       34.628   301.7
130.0000      -6035.876    -6070.205       34.329   299.1
130.2000      -6036.797    -6070.595       33.798   294.5
130.4000      -6036.745    -6069.717       32.972   287.3
130.6000      -6033.844    -6068.799       34.955   304.5
130.8000      -6034.324    -6067.405       33.082   288.2
131.0000      -6034.973    -6068.717       33.744   294.0
131.2000      -6034.776    -6067.270       32.494   283.1
131.4000      -6035.913    -6070.122       34.209   298.0
131.6000      -6035.242    -6068.603       33.361   290.6
131.8000      -6035.109    -6069.063       33.954   295.8
132.0000      -6036.502    -6070.022       33.520   292.0
132.2000      -6035.124    -6069.050       33.926   295.6
132.4000      -6035.245    -6069.622       34.377   299.5
132.6000      -6034.978    -6070.625       35.647   310.6
132.8000      -6035.607    -6068.600       32.993   287.4
133.0000      -6034.524    -6069.197       34.673   302.1
133.2000      -6034.223    -6068.929       34.706   302.4
133.4000      -6033.223    -6067.687       34.464   300.3
133.6000      -6033.194    -6068.603       35.409   308.5
133.8000      -6032.933    -6068.238       35.305   307.6
134.0000      -6035.356    -6068.966       33.609   292.8
134.2000      -6035.823    -6070.601       34.777   303.0
134.4000      -6035.580    -6068.917       33.338   290.4
134.6000      -6037.553    -6068.827       31.273   272.5
134.8000      -6038.267    -6070.482       32.215   280.7
135.0000      -6037.362    -6069.434       32.072   279.4
135.2000      -6036.190    -6068.954       32.764   285.4
135.4000      -6036.939    -6069.820       32.881   286.5
135.6000      -6036.326    -6070.324       33.998   296.2
135.8000      -6034.475    -6068.628       34.153   297.5
136.0000      -6034.454    -6068.630       34.177   297.7
136.2000      -6034.778    -6068.440       33.662   293.3
136.4000      -6033.489    -6069.527       36.038   314.0
136.6000      -6034.290    -6068.124       33.834   294.8
136.8000      -6034.851    -6068.162       33.311   290.2
137.0000      -6036.715    -6069.369       32.654   284.5
137.2000      -6037.565    -6070.232       32.667   284.6
137.4000      -6036.105    -6069.146       33.042   287.9
137.6000      -6035.362    -6067.891       32.529   283.4
137.8000      -6034.891    -6069.110       34.220   298.1
138.0000      -6034.974    -6068.848       33.873   295.1
138.2000      -6034.142    -6069.349       35.207   306.7
138.4000      -6033.223    -6068.033       34.810   303.3
138.6000      -6035.010    -6070.566       35.556   309.8
138.8000      -6035.043    -6069.296       34.253   298.4
139.0000      -6033.897    -6069.217       35.320   307.7
139.2000      -6032.701    -6068.582       35.881   312.6
139.4000      -6032.583    -6067.498       34.915   304.2
139.6000      -6034.449    -6069.722       35.272   307.3
139.8000      -6034.321    -6068.782       34.460   300.2
140.0000      -6032.129    -6067.023       34.894   304.0
140.2000      -6032.050    -6066.746       34.696   302.3
140.4000      -6033.304    -6068.634       35.330   307.8
140.6000      -6034.509    -6068.386       33.877   295.1
140.8000      -6035.717    -6068.457       32.740   285.2
141.0000      -6034.082    -6068.270       34.188   297.8
141.2000      -6033.617    -6068.561       34.944   304.4
141.4000      -6036.108    -6069.354       33.246   289.6
141.6000      -6036.348    -6068.371       32.023   279.0
141.8000      -6035.165    -6068.816       33.651   293.2
142.0000      -6034.389    -6068.708       34.320   299.0
142.2000      -6033.685    -6068.804       35.120   306.0
142.4000      -6035.473    -6068.476       33.002   287.5
142.6000      -6035.510    -6069.051       33.541   292.2
142.8000      -6035.958    -6069.931       33.973   296.0
143.0000      -6036.282    -6070.220       33.937   295.7
143.2000      -6035.447    -6068.580       33.134   288.7
143.4000      -6035.530    -6069.304       33.774   294.2
143.6000      -6036.589    -6069.807       33.218   289.4
143.8000      -6035.615    -6068.086       32.471   282.9
144.0000      -6035.425    -6069.350       33.925   295.6
144.2000      -6035.988    -6068.806       32.817   285.9
144.4000      -6035.596    -6070.429       34.833   303.5
144.6000      -6033.442    -6068.626       35.185   306.5
144.8000      -6032.994    -6068.253       35.259   307.2
145.0000      -6034.582    -6068.513       33.930   295.6
145.2000      -6034.647    -6070.011       35.364   308.1
145.4000      -6034.444    -6067.944       33.500   291.9
145.6000      -6034.806    -6067.556       32.750   285.3
145.8000      -6035.164    -6068.782       33.618   292.9
146.0000      -6035.709    -6069.358       33.649   293.2
146.2000      -6035.069    -6069.101       34.033   296.5
146.4000      -6035.467    -6069.072       33.605   292.8
146.6000      -6035.153    -6068.936       33.782   294.3
146.8000      -6032.164    -6066.844       34.681   302.1
147.0000      -6031.750    -6067.262       35.512   309.4
147.2000      -6035.317    -6068.723       33.406   291.0
147.4000      -6034.636    -6068.366       33.730   293.9
147.6000      -6034.680    -6069.040       34.360   299.4
147.8000      -6033.657    -6068.321       34.664   302.0
148.0000      -6034.337    -6069.668       35.331   307.8
148.2000      -6034.839    -6068.014       33.175   289.0
148.4000      -6035.386    -6068.996       33.610   292.8
148.6000      -6036.043    -6069.451       33.408   291.1
148.8000      -6032.811    -6068.432       35.621   310.3
149.0000      -6033.533    -6068.269       34.736   302.6
149.2000      -6034.234    -6068.809       34.576   301.2
149.4000      -6033.889    -6067.487       33.598   292.7
149.6000      -6033.457    -6067.927       34.469   300.3
149.8000      -6033.523    -6068.208       34.685   302.2
150.0000      -6033.778    -6067.295       33.517   292.0
150.2000      -6035.522    -6069.090       33.568   292.4
150.4000      -6033.687    -6067.525       33.839   294.8
150.6000      -6033.256    -6068.459       35.203   306.7
150.8000      -6034.432    -6068.376       33.944   295.7
151.0000      -6034.767    -6068.588       33.821   294.7
151.2000      -6033.172    -6067.469       34.296   298.8
151.4000      -6033.271    -6067.350       34.079   296.9
151.6000      -6032.830    -6067.055       34.224   298.2
151.8000      -6031.949    -6068.148       36.199   315.4
152.0000      -6035.041    -6068.484       33.443   291.4
152.2000      -6036.550    -6071.554       35.004   305.0
152.4000      -6035.439    -6069.395       33.955   295.8
152.6000      -6034.945    -6068.245       33.300   290.1
152.8000      -6035.294    -6069.915       34.621   301.6
153.0000      -6037.150    -6070.907       33.757   294.1
153.2000      -6036.632    -6068.715       32.083   279.5
153.4000      -6036.761    -6069.774       33.013   287.6
153.6000      -6035.950    -6069.739       33.789   294.4
153.8000      -6036.634    -6069.311       32.677   284.7
154.0000      -6036.391    -6069.481       33.090   288.3
154.2000      -6034.957    -6068.464       33.508   291.9
154.4000      -6033.376    -6068.703       35.326   307.8
154.6000      -6033.609    -6068.733       35.124   306.0
154.8000      -6035.309    -6069.069       33.760   294.1
155.0000      -6036.134    -6069.818       33.684   293.5
