Time[ps]      Etot[eV]     Epot[eV]     Ekin[eV]    T[K]
0.0000        -6008.098    -6053.280       45.182   393.6
0.2000        -6008.871    -6054.282       45.411   395.6
0.4000        -6010.016    -6055.478       45.462   396.1
0.6000        -6009.509    -6053.949       44.440   387.2
0.8000        -6011.008    -6056.924       45.916   400.0
1.0000        -6011.148    -6056.902       45.755   398.6
1.2000        -6013.065    -6058.162       45.097   392.9
1.4000        -6012.095    -6057.573       45.478   396.2
1.6000        -6010.915    -6056.647       45.732   398.4
1.8000        -6010.071    -6056.824       46.754   407.3
2.0000        -6008.191    -6055.058       46.867   408.3
2.2000        -6008.379    -6056.956       48.577   423.2
2.4000        -6006.752    -6053.547       46.795   407.7
2.6000        -6007.117    -6054.071       46.954   409.1
2.8000        -6008.408    -6055.938       47.530   414.1
3.0000        -6011.058    -6055.100       44.042   383.7
3.2000        -6013.348    -6058.271       44.924   391.4
3.4000        -6011.905    -6058.184       46.278   403.2
3.6000        -6012.139    -6057.775       45.637   397.6
3.8000        -6011.925    -6058.378       46.453   404.7
4.0000        -6010.326    -6056.295       45.969   400.5
4.2000        -6012.402    -6057.016       44.613   388.7
4.4000        -6011.830    -6058.142       46.312   403.5
4.6000        -6011.552    -6056.463       44.911   391.3
4.8000        -6012.576    -6057.636       45.059   392.6
5.0000        -6011.631    -6056.959       45.328   394.9
5.2000        -6012.577    -6057.581       45.004   392.1
5.4000        -6013.046    -6058.479       45.433   395.8
5.6000        -6012.487    -6058.245       45.758   398.7
5.8000        -6009.495    -6054.818       45.322   394.9
6.0000        -6012.381    -6058.039       45.658   397.8
6.2000        -6009.126    -6056.562       47.436   413.3
6.4000        -6008.680    -6056.278       47.598   414.7
6.6000        -6009.198    -6054.565       45.366   395.2
6.8000        -6011.697    -6055.993       44.296   385.9
7.0000        -6010.972    -6057.049       46.077   401.4
7.2000        -6012.928    -6058.380       45.452   396.0
7.4000        -6013.197    -6057.370       44.173   384.8
7.6000        -6011.672    -6056.431       44.759   389.9
7.8000        -6010.488    -6056.455       45.967   400.5
8.0000        -6010.027    -6055.285       45.258   394.3
8.2000        -6011.890    -6056.139       44.249   385.5
8.4000        -6011.301    -6056.790       45.490   396.3
8.6000        -6012.978    -6058.091       45.113   393.0
8.8000        -6014.070    -6059.496       45.426   395.8
9.0000        -6013.730    -6057.899       44.170   384.8
9.2000        -6012.704    -6058.010       45.305   394.7
9.4000        -6011.748    -6057.305       45.557   396.9
9.6000        -6009.894    -6055.549       45.655   397.8
9.8000        -6011.835    -6056.346       44.511   387.8
10.0000       -6010.229    -6056.922       46.693   406.8
10.2000       -6009.585    -6054.464       44.879   391.0
10.4000       -6008.326    -6054.920       46.594   405.9
10.6000       -6010.161    -6056.718       46.557   405.6
10.8000       -6010.616    -6057.183       46.567   405.7
11.0000       -6009.816    -6057.242       47.426   413.2
11.2000       -6007.605    -6054.322       46.717   407.0
11.4000       -6008.006    -6055.418       47.412   413.1
11.6000       -6009.750    -6056.523       46.773   407.5
11.8000       -6012.147    -6058.103       45.956   400.4
12.0000       -6012.793    -6056.303       43.510   379.1
12.2000       -6011.654    -6057.293       45.639   397.6
12.4000       -6011.342    -6056.021       44.680   389.3
12.6000       -6012.764    -6058.704       45.940   400.2
12.8000       -6011.672    -6056.378       44.706   389.5
13.0000       -6011.964    -6057.143       45.179   393.6
13.2000       -6012.561    -6057.368       44.807   390.4
13.4000       -6011.776    -6057.701       45.924   400.1
13.6000       -6008.147    -6055.618       47.471   413.6
13.8000       -6008.761    -6053.520       44.759   389.9
14.0000       -6008.361    -6054.157       45.796   399.0
14.2000       -6007.289    -6054.785       47.496   413.8
14.4000       -6008.884    -6053.954       45.070   392.7
14.6000       -6009.897    -6056.188       46.291   403.3
14.8000       -6010.055    -6056.346       46.291   403.3
15.0000       -6007.004    -6053.976       46.972   409.2
15.2000       -6009.322    -6057.043       47.721   415.7
15.4000       -6009.837    -6056.127       46.290   403.3
15.6000       -6010.224    -6056.274       46.051   401.2
15.8000       -6008.624    -6055.167       46.543   405.5
16.0000       -6012.702    -6057.726       45.024   392.3
16.2000       -6010.642    -6055.074       44.432   387.1
16.4000       -6010.712    -6056.789       46.077   401.4
16.6000       -6013.572    -6056.529       42.956   374.2
16.8000       -6011.326    -6055.573       44.247   385.5
17.0000       -6010.805    -6056.071       45.265   394.4
17.2000       -6010.701    -6055.605       44.904   391.2
17.4000       -6012.557    -6057.427       44.870   390.9
17.6000       -6011.913    -6058.883       46.970   409.2
17.8000       -6011.670    -6057.164       45.494   396.4
18.0000       -6010.773    -6056.098       45.326   394.9
18.2000       -6011.114    -6056.508       45.394   395.5
18.4000       -6008.736    -6052.976       44.241   385.4
18.6000       -6007.620    -6054.181       46.561   405.6
18.8000       -6009.784    -6054.037       44.253   385.5
19.0000       -6009.614    -6055.731       46.117   401.8
19.2000       -6008.512    -6053.667       45.154   393.4
19.4000       -6006.808    -6055.171       48.363   421.3
19.6000       -6008.198    -6054.563       46.366   403.9
19.8000       -6010.607    -6058.012       47.404   413.0
20.0000       -6009.976    -6056.133       46.156   402.1
20.2000       -6011.878    -6056.121       44.242   385.4
20.4000       -6012.508    -6055.919       43.411   378.2
20.6000       -6013.211    -6056.549       43.338   377.6
20.8000       -6011.020    -6056.342       45.321   394.8
21.0000       -6011.486    -6057.513       46.027   401.0
21.2000       -6011.053    -6057.504       46.451   404.7
21.4000       -6012.520    -6057.345       44.825   390.5
21.6000       -6009.714    -6057.512       47.798   416.4
21.8000       -6009.380    -6053.300       43.920   382.6
22.0000       -6010.522    -6056.835       46.314   403.5
22.2000       -6010.607    -6054.984       44.377   386.6
22.4000       -6010.599    -6056.299       45.700   398.1
22.6000       -6009.448    -6055.114       45.666   397.8
22.8000       -6008.503    -6054.467       45.964   400.4
23.0000       -6010.869    -6055.516       44.647   389.0
23.2000       -6011.617    -6055.830       44.213   385.2
23.4000       -6010.750    -6057.429       46.679   406.7
23.6000       -6010.813    -6055.653       44.841   390.7
23.8000       -6011.311    -6056.127       44.816   390.4
24.0000       -6010.697    -6056.450       45.753   398.6
24.2000       -6010.967    -6057.303       46.336   403.7
24.4000       -6013.073    -6057.776       44.704   389.5
24.6000       -6014.141    -6058.063       43.922   382.7
24.8000       -6012.061    -6056.512       44.451   387.3
25.0000       -6012.075    -6057.522       45.448   395.9
25.2000       -6012.512    -6057.765       45.253   394.2
25.4000       -6011.559    -6056.808       45.250   394.2
25.6000       -6011.573    -6055.778       44.205   385.1
25.8000       -6012.354    -6056.679       44.325   386.2
26.0000       -6011.013    -6056.579       45.566   397.0
26.2000       -6009.400    -6054.725       45.325   394.9
26.4000       -6009.855    -6056.438       46.583   405.8
26.6000       -6008.656    -6055.803       47.147   410.7
26.8000       -6006.674    -6054.671       47.997   418.2
27.0000       -6007.801    -6054.745       46.944   409.0
27.2000       -6008.389    -6054.842       46.453   404.7
27.4000       -6008.583    -6055.259       46.676   406.6
27.6000       -6008.872    -6055.018       46.146   402.0
27.8000       -6009.063    -6056.155       47.093   410.3
28.0000       -6010.756    -6057.349       46.593   405.9
28.2000       -6011.111    -6058.333       47.222   411.4
28.4000       -6010.743    -6055.506       44.763   390.0
28.6000       -6010.096    -6056.705       46.609   406.1
28.8000       -6012.483    -6058.292       45.809   399.1
29.0000       -6011.958    -6055.925       43.967   383.0
29.2000       -6012.553    -6057.014       44.460   387.3
29.4000       -6010.224    -6057.004       46.781   407.6
29.6000       -6010.671    -6057.266       46.595   405.9
29.8000       -6011.779    -6056.520       44.741   389.8
30.0000       -6011.819    -6056.238       44.419   387.0
30.2000       -6010.095    -6056.059       45.963   400.4
30.4000       -6012.133    -6056.324       44.190   385.0
30.6000       -6010.560    -6056.749       46.189   402.4
30.8000       -6009.235    -6056.072       46.838   408.1
31.0000       -6008.856    -6053.236       44.380   386.6
31.2000       -6010.764    -6055.252       44.488   387.6
31.4000       -6010.440    -6055.906       45.466   396.1
31.6000       -6008.873    -6055.306       46.433   404.5
31.8000       -6009.673    -6056.007       46.334   403.7
32.0000       -6010.911    -6056.270       45.359   395.2
32.2000       -6009.803    -6056.491       46.688   406.8
32.4000       -6008.328    -6054.129       45.801   399.0
32.6000       -6010.960    -6056.147       45.188   393.7
32.8000       -6010.387    -6055.955       45.568   397.0
33.0000       -6008.354    -6056.544       48.190   419.8
33.2000       -6008.070    -6056.226       48.156   419.5
33.4000       -6007.784    -6055.753       47.969   417.9
33.6000       -6006.388    -6055.153       48.765   424.8
33.8000       -6009.210    -6055.571       46.360   403.9
34.0000       -6009.855    -6056.312       46.457   404.7
34.2000       -6007.075    -6054.687       47.612   414.8
34.4000       -6008.323    -6055.427       47.104   410.4
34.6000       -6009.399    -6055.830       46.431   404.5
34.8000       -6010.381    -6056.544       46.162   402.2
35.0000       -6010.284    -6056.106       45.823   399.2
35.2000       -6010.492    -6055.307       44.815   390.4
35.4000       -6008.848    -6055.506       46.658   406.5
35.6000       -6009.647    -6055.376       45.729   398.4
35.8000       -6009.536    -6057.005       47.469   413.6
36.0000       -6010.135    -6055.471       45.336   395.0
36.2000       -6009.782    -6055.802       46.020   400.9
36.4000       -6008.028    -6055.529       47.501   413.8
36.6000       -6009.787    -6056.248       46.460   404.8
36.8000       -6008.032    -6053.944       45.912   400.0
37.0000       -6009.076    -6055.117       46.041   401.1
37.2000       -6008.494    -6056.030       47.536   414.1
37.4000       -6007.610    -6054.736       47.126   410.6
37.6000       -6007.801    -6054.663       46.862   408.3
37.8000       -6007.782    -6055.962       48.180   419.8
38.0000       -6008.267    -6053.262       44.994   392.0
38.2000       -6010.035    -6056.015       45.980   400.6
38.4000       -6012.971    -6054.833       41.862   364.7
38.6000       -6013.088    -6057.671       44.583   388.4
38.8000       -6012.540    -6057.127       44.588   388.5
39.0000       -6012.683    -6057.817       45.135   393.2
39.2000       -6010.336    -6055.901       45.565   397.0
39.4000       -6009.613    -6055.052       45.439   395.9
39.6000       -6008.883    -6054.259       45.375   395.3
39.8000       -6009.065    -6057.019       47.954   417.8
40.0000       -6010.775    -6054.417       43.642   380.2
40.2000       -6011.026    -6056.193       45.168   393.5
40.4000       -6011.343    -6056.221       44.878   391.0
40.6000       -6011.343    -6057.490       46.147   402.0
40.8000       -6013.032    -6059.278       46.247   402.9
41.0000       -6010.026    -6056.507       46.481   404.9
41.2000       -6008.112    -6055.706       47.594   414.6
41.4000       -6009.511    -6056.178       46.667   406.6
41.6000       -6010.157    -6055.494       45.337   395.0
41.8000       -6011.396    -6057.376       45.981   400.6
42.0000       -6012.904    -6058.979       46.075   401.4
42.2000       -6011.244    -6057.067       45.823   399.2
42.4000       -6010.612    -6056.142       45.529   396.7
42.6000       -6008.365    -6054.342       45.977   400.6
42.8000       -6008.024    -6053.945       45.921   400.1
43.0000       -6007.320    -6055.203       47.883   417.2
43.2000       -6010.419    -6058.824       48.405   421.7
43.4000       -6011.100    -6055.106       44.007   383.4
43.6000       -6011.150    -6055.620       44.470   387.4
43.8000       -6011.255    -6057.405       46.150   402.1
44.0000       -6010.809    -6056.905       46.096   401.6
44.2000       -6013.306    -6057.279       43.973   383.1
44.4000       -6013.068    -6057.726       44.658   389.1
44.6000       -6011.990    -6056.696       44.707   389.5
44.8000       -6011.479    -6058.553       47.074   410.1
45.0000       -6009.770    -6055.053       45.283   394.5
45.2000       -6010.105    -6056.256       46.151   402.1
45.4000       -6005.636    -6053.331       47.695   415.5
45.6000       -6006.275    -6054.345       48.070   418.8
45.8000       -6009.979    -6056.863       46.884   408.5
46.0000       -6011.509    -6058.034       46.525   405.3
46.2000       -6012.075    -6056.367       44.293   385.9
46.4000       -6013.015    -6058.380       45.365   395.2
46.6000       -6011.407    -6056.957       45.550   396.8
46.8000       -6014.055    -6057.954       43.898   382.4
47.0000       -6012.738    -6057.843       45.104   393.0
47.2000       -6012.986    -6058.100       45.113   393.0
47.4000       -6010.592    -6057.182       46.590   405.9
47.6000       -6011.110    -6059.122       48.011   418.3
47.8000       -6010.785    -6058.158       47.374   412.7
48.0000       -6011.876    -6056.386       44.510   387.8
48.2000       -6010.846    -6057.220       46.374   404.0
48.4000       -6012.890    -6057.928       45.037   392.4
48.6000       -6012.132    -6056.356       44.225   385.3
48.8000       -6010.676    -6057.113       46.437   404.6
49.0000       -6009.689    -6054.795       45.107   393.0
49.2000       -6010.373    -6055.113       44.741   389.8
49.4000       -6011.669    -6058.686       47.017   409.6
49.6000       -6011.751    -6055.903       44.153   384.7
49.8000       -6009.296    -6055.115       45.820   399.2
50.0000       -6010.737    -6058.673       47.936   417.6
50.2000       -6013.033    -6057.481       44.448   387.2
50.4000       -6012.337    -6055.734       43.397   378.1
50.6000       -6013.620    -6059.385       45.766   398.7
50.8000       -6013.208    -6058.479       45.271   394.4
51.0000       -6014.318    -6056.702       42.384   369.3
51.2000       -6011.043    -6054.864       43.821   381.8
51.4000       -6012.345    -6057.484       45.138   393.3
51.6000       -6012.519    -6058.250       45.731   398.4
51.8000       -6010.286    -6056.672       46.386   404.1
52.0000       -6014.446    -6059.316       44.870   390.9
52.2000       -6013.034    -6057.112       44.078   384.0
52.4000       -6012.007    -6056.460       44.453   387.3
52.6000       -6010.727    -6055.109       44.382   386.7
52.8000       -6015.655    -6058.504       42.848   373.3
53.0000       -6013.258    -6057.959       44.701   389.4
53.2000       -6012.487    -6058.731       46.245   402.9
53.4000       -6011.602    -6057.112       45.510   396.5
53.6000       -6011.020    -6055.958       44.938   391.5
53.8000       -6010.779    -6055.750       44.972   391.8
54.0000       -6008.185    -6055.238       47.053   409.9
54.2000       -6007.638    -6055.522       47.884   417.2
54.4000       -6009.821    -6058.141       48.320   421.0
54.6000       -6009.041    -6054.749       45.708   398.2
54.8000       -6009.816    -6055.910       46.095   401.6
55.0000       -6010.204    -6057.479       47.275   411.9
55.2000       -6012.464    -6056.319       43.856   382.1
55.4000       -6008.675    -6055.697       47.022   409.7
55.6000       -6009.292    -6056.056       46.764   407.4
55.8000       -6008.168    -6055.095       46.928   408.8
56.0000       -6009.050    -6055.685       46.635   406.3
56.2000       -6010.387    -6057.006       46.619   406.1
56.4000       -6011.418    -6056.179       44.761   390.0
56.6000       -6012.990    -6058.060       45.070   392.7
56.8000       -6011.806    -6056.698       44.892   391.1
57.0000       -6009.670    -6056.202       46.532   405.4
57.2000       -6007.239    -6053.813       46.574   405.8
57.4000       -6007.797    -6054.920       47.123   410.5
57.6000       -6009.401    -6055.562       46.160   402.2
57.8000       -6011.354    -6057.510       46.156   402.1
58.0000       -6009.604    -6054.990       45.386   395.4
58.2000       -6010.412    -6055.474       45.061   392.6
58.4000       -6010.947    -6056.904       45.957   400.4
58.6000       -6011.943    -6057.665       45.721   398.3
58.8000       -6009.577    -6054.870       45.293   394.6
59.0000       -6010.058    -6054.858       44.800   390.3
59.2000       -6008.860    -6053.492       44.632   388.8
59.4000       -6010.111    -6057.183       47.072   410.1
59.6000       -6009.762    -6056.246       46.483   405.0
59.8000       -6009.353    -6054.906       45.553   396.9
60.0000       -6013.064    -6057.173       44.109   384.3
60.2000       -6011.382    -6055.618       44.236   385.4
60.4000       -6011.622    -6056.460       44.838   390.6
60.6000       -6011.928    -6056.520       44.592   388.5
60.8000       -6010.819    -6055.795       44.976   391.8
61.0000       -6012.114    -6057.158       45.044   392.4
61.2000       -6012.376    -6057.622       45.245   394.2
61.4000       -6011.901    -6057.549       45.647   397.7
61.6000       -6012.278    -6056.812       44.534   388.0
61.8000       -6012.187    -6057.382       45.195   393.7
62.0000       -6011.588    -6056.952       45.364   395.2
62.2000       -6011.766    -6056.282       44.516   387.8
62.4000       -6011.740    -6056.220       44.479   387.5
62.6000       -6011.687    -6055.691       44.004   383.4
62.8000       -6010.871    -6056.770       45.898   399.9
63.0000       -6010.316    -6055.240       44.924   391.4
63.2000       -6010.689    -6054.529       43.840   381.9
63.4000       -6009.311    -6054.744       45.432   395.8
63.6000       -6008.127    -6053.375       45.247   394.2
63.8000       -6010.532    -6056.601       46.068   401.4
64.0000       -6012.227    -6057.125       44.898   391.2
64.2000       -6012.481    -6058.212       45.731   398.4
64.4000       -6013.841    -6057.944       44.102   384.2
64.6000       -6011.734    -6055.364       43.630   380.1
64.8000       -6010.448    -6057.933       47.485   413.7
65.0000       -6010.609    -6057.553       46.944   409.0
65.2000       -6010.455    -6056.520       46.065   401.3
65.4000       -6010.665    -6056.045       45.380   395.4
65.6000       -6011.216    -6057.186       45.969   400.5
65.8000       -6010.047    -6056.340       46.294   403.3
66.0000       -6013.488    -6056.554       43.066   375.2
66.2000       -6012.289    -6057.277       44.988   391.9
66.4000       -6011.141    -6057.056       45.914   400.0
66.6000       -6010.782    -6054.522       43.740   381.1
66.8000       -6011.646    -6055.450       43.804   381.6
67.0000       -6010.381    -6056.414       46.033   401.0
67.2000       -6012.715    -6057.062       44.348   386.4
67.4000       -6009.793    -6055.418       45.625   397.5
67.6000       -6008.054    -6053.720       45.666   397.8
67.8000       -6008.668    -6056.729       48.060   418.7
68.0000       -6008.445    -6054.617       46.172   402.3
68.2000       -6009.765    -6056.797       47.032   409.7
68.4000       -6011.330    -6057.359       46.028   401.0
68.6000       -6011.463    -6057.350       45.887   399.8
68.8000       -6010.330    -6055.222       44.892   391.1
69.0000       -6012.969    -6057.241       44.272   385.7
69.2000       -6013.034    -6056.385       43.351   377.7
69.4000       -6009.936    -6056.470       46.534   405.4
69.6000       -6006.034    -6052.854       46.820   407.9
69.8000       -6009.429    -6055.667       46.238   402.8
70.0000       -6006.108    -6054.362       48.254   420.4
70.2000       -6006.656    -6055.080       48.424   421.9
70.4000       -6008.546    -6056.060       47.514   414.0
70.6000       -6007.306    -6054.787       47.482   413.7
70.8000       -6008.276    -6055.675       47.399   412.9
71.0000       -6010.384    -6056.415       46.030   401.0
71.2000       -6011.322    -6057.929       46.606   406.0
71.4000       -6012.147    -6056.378       44.231   385.3
71.6000       -6012.425    -6057.327       44.902   391.2
71.8000       -6009.852    -6055.899       46.047   401.2
72.0000       -6008.674    -6055.098       46.424   404.5
72.2000       -6010.322    -6054.910       44.588   388.5
72.4000       -6011.481    -6057.063       45.582   397.1
72.6000       -6011.988    -6056.229       44.241   385.4
72.8000       -6010.798    -6057.641       46.843   408.1
73.0000       -6012.231    -6056.905       44.674   389.2
73.2000       -6011.913    -6056.126       44.212   385.2
73.4000       -6010.167    -6056.990       46.823   407.9
73.6000       -6012.718    -6056.835       44.117   384.3
73.8000       -6011.659    -6056.497       44.838   390.6
74.0000       -6009.668    -6055.467       45.799   399.0
74.2000       -6010.654    -6054.817       44.164   384.8
74.4000       -6011.169    -6057.758       46.588   405.9
74.6000       -6009.258    -6053.690       44.432   387.1
74.8000       -6008.048    -6055.014       46.966   409.2
75.0000       -6009.650    -6055.537       45.887   399.8
75.2000       -6010.156    -6056.000       45.844   399.4
75.4000       -6010.958    -6056.675       45.717   398.3
75.6000       -6012.585    -6055.768       43.182   376.2
75.8000       -6011.767    -6056.926       45.159   393.4
76.0000       -6012.351    -6058.243       45.892   399.8
76.2000       -6010.654    -6055.980       45.326   394.9
76.4000       -6009.888    -6055.981       46.093   401.6
76.6000       -6011.171    -6055.699       44.528   387.9
76.8000       -6009.017    -6055.554       46.537   405.4
77.0000       -6008.540    -6055.608       47.069   410.1
77.2000       -6010.508    -6055.655       45.146   393.3
77.4000       -6009.220    -6055.530       46.310   403.5
77.6000       -6012.496    -6056.956       44.459   387.3
77.8000       -6010.798    -6056.437       45.639   397.6
78.0000       -6008.556    -6053.426       44.870   390.9
78.2000       -6009.800    -6055.066       45.266   394.4
78.4000       -6007.276    -6055.828       48.552   423.0
78.6000       -6007.397    -6055.290       47.893   417.2
78.8000       -6008.820    -6055.714       46.894   408.5
79.0000       -6010.275    -6057.250       46.975   409.2
79.2000       -6009.595    -6056.314       46.719   407.0
79.4000       -6011.250    -6056.776       45.526   396.6
79.6000       -6009.764    -6055.753       45.989   400.7
79.8000       -6013.110    -6058.372       45.262   394.3
80.0000       -6013.334    -6056.459       43.125   375.7
80.2000       -6011.823    -6058.083       46.260   403.0
80.4000       -6011.662    -6057.001       45.339   395.0
80.6000       -6010.023    -6054.222       44.200   385.1
80.8000       -6011.821    -6057.961       46.140   402.0
81.0000       -6011.550    -6058.682       47.131   410.6
81.2000       -6009.364    -6056.033       46.670   406.6
81.4000       -6007.205    -6055.497       48.292   420.7
81.6000       -6010.868    -6057.565       46.697   406.8
81.8000       -6012.965    -6058.321       45.355   395.1
82.0000       -6011.364    -6058.945       47.582   414.5
82.2000       -6012.451    -6057.773       45.322   394.9
82.4000       -6013.576    -6056.500       42.924   374.0
82.6000       -6011.687    -6058.692       47.005   409.5
82.8000       -6009.638    -6054.202       44.564   388.2
83.0000       -6011.153    -6055.871       44.718   389.6
83.2000       -6007.410    -6054.456       47.046   409.9
83.4000       -6007.950    -6056.156       48.206   420.0
83.6000       -6008.912    -6056.210       47.298   412.1
83.8000       -6008.447    -6055.452       47.005   409.5
84.0000       -6007.327    -6054.981       47.654   415.2
84.2000       -6008.222    -6054.703       46.481   404.9
84.4000       -6008.912    -6054.402       45.491   396.3
84.6000       -6011.448    -6056.224       44.775   390.1
84.8000       -6012.621    -6056.992       44.370   386.6
85.0000       -6011.148    -6057.618       46.470   404.9
85.2000       -6012.385    -6057.788       45.403   395.6
85.4000       -6009.859    -6055.257       45.398   395.5
85.6000       -6011.016    -6056.421       45.405   395.6
85.8000       -6013.445    -6058.345       44.900   391.2
86.0000       -6012.402    -6057.898       45.496   396.4
86.2000       -6010.677    -6054.656       43.979   383.2
86.4000       -6007.692    -6055.299       47.607   414.8
86.6000       -6009.276    -6055.976       46.700   406.9
86.8000       -6010.873    -6056.268       45.395   395.5
87.0000       -6009.047    -6056.765       47.718   415.7
87.2000       -6010.668    -6054.992       44.324   386.2
87.4000       -6009.469    -6056.055       46.586   405.9
87.6000       -6008.290    -6055.620       47.330   412.3
87.8000       -6007.494    -6054.484       46.990   409.4
88.0000       -6005.329    -6052.503       47.175   411.0
88.2000       -6009.063    -6056.282       47.219   411.4
88.4000       -6011.616    -6056.473       44.856   390.8
88.6000       -6012.477    -6057.267       44.789   390.2
88.8000       -6010.437    -6055.275       44.839   390.6
89.0000       -6011.749    -6057.298       45.549   396.8
89.2000       -6013.713    -6057.459       43.746   381.1
89.4000       -6011.924    -6056.774       44.851   390.7
89.6000       -6008.060    -6054.760       46.700   406.9
89.8000       -6010.844    -6057.470       46.626   406.2
90.0000       -6009.893    -6055.373       45.479   396.2
90.2000       -6010.322    -6056.119       45.796   399.0
90.4000       -6010.843    -6056.261       45.418   395.7
90.6000       -6013.174    -6057.349       44.174   384.9
90.8000       -6012.343    -6056.530       44.187   385.0
91.0000       -6012.890    -6057.835       44.945   391.6
91.2000       -6011.573    -6056.259       44.686   389.3
91.4000       -6011.044    -6056.692       45.649   397.7
91.6000       -6010.060    -6055.207       45.147   393.3
91.8000       -6007.628    -6053.234       45.607   397.3
92.0000       -6008.112    -6054.981       46.869   408.3
92.2000       -6006.343    -6054.363       48.020   418.4
92.4000       -6008.417    -6053.424       45.008   392.1
92.6000       -6009.903    -6055.958       46.054   401.2
92.8000       -6010.316    -6056.291       45.975   400.5
93.0000       -6009.624    -6056.669       47.045   409.9
93.2000       -6011.193    -6053.971       42.777   372.7
93.4000       -6011.823    -6057.853       46.030   401.0
93.6000       -6011.716    -6055.447       43.731   381.0
93.8000       -6011.264    -6056.596       45.332   394.9
94.0000       -6007.793    -6054.644       46.851   408.2
94.2000       -6011.449    -6057.191       45.742   398.5
94.4000       -6011.481    -6055.785       44.304   386.0
94.6000       -6014.009    -6059.014       45.004   392.1
94.8000       -6013.149    -6059.954       46.804   407.8
95.0000       -6012.414    -6056.225       43.811   381.7
95.2000       -6015.228    -6059.241       44.013   383.4
95.4000       -6013.247    -6057.479       44.233   385.4
95.6000       -6012.743    -6058.399       45.657   397.8
95.8000       -6009.462    -6055.519       46.057   401.3
96.0000       -6010.264    -6056.701       46.437   404.6
96.2000       -6010.950    -6056.294       45.344   395.0
96.4000       -6010.940    -6057.565       46.625   406.2
96.6000       -6012.371    -6058.928       46.557   405.6
96.8000       -6013.327    -6058.178       44.851   390.7
97.0000       -6012.693    -6055.825       43.132   375.8
97.2000       -6013.284    -6058.476       45.192   393.7
97.4000       -6011.739    -6056.930       45.191   393.7
97.6000       -6012.411    -6058.021       45.609   397.4
97.8000       -6013.105    -6059.083       45.978   400.6
98.0000       -6014.398    -6057.388       42.990   374.5
98.2000       -6013.971    -6059.260       45.289   394.6
98.4000       -6011.448    -6058.091       46.643   406.4
98.6000       -6011.600    -6056.079       44.479   387.5
98.8000       -6013.598    -6056.908       43.310   377.3
99.0000       -6012.343    -6057.777       45.433   395.8
99.2000       -6011.853    -6058.349       46.496   405.1
99.4000       -6010.822    -6056.456       45.634   397.6
99.6000       -6010.230    -6057.284       47.054   409.9
99.8000       -6012.000    -6055.377       43.378   377.9
100.0000      -6014.151    -6058.052       43.900   382.5
100.2000      -6016.184    -6060.568       44.384   386.7
100.4000      -6013.069    -6058.168       45.099   392.9
100.6000      -6013.753    -6056.329       42.576   370.9
100.8000      -6013.346    -6058.386       45.040   392.4
101.0000      -6012.742    -6056.625       43.883   382.3
101.2000      -6009.991    -6056.019       46.028   401.0
101.4000      -6011.277    -6055.620       44.343   386.3
101.6000      -6009.799    -6056.078       46.279   403.2
101.8000      -6011.251    -6058.276       47.026   409.7
102.0000      -6012.348    -6056.415       44.067   383.9
102.2000      -6011.383    -6057.137       45.754   398.6
102.4000      -6009.964    -6056.043       46.079   401.4
102.6000      -6008.993    -6055.033       46.040   401.1
102.8000      -6011.533    -6056.621       45.088   392.8
103.0000      -6012.414    -6055.521       43.107   375.6
103.2000      -6011.540    -6057.011       45.471   396.1
103.4000      -6012.637    -6057.657       45.021   392.2
103.6000      -6012.366    -6058.281       45.915   400.0
103.8000      -6014.089    -6057.247       43.158   376.0
104.0000      -6012.107    -6058.446       46.339   403.7
104.2000      -6011.332    -6057.675       46.343   403.7
104.4000      -6007.901    -6055.212       47.311   412.2
104.6000      -6008.092    -6055.243       47.151   410.8
104.8000      -6010.306    -6057.854       47.549   414.2
105.0000      -6012.055    -6056.754       44.699   389.4
105.2000      -6011.929    -6055.971       44.042   383.7
105.4000      -6012.144    -6056.297       44.153   384.7
105.6000      -6012.244    -6057.938       45.694   398.1
105.8000      -6007.073    -6054.231       47.159   410.9
106.0000      -6007.182    -6053.759       46.577   405.8
106.2000      -6009.757    -6054.433       44.676   389.2
106.4000      -6009.430    -6055.689       46.259   403.0
106.6000      -6008.884    -6055.151       46.267   403.1
106.8000      -6010.608    -6056.346       45.738   398.5
107.0000      -6011.273    -6055.767       44.493   387.6
107.2000      -6010.609    -6056.094       45.485   396.3
107.4000      -6009.082    -6054.338       45.256   394.3
107.6000      -6008.068    -6055.165       47.097   410.3
107.8000      -6006.415    -6053.693       47.279   411.9
108.0000      -6006.185    -6055.365       49.180   428.5
108.2000      -6006.251    -6054.523       48.272   420.6
108.4000      -6006.755    -6054.792       48.037   418.5
108.6000      -6007.704    -6054.021       46.316   403.5
108.8000      -6008.715    -6055.648       46.933   408.9
109.0000      -6009.229    -6055.283       46.054   401.2
109.2000      -6012.107    -6059.878       47.771   416.2
109.4000      -6011.281    -6057.671       46.390   404.2
109.6000      -6011.278    -6056.061       44.783   390.2
109.8000      -6011.186    -6056.305       45.119   393.1
110.0000      -6010.440    -6057.423       46.983   409.3
110.2000      -6011.920    -6056.829       44.909   391.3
110.4000      -6011.248    -6057.345       46.097   401.6
110.6000      -6009.987    -6054.851       44.864   390.9
110.8000      -6009.975    -6055.365       45.390   395.4
111.0000      -6007.725    -6055.010       47.285   411.9
111.2000      -6010.160    -6055.067       44.908   391.2
111.4000      -6008.516    -6054.695       46.179   402.3
111.6000      -6011.916    -6056.545       44.629   388.8
111.8000      -6011.953    -6058.447       46.494   405.1
112.0000      -6012.355    -6056.832       44.477   387.5
112.2000      -6011.862    -6057.772       45.911   400.0
112.4000      -6012.893    -6059.675       46.781   407.6
112.6000      -6014.154    -6057.384       43.230   376.6
112.8000      -6012.666    -6056.537       43.871   382.2
113.0000      -6013.662    -6057.451       43.789   381.5
113.2000      -6012.243    -6058.120       45.877   399.7
113.4000      -6011.679    -6058.005       46.326   403.6
113.6000      -6012.874    -6058.346       45.472   396.2
113.8000      -6011.217    -6058.785       47.568   414.4
114.0000      -6012.709    -6055.154       42.445   369.8
114.2000      -6009.259    -6056.181       46.922   408.8
114.4000      -6010.046    -6055.341       45.296   394.6
114.6000      -6011.892    -6055.903       44.012   383.4
114.8000      -6008.432    -6056.425       47.993   418.1
115.0000      -6009.014    -6055.642       46.628   406.2
115.2000      -6008.798    -6055.765       46.967   409.2
115.4000      -6011.365    -6056.011       44.646   389.0
115.6000      -6012.419    -6057.562       45.144   393.3
115.8000      -6011.046    -6059.283       48.237   420.2
116.0000      -6012.005    -6057.400       45.395   395.5
116.2000      -6010.183    -6056.228       46.045   401.1
116.4000      -6009.294    -6056.621       47.327   412.3
116.6000      -6008.474    -6055.456       46.982   409.3
116.8000      -6008.137    -6054.988       46.851   408.2
117.0000      -6011.289    -6056.734       45.444   395.9
117.2000      -6010.875    -6056.087       45.212   393.9
117.4000      -6011.867    -6055.694       43.828   381.8
117.6000      -6010.767    -6056.098       45.331   394.9
117.8000      -6010.622    -6056.564       45.942   400.2
118.0000      -6008.589    -6056.221       47.632   415.0
118.2000      -6007.125    -6055.074       47.949   417.7
118.4000      -6006.455    -6054.663       48.208   420.0
118.6000      -6009.203    -6055.416       46.213   402.6
118.8000      -6011.689    -6057.271       45.583   397.1
119.0000      -6010.915    -6055.297       44.382   386.7
119.2000      -6009.930    -6055.922       45.992   400.7
119.4000      -6010.760    -6056.112       45.352   395.1
119.6000      -6013.187    -6056.224       43.037   374.9
119.8000      -6012.431    -6057.248       44.817   390.4
120.0000      -6009.313    -6056.534       47.221   411.4
120.2000      -6009.513    -6057.047       47.534   414.1
120.4000      -6009.925    -6056.133       46.209   402.6
120.6000      -6011.329    -6057.703       46.374   404.0
120.8000      -6012.087    -6057.305       45.218   393.9
121.0000      -6012.931    -6056.196       43.265   376.9
121.2000      -6011.405    -6054.729       43.323   377.4
121.4000      -6010.435    -6055.512       45.077   392.7
121.6000      -6010.909    -6058.217       47.308   412.2
121.8000      -6011.442    -6057.233       45.792   398.9
122.0000      -6010.069    -6057.258       47.189   411.1
122.2000      -6007.782    -6054.311       46.528   405.4
122.4000      -6006.366    -6052.952       46.586   405.9
122.6000      -6009.801    -6055.223       45.422   395.7
122.8000      -6010.228    -6054.808       44.580   388.4
123.0000      -6009.037    -6054.645       45.608   397.3
123.2000      -6008.413    -6056.236       47.824   416.6
123.4000      -6008.679    -6055.474       46.794   407.7
123.6000      -6010.756    -6055.968       45.212   393.9
123.8000      -6009.196    -6054.859       45.664   397.8
124.0000      -6009.643    -6057.113       47.469   413.6
124.2000      -6008.788    -6054.561       45.773   398.8
124.4000      -6009.584    -6055.810       46.226   402.7
124.6000      -6009.590    -6055.705       46.115   401.8
124.8000      -6009.539    -6054.740       45.202   393.8
125.0000      -6008.908    -6055.522       46.615   406.1
125.2000      -6010.814    -6056.372       45.558   396.9
125.4000      -6011.571    -6057.455       45.884   399.7
125.6000      -6011.274    -6056.946       45.672   397.9
125.8000      -6011.403    -6058.334       46.932   408.9
126.0000      -6009.249    -6056.274       47.026   409.7
126.2000      -6010.663    -6057.024       46.362   403.9
126.4000      -6013.274    -6058.962       45.688   398.0
126.6000      -6012.339    -6056.576       44.238   385.4
126.8000      -6014.153    -6057.421       43.268   377.0
127.0000      -6014.509    -6057.718       43.209   376.4
127.2000      -6013.125    -6057.021       43.896   382.4
127.4000      -6013.179    -6060.673       47.494   413.8
127.6000      -6012.414    -6057.552       45.138   393.2
127.8000      -6013.582    -6058.070       44.488   387.6
128.0000      -6012.725    -6056.365       43.640   380.2
128.2000      -6009.714    -6056.785       47.071   410.1
128.4000      -6010.133    -6055.057       44.923   391.4
128.6000      -6012.126    -6058.738       46.612   406.1
128.8000      -6012.113    -6058.002       45.889   399.8
129.0000      -6011.022    -6054.196       43.174   376.1
129.2000      -6011.041    -6058.741       47.701   415.6
129.4000      -6012.167    -6057.688       45.521   396.6
129.6000      -6012.024    -6057.599       45.575   397.1
129.8000      -6010.660    -6056.842       46.182   402.3
130.0000      -6010.639    -6057.390       46.751   407.3
130.2000      -6011.483    -6057.444       45.961   400.4
130.4000      -6009.830    -6055.575       45.745   398.5
130.6000      -6008.906    -6055.729       46.823   407.9
130.8000      -6008.745    -6055.599       46.854   408.2
131.0000      -6006.765    -6053.651       46.886   408.5
131.2000      -6009.596    -6056.427       46.832   408.0
131.4000      -6012.063    -6057.021       44.958   391.7
131.6000      -6011.697    -6056.706       45.009   392.1
131.8000      -6010.526    -6056.975       46.449   404.7
132.0000      -6012.148    -6056.518       44.370   386.6
132.2000      -6011.194    -6057.295       46.102   401.6
132.4000      -6012.704    -6059.169       46.465   404.8
132.6000      -6015.218    -6057.487       42.270   368.3
132.8000      -6013.740    -6056.408       42.668   371.7
133.0000      -6011.824    -6056.855       45.031   392.3
133.2000      -6011.120    -6056.810       45.690   398.1
133.4000      -6011.171    -6059.097       47.926   417.5
133.6000      -6012.979    -6057.886       44.907   391.2
133.8000      -6014.769    -6057.513       42.745   372.4
134.0000      -6015.375    -6058.588       43.213   376.5
134.2000      -6012.246    -6055.653       43.408   378.2
134.4000      -6010.694    -6056.578       45.884   399.7
134.6000      -6012.379    -6057.646       45.267   394.4
134.8000      -6012.956    -6056.753       43.797   381.6
135.0000      -6011.848    -6056.090       44.242   385.4
135.2000      -6011.751    -6056.967       45.216   393.9
135.4000      -6009.053    -6056.463       47.411   413.0
135.6000      -6011.489    -6055.885       44.396   386.8
135.8000      -6012.146    -6056.087       43.941   382.8
136.0000      -6014.085    -6058.535       44.450   387.3
136.2000      -6010.673    -6057.147       46.474   404.9
136.4000      -6009.590    -6055.927       46.337   403.7
136.6000      -6011.117    -6056.327       45.210   393.9
136.8000      -6012.403    -6056.116       43.713   380.8
137.0000      -6010.716    -6054.296       43.581   379.7
137.2000      -6011.573    -6056.838       45.266   394.4
137.4000      -6009.618    -6055.347       45.728   398.4
137.6000      -6009.379    -6054.531       45.153   393.4
137.8000      -6010.931    -6055.652       44.722   389.6
138.0000      -6009.572    -6055.378       45.806   399.1
138.2000      -6011.129    -6056.761       45.632   397.5
138.4000      -6012.781    -6057.805       45.024   392.2
138.6000      -6011.829    -6056.257       44.428   387.1
138.8000      -6010.507    -6056.142       45.635   397.6
139.0000      -6010.979    -6057.361       46.383   404.1
139.2000      -6009.886    -6055.684       45.798   399.0
139.4000      -6007.356    -6053.613       46.257   403.0
139.6000      -6009.485    -6056.915       47.430   413.2
139.8000      -6009.452    -6054.958       45.506   396.5
140.0000      -6007.760    -6054.362       46.602   406.0
140.2000      -6008.483    -6055.053       46.570   405.7
140.4000      -6010.218    -6056.000       45.781   398.9
140.6000      -6011.729    -6057.171       45.442   395.9
140.8000      -6009.740    -6055.888       46.147   402.0
141.0000      -6009.850    -6055.062       45.212   393.9
141.2000      -6012.423    -6057.277       44.854   390.8
141.4000      -6012.783    -6056.358       43.575   379.6
141.6000      -6011.577    -6055.514       43.938   382.8
141.8000      -6011.738    -6057.666       45.928   400.1
142.0000      -6009.909    -6055.048       45.139   393.3
142.2000      -6011.294    -6055.843       44.549   388.1
142.4000      -6013.324    -6058.394       45.070   392.7
142.6000      -6011.783    -6056.055       44.272   385.7
142.8000      -6010.994    -6057.012       46.018   400.9
143.0000      -6010.228    -6056.644       46.416   404.4
143.2000      -6010.294    -6054.071       43.776   381.4
143.4000      -6010.527    -6055.378       44.851   390.7
143.6000      -6010.444    -6055.518       45.073   392.7
143.8000      -6009.854    -6055.176       45.322   394.8
144.0000      -6009.974    -6055.562       45.589   397.2
144.2000      -6012.972    -6056.762       43.790   381.5
144.4000      -6008.755    -6057.368       48.613   423.5
144.6000      -6009.202    -6054.408       45.207   393.8
144.8000      -6008.396    -6053.975       45.578   397.1
145.0000      -6008.176    -6055.151       46.976   409.3
145.2000      -6009.674    -6055.079       45.405   395.6
145.4000      -6007.502    -6055.316       47.814   416.6
145.6000      -6008.786    -6053.782       44.997   392.0
145.8000      -6008.997    -6054.213       45.216   393.9
146.0000      -6011.422    -6056.253       44.831   390.6
146.2000      -6008.930    -6055.733       46.803   407.8
146.4000      -6009.598    -6056.332       46.734   407.2
146.6000      -6010.366    -6055.938       45.572   397.0
146.8000      -6010.244    -6054.796       44.552   388.1
147.0000      -6010.339    -6055.200       44.861   390.8
147.2000      -6009.844    -6055.694       45.850   399.5
147.4000      -6007.698    -6054.448       46.751   407.3
147.6000      -6007.339    -6053.092       45.753   398.6
147.8000      -6006.002    -6053.650       47.648   415.1
148.0000      -6007.144    -6054.117       46.973   409.2
148.2000      -6007.208    -6054.783       47.575   414.5
148.4000      -6007.989    -6052.842       44.853   390.8
148.6000      -6009.640    -6054.374       44.734   389.7
148.8000      -6009.609    -6055.113       45.503   396.4
149.0000      -6011.075    -6057.027       45.952   400.3
149.2000      -6011.314    -6055.680       44.366   386.5
149.4000      -6011.357    -6056.644       45.287   394.5
149.6000      -6013.344    -6057.272       43.928   382.7
149.8000      -6011.595    -6057.847       46.252   403.0
150.0000      -6007.785    -6054.922       47.137   410.7
150.2000      -6010.322    -6055.577       45.255   394.3
150.4000      -6012.018    -6059.069       47.051   409.9
150.6000      -6012.817    -6056.898       44.081   384.0
150.8000      -6010.173    -6057.312       47.140   410.7
151.0000      -6012.432    -6056.157       43.725   380.9
151.2000      -6010.185    -6055.294       45.109   393.0
151.4000      -6009.301    -6055.395       46.094   401.6
151.6000      -6013.339    -6057.455       44.116   384.3
151.8000      -6012.867    -6056.732       43.865   382.2
152.0000      -6013.068    -6057.758       44.690   389.3
152.2000      -6012.685    -6057.846       45.161   393.4
152.4000      -6011.320    -6056.472       45.152   393.4
152.6000      -6011.385    -6056.538       45.153   393.4
152.8000      -6007.808    -6053.687       45.879   399.7
153.0000      -6010.169    -6055.324       45.155   393.4
153.2000      -6010.089    -6055.398       45.309   394.7
153.4000      -6010.099    -6055.578       45.478   396.2
153.6000      -6009.262    -6054.881       45.618   397.4
153.8000      -6008.303    -6057.048       48.745   424.7
154.0000      -6006.901    -6054.014       47.113   410.5
154.2000      -6010.368    -6054.515       44.147   384.6
154.4000      -6011.960    -6056.904       44.944   391.6
154.6000      -6010.489    -6056.567       46.079   401.4
154.8000      -6009.954    -6056.224       46.270   403.1
155.0000      -6009.826    -6054.745       44.919   391.3
155.2000      -6011.088    -6055.992       44.904   391.2
155.4000      -6007.207    -6052.567       45.361   395.2
155.6000      -6005.771    -6053.202       47.431   413.2
155.8000      -6007.825    -6054.455       46.630   406.2
156.0000      -6005.871    -6052.734       46.864   408.3
156.2000      -6007.611    -6055.512       47.901   417.3
156.4000      -6007.899    -6054.691       46.793   407.7
156.6000      -6007.971    -6054.246       46.275   403.2
156.8000      -6009.789    -6055.542       45.752   398.6
157.0000      -6010.758    -6056.950       46.192   402.4
157.2000      -6010.521    -6055.514       44.993   392.0
157.4000      -6009.385    -6056.023       46.638   406.3
157.6000      -6009.250    -6055.645       46.394   404.2
