Time[ps]      Etot[eV]     Epot[eV]     Ekin[eV]    T[K]
0.0000        -5982.169    -6040.134       57.965   505.0
0.2000        -5983.527    -6041.830       58.303   507.9
0.4000        -5985.268    -6042.692       57.424   500.3
0.6000        -5988.230    -6044.980       56.750   494.4
0.8000        -5988.526    -6044.040       55.513   483.6
1.0000        -5990.841    -6046.833       55.992   487.8
1.2000        -5988.387    -6046.057       57.670   502.4
1.4000        -5986.744    -6043.310       56.565   492.8
1.6000        -5985.222    -6043.932       58.709   511.5
1.8000        -5987.982    -6044.439       56.457   491.9
2.0000        -5989.959    -6044.271       54.313   473.2
2.2000        -5988.239    -6041.943       53.704   467.9
2.4000        -5987.276    -6044.911       57.634   502.1
2.6000        -5984.777    -6042.842       58.065   505.9
2.8000        -5984.115    -6043.603       59.488   518.3
3.0000        -5986.715    -6042.005       55.290   481.7
3.2000        -5984.696    -6040.928       56.232   489.9
3.4000        -5982.851    -6041.792       58.941   513.5
3.6000        -5983.573    -6041.286       57.713   502.8
3.8000        -5988.176    -6045.639       57.463   500.6
4.0000        -5985.582    -6045.511       59.929   522.1
4.2000        -5986.898    -6042.798       55.900   487.0
4.4000        -5987.677    -6043.261       55.583   484.2
4.6000        -5986.371    -6042.903       56.532   492.5
4.8000        -5984.054    -6040.938       56.884   495.6
5.0000        -5986.182    -6040.634       54.452   474.4
5.2000        -5987.871    -6044.343       56.473   492.0
5.4000        -5989.030    -6045.433       56.403   491.4
5.6000        -5987.123    -6043.090       55.967   487.6
5.8000        -5984.606    -6043.161       58.556   510.1
6.0000        -5986.196    -6044.632       58.435   509.1
6.2000        -5986.866    -6044.469       57.603   501.8
6.4000        -5987.719    -6043.939       56.220   489.8
6.6000        -5984.897    -6041.893       56.995   496.5
6.8000        -5985.960    -6041.171       55.211   481.0
7.0000        -5987.564    -6043.724       56.159   489.3
7.2000        -5986.012    -6042.875       56.863   495.4
7.4000        -5988.565    -6044.371       55.805   486.2
7.6000        -5985.997    -6042.567       56.570   492.8
7.8000        -5986.549    -6043.097       56.548   492.7
8.0000        -5985.959    -6043.261       57.302   499.2
8.2000        -5985.393    -6042.879       57.486   500.8
8.4000        -5986.301    -6043.292       56.992   496.5
8.6000        -5989.024    -6046.325       57.300   499.2
8.8000        -5991.010    -6046.360       55.350   482.2
9.0000        -5987.727    -6044.493       56.766   494.6
9.2000        -5986.591    -6045.280       58.690   511.3
9.4000        -5989.126    -6044.903       55.778   485.9
9.6000        -5987.496    -6043.597       56.100   488.8
9.8000        -5986.189    -6044.119       57.930   504.7
10.0000       -5986.500    -6044.287       57.787   503.4
10.2000       -5986.162    -6042.678       56.516   492.4
10.4000       -5985.587    -6042.370       56.783   494.7
10.6000       -5983.815    -6043.544       59.729   520.4
10.8000       -5983.155    -6041.275       58.120   506.3
11.0000       -5983.291    -6043.102       59.810   521.1
11.2000       -5982.969    -6042.325       59.356   517.1
11.4000       -5983.131    -6041.433       58.302   507.9
11.6000       -5984.388    -6042.852       58.463   509.3
11.8000       -5986.835    -6043.507       56.672   493.7
12.0000       -5989.538    -6045.668       56.130   489.0
12.2000       -5986.520    -6042.174       55.655   484.9
12.4000       -5987.597    -6042.825       55.228   481.2
12.6000       -5989.349    -6044.654       55.306   481.8
12.8000       -5988.792    -6045.260       56.468   492.0
13.0000       -5988.983    -6045.890       56.907   495.8
13.2000       -5988.546    -6043.298       54.753   477.0
13.4000       -5986.063    -6042.490       56.428   491.6
13.6000       -5983.233    -6043.206       59.972   522.5
13.8000       -5984.000    -6041.998       57.997   505.3
14.0000       -5983.296    -6042.137       58.841   512.6
14.2000       -5979.063    -6039.188       60.125   523.8
14.4000       -5984.246    -6041.406       57.160   498.0
14.6000       -5984.065    -6042.224       58.158   506.7
14.8000       -5980.466    -6042.466       62.000   540.1
15.0000       -5982.467    -6043.058       60.591   527.9
15.2000       -5983.691    -6043.250       59.560   518.9
15.4000       -5986.508    -6044.200       57.692   502.6
15.6000       -5986.596    -6042.740       56.144   489.1
15.8000       -5991.545    -6045.818       54.274   472.8
16.0000       -5986.249    -6041.669       55.420   482.8
16.2000       -5988.519    -6045.773       57.254   498.8
16.4000       -5985.824    -6042.347       56.523   492.4
16.6000       -5984.484    -6044.383       59.898   521.8
16.8000       -5987.744    -6043.094       55.350   482.2
17.0000       -5988.575    -6045.545       56.970   496.3
17.2000       -5988.048    -6043.784       55.735   485.6
17.4000       -5987.236    -6044.143       56.907   495.8
17.6000       -5987.803    -6045.554       57.751   503.1
17.8000       -5988.233    -6044.324       56.091   488.7
18.0000       -5986.487    -6043.782       57.295   499.2
18.2000       -5985.370    -6041.744       56.374   491.1
18.4000       -5983.406    -6042.441       59.035   514.3
18.6000       -5985.056    -6043.172       58.116   506.3
18.8000       -5985.670    -6042.283       56.614   493.2
19.0000       -5984.816    -6042.243       57.427   500.3
19.2000       -5985.258    -6042.831       57.573   501.6
19.4000       -5986.500    -6042.794       56.295   490.4
19.6000       -5985.705    -6042.887       57.182   498.2
19.8000       -5985.646    -6043.229       57.583   501.7
20.0000       -5983.701    -6042.417       58.716   511.5
20.2000       -5985.636    -6041.480       55.844   486.5
20.4000       -5984.491    -6041.880       57.389   500.0
20.6000       -5983.758    -6041.171       57.413   500.2
20.8000       -5984.070    -6042.026       57.956   504.9
21.0000       -5986.502    -6042.733       56.231   489.9
21.2000       -5989.569    -6046.521       56.951   496.2
21.4000       -5984.851    -6042.599       57.748   503.1
21.6000       -5981.322    -6041.092       59.770   520.7
21.8000       -5984.251    -6040.279       56.028   488.1
22.0000       -5982.754    -6040.870       58.116   506.3
22.2000       -5983.393    -6041.500       58.107   506.2
22.4000       -5984.216    -6042.072       57.856   504.0
22.6000       -5982.698    -6041.096       58.398   508.8
22.8000       -5982.985    -6040.906       57.921   504.6
23.0000       -5983.611    -6042.301       58.690   511.3
23.2000       -5986.164    -6044.407       58.243   507.4
23.4000       -5982.601    -6039.958       57.357   499.7
23.6000       -5982.484    -6043.272       60.788   529.6
23.8000       -5984.330    -6043.470       59.141   515.2
24.0000       -5982.156    -6040.157       58.000   505.3
24.2000       -5980.609    -6040.531       59.922   522.0
24.4000       -5980.654    -6040.049       59.395   517.5
24.6000       -5980.977    -6040.162       59.185   515.6
24.8000       -5984.148    -6043.483       59.335   516.9
25.0000       -5983.914    -6041.597       57.683   502.5
25.2000       -5987.361    -6044.259       56.898   495.7
25.4000       -5985.932    -6042.518       56.586   493.0
25.6000       -5987.241    -6044.253       57.013   496.7
25.8000       -5985.593    -6042.907       57.315   499.3
26.0000       -5987.658    -6043.247       55.588   484.3
26.2000       -5985.807    -6041.629       55.823   486.3
26.4000       -5983.628    -6042.456       58.827   512.5
26.6000       -5983.844    -6042.222       58.379   508.6
26.8000       -5987.296    -6043.327       56.031   488.1
27.0000       -5984.313    -6042.123       57.810   503.6
27.2000       -5982.699    -6041.064       58.365   508.5
27.4000       -5980.484    -6039.916       59.431   517.8
27.6000       -5982.999    -6042.008       59.009   514.1
27.8000       -5983.793    -6042.521       58.729   511.7
28.0000       -5985.806    -6045.300       59.494   518.3
28.2000       -5984.346    -6042.279       57.933   504.7
28.4000       -5986.532    -6043.749       57.216   498.5
28.6000       -5985.787    -6043.372       57.585   501.7
28.8000       -5987.664    -6041.788       54.124   471.5
29.0000       -5987.170    -6043.271       56.102   488.8
29.2000       -5985.663    -6042.679       57.015   496.7
29.4000       -5985.984    -6043.904       57.921   504.6
29.6000       -5986.633    -6043.268       56.635   493.4
29.8000       -5984.489    -6042.363       57.874   504.2
30.0000       -5983.315    -6043.919       60.604   528.0
30.2000       -5982.660    -6040.321       57.661   502.3
30.4000       -5985.259    -6043.660       58.401   508.8
30.6000       -5986.669    -6044.630       57.961   505.0
30.8000       -5986.624    -6044.000       57.377   499.9
31.0000       -5988.103    -6043.336       55.233   481.2
31.2000       -5986.404    -6042.479       56.074   488.5
31.4000       -5986.968    -6041.670       54.702   476.6
31.6000       -5986.230    -6042.742       56.512   492.3
31.8000       -5987.233    -6043.479       56.247   490.0
32.0000       -5989.603    -6044.928       55.325   482.0
32.2000       -5985.858    -6042.356       56.498   492.2
32.4000       -5983.824    -6043.498       59.674   519.9
32.6000       -5989.338    -6044.416       55.078   479.8
32.8000       -5990.513    -6045.371       54.858   477.9
33.0000       -5987.227    -6044.272       57.045   497.0
33.2000       -5982.559    -6043.110       60.551   527.5
33.4000       -5984.147    -6042.239       58.092   506.1
33.6000       -5985.431    -6042.899       57.468   500.7
33.8000       -5986.414    -6044.491       58.078   506.0
34.0000       -5986.348    -6042.620       56.272   490.3
34.2000       -5987.690    -6044.224       56.533   492.5
34.4000       -5987.545    -6043.979       56.434   491.7
34.6000       -5987.426    -6043.414       55.988   487.8
34.8000       -5985.952    -6042.261       56.309   490.6
35.0000       -5984.944    -6040.778       55.834   486.4
35.2000       -5985.027    -6042.649       57.622   502.0
35.4000       -5986.159    -6042.158       55.999   487.9
35.6000       -5989.011    -6044.431       55.420   482.8
35.8000       -5987.208    -6041.737       54.529   475.1
36.0000       -5986.312    -6041.707       55.395   482.6
36.2000       -5987.757    -6045.984       58.228   507.3
36.4000       -5985.267    -6044.719       59.452   518.0
36.6000       -5981.555    -6040.038       58.483   509.5
36.8000       -5984.756    -6042.931       58.175   506.8
37.0000       -5984.272    -6041.272       57.001   496.6
37.2000       -5985.067    -6040.544       55.477   483.3
37.4000       -5984.587    -6043.036       58.448   509.2
37.6000       -5986.784    -6044.179       57.395   500.0
37.8000       -5987.870    -6044.209       56.339   490.8
38.0000       -5987.628    -6045.048       57.420   500.3
38.2000       -5988.745    -6044.308       55.563   484.1
38.4000       -5987.161    -6043.653       56.492   492.2
38.6000       -5985.880    -6042.465       56.585   493.0
38.8000       -5984.504    -6043.463       58.959   513.7
39.0000       -5982.954    -6041.230       58.276   507.7
39.2000       -5984.317    -6042.639       58.322   508.1
39.4000       -5982.514    -6039.833       57.320   499.4
39.6000       -5984.719    -6042.300       57.581   501.7
39.8000       -5985.166    -6041.813       56.647   493.5
40.0000       -5986.872    -6045.042       58.170   506.8
40.2000       -5988.062    -6042.963       54.901   478.3
40.4000       -5989.257    -6044.385       55.128   480.3
40.6000       -5987.217    -6041.796       54.579   475.5
40.8000       -5984.806    -6042.343       57.537   501.3
41.0000       -5984.424    -6042.162       57.738   503.0
41.2000       -5983.290    -6041.542       58.251   507.5
41.4000       -5985.385    -6043.791       58.405   508.8
41.6000       -5984.260    -6044.229       59.969   522.5
41.8000       -5981.515    -6041.146       59.631   519.5
42.0000       -5979.959    -6039.274       59.316   516.8
42.2000       -5982.754    -6042.873       60.119   523.8
42.4000       -5985.284    -6043.146       57.861   504.1
42.6000       -5983.804    -6041.947       58.143   506.5
42.8000       -5987.281    -6042.355       55.075   479.8
43.0000       -5985.860    -6042.592       56.732   494.3
43.2000       -5985.153    -6043.585       58.432   509.1
43.4000       -5986.687    -6043.336       56.649   493.5
43.6000       -5987.437    -6042.156       54.719   476.7
43.8000       -5983.761    -6041.036       57.275   499.0
44.0000       -5984.330    -6042.423       58.093   506.1
44.2000       -5986.679    -6043.009       56.330   490.8
44.4000       -5985.660    -6043.272       57.612   501.9
44.6000       -5987.165    -6044.368       57.203   498.4
44.8000       -5985.782    -6042.406       56.624   493.3
45.0000       -5985.357    -6043.736       58.379   508.6
45.2000       -5987.755    -6042.650       54.895   478.3
45.4000       -5988.279    -6043.652       55.374   482.4
45.6000       -5989.862    -6044.170       54.308   473.1
45.8000       -5986.915    -6042.816       55.901   487.0
46.0000       -5984.101    -6041.115       57.014   496.7
46.2000       -5984.622    -6041.055       56.433   491.7
46.4000       -5985.025    -6042.342       57.317   499.4
46.6000       -5986.511    -6042.044       55.533   483.8
46.8000       -5986.008    -6043.060       57.051   497.0
47.0000       -5985.489    -6043.205       57.716   502.8
47.2000       -5985.835    -6043.350       57.514   501.1
47.4000       -5986.830    -6041.821       54.991   479.1
47.6000       -5984.506    -6043.972       59.466   518.1
47.8000       -5984.106    -6043.683       59.577   519.0
48.0000       -5985.104    -6041.891       56.788   494.7
48.2000       -5986.650    -6043.474       56.824   495.1
48.4000       -5989.527    -6044.903       55.376   482.4
48.6000       -5988.994    -6045.764       56.770   494.6
48.8000       -5984.283    -6039.573       55.290   481.7
49.0000       -5984.830    -6040.230       55.400   482.6
49.2000       -5985.260    -6040.540       55.280   481.6
49.4000       -5986.459    -6043.637       57.177   498.1
49.6000       -5987.163    -6043.915       56.752   494.4
49.8000       -5987.061    -6046.240       59.179   515.6
50.0000       -5987.347    -6043.614       56.267   490.2
50.2000       -5986.336    -6041.699       55.364   482.3
50.4000       -5985.003    -6042.597       57.595   501.8
50.6000       -5982.061    -6040.855       58.794   512.2
50.8000       -5983.907    -6043.437       59.530   518.6
51.0000       -5982.899    -6040.254       57.356   499.7
51.2000       -5981.903    -6042.374       60.471   526.8
51.4000       -5983.794    -6042.140       58.346   508.3
51.6000       -5988.116    -6043.965       55.849   486.6
51.8000       -5986.913    -6045.645       58.731   511.7
52.0000       -5988.212    -6046.098       57.886   504.3
52.2000       -5988.570    -6043.937       55.366   482.4
52.4000       -5988.401    -6045.320       56.920   495.9
52.6000       -5986.853    -6043.362       56.509   492.3
52.8000       -5985.327    -6043.456       58.129   506.4
53.0000       -5984.819    -6044.458       59.640   519.6
53.2000       -5983.830    -6042.296       58.466   509.4
53.4000       -5986.092    -6043.425       57.333   499.5
53.6000       -5983.044    -6040.706       57.662   502.4
53.8000       -5982.530    -6041.553       59.022   514.2
54.0000       -5981.662    -6042.924       61.261   533.7
54.2000       -5983.990    -6041.941       57.951   504.9
54.4000       -5984.229    -6041.806       57.577   501.6
54.6000       -5980.392    -6039.880       59.488   518.3
54.8000       -5981.569    -6040.620       59.050   514.5
55.0000       -5983.444    -6042.531       59.088   514.8
55.2000       -5987.081    -6044.116       57.035   496.9
55.4000       -5984.727    -6042.512       57.785   503.4
55.6000       -5981.363    -6042.374       61.011   531.5
55.8000       -5986.970    -6042.812       55.842   486.5
56.0000       -5988.101    -6044.302       56.200   489.6
56.2000       -5987.389    -6042.947       55.558   484.0
56.4000       -5989.954    -6044.599       54.645   476.1
56.6000       -5987.403    -6043.658       56.255   490.1
56.8000       -5986.814    -6044.138       57.324   499.4
57.0000       -5989.680    -6044.962       55.282   481.6
57.2000       -5990.678    -6045.983       55.306   481.8
57.4000       -5988.909    -6043.771       54.862   478.0
57.6000       -5987.056    -6044.109       57.053   497.0
57.8000       -5988.520    -6042.770       54.250   472.6
58.0000       -5984.871    -6042.002       57.131   497.7
58.2000       -5983.003    -6041.303       58.300   507.9
58.4000       -5984.984    -6043.545       58.561   510.2
58.6000       -5984.169    -6042.414       58.244   507.4
58.8000       -5981.449    -6043.448       62.000   540.1
59.0000       -5980.913    -6041.224       60.311   525.4
59.2000       -5983.309    -6040.985       57.676   502.5
59.4000       -5984.486    -6045.044       60.558   527.6
59.6000       -5981.500    -6041.635       60.135   523.9
59.8000       -5983.656    -6044.382       60.726   529.1
60.0000       -5984.925    -6041.521       56.596   493.1
60.2000       -5985.849    -6044.659       58.810   512.4
60.4000       -5985.096    -6043.000       57.903   504.5
60.6000       -5983.569    -6041.336       57.767   503.3
60.8000       -5983.483    -6041.901       58.418   508.9
61.0000       -5987.335    -6042.719       55.384   482.5
61.2000       -5989.219    -6042.361       53.142   463.0
61.4000       -5989.371    -6042.598       53.227   463.7
61.6000       -5989.439    -6044.976       55.537   483.8
61.8000       -5992.179    -6045.364       53.185   463.4
62.0000       -5989.910    -6044.154       54.244   472.6
62.2000       -5992.339    -6047.073       54.734   476.9
62.4000       -5990.808    -6043.494       52.686   459.0
62.6000       -5988.936    -6045.859       56.923   495.9
62.8000       -5987.493    -6044.165       56.672   493.7
63.0000       -5991.377    -6047.196       55.819   486.3
63.2000       -5987.583    -6042.861       55.278   481.6
63.4000       -5985.321    -6045.584       60.264   525.0
63.6000       -5985.306    -6042.696       57.390   500.0
63.8000       -5984.728    -6041.389       56.661   493.6
64.0000       -5985.205    -6044.641       59.436   517.8
64.2000       -5983.499    -6042.632       59.134   515.2
64.4000       -5984.534    -6042.340       57.806   503.6
64.6000       -5982.908    -6040.078       57.170   498.1
64.8000       -5987.367    -6043.690       56.323   490.7
65.0000       -5987.910    -6043.892       55.981   487.7
65.2000       -5988.473    -6043.671       55.198   480.9
65.4000       -5988.939    -6045.985       57.046   497.0
65.6000       -5988.512    -6045.502       56.990   496.5
65.8000       -5986.212    -6043.506       57.294   499.2
66.0000       -5988.196    -6045.402       57.206   498.4
66.2000       -5989.578    -6043.909       54.331   473.3
66.4000       -5988.348    -6046.372       58.024   505.5
66.6000       -5988.969    -6045.085       56.117   488.9
66.8000       -5989.276    -6044.947       55.671   485.0
67.0000       -5986.017    -6043.308       57.291   499.1
67.2000       -5987.618    -6045.069       57.452   500.5
67.4000       -5987.996    -6042.441       54.445   474.3
67.6000       -5989.811    -6043.951       54.140   471.7
67.8000       -5986.962    -6044.337       57.375   499.9
68.0000       -5985.668    -6042.869       57.201   498.3
68.2000       -5985.589    -6043.263       57.674   502.5
68.4000       -5987.412    -6043.694       56.282   490.3
68.6000       -5985.678    -6045.048       59.370   517.2
68.8000       -5986.421    -6043.157       56.736   494.3
69.0000       -5986.919    -6043.275       56.356   491.0
69.2000       -5987.428    -6044.375       56.947   496.1
69.4000       -5983.561    -6041.092       57.531   501.2
69.6000       -5985.100    -6044.740       59.640   519.6
69.8000       -5986.975    -6043.937       56.961   496.3
70.0000       -5988.376    -6043.860       55.485   483.4
70.2000       -5987.525    -6043.973       56.448   491.8
70.4000       -5984.011    -6043.153       59.142   515.2
70.6000       -5984.318    -6044.292       59.973   522.5
70.8000       -5987.610    -6043.775       56.165   489.3
71.0000       -5988.085    -6045.816       57.731   503.0
71.2000       -5988.579    -6043.006       54.427   474.2
71.4000       -5985.344    -6043.321       57.977   505.1
71.6000       -5986.571    -6043.668       57.098   497.4
71.8000       -5985.400    -6044.358       58.958   513.7
72.0000       -5987.446    -6043.644       56.197   489.6
72.2000       -5985.250    -6045.486       60.236   524.8
72.4000       -5984.691    -6042.659       57.968   505.0
72.6000       -5986.261    -6044.139       57.877   504.2
72.8000       -5985.185    -6043.571       58.387   508.7
73.0000       -5986.146    -6044.766       58.620   510.7
73.2000       -5986.670    -6044.268       57.598   501.8
73.4000       -5984.641    -6042.034       57.393   500.0
73.6000       -5986.924    -6044.272       57.349   499.6
73.8000       -5989.565    -6045.990       56.424   491.6
74.0000       -5987.475    -6042.506       55.031   479.4
74.2000       -5988.394    -6044.949       56.555   492.7
74.4000       -5988.181    -6045.098       56.917   495.9
74.6000       -5993.069    -6045.537       52.467   457.1
74.8000       -5990.467    -6045.559       55.092   480.0
75.0000       -5991.440    -6047.077       55.637   484.7
75.2000       -5990.088    -6047.140       57.051   497.0
75.4000       -5986.932    -6044.087       57.155   497.9
75.6000       -5985.472    -6044.127       58.655   511.0
75.8000       -5984.864    -6042.653       57.790   503.5
76.0000       -5984.083    -6042.508       58.425   509.0
76.2000       -5985.204    -6043.022       57.819   503.7
76.4000       -5986.051    -6042.908       56.857   495.3
76.6000       -5987.054    -6044.312       57.258   498.8
76.8000       -5987.795    -6042.716       54.920   478.5
77.0000       -5986.433    -6043.563       57.131   497.7
77.2000       -5985.266    -6043.144       57.878   504.2
77.4000       -5986.491    -6041.531       55.041   479.5
77.6000       -5986.232    -6042.130       55.898   487.0
77.8000       -5990.413    -6045.115       54.702   476.6
78.0000       -5986.753    -6043.803       57.049   497.0
78.2000       -5988.287    -6044.342       56.055   488.4
78.4000       -5991.069    -6047.054       55.985   487.7
78.6000       -5987.462    -6042.746       55.284   481.6
78.8000       -5985.540    -6043.616       58.076   506.0
79.0000       -5982.385    -6041.993       59.608   519.3
79.2000       -5983.613    -6041.791       58.178   506.9
79.4000       -5986.037    -6043.814       57.777   503.4
79.6000       -5988.024    -6042.848       54.824   477.6
79.8000       -5988.703    -6045.771       57.068   497.2
80.0000       -5988.293    -6045.650       57.358   499.7
80.2000       -5990.230    -6044.774       54.543   475.2
80.4000       -5989.713    -6044.526       54.814   477.5
80.6000       -5989.487    -6046.223       56.736   494.3
80.8000       -5987.112    -6043.248       56.136   489.1
81.0000       -5986.064    -6039.896       53.832   469.0
81.2000       -5984.355    -6043.652       59.297   516.6
81.4000       -5983.055    -6041.209       58.154   506.6
81.6000       -5988.008    -6043.587       55.579   484.2
81.8000       -5984.694    -6042.496       57.803   503.6
82.0000       -5982.386    -6039.274       56.889   495.6
82.2000       -5983.021    -6042.534       59.513   518.5
82.4000       -5986.517    -6045.766       59.249   516.2
82.6000       -5984.956    -6042.920       57.964   505.0
82.8000       -5985.354    -6044.068       58.714   511.5
83.0000       -5986.772    -6043.697       56.925   495.9
83.2000       -5983.685    -6043.082       59.397   517.5
83.4000       -5983.895    -6041.584       57.689   502.6
83.6000       -5982.049    -6040.953       58.904   513.2
83.8000       -5983.998    -6041.792       57.794   503.5
84.0000       -5984.820    -6042.703       57.883   504.3
84.2000       -5985.738    -6043.915       58.177   506.8
84.4000       -5985.292    -6042.776       57.485   500.8
84.6000       -5984.733    -6043.979       59.247   516.2
84.8000       -5985.797    -6041.928       56.131   489.0
85.0000       -5985.608    -6043.269       57.660   502.3
85.2000       -5982.869    -6040.780       57.911   504.5
85.4000       -5983.647    -6042.975       59.328   516.9
85.6000       -5984.308    -6044.009       59.700   520.1
85.8000       -5982.068    -6042.765       60.697   528.8
86.0000       -5983.880    -6042.866       58.986   513.9
86.2000       -5984.357    -6043.209       58.853   512.7
86.4000       -5982.628    -6043.330       60.702   528.8
86.6000       -5983.578    -6042.173       58.594   510.5
86.8000       -5985.267    -6043.968       58.700   511.4
87.0000       -5983.078    -6041.063       57.985   505.2
87.2000       -5984.233    -6042.538       58.305   508.0
87.4000       -5985.468    -6042.837       57.369   499.8
87.6000       -5986.675    -6043.781       57.106   497.5
87.8000       -5984.718    -6043.427       58.708   511.5
88.0000       -5985.908    -6043.317       57.410   500.2
88.2000       -5987.742    -6044.990       57.248   498.8
88.4000       -5987.110    -6044.229       57.119   497.6
88.6000       -5984.579    -6044.026       59.448   517.9
88.8000       -5984.054    -6042.702       58.647   510.9
89.0000       -5985.681    -6045.041       59.360   517.2
89.2000       -5982.266    -6041.446       59.180   515.6
89.4000       -5985.425    -6043.054       57.629   502.1
89.6000       -5985.242    -6044.073       58.832   512.5
89.8000       -5986.559    -6044.129       57.570   501.6
90.0000       -5987.171    -6045.455       58.283   507.8
90.2000       -5986.048    -6043.343       57.295   499.2
90.4000       -5987.460    -6045.004       57.544   501.3
90.6000       -5988.175    -6043.052       54.877   478.1
90.8000       -5984.358    -6042.987       58.630   510.8
91.0000       -5985.312    -6042.106       56.794   494.8
91.2000       -5984.282    -6041.981       57.700   502.7
91.4000       -5983.649    -6041.699       58.050   505.7
91.6000       -5983.980    -6042.186       58.205   507.1
91.8000       -5987.134    -6041.906       54.773   477.2
92.0000       -5988.363    -6044.817       56.454   491.8
92.2000       -5988.604    -6044.326       55.722   485.5
92.4000       -5982.143    -6041.672       59.529   518.6
92.6000       -5984.785    -6043.396       58.611   510.6
92.8000       -5986.474    -6042.296       55.822   486.3
93.0000       -5986.377    -6042.076       55.699   485.3
93.2000       -5987.544    -6044.210       56.667   493.7
93.4000       -5983.070    -6040.804       57.734   503.0
93.6000       -5982.474    -6039.127       56.653   493.6
93.8000       -5981.773    -6041.162       59.389   517.4
94.0000       -5985.393    -6043.041       57.648   502.2
94.2000       -5985.951    -6042.482       56.531   492.5
94.4000       -5988.676    -6044.439       55.764   485.8
94.6000       -5987.041    -6043.809       56.768   494.6
94.8000       -5985.755    -6042.430       56.675   493.8
95.0000       -5987.759    -6044.866       57.107   497.5
95.2000       -5986.113    -6042.491       56.378   491.2
95.4000       -5986.786    -6042.793       56.007   487.9
95.6000       -5989.830    -6045.146       55.315   481.9
95.8000       -5987.219    -6042.505       55.286   481.7
96.0000       -5988.195    -6044.870       56.675   493.8
96.2000       -5988.740    -6043.484       54.745   476.9
96.4000       -5987.885    -6043.338       55.453   483.1
96.6000       -5987.982    -6042.701       54.719   476.7
96.8000       -5983.965    -6042.394       58.429   509.0
97.0000       -5984.994    -6041.909       56.915   495.8
97.2000       -5985.813    -6042.347       56.534   492.5
97.4000       -5982.962    -6042.526       59.564   518.9
97.6000       -5985.441    -6044.926       59.485   518.2
97.8000       -5984.161    -6041.954       57.794   503.5
98.0000       -5986.936    -6043.501       56.565   492.8
98.2000       -5985.667    -6045.225       59.559   518.9
98.4000       -5988.095    -6045.417       57.322   499.4
98.6000       -5988.070    -6044.315       56.246   490.0
98.8000       -5984.672    -6042.245       57.573   501.6
99.0000       -5983.833    -6041.463       57.630   502.1
99.2000       -5982.614    -6039.578       56.964   496.3
99.4000       -5983.685    -6042.808       59.123   515.1
99.6000       -5982.375    -6041.525       59.150   515.3
99.8000       -5980.675    -6039.616       58.941   513.5
100.0000      -5979.427    -6038.612       59.185   515.6
100.2000      -5982.522    -6040.414       57.892   504.4
100.4000      -5982.918    -6042.123       59.205   515.8
100.6000      -5983.889    -6042.800       58.910   513.2
100.8000      -5985.191    -6043.307       58.116   506.3
101.0000      -5984.733    -6041.899       57.166   498.0
101.2000      -5984.880    -6043.602       58.722   511.6
101.4000      -5985.717    -6043.143       57.426   500.3
101.6000      -5984.674    -6043.151       58.477   509.5
101.8000      -5988.914    -6043.411       54.497   474.8
102.0000      -5987.617    -6044.501       56.884   495.6
102.2000      -5985.186    -6042.340       57.154   497.9
102.4000      -5985.607    -6043.179       57.572   501.6
102.6000      -5987.476    -6044.153       56.677   493.8
102.8000      -5986.019    -6043.581       57.562   501.5
103.0000      -5986.351    -6043.560       57.209   498.4
103.2000      -5986.592    -6044.223       57.631   502.1
103.4000      -5987.712    -6044.252       56.539   492.6
103.6000      -5985.445    -6043.258       57.813   503.7
103.8000      -5985.297    -6042.905       57.608   501.9
104.0000      -5984.332    -6042.991       58.658   511.0
104.2000      -5989.182    -6044.824       55.642   484.8
104.4000      -5991.707    -6047.291       55.584   484.3
104.6000      -5990.664    -6045.594       54.930   478.6
104.8000      -5989.817    -6043.631       53.814   468.8
105.0000      -5991.363    -6045.392       54.029   470.7
105.2000      -5990.042    -6046.245       56.202   489.6
105.4000      -5987.053    -6044.161       57.109   497.5
105.6000      -5984.643    -6042.021       57.378   499.9
105.8000      -5985.087    -6042.986       57.900   504.4
106.0000      -5986.237    -6044.639       58.401   508.8
106.2000      -5986.577    -6043.670       57.094   497.4
106.4000      -5987.045    -6042.354       55.308   481.9
106.6000      -5989.381    -6045.318       55.937   487.3
106.8000      -5986.678    -6044.818       58.141   506.5
107.0000      -5988.341    -6041.102       52.760   459.7
107.2000      -5988.708    -6045.053       56.345   490.9
107.4000      -5985.803    -6041.192       55.389   482.6
107.6000      -5987.681    -6043.999       56.317   490.6
107.8000      -5989.426    -6044.869       55.443   483.0
108.0000      -5986.636    -6042.465       55.829   486.4
108.2000      -5985.977    -6042.729       56.751   494.4
108.4000      -5987.798    -6045.739       57.942   504.8
108.6000      -5985.041    -6042.122       57.081   497.3
108.8000      -5984.625    -6043.499       58.874   512.9
109.0000      -5986.544    -6043.390       56.846   495.2
109.2000      -5986.257    -6045.797       59.540   518.7
109.4000      -5988.583    -6044.082       55.499   483.5
109.6000      -5986.507    -6044.583       58.076   506.0
109.8000      -5987.659    -6043.110       55.451   483.1
110.0000      -5986.527    -6044.736       58.209   507.1
110.2000      -5986.639    -6043.425       56.786   494.7
110.4000      -5990.441    -6046.128       55.687   485.2
110.6000      -5990.394    -6045.597       55.203   480.9
110.8000      -5990.649    -6044.455       53.806   468.8
111.0000      -5988.733    -6044.704       55.971   487.6
111.2000      -5987.103    -6042.893       55.790   486.0
111.4000      -5986.481    -6044.852       58.371   508.5
111.6000      -5984.701    -6041.742       57.041   496.9
111.8000      -5984.965    -6042.269       57.304   499.2
112.0000      -5982.857    -6040.560       57.702   502.7
112.2000      -5982.946    -6041.938       58.992   513.9
112.4000      -5981.581    -6041.220       59.639   519.6
112.6000      -5983.479    -6042.891       59.412   517.6
112.8000      -5983.421    -6041.655       58.233   507.3
113.0000      -5988.455    -6043.662       55.206   481.0
113.2000      -5986.585    -6044.906       58.321   508.1
113.4000      -5987.244    -6044.440       57.196   498.3
113.6000      -5984.778    -6042.760       57.982   505.1
113.8000      -5983.281    -6042.413       59.132   515.2
114.0000      -5982.537    -6041.229       58.692   511.3
114.2000      -5985.977    -6043.634       57.657   502.3
114.4000      -5982.689    -6041.988       59.300   516.6
114.6000      -5981.250    -6041.344       60.093   523.5
114.8000      -5979.435    -6040.381       60.946   531.0
115.0000      -5983.029    -6041.679       58.650   511.0
115.2000      -5982.876    -6041.188       58.312   508.0
115.4000      -5987.530    -6044.560       57.030   496.8
115.6000      -5987.515    -6042.598       55.083   479.9
115.8000      -5987.380    -6044.407       57.027   496.8
116.0000      -5986.984    -6044.484       57.501   501.0
116.2000      -5984.303    -6043.547       59.244   516.1
116.4000      -5984.206    -6043.098       58.891   513.1
116.6000      -5985.393    -6044.191       58.799   512.3
116.8000      -5987.902    -6043.271       55.368   482.4
117.0000      -5987.664    -6043.269       55.605   484.4
117.2000      -5987.569    -6044.587       57.019   496.8
117.4000      -5985.874    -6043.949       58.076   506.0
117.6000      -5985.633    -6043.802       58.169   506.8
117.8000      -5989.203    -6042.642       53.439   465.6
118.0000      -5988.985    -6045.161       56.176   489.4
118.2000      -5988.974    -6046.845       57.872   504.2
118.4000      -5987.436    -6044.471       57.035   496.9
118.6000      -5989.139    -6045.320       56.181   489.5
118.8000      -5985.774    -6042.979       57.206   498.4
119.0000      -5984.648    -6043.154       58.506   509.7
119.2000      -5985.537    -6041.671       56.134   489.0
119.4000      -5984.663    -6044.177       59.514   518.5
119.6000      -5986.240    -6042.659       56.419   491.5
119.8000      -5987.891    -6043.865       55.974   487.6
120.0000      -5985.330    -6043.740       58.410   508.9
120.2000      -5986.080    -6043.886       57.806   503.6
120.4000      -5985.203    -6041.593       56.390   491.3
120.6000      -5984.059    -6043.643       59.584   519.1
120.8000      -5983.308    -6040.645       57.337   499.5
121.0000      -5979.209    -6037.418       58.209   507.1
121.2000      -5982.326    -6042.562       60.237   524.8
121.4000      -5984.783    -6042.657       57.874   504.2
121.6000      -5988.523    -6045.762       57.239   498.7
121.8000      -5985.118    -6043.586       58.468   509.4
122.0000      -5981.642    -6041.198       59.556   518.9
122.2000      -5984.173    -6041.615       57.442   500.4
122.4000      -5983.777    -6043.041       59.263   516.3
122.6000      -5987.336    -6043.217       55.881   486.8
122.8000      -5984.615    -6044.820       60.205   524.5
123.0000      -5986.673    -6042.609       55.936   487.3
123.2000      -5987.663    -6042.574       54.911   478.4
123.4000      -5985.345    -6042.248       56.903   495.7
123.6000      -5983.778    -6042.253       58.475   509.4
123.8000      -5985.503    -6041.546       56.043   488.3
124.0000      -5984.964    -6044.546       59.582   519.1
124.2000      -5988.138    -6043.325       55.187   480.8
124.4000      -5988.256    -6042.671       54.415   474.1
124.6000      -5988.524    -6046.682       58.158   506.7
124.8000      -5989.818    -6042.883       53.065   462.3
125.0000      -5987.114    -6044.389       57.274   499.0
125.2000      -5983.789    -6039.852       56.063   488.4
125.4000      -5985.481    -6042.178       56.697   493.9
125.6000      -5987.077    -6042.114       55.036   479.5
125.8000      -5990.810    -6046.899       56.090   488.7
126.0000      -5988.763    -6045.390       56.626   493.3
126.2000      -5990.066    -6044.689       54.623   475.9
126.4000      -5987.223    -6044.047       56.824   495.1
126.6000      -5990.413    -6043.101       52.688   459.0
126.8000      -5991.149    -6046.948       55.799   486.1
127.0000      -5988.158    -6044.905       56.747   494.4
127.2000      -5989.583    -6044.564       54.981   479.0
127.4000      -5990.903    -6045.872       54.969   478.9
127.6000      -5986.518    -6044.585       58.068   505.9
127.8000      -5987.910    -6043.203       55.293   481.7
128.0000      -5991.358    -6045.439       54.082   471.2
128.2000      -5990.610    -6047.320       56.710   494.1
128.4000      -5989.003    -6041.788       52.785   459.9
128.6000      -5987.272    -6043.619       56.348   490.9
128.8000      -5987.019    -6042.889       55.871   486.8
129.0000      -5985.348    -6043.541       58.193   507.0
129.2000      -5984.240    -6041.850       57.611   501.9
129.4000      -5983.504    -6042.208       58.705   511.4
129.6000      -5985.188    -6040.701       55.513   483.6
129.8000      -5987.109    -6043.348       56.239   490.0
130.0000      -5986.386    -6043.596       57.210   498.4
130.2000      -5986.197    -6044.181       57.984   505.2
130.4000      -5987.373    -6044.433       57.059   497.1
130.6000      -5988.836    -6045.472       56.636   493.4
130.8000      -5988.461    -6044.356       55.895   487.0
131.0000      -5986.258    -6042.578       56.320   490.7
131.2000      -5985.662    -6042.974       57.313   499.3
131.4000      -5988.744    -6044.565       55.821   486.3
131.6000      -5988.728    -6043.673       54.945   478.7
131.8000      -5986.873    -6045.350       58.477   509.5
132.0000      -5987.565    -6044.313       56.748   494.4
132.2000      -5986.613    -6040.977       54.364   473.6
132.4000      -5985.835    -6043.519       57.684   502.5
132.6000      -5987.494    -6043.959       56.465   491.9
132.8000      -5986.402    -6042.253       55.851   486.6
133.0000      -5989.048    -6043.816       54.769   477.2
133.2000      -5987.269    -6043.474       56.205   489.7
133.4000      -5985.516    -6043.908       58.392   508.7
133.6000      -5983.754    -6040.368       56.614   493.2
133.8000      -5984.019    -6041.536       57.517   501.1
134.0000      -5986.970    -6043.051       56.081   488.6
134.2000      -5985.157    -6042.640       57.482   500.8
134.4000      -5984.495    -6042.449       57.955   504.9
134.6000      -5981.185    -6040.851       59.665   519.8
134.8000      -5981.401    -6040.892       59.491   518.3
135.0000      -5982.611    -6041.155       58.544   510.0
135.2000      -5983.761    -6041.349       57.587   501.7
135.4000      -5984.746    -6041.413       56.667   493.7
135.6000      -5982.656    -6041.046       58.390   508.7
135.8000      -5985.347    -6043.853       58.506   509.7
136.0000      -5989.683    -6045.429       55.746   485.7
136.2000      -5987.990    -6043.201       55.211   481.0
136.4000      -5989.840    -6046.665       56.825   495.1
136.6000      -5988.026    -6043.886       55.860   486.7
136.8000      -5987.478    -6042.162       54.685   476.4
137.0000      -5985.494    -6041.225       55.731   485.5
137.2000      -5987.302    -6043.815       56.513   492.3
137.4000      -5985.250    -6042.493       57.243   498.7
137.6000      -5984.287    -6044.142       59.855   521.5
137.8000      -5983.951    -6040.872       56.921   495.9
138.0000      -5983.984    -6039.373       55.389   482.6
138.2000      -5985.670    -6041.559       55.888   486.9
138.4000      -5985.031    -6043.202       58.170   506.8
138.6000      -5987.096    -6042.674       55.579   484.2
138.8000      -5984.578    -6043.027       58.449   509.2
139.0000      -5982.775    -6042.000       59.226   516.0
139.2000      -5984.383    -6041.544       57.161   498.0
139.4000      -5983.783    -6044.007       60.224   524.7
139.6000      -5985.261    -6041.660       56.399   491.4
139.8000      -5986.024    -6043.634       57.610   501.9
140.0000      -5986.405    -6044.726       58.321   508.1
140.2000      -5986.375    -6041.698       55.323   482.0
140.4000      -5989.585    -6044.980       55.396   482.6
140.6000      -5988.615    -6045.492       56.877   495.5
140.8000      -5985.592    -6043.028       57.437   500.4
141.0000      -5985.734    -6043.002       57.268   498.9
141.2000      -5986.244    -6043.690       57.446   500.5
141.4000      -5983.931    -6043.594       59.663   519.8
141.6000      -5986.547    -6042.994       56.446   491.8
141.8000      -5988.666    -6045.520       56.854   495.3
142.0000      -5986.817    -6044.283       57.465   500.6
142.2000      -5987.069    -6042.849       55.779   486.0
142.4000      -5987.593    -6045.698       58.105   506.2
142.6000      -5987.565    -6045.112       57.547   501.4
142.8000      -5986.504    -6045.237       58.734   511.7
143.0000      -5987.040    -6042.797       55.757   485.8
143.2000      -5986.506    -6043.032       56.526   492.5
143.4000      -5985.207    -6042.578       57.372   499.8
143.6000      -5982.733    -6043.582       60.849   530.1
143.8000      -5988.401    -6044.866       56.465   491.9
144.0000      -5989.668    -6045.993       56.326   490.7
144.2000      -5987.592    -6043.512       55.919   487.2
144.4000      -5989.341    -6044.383       55.042   479.5
144.6000      -5985.984    -6041.937       55.953   487.5
144.8000      -5984.096    -6043.097       59.000   514.0
145.0000      -5985.819    -6043.862       58.044   505.7
145.2000      -5985.085    -6042.439       57.355   499.7
145.4000      -5983.920    -6042.709       58.789   512.2
145.6000      -5979.299    -6039.309       60.010   522.8
145.8000      -5981.130    -6040.752       59.622   519.4
146.0000      -5978.430    -6037.938       59.509   518.4
146.2000      -5982.566    -6042.039       59.473   518.1
146.4000      -5984.228    -6044.397       60.170   524.2
146.6000      -5984.892    -6042.551       57.659   502.3
146.8000      -5987.378    -6045.030       57.652   502.3
147.0000      -5986.911    -6042.883       55.972   487.6
147.2000      -5989.075    -6045.199       56.123   489.0
147.4000      -5987.843    -6045.569       57.726   502.9
147.6000      -5987.889    -6044.542       56.653   493.6
147.8000      -5988.471    -6043.641       55.169   480.6
148.0000      -5987.184    -6043.630       56.446   491.8
148.2000      -5985.277    -6042.806       57.530   501.2
148.4000      -5982.773    -6041.161       58.389   508.7
148.6000      -5983.529    -6041.974       58.444   509.2
148.8000      -5987.031    -6045.695       58.664   511.1
149.0000      -5986.552    -6040.824       54.273   472.8
149.2000      -5982.502    -6040.506       58.004   505.3
149.4000      -5987.102    -6043.311       56.209   489.7
149.6000      -5986.328    -6041.605       55.277   481.6
149.8000      -5989.304    -6044.344       55.040   479.5
150.0000      -5985.117    -6043.870       58.753   511.9
150.2000      -5986.199    -6043.328       57.129   497.7
150.4000      -5986.728    -6045.786       59.057   514.5
150.6000      -5985.219    -6041.055       55.836   486.5
150.8000      -5984.945    -6042.729       57.784   503.4
151.0000      -5984.862    -6043.727       58.865   512.8
151.2000      -5982.769    -6040.743       57.975   505.1
151.4000      -5986.779    -6042.804       56.025   488.1
151.6000      -5983.987    -6040.712       56.725   494.2
151.8000      -5989.418    -6044.321       54.903   478.3
152.0000      -5988.887    -6047.074       58.188   506.9
152.2000      -5988.142    -6045.527       57.385   499.9
152.4000      -5986.926    -6043.596       56.670   493.7
152.6000      -5985.262    -6040.929       55.667   485.0
152.8000      -5988.360    -6043.483       55.123   480.2
153.0000      -5984.898    -6042.895       57.997   505.3
153.2000      -5987.158    -6045.933       58.774   512.0
153.4000      -5983.820    -6041.382       57.562   501.5
153.6000      -5983.331    -6040.521       57.191   498.3
153.8000      -5985.290    -6045.380       60.089   523.5
154.0000      -5985.919    -6044.854       58.935   513.4
154.2000      -5985.277    -6043.097       57.820   503.7
154.4000      -5982.778    -6041.903       59.126   515.1
154.6000      -5986.025    -6043.076       57.051   497.0
154.8000      -5989.151    -6043.562       54.411   474.0
155.0000      -5988.014    -6045.738       57.724   502.9
155.2000      -5988.593    -6044.675       56.082   488.6
155.4000      -5987.102    -6044.583       57.481   500.8
155.6000      -5988.161    -6044.119       55.958   487.5
155.8000      -5989.236    -6047.668       58.433   509.1
156.0000      -5989.406    -6043.708       54.301   473.1
156.2000      -5989.715    -6044.875       55.160   480.6
156.4000      -5989.286    -6046.395       57.108   497.5
