Time[ps]      Etot[eV]     Epot[eV]     Ekin[eV]    T[K]
0.0000        -6006.927    -6052.663       45.736   398.5
0.2000        -6009.820    -6055.122       45.302   394.7
0.4000        -6011.907    -6056.265       44.358   386.4
0.6000        -6013.061    -6056.991       43.930   382.7
0.8000        -6009.485    -6055.448       45.962   400.4
1.0000        -6010.433    -6057.567       47.134   410.6
1.2000        -6009.139    -6056.793       47.654   415.2
1.4000        -6011.785    -6059.028       47.243   411.6
1.6000        -6011.685    -6055.645       43.960   383.0
1.8000        -6012.733    -6057.538       44.805   390.3
2.0000        -6011.631    -6056.687       45.055   392.5
2.2000        -6012.132    -6055.925       43.793   381.5
2.4000        -6010.753    -6056.025       45.272   394.4
2.6000        -6009.676    -6057.009       47.333   412.4
2.8000        -6009.100    -6057.581       48.481   422.4
3.0000        -6009.680    -6056.339       46.659   406.5
3.2000        -6008.918    -6055.565       46.648   406.4
3.4000        -6010.138    -6055.829       45.690   398.1
3.6000        -6008.751    -6054.834       46.083   401.5
3.8000        -6011.792    -6056.465       44.674   389.2
4.0000        -6010.731    -6057.160       46.430   404.5
4.2000        -6011.330    -6057.023       45.694   398.1
4.4000        -6009.621    -6055.204       45.582   397.1
4.6000        -6010.844    -6056.029       45.186   393.7
4.8000        -6010.463    -6056.152       45.689   398.0
5.0000        -6009.861    -6055.129       45.268   394.4
5.2000        -6011.362    -6058.588       47.226   411.4
5.4000        -6011.027    -6057.505       46.478   404.9
5.6000        -6010.053    -6054.427       44.374   386.6
5.8000        -6011.377    -6057.652       46.276   403.2
6.0000        -6010.689    -6057.037       46.348   403.8
6.2000        -6009.099    -6056.445       47.346   412.5
6.4000        -6009.659    -6056.010       46.351   403.8
6.6000        -6008.011    -6054.351       46.340   403.7
6.8000        -6008.063    -6053.042       44.979   391.9
7.0000        -6007.697    -6055.003       47.307   412.1
7.2000        -6009.762    -6054.088       44.326   386.2
7.4000        -6009.540    -6055.385       45.846   399.4
7.6000        -6011.840    -6056.042       44.202   385.1
7.8000        -6010.843    -6056.658       45.815   399.1
8.0000        -6011.546    -6055.191       43.645   380.2
8.2000        -6010.903    -6057.534       46.631   406.3
8.4000        -6009.658    -6054.890       45.232   394.1
8.6000        -6009.461    -6053.774       44.313   386.1
8.8000        -6011.081    -6056.285       45.205   393.8
9.0000        -6010.405    -6056.661       46.257   403.0
9.2000        -6008.793    -6054.047       45.255   394.3
9.4000        -6008.603    -6055.815       47.213   411.3
9.6000        -6009.648    -6053.991       44.343   386.3
9.8000        -6010.964    -6056.884       45.920   400.1
10.0000       -6009.955    -6056.211       46.256   403.0
10.2000       -6007.404    -6053.841       46.437   404.6
10.4000       -6004.903    -6053.262       48.359   421.3
10.6000       -6007.167    -6053.167       46.000   400.8
10.8000       -6008.782    -6054.724       45.942   400.3
11.0000       -6006.759    -6056.013       49.254   429.1
11.2000       -6004.116    -6053.921       49.806   433.9
11.4000       -6003.124    -6052.415       49.291   429.4
11.6000       -6005.060    -6052.369       47.309   412.2
11.8000       -6005.039    -6051.902       46.863   408.3
12.0000       -6005.974    -6053.496       47.523   414.0
12.2000       -6006.572    -6056.028       49.456   430.9
12.4000       -6006.757    -6055.077       48.320   421.0
12.6000       -6008.437    -6055.156       46.719   407.0
12.8000       -6007.886    -6053.852       45.966   400.5
13.0000       -6007.169    -6053.493       46.324   403.6
13.2000       -6009.092    -6054.366       45.274   394.4
13.4000       -6007.795    -6055.707       47.912   417.4
13.6000       -6009.425    -6056.108       46.683   406.7
13.8000       -6008.206    -6053.437       45.231   394.1
14.0000       -6008.148    -6053.835       45.687   398.0
14.2000       -6011.367    -6056.529       45.163   393.5
14.4000       -6011.787    -6055.100       43.313   377.3
14.6000       -6012.814    -6058.252       45.438   395.9
14.8000       -6012.579    -6057.331       44.751   389.9
15.0000       -6009.857    -6055.792       45.935   400.2
15.2000       -6009.855    -6054.652       44.798   390.3
15.4000       -6010.570    -6054.553       43.983   383.2
15.6000       -6009.140    -6055.345       46.204   402.5
15.8000       -6009.284    -6057.375       48.090   419.0
16.0000       -6010.413    -6056.326       45.914   400.0
16.2000       -6010.722    -6054.737       44.015   383.5
16.4000       -6010.507    -6055.942       45.436   395.8
16.6000       -6011.877    -6056.620       44.742   389.8
16.8000       -6010.455    -6056.770       46.314   403.5
17.0000       -6011.169    -6056.704       45.535   396.7
17.2000       -6008.938    -6055.099       46.161   402.2
17.4000       -6008.431    -6055.350       46.918   408.8
17.6000       -6006.468    -6055.722       49.253   429.1
17.8000       -6010.282    -6055.918       45.637   397.6
18.0000       -6011.017    -6055.781       44.763   390.0
18.2000       -6011.361    -6055.627       44.266   385.6
18.4000       -6010.327    -6055.624       45.296   394.6
18.6000       -6011.937    -6057.185       45.247   394.2
18.8000       -6009.664    -6054.245       44.582   388.4
19.0000       -6011.432    -6057.131       45.699   398.1
19.2000       -6011.291    -6057.285       45.994   400.7
19.4000       -6013.459    -6057.919       44.460   387.3
19.6000       -6011.841    -6058.033       46.192   402.4
19.8000       -6009.642    -6056.844       47.202   411.2
20.0000       -6009.711    -6055.316       45.605   397.3
20.2000       -6008.855    -6056.122       47.266   411.8
20.4000       -6011.020    -6056.533       45.513   396.5
20.6000       -6012.500    -6057.561       45.061   392.6
20.8000       -6008.936    -6055.188       46.252   402.9
21.0000       -6009.103    -6054.441       45.338   395.0
21.2000       -6008.544    -6056.114       47.571   414.4
21.4000       -6009.889    -6056.541       46.652   406.4
21.6000       -6009.261    -6055.661       46.400   404.2
21.8000       -6007.022    -6053.993       46.971   409.2
22.0000       -6010.588    -6056.971       46.383   404.1
22.2000       -6011.134    -6056.448       45.314   394.8
22.4000       -6010.283    -6056.405       46.122   401.8
22.6000       -6011.151    -6055.884       44.733   389.7
22.8000       -6011.490    -6057.694       46.204   402.5
23.0000       -6010.261    -6057.161       46.900   408.6
23.2000       -6010.380    -6055.605       45.225   394.0
23.4000       -6009.737    -6056.302       46.565   405.7
23.6000       -6006.582    -6052.160       45.578   397.1
23.8000       -6009.050    -6055.359       46.308   403.4
24.0000       -6010.138    -6054.791       44.652   389.0
24.2000       -6009.173    -6057.720       48.547   422.9
24.4000       -6010.476    -6054.368       43.892   382.4
24.6000       -6011.350    -6055.852       44.502   387.7
24.8000       -6009.268    -6054.463       45.195   393.7
25.0000       -6008.898    -6056.363       47.465   413.5
25.2000       -6009.821    -6056.011       46.191   402.4
25.4000       -6007.644    -6052.000       44.356   386.4
25.6000       -6010.807    -6057.338       46.531   405.4
25.8000       -6008.639    -6054.803       46.164   402.2
26.0000       -6007.308    -6053.009       45.701   398.2
26.2000       -6009.433    -6055.172       45.739   398.5
26.4000       -6009.616    -6055.021       45.405   395.6
26.6000       -6009.424    -6055.835       46.411   404.3
26.8000       -6009.360    -6055.347       45.986   400.6
27.0000       -6010.548    -6056.035       45.487   396.3
27.2000       -6010.427    -6053.718       43.291   377.2
27.4000       -6010.240    -6055.150       44.910   391.3
27.6000       -6011.597    -6056.988       45.391   395.5
27.8000       -6011.360    -6055.525       44.165   384.8
28.0000       -6012.126    -6055.404       43.278   377.0
28.2000       -6007.902    -6055.799       47.897   417.3
28.4000       -6004.767    -6052.932       48.164   419.6
28.6000       -6005.080    -6053.519       48.438   422.0
28.8000       -6007.124    -6053.778       46.654   406.5
29.0000       -6007.149    -6053.411       46.262   403.0
29.2000       -6005.320    -6052.403       47.084   410.2
29.4000       -6006.171    -6053.136       46.965   409.2
29.6000       -6006.360    -6053.556       47.196   411.2
29.8000       -6007.966    -6053.671       45.704   398.2
30.0000       -6008.027    -6056.355       48.328   421.0
30.2000       -6007.900    -6055.835       47.936   417.6
30.4000       -6008.393    -6053.377       44.985   391.9
30.6000       -6008.326    -6054.788       46.462   404.8
30.8000       -6007.589    -6055.571       47.983   418.0
31.0000       -6009.713    -6055.189       45.476   396.2
31.2000       -6008.197    -6052.861       44.664   389.1
31.4000       -6007.216    -6052.949       45.733   398.4
31.6000       -6008.291    -6054.777       46.486   405.0
31.8000       -6008.500    -6053.918       45.418   395.7
32.0000       -6005.960    -6053.750       47.791   416.4
32.2000       -6006.497    -6052.809       46.311   403.5
32.4000       -6009.005    -6055.800       46.795   407.7
32.6000       -6011.216    -6055.435       44.219   385.2
32.8000       -6010.823    -6055.314       44.491   387.6
33.0000       -6011.977    -6056.069       44.091   384.1
33.2000       -6011.259    -6055.982       44.723   389.6
33.4000       -6012.631    -6058.191       45.560   396.9
33.6000       -6011.714    -6054.778       43.065   375.2
33.8000       -6010.908    -6055.641       44.733   389.7
34.0000       -6010.745    -6058.142       47.396   412.9
34.2000       -6009.427    -6055.820       46.394   404.2
34.4000       -6010.086    -6055.133       45.047   392.4
34.6000       -6009.275    -6056.178       46.902   408.6
34.8000       -6006.918    -6055.112       48.195   419.9
35.0000       -6006.678    -6052.163       45.485   396.3
35.2000       -6008.774    -6054.780       46.006   400.8
35.4000       -6007.856    -6055.225       47.368   412.7
35.6000       -6010.680    -6056.094       45.414   395.7
35.8000       -6010.416    -6055.946       45.530   396.7
36.0000       -6009.095    -6053.358       44.263   385.6
36.2000       -6011.744    -6056.280       44.536   388.0
36.4000       -6011.847    -6057.233       45.385   395.4
36.6000       -6012.956    -6058.589       45.633   397.6
36.8000       -6010.926    -6057.134       46.208   402.6
37.0000       -6010.585    -6055.232       44.647   389.0
37.2000       -6008.754    -6054.901       46.147   402.0
37.4000       -6009.000    -6055.854       46.854   408.2
37.6000       -6010.040    -6056.375       46.335   403.7
37.8000       -6010.587    -6054.492       43.904   382.5
38.0000       -6010.661    -6054.220       43.559   379.5
38.2000       -6010.330    -6055.178       44.848   390.7
38.4000       -6008.233    -6054.893       46.659   406.5
38.6000       -6009.282    -6056.276       46.994   409.4
38.8000       -6012.568    -6056.629       44.061   383.9
39.0000       -6009.346    -6055.417       46.071   401.4
39.2000       -6009.650    -6054.813       45.164   393.5
39.4000       -6010.024    -6054.022       43.998   383.3
39.6000       -6009.504    -6056.688       47.185   411.1
39.8000       -6008.984    -6055.763       46.779   407.5
40.0000       -6008.559    -6052.887       44.328   386.2
40.2000       -6009.714    -6056.620       46.906   408.7
40.4000       -6008.136    -6054.434       46.298   403.4
40.6000       -6008.378    -6054.272       45.894   399.8
40.8000       -6009.720    -6054.304       44.584   388.4
41.0000       -6008.668    -6055.488       46.820   407.9
41.2000       -6009.915    -6054.311       44.395   386.8
41.4000       -6009.556    -6054.489       44.934   391.5
41.6000       -6009.981    -6054.179       44.198   385.1
41.8000       -6010.742    -6053.298       42.555   370.7
42.0000       -6010.898    -6057.207       46.309   403.5
42.2000       -6009.671    -6053.944       44.272   385.7
42.4000       -6008.617    -6055.075       46.458   404.8
42.6000       -6009.331    -6056.631       47.300   412.1
42.8000       -6008.328    -6054.630       46.302   403.4
43.0000       -6006.775    -6055.729       48.954   426.5
43.2000       -6008.108    -6053.556       45.447   395.9
43.4000       -6010.679    -6057.142       46.462   404.8
43.6000       -6008.931    -6056.201       47.271   411.8
43.8000       -6008.544    -6056.280       47.736   415.9
44.0000       -6007.338    -6054.974       47.636   415.0
44.2000       -6008.254    -6053.917       45.663   397.8
44.4000       -6011.542    -6056.722       45.180   393.6
44.6000       -6014.238    -6057.989       43.751   381.2
44.8000       -6010.421    -6057.693       47.272   411.8
45.0000       -6009.990    -6055.554       45.563   397.0
45.2000       -6009.786    -6055.985       46.199   402.5
45.4000       -6010.566    -6056.314       45.748   398.6
45.6000       -6007.793    -6053.526       45.733   398.4
45.8000       -6007.529    -6053.654       46.125   401.8
46.0000       -6007.090    -6055.691       48.601   423.4
46.2000       -6006.968    -6054.258       47.290   412.0
46.4000       -6004.518    -6052.223       47.705   415.6
46.6000       -6004.549    -6053.453       48.904   426.1
46.8000       -6005.204    -6052.689       47.486   413.7
47.0000       -6005.213    -6053.826       48.613   423.5
47.2000       -6005.619    -6052.995       47.376   412.7
47.4000       -6008.289    -6054.190       45.902   399.9
47.6000       -6008.161    -6055.162       47.001   409.5
47.8000       -6008.617    -6054.878       46.261   403.0
48.0000       -6011.168    -6057.109       45.941   400.2
48.2000       -6010.771    -6056.113       45.343   395.0
48.4000       -6009.216    -6054.000       44.784   390.2
48.6000       -6010.337    -6055.996       45.659   397.8
48.8000       -6008.116    -6054.505       46.389   404.1
49.0000       -6007.765    -6055.251       47.487   413.7
49.2000       -6007.457    -6053.780       46.323   403.6
49.4000       -6010.224    -6057.649       47.426   413.2
49.6000       -6007.817    -6052.663       44.846   390.7
49.8000       -6008.305    -6055.656       47.352   412.5
50.0000       -6006.905    -6053.467       46.562   405.7
50.2000       -6010.178    -6056.276       46.098   401.6
50.4000       -6009.284    -6052.187       42.903   373.8
50.6000       -6009.176    -6055.414       46.238   402.8
50.8000       -6011.147    -6055.662       44.515   387.8
51.0000       -6009.306    -6056.162       46.856   408.2
51.2000       -6012.950    -6057.485       44.536   388.0
51.4000       -6014.041    -6057.479       43.437   378.4
51.6000       -6012.081    -6057.097       45.016   392.2
51.8000       -6010.425    -6056.910       46.485   405.0
52.0000       -6011.189    -6057.848       46.658   406.5
52.2000       -6010.699    -6055.766       45.068   392.6
52.4000       -6011.263    -6055.248       43.985   383.2
52.6000       -6008.164    -6053.978       45.813   399.1
52.8000       -6007.911    -6055.324       47.413   413.1
53.0000       -6009.602    -6054.406       44.803   390.3
53.2000       -6007.193    -6054.775       47.582   414.5
53.4000       -6009.295    -6057.336       48.041   418.5
53.6000       -6010.282    -6055.471       45.188   393.7
53.8000       -6006.674    -6054.618       47.945   417.7
54.0000       -6006.866    -6053.068       46.202   402.5
54.2000       -6008.404    -6054.999       46.595   405.9
54.4000       -6010.148    -6055.722       45.574   397.0
54.6000       -6008.620    -6054.275       45.655   397.8
54.8000       -6007.266    -6053.811       46.544   405.5
55.0000       -6007.473    -6052.318       44.845   390.7
55.2000       -6007.089    -6054.909       47.820   416.6
55.4000       -6008.544    -6055.499       46.954   409.1
55.6000       -6009.753    -6054.577       44.824   390.5
55.8000       -6009.403    -6055.869       46.466   404.8
56.0000       -6011.555    -6057.102       45.547   396.8
56.2000       -6009.693    -6054.043       44.350   386.4
56.4000       -6010.919    -6056.958       46.039   401.1
56.6000       -6010.110    -6055.865       45.755   398.6
56.8000       -6011.267    -6056.175       44.908   391.2
57.0000       -6011.841    -6055.986       44.145   384.6
57.2000       -6010.056    -6056.623       46.567   405.7
57.4000       -6009.818    -6055.012       45.194   393.7
57.6000       -6011.173    -6055.170       43.997   383.3
57.8000       -6008.210    -6052.830       44.620   388.7
58.0000       -6007.677    -6053.964       46.286   403.3
58.2000       -6010.229    -6055.506       45.277   394.5
58.4000       -6011.237    -6058.729       47.491   413.8
58.6000       -6010.147    -6055.766       45.618   397.4
58.8000       -6009.718    -6054.498       44.780   390.1
59.0000       -6009.184    -6055.132       45.948   400.3
59.2000       -6009.948    -6056.165       46.217   402.6
59.4000       -6010.462    -6055.717       45.254   394.3
59.6000       -6009.396    -6056.550       47.154   410.8
59.8000       -6009.994    -6056.881       46.887   408.5
60.0000       -6012.120    -6056.559       44.439   387.2
60.2000       -6012.318    -6057.645       45.326   394.9
60.4000       -6008.890    -6054.827       45.937   400.2
60.6000       -6007.542    -6053.765       46.223   402.7
60.8000       -6008.543    -6054.204       45.661   397.8
61.0000       -6007.748    -6054.210       46.462   404.8
61.2000       -6008.086    -6055.485       47.399   412.9
61.4000       -6009.166    -6053.375       44.209   385.2
61.6000       -6010.153    -6055.911       45.758   398.6
61.8000       -6011.258    -6056.607       45.349   395.1
62.0000       -6009.027    -6055.799       46.772   407.5
62.2000       -6005.344    -6051.382       46.038   401.1
62.4000       -6006.777    -6052.447       45.671   397.9
62.6000       -6007.108    -6055.331       48.223   420.1
62.8000       -6005.787    -6054.087       48.300   420.8
63.0000       -6009.857    -6056.243       46.386   404.1
63.2000       -6007.988    -6054.049       46.061   401.3
63.4000       -6005.062    -6053.204       48.142   419.4
63.6000       -6005.119    -6053.542       48.423   421.9
63.8000       -6006.009    -6055.447       49.438   430.7
64.0000       -6008.349    -6054.992       46.643   406.4
64.2000       -6008.192    -6054.442       46.250   402.9
64.4000       -6007.453    -6054.801       47.348   412.5
64.6000       -6007.670    -6055.517       47.847   416.8
64.8000       -6009.057    -6055.952       46.895   408.6
65.0000       -6008.659    -6055.145       46.486   405.0
65.2000       -6006.735    -6055.177       48.441   422.0
65.4000       -6007.879    -6054.684       46.805   407.8
65.6000       -6012.470    -6056.239       43.769   381.3
65.8000       -6011.414    -6057.687       46.272   403.1
66.0000       -6010.058    -6055.908       45.850   399.5
66.2000       -6011.163    -6057.629       46.466   404.8
66.4000       -6008.917    -6055.185       46.268   403.1
66.6000       -6009.545    -6056.298       46.752   407.3
66.8000       -6010.300    -6054.646       44.345   386.3
67.0000       -6009.013    -6057.798       48.785   425.0
67.2000       -6008.565    -6055.161       46.595   405.9
67.4000       -6008.908    -6055.031       46.123   401.8
67.6000       -6007.675    -6054.521       46.846   408.1
67.8000       -6007.270    -6054.333       47.063   410.0
68.0000       -6007.625    -6054.455       46.830   408.0
68.2000       -6008.434    -6053.721       45.288   394.6
68.4000       -6009.837    -6054.953       45.116   393.1
68.6000       -6009.458    -6055.224       45.766   398.7
68.8000       -6010.685    -6055.398       44.713   389.5
69.0000       -6011.070    -6055.581       44.511   387.8
69.2000       -6008.954    -6056.975       48.021   418.4
69.4000       -6008.094    -6054.968       46.873   408.4
69.6000       -6004.498    -6052.930       48.432   421.9
69.8000       -6007.628    -6055.113       47.485   413.7
70.0000       -6008.473    -6053.837       45.364   395.2
70.2000       -6011.154    -6056.872       45.718   398.3
70.4000       -6012.533    -6055.919       43.386   378.0
70.6000       -6010.853    -6055.356       44.504   387.7
70.8000       -6009.730    -6057.453       47.722   415.8
71.0000       -6008.854    -6055.615       46.761   407.4
71.2000       -6009.097    -6056.507       47.410   413.0
71.4000       -6005.715    -6054.204       48.489   422.4
71.6000       -6007.335    -6054.218       46.883   408.5
71.8000       -6007.888    -6053.923       46.035   401.1
72.0000       -6009.976    -6056.576       46.599   406.0
72.2000       -6010.355    -6054.892       44.537   388.0
72.4000       -6009.726    -6056.454       46.728   407.1
72.6000       -6013.055    -6058.402       45.347   395.1
72.8000       -6010.086    -6054.083       43.997   383.3
73.0000       -6010.440    -6055.338       44.898   391.2
73.2000       -6010.920    -6055.498       44.577   388.4
73.4000       -6010.884    -6056.157       45.273   394.4
73.6000       -6008.678    -6052.770       44.092   384.1
73.8000       -6010.279    -6055.941       45.662   397.8
74.0000       -6008.043    -6055.534       47.491   413.8
74.2000       -6009.898    -6056.013       46.115   401.8
74.4000       -6012.405    -6054.732       42.328   368.8
74.6000       -6009.871    -6055.247       45.376   395.3
74.8000       -6008.072    -6054.236       46.165   402.2
75.0000       -6011.192    -6055.439       44.247   385.5
75.2000       -6009.577    -6056.319       46.743   407.2
75.4000       -6010.355    -6055.810       45.455   396.0
75.6000       -6008.512    -6055.818       47.307   412.1
75.8000       -6006.509    -6054.491       47.982   418.0
76.0000       -6007.792    -6054.801       47.009   409.5
76.2000       -6005.663    -6054.504       48.842   425.5
76.4000       -6007.015    -6054.259       47.244   411.6
76.6000       -6008.446    -6055.727       47.280   411.9
76.8000       -6007.583    -6052.795       45.213   393.9
77.0000       -6009.287    -6054.171       44.884   391.0
77.2000       -6008.863    -6055.545       46.682   406.7
77.4000       -6009.120    -6055.049       45.929   400.1
77.6000       -6008.583    -6054.890       46.307   403.4
77.8000       -6011.103    -6054.729       43.625   380.1
78.0000       -6010.471    -6055.938       45.467   396.1
78.2000       -6009.028    -6054.678       45.650   397.7
78.4000       -6010.233    -6056.360       46.127   401.9
78.6000       -6007.837    -6055.312       47.475   413.6
78.8000       -6010.622    -6055.420       44.798   390.3
79.0000       -6012.083    -6056.889       44.806   390.4
79.2000       -6011.766    -6057.527       45.761   398.7
79.4000       -6009.650    -6055.152       45.502   396.4
79.6000       -6007.834    -6054.162       46.328   403.6
79.8000       -6008.499    -6056.386       47.887   417.2
80.0000       -6011.276    -6055.867       44.591   388.5
80.2000       -6012.092    -6056.790       44.698   389.4
80.4000       -6010.744    -6056.829       46.084   401.5
80.6000       -6008.953    -6054.202       45.249   394.2
80.8000       -6009.555    -6055.839       46.284   403.2
81.0000       -6007.765    -6054.735       46.970   409.2
81.2000       -6008.078    -6054.648       46.571   405.7
81.4000       -6008.462    -6055.068       46.607   406.0
81.6000       -6007.749    -6053.727       45.978   400.6
81.8000       -6005.552    -6053.830       48.278   420.6
82.0000       -6004.324    -6051.144       46.819   407.9
82.2000       -6007.654    -6053.703       46.049   401.2
82.4000       -6006.209    -6053.936       47.727   415.8
82.6000       -6008.436    -6054.959       46.523   405.3
82.8000       -6010.530    -6055.340       44.811   390.4
83.0000       -6012.372    -6055.832       43.460   378.6
83.2000       -6011.908    -6057.362       45.454   396.0
83.4000       -6011.712    -6058.168       46.456   404.7
83.6000       -6011.172    -6056.827       45.655   397.7
83.8000       -6011.345    -6058.263       46.918   408.8
84.0000       -6009.979    -6056.394       46.415   404.4
84.2000       -6010.023    -6055.449       45.426   395.8
84.4000       -6010.832    -6057.089       46.257   403.0
84.6000       -6009.756    -6055.271       45.515   396.5
84.8000       -6008.635    -6056.695       48.060   418.7
85.0000       -6007.645    -6054.519       46.874   408.4
85.2000       -6008.813    -6055.626       46.813   407.8
85.4000       -6007.125    -6054.176       47.051   409.9
85.6000       -6007.201    -6053.905       46.704   406.9
85.8000       -6009.976    -6056.080       46.104   401.7
86.0000       -6008.694    -6055.700       47.006   409.5
86.2000       -6008.250    -6056.742       48.492   422.5
86.4000       -6009.119    -6056.922       47.803   416.5
86.6000       -6008.118    -6053.123       45.005   392.1
86.8000       -6007.173    -6055.293       48.120   419.2
87.0000       -6009.383    -6056.626       47.243   411.6
87.2000       -6012.206    -6056.605       44.398   386.8
87.4000       -6012.437    -6056.479       44.043   383.7
87.6000       -6009.440    -6053.560       44.119   384.4
87.8000       -6008.330    -6056.090       47.760   416.1
88.0000       -6011.115    -6054.530       43.415   378.2
88.2000       -6009.152    -6055.025       45.873   399.7
88.4000       -6006.951    -6054.918       47.967   417.9
88.6000       -6008.791    -6055.228       46.437   404.6
88.8000       -6008.540    -6054.716       46.176   402.3
89.0000       -6007.798    -6054.156       46.358   403.9
89.2000       -6007.327    -6052.250       44.923   391.4
89.4000       -6006.250    -6052.333       46.083   401.5
89.6000       -6009.113    -6056.037       46.924   408.8
89.8000       -6009.814    -6057.079       47.265   411.8
90.0000       -6010.605    -6053.900       43.296   377.2
90.2000       -6010.307    -6055.982       45.675   397.9
90.4000       -6008.257    -6055.747       47.491   413.7
90.6000       -6008.424    -6054.959       46.535   405.4
90.8000       -6009.276    -6054.640       45.364   395.2
91.0000       -6008.836    -6053.076       44.240   385.4
91.2000       -6009.820    -6056.104       46.284   403.2
91.4000       -6011.303    -6056.569       45.266   394.4
91.6000       -6009.431    -6055.060       45.629   397.5
91.8000       -6007.818    -6053.393       45.574   397.0
92.0000       -6011.534    -6056.925       45.390   395.4
92.2000       -6011.930    -6057.686       45.756   398.6
92.4000       -6013.589    -6057.402       43.813   381.7
92.6000       -6010.046    -6055.366       45.320   394.8
92.8000       -6009.734    -6056.622       46.888   408.5
93.0000       -6009.360    -6053.890       44.530   388.0
93.2000       -6010.219    -6056.130       45.910   400.0
93.4000       -6010.298    -6055.651       45.353   395.1
93.6000       -6010.042    -6055.092       45.050   392.5
93.8000       -6009.071    -6054.761       45.690   398.1
94.0000       -6009.108    -6054.442       45.335   395.0
94.2000       -6008.325    -6054.918       46.593   405.9
94.4000       -6009.564    -6056.966       47.402   413.0
94.6000       -6010.955    -6057.407       46.452   404.7
94.8000       -6010.018    -6056.752       46.734   407.1
95.0000       -6009.796    -6057.308       47.512   413.9
95.2000       -6010.380    -6056.461       46.082   401.5
95.4000       -6009.362    -6055.808       46.446   404.6
95.6000       -6007.196    -6053.739       46.543   405.5
95.8000       -6010.759    -6056.470       45.710   398.2
96.0000       -6012.869    -6056.791       43.922   382.7
96.2000       -6010.852    -6056.920       46.068   401.3
96.4000       -6010.852    -6057.641       46.789   407.6
96.6000       -6010.668    -6055.692       45.024   392.3
96.8000       -6009.139    -6053.873       44.734   389.7
97.0000       -6011.350    -6056.316       44.966   391.7
97.2000       -6011.280    -6058.222       46.942   409.0
97.4000       -6010.941    -6055.389       44.448   387.2
97.6000       -6011.541    -6055.296       43.754   381.2
97.8000       -6010.342    -6056.479       46.137   401.9
98.0000       -6010.728    -6055.720       44.992   392.0
98.2000       -6013.268    -6057.239       43.971   383.1
98.4000       -6012.995    -6056.099       43.103   375.5
98.6000       -6010.410    -6056.283       45.873   399.7
98.8000       -6007.760    -6055.653       47.893   417.2
99.0000       -6007.051    -6052.270       45.218   393.9
99.2000       -6008.497    -6054.517       46.019   400.9
99.4000       -6008.595    -6053.535       44.940   391.5
99.6000       -6010.287    -6053.876       43.589   379.7
99.8000       -6008.081    -6054.867       46.786   407.6
100.0000      -6008.773    -6054.579       45.806   399.1
100.2000      -6008.342    -6054.226       45.884   399.7
100.4000      -6010.978    -6056.609       45.631   397.5
100.6000      -6011.137    -6055.998       44.861   390.8
100.8000      -6009.128    -6055.593       46.465   404.8
101.0000      -6010.850    -6055.320       44.470   387.4
101.2000      -6011.112    -6055.868       44.756   389.9
101.4000      -6011.148    -6056.562       45.414   395.7
101.6000      -6011.261    -6055.443       44.182   384.9
101.8000      -6009.276    -6055.756       46.481   404.9
102.0000      -6008.159    -6054.457       46.298   403.4
102.2000      -6007.224    -6054.771       47.548   414.2
102.4000      -6007.694    -6055.060       47.366   412.7
102.6000      -6006.602    -6053.705       47.103   410.4
102.8000      -6008.517    -6054.709       46.192   402.4
103.0000      -6006.856    -6054.039       47.183   411.1
103.2000      -6006.847    -6055.199       48.352   421.2
103.4000      -6006.976    -6054.080       47.104   410.4
103.6000      -6007.701    -6055.023       47.322   412.3
103.8000      -6009.026    -6054.432       45.405   395.6
104.0000      -6009.082    -6057.093       48.011   418.3
104.2000      -6011.067    -6056.770       45.703   398.2
104.4000      -6008.594    -6053.947       45.353   395.1
104.6000      -6009.782    -6054.185       44.403   386.8
104.8000      -6010.866    -6055.268       44.402   386.8
105.0000      -6010.863    -6056.592       45.729   398.4
105.2000      -6011.106    -6055.580       44.474   387.5
105.4000      -6012.885    -6057.380       44.495   387.6
105.6000      -6010.409    -6055.754       45.345   395.1
105.8000      -6011.595    -6055.359       43.764   381.3
106.0000      -6009.828    -6055.396       45.567   397.0
106.2000      -6010.307    -6054.612       44.304   386.0
106.4000      -6009.951    -6055.842       45.890   399.8
106.6000      -6008.321    -6057.028       48.708   424.3
106.8000      -6006.783    -6053.667       46.884   408.5
107.0000      -6010.764    -6055.117       44.353   386.4
107.2000      -6010.895    -6055.463       44.568   388.3
107.4000      -6010.004    -6054.410       44.406   386.9
107.6000      -6010.252    -6055.613       45.361   395.2
107.8000      -6009.780    -6055.521       45.742   398.5
108.0000      -6006.549    -6055.318       48.770   424.9
108.2000      -6007.638    -6054.826       47.188   411.1
108.4000      -6008.138    -6052.563       44.425   387.0
108.6000      -6008.865    -6055.216       46.352   403.8
108.8000      -6009.625    -6056.940       47.315   412.2
109.0000      -6010.514    -6055.825       45.311   394.8
109.2000      -6008.392    -6053.580       45.188   393.7
109.4000      -6009.353    -6055.701       46.348   403.8
109.6000      -6009.871    -6055.611       45.740   398.5
109.8000      -6010.376    -6055.807       45.431   395.8
110.0000      -6011.218    -6055.033       43.815   381.7
110.2000      -6010.030    -6056.698       46.668   406.6
110.4000      -6007.390    -6054.539       47.150   410.8
110.6000      -6010.908    -6057.375       46.467   404.8
110.8000      -6012.172    -6056.356       44.184   384.9
111.0000      -6012.727    -6055.904       43.177   376.2
111.2000      -6013.249    -6056.614       43.365   377.8
111.4000      -6009.833    -6055.766       45.932   400.2
111.6000      -6007.532    -6054.418       46.885   408.5
111.8000      -6008.475    -6056.603       48.128   419.3
112.0000      -6009.537    -6056.153       46.616   406.1
112.2000      -6008.973    -6056.263       47.289   412.0
112.4000      -6009.352    -6056.008       46.656   406.5
112.6000      -6008.930    -6056.617       47.687   415.5
112.8000      -6012.867    -6059.373       46.506   405.2
113.0000      -6010.859    -6057.615       46.756   407.3
113.2000      -6011.171    -6055.345       44.174   384.8
113.4000      -6010.245    -6056.121       45.876   399.7
113.6000      -6009.802    -6057.592       47.789   416.3
113.8000      -6007.497    -6053.755       46.258   403.0
114.0000      -6008.537    -6055.996       47.459   413.5
114.2000      -6009.378    -6055.165       45.787   398.9
114.4000      -6010.810    -6056.526       45.716   398.3
114.6000      -6011.798    -6055.825       44.026   383.6
114.8000      -6011.630    -6056.860       45.230   394.1
115.0000      -6011.028    -6056.164       45.136   393.2
115.2000      -6011.451    -6056.274       44.824   390.5
115.4000      -6009.381    -6056.835       47.455   413.4
115.6000      -6009.202    -6055.775       46.574   405.8
115.8000      -6009.150    -6054.887       45.737   398.5
116.0000      -6006.916    -6055.047       48.131   419.3
116.2000      -6009.140    -6057.027       47.887   417.2
116.4000      -6009.484    -6056.189       46.705   406.9
116.6000      -6008.006    -6053.401       45.396   395.5
116.8000      -6010.245    -6055.798       45.553   396.9
117.0000      -6010.440    -6054.721       44.281   385.8
117.2000      -6010.599    -6055.531       44.933   391.5
117.4000      -6010.373    -6055.930       45.557   396.9
117.6000      -6009.766    -6055.433       45.667   397.9
117.8000      -6009.599    -6056.128       46.529   405.4
118.0000      -6009.896    -6056.004       46.108   401.7
118.2000      -6009.542    -6056.168       46.626   406.2
118.4000      -6011.227    -6055.052       43.825   381.8
118.6000      -6009.128    -6056.075       46.946   409.0
118.8000      -6007.268    -6053.866       46.599   406.0
119.0000      -6008.872    -6054.702       45.831   399.3
119.2000      -6007.490    -6054.482       46.992   409.4
119.4000      -6009.186    -6055.316       46.131   401.9
119.6000      -6004.651    -6052.064       47.413   413.1
119.8000      -6008.334    -6056.055       47.721   415.8
120.0000      -6006.887    -6054.439       47.552   414.3
120.2000      -6008.815    -6054.856       46.042   401.1
120.4000      -6007.054    -6054.614       47.561   414.4
120.6000      -6007.930    -6053.469       45.539   396.7
120.8000      -6009.196    -6055.063       45.867   399.6
121.0000      -6007.962    -6055.000       47.038   409.8
121.2000      -6008.237    -6054.363       46.126   401.9
121.4000      -6008.560    -6055.388       46.828   408.0
121.6000      -6009.240    -6055.596       46.355   403.9
121.8000      -6010.622    -6055.818       45.196   393.8
122.0000      -6009.400    -6056.114       46.714   407.0
122.2000      -6007.571    -6053.958       46.387   404.1
122.4000      -6008.056    -6053.372       45.316   394.8
122.6000      -6006.766    -6052.684       45.917   400.0
122.8000      -6006.331    -6052.729       46.398   404.2
123.0000      -6010.271    -6054.147       43.876   382.3
123.2000      -6008.865    -6054.002       45.137   393.2
123.4000      -6008.490    -6055.366       46.876   408.4
123.6000      -6010.358    -6054.424       44.066   383.9
123.8000      -6008.768    -6055.185       46.416   404.4
124.0000      -6011.678    -6056.545       44.867   390.9
124.2000      -6009.597    -6054.304       44.707   389.5
124.4000      -6007.650    -6054.075       46.425   404.5
124.6000      -6006.419    -6053.938       47.519   414.0
124.8000      -6008.874    -6054.027       45.153   393.4
125.0000      -6010.059    -6056.600       46.541   405.5
125.2000      -6009.319    -6054.304       44.984   391.9
125.4000      -6008.401    -6054.771       46.371   404.0
125.6000      -6009.268    -6056.060       46.792   407.7
125.8000      -6007.959    -6056.124       48.165   419.6
126.0000      -6009.248    -6056.576       47.328   412.3
126.2000      -6006.799    -6054.393       47.593   414.6
126.4000      -6007.154    -6053.422       46.268   403.1
126.6000      -6009.177    -6054.242       45.065   392.6
126.8000      -6007.883    -6053.595       45.712   398.2
127.0000      -6008.398    -6054.904       46.507   405.2
127.2000      -6007.319    -6054.354       47.036   409.8
127.4000      -6007.800    -6053.857       46.057   401.3
127.6000      -6006.854    -6054.448       47.594   414.6
127.8000      -6006.314    -6054.356       48.043   418.6
128.0000      -6008.937    -6055.380       46.442   404.6
128.2000      -6009.202    -6055.469       46.267   403.1
128.4000      -6011.516    -6056.619       45.102   392.9
128.6000      -6011.170    -6055.954       44.785   390.2
128.8000      -6011.826    -6056.851       45.024   392.3
129.0000      -6006.981    -6053.125       46.144   402.0
129.2000      -6006.514    -6052.905       46.390   404.2
129.4000      -6009.054    -6054.968       45.914   400.0
129.6000      -6008.610    -6054.805       46.194   402.4
129.8000      -6009.501    -6054.989       45.488   396.3
130.0000      -6009.875    -6055.632       45.757   398.6
130.2000      -6009.912    -6055.784       45.872   399.6
130.4000      -6007.270    -6056.512       49.242   429.0
130.6000      -6008.080    -6054.771       46.691   406.8
130.8000      -6008.830    -6054.661       45.830   399.3
131.0000      -6007.882    -6055.572       47.690   415.5
131.2000      -6008.522    -6054.676       46.154   402.1
131.4000      -6008.252    -6054.560       46.308   403.4
131.6000      -6009.228    -6054.957       45.729   398.4
131.8000      -6009.164    -6055.110       45.946   400.3
132.0000      -6010.031    -6056.457       46.426   404.5
132.2000      -6008.773    -6054.119       45.346   395.1
132.4000      -6009.471    -6056.557       47.086   410.2
132.6000      -6010.820    -6055.984       45.164   393.5
132.8000      -6010.315    -6054.913       44.599   388.5
133.0000      -6011.645    -6056.912       45.267   394.4
133.2000      -6008.847    -6055.213       46.366   403.9
133.4000      -6008.273    -6055.055       46.782   407.6
133.6000      -6009.826    -6053.313       43.487   378.9
133.8000      -6010.368    -6055.861       45.493   396.3
134.0000      -6008.270    -6054.123       45.853   399.5
134.2000      -6008.216    -6056.099       47.883   417.2
134.4000      -6011.941    -6057.223       45.281   394.5
134.6000      -6011.563    -6058.021       46.457   404.7
134.8000      -6010.565    -6055.238       44.673   389.2
135.0000      -6009.966    -6055.292       45.326   394.9
135.2000      -6011.259    -6055.651       44.392   386.7
135.4000      -6008.186    -6053.131       44.945   391.6
135.6000      -6009.699    -6054.950       45.251   394.2
135.8000      -6010.948    -6055.750       44.802   390.3
136.0000      -6010.330    -6058.007       47.678   415.4
136.2000      -6009.812    -6055.657       45.845   399.4
136.4000      -6008.658    -6055.046       46.388   404.1
136.6000      -6008.591    -6055.021       46.430   404.5
136.8000      -6007.108    -6053.765       46.657   406.5
137.0000      -6006.917    -6052.652       45.735   398.4
137.2000      -6010.417    -6056.117       45.700   398.1
137.4000      -6011.354    -6057.271       45.917   400.0
137.6000      -6010.331    -6054.168       43.837   381.9
137.8000      -6011.466    -6057.604       46.137   402.0
138.0000      -6011.135    -6057.802       46.666   406.6
138.2000      -6010.250    -6056.432       46.181   402.3
138.4000      -6010.487    -6054.999       44.512   387.8
138.6000      -6012.021    -6057.391       45.370   395.3
138.8000      -6012.651    -6056.332       43.681   380.6
139.0000      -6011.669    -6056.129       44.460   387.3
139.2000      -6010.746    -6055.245       44.499   387.7
139.4000      -6011.021    -6056.022       45.001   392.1
139.6000      -6011.509    -6055.703       44.194   385.0
139.8000      -6011.752    -6058.038       46.286   403.2
140.0000      -6009.691    -6056.994       47.303   412.1
140.2000      -6009.075    -6055.289       46.214   402.6
140.4000      -6008.004    -6056.053       48.049   418.6
140.6000      -6007.554    -6054.609       47.055   409.9
140.8000      -6008.095    -6054.603       46.508   405.2
141.0000      -6013.196    -6057.872       44.676   389.2
141.2000      -6012.480    -6056.631       44.151   384.6
141.4000      -6010.373    -6055.174       44.800   390.3
141.6000      -6010.164    -6055.938       45.775   398.8
141.8000      -6011.490    -6057.769       46.278   403.2
142.0000      -6011.131    -6055.769       44.638   388.9
142.2000      -6011.865    -6056.165       44.300   385.9
142.4000      -6012.076    -6056.429       44.352   386.4
142.6000      -6009.528    -6054.135       44.607   388.6
142.8000      -6010.451    -6055.605       45.155   393.4
143.0000      -6010.451    -6055.051       44.600   388.6
143.2000      -6010.508    -6056.155       45.647   397.7
143.4000      -6008.305    -6054.206       45.901   399.9
143.6000      -6007.403    -6055.331       47.928   417.6
143.8000      -6009.356    -6054.435       45.078   392.7
144.0000      -6006.823    -6054.282       47.459   413.5
144.2000      -6007.750    -6054.191       46.441   404.6
144.4000      -6011.112    -6055.439       44.327   386.2
144.6000      -6010.344    -6055.512       45.167   393.5
144.8000      -6009.857    -6056.033       46.177   402.3
145.0000      -6009.564    -6053.226       43.662   380.4
145.2000      -6010.506    -6056.319       45.813   399.1
145.4000      -6012.144    -6056.075       43.931   382.7
145.6000      -6012.915    -6057.152       44.237   385.4
145.8000      -6013.162    -6056.713       43.551   379.4
146.0000      -6011.462    -6055.822       44.360   386.5
146.2000      -6007.126    -6055.414       48.288   420.7
146.4000      -6010.972    -6055.182       44.209   385.2
146.6000      -6007.701    -6053.775       46.074   401.4
146.8000      -6006.987    -6054.901       47.915   417.4
147.0000      -6006.169    -6054.791       48.622   423.6
147.2000      -6009.973    -6057.280       47.307   412.1
147.4000      -6012.355    -6056.385       44.030   383.6
147.6000      -6011.998    -6057.127       45.129   393.2
147.8000      -6012.200    -6057.856       45.657   397.8
148.0000      -6011.923    -6055.670       43.747   381.1
148.2000      -6010.461    -6056.585       46.125   401.8
148.4000      -6010.711    -6056.037       45.326   394.9
148.6000      -6009.125    -6055.942       46.817   407.9
148.8000      -6008.943    -6056.860       47.917   417.5
149.0000      -6010.972    -6058.267       47.295   412.0
149.2000      -6011.895    -6057.719       45.824   399.2
149.4000      -6009.543    -6057.359       47.817   416.6
149.6000      -6007.570    -6053.910       46.340   403.7
149.8000      -6007.773    -6055.332       47.559   414.3
150.0000      -6008.071    -6054.465       46.394   404.2
150.2000      -6009.579    -6054.460       44.881   391.0
150.4000      -6010.614    -6055.832       45.218   393.9
150.6000      -6010.316    -6057.188       46.872   408.4
150.8000      -6009.482    -6056.074       46.592   405.9
151.0000      -6010.765    -6055.970       45.205   393.8
151.2000      -6013.273    -6057.412       44.138   384.5
151.4000      -6012.096    -6056.685       44.588   388.5
151.6000      -6011.215    -6056.644       45.428   395.8
151.8000      -6010.716    -6056.514       45.798   399.0
152.0000      -6010.150    -6056.015       45.865   399.6
152.2000      -6010.000    -6054.089       44.089   384.1
152.4000      -6010.833    -6056.952       46.118   401.8
152.6000      -6009.682    -6055.586       45.904   399.9
152.8000      -6009.253    -6055.842       46.588   405.9
153.0000      -6010.890    -6056.662       45.772   398.8
153.2000      -6011.459    -6056.974       45.515   396.5
153.4000      -6008.822    -6055.623       46.801   407.7
153.6000      -6009.839    -6055.504       45.665   397.8
153.8000      -6009.803    -6055.747       45.944   400.3
154.0000      -6006.188    -6053.002       46.814   407.8
154.2000      -6007.678    -6055.039       47.361   412.6
154.4000      -6006.760    -6054.365       47.606   414.7
154.6000      -6007.813    -6055.329       47.515   414.0
154.8000      -6007.531    -6053.451       45.920   400.1
155.0000      -6008.568    -6055.854       47.287   412.0
155.2000      -6010.664    -6057.213       46.549   405.5
155.4000      -6010.804    -6055.863       45.059   392.6
155.6000      -6010.020    -6056.408       46.388   404.1
155.8000      -6010.955    -6057.273       46.318   403.5
156.0000      -6010.292    -6055.846       45.554   396.9
156.2000      -6008.743    -6054.559       45.816   399.2
156.4000      -6008.319    -6055.565       47.246   411.6
156.6000      -6009.773    -6056.702       46.930   408.9
156.8000      -6009.229    -6054.344       45.116   393.1
157.0000      -6010.189    -6055.810       45.621   397.5
157.2000      -6009.729    -6057.059       47.330   412.3
157.4000      -6010.356    -6057.003       46.647   406.4
157.6000      -6010.557    -6055.278       44.721   389.6
157.8000      -6012.391    -6057.109       44.718   389.6
158.0000      -6009.454    -6055.401       45.947   400.3
158.2000      -6007.464    -6053.951       46.487   405.0
158.4000      -6008.185    -6054.638       46.453   404.7
158.6000      -6010.531    -6057.752       47.221   411.4
158.8000      -6012.375    -6057.010       44.635   388.9
159.0000      -6012.340    -6056.017       43.677   380.5
159.2000      -6009.911    -6056.286       46.374   404.0
159.4000      -6009.924    -6053.322       43.398   378.1
159.6000      -6010.351    -6056.402       46.051   401.2
159.8000      -6010.956    -6056.149       45.193   393.7
160.0000      -6011.706    -6056.138       44.432   387.1
160.2000      -6009.447    -6056.136       46.689   406.8
160.4000      -6010.120    -6056.391       46.271   403.1
160.6000      -6009.427    -6056.325       46.897   408.6
160.8000      -6013.297    -6057.205       43.908   382.5
161.0000      -6013.451    -6057.820       44.369   386.5
161.2000      -6013.419    -6057.463       44.044   383.7
161.4000      -6012.682    -6057.861       45.179   393.6
161.6000      -6012.447    -6058.000       45.554   396.9
161.8000      -6008.845    -6055.785       46.940   408.9
162.0000      -6007.853    -6054.163       46.310   403.5
162.2000      -6004.798    -6052.145       47.346   412.5
162.4000      -6005.215    -6052.586       47.372   412.7
162.6000      -6006.397    -6052.573       46.176   402.3
162.8000      -6006.972    -6054.046       47.074   410.1
163.0000      -6008.310    -6054.574       46.264   403.1
163.2000      -6008.563    -6055.338       46.774   407.5
163.4000      -6007.843    -6054.643       46.800   407.7
163.6000      -6007.760    -6054.544       46.784   407.6
163.8000      -6009.335    -6056.610       47.275   411.9
164.0000      -6011.410    -6056.302       44.892   391.1
164.2000      -6010.821    -6055.315       44.494   387.6
164.4000      -6013.051    -6058.392       45.341   395.0
164.6000      -6012.037    -6054.737       42.700   372.0
164.8000      -6007.488    -6053.272       45.784   398.9
165.0000      -6008.231    -6055.880       47.649   415.1
165.2000      -6004.731    -6052.587       47.856   416.9
165.4000      -6008.060    -6052.929       44.869   390.9
165.6000      -6008.737    -6053.639       44.902   391.2
165.8000      -6010.685    -6056.120       45.435   395.8
166.0000      -6010.015    -6055.657       45.642   397.6
166.2000      -6010.842    -6056.199       45.358   395.2
166.4000      -6010.353    -6055.610       45.258   394.3
166.6000      -6009.096    -6055.228       46.132   401.9
166.8000      -6008.764    -6055.018       46.254   403.0
167.0000      -6008.357    -6054.658       46.301   403.4
167.2000      -6010.236    -6055.906       45.670   397.9
167.4000      -6008.547    -6055.775       47.229   411.5
167.6000      -6009.032    -6054.615       45.583   397.1
167.8000      -6008.634    -6056.000       47.366   412.7
168.0000      -6008.780    -6055.924       47.144   410.7
168.2000      -6009.624    -6055.879       46.255   403.0
168.4000      -6008.896    -6055.683       46.787   407.6
168.6000      -6009.251    -6056.149       46.898   408.6
168.8000      -6008.177    -6055.546       47.370   412.7
169.0000      -6007.859    -6054.100       46.240   402.8
169.2000      -6009.546    -6056.856       47.310   412.2
169.4000      -6012.177    -6057.910       45.733   398.4
169.6000      -6009.730    -6055.277       45.547   396.8
169.8000      -6010.269    -6055.319       45.050   392.5
170.0000      -6010.216    -6056.052       45.835   399.3
170.2000      -6008.490    -6054.206       45.716   398.3
170.4000      -6007.297    -6054.333       47.036   409.8
170.6000      -6008.387    -6054.677       46.290   403.3
170.8000      -6008.299    -6056.309       48.010   418.3
171.0000      -6009.231    -6055.171       45.940   400.2
171.2000      -6010.744    -6055.516       44.772   390.1
171.4000      -6010.677    -6055.755       45.078   392.7
171.6000      -6009.568    -6053.286       43.718   380.9
171.8000      -6012.707    -6057.050       44.342   386.3
172.0000      -6012.453    -6058.590       46.137   402.0
172.2000      -6012.224    -6055.230       43.006   374.7
172.4000      -6012.879    -6057.125       44.246   385.5
172.6000      -6013.002    -6056.253       43.251   376.8
172.8000      -6010.866    -6056.579       45.713   398.3
173.0000      -6011.584    -6058.120       46.537   405.4
173.2000      -6010.510    -6056.434       45.924   400.1
173.4000      -6010.105    -6056.275       46.170   402.2
173.6000      -6007.029    -6051.979       44.951   391.6
173.8000      -6006.932    -6053.983       47.051   409.9
174.0000      -6008.214    -6056.053       47.839   416.8
174.2000      -6007.107    -6055.450       48.342   421.2
174.4000      -6011.643    -6057.850       46.206   402.6
174.6000      -6010.735    -6055.266       44.530   388.0
174.8000      -6011.880    -6057.570       45.690   398.1
175.0000      -6010.566    -6056.053       45.487   396.3
175.2000      -6008.831    -6053.836       45.005   392.1
175.4000      -6008.757    -6054.714       45.957   400.4
175.6000      -6014.333    -6057.622       43.288   377.1
175.8000      -6008.648    -6055.439       46.791   407.6
176.0000      -6009.552    -6056.296       46.745   407.2
176.2000      -6010.559    -6057.331       46.772   407.5
176.4000      -6010.422    -6055.880       45.457   396.0
176.6000      -6011.180    -6057.497       46.317   403.5
176.8000      -6011.691    -6055.822       44.131   384.5
177.0000      -6011.276    -6056.579       45.303   394.7
177.2000      -6010.488    -6056.226       45.738   398.5
177.4000      -6008.940    -6057.312       48.372   421.4
177.6000      -6008.995    -6056.118       47.123   410.5
177.8000      -6010.573    -6055.837       45.264   394.3
178.0000      -6008.245    -6055.019       46.774   407.5
178.2000      -6008.605    -6054.205       45.600   397.3
178.4000      -6009.133    -6055.585       46.452   404.7
178.6000      -6010.459    -6056.534       46.076   401.4
178.8000      -6010.541    -6055.926       45.385   395.4
179.0000      -6010.046    -6054.843       44.797   390.3
179.2000      -6010.791    -6056.170       45.379   395.3
179.4000      -6008.261    -6053.979       45.718   398.3
179.6000      -6008.041    -6055.305       47.264   411.8
179.8000      -6005.376    -6052.996       47.620   414.9
180.0000      -6005.945    -6054.811       48.866   425.7
180.2000      -6007.822    -6054.288       46.466   404.8
180.4000      -6007.348    -6056.541       49.193   428.6
180.6000      -6005.309    -6052.260       46.951   409.0
180.8000      -6005.599    -6052.144       46.545   405.5
181.0000      -6007.401    -6055.368       47.967   417.9
181.2000      -6007.339    -6054.481       47.142   410.7
181.4000      -6009.591    -6055.854       46.262   403.0
181.6000      -6012.308    -6056.925       44.617   388.7
181.8000      -6011.306    -6056.611       45.304   394.7
182.0000      -6011.047    -6055.611       44.564   388.2
182.2000      -6011.062    -6056.264       45.202   393.8
182.4000      -6013.251    -6057.477       44.226   385.3
182.6000      -6011.215    -6055.101       43.886   382.3
182.8000      -6009.232    -6054.399       45.168   393.5
183.0000      -6009.022    -6054.519       45.497   396.4
183.2000      -6007.656    -6055.689       48.034   418.5
183.4000      -6008.796    -6055.182       46.385   404.1
183.6000      -6007.959    -6054.634       46.675   406.6
183.8000      -6009.872    -6055.802       45.930   400.1
184.0000      -6007.979    -6054.191       46.213   402.6
184.2000      -6008.037    -6053.684       45.647   397.7
184.4000      -6008.616    -6055.529       46.914   408.7
184.6000      -6008.236    -6056.323       48.087   418.9
184.8000      -6010.421    -6055.829       45.408   395.6
185.0000      -6011.824    -6058.394       46.570   405.7
185.2000      -6010.848    -6054.609       43.761   381.2
185.4000      -6008.842    -6053.659       44.817   390.5
185.6000      -6008.613    -6056.048       47.436   413.3
185.8000      -6008.434    -6055.755       47.321   412.3
186.0000      -6009.066    -6056.254       47.188   411.1
186.2000      -6008.382    -6053.734       45.352   395.1
186.4000      -6009.710    -6057.552       47.842   416.8
186.6000      -6008.949    -6053.792       44.843   390.7
186.8000      -6008.567    -6056.218       47.651   415.1
187.0000      -6009.191    -6055.285       46.094   401.6
187.2000      -6008.551    -6054.939       46.388   404.1
187.4000      -6009.178    -6057.168       47.990   418.1
187.6000      -6011.069    -6057.192       46.123   401.8
187.8000      -6012.363    -6058.405       46.041   401.1
188.0000      -6012.198    -6057.529       45.331   394.9
188.2000      -6010.926    -6056.023       45.097   392.9
188.4000      -6010.680    -6055.101       44.420   387.0
188.6000      -6010.837    -6056.274       45.438   395.9
188.8000      -6011.091    -6056.669       45.579   397.1
189.0000      -6011.581    -6057.561       45.979   400.6
189.2000      -6009.372    -6054.205       44.833   390.6
189.4000      -6010.803    -6055.437       44.633   388.8
189.6000      -6010.747    -6057.468       46.721   407.0
189.8000      -6010.189    -6056.829       46.640   406.3
190.0000      -6012.907    -6055.836       42.929   374.0
190.2000      -6011.849    -6056.366       44.517   387.8
190.4000      -6009.953    -6055.441       45.488   396.3
190.6000      -6010.346    -6055.252       44.905   391.2
190.8000      -6012.855    -6057.358       44.503   387.7
191.0000      -6009.898    -6056.156       46.258   403.0
191.2000      -6008.347    -6055.818       47.471   413.6
191.4000      -6007.950    -6055.384       47.434   413.3
191.6000      -6011.679    -6055.008       43.329   377.5
191.8000      -6011.551    -6058.350       46.798   407.7
192.0000      -6011.180    -6056.259       45.079   392.7
192.2000      -6009.563    -6055.227       45.664   397.8
192.4000      -6008.282    -6054.708       46.427   404.5
192.6000      -6009.313    -6056.005       46.693   406.8
192.8000      -6008.743    -6054.670       45.927   400.1
193.0000      -6006.863    -6053.350       46.487   405.0
193.2000      -6005.945    -6055.135       49.190   428.5
193.4000      -6006.505    -6054.915       48.410   421.8
193.6000      -6007.886    -6054.692       46.807   407.8
193.8000      -6008.044    -6054.412       46.368   404.0
194.0000      -6006.089    -6054.659       48.570   423.1
194.2000      -6005.921    -6052.710       46.790   407.6
194.4000      -6007.533    -6055.579       48.046   418.6
194.6000      -6010.997    -6057.574       46.577   405.8
194.8000      -6010.175    -6055.344       45.168   393.5
195.0000      -6009.928    -6055.166       45.238   394.1
195.2000      -6008.648    -6054.725       46.077   401.4
195.4000      -6009.144    -6054.384       45.239   394.1
195.6000      -6012.826    -6055.541       42.715   372.1
195.8000      -6011.147    -6055.751       44.604   388.6
196.0000      -6012.410    -6057.381       44.971   391.8
196.2000      -6010.813    -6057.658       46.845   408.1
196.4000      -6009.626    -6056.320       46.694   406.8
196.6000      -6009.073    -6056.073       47.000   409.5
196.8000      -6011.426    -6054.917       43.491   378.9
197.0000      -6010.781    -6054.475       43.694   380.7
197.2000      -6010.752    -6055.151       44.399   386.8
197.4000      -6010.349    -6057.500       47.151   410.8
197.6000      -6010.643    -6056.319       45.676   397.9
197.8000      -6009.630    -6054.013       44.382   386.7
198.0000      -6009.949    -6056.364       46.415   404.4
198.2000      -6010.709    -6057.166       46.457   404.7
198.4000      -6011.796    -6057.216       45.420   395.7
198.6000      -6010.667    -6056.552       45.885   399.8
198.8000      -6008.576    -6057.628       49.052   427.3
199.0000      -6008.377    -6054.015       45.638   397.6
199.2000      -6008.512    -6054.746       46.234   402.8
199.4000      -6008.986    -6054.167       45.180   393.6
199.6000      -6009.123    -6055.640       46.518   405.3
199.8000      -6007.237    -6055.494       48.257   420.4
200.0000      -6007.719    -6054.869       47.150   410.8
