Time[ps]      Etot[eV]     Epot[eV]     Ekin[eV]    T[K]
0.0000        -5980.546    -6038.398       57.852   504.0
0.2000        -5981.575    -6039.790       58.215   507.2
0.4000        -5986.778    -6044.501       57.723   502.9
0.6000        -5988.002    -6045.837       57.834   503.9
0.8000        -5983.706    -6043.423       59.716   520.3
1.0000        -5983.520    -6041.593       58.073   505.9
1.2000        -5988.102    -6045.273       57.172   498.1
1.4000        -5988.844    -6042.690       53.846   469.1
1.6000        -5987.481    -6041.729       54.248   472.6
1.8000        -5986.595    -6043.741       57.147   497.9
2.0000        -5988.630    -6042.822       54.192   472.1
2.2000        -5987.688    -6045.288       57.599   501.8
2.4000        -5986.940    -6043.902       56.962   496.3
2.6000        -5986.438    -6044.247       57.809   503.6
2.8000        -5985.841    -6043.104       57.263   498.9
3.0000        -5984.151    -6043.033       58.882   513.0
3.2000        -5985.786    -6043.422       57.636   502.1
3.4000        -5983.471    -6041.103       57.631   502.1
3.6000        -5984.276    -6043.917       59.642   519.6
3.8000        -5986.389    -6044.670       58.281   507.7
4.0000        -5985.501    -6042.002       56.501   492.2
4.2000        -5982.155    -6041.674       59.519   518.5
4.4000        -5985.282    -6043.002       57.720   502.9
4.6000        -5985.942    -6042.506       56.565   492.8
4.8000        -5987.206    -6043.234       56.028   488.1
5.0000        -5987.680    -6043.776       56.097   488.7
5.2000        -5984.740    -6041.865       57.126   497.7
5.4000        -5986.060    -6043.376       57.316   499.3
5.6000        -5985.966    -6045.967       60.001   522.7
5.8000        -5983.263    -6040.288       57.025   496.8
6.0000        -5986.723    -6041.933       55.209   481.0
6.2000        -5989.122    -6047.799       58.677   511.2
6.4000        -5989.435    -6045.708       56.272   490.2
6.6000        -5987.011    -6042.446       55.435   483.0
6.8000        -5986.316    -6041.202       54.885   478.2
7.0000        -5980.920    -6040.730       59.810   521.1
7.2000        -5982.739    -6043.670       60.932   530.8
7.4000        -5983.043    -6039.575       56.533   492.5
7.6000        -5984.592    -6042.517       57.924   504.6
7.8000        -5985.544    -6041.576       56.032   488.2
8.0000        -5985.355    -6042.932       57.577   501.6
8.2000        -5986.346    -6042.607       56.261   490.2
8.4000        -5990.400    -6044.406       54.006   470.5
8.6000        -5985.852    -6044.541       58.689   511.3
8.8000        -5987.549    -6041.496       53.947   470.0
9.0000        -5988.332    -6046.110       57.778   503.4
9.2000        -5988.733    -6044.567       55.834   486.4
9.4000        -5987.642    -6043.848       56.206   489.7
9.6000        -5989.009    -6046.261       57.252   498.8
9.8000        -5990.789    -6045.358       54.569   475.4
10.0000       -5988.087    -6042.028       53.942   469.9
10.2000       -5987.866    -6043.896       56.030   488.1
10.4000       -5986.303    -6042.368       56.065   488.4
10.6000       -5987.416    -6045.682       58.265   507.6
10.8000       -5991.026    -6046.789       55.762   485.8
11.0000       -5989.166    -6045.648       56.483   492.1
11.2000       -5986.335    -6043.771       57.436   500.4
11.4000       -5985.639    -6043.768       58.129   506.4
11.6000       -5983.818    -6042.842       59.023   514.2
11.8000       -5982.965    -6040.042       57.078   497.3
12.0000       -5983.935    -6043.102       59.167   515.5
12.2000       -5983.884    -6039.623       55.738   485.6
12.4000       -5983.130    -6041.374       58.245   507.4
12.6000       -5983.444    -6040.961       57.517   501.1
12.8000       -5986.560    -6042.339       55.779   486.0
13.0000       -5985.723    -6044.317       58.594   510.5
13.2000       -5984.793    -6042.522       57.729   502.9
13.4000       -5985.142    -6043.707       58.564   510.2
13.6000       -5984.813    -6044.023       59.210   515.8
13.8000       -5986.224    -6042.870       56.645   493.5
14.0000       -5987.211    -6044.120       56.909   495.8
14.2000       -5986.237    -6041.745       55.508   483.6
14.4000       -5985.924    -6041.492       55.569   484.1
14.6000       -5986.123    -6044.695       58.572   510.3
14.8000       -5986.056    -6044.098       58.041   505.7
15.0000       -5986.454    -6043.152       56.699   494.0
15.2000       -5984.634    -6044.298       59.664   519.8
15.4000       -5987.241    -6044.738       57.497   500.9
15.6000       -5986.173    -6042.437       56.264   490.2
15.8000       -5985.158    -6044.106       58.948   513.6
16.0000       -5984.161    -6042.900       58.739   511.7
16.2000       -5983.089    -6041.713       58.624   510.7
16.4000       -5984.167    -6043.236       59.069   514.6
16.6000       -5982.527    -6041.533       59.005   514.1
16.8000       -5982.557    -6041.069       58.512   509.8
17.0000       -5984.601    -6044.390       59.789   520.9
17.2000       -5984.114    -6040.167       56.052   488.3
17.4000       -5986.592    -6045.793       59.201   515.8
17.6000       -5990.782    -6044.731       53.950   470.0
17.8000       -5987.230    -6044.582       57.352   499.7
18.0000       -5986.804    -6043.413       56.609   493.2
18.2000       -5980.746    -6039.611       58.865   512.8
18.4000       -5980.580    -6041.309       60.728   529.1
18.6000       -5983.447    -6041.219       57.772   503.3
18.8000       -5985.331    -6042.936       57.605   501.9
19.0000       -5983.501    -6040.207       56.706   494.0
19.2000       -5984.256    -6043.752       59.496   518.3
19.4000       -5987.099    -6043.679       56.580   492.9
19.6000       -5989.369    -6044.975       55.605   484.4
19.8000       -5986.355    -6042.830       56.475   492.0
20.0000       -5986.160    -6043.721       57.561   501.5
20.2000       -5986.891    -6043.392       56.500   492.2
20.4000       -5986.868    -6042.978       56.110   488.8
20.6000       -5987.216    -6046.898       59.682   520.0
20.8000       -5986.091    -6045.047       58.956   513.6
21.0000       -5983.196    -6041.545       58.350   508.4
21.2000       -5983.982    -6041.113       57.131   497.7
21.4000       -5983.846    -6041.524       57.679   502.5
21.6000       -5986.045    -6043.166       57.121   497.6
21.8000       -5984.574    -6042.976       58.401   508.8
22.0000       -5984.423    -6044.725       60.301   525.3
22.2000       -5984.928    -6044.049       59.122   515.1
22.4000       -5984.909    -6042.173       57.264   498.9
22.6000       -5983.000    -6043.086       60.086   523.5
22.8000       -5987.348    -6042.492       55.144   480.4
23.0000       -5988.243    -6044.751       56.508   492.3
23.2000       -5985.672    -6040.622       54.950   478.7
23.4000       -5983.028    -6042.106       59.078   514.7
23.6000       -5984.395    -6041.795       57.400   500.1
23.8000       -5984.503    -6041.614       57.111   497.6
24.0000       -5984.443    -6043.340       58.896   513.1
24.2000       -5982.968    -6042.743       59.776   520.8
24.4000       -5984.128    -6041.371       57.243   498.7
24.6000       -5981.728    -6041.198       59.471   518.1
24.8000       -5981.318    -6041.613       60.295   525.3
25.0000       -5981.043    -6040.810       59.767   520.7
25.2000       -5981.014    -6041.931       60.917   530.7
25.4000       -5980.845    -6039.644       58.799   512.3
25.6000       -5984.954    -6042.113       57.160   498.0
25.8000       -5986.500    -6043.000       56.500   492.2
26.0000       -5989.087    -6045.748       56.661   493.6
26.2000       -5989.511    -6045.294       55.783   486.0
26.4000       -5987.413    -6044.613       57.201   498.3
26.6000       -5986.581    -6045.308       58.726   511.6
26.8000       -5983.064    -6040.884       57.820   503.7
27.0000       -5983.055    -6041.569       58.514   509.8
27.2000       -5983.713    -6042.150       58.438   509.1
27.4000       -5983.265    -6041.174       57.909   504.5
27.6000       -5982.625    -6042.435       59.810   521.1
27.8000       -5981.303    -6038.859       57.556   501.4
28.0000       -5981.960    -6040.164       58.204   507.1
28.2000       -5981.165    -6041.325       60.160   524.1
28.4000       -5983.908    -6042.818       58.910   513.2
28.6000       -5987.978    -6043.568       55.591   484.3
28.8000       -5988.176    -6047.054       58.879   513.0
29.0000       -5989.104    -6043.651       54.547   475.2
29.2000       -5986.363    -6042.465       56.102   488.8
29.4000       -5988.143    -6044.771       56.628   493.3
29.6000       -5986.102    -6044.374       58.272   507.7
29.8000       -5984.368    -6042.071       57.703   502.7
30.0000       -5984.361    -6043.085       58.724   511.6
30.2000       -5984.862    -6044.603       59.741   520.5
30.4000       -5986.522    -6042.467       55.945   487.4
30.6000       -5984.923    -6042.615       57.692   502.6
30.8000       -5983.237    -6042.065       58.828   512.5
31.0000       -5983.144    -6041.835       58.691   511.3
31.2000       -5983.141    -6042.002       58.862   512.8
31.4000       -5984.470    -6042.610       58.140   506.5
31.6000       -5983.695    -6039.713       56.018   488.0
31.8000       -5986.674    -6043.435       56.761   494.5
32.0000       -5987.171    -6045.004       57.833   503.9
32.2000       -5987.005    -6044.019       57.013   496.7
32.4000       -5983.990    -6042.854       58.863   512.8
32.6000       -5988.448    -6043.157       54.709   476.6
32.8000       -5984.740    -6043.409       58.669   511.1
33.0000       -5986.081    -6044.234       58.153   506.6
33.2000       -5982.733    -6042.671       59.938   522.2
33.4000       -5982.853    -6040.926       58.073   505.9
33.6000       -5982.313    -6039.449       57.136   497.8
33.8000       -5983.487    -6042.341       58.854   512.7
34.0000       -5985.270    -6044.418       59.148   515.3
34.2000       -5986.034    -6043.610       57.577   501.6
34.4000       -5986.455    -6041.882       55.427   482.9
34.6000       -5988.684    -6044.677       55.993   487.8
34.8000       -5987.885    -6044.961       57.077   497.3
35.0000       -5990.191    -6044.677       54.485   474.7
35.2000       -5987.331    -6044.796       57.465   500.6
35.4000       -5984.767    -6042.811       58.043   505.7
35.6000       -5983.387    -6041.070       57.683   502.5
35.8000       -5983.301    -6041.405       58.104   506.2
36.0000       -5983.474    -6041.957       58.483   509.5
36.2000       -5986.617    -6043.413       56.795   494.8
36.4000       -5986.791    -6044.578       57.787   503.4
36.6000       -5988.273    -6043.937       55.663   484.9
36.8000       -5984.891    -6041.126       56.235   489.9
37.0000       -5985.341    -6042.630       57.289   499.1
37.2000       -5983.928    -6043.029       59.101   514.9
37.4000       -5985.196    -6043.328       58.132   506.5
37.6000       -5985.392    -6043.719       58.328   508.2
37.8000       -5982.636    -6043.044       60.408   526.3
38.0000       -5983.939    -6042.296       58.357   508.4
38.2000       -5984.350    -6043.559       59.209   515.8
38.4000       -5984.929    -6044.278       59.350   517.1
38.6000       -5988.257    -6045.258       57.001   496.6
38.8000       -5991.995    -6046.527       54.533   475.1
39.0000       -5989.040    -6045.035       55.995   487.8
39.2000       -5987.113    -6043.789       56.676   493.8
39.4000       -5984.745    -6042.767       58.022   505.5
39.6000       -5984.719    -6042.826       58.107   506.2
39.8000       -5983.157    -6041.584       58.427   509.0
40.0000       -5983.680    -6042.407       58.727   511.6
40.2000       -5981.420    -6041.377       59.957   522.4
40.4000       -5983.416    -6043.300       59.884   521.7
40.6000       -5985.306    -6042.432       57.126   497.7
40.8000       -5987.406    -6044.068       56.662   493.6
41.0000       -5985.106    -6042.302       57.196   498.3
41.2000       -5981.578    -6042.388       60.810   529.8
41.4000       -5981.511    -6039.368       57.858   504.1
41.6000       -5984.286    -6043.968       59.682   520.0
41.8000       -5983.969    -6042.619       58.650   511.0
42.0000       -5984.925    -6042.646       57.721   502.9
42.2000       -5988.047    -6045.569       57.522   501.1
42.4000       -5986.002    -6043.846       57.844   503.9
42.6000       -5987.652    -6041.589       53.937   469.9
42.8000       -5986.399    -6044.435       58.036   505.6
43.0000       -5984.174    -6042.018       57.844   503.9
43.2000       -5987.179    -6044.514       57.334   499.5
43.4000       -5987.857    -6045.381       57.524   501.2
43.6000       -5986.382    -6042.712       56.330   490.7
43.8000       -5986.215    -6042.343       56.129   489.0
44.0000       -5986.573    -6044.211       57.638   502.1
44.2000       -5985.091    -6042.793       57.702   502.7
44.4000       -5982.097    -6040.892       58.795   512.2
44.6000       -5983.344    -6042.520       59.175   515.5
44.8000       -5981.140    -6040.373       59.233   516.0
45.0000       -5978.505    -6036.776       58.271   507.7
45.2000       -5982.023    -6041.457       59.434   517.8
45.4000       -5978.766    -6040.163       61.397   534.9
45.6000       -5979.346    -6037.615       58.268   507.6
45.8000       -5979.769    -6039.432       59.663   519.8
46.0000       -5980.595    -6041.272       60.677   528.6
46.2000       -5981.435    -6040.861       59.426   517.7
46.4000       -5984.588    -6042.236       57.648   502.2
46.6000       -5983.391    -6040.697       57.306   499.3
46.8000       -5985.355    -6041.754       56.400   491.4
47.0000       -5986.768    -6044.479       57.711   502.8
47.2000       -5983.202    -6041.817       58.615   510.7
47.4000       -5984.345    -6042.835       58.490   509.6
47.6000       -5982.909    -6042.241       59.332   516.9
47.8000       -5983.534    -6040.640       57.106   497.5
48.0000       -5984.621    -6041.805       57.184   498.2
48.2000       -5982.965    -6044.377       61.412   535.0
48.4000       -5987.338    -6045.050       57.712   502.8
48.6000       -5989.699    -6043.954       54.254   472.7
48.8000       -5989.108    -6042.983       53.875   469.4
49.0000       -5987.146    -6042.582       55.436   483.0
49.2000       -5984.914    -6043.623       58.709   511.5
49.4000       -5987.049    -6045.878       58.829   512.5
49.6000       -5987.047    -6042.922       55.875   486.8
49.8000       -5989.237    -6045.101       55.864   486.7
50.0000       -5986.778    -6045.179       58.401   508.8
50.2000       -5983.750    -6040.653       56.904   495.7
50.4000       -5987.532    -6042.145       54.613   475.8
50.6000       -5987.524    -6042.882       55.358   482.3
50.8000       -5986.372    -6042.929       56.557   492.7
51.0000       -5985.936    -6042.503       56.566   492.8
51.2000       -5984.256    -6042.267       58.011   505.4
51.4000       -5980.820    -6040.628       59.809   521.1
51.6000       -5983.479    -6043.749       60.270   525.1
51.8000       -5986.451    -6043.490       57.039   496.9
52.0000       -5985.982    -6042.598       56.616   493.2
52.2000       -5986.521    -6043.909       57.388   500.0
52.4000       -5988.256    -6044.207       55.950   487.4
52.6000       -5987.526    -6043.837       56.311   490.6
52.8000       -5985.140    -6042.466       57.326   499.4
53.0000       -5988.879    -6043.150       54.271   472.8
53.2000       -5986.197    -6043.068       56.871   495.5
53.4000       -5988.309    -6044.564       56.256   490.1
53.6000       -5987.269    -6041.743       54.474   474.6
53.8000       -5985.117    -6041.780       56.663   493.7
54.0000       -5985.456    -6043.492       58.036   505.6
54.2000       -5989.628    -6047.159       57.531   501.2
54.4000       -5984.096    -6042.072       57.976   505.1
54.6000       -5989.521    -6045.880       56.359   491.0
54.8000       -5991.934    -6045.951       54.018   470.6
55.0000       -5989.162    -6045.833       56.670   493.7
55.2000       -5985.142    -6043.590       58.449   509.2
55.4000       -5984.658    -6043.935       59.277   516.4
55.6000       -5983.631    -6041.915       58.284   507.8
55.8000       -5983.650    -6044.183       60.533   527.4
56.0000       -5984.792    -6043.019       58.227   507.3
56.2000       -5985.015    -6043.869       58.853   512.7
56.4000       -5986.648    -6043.234       56.586   493.0
56.6000       -5983.659    -6041.629       57.970   505.0
56.8000       -5985.530    -6043.457       57.927   504.7
57.0000       -5983.298    -6044.029       60.730   529.1
57.2000       -5983.063    -6043.369       60.306   525.4
57.4000       -5985.258    -6043.252       57.994   505.2
57.6000       -5986.962    -6044.822       57.860   504.1
57.8000       -5986.005    -6042.829       56.824   495.1
58.0000       -5983.312    -6042.407       59.096   514.8
58.2000       -5982.949    -6043.669       60.720   529.0
58.4000       -5982.951    -6040.401       57.451   500.5
58.6000       -5983.417    -6043.720       60.302   525.4
58.8000       -5981.851    -6042.566       60.716   529.0
59.0000       -5983.048    -6041.170       58.123   506.4
59.2000       -5982.738    -6041.059       58.321   508.1
59.4000       -5983.646    -6040.314       56.668   493.7
59.6000       -5984.463    -6041.855       57.392   500.0
59.8000       -5981.853    -6041.430       59.577   519.0
60.0000       -5986.710    -6042.828       56.118   488.9
60.2000       -5986.260    -6042.729       56.469   492.0
60.4000       -5987.884    -6044.316       56.432   491.6
60.6000       -5987.272    -6043.620       56.348   490.9
60.8000       -5987.712    -6043.232       55.521   483.7
61.0000       -5986.671    -6043.228       56.556   492.7
61.2000       -5985.034    -6043.622       58.588   510.4
61.4000       -5984.584    -6043.383       58.799   512.3
61.6000       -5984.620    -6041.398       56.778   494.7
61.8000       -5985.093    -6043.148       58.055   505.8
62.0000       -5985.930    -6043.592       57.662   502.4
62.2000       -5984.986    -6041.200       56.215   489.7
62.4000       -5987.295    -6042.487       55.193   480.8
62.6000       -5986.437    -6042.137       55.700   485.3
62.8000       -5986.981    -6044.562       57.581   501.7
63.0000       -5984.068    -6039.987       55.918   487.2
63.2000       -5987.089    -6043.464       56.374   491.1
63.4000       -5985.723    -6044.228       58.504   509.7
63.6000       -5987.773    -6045.328       57.555   501.4
63.8000       -5984.358    -6043.137       58.779   512.1
64.0000       -5981.444    -6040.960       59.516   518.5
64.2000       -5982.014    -6043.103       61.089   532.2
64.4000       -5984.352    -6042.027       57.676   502.5
64.6000       -5984.170    -6042.800       58.630   510.8
64.8000       -5983.327    -6041.080       57.753   503.2
65.0000       -5982.954    -6039.544       56.590   493.0
65.2000       -5982.312    -6041.911       59.599   519.2
65.4000       -5984.428    -6042.067       57.639   502.2
65.6000       -5984.215    -6043.305       59.089   514.8
65.8000       -5982.462    -6041.141       58.679   511.2
66.0000       -5981.021    -6040.358       59.338   517.0
66.2000       -5981.092    -6040.280       59.188   515.7
66.4000       -5980.471    -6040.897       60.427   526.4
66.6000       -5983.504    -6041.500       57.996   505.3
66.8000       -5986.769    -6042.000       55.231   481.2
67.0000       -5985.525    -6044.524       58.999   514.0
67.2000       -5983.716    -6041.817       58.102   506.2
67.4000       -5987.116    -6042.781       55.665   485.0
67.6000       -5990.544    -6045.692       55.148   480.5
67.8000       -5988.824    -6046.546       57.722   502.9
68.0000       -5987.045    -6044.355       57.310   499.3
68.2000       -5981.600    -6042.453       60.853   530.2
68.4000       -5983.164    -6042.062       58.898   513.1
68.6000       -5985.593    -6045.649       60.056   523.2
68.8000       -5987.668    -6043.424       55.756   485.7
69.0000       -5988.744    -6045.917       57.173   498.1
69.2000       -5986.273    -6044.581       58.307   508.0
69.4000       -5983.085    -6041.607       58.522   509.9
69.6000       -5981.055    -6039.489       58.434   509.1
69.8000       -5982.508    -6043.556       61.048   531.9
70.0000       -5982.263    -6041.367       59.104   514.9
70.2000       -5982.670    -6040.682       58.012   505.4
70.4000       -5985.993    -6042.943       56.950   496.2
70.6000       -5984.281    -6041.776       57.495   500.9
70.8000       -5984.330    -6042.495       58.165   506.7
71.0000       -5982.634    -6042.280       59.646   519.6
71.2000       -5981.415    -6041.466       60.051   523.2
71.4000       -5985.218    -6042.432       57.214   498.5
71.6000       -5984.967    -6042.302       57.335   499.5
71.8000       -5985.748    -6043.254       57.506   501.0
72.0000       -5985.954    -6043.423       57.469   500.7
72.2000       -5983.417    -6044.005       60.588   527.8
72.4000       -5984.862    -6041.987       57.125   497.7
72.6000       -5985.948    -6043.192       57.245   498.7
72.8000       -5985.332    -6043.611       58.279   507.7
73.0000       -5986.599    -6043.127       56.528   492.5
73.2000       -5983.711    -6042.772       59.061   514.5
73.4000       -5984.456    -6042.339       57.883   504.3
73.6000       -5983.603    -6042.715       59.112   515.0
73.8000       -5985.758    -6043.126       57.368   499.8
74.0000       -5986.143    -6045.588       59.445   517.9
74.2000       -5983.116    -6041.679       58.563   510.2
74.4000       -5982.345    -6042.506       60.161   524.1
74.6000       -5981.013    -6041.580       60.566   527.7
74.8000       -5981.422    -6042.484       61.062   532.0
75.0000       -5981.404    -6041.322       59.918   522.0
75.2000       -5984.664    -6042.417       57.753   503.1
75.4000       -5985.352    -6041.026       55.675   485.0
75.6000       -5987.161    -6045.400       58.239   507.4
75.8000       -5984.696    -6042.705       58.009   505.4
76.0000       -5986.457    -6045.008       58.551   510.1
76.2000       -5984.108    -6040.637       56.530   492.5
76.4000       -5984.795    -6043.954       59.158   515.4
76.6000       -5985.638    -6045.044       59.406   517.6
76.8000       -5984.121    -6042.446       58.325   508.1
77.0000       -5987.604    -6044.214       56.611   493.2
77.2000       -5987.701    -6042.010       54.308   473.1
77.4000       -5986.737    -6043.678       56.941   496.1
77.6000       -5985.856    -6044.656       58.800   512.3
77.8000       -5982.877    -6043.787       60.910   530.7
78.0000       -5980.976    -6040.184       59.208   515.8
78.2000       -5985.791    -6043.111       57.320   499.4
78.4000       -5987.824    -6043.601       55.777   485.9
78.6000       -5989.430    -6045.946       56.517   492.4
78.8000       -5983.760    -6042.650       58.891   513.1
79.0000       -5982.275    -6041.876       59.601   519.2
79.2000       -5983.112    -6041.453       58.340   508.3
79.4000       -5982.395    -6041.846       59.450   517.9
79.6000       -5983.308    -6040.914       57.606   501.9
79.8000       -5984.248    -6041.523       57.276   499.0
80.0000       -5980.811    -6042.890       62.078   540.8
80.2000       -5984.289    -6043.471       59.182   515.6
80.4000       -5986.625    -6045.825       59.200   515.8
80.6000       -5986.449    -6045.513       59.064   514.6
80.8000       -5986.049    -6043.380       57.331   499.5
81.0000       -5983.192    -6042.212       59.020   514.2
81.2000       -5982.174    -6042.594       60.420   526.4
81.4000       -5983.512    -6040.864       57.352   499.7
81.6000       -5982.359    -6041.288       58.929   513.4
81.8000       -5985.223    -6041.757       56.534   492.5
82.0000       -5986.275    -6040.805       54.530   475.1
82.2000       -5986.491    -6043.991       57.500   500.9
82.4000       -5987.292    -6044.098       56.805   494.9
82.6000       -5988.642    -6046.654       58.012   505.4
82.8000       -5984.452    -6043.521       59.070   514.6
83.0000       -5981.118    -6041.259       60.141   524.0
83.2000       -5986.166    -6046.148       59.983   522.6
83.4000       -5985.855    -6044.621       58.765   512.0
83.6000       -5986.266    -6042.991       56.725   494.2
83.8000       -5991.297    -6047.244       55.947   487.4
84.0000       -5988.067    -6043.639       55.571   484.1
84.2000       -5985.569    -6041.895       56.325   490.7
84.4000       -5981.477    -6042.037       60.560   527.6
84.6000       -5980.970    -6042.444       61.474   535.6
84.8000       -5983.273    -6042.181       58.908   513.2
85.0000       -5982.920    -6042.199       59.279   516.4
85.2000       -5984.360    -6043.914       59.554   518.8
85.4000       -5989.076    -6045.859       56.783   494.7
85.6000       -5988.413    -6044.094       55.681   485.1
85.8000       -5986.702    -6044.383       57.680   502.5
86.0000       -5987.624    -6044.458       56.834   495.1
86.2000       -5985.657    -6041.530       55.873   486.8
86.4000       -5986.226    -6042.507       56.282   490.3
86.6000       -5985.849    -6042.345       56.496   492.2
86.8000       -5987.902    -6044.841       56.939   496.1
87.0000       -5986.347    -6043.350       57.003   496.6
87.2000       -5985.346    -6042.486       57.140   497.8
87.4000       -5987.777    -6045.383       57.606   501.9
87.6000       -5987.987    -6046.855       58.868   512.9
87.8000       -5988.316    -6044.784       56.468   492.0
88.0000       -5988.460    -6044.147       55.687   485.2
88.2000       -5987.929    -6045.060       57.131   497.7
88.4000       -5986.397    -6044.226       57.829   503.8
88.6000       -5989.786    -6046.478       56.691   493.9
88.8000       -5987.806    -6046.375       58.569   510.3
89.0000       -5985.354    -6042.756       57.402   500.1
89.2000       -5985.267    -6041.330       56.063   488.4
89.4000       -5986.771    -6043.033       56.262   490.2
89.6000       -5986.686    -6045.365       58.679   511.2
89.8000       -5986.229    -6043.249       57.020   496.8
90.0000       -5984.711    -6042.960       58.249   507.5
90.2000       -5986.740    -6042.818       56.078   488.6
90.4000       -5986.264    -6041.632       55.368   482.4
90.6000       -5987.075    -6044.979       57.904   504.5
90.8000       -5988.596    -6044.590       55.994   487.8
91.0000       -5986.680    -6043.850       57.169   498.1
91.2000       -5985.062    -6044.414       59.352   517.1
91.4000       -5981.437    -6040.353       58.916   513.3
91.6000       -5984.231    -6045.094       60.863   530.2
91.8000       -5986.626    -6046.056       59.430   517.8
92.0000       -5987.008    -6044.922       57.914   504.6
92.2000       -5985.731    -6042.638       56.907   495.8
92.4000       -5986.413    -6043.773       57.360   499.7
92.6000       -5984.526    -6041.565       57.039   496.9
92.8000       -5982.538    -6040.207       57.668   502.4
93.0000       -5983.233    -6042.215       58.982   513.9
93.2000       -5984.720    -6045.251       60.532   527.4
93.4000       -5983.702    -6044.357       60.655   528.4
93.6000       -5986.773    -6044.300       57.527   501.2
93.8000       -5988.797    -6045.751       56.954   496.2
94.0000       -5990.562    -6045.059       54.497   474.8
94.2000       -5989.002    -6044.382       55.380   482.5
94.4000       -5987.003    -6043.696       56.692   493.9
94.6000       -5988.670    -6045.731       57.061   497.1
94.8000       -5987.731    -6043.243       55.512   483.6
95.0000       -5987.550    -6043.845       56.295   490.4
95.2000       -5986.103    -6043.572       57.469   500.7
95.4000       -5984.652    -6043.707       59.055   514.5
95.6000       -5988.039    -6044.080       56.041   488.2
95.8000       -5987.324    -6044.008       56.684   493.8
96.0000       -5988.473    -6044.572       56.099   488.7
96.2000       -5986.528    -6041.529       55.001   479.2
96.4000       -5988.354    -6041.688       53.333   464.6
96.6000       -5985.137    -6043.849       58.712   511.5
96.8000       -5982.454    -6042.855       60.402   526.2
97.0000       -5983.688    -6042.403       58.714   511.5
97.2000       -5981.141    -6041.662       60.521   527.3
97.4000       -5984.957    -6042.296       57.339   499.5
97.6000       -5987.369    -6043.157       55.788   486.0
97.8000       -5989.923    -6043.257       53.334   464.6
98.0000       -5992.072    -6046.777       54.704   476.6
98.2000       -5992.030    -6046.852       54.822   477.6
98.4000       -5991.248    -6046.686       55.438   483.0
98.6000       -5988.995    -6043.993       54.998   479.1
98.8000       -5985.968    -6044.136       58.168   506.8
99.0000       -5985.813    -6042.490       56.677   493.8
99.2000       -5984.882    -6039.373       54.491   474.7
99.4000       -5984.769    -6044.646       59.876   521.6
99.6000       -5988.487    -6044.630       56.143   489.1
99.8000       -5988.589    -6043.570       54.981   479.0
100.0000      -5988.857    -6046.289       57.432   500.4
100.2000      -5987.564    -6044.263       56.699   494.0
100.4000      -5987.557    -6046.529       58.972   513.8
100.6000      -5985.549    -6040.358       54.810   477.5
100.8000      -5987.314    -6043.386       56.073   488.5
101.0000      -5984.705    -6041.841       57.136   497.8
101.2000      -5983.022    -6043.483       60.461   526.7
101.4000      -5986.885    -6043.662       56.777   494.6
101.6000      -5983.491    -6042.089       58.598   510.5
101.8000      -5979.967    -6039.168       59.201   515.8
102.0000      -5976.894    -6038.384       61.491   535.7
102.2000      -5978.138    -6039.896       61.758   538.0
102.4000      -5979.336    -6037.469       58.132   506.5
102.6000      -5981.028    -6039.390       58.362   508.5
102.8000      -5983.336    -6042.506       59.169   515.5
103.0000      -5986.864    -6044.248       57.383   499.9
103.2000      -5983.242    -6041.138       57.897   504.4
103.4000      -5984.913    -6043.030       58.117   506.3
103.6000      -5986.513    -6044.188       57.674   502.5
103.8000      -5985.024    -6042.357       57.333   499.5
104.0000      -5986.318    -6044.767       58.449   509.2
104.2000      -5984.977    -6042.199       57.222   498.5
104.4000      -5985.336    -6041.482       56.146   489.1
104.6000      -5989.720    -6044.956       55.236   481.2
104.8000      -5990.985    -6045.393       54.408   474.0
105.0000      -5988.323    -6044.706       56.383   491.2
105.2000      -5988.409    -6043.592       55.183   480.8
105.4000      -5988.614    -6045.528       56.914   495.8
105.6000      -5986.883    -6044.403       57.520   501.1
105.8000      -5986.045    -6043.347       57.302   499.2
106.0000      -5986.079    -6042.005       55.926   487.2
106.2000      -5985.013    -6042.383       57.370   499.8
106.4000      -5986.017    -6044.624       58.607   510.6
106.6000      -5987.585    -6045.991       58.406   508.8
106.8000      -5987.581    -6042.993       55.412   482.8
107.0000      -5986.774    -6043.029       56.255   490.1
107.2000      -5988.666    -6045.173       56.507   492.3
107.4000      -5987.447    -6043.542       56.096   488.7
107.6000      -5988.711    -6043.415       54.703   476.6
107.8000      -5986.964    -6042.159       55.195   480.9
108.0000      -5988.526    -6044.679       56.153   489.2
108.2000      -5988.673    -6043.182       54.509   474.9
108.4000      -5985.487    -6042.435       56.948   496.1
108.6000      -5988.472    -6044.995       56.523   492.4
108.8000      -5990.850    -6043.828       52.977   461.5
109.0000      -5990.013    -6044.681       54.667   476.3
109.2000      -5988.557    -6045.062       56.504   492.3
109.4000      -5985.737    -6045.819       60.082   523.4
109.6000      -5985.937    -6043.876       57.940   504.8
109.8000      -5987.262    -6042.729       55.467   483.2
110.0000      -5986.373    -6042.775       56.402   491.4
110.2000      -5987.597    -6043.607       56.010   488.0
110.4000      -5985.761    -6041.614       55.854   486.6
110.6000      -5987.997    -6042.305       54.308   473.1
110.8000      -5988.803    -6044.817       56.014   488.0
111.0000      -5985.944    -6043.162       57.218   498.5
111.2000      -5990.459    -6047.805       57.346   499.6
111.4000      -5990.139    -6046.369       56.230   489.9
111.6000      -5985.803    -6044.926       59.122   515.1
111.8000      -5982.013    -6040.545       58.532   509.9
112.0000      -5981.233    -6040.125       58.892   513.1
112.2000      -5985.236    -6042.743       57.507   501.0
112.4000      -5986.963    -6044.843       57.880   504.3
112.6000      -5987.550    -6045.548       57.998   505.3
112.8000      -5987.375    -6043.366       55.990   487.8
113.0000      -5986.791    -6044.351       57.560   501.5
113.2000      -5986.832    -6045.034       58.202   507.1
113.4000      -5984.943    -6042.517       57.574   501.6
113.6000      -5983.261    -6042.474       59.212   515.9
113.8000      -5984.888    -6039.270       54.382   473.8
114.0000      -5988.604    -6044.855       56.251   490.1
114.2000      -5990.266    -6044.272       54.006   470.5
114.4000      -5987.238    -6044.574       57.336   499.5
114.6000      -5987.702    -6045.329       57.627   502.1
114.8000      -5989.176    -6045.329       56.153   489.2
115.0000      -5990.631    -6047.145       56.514   492.4
115.2000      -5991.507    -6046.876       55.369   482.4
115.4000      -5990.649    -6046.170       55.521   483.7
115.6000      -5985.293    -6045.751       60.458   526.7
115.8000      -5983.858    -6040.875       57.018   496.7
116.0000      -5985.423    -6044.442       59.020   514.2
116.2000      -5988.724    -6044.270       55.546   483.9
116.4000      -5987.544    -6045.128       57.585   501.7
116.6000      -5986.825    -6043.646       56.820   495.0
116.8000      -5988.302    -6045.459       57.157   498.0
117.0000      -5987.993    -6043.861       55.867   486.7
117.2000      -5984.578    -6044.110       59.533   518.7
117.4000      -5983.574    -6043.121       59.547   518.8
117.6000      -5983.613    -6040.758       57.145   497.8
117.8000      -5988.057    -6043.765       55.708   485.3
118.0000      -5990.881    -6046.742       55.861   486.7
118.2000      -5985.312    -6044.111       58.799   512.3
118.4000      -5987.706    -6043.477       55.771   485.9
118.6000      -5986.202    -6043.395       57.192   498.3
118.8000      -5985.798    -6041.595       55.796   486.1
119.0000      -5982.781    -6042.462       59.681   519.9
119.2000      -5983.350    -6042.380       59.030   514.3
119.4000      -5986.158    -6043.231       57.073   497.2
119.6000      -5984.959    -6043.034       58.075   506.0
119.8000      -5986.431    -6044.240       57.809   503.6
120.0000      -5985.380    -6042.142       56.762   494.5
120.2000      -5985.668    -6044.025       58.357   508.4
120.4000      -5985.930    -6045.778       59.849   521.4
120.6000      -5984.662    -6042.634       57.972   505.1
120.8000      -5986.399    -6044.381       57.981   505.1
121.0000      -5987.634    -6045.087       57.453   500.5
121.2000      -5990.069    -6044.516       54.447   474.3
121.4000      -5990.801    -6045.932       55.130   480.3
121.6000      -5989.236    -6045.218       55.982   487.7
121.8000      -5986.144    -6043.528       57.385   499.9
122.0000      -5985.978    -6042.748       56.770   494.6
122.2000      -5988.616    -6042.831       54.215   472.3
122.4000      -5988.836    -6043.982       55.146   480.4
122.6000      -5988.071    -6043.867       55.796   486.1
122.8000      -5985.951    -6042.811       56.860   495.4
123.0000      -5985.408    -6043.086       57.678   502.5
123.2000      -5985.606    -6043.622       58.016   505.4
123.4000      -5984.570    -6040.697       56.128   489.0
123.6000      -5984.134    -6041.849       57.716   502.8
123.8000      -5984.440    -6041.396       56.957   496.2
124.0000      -5983.549    -6040.783       57.234   498.6
124.2000      -5984.876    -6044.340       59.465   518.1
124.4000      -5983.659    -6041.933       58.274   507.7
124.6000      -5984.056    -6041.925       57.869   504.2
124.8000      -5983.919    -6039.358       55.439   483.0
125.0000      -5987.900    -6044.636       56.735   494.3
125.2000      -5987.164    -6043.665       56.501   492.2
125.4000      -5988.065    -6044.708       56.643   493.5
125.6000      -5985.093    -6042.783       57.690   502.6
125.8000      -5983.374    -6043.205       59.831   521.3
126.0000      -5985.152    -6042.288       57.136   497.8
126.2000      -5988.431    -6042.509       54.078   471.1
126.4000      -5989.708    -6044.041       54.333   473.4
126.6000      -5989.701    -6047.420       57.719   502.9
126.8000      -5987.596    -6045.296       57.700   502.7
127.0000      -5989.202    -6045.424       56.223   489.8
127.2000      -5987.252    -6043.212       55.960   487.5
127.4000      -5981.726    -6041.905       60.179   524.3
127.6000      -5984.149    -6042.332       58.183   506.9
127.8000      -5985.186    -6043.846       58.660   511.1
128.0000      -5985.828    -6042.991       57.163   498.0
128.2000      -5983.706    -6041.377       57.671   502.4
128.4000      -5985.588    -6043.601       58.012   505.4
128.6000      -5983.708    -6041.386       57.677   502.5
128.8000      -5982.585    -6040.386       57.801   503.6
129.0000      -5980.085    -6038.316       58.232   507.3
129.2000      -5981.294    -6039.966       58.672   511.2
129.4000      -5981.463    -6040.993       59.530   518.6
129.6000      -5982.432    -6041.437       59.005   514.1
129.8000      -5981.829    -6039.839       58.010   505.4
130.0000      -5983.362    -6042.406       59.044   514.4
130.2000      -5985.431    -6042.906       57.475   500.7
130.4000      -5988.235    -6043.835       55.600   484.4
130.6000      -5986.133    -6043.830       57.697   502.7
130.8000      -5982.170    -6042.062       59.892   521.8
131.0000      -5980.918    -6039.884       58.966   513.7
131.2000      -5982.411    -6042.141       59.729   520.4
131.4000      -5983.900    -6041.161       57.260   498.9
131.6000      -5981.515    -6039.966       58.451   509.2
131.8000      -5982.816    -6041.275       58.459   509.3
132.0000      -5982.507    -6043.469       60.962   531.1
132.2000      -5982.929    -6041.910       58.981   513.9
132.4000      -5982.923    -6038.869       55.946   487.4
132.6000      -5981.420    -6041.219       59.799   521.0
132.8000      -5980.955    -6042.642       61.686   537.4
133.0000      -5983.593    -6042.509       58.917   513.3
133.2000      -5982.317    -6039.191       56.874   495.5
133.4000      -5984.206    -6043.605       59.399   517.5
133.6000      -5985.696    -6044.036       58.340   508.3
133.8000      -5984.252    -6042.153       57.902   504.4
134.0000      -5986.154    -6044.055       57.901   504.4
134.2000      -5987.077    -6042.974       55.896   487.0
134.4000      -5985.264    -6041.554       56.290   490.4
134.6000      -5983.589    -6041.671       58.082   506.0
134.8000      -5983.117    -6042.391       59.274   516.4
135.0000      -5986.635    -6043.704       57.069   497.2
135.2000      -5986.677    -6044.949       58.272   507.7
135.4000      -5984.163    -6042.867       58.704   511.4
135.6000      -5985.527    -6044.353       58.826   512.5
135.8000      -5987.188    -6043.634       56.446   491.8
136.0000      -5986.456    -6046.298       59.841   521.3
136.2000      -5983.999    -6040.893       56.894   495.7
136.4000      -5985.620    -6042.816       57.197   498.3
136.6000      -5985.357    -6044.988       59.631   519.5
136.8000      -5986.183    -6043.078       56.895   495.7
137.0000      -5988.620    -6046.304       57.684   502.5
137.2000      -5987.007    -6044.229       57.222   498.5
137.4000      -5986.209    -6043.268       57.059   497.1
137.6000      -5986.685    -6045.291       58.605   510.6
137.8000      -5989.401    -6045.134       55.733   485.6
138.0000      -5988.164    -6044.693       56.529   492.5
138.2000      -5986.263    -6044.263       57.999   505.3
138.4000      -5987.590    -6043.861       56.272   490.2
138.6000      -5985.056    -6041.899       56.843   495.2
138.8000      -5984.876    -6042.575       57.699   502.7
139.0000      -5983.043    -6041.034       57.991   505.2
139.2000      -5986.273    -6042.094       55.821   486.3
139.4000      -5985.308    -6042.569       57.261   498.9
139.6000      -5985.856    -6043.235       57.380   499.9
139.8000      -5985.828    -6043.932       58.103   506.2
140.0000      -5985.011    -6043.650       58.640   510.9
140.2000      -5985.654    -6041.633       55.978   487.7
140.4000      -5984.863    -6042.141       57.278   499.0
140.6000      -5989.943    -6045.125       55.182   480.8
140.8000      -5987.572    -6044.503       56.931   496.0
141.0000      -5988.334    -6045.268       56.933   496.0
141.2000      -5985.985    -6041.886       55.901   487.0
141.4000      -5984.809    -6043.688       58.879   513.0
141.6000      -5984.922    -6043.717       58.795   512.2
141.8000      -5985.209    -6042.022       56.814   495.0
142.0000      -5985.827    -6043.202       57.375   499.9
142.2000      -5984.161    -6043.246       59.085   514.8
142.4000      -5984.474    -6041.100       56.627   493.3
142.6000      -5985.592    -6044.490       58.898   513.1
142.8000      -5985.499    -6043.539       58.041   505.7
143.0000      -5985.627    -6042.810       57.183   498.2
143.2000      -5985.686    -6042.791       57.105   497.5
143.4000      -5983.281    -6042.754       59.473   518.1
143.6000      -5981.627    -6039.101       57.474   500.7
143.8000      -5984.582    -6043.485       58.904   513.2
144.0000      -5983.538    -6042.209       58.671   511.2
144.2000      -5983.702    -6041.293       57.591   501.7
144.4000      -5983.359    -6042.846       59.487   518.3
144.6000      -5986.725    -6046.132       59.407   517.6
144.8000      -5988.203    -6043.313       55.110   480.1
145.0000      -5988.718    -6045.588       56.870   495.5
145.2000      -5988.029    -6045.937       57.907   504.5
145.4000      -5986.992    -6042.904       55.912   487.1
145.6000      -5985.483    -6044.950       59.467   518.1
145.8000      -5982.783    -6045.012       62.229   542.1
146.0000      -5979.809    -6038.175       58.366   508.5
146.2000      -5982.674    -6040.042       57.368   499.8
146.4000      -5985.765    -6043.580       57.815   503.7
146.6000      -5983.943    -6041.940       57.997   505.3
146.8000      -5983.835    -6043.470       59.636   519.6
147.0000      -5983.533    -6041.723       58.190   507.0
147.2000      -5986.909    -6044.820       57.911   504.5
147.4000      -5985.330    -6042.098       56.769   494.6
147.6000      -5988.641    -6045.052       56.411   491.5
147.8000      -5988.348    -6046.150       57.802   503.6
148.0000      -5986.420    -6045.396       58.977   513.8
148.2000      -5987.367    -6040.927       53.560   466.6
148.4000      -5987.947    -6043.654       55.707   485.3
148.6000      -5987.263    -6045.327       58.064   505.9
148.8000      -5986.941    -6044.775       57.834   503.9
149.0000      -5987.949    -6045.207       57.258   498.8
149.2000      -5985.460    -6044.097       58.637   510.9
149.4000      -5986.088    -6044.859       58.772   512.0
149.6000      -5985.429    -6042.891       57.462   500.6
149.8000      -5984.892    -6041.569       56.677   493.8
150.0000      -5986.179    -6042.439       56.260   490.1
150.2000      -5988.507    -6044.819       56.313   490.6
150.4000      -5988.242    -6045.327       57.085   497.3
150.6000      -5985.417    -6043.568       58.151   506.6
150.8000      -5985.996    -6044.648       58.653   511.0
151.0000      -5987.879    -6043.562       55.682   485.1
151.2000      -5987.472    -6046.346       58.874   512.9
151.4000      -5986.480    -6041.534       55.054   479.6
151.6000      -5985.043    -6041.083       56.041   488.2
151.8000      -5982.088    -6040.649       58.562   510.2
152.0000      -5984.657    -6042.371       57.714   502.8
152.2000      -5989.751    -6044.940       55.190   480.8
152.4000      -5989.587    -6044.238       54.650   476.1
152.6000      -5983.438    -6042.279       58.841   512.6
152.8000      -5984.655    -6042.006       57.351   499.6
153.0000      -5984.909    -6042.819       57.910   504.5
153.2000      -5985.764    -6042.406       56.642   493.5
153.4000      -5989.161    -6044.352       55.191   480.8
153.6000      -5985.244    -6045.231       59.986   522.6
153.8000      -5983.620    -6041.860       58.240   507.4
154.0000      -5984.098    -6040.435       56.337   490.8
154.2000      -5988.294    -6044.661       56.367   491.1
154.4000      -5987.621    -6044.049       56.428   491.6
154.6000      -5983.380    -6043.504       60.124   523.8
154.8000      -5986.446    -6043.583       57.137   497.8
155.0000      -5984.960    -6042.804       57.843   503.9
155.2000      -5987.070    -6045.240       58.170   506.8
155.4000      -5986.062    -6044.008       57.946   504.8
155.6000      -5987.179    -6045.107       57.928   504.7
155.8000      -5987.057    -6045.410       58.353   508.4
156.0000      -5985.666    -6043.897       58.231   507.3
156.2000      -5983.579    -6040.755       57.176   498.1
156.4000      -5983.231    -6040.182       56.951   496.2
156.6000      -5984.730    -6042.017       57.287   499.1
156.8000      -5984.743    -6042.117       57.374   499.9
157.0000      -5984.696    -6042.926       58.230   507.3
157.2000      -5984.143    -6043.124       58.981   513.8
157.4000      -5982.422    -6041.177       58.755   511.9
157.6000      -5982.377    -6039.593       57.216   498.5
157.8000      -5984.653    -6041.851       57.198   498.3
158.0000      -5981.436    -6040.685       59.248   516.2
158.2000      -5985.388    -6043.118       57.729   502.9
158.4000      -5982.120    -6039.900       57.781   503.4
158.6000      -5983.273    -6042.142       58.870   512.9
158.8000      -5982.281    -6041.004       58.723   511.6
159.0000      -5983.441    -6042.594       59.153   515.3
159.2000      -5984.429    -6042.572       58.143   506.5
159.4000      -5986.384    -6044.220       57.836   503.9
159.6000      -5988.096    -6045.706       57.610   501.9
159.8000      -5989.202    -6044.175       54.973   478.9
160.0000      -5988.985    -6045.785       56.800   494.8
160.2000      -5991.248    -6045.209       53.962   470.1
160.4000      -5988.932    -6046.211       57.279   499.0
160.6000      -5987.070    -6044.710       57.640   502.2
160.8000      -5986.949    -6044.204       57.255   498.8
161.0000      -5988.324    -6043.979       55.654   484.9
161.2000      -5987.548    -6043.467       55.919   487.2
161.4000      -5986.053    -6043.681       57.628   502.1
161.6000      -5984.183    -6042.463       58.279   507.7
161.8000      -5984.599    -6043.589       58.990   513.9
162.0000      -5985.566    -6040.493       54.926   478.5
162.2000      -5984.034    -6042.365       58.331   508.2
162.4000      -5984.389    -6043.228       58.839   512.6
162.6000      -5980.502    -6040.618       60.116   523.7
162.8000      -5982.695    -6043.236       60.541   527.4
163.0000      -5987.164    -6046.578       59.414   517.6
163.2000      -5984.245    -6042.817       58.572   510.3
163.4000      -5986.469    -6041.470       55.001   479.2
163.6000      -5991.044    -6047.275       56.231   489.9
163.8000      -5990.760    -6044.181       53.421   465.4
164.0000      -5988.097    -6045.815       57.718   502.8
164.2000      -5986.284    -6043.099       56.815   495.0
164.4000      -5984.598    -6042.103       57.506   501.0
164.6000      -5986.253    -6044.398       58.145   506.6
164.8000      -5984.910    -6044.798       59.888   521.8
165.0000      -5983.913    -6041.537       57.625   502.0
165.2000      -5984.993    -6043.025       58.032   505.6
165.4000      -5985.710    -6042.822       57.113   497.6
165.6000      -5986.982    -6042.832       55.850   486.6
165.8000      -5985.856    -6041.124       55.267   481.5
166.0000      -5987.432    -6044.964       57.532   501.2
166.2000      -5986.411    -6044.086       57.675   502.5
166.4000      -5982.437    -6042.078       59.640   519.6
166.6000      -5985.846    -6043.817       57.971   505.1
166.8000      -5987.302    -6045.125       57.824   503.8
167.0000      -5984.916    -6042.607       57.691   502.6
167.2000      -5986.401    -6044.005       57.605   501.9
167.4000      -5983.919    -6042.204       58.285   507.8
167.6000      -5985.541    -6043.556       58.014   505.4
167.8000      -5983.390    -6041.221       57.830   503.8
168.0000      -5982.832    -6043.288       60.456   526.7
168.2000      -5981.461    -6041.971       60.509   527.2
168.4000      -5986.184    -6043.785       57.601   501.8
168.6000      -5983.424    -6044.484       61.061   532.0
168.8000      -5981.958    -6043.092       61.134   532.6
169.0000      -5982.885    -6042.073       59.188   515.7
169.2000      -5983.897    -6041.540       57.642   502.2
169.4000      -5987.018    -6043.092       56.074   488.5
169.6000      -5986.394    -6042.112       55.718   485.4
169.8000      -5983.546    -6041.188       57.642   502.2
170.0000      -5984.137    -6042.743       58.606   510.6
170.2000      -5983.668    -6042.209       58.542   510.0
170.4000      -5985.409    -6042.557       57.148   497.9
170.6000      -5984.090    -6042.100       58.010   505.4
170.8000      -5985.660    -6042.253       56.593   493.0
171.0000      -5987.337    -6043.543       56.206   489.7
171.2000      -5986.132    -6043.856       57.725   502.9
171.4000      -5986.862    -6042.839       55.977   487.7
171.6000      -5986.970    -6042.190       55.220   481.1
171.8000      -5987.117    -6042.475       55.358   482.3
172.0000      -5983.902    -6041.564       57.662   502.4
172.2000      -5985.461    -6041.299       55.838   486.5
172.4000      -5984.739    -6042.626       57.888   504.3
172.6000      -5989.723    -6042.488       52.765   459.7
172.8000      -5987.488    -6045.630       58.142   506.5
173.0000      -5986.919    -6043.544       56.625   493.3
173.2000      -5983.752    -6041.045       57.294   499.1
173.4000      -5984.174    -6040.768       56.594   493.1
173.6000      -5985.108    -6043.609       58.501   509.7
173.8000      -5984.575    -6043.879       59.304   516.7
174.0000      -5984.065    -6041.801       57.736   503.0
174.2000      -5987.191    -6043.522       56.332   490.8
174.4000      -5987.039    -6044.037       56.998   496.6
174.6000      -5982.503    -6043.236       60.733   529.1
174.8000      -5984.248    -6040.175       55.927   487.2
175.0000      -5984.193    -6042.094       57.901   504.4
175.2000      -5984.712    -6044.758       60.046   523.1
175.4000      -5984.988    -6041.356       56.368   491.1
175.6000      -5985.071    -6044.321       59.250   516.2
175.8000      -5982.902    -6042.619       59.717   520.3
176.0000      -5984.218    -6042.256       58.038   505.6
176.2000      -5983.505    -6041.869       58.364   508.5
176.4000      -5982.985    -6039.270       56.285   490.4
176.6000      -5983.360    -6039.432       56.072   488.5
176.8000      -5987.892    -6046.053       58.161   506.7
177.0000      -5988.068    -6044.884       56.816   495.0
177.2000      -5988.130    -6045.379       57.250   498.8
177.4000      -5987.590    -6044.363       56.773   494.6
177.6000      -5985.134    -6043.883       58.748   511.8
177.8000      -5983.949    -6040.621       56.673   493.7
178.0000      -5983.286    -6043.787       60.501   527.1
178.2000      -5984.586    -6039.218       54.631   476.0
178.4000      -5986.482    -6043.729       57.248   498.7
178.6000      -5990.714    -6047.265       56.551   492.7
178.8000      -5989.209    -6044.910       55.702   485.3
179.0000      -5989.309    -6044.382       55.073   479.8
179.2000      -5988.050    -6044.787       56.738   494.3
179.4000      -5986.714    -6041.906       55.192   480.8
179.6000      -5986.955    -6043.730       56.775   494.6
179.8000      -5984.278    -6040.629       56.352   490.9
180.0000      -5984.466    -6042.434       57.968   505.0
180.2000      -5983.926    -6042.595       58.669   511.1
180.4000      -5983.675    -6042.728       59.052   514.5
180.6000      -5985.290    -6039.595       54.305   473.1
180.8000      -5985.322    -6043.476       58.154   506.6
181.0000      -5986.731    -6045.100       58.368   508.5
181.2000      -5983.759    -6042.591       58.832   512.6
181.4000      -5986.440    -6042.536       56.096   488.7
181.6000      -5985.789    -6044.051       58.262   507.6
181.8000      -5986.657    -6044.029       57.372   499.8
182.0000      -5986.392    -6044.106       57.714   502.8
182.2000      -5987.626    -6044.575       56.949   496.1
182.4000      -5987.548    -6045.990       58.442   509.2
182.6000      -5984.584    -6041.633       57.049   497.0
182.8000      -5984.427    -6040.516       56.089   488.7
183.0000      -5984.483    -6040.633       56.150   489.2
183.2000      -5984.939    -6042.812       57.873   504.2
183.4000      -5983.810    -6042.294       58.484   509.5
183.6000      -5985.971    -6044.500       58.529   509.9
183.8000      -5984.795    -6042.251       57.456   500.6
184.0000      -5985.136    -6043.216       58.080   506.0
184.2000      -5980.771    -6040.762       59.990   522.6
184.4000      -5981.698    -6040.720       59.022   514.2
184.6000      -5982.271    -6042.418       60.147   524.0
184.8000      -5984.371    -6042.112       57.740   503.0
185.0000      -5980.235    -6040.458       60.223   524.7
185.2000      -5984.014    -6042.697       58.683   511.3
185.4000      -5983.925    -6041.621       57.696   502.7
185.6000      -5984.154    -6041.683       57.529   501.2
185.8000      -5981.642    -6040.807       59.165   515.4
186.0000      -5985.186    -6043.214       58.028   505.5
186.2000      -5985.379    -6043.514       58.135   506.5
186.4000      -5983.721    -6040.917       57.197   498.3
186.6000      -5985.458    -6043.960       58.503   509.7
186.8000      -5988.052    -6044.092       56.040   488.2
187.0000      -5987.678    -6045.611       57.934   504.7
187.2000      -5987.129    -6043.539       56.410   491.4
187.4000      -5987.832    -6044.549       56.717   494.1
187.6000      -5987.477    -6046.045       58.568   510.3
187.8000      -5986.733    -6043.362       56.629   493.4
188.0000      -5988.887    -6045.355       56.469   492.0
188.2000      -5988.545    -6044.875       56.330   490.8
188.4000      -5985.573    -6042.729       57.156   497.9
188.6000      -5983.790    -6042.647       58.858   512.8
188.8000      -5986.104    -6043.957       57.853   504.0
189.0000      -5984.815    -6043.181       58.366   508.5
189.2000      -5983.032    -6043.496       60.464   526.8
189.4000      -5985.246    -6042.400       57.155   497.9
189.6000      -5985.543    -6043.778       58.236   507.4
189.8000      -5984.099    -6042.911       58.812   512.4
190.0000      -5983.404    -6045.251       61.847   538.8
190.2000      -5982.098    -6041.136       59.037   514.3
190.4000      -5981.920    -6040.204       58.283   507.8
190.6000      -5982.124    -6040.115       57.992   505.2
190.8000      -5986.357    -6041.377       55.021   479.3
191.0000      -5985.621    -6043.646       58.026   505.5
191.2000      -5983.174    -6041.994       58.820   512.4
191.4000      -5982.284    -6040.795       58.511   509.8
191.6000      -5981.675    -6042.586       60.911   530.7
191.8000      -5985.516    -6044.207       58.691   511.3
192.0000      -5985.571    -6043.539       57.968   505.0
192.2000      -5982.657    -6042.676       60.019   522.9
192.4000      -5984.714    -6042.302       57.588   501.7
192.6000      -5981.190    -6041.017       59.827   521.2
192.8000      -5980.144    -6040.100       59.955   522.3
193.0000      -5981.701    -6039.018       57.317   499.3
193.2000      -5985.923    -6041.799       55.876   486.8
193.4000      -5984.295    -6043.598       59.303   516.7
193.6000      -5984.560    -6042.048       57.488   500.8
193.8000      -5987.013    -6043.029       56.016   488.0
194.0000      -5986.583    -6044.070       57.488   500.8
194.2000      -5986.605    -6043.105       56.500   492.2
194.4000      -5988.993    -6044.771       55.778   485.9
194.6000      -5986.689    -6042.893       56.204   489.7
194.8000      -5984.016    -6043.680       59.664   519.8
195.0000      -5984.723    -6041.885       57.162   498.0
195.2000      -5982.898    -6039.947       57.049   497.0
195.4000      -5982.900    -6040.666       57.766   503.3
195.6000      -5984.016    -6041.834       57.818   503.7
195.8000      -5981.204    -6040.712       59.509   518.4
196.0000      -5980.520    -6038.843       58.323   508.1
196.2000      -5983.138    -6041.330       58.192   507.0
196.4000      -5985.541    -6043.491       57.950   504.9
196.6000      -5982.386    -6040.563       58.178   506.9
196.8000      -5987.720    -6045.079       57.359   499.7
197.0000      -5987.313    -6043.550       56.237   489.9
197.2000      -5986.960    -6044.372       57.412   500.2
197.4000      -5988.905    -6046.317       57.412   500.2
197.6000      -5987.877    -6042.586       54.709   476.6
197.8000      -5986.446    -6043.668       57.222   498.5
198.0000      -5985.790    -6040.940       55.151   480.5
198.2000      -5987.489    -6045.029       57.540   501.3
198.4000      -5983.602    -6042.480       58.878   513.0
198.6000      -5982.920    -6041.049       58.128   506.4
198.8000      -5984.784    -6040.506       55.722   485.5
199.0000      -5985.134    -6043.520       58.385   508.7
199.2000      -5987.455    -6044.973       57.517   501.1
199.4000      -5989.568    -6045.797       56.229   489.9
199.6000      -5989.554    -6044.800       55.246   481.3
199.8000      -5986.643    -6043.085       56.442   491.7
200.0000      -5988.606    -6043.449       54.843   477.8
