Time[ps]      Etot[eV]     Epot[eV]     Ekin[eV]    T[K]
0.0000        -5956.793    -6024.388       67.596   588.9
0.2000        -5959.904    -6030.205       70.301   612.5
0.4000        -5959.545    -6030.881       71.336   621.5
0.6000        -5960.947    -6030.322       69.376   604.4
0.8000        -5961.420    -6028.979       67.559   588.6
1.0000        -5963.769    -6031.299       67.530   588.3
1.2000        -5965.892    -6032.379       66.487   579.2
1.4000        -5961.943    -6029.753       67.810   590.8
1.6000        -5964.683    -6033.693       69.010   601.2
1.8000        -5959.539    -6029.875       70.337   612.8
2.0000        -5960.146    -6028.848       68.701   598.5
2.2000        -5964.382    -6030.654       66.273   577.4
2.4000        -5965.400    -6031.366       65.966   574.7
2.6000        -5964.201    -6029.515       65.314   569.0
2.8000        -5965.167    -6034.241       69.074   601.8
3.0000        -5960.267    -6031.777       71.511   623.0
3.2000        -5962.015    -6027.603       65.588   571.4
3.4000        -5961.506    -6031.001       69.494   605.4
3.6000        -5961.852    -6029.066       67.214   585.6
3.8000        -5965.149    -6030.590       65.441   570.1
4.0000        -5962.614    -6031.646       69.032   601.4
4.2000        -5963.567    -6030.147       66.580   580.1
4.4000        -5964.103    -6032.406       68.303   595.1
4.6000        -5962.781    -6029.838       67.057   584.2
4.8000        -5958.960    -6027.481       68.521   597.0
5.0000        -5964.054    -6030.787       66.733   581.4
5.2000        -5966.331    -6032.083       65.752   572.8
5.4000        -5966.123    -6033.829       67.706   589.9
5.6000        -5964.284    -6032.065       67.782   590.5
5.8000        -5962.935    -6032.686       69.751   607.7
6.0000        -5962.313    -6030.987       68.674   598.3
6.2000        -5963.039    -6030.900       67.862   591.2
6.4000        -5960.773    -6030.443       69.671   607.0
6.6000        -5957.753    -6028.711       70.958   618.2
6.8000        -5961.902    -6032.012       70.110   610.8
7.0000        -5962.282    -6032.430       70.148   611.1
7.2000        -5959.805    -6030.530       70.726   616.2
7.4000        -5960.619    -6027.470       66.851   582.4
7.6000        -5956.374    -6026.552       70.178   611.4
7.8000        -5958.959    -6028.449       69.490   605.4
8.0000        -5961.019    -6029.396       68.378   595.7
8.2000        -5960.258    -6030.209       69.951   609.4
8.4000        -5962.089    -6031.016       68.926   600.5
8.6000        -5962.557    -6031.669       69.112   602.1
8.8000        -5961.199    -6031.452       70.253   612.1
9.0000        -5961.958    -6031.229       69.271   603.5
9.2000        -5962.766    -6033.062       70.297   612.4
9.4000        -5963.770    -6031.345       67.575   588.7
9.6000        -5961.011    -6028.664       67.653   589.4
9.8000        -5965.050    -6033.263       68.213   594.3
10.0000       -5965.428    -6033.717       68.289   594.9
10.2000       -5960.405    -6030.025       69.621   606.5
10.4000       -5960.952    -6029.217       68.265   594.7
10.6000       -5963.123    -6030.102       66.978   583.5
10.8000       -5962.646    -6027.931       65.285   568.8
11.0000       -5961.710    -6031.158       69.448   605.0
11.2000       -5964.445    -6030.531       66.086   575.7
11.4000       -5964.598    -6033.461       68.863   599.9
11.6000       -5962.947    -6030.946       67.998   592.4
11.8000       -5962.781    -6033.498       70.717   616.1
12.0000       -5963.311    -6031.566       68.255   594.6
12.2000       -5963.721    -6031.690       67.969   592.2
12.4000       -5963.735    -6029.548       65.813   573.4
12.6000       -5961.504    -6031.447       69.943   609.4
12.8000       -5962.305    -6030.706       68.401   595.9
13.0000       -5962.725    -6030.176       67.451   587.6
13.2000       -5963.636    -6030.987       67.350   586.8
13.4000       -5964.717    -6029.958       65.240   568.4
13.6000       -5963.902    -6031.227       67.325   586.5
13.8000       -5967.761    -6033.255       65.494   570.6
14.0000       -5968.099    -6033.630       65.531   570.9
14.2000       -5965.397    -6033.404       68.007   592.5
14.4000       -5963.011    -6030.282       67.270   586.1
14.6000       -5962.574    -6031.971       69.397   604.6
14.8000       -5957.990    -6026.987       68.997   601.1
15.0000       -5959.895    -6029.542       69.648   606.8
15.2000       -5957.249    -6028.450       71.201   620.3
15.4000       -5957.438    -6028.321       70.883   617.5
15.6000       -5960.266    -6028.967       68.701   598.5
15.8000       -5960.738    -6032.042       71.304   621.2
16.0000       -5960.226    -6028.700       68.474   596.6
16.2000       -5962.272    -6030.116       67.844   591.1
16.4000       -5960.216    -6030.523       70.307   612.5
16.6000       -5960.528    -6031.506       70.978   618.4
16.8000       -5963.679    -6032.853       69.174   602.6
17.0000       -5958.495    -6030.399       71.905   626.4
17.2000       -5963.140    -6031.101       67.961   592.1
17.4000       -5960.085    -6029.894       69.808   608.2
17.6000       -5959.212    -6028.457       69.245   603.3
17.8000       -5962.641    -6029.871       67.230   585.7
18.0000       -5963.190    -6031.056       67.866   591.3
18.2000       -5963.623    -6031.683       68.059   592.9
18.4000       -5963.576    -6030.936       67.360   586.8
18.6000       -5959.583    -6026.638       67.054   584.2
18.8000       -5963.199    -6031.680       68.481   596.6
19.0000       -5963.994    -6032.213       68.220   594.3
19.2000       -5957.420    -6028.601       71.181   620.1
19.4000       -5957.538    -6029.625       72.086   628.0
19.6000       -5959.927    -6030.720       70.792   616.8
19.8000       -5960.565    -6028.606       68.042   592.8
20.0000       -5960.800    -6030.942       70.142   611.1
20.2000       -5957.180    -6030.144       72.964   635.7
20.4000       -5955.770    -6028.836       73.066   636.6
20.6000       -5959.591    -6029.981       70.391   613.2
20.8000       -5960.537    -6032.000       71.463   622.6
21.0000       -5957.240    -6028.864       71.624   624.0
21.2000       -5954.343    -6028.678       74.335   647.6
21.4000       -5958.192    -6030.728       72.536   631.9
21.6000       -5960.267    -6026.950       66.683   581.0
21.8000       -5959.768    -6028.834       69.067   601.7
22.0000       -5958.683    -6028.617       69.934   609.3
22.2000       -5958.305    -6027.591       69.286   603.6
22.4000       -5957.892    -6030.644       72.752   633.8
22.6000       -5959.850    -6029.801       69.951   609.4
22.8000       -5959.338    -6032.214       72.876   634.9
23.0000       -5963.008    -6031.479       68.472   596.5
23.2000       -5959.628    -6030.068       70.440   613.7
23.4000       -5960.471    -6032.386       71.915   626.5
23.6000       -5962.517    -6031.532       69.015   601.3
23.8000       -5960.016    -6027.048       67.033   584.0
24.0000       -5963.464    -6035.425       71.961   626.9
24.2000       -5964.783    -6033.990       69.207   602.9
24.4000       -5965.927    -6034.711       68.785   599.3
24.6000       -5962.371    -6031.799       69.428   604.9
24.8000       -5964.880    -6032.031       67.151   585.0
25.0000       -5966.486    -6033.795       67.309   586.4
25.2000       -5968.939    -6034.628       65.689   572.3
25.4000       -5964.060    -6031.555       67.495   588.0
25.6000       -5964.260    -6031.097       66.836   582.3
25.8000       -5962.748    -6030.892       68.143   593.7
26.0000       -5962.493    -6030.919       68.426   596.1
26.2000       -5963.379    -6030.581       67.202   585.5
26.4000       -5960.434    -6029.855       69.422   604.8
26.6000       -5963.475    -6031.605       68.130   593.6
26.8000       -5961.683    -6031.325       69.642   606.7
27.0000       -5958.325    -6028.873       70.548   614.6
27.2000       -5959.281    -6027.464       68.183   594.0
27.4000       -5961.434    -6030.380       68.946   600.7
27.6000       -5961.839    -6031.023       69.184   602.7
27.8000       -5959.440    -6030.589       71.149   619.9
28.0000       -5962.988    -6030.514       67.525   588.3
28.2000       -5964.634    -6030.467       65.833   573.5
28.4000       -5964.439    -6032.981       68.542   597.1
28.6000       -5959.012    -6027.143       68.131   593.6
28.8000       -5957.930    -6026.918       68.988   601.0
29.0000       -5957.113    -6026.660       69.547   605.9
29.2000       -5959.028    -6030.754       71.727   624.9
29.4000       -5957.608    -6026.646       69.039   601.5
29.6000       -5961.545    -6029.666       68.121   593.5
29.8000       -5965.942    -6032.427       66.486   579.2
30.0000       -5962.594    -6031.343       68.749   598.9
30.2000       -5961.047    -6029.787       68.741   598.9
30.4000       -5960.712    -6030.354       69.642   606.7
30.6000       -5966.642    -6034.420       67.779   590.5
30.8000       -5963.702    -6031.932       68.229   594.4
31.0000       -5960.409    -6030.150       69.742   607.6
31.2000       -5964.666    -6034.657       69.990   609.8
31.4000       -5965.595    -6034.507       68.912   600.4
31.6000       -5964.751    -6032.984       68.233   594.5
31.8000       -5960.936    -6032.694       71.758   625.2
32.0000       -5959.094    -6030.608       71.514   623.0
32.2000       -5965.442    -6032.178       66.735   581.4
32.4000       -5962.168    -6030.148       67.980   592.3
32.6000       -5960.310    -6029.617       69.308   603.8
32.8000       -5961.981    -6031.690       69.709   607.3
33.0000       -5961.128    -6027.784       66.655   580.7
33.2000       -5962.023    -6030.688       68.665   598.2
33.4000       -5963.482    -6033.270       69.787   608.0
33.6000       -5962.699    -6031.788       69.089   601.9
33.8000       -5961.954    -6031.664       69.710   607.3
34.0000       -5961.804    -6032.413       70.608   615.1
34.2000       -5959.335    -6030.501       71.166   620.0
34.4000       -5961.772    -6030.410       68.638   598.0
34.6000       -5963.550    -6030.976       67.426   587.4
34.8000       -5961.410    -6030.282       68.872   600.0
35.0000       -5961.977    -6032.222       70.245   612.0
35.2000       -5963.926    -6031.987       68.061   593.0
35.4000       -5964.890    -6033.744       68.854   599.9
35.6000       -5960.940    -6028.587       67.648   589.4
35.8000       -5963.147    -6029.647       66.500   579.4
36.0000       -5959.569    -6028.216       68.647   598.1
36.2000       -5960.603    -6028.689       68.086   593.2
36.4000       -5960.670    -6029.934       69.264   603.4
36.6000       -5961.450    -6033.806       72.356   630.4
36.8000       -5960.506    -6032.375       71.869   626.1
37.0000       -5960.421    -6029.455       69.035   601.4
37.2000       -5960.392    -6032.147       71.756   625.1
37.4000       -5961.660    -6030.672       69.011   601.2
37.6000       -5959.325    -6029.397       70.072   610.5
37.8000       -5958.436    -6030.796       72.360   630.4
38.0000       -5960.102    -6030.524       70.422   613.5
38.2000       -5962.070    -6028.411       66.341   578.0
38.4000       -5958.606    -6032.503       73.897   643.8
38.6000       -5957.923    -6028.732       70.809   616.9
38.8000       -5960.784    -6029.861       69.077   601.8
39.0000       -5960.810    -6030.198       69.387   604.5
39.2000       -5963.229    -6030.884       67.655   589.4
39.4000       -5962.771    -6029.470       66.698   581.1
39.6000       -5962.102    -6030.268       68.166   593.9
39.8000       -5963.591    -6032.600       69.008   601.2
40.0000       -5965.528    -6031.841       66.314   577.7
40.2000       -5964.615    -6031.214       66.600   580.2
40.4000       -5967.096    -6033.248       66.152   576.3
40.6000       -5962.164    -6027.283       65.119   567.3
40.8000       -5959.806    -6031.108       71.302   621.2
41.0000       -5959.654    -6029.459       69.805   608.1
41.2000       -5959.402    -6031.439       72.037   627.6
41.4000       -5962.070    -6030.785       68.715   598.7
41.6000       -5963.570    -6033.795       70.225   611.8
41.8000       -5965.589    -6030.716       65.126   567.4
42.0000       -5964.124    -6034.614       70.490   614.1
42.2000       -5963.769    -6034.115       70.345   612.9
42.4000       -5959.262    -6026.963       67.701   589.8
42.6000       -5955.449    -6028.422       72.973   635.7
42.8000       -5958.306    -6028.723       70.416   613.5
43.0000       -5959.741    -6028.544       68.803   599.4
43.2000       -5960.427    -6028.646       68.220   594.3
43.4000       -5961.734    -6031.007       69.274   603.5
43.6000       -5961.865    -6030.963       69.099   602.0
43.8000       -5961.689    -6030.654       68.964   600.8
44.0000       -5957.576    -6029.326       71.750   625.1
44.2000       -5958.530    -6027.785       69.255   603.4
44.4000       -5962.814    -6031.745       68.931   600.5
44.6000       -5962.941    -6030.824       67.883   591.4
44.8000       -5964.853    -6030.517       65.664   572.1
45.0000       -5962.258    -6029.604       67.346   586.7
45.2000       -5962.591    -6029.550       66.959   583.4
45.4000       -5962.601    -6032.383       69.781   607.9
45.6000       -5963.565    -6033.584       70.020   610.0
45.8000       -5966.358    -6030.731       64.373   560.8
46.0000       -5963.254    -6032.445       69.191   602.8
46.2000       -5958.775    -6030.277       71.501   622.9
46.4000       -5963.413    -6031.115       67.702   589.8
46.6000       -5961.225    -6026.921       65.696   572.3
46.8000       -5964.158    -6031.170       67.012   583.8
47.0000       -5963.731    -6035.156       71.424   622.3
47.2000       -5960.033    -6029.138       69.104   602.0
47.4000       -5960.326    -6030.819       70.493   614.1
47.6000       -5958.600    -6028.821       70.221   611.8
47.8000       -5958.090    -6028.104       70.014   610.0
48.0000       -5959.056    -6029.475       70.419   613.5
48.2000       -5961.196    -6031.782       70.586   615.0
48.4000       -5960.868    -6030.453       69.584   606.2
48.6000       -5961.836    -6030.565       68.729   598.8
48.8000       -5959.643    -6028.779       69.136   602.3
49.0000       -5961.597    -6031.417       69.820   608.3
49.2000       -5960.280    -6031.509       71.229   620.6
49.4000       -5960.066    -6027.105       67.040   584.1
49.6000       -5957.484    -6030.688       73.203   637.8
49.8000       -5957.161    -6029.191       72.030   627.5
50.0000       -5957.667    -6029.215       71.548   623.3
50.2000       -5960.045    -6030.026       69.981   609.7
50.4000       -5959.412    -6031.622       72.209   629.1
50.6000       -5962.381    -6030.171       67.790   590.6
50.8000       -5961.684    -6031.724       70.040   610.2
51.0000       -5961.862    -6030.171       68.309   595.1
51.2000       -5959.726    -6028.941       69.215   603.0
51.4000       -5957.328    -6030.500       73.172   637.5
51.6000       -5959.486    -6029.854       70.368   613.0
51.8000       -5960.587    -6029.568       68.981   601.0
52.0000       -5956.992    -6029.576       72.584   632.4
52.2000       -5960.830    -6030.013       69.182   602.7
52.4000       -5963.604    -6031.727       68.123   593.5
52.6000       -5964.147    -6033.833       69.687   607.1
52.8000       -5961.990    -6029.090       67.100   584.6
53.0000       -5962.606    -6032.770       70.163   611.3
53.2000       -5961.806    -6032.323       70.516   614.3
53.4000       -5962.904    -6032.726       69.821   608.3
53.6000       -5960.592    -6031.804       71.212   620.4
53.8000       -5963.544    -6032.472       68.928   600.5
54.0000       -5966.189    -6033.007       66.818   582.1
54.2000       -5966.689    -6033.323       66.634   580.5
54.4000       -5962.126    -6029.114       66.988   583.6
54.6000       -5960.385    -6030.320       69.934   609.3
54.8000       -5963.611    -6031.336       67.726   590.0
55.0000       -5961.893    -6029.164       67.271   586.1
55.2000       -5962.076    -6030.898       68.822   599.6
55.4000       -5965.717    -6032.406       66.688   581.0
55.6000       -5966.069    -6031.157       65.088   567.0
55.8000       -5966.249    -6034.079       67.829   590.9
56.0000       -5964.272    -6032.673       68.401   595.9
56.2000       -5960.670    -6033.248       72.578   632.3
56.4000       -5960.898    -6032.679       71.781   625.4
56.6000       -5962.098    -6031.346       69.248   603.3
56.8000       -5966.242    -6034.770       68.528   597.0
57.0000       -5962.107    -6031.106       68.999   601.1
57.2000       -5960.060    -6028.167       68.106   593.4
57.4000       -5960.541    -6028.905       68.365   595.6
57.6000       -5962.134    -6028.599       66.465   579.1
57.8000       -5963.955    -6032.441       68.486   596.7
58.0000       -5963.873    -6030.244       66.371   578.2
58.2000       -5963.684    -6031.151       67.467   587.8
58.4000       -5963.626    -6031.924       68.298   595.0
58.6000       -5963.849    -6031.300       67.451   587.6
58.8000       -5962.257    -6031.104       68.848   599.8
59.0000       -5961.378    -6031.710       70.333   612.7
59.2000       -5959.647    -6029.002       69.355   604.2
59.4000       -5963.348    -6032.868       69.520   605.7
59.6000       -5961.077    -6029.584       68.507   596.8
59.8000       -5965.184    -6033.906       68.722   598.7
60.0000       -5965.546    -6033.550       68.004   592.5
60.2000       -5963.131    -6033.205       70.074   610.5
60.4000       -5960.791    -6031.718       70.927   617.9
60.6000       -5959.595    -6030.203       70.608   615.1
60.8000       -5958.590    -6028.885       70.295   612.4
61.0000       -5961.206    -6030.029       68.823   599.6
61.2000       -5963.198    -6030.349       67.150   585.0
61.4000       -5964.739    -6030.473       65.734   572.7
61.6000       -5964.607    -6033.826       69.218   603.0
61.8000       -5959.761    -6030.597       70.836   617.1
62.0000       -5964.796    -6031.990       67.194   585.4
62.2000       -5963.092    -6031.775       68.683   598.4
62.4000       -5964.760    -6031.159       66.399   578.5
62.6000       -5963.044    -6031.851       68.807   599.5
62.8000       -5960.045    -6030.155       70.110   610.8
63.0000       -5963.459    -6032.873       69.414   604.7
63.2000       -5960.386    -6029.250       68.863   599.9
63.4000       -5963.190    -6030.455       67.265   586.0
63.6000       -5959.887    -6031.529       71.643   624.2
63.8000       -5959.800    -6029.845       70.045   610.2
64.0000       -5957.357    -6028.068       70.711   616.0
64.2000       -5960.531    -6030.931       70.400   613.3
64.4000       -5958.733    -6030.910       72.177   628.8
64.6000       -5956.910    -6027.419       70.509   614.3
64.8000       -5961.298    -6031.089       69.791   608.0
65.0000       -5960.451    -6030.685       70.233   611.9
65.2000       -5957.061    -6029.349       72.288   629.8
65.4000       -5956.077    -6026.592       70.515   614.3
65.6000       -5957.284    -6026.899       69.615   606.5
65.8000       -5956.519    -6029.098       72.579   632.3
66.0000       -5958.899    -6027.684       68.784   599.3
66.2000       -5959.019    -6030.100       71.081   619.3
66.4000       -5959.785    -6029.652       69.867   608.7
66.6000       -5960.174    -6031.648       71.475   622.7
66.8000       -5962.615    -6032.895       70.280   612.3
67.0000       -5960.299    -6029.322       69.023   601.3
67.2000       -5961.175    -6031.289       70.114   610.8
67.4000       -5961.895    -6029.180       67.285   586.2
67.6000       -5963.111    -6031.696       68.585   597.5
67.8000       -5961.326    -6029.098       67.772   590.4
68.0000       -5965.068    -6033.898       68.831   599.7
68.2000       -5963.097    -6030.577       67.480   587.9
68.4000       -5965.906    -6032.106       66.200   576.7
68.6000       -5965.150    -6031.356       66.206   576.8
68.8000       -5963.739    -6032.100       68.361   595.6
69.0000       -5962.781    -6032.160       69.379   604.4
69.2000       -5961.773    -6031.892       70.119   610.9
69.4000       -5961.468    -6032.284       70.816   617.0
69.6000       -5958.986    -6029.732       70.746   616.3
69.8000       -5962.206    -6032.942       70.737   616.3
70.0000       -5964.320    -6031.369       67.049   584.1
70.2000       -5963.816    -6031.226       67.410   587.3
70.4000       -5959.357    -6028.811       69.454   605.1
70.6000       -5960.220    -6029.224       69.003   601.2
70.8000       -5964.145    -6029.907       65.762   572.9
71.0000       -5964.770    -6033.271       68.501   596.8
71.2000       -5966.489    -6032.861       66.371   578.2
71.4000       -5966.097    -6033.103       67.005   583.8
71.6000       -5963.850    -6033.647       69.797   608.1
71.8000       -5957.558    -6029.134       71.576   623.6
72.0000       -5960.048    -6031.549       71.501   622.9
72.2000       -5961.696    -6031.209       69.513   605.6
72.4000       -5965.248    -6032.530       67.282   586.2
72.6000       -5965.303    -6034.210       68.907   600.3
72.8000       -5963.784    -6028.559       64.775   564.3
73.0000       -5965.813    -6029.958       64.144   558.8
73.2000       -5961.000    -6030.094       69.095   602.0
73.4000       -5961.910    -6029.036       67.126   584.8
73.6000       -5961.813    -6029.994       68.181   594.0
73.8000       -5959.183    -6029.272       70.090   610.6
74.0000       -5962.351    -6028.859       66.508   579.4
74.2000       -5962.289    -6029.249       66.960   583.4
74.4000       -5962.031    -6032.360       70.328   612.7
74.6000       -5964.692    -6031.681       66.989   583.6
74.8000       -5961.667    -6029.535       67.868   591.3
75.0000       -5960.173    -6030.834       70.662   615.6
75.2000       -5958.323    -6031.064       72.741   633.7
75.4000       -5959.380    -6027.115       67.736   590.1
75.6000       -5959.389    -6031.585       72.196   629.0
75.8000       -5961.113    -6030.661       69.548   605.9
76.0000       -5966.500    -6034.167       67.667   589.5
76.2000       -5966.943    -6032.878       65.935   574.4
76.4000       -5963.383    -6028.819       65.437   570.1
76.6000       -5963.251    -6030.983       67.733   590.1
76.8000       -5962.054    -6030.764       68.710   598.6
77.0000       -5963.800    -6031.908       68.108   593.4
77.2000       -5961.785    -6027.886       66.102   575.9
77.4000       -5961.964    -6030.542       68.579   597.5
77.6000       -5961.268    -6031.560       70.292   612.4
77.8000       -5960.389    -6030.109       69.720   607.4
78.0000       -5958.661    -6028.406       69.745   607.6
78.2000       -5960.527    -6030.982       70.456   613.8
78.4000       -5959.516    -6030.214       70.698   615.9
78.6000       -5963.062    -6031.913       68.852   599.8
78.8000       -5964.993    -6033.062       68.070   593.0
79.0000       -5960.435    -6029.243       68.808   599.5
79.2000       -5959.579    -6029.360       69.781   607.9
79.4000       -5964.324    -6033.970       69.646   606.8
79.6000       -5964.515    -6034.704       70.189   611.5
79.8000       -5963.065    -6029.454       66.389   578.4
80.0000       -5964.414    -6033.114       68.700   598.5
80.2000       -5963.614    -6031.547       67.933   591.8
80.4000       -5961.759    -6031.366       69.606   606.4
80.6000       -5963.878    -6033.303       69.425   604.8
80.8000       -5964.722    -6032.260       67.538   588.4
81.0000       -5965.909    -6031.872       65.963   574.7
81.2000       -5965.188    -6033.089       67.900   591.6
81.4000       -5959.530    -6028.945       69.416   604.8
81.6000       -5958.730    -6026.947       68.217   594.3
81.8000       -5961.286    -6033.333       72.047   627.7
82.0000       -5959.282    -6027.676       68.394   595.9
82.2000       -5959.862    -6028.888       69.025   601.4
82.4000       -5964.977    -6033.697       68.720   598.7
82.6000       -5960.231    -6031.223       70.992   618.5
82.8000       -5959.078    -6029.382       70.304   612.5
83.0000       -5962.514    -6030.766       68.252   594.6
83.2000       -5963.890    -6032.554       68.664   598.2
83.4000       -5963.100    -6030.657       67.558   588.6
83.6000       -5962.248    -6029.640       67.392   587.1
83.8000       -5963.006    -6029.856       66.850   582.4
84.0000       -5963.128    -6033.547       70.419   613.5
84.2000       -5963.316    -6031.715       68.399   595.9
84.4000       -5964.529    -6032.495       67.966   592.1
84.6000       -5964.595    -6031.809       67.213   585.6
84.8000       -5964.317    -6034.145       69.828   608.3
85.0000       -5962.123    -6028.978       66.855   582.4
85.2000       -5960.759    -6029.084       68.325   595.3
85.4000       -5961.288    -6029.949       68.661   598.2
85.6000       -5962.122    -6030.585       68.463   596.5
85.8000       -5959.051    -6028.576       69.525   605.7
86.0000       -5959.266    -6028.747       69.480   605.3
86.2000       -5963.284    -6031.824       68.540   597.1
86.4000       -5965.839    -6035.031       69.192   602.8
86.6000       -5962.417    -6033.564       71.148   619.8
86.8000       -5963.999    -6031.621       67.621   589.1
87.0000       -5963.762    -6033.161       69.399   604.6
87.2000       -5958.995    -6030.451       71.456   622.5
87.4000       -5960.985    -6030.837       69.852   608.6
87.6000       -5963.711    -6030.257       66.546   579.8
87.8000       -5959.286    -6029.407       70.121   610.9
88.0000       -5960.124    -6032.789       72.665   633.1
88.2000       -5958.775    -6029.833       71.058   619.1
88.4000       -5957.285    -6028.263       70.978   618.4
88.6000       -5960.822    -6031.238       70.416   613.5
88.8000       -5961.163    -6031.575       70.412   613.4
89.0000       -5964.678    -6033.115       68.437   596.2
89.2000       -5962.542    -6032.313       69.772   607.9
89.4000       -5963.668    -6032.145       68.476   596.6
89.6000       -5966.713    -6033.289       66.576   580.0
89.8000       -5964.926    -6032.934       68.008   592.5
90.0000       -5966.453    -6032.081       65.628   571.8
90.2000       -5963.626    -6030.733       67.107   584.6
90.4000       -5960.854    -6030.983       70.130   611.0
90.6000       -5961.466    -6030.210       68.744   598.9
90.8000       -5958.683    -6030.371       71.688   624.6
91.0000       -5961.797    -6031.264       69.467   605.2
91.2000       -5961.326    -6031.844       70.518   614.4
91.4000       -5960.992    -6032.694       71.702   624.7
91.6000       -5962.617    -6030.567       67.950   592.0
91.8000       -5962.588    -6031.587       68.999   601.1
92.0000       -5963.386    -6030.914       67.528   588.3
92.2000       -5960.806    -6031.923       71.117   619.6
92.4000       -5957.872    -6029.685       71.812   625.6
92.6000       -5957.031    -6030.267       73.236   638.0
92.8000       -5957.561    -6030.396       72.835   634.6
93.0000       -5959.152    -6029.429       70.276   612.3
93.2000       -5960.650    -6031.922       71.272   620.9
93.4000       -5960.053    -6030.636       70.583   614.9
93.6000       -5958.919    -6030.219       71.300   621.2
93.8000       -5960.660    -6028.051       67.391   587.1
94.0000       -5964.252    -6031.781       67.529   588.3
94.2000       -5962.838    -6032.528       69.691   607.2
94.4000       -5963.074    -6031.902       68.828   599.6
94.6000       -5960.058    -6028.784       68.726   598.8
94.8000       -5961.661    -6029.492       67.831   591.0
95.0000       -5963.330    -6031.161       67.831   591.0
95.2000       -5964.470    -6031.471       67.001   583.7
95.4000       -5962.845    -6031.901       69.056   601.6
95.6000       -5963.298    -6032.987       69.689   607.1
95.8000       -5961.321    -6029.871       68.551   597.2
96.0000       -5958.303    -6026.222       67.919   591.7
96.2000       -5958.702    -6029.406       70.705   616.0
96.4000       -5957.059    -6025.313       68.255   594.6
96.6000       -5955.777    -6028.535       72.758   633.9
96.8000       -5960.795    -6031.131       70.335   612.8
97.0000       -5963.112    -6029.848       66.736   581.4
97.2000       -5963.562    -6029.249       65.687   572.3
97.4000       -5962.315    -6029.774       67.459   587.7
97.6000       -5959.187    -6026.945       67.758   590.3
97.8000       -5961.510    -6031.229       69.719   607.4
98.0000       -5959.000    -6028.741       69.741   607.6
98.2000       -5963.835    -6029.991       66.156   576.4
98.4000       -5963.551    -6030.957       67.406   587.2
98.6000       -5963.542    -6033.470       69.928   609.2
98.8000       -5961.861    -6029.000       67.139   584.9
99.0000       -5961.920    -6030.125       68.205   594.2
99.2000       -5961.184    -6029.124       67.940   591.9
99.4000       -5962.769    -6030.440       67.671   589.6
99.6000       -5964.952    -6033.662       68.709   598.6
99.8000       -5962.323    -6029.552       67.229   585.7
100.0000      -5967.036    -6032.414       65.378   569.6
100.2000      -5968.156    -6033.388       65.232   568.3
100.4000      -5966.830    -6031.816       64.986   566.2
100.6000      -5964.989    -6032.320       67.331   586.6
100.8000      -5967.111    -6033.543       66.432   578.8
101.0000      -5965.349    -6030.195       64.847   565.0
101.2000      -5964.610    -6032.912       68.303   595.1
101.4000      -5964.971    -6032.157       67.186   585.3
101.6000      -5961.275    -6029.806       68.530   597.0
101.8000      -5958.997    -6026.821       67.824   590.9
102.0000      -5962.069    -6029.254       67.186   585.3
102.2000      -5962.232    -6031.496       69.264   603.4
102.4000      -5962.127    -6033.343       71.216   620.4
102.6000      -5960.492    -6030.760       70.268   612.2
102.8000      -5962.712    -6032.394       69.682   607.1
103.0000      -5963.805    -6033.099       69.294   603.7
103.2000      -5961.773    -6031.198       69.425   604.8
103.4000      -5963.671    -6031.939       68.268   594.8
103.6000      -5964.145    -6034.084       69.939   609.3
103.8000      -5965.288    -6033.979       68.691   598.4
104.0000      -5963.099    -6030.250       67.151   585.0
104.2000      -5963.123    -6031.766       68.642   598.0
104.4000      -5963.767    -6031.648       67.882   591.4
104.6000      -5963.092    -6031.245       68.153   593.8
104.8000      -5960.673    -6030.064       69.391   604.5
105.0000      -5960.945    -6029.096       68.151   593.7
105.2000      -5962.238    -6030.036       67.798   590.7
105.4000      -5963.110    -6031.479       68.369   595.6
105.6000      -5959.770    -6029.475       69.705   607.3
105.8000      -5962.005    -6029.609       67.605   589.0
106.0000      -5961.167    -6031.970       70.803   616.8
106.2000      -5960.538    -6031.530       70.992   618.5
106.4000      -5962.457    -6031.785       69.327   604.0
106.6000      -5960.843    -6030.860       70.017   610.0
106.8000      -5963.324    -6030.718       67.394   587.1
107.0000      -5960.972    -6031.276       70.304   612.5
107.2000      -5960.359    -6029.899       69.540   605.8
107.4000      -5961.727    -6032.296       70.569   614.8
107.6000      -5963.098    -6031.054       67.956   592.0
107.8000      -5966.898    -6034.479       67.581   588.8
108.0000      -5965.822    -6032.509       66.687   581.0
108.2000      -5961.442    -6030.337       68.895   600.2
108.4000      -5965.781    -6032.850       67.068   584.3
108.6000      -5964.559    -6033.000       68.441   596.3
108.8000      -5964.117    -6030.131       66.014   575.1
109.0000      -5962.481    -6031.816       69.335   604.1
109.2000      -5961.158    -6029.566       68.408   596.0
109.4000      -5961.055    -6030.971       69.916   609.1
109.6000      -5958.638    -6031.332       72.694   633.3
109.8000      -5964.502    -6032.570       68.068   593.0
110.0000      -5961.681    -6033.057       71.375   621.8
110.2000      -5959.377    -6030.084       70.707   616.0
110.4000      -5959.500    -6029.087       69.587   606.3
110.6000      -5961.180    -6030.553       69.373   604.4
110.8000      -5959.141    -6027.268       68.126   593.5
111.0000      -5960.230    -6030.259       70.029   610.1
111.2000      -5958.115    -6030.416       72.301   629.9
111.4000      -5958.780    -6028.055       69.275   603.5
111.6000      -5962.682    -6031.043       68.361   595.6
111.8000      -5966.557    -6032.839       66.282   577.5
112.0000      -5962.271    -6029.465       67.194   585.4
112.2000      -5966.442    -6033.107       66.665   580.8
112.4000      -5964.428    -6032.925       68.497   596.7
112.6000      -5961.848    -6030.719       68.870   600.0
112.8000      -5957.934    -6031.423       73.488   640.2
113.0000      -5957.997    -6027.585       69.588   606.3
113.2000      -5954.781    -6024.917       70.136   611.0
113.4000      -5955.635    -6026.270       70.635   615.4
113.6000      -5956.218    -6028.342       72.125   628.4
113.8000      -5958.895    -6026.861       67.965   592.1
114.0000      -5960.768    -6028.234       67.466   587.8
114.2000      -5960.161    -6027.479       67.318   586.5
114.4000      -5956.518    -6028.884       72.365   630.5
114.6000      -5957.555    -6026.798       69.243   603.2
114.8000      -5955.665    -6029.025       73.360   639.1
115.0000      -5958.347    -6027.696       69.349   604.2
115.2000      -5965.277    -6033.274       67.998   592.4
115.4000      -5962.967    -6030.582       67.615   589.1
115.6000      -5964.023    -6032.178       68.155   593.8
115.8000      -5963.757    -6030.354       66.596   580.2
116.0000      -5963.932    -6031.559       67.626   589.2
116.2000      -5962.048    -6031.819       69.771   607.8
116.4000      -5964.345    -6031.459       67.114   584.7
116.6000      -5968.954    -6038.161       69.207   602.9
116.8000      -5965.869    -6031.506       65.637   571.8
117.0000      -5961.009    -6029.540       68.531   597.1
117.2000      -5961.150    -6030.425       69.276   603.5
117.4000      -5960.587    -6031.035       70.448   613.7
117.6000      -5958.315    -6027.677       69.361   604.3
117.8000      -5962.458    -6030.440       67.983   592.3
118.0000      -5966.483    -6031.351       64.868   565.1
118.2000      -5968.102    -6032.598       64.496   561.9
118.4000      -5964.662    -6032.653       67.991   592.3
118.6000      -5966.968    -6031.987       65.019   566.5
118.8000      -5969.056    -6032.934       63.877   556.5
119.0000      -5967.161    -6034.265       67.104   584.6
119.2000      -5961.960    -6029.259       67.299   586.3
119.4000      -5960.366    -6027.319       66.954   583.3
119.6000      -5963.657    -6031.338       67.681   589.6
119.8000      -5963.099    -6029.485       66.387   578.4
120.0000      -5964.064    -6030.976       66.912   582.9
120.2000      -5963.051    -6029.922       66.871   582.6
120.4000      -5964.954    -6030.145       65.191   568.0
120.6000      -5965.111    -6030.128       65.017   566.4
120.8000      -5961.648    -6030.923       69.276   603.5
121.0000      -5964.149    -6032.069       67.920   591.7
121.2000      -5960.953    -6028.931       67.978   592.2
121.4000      -5964.992    -6031.977       66.985   583.6
121.6000      -5960.347    -6030.005       69.659   606.9
121.8000      -5960.021    -6029.500       69.478   605.3
122.0000      -5962.719    -6032.440       69.721   607.4
122.2000      -5962.515    -6030.977       68.462   596.4
122.4000      -5963.043    -6028.902       65.859   573.8
122.6000      -5962.902    -6030.132       67.230   585.7
122.8000      -5967.607    -6034.099       66.491   579.3
123.0000      -5964.750    -6033.843       69.092   601.9
123.2000      -5962.723    -6032.301       69.578   606.2
123.4000      -5964.978    -6033.241       68.263   594.7
123.6000      -5962.653    -6032.338       69.685   607.1
123.8000      -5962.899    -6033.406       70.507   614.3
124.0000      -5963.545    -6031.701       68.156   593.8
124.2000      -5962.157    -6030.043       67.886   591.4
124.4000      -5963.760    -6031.607       67.848   591.1
124.6000      -5964.620    -6034.267       69.647   606.8
124.8000      -5964.236    -6033.731       69.495   605.4
125.0000      -5964.716    -6032.001       67.285   586.2
125.2000      -5964.627    -6034.435       69.808   608.2
125.4000      -5962.741    -6031.387       68.646   598.1
125.6000      -5964.819    -6031.501       66.682   580.9
125.8000      -5964.505    -6031.473       66.968   583.4
126.0000      -5962.294    -6032.337       70.043   610.2
126.2000      -5962.318    -6030.769       68.450   596.3
126.4000      -5959.530    -6031.050       71.520   623.1
126.6000      -5962.096    -6031.116       69.020   601.3
126.8000      -5962.473    -6029.239       66.766   581.7
127.0000      -5962.243    -6032.951       70.708   616.0
127.2000      -5960.449    -6031.495       71.046   619.0
127.4000      -5966.154    -6032.128       65.975   574.8
127.6000      -5969.619    -6031.028       61.409   535.0
127.8000      -5968.235    -6033.431       65.195   568.0
128.0000      -5965.276    -6031.983       66.707   581.2
128.2000      -5963.467    -6033.602       70.135   611.0
128.4000      -5961.189    -6028.868       67.679   589.6
128.6000      -5965.543    -6031.378       65.835   573.6
128.8000      -5964.537    -6034.071       69.534   605.8
129.0000      -5962.759    -6029.951       67.192   585.4
129.2000      -5960.441    -6032.739       72.298   629.9
129.4000      -5960.957    -6029.116       68.159   593.8
129.6000      -5959.175    -6030.271       71.096   619.4
129.8000      -5962.444    -6032.923       70.479   614.0
130.0000      -5958.823    -6030.797       71.974   627.0
130.2000      -5960.958    -6029.188       68.230   594.4
130.4000      -5961.892    -6028.949       67.057   584.2
130.6000      -5964.086    -6030.430       66.344   578.0
130.8000      -5963.242    -6031.280       68.039   592.8
131.0000      -5963.087    -6031.517       68.429   596.2
131.2000      -5965.863    -6032.651       66.788   581.9
131.4000      -5966.532    -6031.886       65.354   569.4
131.6000      -5967.125    -6033.962       66.837   582.3
131.8000      -5966.078    -6033.437       67.359   586.8
132.0000      -5964.049    -6034.488       70.439   613.7
132.2000      -5964.771    -6031.927       67.156   585.1
132.4000      -5966.630    -6032.885       66.255   577.2
132.6000      -5963.374    -6031.315       67.942   591.9
132.8000      -5964.354    -6030.704       66.350   578.1
133.0000      -5966.189    -6032.534       66.345   578.0
133.2000      -5964.517    -6032.835       68.318   595.2
133.4000      -5963.485    -6033.714       70.230   611.8
133.6000      -5964.480    -6032.344       67.864   591.2
133.8000      -5961.806    -6028.529       66.723   581.3
134.0000      -5959.831    -6028.441       68.610   597.7
134.2000      -5959.219    -6028.812       69.592   606.3
134.4000      -5960.291    -6031.849       71.557   623.4
134.6000      -5959.104    -6028.011       68.908   600.3
134.8000      -5961.646    -6031.084       69.438   604.9
135.0000      -5961.052    -6030.955       69.903   609.0
135.2000      -5962.378    -6030.682       68.304   595.1
135.4000      -5964.374    -6031.566       67.192   585.4
135.6000      -5964.025    -6031.271       67.245   585.8
135.8000      -5962.679    -6032.612       69.933   609.3
136.0000      -5963.125    -6031.136       68.011   592.5
136.2000      -5962.170    -6032.163       69.993   609.8
136.4000      -5961.488    -6030.733       69.245   603.3
136.6000      -5961.205    -6030.028       68.823   599.6
136.8000      -5962.990    -6030.503       67.513   588.2
137.0000      -5965.988    -6032.791       66.802   582.0
137.2000      -5966.320    -6033.625       67.305   586.4
137.4000      -5963.975    -6033.662       69.687   607.1
137.6000      -5961.362    -6031.471       70.109   610.8
137.8000      -5961.123    -6029.342       68.220   594.3
138.0000      -5956.959    -6026.083       69.123   602.2
138.2000      -5954.899    -6025.723       70.824   617.0
138.4000      -5958.740    -6026.996       68.256   594.7
138.6000      -5963.835    -6031.914       68.079   593.1
138.8000      -5961.032    -6028.657       67.625   589.2
139.0000      -5960.439    -6027.119       66.680   580.9
139.2000      -5960.689    -6030.659       69.970   609.6
139.4000      -5962.441    -6030.213       67.771   590.4
139.6000      -5961.875    -6031.166       69.291   603.7
139.8000      -5964.547    -6033.910       69.364   604.3
140.0000      -5963.343    -6033.010       69.667   606.9
140.2000      -5963.892    -6031.424       67.532   588.3
140.4000      -5963.959    -6032.422       68.463   596.5
140.6000      -5964.165    -6031.453       67.288   586.2
140.8000      -5964.651    -6032.070       67.419   587.4
141.0000      -5962.190    -6033.348       71.158   619.9
141.2000      -5958.647    -6029.063       70.417   613.5
141.4000      -5959.290    -6031.137       71.847   625.9
141.6000      -5961.845    -6030.354       68.510   596.9
141.8000      -5964.563    -6031.571       67.009   583.8
142.0000      -5966.899    -6032.190       65.291   568.8
142.2000      -5963.402    -6030.757       67.355   586.8
142.4000      -5962.175    -6032.276       70.101   610.7
142.6000      -5963.398    -6034.385       70.986   618.4
142.8000      -5960.353    -6030.151       69.799   608.1
143.0000      -5962.963    -6031.237       68.275   594.8
143.2000      -5967.811    -6034.569       66.758   581.6
143.4000      -5967.639    -6032.800       65.160   567.7
143.6000      -5963.902    -6033.555       69.653   606.8
143.8000      -5961.213    -6030.701       69.488   605.4
144.0000      -5962.891    -6032.645       69.754   607.7
144.2000      -5963.245    -6033.261       70.015   610.0
144.4000      -5960.739    -6028.247       67.508   588.1
144.6000      -5960.340    -6030.274       69.934   609.3
144.8000      -5962.501    -6032.675       70.174   611.4
145.0000      -5960.304    -6029.767       69.463   605.2
145.2000      -5961.805    -6029.498       67.693   589.7
145.4000      -5961.088    -6033.297       72.209   629.1
145.6000      -5963.561    -6032.966       69.405   604.7
145.8000      -5964.010    -6031.184       67.173   585.2
146.0000      -5965.399    -6032.085       66.686   581.0
146.2000      -5962.180    -6029.964       67.784   590.5
146.4000      -5963.694    -6032.797       69.103   602.0
146.6000      -5963.584    -6032.388       68.804   599.4
146.8000      -5963.367    -6033.368       70.001   609.9
147.0000      -5962.997    -6033.725       70.728   616.2
147.2000      -5961.303    -6028.306       67.002   583.7
147.4000      -5962.421    -6030.824       68.403   595.9
147.6000      -5962.326    -6032.354       70.028   610.1
147.8000      -5963.637    -6031.352       67.715   589.9
148.0000      -5963.297    -6032.138       68.841   599.8
148.2000      -5959.832    -6030.670       70.838   617.2
148.4000      -5960.986    -6029.600       68.614   597.8
148.6000      -5963.418    -6032.792       69.374   604.4
148.8000      -5964.086    -6030.772       66.687   581.0
149.0000      -5961.986    -6031.808       69.822   608.3
149.2000      -5960.930    -6032.488       71.558   623.4
149.4000      -5960.589    -6029.372       68.782   599.2
149.6000      -5962.740    -6032.184       69.444   605.0
149.8000      -5962.001    -6030.169       68.169   593.9
150.0000      -5959.158    -6028.800       69.642   606.7
150.2000      -5960.260    -6029.545       69.285   603.6
150.4000      -5959.449    -6029.022       69.573   606.1
150.6000      -5960.013    -6028.393       68.379   595.7
150.8000      -5961.717    -6029.593       67.877   591.3
151.0000      -5959.939    -6031.313       71.374   621.8
151.2000      -5959.821    -6029.944       70.123   610.9
151.4000      -5962.442    -6031.784       69.342   604.1
151.6000      -5966.007    -6032.975       66.968   583.4
151.8000      -5962.951    -6031.306       68.355   595.5
152.0000      -5961.819    -6027.183       65.363   569.5
152.2000      -5962.403    -6031.893       69.489   605.4
152.4000      -5963.812    -6030.768       66.956   583.3
152.6000      -5961.365    -6030.208       68.842   599.8
152.8000      -5958.234    -6031.113       72.879   634.9
153.0000      -5963.847    -6033.059       69.212   603.0
153.2000      -5963.210    -6031.169       67.959   592.1
153.4000      -5959.670    -6026.899       67.229   585.7
153.6000      -5960.270    -6031.039       70.769   616.5
153.8000      -5958.765    -6029.246       70.481   614.0
154.0000      -5959.004    -6031.512       72.508   631.7
154.2000      -5961.160    -6030.077       68.916   600.4
154.4000      -5962.062    -6030.597       68.535   597.1
154.6000      -5961.264    -6030.106       68.842   599.8
154.8000      -5962.321    -6030.099       67.778   590.5
155.0000      -5964.585    -6031.813       67.228   585.7
155.2000      -5960.993    -6028.997       68.003   592.5
155.4000      -5960.540    -6027.664       67.124   584.8
155.6000      -5961.868    -6029.841       67.974   592.2
155.8000      -5964.647    -6032.021       67.374   587.0
156.0000      -5962.808    -6032.253       69.445   605.0
156.2000      -5963.705    -6031.181       67.476   587.9
156.4000      -5963.196    -6032.073       68.878   600.1
156.6000      -5962.272    -6030.740       68.468   596.5
156.8000      -5964.105    -6032.269       68.164   593.8
157.0000      -5965.469    -6030.939       65.471   570.4
157.2000      -5963.886    -6034.265       70.379   613.1
157.4000      -5964.059    -6032.054       67.995   592.4
157.6000      -5962.181    -6031.857       69.676   607.0
157.8000      -5959.293    -6029.117       69.824   608.3
158.0000      -5961.044    -6031.096       70.052   610.3
158.2000      -5958.888    -6030.659       71.771   625.3
158.4000      -5961.770    -6032.110       70.340   612.8
158.6000      -5962.541    -6028.432       65.891   574.1
158.8000      -5964.355    -6031.970       67.615   589.1
159.0000      -5961.910    -6029.814       67.904   591.6
159.2000      -5960.671    -6033.038       72.367   630.5
159.4000      -5961.025    -6029.885       68.860   599.9
159.6000      -5963.334    -6032.281       68.947   600.7
159.8000      -5964.145    -6032.379       68.234   594.5
160.0000      -5966.602    -6032.079       65.477   570.4
160.2000      -5961.170    -6030.045       68.875   600.0
160.4000      -5960.564    -6027.970       67.405   587.2
160.6000      -5958.540    -6028.335       69.795   608.1
160.8000      -5958.245    -6028.000       69.754   607.7
161.0000      -5961.033    -6028.911       67.878   591.4
161.2000      -5960.347    -6029.215       68.868   600.0
161.4000      -5957.509    -6028.731       71.222   620.5
161.6000      -5958.694    -6029.829       71.135   619.7
161.8000      -5959.262    -6029.833       70.571   614.8
162.0000      -5958.879    -6027.020       68.141   593.7
162.2000      -5959.103    -6026.625       67.522   588.3
162.4000      -5959.660    -6029.909       70.249   612.0
162.6000      -5958.979    -6027.885       68.905   600.3
162.8000      -5960.329    -6029.026       68.697   598.5
163.0000      -5963.695    -6033.997       70.302   612.5
163.2000      -5963.346    -6030.200       66.854   582.4
163.4000      -5965.307    -6033.561       68.254   594.6
163.6000      -5966.979    -6032.354       65.376   569.6
163.8000      -5966.086    -6033.003       66.917   583.0
164.0000      -5964.254    -6030.927       66.673   580.9
164.2000      -5962.778    -6030.538       67.760   590.3
164.4000      -5959.332    -6031.000       71.668   624.4
164.6000      -5957.824    -6026.627       68.803   599.4
164.8000      -5958.089    -6027.777       69.688   607.1
165.0000      -5963.796    -6030.007       66.211   576.8
165.2000      -5964.815    -6031.613       66.798   581.9
165.4000      -5962.195    -6032.937       70.741   616.3
165.6000      -5958.874    -6029.408       70.534   614.5
165.8000      -5960.110    -6028.814       68.704   598.6
166.0000      -5960.292    -6029.945       69.653   606.8
166.2000      -5957.604    -6028.674       71.070   619.2
166.4000      -5955.963    -6028.081       72.118   628.3
166.6000      -5959.248    -6029.565       70.318   612.6
166.8000      -5960.443    -6027.112       66.669   580.8
167.0000      -5961.870    -6031.004       69.134   602.3
167.2000      -5958.466    -6030.354       71.888   626.3
167.4000      -5956.512    -6028.881       72.369   630.5
167.6000      -5953.026    -6025.846       72.819   634.4
167.8000      -5953.605    -6024.261       70.656   615.6
168.0000      -5953.257    -6025.194       71.937   626.7
168.2000      -5958.324    -6026.776       68.452   596.4
168.4000      -5961.914    -6032.156       70.243   612.0
168.6000      -5963.362    -6031.252       67.890   591.5
168.8000      -5962.257    -6029.819       67.562   588.6
169.0000      -5961.433    -6032.387       70.954   618.2
169.2000      -5961.438    -6029.896       68.457   596.4
169.4000      -5960.362    -6029.728       69.365   604.3
169.6000      -5961.378    -6029.832       68.454   596.4
169.8000      -5961.954    -6031.021       69.067   601.7
170.0000      -5962.732    -6031.185       68.453   596.4
170.2000      -5958.910    -6029.798       70.887   617.6
170.4000      -5962.196    -6029.760       67.564   588.6
170.6000      -5962.251    -6031.777       69.526   605.7
170.8000      -5963.101    -6032.427       69.326   604.0
171.0000      -5963.561    -6032.718       69.157   602.5
171.2000      -5964.694    -6033.508       68.814   599.5
171.4000      -5966.243    -6031.892       65.649   571.9
171.6000      -5968.649    -6031.991       63.342   551.8
171.8000      -5964.841    -6032.032       67.191   585.4
172.0000      -5960.186    -6029.822       69.637   606.7
172.2000      -5961.488    -6032.503       71.015   618.7
172.4000      -5961.917    -6031.795       69.878   608.8
172.6000      -5963.746    -6031.677       67.932   591.8
172.8000      -5961.918    -6029.328       67.410   587.3
173.0000      -5962.187    -6030.224       68.036   592.7
173.2000      -5961.849    -6034.083       72.234   629.3
173.4000      -5963.606    -6031.990       68.384   595.8
173.6000      -5962.733    -6030.393       67.660   589.5
173.8000      -5961.339    -6030.243       68.903   600.3
174.0000      -5959.536    -6029.739       70.202   611.6
174.2000      -5961.161    -6031.096       69.935   609.3
174.4000      -5960.362    -6029.445       69.083   601.9
174.6000      -5960.400    -6031.734       71.334   621.5
174.8000      -5957.875    -6028.479       70.604   615.1
175.0000      -5958.047    -6027.860       69.813   608.2
175.2000      -5959.394    -6029.158       69.764   607.8
175.4000      -5960.643    -6027.616       66.973   583.5
175.6000      -5961.912    -6028.170       66.258   577.2
175.8000      -5963.125    -6032.330       69.205   602.9
176.0000      -5960.864    -6031.303       70.438   613.7
176.2000      -5963.807    -6033.748       69.941   609.3
176.4000      -5962.866    -6029.709       66.843   582.3
176.6000      -5961.109    -6027.121       66.012   575.1
176.8000      -5959.293    -6031.206       71.913   626.5
177.0000      -5960.564    -6030.377       69.813   608.2
177.2000      -5965.149    -6031.995       66.846   582.4
177.4000      -5962.324    -6029.550       67.227   585.7
177.6000      -5963.838    -6032.913       69.075   601.8
177.8000      -5965.354    -6033.854       68.500   596.8
178.0000      -5961.629    -6029.537       67.908   591.6
178.2000      -5959.894    -6029.693       69.799   608.1
178.4000      -5960.578    -6028.159       67.581   588.8
178.6000      -5956.426    -6027.895       71.469   622.6
178.8000      -5959.592    -6027.875       68.284   594.9
179.0000      -5959.548    -6030.688       71.140   619.8
179.2000      -5961.262    -6030.760       69.498   605.5
179.4000      -5961.756    -6030.715       68.959   600.8
179.6000      -5960.452    -6028.947       68.494   596.7
179.8000      -5959.666    -6028.039       68.373   595.7
180.0000      -5960.867    -6031.358       70.492   614.1
180.2000      -5963.140    -6031.219       68.079   593.1
180.4000      -5964.062    -6033.365       69.303   603.8
180.6000      -5960.196    -6032.006       71.810   625.6
180.8000      -5962.580    -6033.546       70.966   618.3
181.0000      -5961.946    -6031.530       69.584   606.2
181.2000      -5961.405    -6031.705       70.300   612.5
181.4000      -5962.969    -6032.194       69.225   603.1
181.6000      -5963.116    -6033.430       70.314   612.6
181.8000      -5959.985    -6029.008       69.023   601.3
182.0000      -5961.527    -6027.641       66.114   576.0
182.2000      -5958.332    -6029.589       71.256   620.8
182.4000      -5960.443    -6030.037       69.593   606.3
182.6000      -5964.225    -6032.126       67.902   591.6
182.8000      -5968.243    -6033.520       65.277   568.7
183.0000      -5965.671    -6031.699       66.028   575.2
183.2000      -5964.379    -6032.393       68.014   592.5
183.4000      -5963.226    -6030.036       66.810   582.1
183.6000      -5961.941    -6030.331       68.390   595.8
183.8000      -5958.536    -6029.116       70.580   614.9
184.0000      -5961.045    -6029.422       68.377   595.7
184.2000      -5961.488    -6032.792       71.304   621.2
184.4000      -5955.683    -6027.814       72.132   628.4
184.6000      -5964.017    -6033.508       69.491   605.4
184.8000      -5962.355    -6031.083       68.729   598.8
185.0000      -5964.900    -6032.290       67.390   587.1
185.2000      -5966.525    -6034.874       68.349   595.5
185.4000      -5965.547    -6032.925       67.377   587.0
185.6000      -5966.194    -6033.188       66.994   583.7
185.8000      -5966.001    -6032.616       66.616   580.4
186.0000      -5966.525    -6033.796       67.271   586.1
186.2000      -5964.927    -6031.580       66.653   580.7
186.4000      -5964.969    -6034.238       69.269   603.5
186.6000      -5966.467    -6035.306       68.839   599.7
186.8000      -5964.755    -6033.212       68.457   596.4
187.0000      -5962.990    -6033.710       70.720   616.1
187.2000      -5963.534    -6033.379       69.845   608.5
187.4000      -5962.505    -6031.015       68.510   596.9
187.6000      -5961.080    -6029.720       68.640   598.0
187.8000      -5959.882    -6030.833       70.951   618.1
188.0000      -5962.152    -6031.198       69.047   601.5
188.2000      -5959.974    -6029.575       69.601   606.4
188.4000      -5957.200    -6028.848       71.648   624.2
188.6000      -5964.284    -6031.061       66.776   581.8
188.8000      -5967.648    -6031.574       63.926   556.9
189.0000      -5963.639    -6031.848       68.209   594.2
189.2000      -5963.124    -6032.599       69.475   605.3
189.4000      -5960.798    -6031.166       70.368   613.1
189.6000      -5963.076    -6031.571       68.495   596.7
189.8000      -5960.504    -6029.660       69.156   602.5
190.0000      -5964.227    -6031.670       67.443   587.6
190.2000      -5959.653    -6027.660       68.007   592.5
190.4000      -5964.854    -6035.048       70.194   611.5
190.6000      -5965.004    -6032.095       67.092   584.5
190.8000      -5961.836    -6030.134       68.298   595.0
191.0000      -5963.765    -6032.547       68.782   599.2
191.2000      -5962.404    -6029.442       67.039   584.0
191.4000      -5964.354    -6033.384       69.030   601.4
191.6000      -5963.127    -6030.708       67.582   588.8
191.8000      -5962.672    -6032.179       69.507   605.6
192.0000      -5962.819    -6029.469       66.651   580.7
192.2000      -5961.522    -6030.726       69.204   602.9
192.4000      -5966.335    -6031.586       65.251   568.5
192.6000      -5966.775    -6033.862       67.087   584.5
192.8000      -5966.796    -6033.324       66.528   579.6
193.0000      -5964.542    -6032.651       68.109   593.4
193.2000      -5965.384    -6034.030       68.646   598.1
193.4000      -5963.133    -6030.128       66.995   583.7
193.6000      -5962.476    -6027.608       65.133   567.4
193.8000      -5960.978    -6029.451       68.473   596.5
194.0000      -5958.129    -6029.163       71.035   618.9
194.2000      -5961.352    -6028.846       67.495   588.0
194.4000      -5961.391    -6030.555       69.164   602.6
194.6000      -5959.341    -6030.268       70.926   617.9
194.8000      -5958.668    -6032.253       73.585   641.1
195.0000      -5959.498    -6027.978       68.480   596.6
195.2000      -5959.274    -6030.965       71.691   624.6
195.4000      -5962.066    -6029.660       67.594   588.9
195.6000      -5962.259    -6029.994       67.735   590.1
195.8000      -5963.760    -6029.704       65.944   574.5
196.0000      -5961.231    -6028.490       67.259   586.0
196.2000      -5959.781    -6031.034       71.253   620.8
196.4000      -5957.712    -6028.797       71.085   619.3
196.6000      -5962.330    -6031.962       69.632   606.6
196.8000      -5962.191    -6031.359       69.168   602.6
197.0000      -5960.580    -6028.456       67.876   591.3
197.2000      -5960.413    -6029.003       68.590   597.6
197.4000      -5958.627    -6029.135       70.509   614.3
197.6000      -5958.414    -6029.626       71.212   620.4
197.8000      -5959.631    -6032.710       73.079   636.7
198.0000      -5964.022    -6032.169       68.147   593.7
198.2000      -5964.911    -6032.073       67.162   585.1
198.4000      -5965.445    -6030.966       65.521   570.8
198.6000      -5962.808    -6031.350       68.542   597.1
198.8000      -5964.444    -6030.363       65.919   574.3
199.0000      -5964.978    -6033.723       68.745   598.9
199.2000      -5963.698    -6032.350       68.652   598.1
199.4000      -5962.815    -6030.689       67.874   591.3
199.6000      -5962.929    -6031.824       68.895   600.2
199.8000      -5965.674    -6030.086       64.412   561.2
200.0000      -5963.399    -6032.568       69.170   602.6
