Time[ps]      Etot[eV]     Epot[eV]     Ekin[eV]    T[K]
0.0000        -1681.607    -1697.431       15.824   306.0
0.2000        -1681.285    -1696.720       15.435   298.5
0.4000        -1681.329    -1697.174       15.845   306.5
0.6000        -1680.648    -1696.957       16.309   315.4
0.8000        -1681.711    -1697.003       15.292   295.8
1.0000        -1682.953    -1698.277       15.324   296.4
1.2000        -1681.986    -1697.303       15.317   296.2
1.4000        -1682.872    -1698.113       15.241   294.8
1.6000        -1682.396    -1697.856       15.460   299.0
1.8000        -1681.353    -1697.113       15.760   304.8
2.0000        -1681.821    -1697.385       15.565   301.0
2.2000        -1681.607    -1696.983       15.376   297.4
2.4000        -1681.612    -1696.916       15.304   296.0
2.6000        -1682.186    -1696.867       14.681   283.9
2.8000        -1681.906    -1697.018       15.113   292.3
3.0000        -1681.869    -1697.765       15.896   307.4
3.2000        -1682.779    -1697.384       14.605   282.5
3.4000        -1682.913    -1697.753       14.841   287.0
3.6000        -1682.377    -1697.407       15.030   290.7
3.8000        -1682.919    -1697.356       14.437   279.2
4.0000        -1681.330    -1696.567       15.237   294.7
4.2000        -1681.388    -1696.807       15.419   298.2
4.4000        -1680.815    -1696.558       15.743   304.5
4.6000        -1681.885    -1697.162       15.277   295.5
4.8000        -1682.916    -1697.469       14.553   281.5
5.0000        -1682.937    -1696.927       13.990   270.6
5.2000        -1682.446    -1698.067       15.621   302.1
5.4000        -1682.146    -1697.899       15.753   304.7
5.6000        -1682.669    -1696.984       14.315   276.9
5.8000        -1683.236    -1698.595       15.359   297.1
6.0000        -1682.927    -1697.641       14.715   284.6
6.2000        -1681.243    -1697.712       16.470   318.5
6.4000        -1682.335    -1696.875       14.540   281.2
6.6000        -1682.161    -1697.705       15.543   300.6
6.8000        -1682.197    -1697.791       15.594   301.6
7.0000        -1681.749    -1696.819       15.070   291.5
7.2000        -1683.125    -1698.057       14.932   288.8
7.4000        -1683.150    -1698.277       15.128   292.6
7.6000        -1684.220    -1698.871       14.652   283.4
7.8000        -1683.270    -1698.030       14.760   285.5
8.0000        -1682.459    -1698.350       15.892   307.4
8.2000        -1682.449    -1698.057       15.608   301.9
8.4000        -1683.387    -1698.373       14.986   289.8
8.6000        -1682.479    -1697.595       15.116   292.4
8.8000        -1682.366    -1697.883       15.517   300.1
9.0000        -1682.098    -1698.860       16.762   324.2
9.2000        -1682.818    -1698.442       15.624   302.2
9.4000        -1682.269    -1698.764       16.495   319.0
9.6000        -1681.053    -1696.932       15.879   307.1
9.8000        -1680.680    -1697.683       17.002   328.8
10.0000       -1681.453    -1697.019       15.566   301.1
10.2000       -1682.123    -1696.800       14.676   283.9
10.4000       -1681.901    -1697.909       16.008   309.6
10.6000       -1681.690    -1697.933       16.243   314.2
10.8000       -1681.919    -1697.881       15.962   308.7
11.0000       -1682.509    -1697.687       15.178   293.5
11.2000       -1681.130    -1697.194       16.063   310.7
11.4000       -1680.334    -1697.845       17.510   338.7
11.6000       -1681.728    -1697.235       15.508   299.9
11.8000       -1682.590    -1697.802       15.212   294.2
12.0000       -1683.239    -1698.819       15.580   301.3
12.2000       -1682.905    -1698.305       15.400   297.9
12.4000       -1682.740    -1697.884       15.144   292.9
12.6000       -1682.133    -1696.806       14.673   283.8
12.8000       -1681.426    -1696.406       14.979   289.7
13.0000       -1681.187    -1697.159       15.972   308.9
13.2000       -1682.516    -1697.957       15.441   298.6
13.4000       -1682.132    -1698.002       15.870   306.9
13.6000       -1682.339    -1698.269       15.931   308.1
13.8000       -1681.527    -1698.046       16.519   319.5
14.0000       -1680.829    -1697.094       16.265   314.6
14.2000       -1682.469    -1697.925       15.456   298.9
14.4000       -1682.501    -1698.718       16.218   313.7
14.6000       -1682.322    -1698.108       15.786   305.3
14.8000       -1682.007    -1697.654       15.647   302.6
15.0000       -1680.969    -1696.809       15.840   306.4
15.2000       -1680.513    -1697.020       16.507   319.3
15.4000       -1681.647    -1697.858       16.212   313.5
15.6000       -1682.072    -1698.072       15.999   309.4
15.8000       -1681.077    -1697.561       16.484   318.8
16.0000       -1681.883    -1698.363       16.480   318.7
16.2000       -1681.476    -1696.667       15.191   293.8
16.4000       -1682.366    -1697.470       15.104   292.1
16.6000       -1683.806    -1698.751       14.945   289.0
16.8000       -1684.387    -1699.160       14.773   285.7
17.0000       -1683.580    -1698.447       14.866   287.5
17.2000       -1682.636    -1697.083       14.446   279.4
17.4000       -1683.001    -1697.934       14.932   288.8
17.6000       -1681.192    -1696.688       15.495   299.7
17.8000       -1681.256    -1698.573       17.317   334.9
18.0000       -1682.162    -1697.655       15.493   299.6
18.2000       -1682.625    -1697.406       14.781   285.9
18.4000       -1681.580    -1697.490       15.910   307.7
18.6000       -1681.783    -1697.690       15.907   307.7
18.8000       -1681.781    -1697.274       15.493   299.6
19.0000       -1681.977    -1698.761       16.784   324.6
19.2000       -1682.504    -1698.092       15.588   301.5
19.4000       -1682.471    -1697.926       15.454   298.9
19.6000       -1681.903    -1696.949       15.046   291.0
19.8000       -1682.122    -1697.240       15.117   292.4
20.0000       -1681.903    -1698.529       16.626   321.6
20.2000       -1682.361    -1697.478       15.117   292.4
20.4000       -1682.251    -1698.847       16.596   321.0
20.6000       -1682.718    -1698.116       15.398   297.8
20.8000       -1683.071    -1697.579       14.508   280.6
21.0000       -1682.796    -1698.609       15.813   305.8
21.2000       -1682.731    -1698.246       15.516   300.1
21.4000       -1682.803    -1697.350       14.547   281.4
21.6000       -1681.961    -1697.993       16.033   310.1
21.8000       -1681.680    -1697.015       15.335   296.6
22.0000       -1681.478    -1697.380       15.901   307.5
22.2000       -1681.960    -1696.910       14.951   289.2
22.4000       -1682.457    -1696.982       14.526   280.9
22.6000       -1681.507    -1698.291       16.784   324.6
22.8000       -1683.136    -1697.785       14.649   283.3
23.0000       -1682.208    -1698.315       16.107   311.5
23.2000       -1682.658    -1697.833       15.175   293.5
23.4000       -1682.196    -1697.836       15.640   302.5
23.6000       -1682.463    -1698.620       16.156   312.5
23.8000       -1682.948    -1697.502       14.554   281.5
24.0000       -1682.597    -1697.580       14.983   289.8
24.2000       -1681.966    -1697.569       15.604   301.8
24.4000       -1681.993    -1698.161       16.168   312.7
24.6000       -1682.311    -1698.441       16.130   312.0
24.8000       -1682.601    -1698.475       15.874   307.0
25.0000       -1682.528    -1697.907       15.379   297.4
25.2000       -1682.622    -1697.782       15.161   293.2
25.4000       -1682.585    -1698.205       15.620   302.1
25.6000       -1683.866    -1699.183       15.317   296.3
25.8000       -1684.090    -1698.580       14.489   280.2
26.0000       -1683.223    -1699.309       16.086   311.1
26.2000       -1682.754    -1698.582       15.828   306.1
26.4000       -1684.140    -1698.658       14.517   280.8
26.6000       -1683.137    -1699.021       15.884   307.2
26.8000       -1682.313    -1697.797       15.484   299.5
27.0000       -1681.538    -1697.078       15.540   300.6
27.2000       -1681.650    -1697.368       15.718   304.0
27.4000       -1681.637    -1697.741       16.103   311.5
27.6000       -1681.595    -1697.692       16.097   311.3
27.8000       -1682.756    -1698.096       15.340   296.7
28.0000       -1683.935    -1698.827       14.892   288.0
28.2000       -1683.555    -1698.985       15.430   298.4
28.4000       -1683.537    -1698.282       14.744   285.2
28.6000       -1684.050    -1699.726       15.676   303.2
28.8000       -1683.874    -1698.530       14.656   283.5
29.0000       -1683.425    -1698.347       14.922   288.6
29.2000       -1683.007    -1697.575       14.568   281.8
29.4000       -1683.390    -1698.900       15.510   300.0
29.6000       -1682.892    -1697.632       14.740   285.1
29.8000       -1683.959    -1698.916       14.957   289.3
30.0000       -1683.383    -1698.820       15.436   298.6
30.2000       -1683.420    -1699.004       15.584   301.4
30.4000       -1683.532    -1698.894       15.362   297.1
30.6000       -1683.160    -1699.044       15.884   307.2
30.8000       -1683.452    -1698.505       15.053   291.1
31.0000       -1683.550    -1697.662       14.112   272.9
31.2000       -1683.416    -1698.960       15.544   300.6
31.4000       -1682.964    -1698.658       15.695   303.5
31.6000       -1683.714    -1699.070       15.356   297.0
31.8000       -1681.553    -1697.231       15.678   303.2
32.0000       -1682.021    -1698.105       16.083   311.1
32.2000       -1683.538    -1698.774       15.236   294.7
32.4000       -1682.317    -1698.756       16.440   318.0
32.6000       -1683.438    -1699.113       15.675   303.2
32.8000       -1683.608    -1699.265       15.658   302.8
33.0000       -1681.953    -1697.364       15.411   298.1
33.2000       -1682.923    -1698.751       15.828   306.1
33.4000       -1682.873    -1698.052       15.179   293.6
33.6000       -1683.864    -1698.929       15.065   291.4
33.8000       -1683.526    -1698.788       15.262   295.2
34.0000       -1683.579    -1699.904       16.325   315.7
34.2000       -1684.090    -1700.287       16.196   313.3
34.4000       -1683.233    -1698.967       15.734   304.3
34.6000       -1683.393    -1698.253       14.859   287.4
34.8000       -1682.212    -1697.993       15.781   305.2
35.0000       -1683.120    -1699.054       15.934   308.2
35.2000       -1683.010    -1698.975       15.965   308.8
35.4000       -1684.000    -1698.977       14.976   289.7
35.6000       -1684.072    -1699.606       15.534   300.4
35.8000       -1684.658    -1699.919       15.261   295.2
36.0000       -1684.822    -1699.460       14.638   283.1
36.2000       -1684.411    -1699.952       15.541   300.6
36.4000       -1684.223    -1699.203       14.980   289.7
36.6000       -1684.735    -1700.225       15.491   299.6
36.8000       -1685.917    -1699.991       14.073   272.2
37.0000       -1684.225    -1700.431       16.206   313.4
37.2000       -1682.463    -1697.993       15.530   300.4
37.4000       -1681.576    -1697.678       16.102   311.4
37.6000       -1684.132    -1698.970       14.838   287.0
37.8000       -1683.693    -1699.451       15.757   304.8
38.0000       -1683.588    -1698.821       15.233   294.6
38.2000       -1682.000    -1698.478       16.478   318.7
38.4000       -1682.932    -1698.872       15.941   308.3
38.6000       -1682.407    -1697.703       15.296   295.8
38.8000       -1683.099    -1698.719       15.620   302.1
39.0000       -1683.239    -1698.828       15.588   301.5
39.2000       -1682.771    -1698.901       16.130   312.0
39.4000       -1682.969    -1698.128       15.160   293.2
39.6000       -1683.786    -1698.458       14.672   283.8
39.8000       -1684.412    -1699.327       14.914   288.5
40.0000       -1684.593    -1699.292       14.698   284.3
40.2000       -1684.856    -1699.499       14.644   283.2
40.4000       -1683.027    -1699.132       16.105   311.5
40.6000       -1683.109    -1699.046       15.937   308.2
40.8000       -1683.986    -1699.137       15.151   293.0
41.0000       -1685.122    -1699.347       14.225   275.1
41.2000       -1684.798    -1699.126       14.328   277.1
41.4000       -1683.661    -1699.523       15.863   306.8
41.6000       -1682.323    -1698.575       16.252   314.3
41.8000       -1682.474    -1697.691       15.217   294.3
42.0000       -1683.389    -1699.117       15.728   304.2
42.2000       -1683.156    -1699.194       16.037   310.2
42.4000       -1683.128    -1698.412       15.284   295.6
42.6000       -1684.171    -1699.634       15.463   299.1
42.8000       -1684.298    -1699.641       15.342   296.7
43.0000       -1682.949    -1699.521       16.572   320.5
43.2000       -1684.075    -1699.906       15.830   306.2
43.4000       -1684.894    -1700.717       15.823   306.0
43.6000       -1684.234    -1699.159       14.925   288.7
43.8000       -1684.139    -1699.255       15.116   292.4
44.0000       -1683.889    -1699.211       15.322   296.3
44.2000       -1683.757    -1698.978       15.221   294.4
44.4000       -1683.093    -1699.156       16.063   310.7
44.6000       -1682.785    -1698.692       15.907   307.7
44.8000       -1682.800    -1699.047       16.247   314.2
45.0000       -1684.259    -1700.065       15.806   305.7
45.2000       -1684.726    -1700.512       15.785   305.3
45.4000       -1684.194    -1699.869       15.675   303.2
45.6000       -1682.992    -1699.040       16.048   310.4
45.8000       -1683.590    -1698.890       15.301   295.9
46.0000       -1684.711    -1699.892       15.181   293.6
46.2000       -1685.608    -1700.378       14.770   285.7
46.4000       -1684.487    -1699.906       15.419   298.2
46.6000       -1683.748    -1699.060       15.312   296.1
46.8000       -1685.433    -1699.927       14.494   280.3
47.0000       -1684.633    -1699.283       14.650   283.3
47.2000       -1684.289    -1699.802       15.513   300.0
47.4000       -1684.771    -1699.622       14.851   287.2
47.6000       -1685.047    -1699.616       14.569   281.8
47.8000       -1684.321    -1699.381       15.060   291.3
48.0000       -1684.435    -1698.653       14.218   275.0
48.2000       -1684.013    -1698.838       14.825   286.7
48.4000       -1684.005    -1698.848       14.843   287.1
48.6000       -1684.938    -1699.285       14.346   277.5
48.8000       -1683.801    -1699.274       15.473   299.3
49.0000       -1683.497    -1698.968       15.471   299.2
49.2000       -1684.635    -1700.044       15.409   298.0
49.4000       -1684.908    -1699.641       14.733   285.0
49.6000       -1684.809    -1699.757       14.949   289.1
49.8000       -1684.073    -1700.488       16.415   317.5
50.0000       -1684.427    -1699.096       14.669   283.7
50.2000       -1683.221    -1699.004       15.784   305.3
50.4000       -1683.465    -1699.010       15.545   300.7
50.6000       -1682.945    -1698.579       15.634   302.4
50.8000       -1681.709    -1698.316       16.607   321.2
51.0000       -1681.065    -1697.307       16.242   314.1
51.2000       -1681.581    -1697.917       16.337   316.0
51.4000       -1681.931    -1697.575       15.644   302.6
51.6000       -1681.416    -1697.812       16.396   317.1
51.8000       -1683.692    -1698.787       15.095   292.0
52.0000       -1683.398    -1698.982       15.584   301.4
52.2000       -1684.322    -1700.232       15.910   307.7
52.4000       -1683.839    -1699.449       15.611   301.9
52.6000       -1684.295    -1699.268       14.973   289.6
52.8000       -1682.639    -1699.474       16.835   325.6
53.0000       -1682.783    -1698.421       15.638   302.5
53.2000       -1684.029    -1700.074       16.045   310.3
53.4000       -1685.219    -1700.192       14.973   289.6
53.6000       -1684.951    -1699.560       14.609   282.5
53.8000       -1684.058    -1698.995       14.937   288.9
54.0000       -1684.147    -1699.415       15.269   295.3
54.2000       -1684.329    -1700.657       16.328   315.8
54.4000       -1683.671    -1699.786       16.115   311.7
54.6000       -1684.093    -1699.357       15.265   295.2
54.8000       -1683.466    -1699.264       15.798   305.6
55.0000       -1683.667    -1700.472       16.805   325.0
55.2000       -1684.635    -1700.102       15.467   299.1
55.4000       -1683.898    -1699.479       15.581   301.4
55.6000       -1682.949    -1700.013       17.064   330.0
55.8000       -1683.254    -1698.744       15.490   299.6
56.0000       -1683.879    -1698.618       14.739   285.1
56.2000       -1683.393    -1698.850       15.457   299.0
56.4000       -1684.332    -1699.952       15.620   302.1
56.6000       -1684.894    -1699.119       14.226   275.1
56.8000       -1684.083    -1698.848       14.765   285.6
57.0000       -1685.052    -1699.762       14.710   284.5
57.2000       -1684.886    -1699.149       14.262   275.8
57.4000       -1683.821    -1699.388       15.566   301.1
57.6000       -1683.540    -1699.232       15.692   303.5
57.8000       -1683.098    -1698.790       15.692   303.5
58.0000       -1682.283    -1698.462       16.179   312.9
58.2000       -1682.695    -1698.701       16.006   309.6
58.4000       -1683.351    -1698.888       15.537   300.5
58.6000       -1683.248    -1699.237       15.989   309.2
58.8000       -1682.645    -1698.320       15.675   303.2
59.0000       -1683.052    -1698.646       15.595   301.6
59.2000       -1682.468    -1698.064       15.596   301.6
59.4000       -1683.776    -1699.041       15.264   295.2
59.6000       -1682.706    -1698.834       16.129   311.9
59.8000       -1683.983    -1699.818       15.836   306.3
60.0000       -1684.411    -1700.002       15.591   301.5
60.2000       -1684.933    -1699.411       14.478   280.0
60.4000       -1684.906    -1700.352       15.446   298.7
60.6000       -1685.203    -1700.891       15.688   303.4
60.8000       -1684.064    -1699.330       15.265   295.2
61.0000       -1682.786    -1699.340       16.554   320.2
61.2000       -1683.992    -1699.603       15.611   301.9
61.4000       -1683.519    -1699.549       16.030   310.0
61.6000       -1683.315    -1699.020       15.705   303.8
61.8000       -1684.359    -1699.423       15.064   291.4
62.0000       -1683.858    -1699.648       15.791   305.4
62.2000       -1684.583    -1700.164       15.581   301.3
62.4000       -1685.250    -1701.080       15.830   306.2
62.6000       -1684.155    -1699.449       15.294   295.8
62.8000       -1684.542    -1699.248       14.706   284.4
63.0000       -1685.078    -1700.581       15.503   299.8
63.2000       -1684.704    -1700.028       15.325   296.4
63.4000       -1685.584    -1701.252       15.668   303.0
63.6000       -1683.933    -1699.613       15.680   303.3
63.8000       -1683.599    -1700.044       16.445   318.1
64.0000       -1684.145    -1699.459       15.314   296.2
64.2000       -1685.253    -1700.299       15.046   291.0
64.4000       -1685.473    -1700.713       15.240   294.8
64.6000       -1684.712    -1700.165       15.453   298.9
64.8000       -1684.961    -1700.048       15.087   291.8
65.0000       -1685.883    -1701.353       15.470   299.2
65.2000       -1685.752    -1700.742       14.990   289.9
65.4000       -1685.534    -1700.810       15.276   295.5
65.6000       -1685.150    -1700.405       15.255   295.0
65.8000       -1684.316    -1700.730       16.414   317.5
66.0000       -1683.740    -1700.535       16.795   324.8
66.2000       -1683.822    -1699.328       15.506   299.9
66.4000       -1683.688    -1700.627       16.939   327.6
66.6000       -1683.346    -1699.254       15.908   307.7
66.8000       -1685.022    -1700.673       15.651   302.7
67.0000       -1685.319    -1699.896       14.577   281.9
67.2000       -1685.977    -1700.820       14.843   287.1
67.4000       -1684.761    -1700.688       15.927   308.0
67.6000       -1685.028    -1699.994       14.966   289.5
67.8000       -1684.203    -1699.857       15.655   302.8
68.0000       -1684.330    -1699.855       15.525   300.3
68.2000       -1685.146    -1700.406       15.260   295.1
68.4000       -1685.197    -1700.141       14.944   289.0
68.6000       -1684.555    -1700.794       16.239   314.1
68.8000       -1684.540    -1700.587       16.048   310.4
69.0000       -1683.784    -1700.005       16.221   313.7
69.2000       -1683.453    -1699.725       16.272   314.7
69.4000       -1683.864    -1698.888       15.024   290.6
69.6000       -1683.015    -1700.025       17.010   329.0
69.8000       -1682.973    -1699.097       16.125   311.9
70.0000       -1682.642    -1698.866       16.223   313.8
70.2000       -1683.894    -1698.983       15.089   291.8
70.4000       -1683.360    -1699.319       15.959   308.7
70.6000       -1684.125    -1700.190       16.065   310.7
70.8000       -1684.552    -1699.624       15.071   291.5
71.0000       -1683.905    -1700.327       16.422   317.6
71.2000       -1683.125    -1700.060       16.935   327.5
71.4000       -1682.701    -1699.579       16.877   326.4
71.6000       -1683.020    -1699.329       16.308   315.4
71.8000       -1683.130    -1699.283       16.153   312.4
72.0000       -1684.230    -1699.831       15.601   301.7
72.2000       -1684.807    -1700.497       15.690   303.4
72.4000       -1685.650    -1701.004       15.354   297.0
72.6000       -1685.329    -1701.348       16.019   309.8
72.8000       -1685.536    -1701.205       15.669   303.1
73.0000       -1685.898    -1701.096       15.197   293.9
73.2000       -1684.974    -1701.503       16.529   319.7
73.4000       -1684.734    -1699.993       15.260   295.1
73.6000       -1684.040    -1699.306       15.266   295.2
73.8000       -1683.864    -1699.421       15.557   300.9
74.0000       -1684.024    -1699.868       15.844   306.4
74.2000       -1684.426    -1699.805       15.379   297.4
74.4000       -1683.468    -1699.707       16.239   314.1
74.6000       -1684.209    -1700.094       15.885   307.2
74.8000       -1685.115    -1700.504       15.388   297.6
75.0000       -1685.121    -1701.011       15.890   307.3
75.2000       -1684.045    -1699.941       15.895   307.4
75.4000       -1683.506    -1700.390       16.884   326.6
75.6000       -1684.879    -1700.179       15.301   295.9
75.8000       -1685.405    -1701.060       15.655   302.8
76.0000       -1684.692    -1700.506       15.813   305.8
76.2000       -1686.020    -1701.465       15.446   298.7
76.4000       -1685.890    -1701.137       15.247   294.9
76.6000       -1684.847    -1700.252       15.405   298.0
76.8000       -1683.053    -1699.469       16.416   317.5
77.0000       -1684.136    -1699.224       15.088   291.8
77.2000       -1684.885    -1698.960       14.074   272.2
77.4000       -1684.459    -1700.051       15.591   301.5
77.6000       -1684.962    -1700.762       15.800   305.6
77.8000       -1685.934    -1700.510       14.576   281.9
78.0000       -1685.398    -1699.599       14.201   274.7
78.2000       -1685.227    -1701.105       15.878   307.1
78.4000       -1685.504    -1700.622       15.118   292.4
78.6000       -1684.731    -1700.869       16.138   312.1
78.8000       -1683.993    -1700.102       16.109   311.6
79.0000       -1684.624    -1700.606       15.982   309.1
79.2000       -1685.238    -1700.037       14.798   286.2
79.4000       -1684.635    -1700.728       16.093   311.3
79.6000       -1684.903    -1699.775       14.872   287.6
79.8000       -1685.863    -1701.401       15.538   300.5
80.0000       -1685.244    -1699.849       14.604   282.5
80.2000       -1686.062    -1701.229       15.167   293.3
80.4000       -1686.245    -1701.305       15.059   291.3
80.6000       -1685.243    -1700.963       15.720   304.0
80.8000       -1685.060    -1701.442       16.382   316.8
81.0000       -1685.495    -1701.150       15.654   302.8
81.2000       -1686.082    -1700.944       14.861   287.4
81.4000       -1685.758    -1700.587       14.829   286.8
81.6000       -1685.869    -1700.392       14.523   280.9
81.8000       -1686.176    -1701.167       14.991   289.9
82.0000       -1685.638    -1700.430       14.792   286.1
82.2000       -1685.592    -1700.534       14.941   289.0
82.4000       -1683.840    -1699.749       15.909   307.7
82.6000       -1684.554    -1699.404       14.850   287.2
82.8000       -1684.641    -1699.785       15.144   292.9
83.0000       -1684.285    -1700.038       15.753   304.7
83.2000       -1683.950    -1699.344       15.394   297.7
83.4000       -1684.401    -1699.884       15.483   299.5
83.6000       -1684.822    -1699.923       15.101   292.1
83.8000       -1684.290    -1700.275       15.985   309.2
84.0000       -1683.344    -1699.214       15.870   306.9
84.2000       -1684.006    -1700.024       16.018   309.8
84.4000       -1683.632    -1699.289       15.656   302.8
84.6000       -1684.160    -1700.513       16.353   316.3
84.8000       -1684.457    -1699.924       15.467   299.2
85.0000       -1684.606    -1699.517       14.912   288.4
85.2000       -1683.014    -1699.149       16.135   312.1
85.4000       -1683.854    -1699.164       15.310   296.1
85.6000       -1683.706    -1700.159       16.452   318.2
85.8000       -1683.883    -1699.854       15.971   308.9
86.0000       -1683.711    -1699.578       15.867   306.9
86.2000       -1683.472    -1699.487       16.014   309.7
86.4000       -1683.917    -1699.629       15.711   303.9
86.6000       -1683.552    -1699.716       16.164   312.6
86.8000       -1683.966    -1699.496       15.530   300.4
87.0000       -1683.856    -1699.440       15.584   301.4
87.2000       -1684.610    -1700.065       15.455   298.9
87.4000       -1684.983    -1700.103       15.120   292.4
87.6000       -1685.579    -1701.031       15.453   298.9
87.8000       -1684.704    -1700.283       15.579   301.3
88.0000       -1684.358    -1699.203       14.846   287.1
88.2000       -1685.113    -1699.731       14.618   282.7
88.4000       -1684.721    -1699.903       15.182   293.6
88.6000       -1685.284    -1700.440       15.156   293.1
88.8000       -1684.997    -1700.622       15.625   302.2
89.0000       -1685.735    -1700.396       14.661   283.6
89.2000       -1686.610    -1701.354       14.744   285.2
89.4000       -1685.170    -1700.334       15.163   293.3
89.6000       -1683.446    -1699.174       15.729   304.2
89.8000       -1683.920    -1700.875       16.955   327.9
90.0000       -1683.701    -1699.779       16.078   311.0
90.2000       -1684.036    -1699.459       15.423   298.3
90.4000       -1684.753    -1701.014       16.260   314.5
90.6000       -1684.144    -1700.432       16.289   315.0
90.8000       -1684.913    -1700.447       15.534   300.4
91.0000       -1685.604    -1700.628       15.024   290.6
91.2000       -1685.242    -1701.163       15.921   307.9
91.4000       -1686.055    -1700.817       14.763   285.5
91.6000       -1686.543    -1701.250       14.707   284.4
91.8000       -1685.336    -1700.706       15.370   297.3
92.0000       -1684.411    -1700.253       15.842   306.4
92.2000       -1685.479    -1701.252       15.774   305.1
92.4000       -1684.595    -1699.529       14.934   288.8
92.6000       -1684.043    -1700.899       16.857   326.0
92.8000       -1684.649    -1700.378       15.729   304.2
93.0000       -1684.425    -1700.677       16.252   314.3
93.2000       -1685.411    -1699.887       14.476   280.0
93.4000       -1685.472    -1700.834       15.362   297.1
93.6000       -1685.320    -1699.938       14.617   282.7
93.8000       -1686.608    -1701.365       14.756   285.4
94.0000       -1686.430    -1701.357       14.927   288.7
94.2000       -1684.904    -1701.707       16.803   325.0
94.4000       -1685.366    -1700.250       14.883   287.9
94.6000       -1686.002    -1701.233       15.231   294.6
94.8000       -1685.548    -1701.012       15.464   299.1
95.0000       -1685.634    -1700.631       14.997   290.1
95.2000       -1686.160    -1700.852       14.693   284.2
95.4000       -1684.900    -1700.658       15.758   304.8
95.6000       -1684.009    -1700.757       16.748   323.9
95.8000       -1684.540    -1700.481       15.941   308.3
96.0000       -1685.510    -1700.748       15.238   294.7
96.2000       -1686.443    -1700.871       14.428   279.1
96.4000       -1685.409    -1700.411       15.003   290.2
96.6000       -1684.617    -1700.471       15.854   306.6
96.8000       -1685.619    -1699.959       14.339   277.3
97.0000       -1683.973    -1699.612       15.639   302.5
97.2000       -1685.267    -1700.510       15.244   294.8
97.4000       -1685.182    -1700.447       15.265   295.2
97.6000       -1684.525    -1701.021       16.496   319.0
97.8000       -1684.841    -1700.100       15.259   295.1
98.0000       -1684.043    -1699.900       15.856   306.7
98.2000       -1684.482    -1700.391       15.909   307.7
98.4000       -1684.556    -1699.734       15.178   293.6
98.6000       -1685.020    -1701.470       16.451   318.2
98.8000       -1685.679    -1700.781       15.102   292.1
99.0000       -1685.383    -1701.355       15.972   308.9
99.2000       -1685.060    -1700.150       15.090   291.9
99.4000       -1684.608    -1700.122       15.514   300.1
99.6000       -1683.780    -1699.611       15.830   306.2
99.8000       -1684.334    -1699.453       15.120   292.4
100.0000      -1684.089    -1700.134       16.045   310.3
100.2000      -1684.215    -1699.502       15.287   295.7
100.4000      -1684.164    -1699.304       15.140   292.8
100.6000      -1684.086    -1699.783       15.697   303.6
100.8000      -1683.620    -1699.120       15.500   299.8
101.0000      -1683.427    -1699.769       16.342   316.1
101.2000      -1685.067    -1699.962       14.895   288.1
101.4000      -1684.721    -1699.630       14.909   288.4
101.6000      -1684.554    -1699.873       15.319   296.3
101.8000      -1684.661    -1700.438       15.777   305.1
102.0000      -1684.475    -1699.881       15.407   298.0
102.2000      -1683.737    -1699.787       16.050   310.4
102.4000      -1683.704    -1699.850       16.145   312.3
102.6000      -1684.117    -1699.702       15.586   301.4
102.8000      -1684.099    -1700.317       16.218   313.7
103.0000      -1683.930    -1700.353       16.423   317.6
103.2000      -1684.517    -1700.316       15.799   305.6
103.4000      -1683.826    -1699.424       15.598   301.7
103.6000      -1684.266    -1699.555       15.289   295.7
103.8000      -1683.767    -1699.084       15.317   296.2
104.0000      -1683.592    -1698.933       15.341   296.7
104.2000      -1683.973    -1699.563       15.591   301.5
104.4000      -1685.307    -1700.075       14.769   285.6
104.6000      -1686.460    -1701.506       15.046   291.0
104.8000      -1686.798    -1701.229       14.431   279.1
105.0000      -1686.451    -1701.323       14.873   287.7
105.2000      -1685.817    -1700.471       14.654   283.4
105.4000      -1685.446    -1701.617       16.171   312.8
105.6000      -1684.239    -1700.207       15.968   308.8
105.8000      -1684.120    -1699.940       15.819   306.0
106.0000      -1683.853    -1700.363       16.510   319.3
106.2000      -1684.844    -1700.874       16.030   310.0
106.4000      -1684.826    -1700.750       15.924   308.0
106.6000      -1684.927    -1701.571       16.644   321.9
106.8000      -1685.606    -1700.984       15.378   297.4
107.0000      -1685.305    -1700.743       15.438   298.6
107.2000      -1684.914    -1699.822       14.907   288.3
107.4000      -1684.943    -1701.247       16.304   315.3
107.6000      -1685.621    -1700.375       14.753   285.3
107.8000      -1684.307    -1699.607       15.301   295.9
108.0000      -1685.024    -1700.245       15.221   294.4
108.2000      -1685.110    -1700.765       15.656   302.8
108.4000      -1685.688    -1701.378       15.690   303.5
108.6000      -1684.152    -1700.287       16.136   312.1
108.8000      -1684.684    -1699.745       15.061   291.3
109.0000      -1683.776    -1699.023       15.248   294.9
109.2000      -1684.599    -1699.960       15.361   297.1
109.4000      -1684.248    -1699.586       15.339   296.7
109.6000      -1685.215    -1700.569       15.353   296.9
109.8000      -1684.364    -1699.603       15.240   294.7
110.0000      -1684.437    -1700.068       15.631   302.3
110.2000      -1684.253    -1700.559       16.306   315.4
110.4000      -1684.206    -1699.136       14.930   288.8
110.6000      -1683.771    -1699.566       15.796   305.5
110.8000      -1683.922    -1700.178       16.256   314.4
111.0000      -1684.872    -1700.694       15.823   306.0
111.2000      -1685.030    -1701.623       16.594   320.9
111.4000      -1684.890    -1700.983       16.093   311.3
111.6000      -1686.182    -1701.105       14.923   288.6
111.8000      -1684.851    -1701.254       16.403   317.3
112.0000      -1683.613    -1699.884       16.271   314.7
112.2000      -1683.849    -1699.026       15.176   293.5
112.4000      -1683.722    -1699.869       16.147   312.3
112.6000      -1685.717    -1701.203       15.486   299.5
112.8000      -1685.551    -1700.105       14.554   281.5
113.0000      -1685.037    -1700.899       15.862   306.8
113.2000      -1685.462    -1700.765       15.303   296.0
113.4000      -1685.204    -1700.315       15.110   292.2
113.6000      -1685.776    -1700.668       14.892   288.0
113.8000      -1685.380    -1701.646       16.266   314.6
114.0000      -1685.736    -1700.970       15.234   294.6
114.2000      -1683.805    -1699.947       16.141   312.2
114.4000      -1684.494    -1701.567       17.073   330.2
114.6000      -1684.251    -1700.692       16.441   318.0
114.8000      -1684.789    -1700.501       15.711   303.9
115.0000      -1685.185    -1700.040       14.855   287.3
115.2000      -1685.651    -1700.557       14.905   288.3
115.4000      -1686.295    -1701.680       15.385   297.6
115.6000      -1685.757    -1701.797       16.040   310.2
115.8000      -1685.456    -1700.270       14.814   286.5
116.0000      -1685.296    -1701.193       15.898   307.5
116.2000      -1684.867    -1700.025       15.158   293.2
116.4000      -1684.630    -1701.062       16.432   317.8
116.6000      -1684.477    -1700.080       15.603   301.8
116.8000      -1685.419    -1701.139       15.720   304.0
117.0000      -1684.297    -1700.815       16.518   319.5
117.2000      -1683.261    -1700.356       17.096   330.6
117.4000      -1684.628    -1701.067       16.439   317.9
117.6000      -1685.031    -1700.980       15.949   308.5
117.8000      -1684.893    -1700.898       16.005   309.6
118.0000      -1684.516    -1700.662       16.147   312.3
118.2000      -1685.050    -1701.437       16.387   316.9
118.4000      -1684.559    -1701.106       16.547   320.0
118.6000      -1684.252    -1700.629       16.377   316.8
118.8000      -1685.254    -1701.775       16.520   319.5
119.0000      -1685.124    -1700.812       15.688   303.4
119.2000      -1685.320    -1701.246       15.926   308.0
119.4000      -1686.009    -1701.631       15.622   302.1
119.6000      -1685.904    -1701.909       16.005   309.6
119.8000      -1685.272    -1700.748       15.476   299.3
120.0000      -1685.609    -1702.165       16.556   320.2
120.2000      -1686.574    -1702.055       15.482   299.4
120.4000      -1687.468    -1701.928       14.460   279.7
120.6000      -1687.973    -1702.894       14.921   288.6
120.8000      -1687.989    -1703.672       15.683   303.3
121.0000      -1687.882    -1702.637       14.755   285.4
121.2000      -1685.097    -1701.546       16.449   318.1
121.4000      -1685.274    -1700.994       15.719   304.0
121.6000      -1685.378    -1701.234       15.856   306.7
121.8000      -1685.563    -1701.556       15.993   309.3
122.0000      -1685.076    -1701.234       16.159   312.5
122.2000      -1685.753    -1701.152       15.399   297.8
122.4000      -1686.819    -1701.885       15.066   291.4
122.6000      -1685.148    -1700.930       15.782   305.2
122.8000      -1684.923    -1700.660       15.736   304.4
123.0000      -1685.224    -1701.505       16.281   314.9
123.2000      -1686.253    -1700.708       14.455   279.6
123.4000      -1686.161    -1700.577       14.416   278.8
123.6000      -1685.873    -1701.716       15.843   306.4
123.8000      -1686.881    -1701.674       14.793   286.1
124.0000      -1686.117    -1702.153       16.037   310.2
124.2000      -1687.509    -1702.505       14.996   290.0
124.4000      -1686.743    -1702.040       15.297   295.9
124.6000      -1685.665    -1702.449       16.784   324.6
124.8000      -1686.257    -1701.727       15.470   299.2
125.0000      -1686.774    -1701.587       14.813   286.5
125.2000      -1686.154    -1702.021       15.867   306.9
125.4000      -1686.498    -1702.205       15.707   303.8
125.6000      -1687.326    -1701.995       14.669   283.7
125.8000      -1686.646    -1701.284       14.638   283.1
126.0000      -1686.482    -1702.202       15.720   304.0
126.2000      -1688.281    -1702.733       14.452   279.5
126.4000      -1687.180    -1702.336       15.157   293.1
126.6000      -1686.673    -1701.659       14.986   289.9
126.8000      -1685.706    -1701.510       15.805   305.7
127.0000      -1685.401    -1701.796       16.395   317.1
127.2000      -1685.667    -1701.161       15.494   299.7
127.4000      -1685.351    -1701.988       16.638   321.8
127.6000      -1687.027    -1701.848       14.822   286.7
127.8000      -1685.939    -1702.869       16.930   327.4
128.0000      -1686.575    -1702.397       15.822   306.0
128.2000      -1687.272    -1701.888       14.616   282.7
128.4000      -1687.060    -1701.685       14.626   282.9
128.6000      -1686.884    -1702.324       15.440   298.6
128.8000      -1686.589    -1701.911       15.322   296.3
129.0000      -1686.257    -1702.208       15.951   308.5
129.2000      -1686.227    -1701.019       14.792   286.1
129.4000      -1686.874    -1701.830       14.956   289.3
129.6000      -1686.717    -1701.246       14.529   281.0
129.8000      -1686.825    -1702.242       15.416   298.2
130.0000      -1687.046    -1702.783       15.736   304.4
130.2000      -1688.631    -1702.991       14.360   277.7
130.4000      -1687.060    -1701.455       14.396   278.4
130.6000      -1686.057    -1702.173       16.116   311.7
130.8000      -1685.429    -1701.249       15.820   306.0
131.0000      -1685.142    -1701.328       16.186   313.0
131.2000      -1684.778    -1699.941       15.163   293.3
131.4000      -1685.421    -1701.437       16.016   309.8
131.6000      -1686.626    -1702.390       15.764   304.9
131.8000      -1685.645    -1701.134       15.489   299.6
132.0000      -1684.757    -1700.894       16.137   312.1
132.2000      -1686.673    -1702.929       16.256   314.4
132.4000      -1685.409    -1701.141       15.732   304.3
132.6000      -1685.721    -1701.114       15.392   297.7
132.8000      -1686.243    -1701.905       15.662   302.9
133.0000      -1686.604    -1702.136       15.532   300.4
133.2000      -1685.068    -1700.209       15.141   292.8
133.4000      -1685.434    -1700.030       14.597   282.3
133.6000      -1685.149    -1700.720       15.571   301.2
133.8000      -1686.184    -1701.436       15.252   295.0
134.0000      -1685.225    -1700.876       15.651   302.7
134.2000      -1685.712    -1701.147       15.435   298.5
134.4000      -1686.275    -1702.111       15.836   306.3
134.6000      -1685.625    -1701.143       15.518   300.1
134.8000      -1685.336    -1701.006       15.670   303.1
135.0000      -1685.418    -1701.470       16.053   310.5
135.2000      -1685.283    -1701.116       15.834   306.2
135.4000      -1686.054    -1701.408       15.354   297.0
135.6000      -1684.931    -1701.623       16.692   322.8
135.8000      -1685.494    -1701.782       16.288   315.0
136.0000      -1686.784    -1701.971       15.187   293.7
136.2000      -1687.174    -1702.548       15.374   297.3
136.4000      -1686.554    -1702.076       15.522   300.2
136.6000      -1686.994    -1702.445       15.451   298.8
136.8000      -1685.833    -1701.303       15.470   299.2
137.0000      -1685.551    -1700.998       15.447   298.8
137.2000      -1686.064    -1702.782       16.717   323.3
137.4000      -1687.000    -1702.205       15.206   294.1
137.6000      -1685.873    -1701.499       15.626   302.2
137.8000      -1685.593    -1700.975       15.382   297.5
138.0000      -1684.738    -1701.550       16.812   325.2
138.2000      -1685.631    -1701.143       15.512   300.0
138.4000      -1684.654    -1699.885       15.230   294.6
138.6000      -1684.966    -1700.677       15.711   303.9
138.8000      -1685.560    -1701.347       15.787   305.3
139.0000      -1685.567    -1702.227       16.661   322.2
139.2000      -1686.192    -1700.902       14.710   284.5
139.4000      -1684.992    -1701.174       16.182   313.0
139.6000      -1685.876    -1701.450       15.574   301.2
139.8000      -1686.003    -1701.829       15.826   306.1
140.0000      -1685.516    -1701.787       16.271   314.7
140.2000      -1686.407    -1702.114       15.707   303.8
140.4000      -1686.380    -1701.282       14.901   288.2
140.6000      -1686.365    -1701.252       14.886   287.9
140.8000      -1684.950    -1701.556       16.607   321.2
141.0000      -1684.594    -1700.705       16.112   311.6
141.2000      -1685.498    -1701.316       15.818   305.9
141.4000      -1685.687    -1701.171       15.484   299.5
141.6000      -1685.238    -1700.903       15.665   303.0
141.8000      -1684.130    -1700.207       16.076   310.9
142.0000      -1684.018    -1700.498       16.479   318.7
142.2000      -1682.941    -1700.513       17.572   339.9
142.4000      -1684.231    -1701.118       16.886   326.6
142.6000      -1684.604    -1700.661       16.057   310.6
142.8000      -1684.903    -1701.285       16.382   316.8
143.0000      -1685.187    -1700.150       14.964   289.4
143.2000      -1685.631    -1701.382       15.751   304.6
143.4000      -1686.689    -1701.770       15.081   291.7
143.6000      -1686.604    -1701.177       14.572   281.8
143.8000      -1686.249    -1701.280       15.031   290.7
144.0000      -1687.191    -1702.164       14.974   289.6
144.2000      -1687.870    -1702.326       14.456   279.6
144.4000      -1688.557    -1703.255       14.697   284.3
144.6000      -1688.478    -1702.131       13.654   264.1
144.8000      -1686.630    -1701.946       15.315   296.2
145.0000      -1685.602    -1701.097       15.496   299.7
145.2000      -1684.364    -1700.259       15.896   307.4
145.4000      -1684.362    -1700.732       16.370   316.6
145.6000      -1684.512    -1700.786       16.274   314.7
145.8000      -1684.234    -1700.095       15.861   306.8
146.0000      -1685.111    -1700.943       15.831   306.2
146.2000      -1686.911    -1702.813       15.902   307.6
146.4000      -1687.323    -1701.845       14.521   280.9
146.6000      -1686.437    -1701.772       15.335   296.6
146.8000      -1686.224    -1702.191       15.968   308.8
147.0000      -1685.436    -1701.157       15.721   304.1
147.2000      -1684.683    -1701.497       16.813   325.2
147.4000      -1685.179    -1702.836       17.657   341.5
147.6000      -1685.537    -1700.697       15.160   293.2
147.8000      -1684.820    -1701.336       16.516   319.4
148.0000      -1685.119    -1701.312       16.194   313.2
148.2000      -1686.077    -1701.932       15.855   306.7
148.4000      -1685.480    -1701.427       15.947   308.4
148.6000      -1686.810    -1702.486       15.677   303.2
148.8000      -1686.594    -1701.522       14.928   288.7
149.0000      -1686.203    -1702.119       15.916   307.8
149.2000      -1684.573    -1701.117       16.543   320.0
149.4000      -1684.918    -1700.896       15.979   309.0
149.6000      -1685.783    -1701.903       16.120   311.8
149.8000      -1685.393    -1701.209       15.816   305.9
150.0000      -1686.133    -1702.062       15.930   308.1
150.2000      -1686.953    -1702.426       15.473   299.3
150.4000      -1685.436    -1700.771       15.335   296.6
150.6000      -1686.243    -1700.697       14.455   279.6
150.8000      -1685.586    -1701.518       15.932   308.1
151.0000      -1685.867    -1701.048       15.181   293.6
151.2000      -1686.184    -1702.259       16.075   310.9
151.4000      -1686.375    -1701.976       15.600   301.7
151.6000      -1687.351    -1702.161       14.810   286.4
151.8000      -1686.018    -1701.778       15.759   304.8
152.0000      -1685.966    -1701.565       15.599   301.7
152.2000      -1685.548    -1701.175       15.627   302.2
152.4000      -1686.155    -1702.064       15.909   307.7
152.6000      -1686.297    -1702.047       15.749   304.6
152.8000      -1687.081    -1702.328       15.248   294.9
153.0000      -1687.686    -1703.132       15.446   298.7
153.2000      -1687.004    -1702.105       15.101   292.1
153.4000      -1685.099    -1701.693       16.594   320.9
153.6000      -1685.260    -1701.617       16.357   316.4
153.8000      -1685.260    -1701.379       16.119   311.8
154.0000      -1684.595    -1701.439       16.844   325.8
154.2000      -1685.965    -1701.432       15.467   299.1
154.4000      -1685.955    -1701.748       15.793   305.5
154.6000      -1687.267    -1702.227       14.960   289.3
154.8000      -1687.289    -1701.793       14.504   280.5
155.0000      -1686.712    -1702.206       15.493   299.7
155.2000      -1686.107    -1701.942       15.835   306.3
155.4000      -1685.928    -1701.162       15.234   294.6
155.6000      -1686.359    -1701.818       15.460   299.0
155.8000      -1686.843    -1701.709       14.866   287.5
156.0000      -1687.210    -1701.826       14.616   282.7
156.2000      -1687.216    -1702.434       15.218   294.3
156.4000      -1686.727    -1702.110       15.384   297.5
156.6000      -1685.151    -1701.145       15.995   309.3
156.8000      -1685.653    -1701.517       15.864   306.8
157.0000      -1685.951    -1702.035       16.083   311.1
157.2000      -1684.434    -1701.667       17.233   333.3
157.4000      -1685.488    -1700.540       15.052   291.1
157.6000      -1685.037    -1701.134       16.096   311.3
157.8000      -1684.154    -1700.396       16.242   314.1
158.0000      -1684.462    -1700.885       16.423   317.6
158.2000      -1685.025    -1701.158       16.133   312.0
158.4000      -1685.463    -1700.961       15.498   299.7
158.6000      -1685.266    -1701.093       15.827   306.1
158.8000      -1684.837    -1701.174       16.337   316.0
159.0000      -1686.442    -1701.620       15.178   293.6
159.2000      -1685.888    -1702.425       16.537   319.8
159.4000      -1685.750    -1700.549       14.798   286.2
159.6000      -1686.765    -1701.579       14.813   286.5
159.8000      -1687.330    -1701.234       13.905   268.9
160.0000      -1687.140    -1701.691       14.552   281.4
160.2000      -1686.325    -1701.797       15.473   299.3
160.4000      -1686.548    -1701.384       14.836   286.9
160.6000      -1686.728    -1701.810       15.082   291.7
160.8000      -1686.044    -1701.793       15.750   304.6
161.0000      -1686.351    -1703.485       17.134   331.4
161.2000      -1687.429    -1702.345       14.916   288.5
161.4000      -1686.770    -1702.356       15.586   301.5
161.6000      -1686.954    -1702.214       15.260   295.1
161.8000      -1687.073    -1701.824       14.751   285.3
162.0000      -1687.614    -1701.981       14.368   277.9
162.2000      -1686.892    -1701.873       14.981   289.7
162.4000      -1685.984    -1701.399       15.415   298.1
162.6000      -1685.673    -1700.979       15.306   296.0
162.8000      -1686.222    -1702.241       16.019   309.8
163.0000      -1685.799    -1701.748       15.949   308.5
163.2000      -1686.238    -1701.809       15.571   301.2
163.4000      -1686.251    -1701.673       15.421   298.3
163.6000      -1685.644    -1701.463       15.819   305.9
163.8000      -1684.691    -1700.915       16.224   313.8
164.0000      -1686.570    -1701.325       14.754   285.4
164.2000      -1685.420    -1700.923       15.503   299.8
164.4000      -1685.903    -1701.405       15.502   299.8
164.6000      -1685.677    -1700.707       15.029   290.7
164.8000      -1686.510    -1701.765       15.255   295.0
165.0000      -1687.537    -1701.157       13.620   263.4
165.2000      -1687.556    -1702.219       14.663   283.6
165.4000      -1686.600    -1701.677       15.076   291.6
165.6000      -1686.290    -1700.641       14.351   277.6
165.8000      -1685.806    -1701.280       15.474   299.3
166.0000      -1685.340    -1701.227       15.888   307.3
166.2000      -1685.545    -1701.862       16.317   315.6
166.4000      -1685.770    -1701.635       15.865   306.8
166.6000      -1685.144    -1701.146       16.002   309.5
166.8000      -1685.939    -1700.829       14.889   288.0
167.0000      -1686.116    -1701.465       15.349   296.9
167.2000      -1686.650    -1702.380       15.729   304.2
167.4000      -1686.894    -1701.354       14.460   279.7
167.6000      -1686.421    -1701.768       15.347   296.8
167.8000      -1685.403    -1702.162       16.759   324.1
168.0000      -1687.254    -1701.932       14.678   283.9
168.2000      -1685.826    -1701.084       15.259   295.1
168.4000      -1684.690    -1700.700       16.009   309.6
168.6000      -1686.067    -1701.135       15.068   291.4
168.8000      -1686.221    -1701.813       15.592   301.6
169.0000      -1687.104    -1702.638       15.534   300.4
169.2000      -1687.370    -1703.003       15.633   302.4
169.4000      -1686.872    -1701.372       14.500   280.4
169.6000      -1687.247    -1703.042       15.795   305.5
169.8000      -1687.870    -1702.046       14.176   274.2
170.0000      -1686.808    -1701.871       15.063   291.3
170.2000      -1686.298    -1701.506       15.208   294.1
170.4000      -1685.362    -1700.830       15.469   299.2
170.6000      -1685.713    -1701.567       15.854   306.6
170.8000      -1685.498    -1700.584       15.086   291.8
171.0000      -1685.189    -1701.487       16.298   315.2
171.2000      -1686.591    -1701.535       14.944   289.0
171.4000      -1685.474    -1701.334       15.860   306.7
171.6000      -1686.930    -1702.365       15.435   298.5
171.8000      -1687.712    -1702.377       14.664   283.6
172.0000      -1686.927    -1702.931       16.003   309.5
172.2000      -1686.796    -1703.064       16.268   314.6
172.4000      -1686.990    -1702.479       15.489   299.6
172.6000      -1687.861    -1703.353       15.492   299.6
172.8000      -1688.019    -1702.329       14.310   276.8
173.0000      -1686.943    -1702.698       15.755   304.7
173.2000      -1687.014    -1701.724       14.710   284.5
173.4000      -1686.734    -1702.285       15.551   300.8
173.6000      -1687.519    -1703.393       15.874   307.0
173.8000      -1686.338    -1702.204       15.866   306.9
174.0000      -1686.294    -1701.970       15.676   303.2
174.2000      -1687.112    -1702.341       15.229   294.5
174.4000      -1686.772    -1702.658       15.886   307.3
174.6000      -1686.836    -1702.241       15.406   298.0
174.8000      -1686.993    -1701.451       14.458   279.6
175.0000      -1687.839    -1702.467       14.628   282.9
175.2000      -1686.495    -1701.217       14.723   284.8
175.4000      -1686.703    -1702.842       16.139   312.1
175.6000      -1686.476    -1702.771       16.295   315.2
175.8000      -1686.194    -1701.208       15.014   290.4
176.0000      -1687.228    -1701.829       14.601   282.4
176.2000      -1687.395    -1701.537       14.142   273.5
176.4000      -1686.984    -1702.682       15.699   303.6
176.6000      -1686.404    -1701.725       15.321   296.3
176.8000      -1686.281    -1701.705       15.424   298.3
177.0000      -1684.997    -1701.161       16.164   312.6
177.2000      -1685.345    -1700.799       15.454   298.9
177.4000      -1685.014    -1700.274       15.261   295.2
177.6000      -1686.458    -1701.878       15.420   298.2
177.8000      -1686.395    -1701.847       15.452   298.9
178.0000      -1686.832    -1702.066       15.234   294.6
178.2000      -1684.732    -1701.675       16.943   327.7
178.4000      -1686.361    -1701.664       15.303   296.0
178.6000      -1686.159    -1702.054       15.896   307.4
178.8000      -1685.837    -1701.312       15.475   299.3
179.0000      -1686.328    -1701.963       15.635   302.4
179.2000      -1685.688    -1701.594       15.905   307.6
179.4000      -1686.908    -1701.316       14.408   278.7
179.6000      -1686.612    -1701.735       15.123   292.5
179.8000      -1686.795    -1702.469       15.675   303.2
180.0000      -1686.959    -1701.423       14.464   279.7
180.2000      -1688.303    -1702.768       14.465   279.8
180.4000      -1687.083    -1702.662       15.579   301.3
180.6000      -1687.305    -1702.347       15.042   290.9
180.8000      -1686.642    -1702.724       16.082   311.0
181.0000      -1685.960    -1701.565       15.605   301.8
181.2000      -1685.834    -1701.508       15.674   303.2
181.4000      -1687.349    -1702.786       15.437   298.6
181.6000      -1685.454    -1701.304       15.849   306.5
181.8000      -1686.591    -1703.083       16.492   319.0
182.0000      -1686.280    -1702.592       16.312   315.5
182.2000      -1687.589    -1702.895       15.306   296.0
182.4000      -1687.103    -1703.257       16.154   312.4
182.6000      -1687.069    -1702.679       15.610   301.9
182.8000      -1686.646    -1701.991       15.345   296.8
183.0000      -1686.294    -1702.366       16.071   310.8
183.2000      -1686.892    -1702.173       15.281   295.5
183.4000      -1687.260    -1701.857       14.597   282.3
183.6000      -1686.706    -1701.469       14.763   285.5
183.8000      -1686.398    -1701.530       15.131   292.6
184.0000      -1686.116    -1701.976       15.860   306.8
184.2000      -1685.425    -1701.882       16.456   318.3
184.4000      -1685.365    -1701.077       15.713   303.9
184.6000      -1685.811    -1701.830       16.019   309.8
184.8000      -1686.548    -1701.940       15.392   297.7
185.0000      -1686.532    -1701.592       15.060   291.3
185.2000      -1685.886    -1701.644       15.758   304.8
185.4000      -1686.341    -1702.297       15.956   308.6
185.6000      -1685.665    -1701.568       15.903   307.6
185.8000      -1685.681    -1701.368       15.687   303.4
186.0000      -1687.992    -1703.353       15.361   297.1
186.2000      -1687.772    -1702.607       14.835   286.9
186.4000      -1686.451    -1702.236       15.785   305.3
186.6000      -1686.287    -1701.461       15.174   293.5
186.8000      -1686.116    -1701.254       15.138   292.8
187.0000      -1686.413    -1702.099       15.685   303.4
187.2000      -1685.906    -1702.144       16.238   314.1
187.4000      -1685.657    -1701.507       15.850   306.5
187.6000      -1686.320    -1702.220       15.900   307.5
187.8000      -1686.179    -1701.798       15.619   302.1
188.0000      -1685.487    -1701.676       16.188   313.1
188.2000      -1685.927    -1701.795       15.868   306.9
188.4000      -1685.688    -1702.293       16.606   321.2
188.6000      -1685.424    -1701.378       15.954   308.6
188.8000      -1684.276    -1700.790       16.515   319.4
189.0000      -1685.690    -1701.436       15.746   304.5
189.2000      -1685.957    -1701.082       15.125   292.5
189.4000      -1686.308    -1702.478       16.170   312.7
189.6000      -1685.951    -1702.203       16.252   314.3
189.8000      -1686.047    -1701.947       15.900   307.5
190.0000      -1685.999    -1702.205       16.206   313.4
190.2000      -1685.662    -1701.029       15.366   297.2
190.4000      -1685.803    -1701.807       16.004   309.5
190.6000      -1686.227    -1701.925       15.698   303.6
190.8000      -1686.587    -1702.837       16.249   314.3
191.0000      -1686.602    -1702.725       16.123   311.8
191.2000      -1686.625    -1701.594       14.969   289.5
191.4000      -1686.670    -1702.401       15.731   304.3
191.6000      -1688.008    -1702.394       14.386   278.2
191.8000      -1686.570    -1702.364       15.794   305.5
192.0000      -1687.831    -1702.362       14.531   281.0
192.2000      -1687.853    -1702.511       14.658   283.5
192.4000      -1688.614    -1702.830       14.216   275.0
192.6000      -1688.712    -1702.250       13.537   261.8
192.8000      -1687.085    -1701.068       13.983   270.4
193.0000      -1687.741    -1703.350       15.609   301.9
193.2000      -1687.906    -1703.428       15.521   300.2
193.4000      -1687.753    -1702.925       15.172   293.4
193.6000      -1686.998    -1702.422       15.424   298.3
193.8000      -1686.024    -1701.493       15.469   299.2
194.0000      -1685.664    -1701.740       16.076   310.9
194.2000      -1686.356    -1701.663       15.307   296.1
194.4000      -1686.869    -1703.408       16.539   319.9
194.6000      -1687.481    -1702.930       15.449   298.8
194.8000      -1687.030    -1702.577       15.547   300.7
195.0000      -1687.666    -1703.149       15.483   299.4
195.2000      -1688.331    -1703.288       14.957   289.3
195.4000      -1686.713    -1702.398       15.685   303.4
195.6000      -1688.237    -1703.677       15.441   298.6
195.8000      -1688.561    -1702.098       13.537   261.8
196.0000      -1688.071    -1703.530       15.459   299.0
196.2000      -1687.380    -1702.899       15.520   300.2
196.4000      -1687.939    -1703.073       15.134   292.7
196.6000      -1686.789    -1701.901       15.112   292.3
196.8000      -1686.639    -1702.236       15.597   301.7
197.0000      -1686.211    -1702.514       16.303   315.3
197.2000      -1686.273    -1702.539       16.266   314.6
197.4000      -1686.076    -1702.077       16.001   309.5
197.6000      -1685.274    -1701.275       16.001   309.5
197.8000      -1686.114    -1701.321       15.208   294.1
198.0000      -1685.451    -1701.959       16.508   319.3
198.2000      -1687.103    -1702.837       15.734   304.3
198.4000      -1687.337    -1702.654       15.316   296.2
198.6000      -1687.179    -1702.684       15.505   299.9
198.8000      -1687.114    -1702.267       15.152   293.1
199.0000      -1686.578    -1702.899       16.322   315.7
199.2000      -1686.700    -1701.663       14.962   289.4
199.4000      -1687.007    -1702.511       15.503   299.8
199.6000      -1686.973    -1702.482       15.508   299.9
199.8000      -1686.529    -1702.187       15.658   302.8
200.0000      -1687.345    -1702.893       15.549   300.7
