Time[ps]      Etot[eV]     Epot[eV]     Ekin[eV]    T[K]
0.0000        -1673.968    -1694.892       20.923   404.7
0.2000        -1673.122    -1693.257       20.135   389.4
0.4000        -1674.169    -1694.029       19.859   384.1
0.6000        -1673.478    -1693.637       20.159   389.9
0.8000        -1672.810    -1693.429       20.618   398.8
1.0000        -1672.971    -1693.765       20.793   402.2
1.2000        -1671.739    -1691.734       19.995   386.7
1.4000        -1671.436    -1692.728       21.292   411.8
1.6000        -1671.535    -1693.477       21.942   424.4
1.8000        -1671.347    -1692.888       21.541   416.6
2.0000        -1671.817    -1691.879       20.061   388.0
2.2000        -1671.444    -1693.247       21.804   421.7
2.4000        -1672.868    -1692.855       19.986   386.6
2.6000        -1674.239    -1694.594       20.355   393.7
2.8000        -1672.611    -1693.917       21.306   412.1
3.0000        -1673.869    -1694.525       20.656   399.5
3.2000        -1672.570    -1694.042       21.472   415.3
3.4000        -1672.877    -1694.645       21.767   421.0
3.6000        -1674.473    -1695.160       20.688   400.1
3.8000        -1675.513    -1695.317       19.804   383.0
4.0000        -1675.152    -1695.443       20.291   392.4
4.2000        -1675.164    -1696.023       20.859   403.4
4.4000        -1675.345    -1695.461       20.117   389.1
4.6000        -1674.590    -1694.647       20.057   387.9
4.8000        -1675.338    -1695.103       19.765   382.3
5.0000        -1676.052    -1694.652       18.600   359.7
5.2000        -1674.024    -1694.639       20.616   398.7
5.4000        -1674.061    -1695.058       20.997   406.1
5.6000        -1674.061    -1695.098       21.037   406.9
5.8000        -1674.269    -1694.457       20.188   390.5
6.0000        -1673.458    -1694.907       21.450   414.9
6.2000        -1674.353    -1694.583       20.230   391.3
6.4000        -1675.215    -1694.530       19.315   373.6
6.6000        -1675.825    -1696.328       20.503   396.5
6.8000        -1674.016    -1693.959       19.943   385.7
7.0000        -1672.881    -1694.273       21.393   413.7
7.2000        -1673.805    -1694.905       21.100   408.1
7.4000        -1673.483    -1695.182       21.699   419.7
7.6000        -1672.477    -1694.504       22.027   426.0
7.8000        -1673.219    -1694.492       21.273   411.4
8.0000        -1673.987    -1695.117       21.130   408.7
8.2000        -1675.738    -1695.626       19.888   384.6
8.4000        -1674.241    -1695.644       21.403   414.0
8.6000        -1673.920    -1695.093       21.173   409.5
8.8000        -1673.517    -1694.082       20.565   397.7
9.0000        -1672.857    -1694.713       21.856   422.7
9.2000        -1675.423    -1695.850       20.427   395.1
9.4000        -1675.152    -1696.315       21.162   409.3
9.6000        -1675.633    -1695.324       19.691   380.8
9.8000        -1677.350    -1696.786       19.436   375.9
10.0000       -1675.529    -1695.680       20.150   389.7
10.2000       -1676.447    -1696.833       20.385   394.3
10.4000       -1676.699    -1696.658       19.959   386.0
10.6000       -1676.913    -1696.242       19.329   373.8
10.8000       -1676.106    -1696.259       20.153   389.8
11.0000       -1674.610    -1695.654       21.044   407.0
11.2000       -1677.209    -1697.057       19.847   383.9
11.4000       -1675.484    -1695.583       20.099   388.7
11.6000       -1675.290    -1695.303       20.014   387.1
11.8000       -1673.769    -1695.326       21.557   416.9
12.0000       -1672.830    -1694.001       21.170   409.5
12.2000       -1674.281    -1694.769       20.488   396.3
12.4000       -1674.617    -1695.641       21.024   406.6
12.6000       -1674.822    -1695.602       20.780   401.9
12.8000       -1674.947    -1696.058       21.111   408.3
13.0000       -1675.856    -1697.184       21.328   412.5
13.2000       -1675.985    -1696.333       20.348   393.5
13.4000       -1675.327    -1695.889       20.561   397.7
13.6000       -1673.939    -1695.654       21.716   420.0
13.8000       -1673.684    -1695.649       21.964   424.8
14.0000       -1674.636    -1695.732       21.096   408.0
14.2000       -1675.467    -1696.159       20.692   400.2
14.4000       -1675.359    -1695.714       20.355   393.7
14.6000       -1676.176    -1696.731       20.555   397.5
14.8000       -1676.351    -1696.312       19.961   386.1
15.0000       -1677.413    -1697.203       19.789   382.7
15.2000       -1675.650    -1697.022       21.372   413.3
15.4000       -1676.470    -1695.426       18.956   366.6
15.6000       -1675.684    -1696.283       20.598   398.4
15.8000       -1675.489    -1695.792       20.303   392.7
16.0000       -1674.834    -1695.208       20.373   394.0
16.2000       -1676.337    -1696.562       20.225   391.2
16.4000       -1675.319    -1696.648       21.329   412.5
16.6000       -1677.480    -1696.575       19.095   369.3
16.8000       -1678.245    -1697.984       19.739   381.8
17.0000       -1676.636    -1696.028       19.392   375.1
17.2000       -1674.265    -1695.297       21.032   406.8
17.4000       -1674.668    -1694.725       20.057   387.9
17.6000       -1673.947    -1695.304       21.357   413.1
17.8000       -1673.798    -1694.902       21.104   408.2
18.0000       -1674.074    -1695.719       21.645   418.6
18.2000       -1673.447    -1695.248       21.801   421.6
18.4000       -1672.632    -1695.551       22.919   443.3
18.6000       -1675.139    -1695.261       20.122   389.2
18.8000       -1674.202    -1694.465       20.263   391.9
19.0000       -1672.771    -1693.886       21.115   408.4
19.2000       -1672.891    -1695.209       22.317   431.6
19.4000       -1673.174    -1694.631       21.457   415.0
19.6000       -1674.012    -1695.370       21.358   413.1
19.8000       -1675.232    -1696.042       20.810   402.5
20.0000       -1676.466    -1695.909       19.443   376.0
20.2000       -1675.184    -1695.344       20.160   389.9
20.4000       -1675.678    -1695.780       20.101   388.8
20.6000       -1674.711    -1695.642       20.931   404.8
20.8000       -1675.362    -1696.484       21.122   408.5
21.0000       -1674.539    -1695.300       20.761   401.5
21.2000       -1674.678    -1696.382       21.704   419.8
21.4000       -1673.111    -1695.247       22.136   428.1
21.6000       -1674.436    -1695.114       20.678   399.9
21.8000       -1673.234    -1694.694       21.459   415.0
22.0000       -1673.785    -1694.886       21.100   408.1
22.2000       -1673.698    -1695.151       21.452   414.9
22.4000       -1674.984    -1695.308       20.324   393.1
22.6000       -1675.188    -1695.450       20.262   391.9
22.8000       -1676.069    -1696.091       20.021   387.2
23.0000       -1676.268    -1696.140       19.872   384.3
23.2000       -1674.753    -1695.992       21.239   410.8
23.4000       -1675.588    -1695.768       20.181   390.3
23.6000       -1673.934    -1695.391       21.458   415.0
23.8000       -1673.412    -1694.896       21.484   415.5
24.0000       -1674.566    -1694.629       20.063   388.0
24.2000       -1673.760    -1694.821       21.062   407.3
24.4000       -1674.051    -1695.707       21.656   418.9
24.6000       -1673.762    -1695.113       21.351   412.9
24.8000       -1674.550    -1695.758       21.208   410.2
25.0000       -1677.447    -1697.044       19.597   379.0
25.2000       -1676.075    -1696.175       20.100   388.8
25.4000       -1675.913    -1696.992       21.078   407.7
25.6000       -1676.197    -1697.027       20.830   402.9
25.8000       -1676.785    -1696.808       20.023   387.3
26.0000       -1675.201    -1695.915       20.714   400.6
26.2000       -1673.828    -1694.636       20.808   402.4
26.4000       -1673.975    -1695.038       21.063   407.4
26.6000       -1674.595    -1696.082       21.487   415.6
26.8000       -1673.623    -1695.732       22.109   427.6
27.0000       -1674.104    -1694.531       20.427   395.1
27.2000       -1674.192    -1695.015       20.822   402.7
27.4000       -1672.464    -1695.113       22.649   438.1
27.6000       -1674.612    -1695.850       21.238   410.8
27.8000       -1674.259    -1694.892       20.633   399.1
28.0000       -1675.888    -1696.238       20.350   393.6
28.2000       -1677.354    -1696.971       19.617   379.4
28.4000       -1678.172    -1697.171       18.999   367.5
28.6000       -1676.550    -1696.264       19.714   381.3
28.8000       -1675.065    -1695.666       20.602   398.5
29.0000       -1677.157    -1696.768       19.611   379.3
29.2000       -1677.426    -1696.577       19.151   370.4
29.4000       -1677.069    -1696.655       19.586   378.8
29.6000       -1676.210    -1696.333       20.123   389.2
29.8000       -1677.068    -1697.604       20.535   397.2
30.0000       -1675.620    -1696.469       20.849   403.2
30.2000       -1674.443    -1695.759       21.316   412.3
30.4000       -1673.058    -1694.789       21.731   420.3
30.6000       -1675.184    -1695.960       20.776   401.8
30.8000       -1675.391    -1696.674       21.283   411.6
31.0000       -1675.547    -1696.638       21.091   407.9
31.2000       -1674.513    -1695.236       20.723   400.8
31.4000       -1675.373    -1696.163       20.790   402.1
31.6000       -1675.140    -1695.684       20.544   397.3
31.8000       -1675.746    -1695.348       19.602   379.1
32.0000       -1677.354    -1697.036       19.682   380.7
32.2000       -1676.435    -1696.454       20.018   387.2
32.4000       -1676.866    -1696.541       19.674   380.5
32.6000       -1676.886    -1696.570       19.684   380.7
32.8000       -1677.527    -1696.672       19.145   370.3
33.0000       -1676.699    -1697.285       20.586   398.1
33.2000       -1676.880    -1696.958       20.078   388.3
33.4000       -1675.792    -1696.836       21.044   407.0
33.6000       -1676.108    -1697.052       20.944   405.1
33.8000       -1676.818    -1696.808       19.990   386.6
34.0000       -1675.913    -1696.864       20.951   405.2
34.2000       -1674.753    -1694.876       20.123   389.2
34.4000       -1674.943    -1695.605       20.662   399.6
34.6000       -1675.740    -1695.675       19.934   385.5
34.8000       -1675.554    -1697.854       22.300   431.3
35.0000       -1675.990    -1697.200       21.209   410.2
35.2000       -1674.265    -1696.351       22.086   427.2
35.4000       -1674.931    -1695.539       20.608   398.6
35.6000       -1675.266    -1695.105       19.839   383.7
35.8000       -1676.177    -1696.290       20.112   389.0
36.0000       -1677.139    -1697.065       19.926   385.4
36.2000       -1676.691    -1697.084       20.393   394.4
36.4000       -1676.651    -1697.544       20.893   404.1
36.6000       -1676.172    -1697.332       21.160   409.3
36.8000       -1675.292    -1697.202       21.910   423.8
37.0000       -1675.891    -1696.911       21.020   406.6
37.2000       -1676.393    -1696.677       20.284   392.3
37.4000       -1676.843    -1697.165       20.322   393.0
37.6000       -1677.757    -1697.975       20.218   391.0
37.8000       -1677.637    -1697.848       20.211   390.9
38.0000       -1678.325    -1697.822       19.497   377.1
38.2000       -1679.191    -1697.785       18.593   359.6
38.4000       -1679.127    -1698.641       19.514   377.4
38.6000       -1678.057    -1697.840       19.783   382.6
38.8000       -1676.936    -1697.669       20.733   401.0
39.0000       -1677.818    -1697.314       19.496   377.1
39.2000       -1678.406    -1697.738       19.332   373.9
39.4000       -1676.252    -1696.799       20.546   397.4
39.6000       -1675.960    -1697.613       21.653   418.8
39.8000       -1676.345    -1697.190       20.845   403.2
40.0000       -1676.276    -1696.501       20.225   391.2
40.2000       -1677.020    -1697.981       20.961   405.4
40.4000       -1677.997    -1697.774       19.778   382.5
40.6000       -1677.262    -1697.776       20.515   396.8
40.8000       -1676.438    -1697.365       20.927   404.8
41.0000       -1677.281    -1697.933       20.652   399.4
41.2000       -1677.666    -1697.269       19.603   379.1
41.4000       -1677.589    -1697.456       19.867   384.2
41.6000       -1676.049    -1697.828       21.780   421.2
41.8000       -1677.003    -1697.933       20.930   404.8
42.0000       -1678.134    -1698.744       20.610   398.6
42.2000       -1678.809    -1698.587       19.778   382.5
42.4000       -1677.828    -1697.059       19.231   371.9
42.6000       -1676.347    -1697.730       21.383   413.6
42.8000       -1679.559    -1699.320       19.760   382.2
43.0000       -1679.114    -1699.705       20.592   398.3
43.2000       -1677.996    -1699.505       21.509   416.0
43.4000       -1677.272    -1697.445       20.173   390.2
43.6000       -1678.249    -1698.448       20.200   390.7
43.8000       -1676.773    -1697.808       21.036   406.8
44.0000       -1677.787    -1698.849       21.062   407.4
44.2000       -1677.844    -1697.723       19.879   384.5
44.4000       -1677.441    -1698.393       20.952   405.2
44.6000       -1676.326    -1697.345       21.019   406.5
44.8000       -1676.762    -1696.814       20.053   387.8
45.0000       -1675.153    -1695.648       20.495   396.4
45.2000       -1677.705    -1697.792       20.087   388.5
45.4000       -1676.752    -1696.543       19.791   382.8
45.6000       -1676.475    -1697.790       21.315   412.3
45.8000       -1678.152    -1697.464       19.311   373.5
46.0000       -1677.375    -1698.347       20.972   405.6
46.2000       -1678.155    -1698.855       20.700   400.4
46.4000       -1678.724    -1699.297       20.574   397.9
46.6000       -1677.814    -1698.631       20.818   402.6
46.8000       -1676.897    -1697.788       20.891   404.1
47.0000       -1678.275    -1697.523       19.248   372.3
47.2000       -1676.166    -1697.927       21.762   420.9
47.4000       -1677.077    -1697.044       19.967   386.2
47.6000       -1676.967    -1698.313       21.346   412.9
47.8000       -1676.983    -1696.628       19.645   380.0
48.0000       -1677.570    -1697.716       20.146   389.6
48.2000       -1676.551    -1698.324       21.774   421.1
48.4000       -1677.954    -1698.168       20.213   390.9
48.6000       -1678.246    -1698.205       19.959   386.0
48.8000       -1677.780    -1698.350       20.570   397.8
49.0000       -1676.758    -1697.426       20.668   399.7
49.2000       -1676.888    -1697.377       20.489   396.3
49.4000       -1676.132    -1698.197       22.065   426.8
49.6000       -1674.920    -1697.434       22.514   435.4
49.8000       -1674.900    -1696.519       21.618   418.1
50.0000       -1677.597    -1697.781       20.184   390.4
50.2000       -1676.522    -1696.886       20.365   393.9
50.4000       -1674.894    -1696.969       22.075   427.0
50.6000       -1676.437    -1695.949       19.512   377.4
50.8000       -1676.302    -1696.457       20.155   389.8
51.0000       -1676.179    -1697.313       21.134   408.7
51.2000       -1676.293    -1698.227       21.934   424.2
51.4000       -1676.003    -1698.620       22.617   437.4
51.6000       -1676.617    -1696.571       19.953   385.9
51.8000       -1676.802    -1697.713       20.911   404.4
52.0000       -1675.756    -1696.668       20.913   404.5
52.2000       -1675.276    -1696.209       20.933   404.9
52.4000       -1675.254    -1697.342       22.088   427.2
52.6000       -1676.458    -1697.471       21.013   406.4
52.8000       -1676.292    -1697.683       21.391   413.7
53.0000       -1676.357    -1697.262       20.905   404.3
53.2000       -1677.144    -1697.979       20.835   403.0
53.4000       -1677.312    -1697.130       19.817   383.3
53.6000       -1678.089    -1697.659       19.570   378.5
53.8000       -1677.482    -1697.508       20.027   387.3
54.0000       -1676.393    -1697.397       21.004   406.2
54.2000       -1678.576    -1698.444       19.868   384.3
54.4000       -1678.033    -1697.211       19.177   370.9
54.6000       -1676.591    -1696.659       20.067   388.1
54.8000       -1676.210    -1697.836       21.625   418.3
55.0000       -1675.195    -1696.704       21.509   416.0
55.2000       -1676.066    -1697.307       21.241   410.8
55.4000       -1676.096    -1697.490       21.395   413.8
55.6000       -1676.286    -1697.446       21.160   409.2
55.8000       -1676.807    -1697.464       20.657   399.5
56.0000       -1675.409    -1696.381       20.972   405.6
56.2000       -1675.954    -1696.706       20.751   401.3
56.4000       -1677.433    -1696.076       18.644   360.6
56.6000       -1677.507    -1697.437       19.930   385.5
56.8000       -1676.245    -1697.802       21.557   416.9
57.0000       -1677.246    -1697.589       20.343   393.5
57.2000       -1676.347    -1697.762       21.415   414.2
57.4000       -1676.939    -1697.833       20.893   404.1
57.6000       -1677.359    -1698.266       20.907   404.4
57.8000       -1678.115    -1698.673       20.558   397.6
58.0000       -1678.757    -1698.868       20.111   389.0
58.2000       -1677.916    -1698.382       20.466   395.8
58.4000       -1675.445    -1696.767       21.322   412.4
58.6000       -1676.308    -1696.951       20.642   399.2
58.8000       -1675.741    -1696.690       20.949   405.2
59.0000       -1675.102    -1696.940       21.838   422.4
59.2000       -1676.578    -1697.003       20.425   395.0
59.4000       -1678.220    -1697.126       18.907   365.7
59.6000       -1678.257    -1697.888       19.631   379.7
59.8000       -1677.002    -1698.361       21.359   413.1
60.0000       -1677.640    -1698.353       20.713   400.6
60.2000       -1678.829    -1699.397       20.568   397.8
60.4000       -1677.705    -1698.351       20.646   399.3
60.6000       -1677.173    -1697.708       20.535   397.2
60.8000       -1677.881    -1697.205       19.324   373.7
61.0000       -1678.377    -1698.862       20.485   396.2
61.2000       -1678.118    -1699.617       21.499   415.8
61.4000       -1676.441    -1697.165       20.725   400.8
61.6000       -1675.396    -1697.573       22.177   428.9
61.8000       -1675.358    -1696.698       21.340   412.7
62.0000       -1676.072    -1697.401       21.329   412.5
62.2000       -1677.572    -1698.499       20.927   404.7
62.4000       -1679.290    -1698.473       19.183   371.0
62.6000       -1679.253    -1699.431       20.178   390.3
62.8000       -1679.036    -1698.730       19.694   380.9
63.0000       -1679.382    -1698.548       19.166   370.7
63.2000       -1678.562    -1698.509       19.947   385.8
63.4000       -1678.316    -1697.921       19.605   379.2
63.6000       -1677.855    -1697.779       19.923   385.3
63.8000       -1677.262    -1697.975       20.712   400.6
64.0000       -1676.125    -1697.472       21.347   412.9
64.2000       -1677.011    -1697.961       20.950   405.2
64.4000       -1676.955    -1697.976       21.021   406.6
64.6000       -1677.449    -1698.226       20.777   401.9
64.8000       -1677.966    -1697.833       19.868   384.3
65.0000       -1676.985    -1697.298       20.314   392.9
65.2000       -1677.911    -1697.983       20.072   388.2
65.4000       -1677.416    -1696.700       19.284   373.0
65.6000       -1678.239    -1698.020       19.781   382.6
65.8000       -1676.396    -1696.629       20.233   391.3
66.0000       -1677.423    -1697.985       20.562   397.7
66.2000       -1677.985    -1698.035       20.050   387.8
66.4000       -1678.440    -1697.964       19.523   377.6
66.6000       -1678.066    -1697.691       19.625   379.6
66.8000       -1678.175    -1697.133       18.958   366.7
67.0000       -1678.032    -1698.275       20.243   391.5
67.2000       -1675.543    -1696.360       20.818   402.6
67.4000       -1676.264    -1698.295       22.030   426.1
67.6000       -1675.842    -1696.445       20.603   398.5
67.8000       -1676.658    -1696.566       19.908   385.0
68.0000       -1676.706    -1697.894       21.188   409.8
68.2000       -1674.432    -1696.798       22.366   432.6
68.4000       -1676.004    -1696.887       20.883   403.9
68.6000       -1676.308    -1697.344       21.036   406.8
68.8000       -1676.719    -1696.501       19.782   382.6
69.0000       -1677.688    -1697.533       19.845   383.8
69.2000       -1677.580    -1698.666       21.086   407.8
69.4000       -1678.649    -1699.020       20.371   394.0
69.6000       -1677.064    -1698.785       21.720   420.1
69.8000       -1677.495    -1697.516       20.020   387.2
70.0000       -1677.739    -1698.590       20.852   403.3
70.2000       -1678.606    -1699.630       21.023   406.6
70.4000       -1679.236    -1698.802       19.566   378.4
70.6000       -1679.018    -1698.969       19.951   385.9
70.8000       -1679.304    -1698.355       19.052   368.5
71.0000       -1679.266    -1698.424       19.158   370.5
71.2000       -1677.071    -1697.536       20.465   395.8
71.4000       -1674.966    -1696.390       21.424   414.4
71.6000       -1676.383    -1697.694       21.311   412.2
71.8000       -1676.982    -1697.242       20.260   391.8
72.0000       -1677.152    -1697.315       20.163   390.0
72.2000       -1676.672    -1697.392       20.720   400.7
72.4000       -1677.424    -1697.186       19.762   382.2
72.6000       -1675.574    -1696.636       21.062   407.4
72.8000       -1676.183    -1698.300       22.117   427.8
73.0000       -1677.327    -1698.515       21.188   409.8
73.2000       -1677.573    -1697.227       19.654   380.1
73.4000       -1677.861    -1697.878       20.016   387.1
73.6000       -1676.724    -1697.928       21.204   410.1
73.8000       -1677.430    -1698.367       20.937   404.9
74.0000       -1678.316    -1698.428       20.112   389.0
74.2000       -1676.593    -1697.848       21.255   411.1
74.4000       -1676.709    -1698.142       21.433   414.5
74.6000       -1677.316    -1698.266       20.950   405.2
74.8000       -1677.455    -1698.399       20.944   405.1
75.0000       -1677.825    -1698.047       20.222   391.1
75.2000       -1677.806    -1699.061       21.254   411.1
75.4000       -1678.283    -1698.456       20.172   390.2
75.6000       -1678.456    -1698.994       20.538   397.2
75.8000       -1677.577    -1698.731       21.154   409.1
76.0000       -1677.574    -1698.035       20.460   395.7
76.2000       -1677.229    -1698.195       20.966   405.5
76.4000       -1676.825    -1697.617       20.792   402.1
76.6000       -1676.754    -1698.324       21.571   417.2
76.8000       -1676.717    -1697.579       20.862   403.5
77.0000       -1678.274    -1699.654       21.380   413.5
77.2000       -1676.287    -1696.957       20.671   399.8
77.4000       -1678.548    -1698.187       19.639   379.8
77.6000       -1678.834    -1699.460       20.626   398.9
77.8000       -1679.384    -1698.717       19.333   373.9
78.0000       -1678.730    -1699.198       20.468   395.9
78.2000       -1679.029    -1698.722       19.693   380.9
78.4000       -1679.178    -1699.002       19.824   383.4
78.6000       -1679.052    -1698.826       19.774   382.5
78.8000       -1677.113    -1697.424       20.311   392.8
79.0000       -1678.287    -1698.770       20.482   396.1
79.2000       -1678.503    -1697.783       19.280   372.9
79.4000       -1676.661    -1697.933       21.272   411.4
79.6000       -1676.595    -1696.776       20.182   390.3
79.8000       -1675.980    -1697.762       21.782   421.3
80.0000       -1677.703    -1699.004       21.301   412.0
80.2000       -1676.162    -1697.582       21.420   414.3
80.4000       -1678.025    -1697.900       19.874   384.4
80.6000       -1678.480    -1699.901       21.421   414.3
80.8000       -1678.040    -1698.731       20.691   400.2
81.0000       -1678.238    -1698.662       20.424   395.0
81.2000       -1677.243    -1697.762       20.520   396.9
81.4000       -1676.296    -1697.717       21.420   414.3
81.6000       -1675.675    -1696.286       20.611   398.6
81.8000       -1675.515    -1696.749       21.234   410.7
82.0000       -1676.756    -1696.407       19.651   380.1
82.2000       -1677.674    -1697.375       19.701   381.0
82.4000       -1678.684    -1698.509       19.826   383.4
82.6000       -1678.204    -1698.021       19.817   383.3
82.8000       -1677.184    -1697.931       20.747   401.3
83.0000       -1677.580    -1698.725       21.144   409.0
83.2000       -1678.236    -1698.413       20.177   390.2
83.4000       -1675.945    -1697.815       21.870   423.0
83.6000       -1676.188    -1696.876       20.688   400.1
83.8000       -1675.118    -1696.204       21.087   407.8
84.0000       -1675.533    -1697.166       21.632   418.4
84.2000       -1676.662    -1698.876       22.213   429.6
84.4000       -1677.261    -1698.697       21.436   414.6
84.6000       -1679.330    -1699.489       20.159   389.9
84.8000       -1679.491    -1700.199       20.708   400.5
85.0000       -1678.841    -1699.433       20.592   398.3
85.2000       -1678.706    -1699.774       21.068   407.5
85.4000       -1678.113    -1699.410       21.297   411.9
85.6000       -1677.965    -1697.551       19.586   378.8
85.8000       -1676.691    -1698.046       21.355   413.0
86.0000       -1677.469    -1699.564       22.095   427.3
86.2000       -1680.286    -1699.424       19.138   370.2
86.4000       -1680.687    -1700.282       19.595   379.0
86.6000       -1680.925    -1701.122       20.197   390.6
86.8000       -1680.623    -1701.129       20.506   396.6
87.0000       -1679.476    -1700.262       20.786   402.0
87.2000       -1681.687    -1700.965       19.278   372.9
87.4000       -1681.111    -1700.443       19.332   373.9
87.6000       -1680.562    -1700.262       19.700   381.0
87.8000       -1679.202    -1699.154       19.953   385.9
88.0000       -1678.979    -1699.706       20.726   400.9
88.2000       -1677.421    -1699.722       22.301   431.3
88.4000       -1678.573    -1700.206       21.633   418.4
88.6000       -1678.247    -1698.437       20.190   390.5
88.8000       -1678.116    -1698.707       20.592   398.3
89.0000       -1677.728    -1698.646       20.918   404.6
89.2000       -1677.139    -1698.670       21.531   416.4
89.4000       -1678.363    -1698.375       20.012   387.0
89.6000       -1678.133    -1698.448       20.315   392.9
89.8000       -1677.677    -1697.712       20.035   387.5
90.0000       -1677.121    -1698.302       21.181   409.7
90.2000       -1677.057    -1699.074       22.017   425.8
90.4000       -1675.908    -1698.123       22.216   429.7
90.6000       -1677.701    -1697.869       20.168   390.1
90.8000       -1677.542    -1698.935       21.393   413.8
91.0000       -1678.687    -1698.850       20.163   390.0
91.2000       -1677.815    -1698.521       20.706   400.5
91.4000       -1677.934    -1697.365       19.431   375.8
91.6000       -1678.101    -1700.686       22.585   436.8
91.8000       -1679.693    -1699.183       19.490   377.0
92.0000       -1678.479    -1700.712       22.233   430.0
92.2000       -1678.685    -1699.510       20.824   402.8
92.4000       -1678.489    -1698.507       20.018   387.2
92.6000       -1677.429    -1698.465       21.037   406.9
92.8000       -1676.900    -1699.145       22.245   430.2
93.0000       -1677.464    -1697.195       19.731   381.6
93.2000       -1678.774    -1699.940       21.166   409.4
93.4000       -1677.949    -1698.811       20.862   403.5
93.6000       -1677.413    -1699.481       22.068   426.8
93.8000       -1678.229    -1698.974       20.745   401.2
94.0000       -1679.086    -1699.860       20.774   401.8
94.2000       -1679.277    -1699.489       20.212   390.9
94.4000       -1678.661    -1698.361       19.700   381.0
94.6000       -1678.662    -1699.141       20.479   396.1
94.8000       -1676.875    -1699.024       22.149   428.4
95.0000       -1677.444    -1698.545       21.101   408.1
95.2000       -1678.513    -1699.154       20.642   399.2
95.4000       -1677.973    -1698.096       20.123   389.2
95.6000       -1676.969    -1698.506       21.537   416.5
95.8000       -1678.110    -1698.275       20.165   390.0
96.0000       -1677.337    -1699.447       22.111   427.6
96.2000       -1676.297    -1698.238       21.941   424.4
96.4000       -1676.620    -1697.792       21.172   409.5
96.6000       -1677.618    -1698.818       21.200   410.0
96.8000       -1679.424    -1699.816       20.392   394.4
97.0000       -1679.056    -1698.958       19.901   384.9
97.2000       -1679.467    -1699.482       20.015   387.1
97.4000       -1678.704    -1700.136       21.432   414.5
97.6000       -1679.782    -1700.051       20.268   392.0
97.8000       -1678.505    -1699.495       20.990   406.0
98.0000       -1678.591    -1697.915       19.324   373.7
98.2000       -1679.321    -1700.169       20.848   403.2
98.4000       -1677.418    -1698.990       21.571   417.2
98.6000       -1677.312    -1698.126       20.814   402.6
98.8000       -1677.408    -1698.791       21.384   413.6
99.0000       -1677.748    -1699.525       21.777   421.2
99.2000       -1678.151    -1698.498       20.347   393.5
99.4000       -1678.101    -1699.441       21.340   412.7
99.6000       -1677.960    -1699.710       21.750   420.7
99.8000       -1678.154    -1698.313       20.160   389.9
100.0000      -1677.576    -1698.178       20.602   398.5
100.2000      -1676.285    -1698.358       22.073   426.9
100.4000      -1677.429    -1698.561       21.132   408.7
100.6000      -1677.662    -1698.407       20.745   401.2
100.8000      -1677.357    -1698.745       21.389   413.7
101.0000      -1678.592    -1698.606       20.014   387.1
101.2000      -1679.922    -1699.175       19.253   372.4
101.4000      -1680.369    -1700.243       19.874   384.4
101.6000      -1680.526    -1700.112       19.586   378.8
101.8000      -1680.811    -1700.448       19.638   379.8
102.0000      -1679.527    -1700.278       20.751   401.3
102.2000      -1677.571    -1698.794       21.224   410.5
102.4000      -1676.641    -1698.731       22.091   427.3
102.6000      -1677.346    -1698.269       20.923   404.7
102.8000      -1677.651    -1698.444       20.793   402.1
103.0000      -1676.983    -1698.501       21.518   416.2
103.2000      -1675.857    -1697.682       21.825   422.1
103.4000      -1678.103    -1698.404       20.301   392.6
103.6000      -1679.186    -1698.899       19.713   381.3
103.8000      -1679.191    -1699.090       19.899   384.9
104.0000      -1679.392    -1700.597       21.205   410.1
104.2000      -1679.027    -1699.490       20.463   395.8
104.4000      -1679.567    -1699.547       19.979   386.4
104.6000      -1680.380    -1701.455       21.075   407.6
104.8000      -1679.972    -1699.802       19.830   383.5
105.0000      -1678.577    -1700.219       21.641   418.6
105.2000      -1679.359    -1700.100       20.741   401.2
105.4000      -1679.916    -1700.054       20.139   389.5
105.6000      -1679.812    -1699.503       19.691   380.8
105.8000      -1678.981    -1699.882       20.901   404.3
106.0000      -1679.984    -1700.844       20.861   403.5
106.2000      -1680.051    -1700.413       20.362   393.8
106.4000      -1678.935    -1699.436       20.501   396.5
106.6000      -1678.473    -1699.543       21.070   407.5
106.8000      -1678.496    -1699.593       21.097   408.0
107.0000      -1677.955    -1698.879       20.924   404.7
107.2000      -1676.542    -1697.955       21.414   414.2
107.4000      -1676.151    -1698.473       22.322   431.7
107.6000      -1675.794    -1697.305       21.512   416.1
107.8000      -1677.111    -1699.248       22.137   428.2
108.0000      -1678.045    -1699.181       21.136   408.8
108.2000      -1678.040    -1699.209       21.169   409.4
108.4000      -1679.234    -1699.254       20.019   387.2
108.6000      -1678.449    -1698.896       20.447   395.5
108.8000      -1677.677    -1697.935       20.258   391.8
109.0000      -1677.716    -1698.327       20.611   398.6
109.2000      -1676.965    -1698.020       21.055   407.2
109.4000      -1678.320    -1699.203       20.883   403.9
109.6000      -1679.220    -1699.798       20.578   398.0
109.8000      -1677.332    -1697.896       20.564   397.7
110.0000      -1679.358    -1699.726       20.368   393.9
110.2000      -1678.588    -1699.517       20.929   404.8
110.4000      -1679.910    -1699.230       19.320   373.7
110.6000      -1679.221    -1699.685       20.464   395.8
110.8000      -1678.028    -1698.854       20.826   402.8
111.0000      -1677.278    -1698.894       21.616   418.1
111.2000      -1678.086    -1698.889       20.803   402.3
111.4000      -1678.360    -1698.925       20.565   397.8
111.6000      -1678.012    -1697.785       19.773   382.4
111.8000      -1678.178    -1699.679       21.500   415.8
112.0000      -1677.804    -1699.399       21.595   417.7
112.2000      -1679.537    -1699.381       19.844   383.8
112.4000      -1681.322    -1700.231       18.910   365.7
112.6000      -1679.025    -1699.158       20.133   389.4
112.8000      -1677.862    -1698.088       20.226   391.2
113.0000      -1678.457    -1700.404       21.947   424.5
113.2000      -1678.864    -1700.001       21.138   408.8
113.4000      -1677.275    -1699.954       22.679   438.6
113.6000      -1677.697    -1699.032       21.335   412.6
113.8000      -1677.896    -1700.322       22.426   433.7
114.0000      -1678.085    -1698.406       20.321   393.0
114.2000      -1677.311    -1698.860       21.549   416.8
114.4000      -1678.625    -1698.420       19.796   382.9
114.6000      -1678.826    -1700.042       21.217   410.3
114.8000      -1678.374    -1698.935       20.561   397.7
115.0000      -1678.132    -1698.402       20.270   392.0
115.2000      -1679.144    -1699.298       20.154   389.8
115.4000      -1678.646    -1699.504       20.858   403.4
115.6000      -1679.432    -1700.408       20.976   405.7
115.8000      -1679.923    -1699.976       20.053   387.8
116.0000      -1679.430    -1699.110       19.680   380.6
116.2000      -1678.075    -1699.510       21.435   414.6
116.4000      -1678.538    -1699.440       20.903   404.3
116.6000      -1678.729    -1698.312       19.583   378.8
116.8000      -1678.910    -1698.934       20.023   387.3
117.0000      -1679.542    -1699.513       19.971   386.3
117.2000      -1679.123    -1699.596       20.473   396.0
117.4000      -1678.335    -1699.596       21.261   411.2
117.6000      -1678.137    -1699.030       20.893   404.1
117.8000      -1677.835    -1699.206       21.371   413.3
118.0000      -1677.970    -1698.219       20.249   391.6
118.2000      -1679.455    -1700.067       20.612   398.7
118.4000      -1679.257    -1699.758       20.501   396.5
118.6000      -1678.646    -1698.841       20.195   390.6
118.8000      -1678.318    -1699.355       21.037   406.9
119.0000      -1677.609    -1698.725       21.116   408.4
119.2000      -1676.642    -1698.907       22.265   430.6
119.4000      -1675.960    -1696.845       20.885   403.9
119.6000      -1675.482    -1697.437       21.955   424.6
119.8000      -1676.273    -1699.096       22.824   441.4
120.0000      -1677.159    -1698.230       21.071   407.5
120.2000      -1678.524    -1698.453       19.929   385.4
120.4000      -1678.485    -1699.137       20.652   399.4
120.6000      -1678.992    -1699.334       20.343   393.4
120.8000      -1678.898    -1699.687       20.789   402.1
121.0000      -1678.965    -1698.105       19.140   370.2
121.2000      -1679.407    -1699.367       19.960   386.0
121.4000      -1677.569    -1698.300       20.731   401.0
121.6000      -1679.649    -1698.465       18.816   363.9
121.8000      -1679.999    -1700.693       20.694   400.2
122.0000      -1680.368    -1700.437       20.069   388.2
122.2000      -1680.450    -1700.883       20.433   395.2
122.4000      -1680.679    -1699.827       19.148   370.3
122.6000      -1678.989    -1699.817       20.828   402.8
122.8000      -1678.807    -1698.680       19.873   384.4
123.0000      -1679.024    -1700.522       21.499   415.8
123.2000      -1678.242    -1698.217       19.975   386.3
123.4000      -1677.798    -1699.107       21.309   412.1
123.6000      -1678.741    -1699.651       20.910   404.4
123.8000      -1679.218    -1698.926       19.708   381.2
124.0000      -1678.068    -1697.868       19.800   383.0
124.2000      -1677.702    -1698.924       21.223   410.5
124.4000      -1679.042    -1700.054       21.012   406.4
124.6000      -1679.963    -1699.857       19.894   384.8
124.8000      -1679.211    -1700.225       21.014   406.4
125.0000      -1679.412    -1699.336       19.924   385.4
125.2000      -1678.516    -1699.343       20.826   402.8
125.4000      -1678.853    -1698.698       19.845   383.8
125.6000      -1677.850    -1698.689       20.839   403.0
125.8000      -1677.998    -1697.702       19.704   381.1
126.0000      -1677.792    -1698.339       20.547   397.4
126.2000      -1678.065    -1697.978       19.913   385.1
126.4000      -1680.177    -1699.323       19.146   370.3
126.6000      -1680.314    -1699.479       19.165   370.7
126.8000      -1680.079    -1700.325       20.246   391.6
127.0000      -1679.703    -1700.069       20.366   393.9
127.2000      -1679.079    -1698.508       19.430   375.8
127.4000      -1678.985    -1699.573       20.587   398.2
127.6000      -1681.063    -1700.796       19.733   381.7
127.8000      -1679.639    -1701.632       21.993   425.4
128.0000      -1678.644    -1699.325       20.681   400.0
128.2000      -1677.971    -1699.239       21.267   411.3
128.4000      -1676.837    -1698.792       21.955   424.6
128.6000      -1677.448    -1698.790       21.342   412.8
128.8000      -1677.628    -1699.214       21.586   417.5
129.0000      -1677.870    -1699.079       21.209   410.2
129.2000      -1678.792    -1700.063       21.270   411.4
129.4000      -1677.622    -1699.229       21.607   417.9
129.6000      -1678.023    -1698.327       20.304   392.7
129.8000      -1676.338    -1698.635       22.297   431.2
130.0000      -1676.793    -1697.839       21.045   407.0
130.2000      -1677.889    -1698.481       20.592   398.3
130.4000      -1679.558    -1699.493       19.934   385.6
130.6000      -1679.773    -1699.637       19.864   384.2
130.8000      -1677.888    -1698.447       20.559   397.6
131.0000      -1675.992    -1697.579       21.587   417.5
131.2000      -1675.252    -1698.520       23.267   450.0
131.4000      -1676.512    -1698.698       22.187   429.1
131.6000      -1676.721    -1697.172       20.451   395.5
131.8000      -1676.685    -1699.265       22.581   436.7
132.0000      -1678.147    -1697.668       19.521   377.6
132.2000      -1678.376    -1698.816       20.440   395.3
132.4000      -1678.432    -1699.574       21.142   408.9
132.6000      -1677.415    -1697.461       20.047   387.7
132.8000      -1677.134    -1698.292       21.159   409.2
133.0000      -1676.402    -1697.004       20.603   398.5
133.2000      -1676.333    -1698.759       22.425   433.7
133.4000      -1676.547    -1698.129       21.583   417.4
133.6000      -1676.653    -1697.864       21.211   410.2
133.8000      -1678.719    -1698.523       19.804   383.0
134.0000      -1678.107    -1697.861       19.753   382.0
134.2000      -1677.538    -1699.203       21.665   419.0
134.4000      -1676.374    -1697.626       21.252   411.0
134.6000      -1677.409    -1698.218       20.809   402.5
134.8000      -1676.685    -1697.295       20.610   398.6
135.0000      -1677.383    -1697.898       20.515   396.8
135.2000      -1676.650    -1697.483       20.833   402.9
135.4000      -1677.621    -1699.688       22.067   426.8
135.6000      -1678.122    -1698.504       20.382   394.2
135.8000      -1676.569    -1698.296       21.726   420.2
136.0000      -1675.402    -1697.344       21.942   424.4
136.2000      -1676.088    -1697.376       21.287   411.7
136.4000      -1677.429    -1698.624       21.194   409.9
136.6000      -1677.258    -1697.741       20.484   396.2
136.8000      -1678.007    -1698.703       20.696   400.3
137.0000      -1679.242    -1699.718       20.476   396.0
137.2000      -1677.927    -1699.089       21.163   409.3
137.4000      -1679.451    -1700.084       20.633   399.1
137.6000      -1677.773    -1698.853       21.080   407.7
137.8000      -1677.743    -1698.548       20.805   402.4
138.0000      -1677.563    -1698.871       21.308   412.1
138.2000      -1677.159    -1697.176       20.017   387.1
138.4000      -1676.641    -1698.373       21.733   420.3
138.6000      -1677.781    -1698.661       20.879   403.8
138.8000      -1678.217    -1698.538       20.321   393.0
139.0000      -1677.575    -1699.107       21.532   416.4
139.2000      -1677.616    -1699.034       21.419   414.3
139.4000      -1676.249    -1697.700       21.451   414.9
139.6000      -1676.434    -1698.949       22.515   435.5
139.8000      -1676.939    -1698.756       21.818   422.0
140.0000      -1677.691    -1698.835       21.144   409.0
140.2000      -1677.898    -1699.261       21.362   413.2
140.4000      -1677.870    -1699.261       21.391   413.7
140.6000      -1676.344    -1697.757       21.413   414.1
140.8000      -1677.396    -1698.460       21.063   407.4
141.0000      -1677.870    -1698.298       20.428   395.1
141.2000      -1678.504    -1699.475       20.971   405.6
141.4000      -1676.899    -1698.335       21.436   414.6
141.6000      -1676.424    -1698.857       22.433   433.9
141.8000      -1677.797    -1698.521       20.724   400.8
142.0000      -1678.671    -1698.503       19.832   383.6
142.2000      -1678.436    -1699.517       21.081   407.7
142.4000      -1678.962    -1699.012       20.050   387.8
142.6000      -1677.716    -1697.924       20.208   390.8
142.8000      -1676.335    -1697.931       21.596   417.7
143.0000      -1675.854    -1697.908       22.054   426.5
143.2000      -1677.958    -1698.808       20.850   403.2
143.4000      -1678.994    -1700.671       21.678   419.3
143.6000      -1678.932    -1699.965       21.033   406.8
143.8000      -1679.018    -1699.945       20.927   404.7
144.0000      -1677.922    -1699.834       21.911   423.8
144.2000      -1675.980    -1698.674       22.694   438.9
144.4000      -1677.128    -1697.673       20.545   397.4
144.6000      -1679.295    -1699.452       20.157   389.8
144.8000      -1679.655    -1699.671       20.016   387.1
145.0000      -1680.508    -1700.508       20.000   386.8
145.2000      -1679.226    -1700.226       21.000   406.2
145.4000      -1679.098    -1699.664       20.566   397.8
145.6000      -1678.724    -1699.235       20.512   396.7
145.8000      -1678.297    -1699.693       21.396   413.8
146.0000      -1679.988    -1700.389       20.401   394.6
146.2000      -1681.336    -1700.736       19.401   375.2
146.4000      -1680.889    -1699.934       19.045   368.3
146.6000      -1680.120    -1700.523       20.403   394.6
146.8000      -1679.702    -1700.691       20.989   406.0
147.0000      -1679.034    -1698.831       19.797   382.9
147.2000      -1679.178    -1699.411       20.233   391.3
147.4000      -1679.741    -1699.047       19.306   373.4
147.6000      -1678.145    -1698.510       20.366   393.9
147.8000      -1677.520    -1698.441       20.921   404.6
148.0000      -1678.269    -1699.024       20.755   401.4
148.2000      -1680.700    -1700.667       19.966   386.2
148.4000      -1679.778    -1700.207       20.429   395.1
148.6000      -1680.584    -1700.450       19.866   384.2
148.8000      -1679.654    -1698.985       19.331   373.9
149.0000      -1677.410    -1698.312       20.903   404.3
149.2000      -1676.324    -1698.802       22.479   434.8
149.4000      -1675.943    -1696.285       20.341   393.4
149.6000      -1676.831    -1698.727       21.896   423.5
149.8000      -1677.208    -1697.784       20.576   398.0
150.0000      -1677.208    -1698.098       20.890   404.0
150.2000      -1678.139    -1699.969       21.830   422.2
150.4000      -1676.834    -1698.439       21.605   417.9
150.6000      -1678.034    -1699.351       21.317   412.3
150.8000      -1677.737    -1699.063       21.326   412.5
151.0000      -1677.428    -1699.793       22.365   432.6
151.2000      -1677.678    -1698.601       20.923   404.7
151.4000      -1678.365    -1699.369       21.004   406.2
151.6000      -1675.903    -1698.953       23.050   445.8
151.8000      -1677.830    -1699.098       21.268   411.3
152.0000      -1677.995    -1699.862       21.867   422.9
152.2000      -1677.748    -1698.203       20.455   395.6
152.4000      -1678.066    -1699.107       21.041   407.0
152.6000      -1677.813    -1699.527       21.714   420.0
152.8000      -1678.362    -1700.078       21.716   420.0
153.0000      -1678.706    -1698.727       20.021   387.2
153.2000      -1679.304    -1700.175       20.871   403.7
153.4000      -1680.381    -1699.885       19.504   377.2
153.6000      -1677.905    -1698.548       20.643   399.3
153.8000      -1678.836    -1699.059       20.223   391.1
154.0000      -1676.989    -1697.575       20.586   398.1
154.2000      -1676.836    -1698.602       21.766   421.0
154.4000      -1677.625    -1698.700       21.075   407.6
154.6000      -1679.442    -1698.968       19.526   377.7
154.8000      -1678.425    -1698.742       20.317   392.9
155.0000      -1679.234    -1699.180       19.946   385.8
155.2000      -1678.128    -1698.539       20.411   394.8
155.4000      -1678.542    -1699.627       21.085   407.8
155.6000      -1677.714    -1699.088       21.374   413.4
155.8000      -1677.099    -1698.529       21.429   414.5
156.0000      -1676.905    -1697.349       20.444   395.4
156.2000      -1678.488    -1699.066       20.578   398.0
156.4000      -1677.456    -1698.124       20.668   399.7
156.6000      -1677.847    -1698.705       20.858   403.4
156.8000      -1678.581    -1699.257       20.676   399.9
157.0000      -1679.410    -1698.859       19.449   376.2
157.2000      -1678.386    -1698.442       20.056   387.9
157.4000      -1678.250    -1698.243       19.993   386.7
157.6000      -1678.311    -1699.008       20.697   400.3
157.8000      -1677.535    -1699.054       21.519   416.2
158.0000      -1678.689    -1698.755       20.066   388.1
158.2000      -1678.739    -1699.868       21.129   408.6
158.4000      -1678.544    -1699.724       21.180   409.6
158.6000      -1680.260    -1699.740       19.481   376.8
158.8000      -1679.290    -1699.703       20.414   394.8
159.0000      -1679.181    -1699.441       20.260   391.8
159.2000      -1677.853    -1699.826       21.973   425.0
159.4000      -1678.084    -1699.257       21.172   409.5
159.6000      -1679.644    -1698.601       18.957   366.7
159.8000      -1678.635    -1699.239       20.604   398.5
160.0000      -1678.579    -1698.522       19.943   385.7
160.2000      -1679.202    -1699.622       20.420   394.9
160.4000      -1677.730    -1699.522       21.793   421.5
160.6000      -1676.987    -1698.461       21.474   415.3
160.8000      -1678.024    -1698.014       19.990   386.6
161.0000      -1677.518    -1699.210       21.692   419.5
161.2000      -1677.279    -1698.699       21.419   414.3
161.4000      -1676.562    -1698.119       21.558   416.9
161.6000      -1677.389    -1697.660       20.271   392.1
161.8000      -1676.990    -1697.661       20.671   399.8
162.0000      -1676.536    -1697.721       21.185   409.7
162.2000      -1675.977    -1698.222       22.245   430.2
162.4000      -1675.708    -1696.695       20.987   405.9
162.6000      -1679.157    -1699.566       20.409   394.7
162.8000      -1677.611    -1698.998       21.387   413.6
163.0000      -1675.990    -1697.578       21.588   417.5
163.2000      -1676.966    -1698.095       21.129   408.7
163.4000      -1678.345    -1699.195       20.850   403.3
163.6000      -1677.886    -1698.844       20.959   405.4
163.8000      -1677.270    -1697.709       20.440   395.3
164.0000      -1678.336    -1699.969       21.633   418.4
164.2000      -1678.677    -1699.646       20.969   405.6
164.4000      -1680.189    -1699.497       19.308   373.4
164.6000      -1678.999    -1699.646       20.647   399.3
164.8000      -1681.361    -1701.510       20.148   389.7
165.0000      -1681.581    -1700.119       18.538   358.5
165.2000      -1680.570    -1699.829       19.258   372.5
165.4000      -1680.219    -1699.444       19.224   371.8
165.6000      -1677.410    -1700.413       23.003   444.9
165.8000      -1679.077    -1699.190       20.114   389.0
166.0000      -1677.963    -1698.889       20.925   404.7
166.2000      -1678.078    -1699.243       21.165   409.3
166.4000      -1678.713    -1699.015       20.302   392.6
166.6000      -1679.778    -1699.791       20.013   387.1
166.8000      -1678.836    -1700.217       21.381   413.5
167.0000      -1679.614    -1699.251       19.637   379.8
167.2000      -1680.043    -1700.161       20.118   389.1
167.4000      -1679.207    -1699.597       20.390   394.4
167.6000      -1679.228    -1699.436       20.208   390.8
167.8000      -1677.564    -1699.085       21.521   416.2
168.0000      -1677.128    -1698.679       21.551   416.8
168.2000      -1679.234    -1699.303       20.069   388.2
168.4000      -1680.002    -1700.469       20.467   395.9
168.6000      -1679.089    -1698.835       19.746   381.9
168.8000      -1679.379    -1699.484       20.106   388.9
169.0000      -1679.692    -1700.366       20.675   399.9
169.2000      -1678.925    -1699.017       20.093   388.6
169.4000      -1679.308    -1700.226       20.919   404.6
169.6000      -1680.394    -1700.511       20.117   389.1
169.8000      -1678.230    -1700.323       22.093   427.3
170.0000      -1679.057    -1699.434       20.376   394.1
170.2000      -1679.722    -1700.234       20.512   396.7
170.4000      -1678.426    -1699.565       21.139   408.8
170.6000      -1677.853    -1700.088       22.235   430.0
170.8000      -1678.132    -1699.005       20.873   403.7
171.0000      -1678.077    -1698.987       20.910   404.4
171.2000      -1678.195    -1699.486       21.291   411.8
171.4000      -1678.831    -1699.502       20.671   399.8
171.6000      -1677.449    -1698.500       21.051   407.1
171.8000      -1678.524    -1698.297       19.773   382.4
172.0000      -1678.443    -1699.099       20.656   399.5
172.2000      -1679.805    -1699.985       20.180   390.3
172.4000      -1678.086    -1698.979       20.893   404.1
172.6000      -1680.156    -1699.653       19.497   377.1
172.8000      -1680.932    -1700.531       19.599   379.1
173.0000      -1680.482    -1700.791       20.309   392.8
173.2000      -1679.760    -1700.723       20.963   405.4
173.4000      -1680.416    -1700.293       19.877   384.4
173.6000      -1678.631    -1699.248       20.617   398.8
173.8000      -1679.468    -1699.656       20.188   390.5
174.0000      -1680.228    -1699.375       19.147   370.3
174.2000      -1679.187    -1700.066       20.879   403.8
174.4000      -1679.105    -1700.270       21.165   409.4
174.6000      -1678.722    -1700.500       21.778   421.2
174.8000      -1679.355    -1699.421       20.065   388.1
175.0000      -1680.291    -1699.227       18.936   366.2
175.2000      -1679.961    -1698.954       18.993   367.3
175.4000      -1677.565    -1698.731       21.166   409.4
175.6000      -1677.335    -1697.689       20.354   393.7
175.8000      -1677.433    -1698.927       21.494   415.7
176.0000      -1679.149    -1698.654       19.504   377.2
176.2000      -1680.861    -1700.130       19.268   372.7
176.4000      -1679.772    -1699.159       19.387   375.0
176.6000      -1679.789    -1699.449       19.660   380.2
176.8000      -1677.421    -1698.756       21.335   412.6
177.0000      -1677.287    -1697.996       20.710   400.5
177.2000      -1676.616    -1698.784       22.168   428.8
177.4000      -1677.201    -1699.189       21.988   425.3
177.6000      -1676.684    -1697.247       20.564   397.7
177.8000      -1678.709    -1699.161       20.452   395.6
178.0000      -1677.229    -1698.002       20.773   401.8
178.2000      -1677.472    -1698.279       20.806   402.4
178.4000      -1677.963    -1699.705       21.742   420.5
178.6000      -1677.718    -1699.381       21.663   419.0
178.8000      -1677.915    -1698.807       20.891   404.1
179.0000      -1679.392    -1698.835       19.443   376.1
179.2000      -1678.915    -1698.816       19.901   384.9
179.4000      -1679.492    -1699.082       19.591   378.9
179.6000      -1678.162    -1698.376       20.213   390.9
179.8000      -1678.440    -1698.814       20.374   394.1
180.0000      -1678.645    -1699.585       20.940   405.0
180.2000      -1678.405    -1699.221       20.816   402.6
180.4000      -1677.551    -1697.788       20.237   391.4
180.6000      -1678.812    -1698.396       19.584   378.8
180.8000      -1679.289    -1699.290       20.001   386.8
181.0000      -1678.248    -1698.913       20.665   399.7
181.2000      -1678.097    -1698.956       20.859   403.4
181.4000      -1676.998    -1698.253       21.255   411.1
181.6000      -1679.361    -1700.465       21.105   408.2
181.8000      -1678.845    -1699.109       20.264   391.9
182.0000      -1678.204    -1699.377       21.173   409.5
182.2000      -1677.435    -1698.575       21.141   408.9
182.4000      -1676.917    -1698.458       21.541   416.6
182.6000      -1678.656    -1698.461       19.805   383.0
182.8000      -1678.717    -1700.288       21.570   417.2
183.0000      -1679.846    -1700.485       20.639   399.2
183.2000      -1678.886    -1698.462       19.576   378.6
183.4000      -1678.809    -1699.711       20.903   404.3
183.6000      -1677.682    -1698.091       20.408   394.7
183.8000      -1678.981    -1698.679       19.698   381.0
184.0000      -1678.106    -1698.863       20.756   401.4
184.2000      -1678.393    -1698.095       19.702   381.1
184.4000      -1679.787    -1698.859       19.072   368.9
184.6000      -1680.278    -1699.235       18.957   366.7
184.8000      -1679.148    -1698.929       19.781   382.6
185.0000      -1677.536    -1699.491       21.955   424.6
185.2000      -1677.323    -1697.455       20.132   389.4
185.4000      -1678.268    -1699.249       20.981   405.8
185.6000      -1678.434    -1698.927       20.493   396.3
185.8000      -1678.284    -1699.706       21.422   414.3
186.0000      -1676.879    -1699.237       22.358   432.4
186.2000      -1677.314    -1698.696       21.382   413.5
186.4000      -1676.815    -1698.018       21.202   410.1
186.6000      -1675.215    -1697.539       22.324   431.8
186.8000      -1677.467    -1699.270       21.802   421.7
187.0000      -1677.804    -1699.082       21.278   411.5
187.2000      -1678.737    -1699.853       21.116   408.4
187.4000      -1677.898    -1698.996       21.098   408.0
187.6000      -1678.587    -1699.938       21.351   412.9
187.8000      -1679.639    -1699.984       20.345   393.5
188.0000      -1680.624    -1700.581       19.957   386.0
188.2000      -1680.508    -1700.366       19.858   384.1
188.4000      -1679.729    -1699.975       20.247   391.6
188.6000      -1678.827    -1699.782       20.956   405.3
188.8000      -1678.506    -1699.391       20.885   403.9
189.0000      -1678.836    -1699.496       20.660   399.6
189.2000      -1678.637    -1699.595       20.958   405.3
189.4000      -1679.115    -1699.215       20.100   388.8
189.6000      -1677.920    -1699.654       21.734   420.4
189.8000      -1677.292    -1699.526       22.234   430.0
190.0000      -1677.184    -1698.371       21.187   409.8
190.2000      -1679.189    -1699.837       20.648   399.3
190.4000      -1679.932    -1700.573       20.641   399.2
190.6000      -1677.930    -1698.920       20.991   406.0
190.8000      -1679.439    -1699.173       19.735   381.7
191.0000      -1679.698    -1699.649       19.951   385.9
191.2000      -1679.195    -1700.183       20.988   405.9
191.4000      -1677.406    -1699.103       21.697   419.6
191.6000      -1677.993    -1698.611       20.618   398.8
191.8000      -1679.333    -1698.936       19.602   379.1
192.0000      -1678.506    -1699.152       20.646   399.3
192.2000      -1678.311    -1699.433       21.121   408.5
192.4000      -1680.450    -1699.678       19.228   371.9
192.6000      -1680.525    -1700.862       20.337   393.3
192.8000      -1680.013    -1700.632       20.620   398.8
193.0000      -1679.868    -1700.594       20.726   400.9
193.2000      -1679.372    -1698.683       19.312   373.5
193.4000      -1679.035    -1698.829       19.795   382.8
193.6000      -1676.922    -1699.381       22.459   434.4
193.8000      -1678.298    -1699.275       20.977   405.7
194.0000      -1677.607    -1699.284       21.677   419.3
194.2000      -1678.944    -1699.047       20.103   388.8
194.4000      -1679.406    -1700.317       20.911   404.4
194.6000      -1679.081    -1699.188       20.107   388.9
194.8000      -1679.250    -1699.626       20.377   394.1
195.0000      -1678.738    -1699.538       20.800   402.3
195.2000      -1679.449    -1698.994       19.544   378.0
195.4000      -1679.155    -1699.293       20.138   389.5
195.6000      -1677.981    -1699.722       21.741   420.5
195.8000      -1678.124    -1699.419       21.295   411.9
196.0000      -1678.585    -1699.621       21.036   406.8
196.2000      -1678.718    -1699.822       21.104   408.2
196.4000      -1678.750    -1699.814       21.064   407.4
196.6000      -1679.385    -1699.933       20.547   397.4
196.8000      -1679.968    -1700.130       20.162   390.0
197.0000      -1679.235    -1699.932       20.697   400.3
197.2000      -1678.786    -1699.868       21.082   407.7
197.4000      -1678.239    -1699.103       20.865   403.5
197.6000      -1679.566    -1699.346       19.780   382.6
197.8000      -1680.355    -1699.759       19.404   375.3
198.0000      -1681.182    -1700.238       19.057   368.6
198.2000      -1681.390    -1701.593       20.203   390.7
198.4000      -1681.306    -1701.285       19.979   386.4
198.6000      -1680.352    -1700.098       19.746   381.9
198.8000      -1679.791    -1700.210       20.419   394.9
199.0000      -1680.804    -1701.809       21.006   406.3
199.2000      -1680.276    -1700.529       20.253   391.7
199.4000      -1677.661    -1699.360       21.699   419.7
199.6000      -1677.481    -1698.983       21.502   415.9
199.8000      -1677.964    -1698.824       20.860   403.4
200.0000      -1677.944    -1699.238       21.294   411.8
