Time[ps]      Etot[eV]     Epot[eV]     Ekin[eV]    T[K]
0.0000        -1652.957    -1683.986       31.028   600.1
0.2000        -1651.413    -1685.033       33.620   650.2
0.4000        -1652.920    -1684.935       32.016   619.2
0.6000        -1653.086    -1683.546       30.460   589.1
0.8000        -1651.594    -1684.176       32.582   630.2
1.0000        -1653.859    -1686.169       32.310   624.9
1.2000        -1651.081    -1683.173       32.092   620.7
1.4000        -1651.213    -1682.750       31.537   609.9
1.6000        -1652.702    -1684.233       31.531   609.8
1.8000        -1654.025    -1686.026       32.001   618.9
2.0000        -1653.871    -1683.494       29.623   572.9
2.2000        -1652.676    -1684.044       31.368   606.7
2.4000        -1652.722    -1685.033       32.311   624.9
2.6000        -1652.963    -1682.570       29.607   572.6
2.8000        -1654.489    -1685.052       30.563   591.1
3.0000        -1654.440    -1684.834       30.394   587.8
3.2000        -1656.556    -1687.299       30.743   594.6
3.4000        -1654.176    -1686.234       32.059   620.0
3.6000        -1653.415    -1684.722       31.307   605.5
3.8000        -1654.799    -1684.158       29.359   567.8
4.0000        -1654.296    -1685.407       31.111   601.7
4.2000        -1653.785    -1685.204       31.419   607.7
4.4000        -1651.843    -1682.895       31.052   600.6
4.6000        -1653.105    -1685.276       32.171   622.2
4.8000        -1652.820    -1684.615       31.795   614.9
5.0000        -1652.755    -1684.899       32.144   621.7
5.2000        -1652.624    -1683.937       31.313   605.6
5.4000        -1653.937    -1684.136       30.199   584.1
5.6000        -1654.033    -1684.332       30.299   586.0
5.8000        -1654.610    -1684.976       30.366   587.3
6.0000        -1652.338    -1683.770       31.432   607.9
6.2000        -1650.712    -1682.203       31.491   609.1
6.4000        -1652.524    -1684.474       31.950   617.9
6.6000        -1655.579    -1685.088       29.509   570.7
6.8000        -1655.453    -1684.635       29.181   564.4
7.0000        -1653.979    -1684.949       30.970   599.0
7.2000        -1653.567    -1684.888       31.322   605.8
7.4000        -1650.955    -1684.221       33.266   643.4
7.6000        -1653.710    -1685.726       32.016   619.2
7.8000        -1653.218    -1684.951       31.733   613.7
8.0000        -1654.387    -1684.105       29.718   574.8
8.2000        -1653.108    -1683.584       30.476   589.4
8.4000        -1654.199    -1683.487       29.288   566.5
8.6000        -1653.671    -1684.838       31.167   602.8
8.8000        -1654.000    -1683.896       29.896   578.2
9.0000        -1655.580    -1685.626       30.047   581.1
9.2000        -1657.011    -1686.978       29.967   579.6
9.4000        -1654.223    -1685.617       31.395   607.2
9.6000        -1654.511    -1686.709       32.198   622.7
9.8000        -1653.924    -1685.342       31.418   607.7
10.0000       -1655.547    -1684.892       29.345   567.6
10.2000       -1655.222    -1684.415       29.193   564.6
10.4000       -1656.673    -1685.629       28.956   560.0
10.6000       -1654.545    -1686.027       31.483   608.9
10.8000       -1651.006    -1682.305       31.299   605.3
11.0000       -1652.606    -1684.571       31.965   618.2
11.2000       -1652.333    -1686.134       33.801   653.7
11.4000       -1651.671    -1685.415       33.744   652.6
11.6000       -1652.625    -1684.341       31.716   613.4
11.8000       -1654.371    -1685.180       30.808   595.9
12.0000       -1656.882    -1685.627       28.745   556.0
12.2000       -1655.845    -1686.854       31.009   599.7
12.4000       -1655.935    -1685.840       29.905   578.4
12.6000       -1658.578    -1689.220       30.642   592.6
12.8000       -1656.187    -1688.087       31.900   617.0
13.0000       -1654.298    -1687.043       32.745   633.3
13.2000       -1654.377    -1686.830       32.453   627.7
13.4000       -1653.081    -1685.297       32.215   623.1
13.6000       -1652.856    -1686.056       33.200   642.1
13.8000       -1652.408    -1683.723       31.315   605.7
14.0000       -1650.109    -1682.632       32.522   629.0
14.2000       -1653.311    -1685.040       31.728   613.7
14.4000       -1653.842    -1684.563       30.721   594.2
14.6000       -1654.560    -1685.679       31.119   601.9
14.8000       -1655.352    -1686.720       31.368   606.7
15.0000       -1655.874    -1684.568       28.695   555.0
15.2000       -1654.995    -1686.553       31.557   610.3
15.4000       -1654.183    -1685.488       31.304   605.5
15.6000       -1653.736    -1683.465       29.728   575.0
15.8000       -1653.356    -1683.469       30.113   582.4
16.0000       -1653.292    -1684.788       31.496   609.2
16.2000       -1655.361    -1686.283       30.922   598.1
16.4000       -1653.524    -1684.678       31.153   602.5
16.6000       -1654.192    -1687.565       33.373   645.5
16.8000       -1656.604    -1685.196       28.592   553.0
17.0000       -1655.466    -1684.443       28.977   560.4
17.2000       -1657.635    -1688.939       31.304   605.4
17.4000       -1658.937    -1687.281       28.344   548.2
17.6000       -1657.803    -1687.551       29.747   575.3
17.8000       -1655.264    -1686.165       30.901   597.7
18.0000       -1654.706    -1686.618       31.912   617.2
18.2000       -1655.495    -1687.095       31.600   611.2
18.4000       -1656.560    -1686.228       29.668   573.8
18.6000       -1655.727    -1686.392       30.666   593.1
18.8000       -1655.877    -1687.361       31.484   608.9
19.0000       -1655.454    -1687.182       31.727   613.6
19.2000       -1654.139    -1686.804       32.665   631.8
19.4000       -1653.504    -1685.542       32.037   619.6
19.6000       -1654.791    -1686.723       31.932   617.6
19.8000       -1655.412    -1686.715       31.303   605.4
20.0000       -1656.592    -1686.690       30.098   582.1
20.2000       -1654.696    -1686.293       31.597   611.1
20.4000       -1654.168    -1685.950       31.781   614.7
20.6000       -1655.097    -1686.578       31.481   608.9
20.8000       -1655.022    -1688.583       33.561   649.1
21.0000       -1655.537    -1686.040       30.503   590.0
21.2000       -1657.551    -1687.449       29.898   578.3
21.4000       -1657.105    -1687.439       30.335   586.7
21.6000       -1656.574    -1687.884       31.310   605.6
21.8000       -1656.324    -1686.054       29.729   575.0
22.0000       -1658.807    -1688.272       29.465   569.9
22.2000       -1655.033    -1687.899       32.866   635.7
22.4000       -1653.621    -1685.737       32.116   621.2
22.6000       -1655.695    -1685.839       30.144   583.0
22.8000       -1656.886    -1687.033       30.147   583.1
23.0000       -1655.944    -1685.941       29.997   580.2
23.2000       -1655.930    -1686.235       30.305   586.1
23.4000       -1655.553    -1689.319       33.766   653.1
23.6000       -1658.173    -1687.735       29.562   571.8
23.8000       -1655.700    -1685.767       30.067   581.5
24.0000       -1655.355    -1685.637       30.281   585.7
24.2000       -1657.287    -1689.414       32.126   621.4
24.4000       -1655.971    -1688.901       32.930   636.9
24.6000       -1654.795    -1688.060       33.265   643.4
24.8000       -1657.529    -1688.034       30.505   590.0
25.0000       -1656.707    -1688.070       31.364   606.6
25.2000       -1656.062    -1688.426       32.364   626.0
25.4000       -1657.269    -1687.740       30.471   589.3
25.6000       -1655.810    -1685.512       29.702   574.5
25.8000       -1655.311    -1686.134       30.823   596.2
26.0000       -1657.164    -1687.403       30.239   584.8
26.2000       -1655.448    -1685.431       29.983   579.9
26.4000       -1655.772    -1689.268       33.496   647.8
26.6000       -1655.941    -1687.607       31.666   612.4
26.8000       -1655.308    -1686.785       31.478   608.8
27.0000       -1655.756    -1688.295       32.539   629.3
27.2000       -1655.517    -1686.482       30.965   598.9
27.4000       -1653.869    -1686.213       32.344   625.6
27.6000       -1655.980    -1688.761       32.780   634.0
27.8000       -1656.966    -1688.258       31.292   605.2
28.0000       -1657.989    -1688.442       30.453   589.0
28.2000       -1657.024    -1687.773       30.749   594.7
28.4000       -1656.326    -1687.467       31.141   602.3
28.6000       -1657.260    -1686.848       29.588   572.3
28.8000       -1656.535    -1687.506       30.972   599.0
29.0000       -1656.688    -1687.069       30.381   587.6
29.2000       -1656.037    -1688.298       32.260   623.9
29.4000       -1654.710    -1687.033       32.323   625.1
29.6000       -1653.835    -1686.109       32.275   624.2
29.8000       -1655.069    -1687.135       32.066   620.2
30.0000       -1651.640    -1684.705       33.065   639.5
30.2000       -1656.092    -1686.316       30.224   584.6
30.4000       -1656.498    -1688.259       31.761   614.3
30.6000       -1656.950    -1687.728       30.778   595.3
30.8000       -1655.189    -1689.936       34.747   672.0
31.0000       -1656.609    -1687.810       31.201   603.4
31.2000       -1654.815    -1686.014       31.198   603.4
31.4000       -1655.712    -1686.420       30.708   593.9
31.6000       -1656.918    -1688.096       31.178   603.0
31.8000       -1657.265    -1687.949       30.684   593.5
32.0000       -1658.900    -1687.123       28.222   545.8
32.2000       -1659.609    -1689.808       30.200   584.1
32.4000       -1657.548    -1689.970       32.423   627.1
32.6000       -1657.528    -1688.135       30.607   592.0
32.8000       -1656.828    -1688.466       31.638   611.9
33.0000       -1656.460    -1687.138       30.679   593.4
33.2000       -1658.374    -1688.772       30.398   587.9
33.4000       -1655.997    -1686.571       30.574   591.3
33.6000       -1653.201    -1686.875       33.674   651.3
33.8000       -1656.404    -1686.288       29.885   578.0
34.0000       -1658.071    -1687.920       29.849   577.3
34.2000       -1656.536    -1688.884       32.348   625.6
34.4000       -1656.094    -1688.417       32.323   625.2
34.6000       -1653.701    -1685.848       32.147   621.7
34.8000       -1655.455    -1686.868       31.413   607.6
35.0000       -1658.616    -1688.147       29.531   571.1
35.2000       -1659.596    -1690.554       30.958   598.7
35.4000       -1659.777    -1689.840       30.064   581.5
35.6000       -1659.396    -1689.182       29.786   576.1
35.8000       -1657.770    -1687.451       29.681   574.1
36.0000       -1657.774    -1688.706       30.932   598.3
36.2000       -1658.398    -1688.630       30.232   584.7
36.4000       -1657.522    -1689.283       31.761   614.3
36.6000       -1657.756    -1688.588       30.832   596.3
36.8000       -1659.736    -1690.400       30.665   593.1
37.0000       -1658.013    -1687.211       29.198   564.7
37.2000       -1658.233    -1689.818       31.585   610.9
37.4000       -1658.504    -1688.037       29.533   571.2
37.6000       -1658.303    -1688.701       30.398   587.9
37.8000       -1659.332    -1688.603       29.271   566.1
38.0000       -1661.111    -1691.680       30.569   591.2
38.2000       -1659.427    -1688.999       29.573   572.0
38.4000       -1658.711    -1689.402       30.691   593.6
38.6000       -1657.426    -1687.651       30.224   584.6
38.8000       -1655.592    -1687.896       32.304   624.8
39.0000       -1655.982    -1687.591       31.608   611.3
39.2000       -1657.451    -1689.744       32.293   624.6
39.4000       -1655.229    -1688.350       33.121   640.6
39.6000       -1658.283    -1689.583       31.300   605.4
39.8000       -1656.221    -1686.636       30.415   588.3
40.0000       -1655.828    -1689.228       33.401   646.0
40.2000       -1655.950    -1687.393       31.443   608.1
40.4000       -1655.776    -1689.192       33.416   646.3
40.6000       -1657.692    -1689.423       31.732   613.7
40.8000       -1657.439    -1688.006       30.566   591.2
41.0000       -1659.472    -1689.174       29.702   574.5
41.2000       -1657.390    -1688.508       31.118   601.9
41.4000       -1656.172    -1688.341       32.169   622.2
41.6000       -1657.649    -1688.398       30.749   594.7
41.8000       -1660.201    -1688.316       28.115   543.8
42.0000       -1661.739    -1690.082       28.343   548.2
42.2000       -1660.089    -1689.995       29.906   578.4
42.4000       -1659.245    -1688.625       29.380   568.2
42.6000       -1658.631    -1688.045       29.415   568.9
42.8000       -1658.798    -1688.478       29.680   574.0
43.0000       -1658.417    -1688.631       30.214   584.4
43.2000       -1659.157    -1688.370       29.212   565.0
43.4000       -1660.210    -1689.860       29.650   573.5
43.6000       -1656.516    -1688.000       31.484   608.9
43.8000       -1659.347    -1689.467       30.120   582.5
44.0000       -1658.723    -1689.411       30.688   593.5
44.2000       -1658.646    -1690.657       32.011   619.1
44.4000       -1658.698    -1689.631       30.933   598.3
44.6000       -1659.839    -1687.820       27.982   541.2
44.8000       -1657.079    -1688.056       30.977   599.1
45.0000       -1657.953    -1687.772       29.819   576.7
45.2000       -1656.440    -1688.903       32.463   627.9
45.4000       -1656.987    -1686.856       29.869   577.7
45.6000       -1658.340    -1688.778       30.438   588.7
45.8000       -1654.447    -1687.934       33.487   647.7
46.0000       -1656.781    -1688.532       31.752   614.1
46.2000       -1657.835    -1687.936       30.101   582.2
46.4000       -1657.845    -1688.126       30.281   585.7
46.6000       -1656.092    -1687.146       31.054   600.6
46.8000       -1653.646    -1686.504       32.859   635.5
47.0000       -1657.014    -1689.663       32.649   631.5
47.2000       -1658.118    -1688.726       30.608   592.0
47.4000       -1656.856    -1688.529       31.673   612.6
47.6000       -1657.261    -1687.140       29.879   577.9
47.8000       -1657.643    -1688.032       30.389   587.8
48.0000       -1660.275    -1689.213       28.938   559.7
48.2000       -1659.104    -1689.121       30.017   580.5
48.4000       -1656.890    -1689.321       32.431   627.2
48.6000       -1659.119    -1689.328       30.209   584.3
48.8000       -1658.169    -1688.518       30.349   587.0
49.0000       -1657.607    -1688.644       31.037   600.3
49.2000       -1658.781    -1687.719       28.938   559.7
49.4000       -1659.052    -1690.155       31.103   601.6
49.6000       -1657.643    -1688.483       30.839   596.5
49.8000       -1658.513    -1689.249       30.736   594.5
50.0000       -1659.784    -1688.833       29.049   561.8
50.2000       -1657.636    -1687.846       30.210   584.3
50.4000       -1657.530    -1687.562       30.032   580.9
50.6000       -1656.099    -1689.093       32.994   638.1
50.8000       -1659.274    -1688.636       29.362   567.9
51.0000       -1658.748    -1689.491       30.743   594.6
51.2000       -1658.898    -1687.770       28.873   558.4
51.4000       -1656.065    -1687.762       31.697   613.0
51.6000       -1657.399    -1687.391       29.992   580.1
51.8000       -1658.336    -1687.253       28.917   559.3
52.0000       -1658.443    -1688.225       29.782   576.0
52.2000       -1658.603    -1688.137       29.535   571.2
52.4000       -1658.738    -1688.499       29.761   575.6
52.6000       -1659.222    -1690.828       31.605   611.3
52.8000       -1659.104    -1689.649       30.545   590.8
53.0000       -1659.350    -1688.754       29.404   568.7
53.2000       -1657.695    -1689.437       31.742   613.9
53.4000       -1657.468    -1689.178       31.710   613.3
53.6000       -1657.889    -1690.773       32.883   636.0
53.8000       -1658.322    -1689.894       31.572   610.6
54.0000       -1658.533    -1689.330       30.796   595.6
54.2000       -1657.892    -1687.969       30.077   581.7
54.4000       -1658.058    -1689.729       31.672   612.6
54.6000       -1656.995    -1689.263       32.268   624.1
54.8000       -1658.426    -1687.690       29.263   566.0
55.0000       -1658.927    -1689.662       30.735   594.4
55.2000       -1659.959    -1689.044       29.085   562.5
55.4000       -1659.013    -1688.715       29.702   574.5
55.6000       -1658.414    -1687.224       28.810   557.2
55.8000       -1657.369    -1689.226       31.857   616.1
56.0000       -1657.048    -1689.215       32.168   622.1
56.2000       -1657.123    -1687.691       30.568   591.2
56.4000       -1658.057    -1688.626       30.570   591.2
56.6000       -1656.034    -1688.786       32.751   633.4
56.8000       -1655.214    -1687.364       32.149   621.8
57.0000       -1657.762    -1688.854       31.092   601.3
57.2000       -1660.028    -1689.522       29.493   570.4
57.4000       -1657.215    -1687.461       30.246   585.0
57.6000       -1658.008    -1688.417       30.408   588.1
57.8000       -1659.095    -1689.671       30.576   591.4
58.0000       -1658.171    -1688.484       30.313   586.3
58.2000       -1659.562    -1690.234       30.672   593.2
58.4000       -1660.279    -1690.253       29.974   579.7
58.6000       -1661.253    -1688.677       27.424   530.4
58.8000       -1660.102    -1690.635       30.533   590.5
59.0000       -1660.922    -1689.245       28.324   547.8
59.2000       -1657.739    -1688.490       30.751   594.8
59.4000       -1655.519    -1686.801       31.282   605.0
59.6000       -1656.882    -1686.468       29.586   572.2
59.8000       -1659.140    -1689.136       29.996   580.2
60.0000       -1660.015    -1690.931       30.916   597.9
60.2000       -1659.106    -1689.250       30.144   583.0
60.4000       -1658.748    -1689.054       30.306   586.1
60.6000       -1657.264    -1690.550       33.286   643.8
60.8000       -1659.080    -1688.933       29.853   577.4
61.0000       -1658.682    -1689.360       30.678   593.3
61.2000       -1656.983    -1687.745       30.762   595.0
61.4000       -1657.182    -1688.754       31.572   610.6
61.6000       -1657.215    -1688.875       31.659   612.3
61.8000       -1659.829    -1689.985       30.156   583.2
62.0000       -1659.947    -1689.634       29.687   574.2
62.2000       -1660.834    -1689.388       28.554   552.3
62.4000       -1658.117    -1689.284       31.167   602.8
62.6000       -1659.039    -1688.756       29.717   574.8
62.8000       -1660.950    -1689.401       28.451   550.3
63.0000       -1656.724    -1688.237       31.514   609.5
63.2000       -1657.801    -1688.165       30.364   587.3
63.4000       -1655.581    -1687.936       32.355   625.8
63.6000       -1655.476    -1685.970       30.494   589.8
63.8000       -1654.457    -1686.237       31.781   614.7
64.0000       -1658.248    -1688.921       30.672   593.2
64.2000       -1658.096    -1685.277       27.182   525.7
64.4000       -1659.336    -1690.156       30.820   596.1
64.6000       -1659.867    -1689.017       29.150   563.8
64.8000       -1659.596    -1689.365       29.769   575.8
65.0000       -1657.955    -1687.843       29.888   578.1
65.2000       -1657.682    -1688.934       31.253   604.5
65.4000       -1657.609    -1687.697       30.088   581.9
65.6000       -1658.513    -1689.686       31.173   602.9
65.8000       -1659.908    -1689.262       29.354   567.7
66.0000       -1657.190    -1687.742       30.552   590.9
66.2000       -1655.897    -1688.214       32.317   625.0
66.4000       -1656.125    -1689.027       32.903   636.4
66.6000       -1654.214    -1685.593       31.380   606.9
66.8000       -1655.452    -1686.774       31.322   605.8
67.0000       -1656.977    -1687.980       31.002   599.6
67.2000       -1653.860    -1687.112       33.252   643.1
67.4000       -1656.586    -1687.796       31.210   603.6
67.6000       -1655.544    -1687.701       32.157   621.9
67.8000       -1657.043    -1688.443       31.400   607.3
68.0000       -1656.302    -1687.554       31.251   604.4
68.2000       -1657.769    -1688.682       30.914   597.9
68.4000       -1659.923    -1689.779       29.856   577.4
68.6000       -1657.155    -1689.541       32.386   626.4
68.8000       -1656.716    -1688.102       31.386   607.0
69.0000       -1658.358    -1689.070       30.711   594.0
69.2000       -1657.769    -1689.003       31.234   604.1
69.4000       -1655.693    -1688.602       32.910   636.5
69.6000       -1655.014    -1686.454       31.440   608.1
69.8000       -1655.401    -1687.191       31.790   614.8
70.0000       -1657.046    -1687.886       30.840   596.5
70.2000       -1657.314    -1687.968       30.654   592.9
70.4000       -1656.504    -1688.440       31.935   617.7
70.6000       -1658.502    -1689.976       31.474   608.7
70.8000       -1658.368    -1688.589       30.221   584.5
71.0000       -1655.865    -1687.670       31.804   615.1
71.2000       -1654.818    -1687.688       32.870   635.7
71.4000       -1654.894    -1686.342       31.448   608.2
71.6000       -1656.266    -1688.026       31.760   614.3
71.8000       -1654.945    -1687.428       32.483   628.3
72.0000       -1655.846    -1687.115       31.268   604.8
72.2000       -1659.012    -1689.809       30.797   595.6
72.4000       -1658.309    -1689.073       30.764   595.0
72.6000       -1658.956    -1689.607       30.652   592.8
72.8000       -1659.462    -1689.240       29.778   575.9
73.0000       -1658.544    -1688.997       30.453   589.0
73.2000       -1656.887    -1688.416       31.529   609.8
73.4000       -1656.234    -1688.820       32.586   630.2
73.6000       -1653.904    -1685.602       31.698   613.1
73.8000       -1654.561    -1687.734       33.173   641.6
74.0000       -1655.838    -1687.748       31.910   617.2
74.2000       -1658.619    -1687.973       29.354   567.7
74.4000       -1655.770    -1688.375       32.604   630.6
74.6000       -1656.014    -1686.697       30.683   593.4
74.8000       -1654.771    -1686.693       31.922   617.4
75.0000       -1655.556    -1687.621       32.065   620.2
75.2000       -1653.582    -1686.616       33.034   638.9
75.4000       -1656.607    -1686.323       29.716   574.7
75.6000       -1656.178    -1688.679       32.501   628.6
75.8000       -1658.574    -1689.050       30.476   589.4
76.0000       -1658.817    -1688.905       30.088   581.9
76.2000       -1658.860    -1688.826       29.966   579.6
76.4000       -1658.548    -1689.000       30.453   589.0
76.6000       -1654.403    -1686.979       32.577   630.1
76.8000       -1657.795    -1689.073       31.278   604.9
77.0000       -1657.790    -1688.948       31.157   602.6
77.2000       -1658.216    -1687.972       29.757   575.5
77.4000       -1660.289    -1689.385       29.096   562.7
77.6000       -1659.008    -1689.618       30.610   592.0
77.8000       -1660.471    -1688.849       28.377   548.8
78.0000       -1660.428    -1689.010       28.582   552.8
78.2000       -1658.100    -1689.243       31.143   602.3
78.4000       -1657.619    -1688.673       31.055   600.6
78.6000       -1658.029    -1689.225       31.196   603.4
78.8000       -1658.558    -1690.114       31.556   610.3
79.0000       -1659.832    -1691.775       31.943   617.8
79.2000       -1659.914    -1690.309       30.395   587.9
79.4000       -1658.427    -1690.410       31.983   618.6
79.6000       -1658.577    -1688.267       29.690   574.2
79.8000       -1658.836    -1688.995       30.159   583.3
80.0000       -1659.583    -1690.024       30.441   588.8
80.2000       -1658.909    -1687.986       29.076   562.4
80.4000       -1655.726    -1688.252       32.526   629.1
80.6000       -1658.700    -1689.849       31.150   602.5
80.8000       -1655.172    -1687.505       32.333   625.4
81.0000       -1656.003    -1687.123       31.120   601.9
81.2000       -1652.644    -1687.393       34.750   672.1
81.4000       -1656.742    -1687.507       30.765   595.0
81.6000       -1657.961    -1687.737       29.777   575.9
81.8000       -1657.059    -1688.267       31.207   603.6
82.0000       -1657.050    -1688.958       31.908   617.1
82.2000       -1658.308    -1688.149       29.841   577.2
82.4000       -1657.512    -1690.373       32.861   635.6
82.6000       -1657.876    -1689.103       31.227   604.0
82.8000       -1657.382    -1686.805       29.424   569.1
83.0000       -1657.560    -1689.737       32.177   622.3
83.2000       -1657.382    -1688.045       30.663   593.0
83.4000       -1656.421    -1688.421       31.999   618.9
83.6000       -1658.558    -1687.353       28.795   556.9
83.8000       -1657.042    -1690.147       33.105   640.3
84.0000       -1659.941    -1691.976       32.035   619.6
84.2000       -1657.886    -1688.690       30.803   595.8
84.4000       -1657.755    -1686.410       28.655   554.2
84.6000       -1660.355    -1691.627       31.272   604.8
84.8000       -1659.746    -1689.075       29.329   567.2
85.0000       -1657.350    -1688.780       31.430   607.9
85.2000       -1657.165    -1688.436       31.271   604.8
85.4000       -1660.155    -1690.850       30.695   593.7
85.6000       -1660.801    -1689.841       29.040   561.7
85.8000       -1658.671    -1689.723       31.052   600.6
86.0000       -1658.006    -1689.436       31.430   607.9
86.2000       -1655.193    -1688.639       33.446   646.9
86.4000       -1655.156    -1687.093       31.937   617.7
86.6000       -1657.528    -1687.438       29.909   578.5
86.8000       -1658.495    -1688.948       30.453   589.0
87.0000       -1658.835    -1687.853       29.019   561.2
87.2000       -1657.425    -1688.314       30.889   597.4
87.4000       -1658.101    -1689.269       31.168   602.8
87.6000       -1658.274    -1690.723       32.449   627.6
87.8000       -1655.772    -1687.644       31.873   616.4
88.0000       -1655.701    -1687.994       32.294   624.6
88.2000       -1654.545    -1687.384       32.840   635.1
88.4000       -1656.490    -1687.977       31.487   609.0
88.6000       -1656.532    -1686.400       29.868   577.7
88.8000       -1656.822    -1688.587       31.765   614.4
89.0000       -1657.785    -1687.970       30.185   583.8
89.2000       -1656.943    -1688.207       31.264   604.7
89.4000       -1659.159    -1689.801       30.642   592.6
89.6000       -1657.486    -1688.852       31.365   606.6
89.8000       -1658.201    -1688.810       30.609   592.0
90.0000       -1657.407    -1688.514       31.107   601.6
90.2000       -1657.437    -1688.204       30.767   595.1
90.4000       -1657.834    -1688.360       30.526   590.4
90.6000       -1656.122    -1689.028       32.906   636.4
90.8000       -1659.491    -1688.090       28.599   553.1
91.0000       -1658.696    -1690.150       31.454   608.3
91.2000       -1660.077    -1688.938       28.862   558.2
91.4000       -1658.786    -1687.816       29.030   561.5
91.6000       -1657.412    -1689.175       31.763   614.3
91.8000       -1656.828    -1687.345       30.516   590.2
92.0000       -1659.137    -1689.443       30.306   586.1
92.2000       -1661.458    -1690.570       29.112   563.1
92.4000       -1659.841    -1690.278       30.437   588.7
92.6000       -1659.003    -1689.079       30.076   581.7
92.8000       -1659.459    -1688.299       28.840   557.8
93.0000       -1658.828    -1688.548       29.720   574.8
93.2000       -1655.468    -1689.008       33.540   648.7
93.4000       -1657.141    -1688.189       31.048   600.5
93.6000       -1658.373    -1687.541       29.168   564.1
93.8000       -1659.546    -1690.573       31.026   600.1
94.0000       -1661.683    -1691.244       29.562   571.7
94.2000       -1662.299    -1691.355       29.056   562.0
94.4000       -1660.839    -1690.029       29.190   564.6
94.6000       -1659.597    -1689.373       29.776   575.9
94.8000       -1657.290    -1687.456       30.167   583.4
95.0000       -1656.343    -1687.403       31.060   600.7
95.2000       -1656.768    -1687.748       30.980   599.2
95.4000       -1656.115    -1688.274       32.160   622.0
95.6000       -1658.076    -1688.470       30.394   587.8
95.8000       -1659.517    -1689.829       30.312   586.3
96.0000       -1660.181    -1690.387       30.206   584.2
96.2000       -1659.269    -1690.659       31.390   607.1
96.4000       -1659.534    -1690.112       30.578   591.4
96.6000       -1662.167    -1690.931       28.765   556.3
96.8000       -1660.292    -1689.531       29.239   565.5
97.0000       -1661.270    -1690.657       29.387   568.4
97.2000       -1661.189    -1690.366       29.177   564.3
97.4000       -1658.591    -1688.432       29.841   577.2
97.6000       -1660.531    -1689.047       28.516   551.5
97.8000       -1659.744    -1690.435       30.691   593.6
98.0000       -1659.148    -1689.600       30.452   589.0
98.2000       -1658.824    -1689.347       30.522   590.3
98.4000       -1658.900    -1689.543       30.644   592.7
98.6000       -1657.323    -1687.860       30.537   590.6
98.8000       -1656.067    -1687.300       31.233   604.1
99.0000       -1655.844    -1687.984       32.141   621.6
99.2000       -1656.456    -1687.331       30.875   597.1
99.4000       -1656.787    -1688.788       32.001   618.9
99.6000       -1656.983    -1688.649       31.666   612.4
99.8000       -1658.096    -1689.139       31.043   600.4
100.0000      -1657.348    -1688.727       31.379   606.9
100.2000      -1656.607    -1687.697       31.090   601.3
100.4000      -1657.311    -1689.476       32.164   622.1
100.6000      -1655.637    -1685.779       30.143   583.0
100.8000      -1655.889    -1687.336       31.447   608.2
101.0000      -1655.048    -1687.110       32.062   620.1
101.2000      -1656.283    -1686.200       29.917   578.6
101.4000      -1658.171    -1687.614       29.443   569.4
101.6000      -1656.795    -1688.117       31.322   605.8
101.8000      -1656.746    -1689.613       32.867   635.7
102.0000      -1658.290    -1688.015       29.725   574.9
102.2000      -1658.489    -1689.542       31.053   600.6
102.4000      -1657.871    -1688.962       31.092   601.3
102.6000      -1659.219    -1688.208       28.989   560.7
102.8000      -1656.432    -1687.199       30.768   595.1
103.0000      -1655.060    -1688.239       33.179   641.7
103.2000      -1657.039    -1687.932       30.893   597.5
103.4000      -1657.074    -1687.402       30.328   586.6
103.6000      -1654.612    -1687.897       33.285   643.8
103.8000      -1655.675    -1687.307       31.632   611.8
104.0000      -1656.823    -1687.397       30.574   591.3
104.2000      -1657.837    -1688.228       30.391   587.8
104.4000      -1657.657    -1687.387       29.730   575.0
104.6000      -1655.908    -1685.881       29.973   579.7
104.8000      -1652.439    -1685.497       33.058   639.4
105.0000      -1655.924    -1688.874       32.951   637.3
105.2000      -1657.698    -1688.257       30.559   591.0
105.4000      -1656.188    -1687.326       31.137   602.2
105.6000      -1652.305    -1685.920       33.615   650.1
105.8000      -1654.065    -1687.303       33.238   642.8
106.0000      -1653.308    -1685.770       32.462   627.8
106.2000      -1650.499    -1683.399       32.900   636.3
106.4000      -1650.441    -1683.639       33.198   642.1
106.6000      -1650.558    -1684.568       34.010   657.8
106.8000      -1653.075    -1685.770       32.695   632.3
107.0000      -1655.068    -1687.583       32.516   628.9
107.2000      -1654.250    -1685.108       30.858   596.8
107.4000      -1653.324    -1686.922       33.598   649.8
107.6000      -1654.372    -1686.639       32.267   624.1
107.8000      -1656.002    -1686.431       30.429   588.5
108.0000      -1654.766    -1686.851       32.085   620.5
108.2000      -1652.103    -1684.222       32.119   621.2
108.4000      -1651.376    -1685.108       33.733   652.4
108.6000      -1652.206    -1684.724       32.519   628.9
108.8000      -1653.175    -1688.335       35.160   680.0
109.0000      -1656.953    -1689.114       32.161   622.0
109.2000      -1656.543    -1687.683       31.140   602.3
109.4000      -1656.516    -1686.011       29.494   570.4
109.6000      -1655.625    -1685.890       30.265   585.4
109.8000      -1656.228    -1687.156       30.928   598.2
110.0000      -1656.417    -1688.679       32.261   624.0
110.2000      -1657.839    -1689.328       31.489   609.0
110.4000      -1656.448    -1687.072       30.624   592.3
110.6000      -1657.739    -1688.538       30.799   595.7
110.8000      -1658.089    -1687.744       29.655   573.5
111.0000      -1659.229    -1688.314       29.085   562.5
111.2000      -1661.350    -1690.734       29.384   568.3
111.4000      -1659.910    -1687.604       27.695   535.6
111.6000      -1659.719    -1690.159       30.440   588.7
111.8000      -1657.992    -1688.597       30.606   591.9
112.0000      -1657.000    -1686.518       29.518   570.9
112.2000      -1655.506    -1687.329       31.823   615.5
112.4000      -1655.492    -1687.267       31.776   614.6
112.6000      -1652.495    -1684.728       32.233   623.4
112.8000      -1655.939    -1686.683       30.745   594.6
113.0000      -1653.926    -1685.427       31.501   609.3
113.2000      -1653.635    -1687.538       33.903   655.7
113.4000      -1656.827    -1687.315       30.488   589.7
113.6000      -1655.714    -1687.955       32.241   623.6
113.8000      -1655.408    -1687.822       32.413   626.9
114.0000      -1656.909    -1689.294       32.384   626.3
114.2000      -1655.413    -1688.831       33.418   646.3
114.4000      -1657.309    -1686.895       29.586   572.2
114.6000      -1656.880    -1688.884       32.005   619.0
114.8000      -1660.981    -1688.529       27.548   532.8
115.0000      -1656.675    -1688.481       31.807   615.2
115.2000      -1657.783    -1687.901       30.118   582.5
115.4000      -1657.373    -1688.824       31.451   608.3
115.6000      -1658.191    -1688.581       30.390   587.8
115.8000      -1658.148    -1688.504       30.356   587.1
116.0000      -1659.781    -1689.797       30.016   580.5
116.2000      -1660.623    -1689.811       29.189   564.5
116.4000      -1659.257    -1688.879       29.623   572.9
116.6000      -1659.733    -1688.886       29.152   563.8
116.8000      -1661.556    -1690.610       29.054   561.9
117.0000      -1659.095    -1689.367       30.271   585.5
117.2000      -1659.105    -1688.898       29.794   576.2
117.4000      -1657.851    -1688.301       30.450   588.9
117.6000      -1660.068    -1689.232       29.164   564.1
117.8000      -1658.808    -1688.711       29.903   578.3
118.0000      -1655.659    -1688.010       32.351   625.7
118.2000      -1657.921    -1688.069       30.148   583.1
118.4000      -1659.436    -1689.392       29.955   579.4
118.6000      -1658.896    -1687.588       28.691   554.9
118.8000      -1658.312    -1688.803       30.491   589.7
119.0000      -1657.755    -1689.465       31.710   613.3
119.2000      -1658.481    -1689.021       30.540   590.7
119.4000      -1659.700    -1689.157       29.457   569.7
119.6000      -1659.098    -1688.785       29.687   574.2
119.8000      -1659.182    -1688.800       29.618   572.8
120.0000      -1658.244    -1689.399       31.155   602.6
120.2000      -1658.117    -1688.790       30.673   593.2
120.4000      -1659.257    -1687.730       28.474   550.7
120.6000      -1659.676    -1688.779       29.103   562.9
120.8000      -1659.718    -1689.627       29.909   578.5
121.0000      -1659.499    -1688.481       28.983   560.5
121.2000      -1659.775    -1689.350       29.574   572.0
121.4000      -1660.060    -1688.723       28.662   554.4
121.6000      -1658.958    -1689.361       30.403   588.0
121.8000      -1657.818    -1688.143       30.326   586.5
122.0000      -1656.251    -1686.706       30.455   589.0
122.2000      -1658.476    -1688.708       30.231   584.7
122.4000      -1656.961    -1686.635       29.674   573.9
122.6000      -1658.557    -1688.240       29.682   574.1
122.8000      -1658.032    -1688.745       30.713   594.0
123.0000      -1659.201    -1687.330       28.129   544.0
123.2000      -1660.047    -1690.238       30.192   583.9
123.4000      -1658.433    -1689.499       31.066   600.8
123.6000      -1658.054    -1689.155       31.100   601.5
123.8000      -1659.488    -1688.547       29.060   562.0
124.0000      -1660.672    -1691.227       30.555   591.0
124.2000      -1659.366    -1690.236       30.870   597.0
124.4000      -1657.534    -1688.029       30.495   589.8
124.6000      -1656.858    -1688.106       31.248   604.4
124.8000      -1658.095    -1688.080       29.986   579.9
125.0000      -1656.788    -1689.120       32.332   625.3
125.2000      -1657.426    -1689.228       31.802   615.1
125.4000      -1657.979    -1688.639       30.661   593.0
125.6000      -1656.137    -1687.900       31.762   614.3
125.8000      -1657.388    -1689.421       32.033   619.5
126.0000      -1658.185    -1688.830       30.644   592.7
126.2000      -1658.780    -1689.707       30.928   598.2
126.4000      -1654.267    -1686.590       32.322   625.1
126.6000      -1654.499    -1686.054       31.555   610.3
126.8000      -1654.482    -1685.403       30.920   598.0
127.0000      -1653.935    -1686.619       32.683   632.1
127.2000      -1654.883    -1685.504       30.622   592.2
127.4000      -1654.556    -1686.959       32.403   626.7
127.6000      -1657.014    -1687.524       30.510   590.1
127.8000      -1658.036    -1688.798       30.762   595.0
128.0000      -1657.450    -1688.635       31.185   603.1
128.2000      -1659.137    -1688.595       29.457   569.7
128.4000      -1659.453    -1689.209       29.756   575.5
128.6000      -1659.547    -1688.489       28.943   559.8
128.8000      -1658.878    -1688.684       29.806   576.5
129.0000      -1658.698    -1689.594       30.896   597.6
129.2000      -1658.921    -1689.384       30.463   589.2
129.4000      -1659.095    -1688.841       29.747   575.3
129.6000      -1657.082    -1689.605       32.524   629.0
129.8000      -1656.342    -1687.847       31.505   609.3
130.0000      -1657.549    -1689.150       31.601   611.2
130.2000      -1657.215    -1688.151       30.936   598.3
130.4000      -1657.002    -1688.209       31.207   603.6
130.6000      -1657.939    -1689.551       31.612   611.4
130.8000      -1658.514    -1689.070       30.556   591.0
131.0000      -1656.868    -1687.617       30.749   594.7
131.2000      -1655.805    -1687.905       32.100   620.8
131.4000      -1656.824    -1686.317       29.492   570.4
131.6000      -1656.349    -1688.458       32.108   621.0
131.8000      -1658.663    -1688.323       29.659   573.6
132.0000      -1658.718    -1689.748       31.030   600.1
132.2000      -1657.025    -1687.776       30.751   594.8
132.4000      -1656.627    -1688.789       32.162   622.0
132.6000      -1654.863    -1687.093       32.230   623.4
132.8000      -1655.397    -1685.279       29.882   577.9
133.0000      -1655.855    -1687.123       31.268   604.7
133.2000      -1657.346    -1688.307       30.962   598.8
133.4000      -1656.182    -1688.235       32.052   619.9
133.6000      -1656.826    -1685.814       28.988   560.7
133.8000      -1657.076    -1690.206       33.130   640.8
134.0000      -1655.772    -1687.514       31.742   613.9
134.2000      -1656.258    -1688.175       31.917   617.3
134.4000      -1654.730    -1687.808       33.077   639.7
134.6000      -1658.272    -1688.025       29.752   575.4
134.8000      -1657.731    -1686.873       29.142   563.6
135.0000      -1656.466    -1686.763       30.297   586.0
135.2000      -1658.275    -1688.867       30.593   591.7
135.4000      -1654.766    -1686.603       31.837   615.7
135.6000      -1656.259    -1686.653       30.394   587.8
135.8000      -1654.683    -1687.385       32.701   632.5
136.0000      -1654.285    -1687.551       33.265   643.4
136.2000      -1654.330    -1685.824       31.494   609.1
136.4000      -1657.409    -1687.571       30.162   583.4
136.6000      -1658.222    -1688.461       30.239   584.8
136.8000      -1657.887    -1690.318       32.431   627.2
137.0000      -1658.645    -1688.886       30.241   584.9
137.2000      -1660.993    -1690.394       29.401   568.6
137.4000      -1659.375    -1689.829       30.454   589.0
137.6000      -1659.206    -1689.545       30.339   586.8
137.8000      -1657.893    -1688.397       30.504   590.0
138.0000      -1658.538    -1688.548       30.009   580.4
138.2000      -1656.517    -1686.893       30.375   587.5
138.4000      -1656.380    -1688.173       31.793   614.9
138.6000      -1657.397    -1687.960       30.563   591.1
138.8000      -1655.649    -1688.536       32.887   636.1
139.0000      -1657.358    -1689.437       32.079   620.4
139.2000      -1658.196    -1689.335       31.138   602.2
139.4000      -1659.284    -1687.771       28.486   551.0
139.6000      -1656.896    -1687.290       30.394   587.8
139.8000      -1655.274    -1685.649       30.374   587.5
140.0000      -1658.206    -1687.441       29.235   565.4
140.2000      -1656.548    -1687.368       30.820   596.1
140.4000      -1658.182    -1688.354       30.172   583.6
140.6000      -1657.354    -1687.161       29.808   576.5
140.8000      -1657.589    -1688.467       30.878   597.2
141.0000      -1658.421    -1688.179       29.758   575.5
141.2000      -1658.170    -1689.753       31.583   610.8
141.4000      -1659.035    -1688.488       29.454   569.7
141.6000      -1659.285    -1688.153       28.868   558.3
141.8000      -1658.373    -1688.275       29.902   578.3
142.0000      -1656.701    -1686.839       30.138   582.9
142.2000      -1657.870    -1688.605       30.736   594.5
142.4000      -1656.920    -1688.198       31.279   605.0
142.6000      -1657.162    -1688.488       31.326   605.9
142.8000      -1654.981    -1686.884       31.903   617.0
143.0000      -1654.395    -1686.271       31.876   616.5
143.2000      -1655.580    -1687.414       31.834   615.7
143.4000      -1657.443    -1688.382       30.939   598.4
143.6000      -1661.214    -1689.343       28.129   544.0
143.8000      -1658.175    -1687.277       29.103   562.9
144.0000      -1657.052    -1687.174       30.122   582.6
144.2000      -1656.358    -1687.270       30.912   597.9
144.4000      -1654.694    -1687.607       32.913   636.6
144.6000      -1655.333    -1686.505       31.172   602.9
144.8000      -1656.210    -1686.549       30.339   586.8
145.0000      -1659.170    -1689.870       30.701   593.8
145.2000      -1659.911    -1688.762       28.852   558.0
145.4000      -1658.102    -1689.838       31.736   613.8
145.6000      -1657.750    -1689.036       31.286   605.1
145.8000      -1657.988    -1687.454       29.466   569.9
146.0000      -1657.391    -1688.080       30.688   593.5
146.2000      -1656.075    -1687.881       31.807   615.2
146.4000      -1654.356    -1686.713       32.357   625.8
146.6000      -1652.879    -1685.821       32.943   637.1
146.8000      -1652.685    -1687.152       34.467   666.6
147.0000      -1655.267    -1687.853       32.586   630.2
147.2000      -1658.811    -1688.373       29.562   571.8
147.4000      -1657.661    -1687.921       30.259   585.2
147.6000      -1655.495    -1688.428       32.932   636.9
147.8000      -1657.076    -1688.480       31.404   607.4
148.0000      -1655.175    -1687.380       32.206   622.9
148.2000      -1657.321    -1688.698       31.377   606.9
148.4000      -1657.579    -1688.397       30.818   596.1
148.6000      -1657.462    -1689.098       31.637   611.9
148.8000      -1656.389    -1689.499       33.110   640.4
149.0000      -1659.403    -1689.955       30.552   590.9
149.2000      -1659.199    -1689.423       30.223   584.5
149.4000      -1656.470    -1689.993       33.523   648.4
149.6000      -1656.992    -1687.282       30.290   585.8
149.8000      -1654.842    -1686.755       31.912   617.2
150.0000      -1653.932    -1687.469       33.536   648.6
150.2000      -1654.913    -1686.830       31.917   617.3
150.4000      -1654.440    -1687.437       32.997   638.2
150.6000      -1656.628    -1687.323       30.695   593.7
150.8000      -1657.344    -1686.468       29.124   563.3
151.0000      -1656.180    -1687.731       31.551   610.2
151.2000      -1658.756    -1688.179       29.424   569.1
151.4000      -1658.225    -1688.912       30.687   593.5
151.6000      -1659.987    -1689.496       29.509   570.7
151.8000      -1660.046    -1689.199       29.153   563.8
152.0000      -1660.436    -1691.154       30.717   594.1
152.2000      -1659.148    -1688.564       29.416   568.9
152.4000      -1659.937    -1689.769       29.831   577.0
152.6000      -1658.542    -1687.037       28.495   551.1
152.8000      -1656.685    -1686.563       29.878   577.9
153.0000      -1657.683    -1687.962       30.280   585.6
153.2000      -1656.527    -1687.798       31.270   604.8
153.4000      -1659.573    -1688.728       29.155   563.9
153.6000      -1657.900    -1688.510       30.609   592.0
153.8000      -1655.803    -1688.604       32.801   634.4
154.0000      -1657.382    -1688.137       30.754   594.8
154.2000      -1657.208    -1688.281       31.073   601.0
154.4000      -1658.787    -1688.519       29.732   575.0
154.6000      -1656.842    -1688.378       31.536   609.9
154.8000      -1657.369    -1689.046       31.677   612.7
155.0000      -1658.397    -1688.073       29.676   574.0
155.2000      -1658.049    -1690.249       32.200   622.8
155.4000      -1656.846    -1688.429       31.582   610.8
155.6000      -1656.534    -1687.948       31.414   607.6
155.8000      -1657.032    -1688.790       31.758   614.2
156.0000      -1655.900    -1686.751       30.851   596.7
156.2000      -1655.526    -1687.170       31.644   612.0
156.4000      -1656.716    -1687.639       30.923   598.1
156.6000      -1657.943    -1689.630       31.688   612.9
156.8000      -1658.177    -1689.667       31.490   609.0
157.0000      -1659.219    -1689.752       30.533   590.5
157.2000      -1658.678    -1689.866       31.188   603.2
157.4000      -1657.897    -1689.557       31.659   612.3
157.6000      -1661.340    -1691.048       29.708   574.6
157.8000      -1659.763    -1691.301       31.538   610.0
158.0000      -1658.343    -1688.878       30.535   590.6
158.2000      -1658.248    -1688.257       30.009   580.4
158.4000      -1654.980    -1689.717       34.736   671.8
158.6000      -1655.194    -1686.265       31.071   600.9
158.8000      -1654.528    -1688.566       34.038   658.3
159.0000      -1654.732    -1686.691       31.959   618.1
159.2000      -1655.059    -1687.572       32.512   628.8
159.4000      -1653.665    -1686.371       32.706   632.6
159.6000      -1656.515    -1688.607       32.092   620.7
159.8000      -1656.630    -1688.384       31.754   614.2
160.0000      -1656.983    -1688.991       32.008   619.1
160.2000      -1658.837    -1689.765       30.928   598.2
160.4000      -1656.736    -1689.328       32.592   630.4
160.6000      -1658.524    -1687.924       29.400   568.6
160.8000      -1658.656    -1688.901       30.245   585.0
161.0000      -1657.984    -1689.339       31.355   606.4
161.2000      -1656.603    -1689.343       32.740   633.2
161.4000      -1657.011    -1689.225       32.214   623.1
161.6000      -1659.741    -1689.459       29.719   574.8
161.8000      -1660.168    -1689.917       29.749   575.4
162.0000      -1661.436    -1691.159       29.723   574.9
162.2000      -1662.581    -1690.724       28.143   544.3
162.4000      -1660.376    -1689.594       29.218   565.1
162.6000      -1659.228    -1688.446       29.218   565.1
162.8000      -1659.193    -1689.567       30.375   587.5
163.0000      -1659.546    -1689.509       29.963   579.5
163.2000      -1657.474    -1687.994       30.520   590.3
163.4000      -1660.396    -1691.511       31.115   601.8
163.6000      -1658.379    -1689.297       30.918   598.0
163.8000      -1661.211    -1690.793       29.582   572.1
164.0000      -1661.206    -1689.440       28.234   546.1
164.2000      -1661.962    -1692.234       30.272   585.5
164.4000      -1659.945    -1690.716       30.771   595.1
164.6000      -1660.895    -1690.404       29.509   570.7
164.8000      -1659.324    -1690.588       31.264   604.7
165.0000      -1659.705    -1689.548       29.843   577.2
165.2000      -1659.437    -1689.940       30.503   589.9
165.4000      -1657.271    -1688.603       31.332   606.0
165.6000      -1658.884    -1689.045       30.161   583.3
165.8000      -1661.249    -1688.069       26.820   518.7
166.0000      -1658.394    -1689.387       30.993   599.4
166.2000      -1657.563    -1688.035       30.472   589.4
166.4000      -1655.266    -1687.724       32.458   627.8
166.6000      -1655.823    -1687.890       32.067   620.2
166.8000      -1657.855    -1688.870       31.016   599.9
167.0000      -1656.803    -1689.062       32.259   623.9
167.2000      -1657.308    -1688.683       31.375   606.8
167.4000      -1657.189    -1687.533       30.344   586.9
167.6000      -1657.299    -1687.270       29.972   579.7
167.8000      -1657.839    -1689.050       31.211   603.7
168.0000      -1657.253    -1688.011       30.758   594.9
168.2000      -1655.530    -1687.182       31.652   612.2
168.4000      -1655.834    -1688.730       32.896   636.2
168.6000      -1655.105    -1686.401       31.296   605.3
168.8000      -1654.111    -1686.466       32.355   625.8
169.0000      -1656.761    -1688.614       31.853   616.1
169.2000      -1657.669    -1688.047       30.377   587.5
169.4000      -1658.876    -1689.680       30.804   595.8
169.6000      -1659.127    -1689.526       30.399   587.9
169.8000      -1660.397    -1692.310       31.913   617.2
170.0000      -1659.290    -1689.870       30.581   591.5
170.2000      -1657.977    -1687.526       29.549   571.5
170.4000      -1658.184    -1688.740       30.556   591.0
170.6000      -1657.574    -1688.947       31.373   606.8
170.8000      -1656.194    -1688.232       32.038   619.6
171.0000      -1655.634    -1689.100       33.466   647.3
171.2000      -1656.176    -1688.579       32.404   626.7
171.4000      -1656.189    -1688.538       32.349   625.7
171.6000      -1658.073    -1690.313       32.240   623.6
171.8000      -1656.041    -1688.145       32.104   620.9
172.0000      -1655.978    -1688.541       32.563   629.8
172.2000      -1656.664    -1688.516       31.852   616.0
172.4000      -1660.988    -1691.675       30.688   593.5
172.6000      -1660.000    -1690.163       30.163   583.4
172.8000      -1661.482    -1690.107       28.624   553.6
173.0000      -1658.805    -1690.074       31.269   604.8
173.2000      -1661.432    -1691.516       30.084   581.8
173.4000      -1661.098    -1691.267       30.169   583.5
173.6000      -1660.008    -1690.016       30.009   580.4
173.8000      -1659.531    -1690.205       30.675   593.3
174.0000      -1658.158    -1688.584       30.426   588.5
174.2000      -1659.186    -1688.776       29.590   572.3
174.4000      -1659.550    -1690.601       31.051   600.6
174.6000      -1661.928    -1691.258       29.330   567.3
174.8000      -1657.798    -1687.391       29.593   572.4
175.0000      -1657.646    -1689.702       32.055   620.0
175.2000      -1659.978    -1689.699       29.722   574.8
175.4000      -1658.327    -1688.918       30.592   591.7
175.6000      -1660.095    -1690.139       30.044   581.1
175.8000      -1658.458    -1689.033       30.575   591.3
176.0000      -1657.759    -1689.756       31.997   618.8
176.2000      -1655.679    -1688.002       32.323   625.2
176.4000      -1658.554    -1692.403       33.849   654.7
176.6000      -1656.663    -1687.910       31.247   604.3
176.8000      -1659.178    -1690.332       31.154   602.5
177.0000      -1660.279    -1688.799       28.520   551.6
177.2000      -1660.576    -1690.371       29.795   576.3
177.4000      -1655.887    -1690.730       34.844   673.9
177.6000      -1660.432    -1689.744       29.312   566.9
177.8000      -1661.032    -1690.175       29.143   563.6
178.0000      -1659.665    -1689.494       29.829   576.9
178.2000      -1658.566    -1689.396       30.831   596.3
178.4000      -1657.088    -1689.775       32.687   632.2
178.6000      -1658.263    -1690.413       32.150   621.8
178.8000      -1657.834    -1686.859       29.024   561.4
179.0000      -1659.493    -1688.692       29.199   564.7
179.2000      -1660.059    -1690.116       30.057   581.3
179.4000      -1658.515    -1691.128       32.613   630.8
179.6000      -1658.696    -1691.018       32.322   625.1
179.8000      -1659.115    -1689.839       30.724   594.2
180.0000      -1658.291    -1689.677       31.386   607.0
180.2000      -1659.942    -1690.754       30.812   595.9
180.4000      -1659.645    -1689.790       30.146   583.0
180.6000      -1660.892    -1689.824       28.932   559.6
180.8000      -1659.997    -1690.131       30.135   582.8
181.0000      -1658.496    -1688.023       29.527   571.1
181.2000      -1659.049    -1689.846       30.797   595.6
181.4000      -1660.994    -1690.450       29.456   569.7
181.6000      -1658.867    -1689.271       30.405   588.1
181.8000      -1659.691    -1690.411       30.720   594.2
182.0000      -1659.766    -1690.724       30.958   598.8
182.2000      -1659.700    -1688.396       28.696   555.0
182.4000      -1657.312    -1689.398       32.086   620.6
182.6000      -1658.118    -1688.797       30.679   593.4
182.8000      -1657.242    -1688.875       31.634   611.8
183.0000      -1658.753    -1689.636       30.883   597.3
183.2000      -1659.955    -1689.132       29.177   564.3
183.4000      -1656.478    -1688.903       32.424   627.1
183.6000      -1656.274    -1688.314       32.040   619.7
183.8000      -1657.830    -1688.445       30.615   592.1
184.0000      -1657.987    -1688.298       30.311   586.2
184.2000      -1658.831    -1689.396       30.565   591.2
184.4000      -1661.211    -1690.057       28.847   557.9
184.6000      -1658.211    -1689.831       31.620   611.6
184.8000      -1656.994    -1688.920       31.926   617.5
185.0000      -1660.956    -1690.079       29.124   563.3
185.2000      -1660.412    -1689.347       28.936   559.6
185.4000      -1659.509    -1689.886       30.377   587.5
185.6000      -1660.966    -1688.955       27.988   541.3
185.8000      -1659.515    -1691.154       31.639   611.9
186.0000      -1659.202    -1689.534       30.331   586.6
186.2000      -1658.508    -1688.710       30.202   584.1
186.4000      -1657.701    -1689.651       31.950   617.9
186.6000      -1657.768    -1688.718       30.950   598.6
186.8000      -1659.102    -1689.350       30.248   585.0
187.0000      -1658.925    -1688.474       29.549   571.5
187.2000      -1658.923    -1690.283       31.360   606.5
187.4000      -1657.856    -1687.428       29.572   572.0
187.6000      -1656.427    -1689.460       33.033   638.9
187.8000      -1657.642    -1688.612       30.970   599.0
188.0000      -1658.536    -1689.006       30.471   589.3
188.2000      -1657.739    -1688.923       31.184   603.1
188.4000      -1655.033    -1686.474       31.441   608.1
188.6000      -1655.581    -1686.796       31.215   603.7
188.8000      -1657.240    -1687.547       30.306   586.2
189.0000      -1656.184    -1687.476       31.292   605.2
189.2000      -1656.719    -1689.374       32.655   631.6
189.4000      -1657.124    -1688.212       31.088   601.3
189.6000      -1659.504    -1690.339       30.835   596.4
189.8000      -1660.542    -1690.946       30.404   588.0
190.0000      -1659.035    -1690.744       31.710   613.3
190.2000      -1656.589    -1689.251       32.662   631.7
190.4000      -1655.662    -1689.131       33.469   647.3
190.6000      -1656.040    -1688.075       32.035   619.6
190.8000      -1657.397    -1686.979       29.583   572.2
191.0000      -1657.692    -1689.772       32.080   620.5
191.2000      -1658.506    -1689.765       31.258   604.6
191.4000      -1659.815    -1689.468       29.653   573.5
191.6000      -1659.904    -1689.845       29.941   579.1
191.8000      -1658.787    -1690.784       31.997   618.9
192.0000      -1660.763    -1689.641       28.877   558.5
192.2000      -1660.343    -1689.103       28.760   556.2
192.4000      -1659.635    -1690.179       30.544   590.7
192.6000      -1661.460    -1690.921       29.461   569.8
192.8000      -1658.185    -1690.463       32.278   624.3
193.0000      -1658.400    -1688.817       30.417   588.3
193.2000      -1657.004    -1689.162       32.158   622.0
193.4000      -1658.707    -1689.372       30.664   593.1
193.6000      -1658.407    -1689.867       31.461   608.5
193.8000      -1655.983    -1688.863       32.880   635.9
194.0000      -1656.594    -1689.214       32.619   630.9
194.2000      -1657.017    -1688.461       31.444   608.2
194.4000      -1657.839    -1689.260       31.421   607.7
194.6000      -1659.117    -1689.947       30.830   596.3
194.8000      -1657.082    -1688.220       31.138   602.2
195.0000      -1654.411    -1688.078       33.667   651.1
195.2000      -1655.707    -1687.688       31.981   618.5
195.4000      -1657.471    -1687.890       30.419   588.3
195.6000      -1656.307    -1687.344       31.036   600.3
195.8000      -1657.758    -1689.339       31.582   610.8
196.0000      -1657.933    -1689.603       31.670   612.5
196.2000      -1657.050    -1690.437       33.387   645.7
196.4000      -1657.338    -1688.918       31.580   610.8
196.6000      -1658.538    -1690.069       31.532   609.8
196.8000      -1657.735    -1688.637       30.902   597.7
197.0000      -1657.447    -1688.540       31.093   601.4
197.2000      -1658.481    -1690.854       32.373   626.1
197.4000      -1658.482    -1689.949       31.468   608.6
197.6000      -1658.305    -1688.949       30.645   592.7
197.8000      -1654.568    -1687.628       33.059   639.4
198.0000      -1655.914    -1685.661       29.748   575.3
198.2000      -1657.062    -1688.411       31.350   606.3
198.4000      -1658.720    -1689.105       30.385   587.7
198.6000      -1658.450    -1688.478       30.028   580.8
198.8000      -1658.503    -1688.244       29.741   575.2
199.0000      -1657.198    -1688.159       30.961   598.8
199.2000      -1658.642    -1689.634       30.992   599.4
199.4000      -1656.595    -1688.634       32.038   619.6
199.6000      -1657.355    -1688.005       30.650   592.8
199.8000      -1659.073    -1689.248       30.175   583.6
200.0000      -1657.525    -1688.227       30.702   593.8
