Time[ps]      Etot[eV]     Epot[eV]     Ekin[eV]    T[K]
0.0000        -1663.812    -1689.686       25.874   500.4
0.2000        -1666.258    -1690.599       24.341   470.8
0.4000        -1664.080    -1689.521       25.441   492.0
0.6000        -1662.969    -1689.786       26.816   518.7
0.8000        -1660.345    -1687.661       27.317   528.3
1.0000        -1661.163    -1688.094       26.931   520.9
1.2000        -1664.960    -1689.636       24.675   477.2
1.4000        -1666.848    -1691.111       24.262   469.3
1.6000        -1665.658    -1691.049       25.391   491.1
1.8000        -1665.838    -1690.694       24.856   480.7
2.0000        -1665.925    -1690.323       24.398   471.9
2.2000        -1664.616    -1690.382       25.766   498.3
2.4000        -1662.584    -1689.667       27.082   523.8
2.6000        -1662.992    -1689.824       26.832   519.0
2.8000        -1663.471    -1689.547       26.076   504.3
3.0000        -1661.240    -1689.048       27.808   537.8
3.2000        -1662.349    -1690.879       28.529   551.8
3.4000        -1662.682    -1689.938       27.256   527.2
3.6000        -1665.431    -1691.202       25.771   498.4
3.8000        -1664.714    -1689.090       24.376   471.5
4.0000        -1664.691    -1691.017       26.326   509.2
4.2000        -1663.825    -1689.609       25.784   498.7
4.4000        -1662.259    -1689.240       26.981   521.8
4.6000        -1662.485    -1688.962       26.477   512.1
4.8000        -1662.814    -1689.500       26.686   516.1
5.0000        -1663.085    -1688.850       25.765   498.3
5.2000        -1662.657    -1689.696       27.040   523.0
5.4000        -1662.546    -1688.710       26.164   506.0
5.6000        -1663.576    -1689.528       25.952   501.9
5.8000        -1664.181    -1689.321       25.140   486.2
6.0000        -1663.641    -1689.870       26.229   507.3
6.2000        -1664.601    -1689.592       24.991   483.4
6.4000        -1662.058    -1688.002       25.945   501.8
6.6000        -1662.190    -1690.503       28.313   547.6
6.8000        -1663.950    -1690.435       26.485   512.2
7.0000        -1663.261    -1689.281       26.020   503.3
7.2000        -1665.107    -1690.378       25.271   488.8
7.4000        -1665.045    -1691.967       26.922   520.7
7.6000        -1665.478    -1691.043       25.565   494.4
7.8000        -1665.876    -1691.995       26.119   505.2
8.0000        -1663.623    -1690.066       26.443   511.4
8.2000        -1664.083    -1689.627       25.544   494.0
8.4000        -1666.078    -1689.696       23.618   456.8
8.6000        -1664.809    -1690.391       25.582   494.8
8.8000        -1664.954    -1691.246       26.293   508.5
9.0000        -1663.637    -1689.397       25.760   498.2
9.2000        -1664.222    -1690.522       26.300   508.7
9.4000        -1665.190    -1690.792       25.602   495.2
9.6000        -1665.443    -1689.753       24.310   470.2
9.8000        -1665.883    -1689.840       23.957   463.3
10.0000       -1665.134    -1691.091       25.957   502.0
10.2000       -1666.821    -1691.394       24.573   475.3
10.4000       -1665.175    -1690.154       24.979   483.1
10.6000       -1666.791    -1692.196       25.405   491.4
10.8000       -1666.887    -1691.346       24.459   473.1
11.0000       -1664.887    -1690.155       25.268   488.7
11.2000       -1662.638    -1689.837       27.198   526.0
11.4000       -1662.524    -1690.536       28.012   541.8
11.6000       -1661.868    -1689.588       27.720   536.1
11.8000       -1662.962    -1688.734       25.772   498.5
12.0000       -1663.057    -1690.142       27.085   523.8
12.2000       -1662.714    -1688.336       25.622   495.6
12.4000       -1661.584    -1687.456       25.872   500.4
12.6000       -1663.910    -1689.062       25.153   486.5
12.8000       -1667.172    -1692.153       24.981   483.2
13.0000       -1666.125    -1691.856       25.731   497.7
13.2000       -1666.914    -1690.190       23.276   450.2
13.4000       -1666.877    -1691.767       24.890   481.4
13.6000       -1668.885    -1692.656       23.771   459.8
13.8000       -1666.844    -1691.569       24.725   478.2
14.0000       -1666.322    -1690.506       24.184   467.7
14.2000       -1665.926    -1690.159       24.233   468.7
14.4000       -1665.674    -1690.651       24.977   483.1
14.6000       -1664.609    -1690.672       26.063   504.1
14.8000       -1665.355    -1690.019       24.664   477.0
15.0000       -1664.662    -1690.843       26.181   506.4
15.2000       -1664.177    -1689.854       25.677   496.6
15.4000       -1662.130    -1689.846       27.716   536.0
15.6000       -1662.640    -1690.650       28.010   541.7
15.8000       -1664.064    -1689.276       25.213   487.6
16.0000       -1664.549    -1690.948       26.400   510.6
16.2000       -1663.138    -1689.630       26.492   512.4
16.4000       -1662.041    -1688.988       26.947   521.2
16.6000       -1663.431    -1688.003       24.572   475.2
16.8000       -1663.098    -1688.739       25.641   495.9
17.0000       -1660.693    -1687.363       26.669   515.8
17.2000       -1661.669    -1689.516       27.846   538.6
17.4000       -1662.241    -1689.421       27.180   525.7
17.6000       -1663.170    -1690.901       27.730   536.3
17.8000       -1664.651    -1690.390       25.739   497.8
18.0000       -1665.157    -1691.521       26.365   509.9
18.2000       -1665.277    -1691.333       26.056   503.9
18.4000       -1664.183    -1690.307       26.124   505.3
18.6000       -1663.941    -1690.635       26.694   516.3
18.8000       -1663.376    -1687.899       24.524   474.3
19.0000       -1665.140    -1690.490       25.349   490.3
19.2000       -1665.300    -1690.813       25.513   493.4
19.4000       -1663.361    -1688.673       25.312   489.6
19.6000       -1661.732    -1690.356       28.624   553.6
19.8000       -1662.651    -1688.573       25.921   501.3
20.0000       -1661.409    -1687.155       25.746   498.0
20.2000       -1662.858    -1688.711       25.853   500.0
20.4000       -1662.845    -1688.695       25.850   500.0
20.6000       -1661.161    -1689.313       28.152   544.5
20.8000       -1663.591    -1689.763       26.172   506.2
21.0000       -1663.014    -1688.927       25.913   501.2
21.2000       -1663.293    -1689.912       26.619   514.8
21.4000       -1663.914    -1689.923       26.009   503.0
21.6000       -1661.261    -1688.752       27.490   531.7
21.8000       -1662.076    -1690.561       28.485   550.9
22.0000       -1663.581    -1689.629       26.048   503.8
22.2000       -1662.870    -1689.450       26.580   514.1
22.4000       -1662.236    -1689.430       27.194   526.0
22.6000       -1663.937    -1690.307       26.370   510.0
22.8000       -1664.538    -1689.966       25.428   491.8
23.0000       -1664.738    -1689.741       25.003   483.6
23.2000       -1663.348    -1690.014       26.666   515.7
23.4000       -1664.359    -1689.395       25.035   484.2
23.6000       -1663.819    -1689.817       25.998   502.8
23.8000       -1662.340    -1689.756       27.415   530.2
24.0000       -1663.028    -1690.404       27.376   529.5
24.2000       -1662.894    -1691.716       28.823   557.5
24.4000       -1665.095    -1692.615       27.520   532.3
24.6000       -1666.704    -1692.766       26.062   504.1
24.8000       -1666.674    -1691.374       24.700   477.7
25.0000       -1667.433    -1691.398       23.965   463.5
25.2000       -1666.112    -1693.200       27.088   523.9
25.4000       -1666.674    -1693.547       26.873   519.7
25.6000       -1666.229    -1692.003       25.774   498.5
25.8000       -1667.653    -1690.989       23.336   451.3
26.0000       -1667.036    -1692.197       25.161   486.6
26.2000       -1668.451    -1693.852       25.402   491.3
26.4000       -1665.738    -1689.678       23.940   463.0
26.6000       -1665.160    -1691.449       26.289   508.4
26.8000       -1666.503    -1692.069       25.566   494.5
27.0000       -1666.281    -1692.745       26.464   511.8
27.2000       -1665.175    -1691.464       26.289   508.5
27.4000       -1664.348    -1690.236       25.888   500.7
27.6000       -1663.890    -1691.192       27.302   528.0
27.8000       -1663.168    -1689.850       26.682   516.1
28.0000       -1663.931    -1690.740       26.809   518.5
28.2000       -1665.802    -1692.274       26.472   512.0
28.4000       -1667.127    -1692.818       25.691   496.9
28.6000       -1668.571    -1693.980       25.409   491.4
28.8000       -1668.049    -1692.914       24.865   480.9
29.0000       -1666.589    -1691.563       24.974   483.0
29.2000       -1665.205    -1691.886       26.682   516.0
29.4000       -1667.326    -1691.612       24.286   469.7
29.6000       -1665.387    -1691.581       26.195   506.6
29.8000       -1665.411    -1690.590       25.179   487.0
30.0000       -1664.322    -1691.713       27.391   529.8
30.2000       -1665.550    -1690.454       24.904   481.7
30.4000       -1665.009    -1690.245       25.236   488.1
30.6000       -1665.582    -1691.004       25.422   491.7
30.8000       -1664.581    -1691.207       26.626   515.0
31.0000       -1664.531    -1689.108       24.578   475.4
31.2000       -1664.375    -1690.434       26.059   504.0
31.4000       -1664.541    -1691.042       26.500   512.5
31.6000       -1664.703    -1690.672       25.969   502.3
31.8000       -1663.629    -1689.584       25.955   502.0
32.0000       -1665.127    -1690.669       25.542   494.0
32.2000       -1665.478    -1690.809       25.331   489.9
32.4000       -1664.770    -1690.891       26.121   505.2
32.6000       -1665.472    -1691.117       25.644   496.0
32.8000       -1667.117    -1692.425       25.308   489.5
33.0000       -1665.527    -1691.019       25.492   493.0
33.2000       -1666.440    -1691.723       25.283   489.0
33.4000       -1665.143    -1691.476       26.333   509.3
33.6000       -1665.404    -1691.730       26.326   509.2
33.8000       -1665.560    -1691.610       26.050   503.8
34.0000       -1665.467    -1690.776       25.310   489.5
34.2000       -1665.990    -1690.877       24.887   481.3
34.4000       -1665.816    -1692.065       26.249   507.7
34.6000       -1664.252    -1691.350       27.098   524.1
34.8000       -1665.288    -1690.264       24.976   483.1
35.0000       -1666.157    -1691.599       25.442   492.1
35.2000       -1664.110    -1690.592       26.482   512.2
35.4000       -1662.699    -1689.874       27.175   525.6
35.6000       -1664.037    -1690.239       26.202   506.8
35.8000       -1663.675    -1689.697       26.022   503.3
36.0000       -1665.537    -1689.789       24.252   469.1
36.2000       -1668.616    -1693.396       24.781   479.3
36.4000       -1666.545    -1691.704       25.159   486.6
36.6000       -1667.095    -1692.212       25.118   485.8
36.8000       -1665.352    -1691.545       26.193   506.6
37.0000       -1664.550    -1690.230       25.680   496.7
37.2000       -1664.439    -1690.863       26.424   511.1
37.4000       -1665.065    -1690.849       25.784   498.7
37.6000       -1665.569    -1692.271       26.702   516.4
37.8000       -1667.481    -1693.122       25.640   495.9
38.0000       -1667.906    -1691.679       23.774   459.8
38.2000       -1667.833    -1692.016       24.183   467.7
38.4000       -1667.215    -1691.641       24.426   472.4
38.6000       -1665.959    -1691.029       25.071   484.9
38.8000       -1666.453    -1692.188       25.735   497.7
39.0000       -1667.100    -1691.722       24.622   476.2
39.2000       -1666.277    -1693.301       27.023   522.7
39.4000       -1665.651    -1691.124       25.473   492.7
39.6000       -1665.838    -1692.165       26.328   509.2
39.8000       -1667.892    -1692.233       24.341   470.8
40.0000       -1667.292    -1692.233       24.941   482.4
40.2000       -1665.860    -1693.101       27.242   526.9
40.4000       -1666.993    -1693.858       26.865   519.6
40.6000       -1665.551    -1691.079       25.528   493.7
40.8000       -1664.586    -1690.729       26.144   505.6
41.0000       -1665.458    -1691.999       26.540   513.3
41.2000       -1666.201    -1692.852       26.651   515.5
41.4000       -1664.821    -1690.285       25.464   492.5
41.6000       -1664.085    -1689.406       25.321   489.7
41.8000       -1665.883    -1691.275       25.392   491.1
42.0000       -1665.472    -1692.614       27.142   524.9
42.2000       -1662.746    -1690.547       27.801   537.7
42.4000       -1664.415    -1691.127       26.712   516.6
42.6000       -1664.026    -1691.367       27.341   528.8
42.8000       -1665.313    -1690.674       25.360   490.5
43.0000       -1666.808    -1691.887       25.079   485.1
43.2000       -1666.601    -1691.482       24.881   481.2
43.4000       -1666.034    -1693.466       27.432   530.6
43.6000       -1664.983    -1690.874       25.892   500.8
43.8000       -1666.290    -1691.803       25.513   493.4
44.0000       -1665.818    -1691.630       25.812   499.2
44.2000       -1664.730    -1690.985       26.256   507.8
44.4000       -1663.890    -1690.450       26.559   513.7
44.6000       -1664.110    -1692.579       28.469   550.6
44.8000       -1664.250    -1690.547       26.297   508.6
45.0000       -1665.232    -1691.473       26.241   507.5
45.2000       -1667.202    -1691.297       24.095   466.0
45.4000       -1665.844    -1691.961       26.117   505.1
45.6000       -1667.055    -1691.896       24.841   480.4
45.8000       -1665.276    -1690.434       25.158   486.6
46.0000       -1663.066    -1690.443       27.377   529.5
46.2000       -1662.340    -1691.547       29.207   564.9
46.4000       -1664.392    -1690.789       26.397   510.5
46.6000       -1664.271    -1690.186       25.914   501.2
46.8000       -1665.137    -1691.011       25.874   500.4
47.0000       -1663.604    -1691.806       28.203   545.5
47.2000       -1663.174    -1690.285       27.112   524.4
47.4000       -1662.662    -1689.949       27.287   527.8
47.6000       -1662.855    -1689.530       26.675   515.9
47.8000       -1664.897    -1691.927       27.030   522.8
48.0000       -1664.384    -1690.414       26.030   503.5
48.2000       -1667.415    -1692.898       25.483   492.9
48.4000       -1664.870    -1692.024       27.154   525.2
48.6000       -1663.527    -1690.918       27.392   529.8
48.8000       -1663.368    -1690.773       27.405   530.0
49.0000       -1665.045    -1692.669       27.624   534.3
49.2000       -1665.519    -1692.932       27.413   530.2
49.4000       -1664.820    -1691.872       27.052   523.2
49.6000       -1665.283    -1692.724       27.442   530.7
49.8000       -1665.202    -1691.210       26.008   503.0
50.0000       -1665.009    -1692.076       27.067   523.5
50.2000       -1666.386    -1691.711       25.324   489.8
50.4000       -1667.204    -1692.755       25.551   494.2
50.6000       -1664.210    -1692.396       28.186   545.1
50.8000       -1663.325    -1690.876       27.552   532.9
51.0000       -1664.717    -1691.046       26.330   509.2
51.2000       -1665.767    -1691.536       25.769   498.4
51.4000       -1664.530    -1691.406       26.876   519.8
51.6000       -1666.863    -1692.164       25.300   489.3
51.8000       -1668.095    -1693.797       25.702   497.1
52.0000       -1667.370    -1693.402       26.033   503.5
52.2000       -1664.921    -1691.376       26.455   511.7
52.4000       -1664.791    -1691.095       26.304   508.7
52.6000       -1667.249    -1692.968       25.719   497.4
52.8000       -1668.458    -1693.045       24.587   475.5
53.0000       -1666.673    -1693.275       26.602   514.5
53.2000       -1668.003    -1692.398       24.395   471.8
53.4000       -1667.845    -1692.213       24.368   471.3
53.6000       -1666.598    -1692.269       25.671   496.5
53.8000       -1666.898    -1694.586       27.688   535.5
54.0000       -1668.274    -1693.544       25.270   488.7
54.2000       -1666.974    -1692.448       25.474   492.7
54.4000       -1665.908    -1691.977       26.069   504.2
54.6000       -1666.828    -1691.423       24.595   475.7
54.8000       -1665.294    -1692.181       26.887   520.0
55.0000       -1664.068    -1689.885       25.817   499.3
55.2000       -1664.366    -1690.269       25.903   501.0
55.4000       -1665.235    -1690.951       25.715   497.4
55.6000       -1664.098    -1691.704       27.606   533.9
55.8000       -1664.205    -1689.949       25.744   497.9
56.0000       -1666.274    -1692.780       26.506   512.6
56.2000       -1665.363    -1690.997       25.634   495.8
56.4000       -1663.149    -1690.642       27.493   531.7
56.6000       -1664.953    -1692.109       27.156   525.2
56.8000       -1666.093    -1692.075       25.982   502.5
57.0000       -1666.452    -1692.752       26.300   508.7
57.2000       -1665.944    -1692.131       26.186   506.5
57.4000       -1665.757    -1691.596       25.839   499.7
57.6000       -1665.713    -1693.114       27.400   529.9
57.8000       -1666.608    -1692.758       26.149   505.8
58.0000       -1667.880    -1693.246       25.366   490.6
58.2000       -1666.967    -1693.197       26.231   507.3
58.4000       -1666.971    -1692.826       25.855   500.1
58.6000       -1667.626    -1691.993       24.366   471.3
58.8000       -1667.805    -1693.399       25.594   495.0
59.0000       -1665.494    -1692.429       26.935   521.0
59.2000       -1666.248    -1691.777       25.529   493.7
59.4000       -1669.308    -1693.624       24.315   470.3
59.6000       -1668.972    -1694.475       25.504   493.3
59.8000       -1670.370    -1695.404       25.034   484.2
60.0000       -1668.660    -1692.194       23.535   455.2
60.2000       -1667.746    -1693.578       25.832   499.6
60.4000       -1667.337    -1692.692       25.355   490.4
60.6000       -1667.353    -1692.825       25.472   492.7
60.8000       -1666.694    -1693.097       26.403   510.7
61.0000       -1667.490    -1693.917       26.427   511.1
61.2000       -1667.087    -1692.545       25.458   492.4
61.4000       -1667.956    -1693.286       25.329   489.9
61.6000       -1667.374    -1692.395       25.021   483.9
61.8000       -1666.707    -1692.716       26.009   503.0
62.0000       -1665.264    -1690.869       25.605   495.2
62.2000       -1664.895    -1692.933       28.038   542.3
62.4000       -1666.052    -1692.271       26.219   507.1
62.6000       -1665.312    -1691.366       26.054   503.9
62.8000       -1667.265    -1693.513       26.248   507.7
63.0000       -1668.969    -1694.248       25.279   488.9
63.2000       -1668.989    -1694.098       25.109   485.6
63.4000       -1669.132    -1693.094       23.962   463.4
63.6000       -1667.787    -1692.388       24.601   475.8
63.8000       -1666.931    -1693.338       26.407   510.7
64.0000       -1667.082    -1691.252       24.170   467.5
64.2000       -1667.929    -1693.325       25.397   491.2
64.4000       -1665.844    -1693.799       27.955   540.7
64.6000       -1666.531    -1692.541       26.010   503.1
64.8000       -1663.147    -1690.458       27.311   528.2
65.0000       -1665.210    -1690.862       25.652   496.1
65.2000       -1666.759    -1691.953       25.194   487.3
65.4000       -1666.913    -1693.329       26.417   510.9
65.6000       -1664.050    -1690.656       26.607   514.6
65.8000       -1665.480    -1691.953       26.474   512.0
66.0000       -1668.144    -1693.695       25.551   494.2
66.2000       -1666.401    -1693.254       26.854   519.4
66.4000       -1665.035    -1691.230       26.195   506.6
66.6000       -1665.320    -1692.572       27.252   527.1
66.8000       -1667.531    -1691.859       24.328   470.5
67.0000       -1668.589    -1693.520       24.931   482.2
67.2000       -1667.690    -1692.632       24.942   482.4
67.4000       -1668.584    -1693.598       25.013   483.8
67.6000       -1665.076    -1691.910       26.834   519.0
67.8000       -1665.667    -1692.077       26.410   510.8
68.0000       -1667.220    -1693.401       26.181   506.4
68.2000       -1667.273    -1692.890       25.617   495.4
68.4000       -1666.499    -1692.556       26.058   504.0
68.6000       -1669.588    -1693.371       23.783   460.0
68.8000       -1668.791    -1693.160       24.370   471.3
69.0000       -1667.921    -1693.643       25.722   497.5
69.2000       -1668.782    -1692.652       23.870   461.7
69.4000       -1666.595    -1693.390       26.795   518.2
69.6000       -1665.474    -1692.533       27.059   523.3
69.8000       -1666.471    -1692.229       25.759   498.2
70.0000       -1666.240    -1693.357       27.117   524.5
70.2000       -1666.932    -1692.102       25.170   486.8
70.4000       -1667.596    -1693.906       26.310   508.9
70.6000       -1667.202    -1692.496       25.294   489.2
70.8000       -1666.688    -1692.177       25.489   493.0
71.0000       -1666.251    -1692.345       26.094   504.7
71.2000       -1666.016    -1691.939       25.923   501.4
71.4000       -1666.260    -1691.395       25.135   486.1
71.6000       -1667.556    -1693.387       25.831   499.6
71.8000       -1665.954    -1691.092       25.139   486.2
72.0000       -1664.119    -1691.000       26.881   519.9
72.2000       -1663.802    -1690.467       26.664   515.7
72.4000       -1666.337    -1691.642       25.304   489.4
72.6000       -1666.711    -1693.520       26.810   518.5
72.8000       -1666.375    -1692.867       26.492   512.4
73.0000       -1666.048    -1692.254       26.206   506.9
73.2000       -1666.946    -1692.286       25.340   490.1
73.4000       -1666.273    -1691.805       25.532   493.8
73.6000       -1666.308    -1692.695       26.387   510.4
73.8000       -1668.312    -1694.929       26.617   514.8
74.0000       -1669.079    -1694.432       25.354   490.4
74.2000       -1669.315    -1694.834       25.519   493.6
74.4000       -1669.145    -1694.305       25.160   486.6
74.6000       -1669.390    -1694.124       24.734   478.4
74.8000       -1669.443    -1694.126       24.684   477.4
75.0000       -1668.288    -1692.749       24.461   473.1
75.2000       -1666.629    -1691.976       25.347   490.2
75.4000       -1667.316    -1693.753       26.437   511.3
75.6000       -1668.670    -1694.761       26.091   504.6
75.8000       -1669.020    -1694.193       25.173   486.9
76.0000       -1670.164    -1693.420       23.255   449.8
76.2000       -1666.984    -1693.502       26.518   512.9
76.4000       -1667.492    -1694.762       27.270   527.4
76.6000       -1669.054    -1694.514       25.461   492.4
76.8000       -1666.572    -1691.891       25.318   489.7
77.0000       -1669.234    -1695.013       25.779   498.6
77.2000       -1666.019    -1693.335       27.316   528.3
77.4000       -1664.862    -1691.850       26.989   522.0
77.6000       -1665.045    -1691.542       26.497   512.5
77.8000       -1664.359    -1691.469       27.110   524.3
78.0000       -1667.944    -1691.644       23.701   458.4
78.2000       -1668.298    -1693.476       25.178   487.0
78.4000       -1666.466    -1693.677       27.212   526.3
78.6000       -1666.297    -1692.797       26.500   512.5
78.8000       -1666.010    -1692.385       26.375   510.1
79.0000       -1665.827    -1691.934       26.107   504.9
79.2000       -1663.071    -1690.047       26.976   521.7
79.4000       -1667.138    -1692.212       25.073   484.9
79.6000       -1667.709    -1693.034       25.325   489.8
79.8000       -1666.856    -1693.670       26.814   518.6
80.0000       -1667.350    -1692.493       25.143   486.3
80.2000       -1665.174    -1692.952       27.778   537.2
80.4000       -1665.281    -1692.398       27.117   524.5
80.6000       -1665.978    -1691.743       25.764   498.3
80.8000       -1666.975    -1692.983       26.008   503.0
81.0000       -1666.393    -1691.365       24.972   483.0
81.2000       -1667.440    -1692.714       25.274   488.8
81.4000       -1667.523    -1692.518       24.995   483.4
81.6000       -1667.489    -1693.410       25.922   501.3
81.8000       -1667.089    -1692.327       25.238   488.1
82.0000       -1667.442    -1692.041       24.599   475.8
82.2000       -1668.582    -1692.654       24.072   465.6
82.4000       -1669.095    -1692.717       23.623   456.9
82.6000       -1666.888    -1692.024       25.135   486.1
82.8000       -1665.723    -1693.209       27.486   531.6
83.0000       -1665.206    -1692.044       26.838   519.1
83.2000       -1665.075    -1691.908       26.833   519.0
83.4000       -1667.200    -1693.721       26.521   512.9
83.6000       -1666.122    -1691.687       25.564   494.4
83.8000       -1666.157    -1690.223       24.065   465.4
84.0000       -1668.524    -1693.252       24.728   478.3
84.2000       -1669.311    -1694.454       25.143   486.3
84.4000       -1668.264    -1692.015       23.751   459.4
84.6000       -1668.007    -1693.741       25.734   497.7
84.8000       -1669.425    -1692.688       23.262   449.9
85.0000       -1668.470    -1693.438       24.968   482.9
85.2000       -1669.508    -1693.896       24.388   471.7
85.4000       -1670.146    -1695.714       25.567   494.5
85.6000       -1666.978    -1692.375       25.397   491.2
85.8000       -1667.372    -1693.068       25.697   497.0
86.0000       -1666.731    -1693.547       26.815   518.6
86.2000       -1668.922    -1694.534       25.612   495.4
86.4000       -1668.082    -1692.995       24.913   481.8
86.6000       -1668.378    -1692.626       24.248   469.0
86.8000       -1667.991    -1693.062       25.071   484.9
87.0000       -1667.320    -1692.916       25.596   495.0
87.2000       -1666.630    -1693.365       26.735   517.1
87.4000       -1667.471    -1692.993       25.523   493.6
87.6000       -1666.037    -1692.358       26.321   509.1
87.8000       -1666.852    -1693.549       26.697   516.3
88.0000       -1666.197    -1694.227       28.029   542.1
88.2000       -1667.458    -1694.637       27.179   525.7
88.4000       -1666.486    -1693.673       27.188   525.8
88.6000       -1664.356    -1691.640       27.284   527.7
88.8000       -1663.695    -1691.391       27.696   535.7
89.0000       -1664.293    -1690.019       25.726   497.6
89.2000       -1665.167    -1692.381       27.214   526.3
89.4000       -1665.272    -1692.024       26.752   517.4
89.6000       -1666.444    -1692.081       25.637   495.8
89.8000       -1666.541    -1691.632       25.091   485.3
90.0000       -1667.175    -1693.239       26.064   504.1
90.2000       -1666.311    -1692.229       25.918   501.3
90.4000       -1666.784    -1693.147       26.363   509.9
90.6000       -1666.053    -1692.294       26.241   507.5
90.8000       -1665.640    -1692.943       27.303   528.1
91.0000       -1668.589    -1693.333       24.744   478.6
91.2000       -1667.950    -1693.903       25.953   502.0
91.4000       -1667.790    -1693.273       25.483   492.9
91.6000       -1667.277    -1693.968       26.691   516.2
91.8000       -1665.762    -1692.639       26.878   519.8
92.0000       -1665.806    -1692.567       26.761   517.6
92.2000       -1666.345    -1692.675       26.330   509.2
92.4000       -1665.835    -1692.898       27.062   523.4
92.6000       -1668.611    -1693.763       25.151   486.4
92.8000       -1668.315    -1693.444       25.129   486.0
93.0000       -1669.028    -1693.988       24.959   482.7
93.2000       -1667.865    -1692.666       24.800   479.7
93.4000       -1666.111    -1692.574       26.463   511.8
93.6000       -1667.629    -1694.075       26.446   511.5
93.8000       -1668.755    -1694.021       25.266   488.7
94.0000       -1670.638    -1695.567       24.928   482.1
94.2000       -1668.935    -1694.201       25.266   488.7
94.4000       -1670.183    -1694.674       24.491   473.7
94.6000       -1668.921    -1694.760       25.838   499.7
94.8000       -1668.838    -1694.288       25.450   492.2
95.0000       -1668.465    -1694.529       26.064   504.1
95.2000       -1668.335    -1693.350       25.015   483.8
95.4000       -1668.066    -1693.347       25.281   488.9
95.6000       -1668.864    -1693.697       24.832   480.3
95.8000       -1667.692    -1693.847       26.156   505.9
96.0000       -1666.426    -1691.222       24.796   479.6
96.2000       -1667.250    -1693.258       26.008   503.0
96.4000       -1666.753    -1692.293       25.540   494.0
96.6000       -1667.850    -1693.043       25.193   487.3
96.8000       -1665.466    -1692.609       27.143   525.0
97.0000       -1667.753    -1692.929       25.176   486.9
97.2000       -1668.760    -1694.797       26.038   503.6
97.4000       -1667.960    -1693.366       25.405   491.4
97.6000       -1666.194    -1692.435       26.241   507.5
97.8000       -1666.437    -1693.468       27.031   522.8
98.0000       -1667.867    -1692.968       25.101   485.5
98.2000       -1666.617    -1692.055       25.438   492.0
98.4000       -1664.579    -1690.369       25.790   498.8
98.6000       -1666.128    -1692.067       25.939   501.7
98.8000       -1666.584    -1692.409       25.825   499.5
99.0000       -1664.911    -1691.641       26.731   517.0
99.2000       -1664.819    -1692.675       27.856   538.8
99.4000       -1665.355    -1691.718       26.363   509.9
99.6000       -1666.684    -1693.132       26.448   511.5
99.8000       -1666.700    -1693.337       26.637   515.2
100.0000      -1666.425    -1692.582       26.157   505.9
100.2000      -1665.400    -1692.352       26.952   521.3
100.4000      -1665.430    -1694.452       29.022   561.3
100.6000      -1667.526    -1692.768       25.242   488.2
100.8000      -1665.528    -1692.081       26.553   513.6
101.0000      -1666.375    -1691.469       25.095   485.3
101.2000      -1667.019    -1693.086       26.067   504.2
101.4000      -1664.357    -1691.746       27.389   529.7
101.6000      -1665.685    -1693.100       27.414   530.2
101.8000      -1665.574    -1691.256       25.682   496.7
102.0000      -1665.914    -1693.796       27.882   539.3
102.2000      -1667.864    -1693.320       25.456   492.3
102.4000      -1667.396    -1692.872       25.476   492.7
102.6000      -1667.200    -1691.765       24.566   475.1
102.8000      -1668.122    -1693.437       25.315   489.6
103.0000      -1667.717    -1693.512       25.795   498.9
103.2000      -1668.593    -1692.731       24.138   466.8
103.4000      -1669.858    -1694.268       24.410   472.1
103.6000      -1669.225    -1693.867       24.642   476.6
103.8000      -1668.579    -1694.788       26.209   506.9
104.0000      -1668.669    -1693.835       25.166   486.7
104.2000      -1667.838    -1693.599       25.760   498.2
104.4000      -1666.741    -1691.870       25.128   486.0
104.6000      -1668.841    -1693.763       24.922   482.0
104.8000      -1667.328    -1693.106       25.779   498.6
105.0000      -1667.865    -1693.021       25.156   486.5
105.2000      -1667.595    -1693.791       26.196   506.7
105.4000      -1667.862    -1693.173       25.311   489.5
105.6000      -1668.910    -1693.501       24.591   475.6
105.8000      -1668.559    -1693.573       25.014   483.8
106.0000      -1668.383    -1694.269       25.886   500.7
106.2000      -1667.830    -1693.003       25.174   486.9
106.4000      -1669.054    -1694.982       25.928   501.5
106.6000      -1668.927    -1693.743       24.816   480.0
106.8000      -1668.544    -1693.548       25.004   483.6
107.0000      -1665.161    -1692.301       27.140   524.9
107.2000      -1667.417    -1693.042       25.624   495.6
107.4000      -1668.292    -1694.126       25.834   499.7
107.6000      -1667.315    -1692.530       25.215   487.7
107.8000      -1666.243    -1692.643       26.400   510.6
108.0000      -1665.012    -1691.760       26.748   517.3
108.2000      -1666.046    -1691.271       25.225   487.9
108.4000      -1665.567    -1693.663       28.096   543.4
108.6000      -1666.269    -1692.478       26.210   506.9
108.8000      -1665.649    -1692.796       27.147   525.0
109.0000      -1667.627    -1693.715       26.088   504.6
109.2000      -1669.719    -1693.280       23.561   455.7
109.4000      -1666.941    -1695.272       28.331   547.9
109.6000      -1665.493    -1692.592       27.098   524.1
109.8000      -1663.919    -1691.646       27.727   536.3
110.0000      -1664.627    -1691.735       27.107   524.3
110.2000      -1666.752    -1693.601       26.849   519.3
110.4000      -1665.860    -1691.774       25.914   501.2
110.6000      -1666.176    -1691.413       25.237   488.1
110.8000      -1666.259    -1693.654       27.395   529.8
111.0000      -1665.621    -1693.067       27.446   530.8
111.2000      -1668.571    -1694.187       25.616   495.4
111.4000      -1666.993    -1693.007       26.014   503.1
111.6000      -1667.972    -1693.880       25.908   501.1
111.8000      -1669.269    -1693.911       24.642   476.6
112.0000      -1668.355    -1693.295       24.940   482.4
112.2000      -1667.825    -1692.853       25.028   484.1
112.4000      -1667.592    -1692.239       24.647   476.7
112.6000      -1667.403    -1693.875       26.472   512.0
112.8000      -1667.428    -1693.252       25.824   499.5
113.0000      -1667.069    -1693.214       26.145   505.7
113.2000      -1669.737    -1693.094       23.357   451.7
113.4000      -1667.574    -1692.494       24.920   482.0
113.6000      -1667.366    -1693.411       26.045   503.7
113.8000      -1669.202    -1694.324       25.122   485.9
114.0000      -1670.003    -1694.041       24.038   464.9
114.2000      -1669.638    -1694.335       24.696   477.7
114.4000      -1670.237    -1694.322       24.085   465.8
114.6000      -1669.874    -1694.358       24.484   473.5
114.8000      -1670.743    -1694.333       23.591   456.3
115.0000      -1670.284    -1695.313       25.029   484.1
115.2000      -1667.169    -1692.713       25.544   494.0
115.4000      -1667.857    -1694.511       26.654   515.5
115.6000      -1666.949    -1692.905       25.956   502.0
115.8000      -1667.080    -1693.113       26.033   503.5
116.0000      -1666.331    -1692.513       26.182   506.4
116.2000      -1665.608    -1692.545       26.937   521.0
116.4000      -1666.046    -1692.766       26.720   516.8
116.6000      -1664.982    -1691.326       26.344   509.5
116.8000      -1664.401    -1692.664       28.262   546.6
117.0000      -1665.139    -1691.578       26.440   511.4
117.2000      -1665.993    -1693.188       27.195   526.0
117.4000      -1665.998    -1691.696       25.698   497.0
117.6000      -1665.573    -1692.167       26.594   514.3
117.8000      -1665.454    -1692.247       26.794   518.2
118.0000      -1665.717    -1692.102       26.385   510.3
118.2000      -1667.904    -1694.054       26.151   505.8
118.4000      -1668.115    -1693.992       25.877   500.5
118.6000      -1666.831    -1693.597       26.767   517.7
118.8000      -1667.894    -1692.777       24.884   481.3
119.0000      -1669.114    -1693.155       24.041   465.0
119.2000      -1669.736    -1695.068       25.332   489.9
119.4000      -1670.161    -1692.518       22.357   432.4
119.6000      -1667.774    -1693.543       25.769   498.4
119.8000      -1666.508    -1692.454       25.947   501.8
120.0000      -1667.972    -1693.661       25.689   496.9
120.2000      -1667.278    -1692.125       24.847   480.6
120.4000      -1667.163    -1693.221       26.058   504.0
120.6000      -1666.605    -1692.404       25.799   499.0
120.8000      -1667.283    -1694.034       26.751   517.4
121.0000      -1666.230    -1692.266       26.036   503.6
121.2000      -1667.041    -1691.709       24.668   477.1
121.4000      -1666.228    -1691.248       25.020   483.9
121.6000      -1666.915    -1691.529       24.614   476.1
121.8000      -1665.993    -1692.853       26.860   519.5
122.0000      -1667.100    -1693.239       26.139   505.6
122.2000      -1667.729    -1694.126       26.397   510.5
122.4000      -1667.442    -1693.361       25.920   501.3
122.6000      -1667.605    -1694.216       26.611   514.7
122.8000      -1666.414    -1693.179       26.764   517.6
123.0000      -1667.080    -1692.990       25.910   501.1
123.2000      -1666.004    -1692.231       26.227   507.3
123.4000      -1666.212    -1692.510       26.298   508.6
123.6000      -1669.106    -1695.090       25.985   502.6
123.8000      -1669.365    -1693.942       24.578   475.4
124.0000      -1669.381    -1694.645       25.264   488.6
124.2000      -1666.663    -1693.487       26.824   518.8
124.4000      -1668.571    -1694.380       25.810   499.2
124.6000      -1665.918    -1692.430       26.512   512.8
124.8000      -1665.786    -1693.506       27.720   536.1
125.0000      -1664.264    -1691.720       27.456   531.0
125.2000      -1666.297    -1692.714       26.417   510.9
125.4000      -1665.464    -1692.484       27.020   522.6
125.6000      -1667.035    -1693.313       26.278   508.2
125.8000      -1669.298    -1694.320       25.022   483.9
126.0000      -1668.680    -1694.682       26.002   502.9
126.2000      -1668.916    -1695.190       26.274   508.2
126.4000      -1669.279    -1694.210       24.931   482.2
126.6000      -1667.704    -1695.031       27.327   528.5
126.8000      -1668.509    -1695.202       26.693   516.3
127.0000      -1664.740    -1692.678       27.938   540.4
127.2000      -1665.878    -1691.396       25.518   493.5
127.4000      -1667.828    -1694.448       26.619   514.8
127.6000      -1668.469    -1693.354       24.885   481.3
127.8000      -1664.145    -1693.362       29.216   565.1
128.0000      -1667.402    -1693.193       25.791   498.8
128.2000      -1666.265    -1693.169       26.905   520.4
128.4000      -1668.555    -1694.749       26.195   506.6
128.6000      -1667.246    -1693.363       26.117   505.1
128.8000      -1666.786    -1693.724       26.938   521.0
129.0000      -1669.572    -1693.271       23.699   458.4
129.2000      -1668.360    -1692.924       24.563   475.1
129.4000      -1666.122    -1691.989       25.867   500.3
129.6000      -1667.392    -1691.540       24.148   467.0
129.8000      -1667.643    -1693.286       25.644   496.0
130.0000      -1668.185    -1694.114       25.929   501.5
130.2000      -1666.157    -1692.707       26.550   513.5
130.4000      -1666.419    -1693.868       27.449   530.9
130.6000      -1667.750    -1692.880       25.130   486.0
130.8000      -1668.685    -1694.692       26.008   503.0
131.0000      -1671.271    -1695.646       24.374   471.4
131.2000      -1670.242    -1694.880       24.638   476.5
131.4000      -1668.189    -1693.425       25.236   488.1
131.6000      -1667.300    -1693.441       26.141   505.6
131.8000      -1667.733    -1693.163       25.430   491.8
132.0000      -1666.037    -1691.404       25.366   490.6
132.2000      -1667.592    -1693.237       25.645   496.0
132.4000      -1666.442    -1693.763       27.321   528.4
132.6000      -1666.860    -1692.456       25.597   495.1
132.8000      -1665.002    -1692.738       27.736   536.4
133.0000      -1665.857    -1691.239       25.382   490.9
133.2000      -1666.137    -1692.722       26.586   514.2
133.4000      -1665.528    -1692.169       26.641   515.3
133.6000      -1665.676    -1692.525       26.849   519.3
133.8000      -1666.628    -1692.574       25.946   501.8
134.0000      -1668.825    -1693.882       25.057   484.6
134.2000      -1670.311    -1694.896       24.585   475.5
134.4000      -1667.915    -1693.994       26.079   504.4
134.6000      -1667.625    -1693.905       26.280   508.3
134.8000      -1666.605    -1692.993       26.388   510.4
135.0000      -1665.134    -1694.202       29.068   562.2
135.2000      -1665.502    -1693.013       27.511   532.1
135.4000      -1668.454    -1693.526       25.072   484.9
135.6000      -1666.309    -1692.126       25.817   499.3
135.8000      -1667.094    -1693.639       26.545   513.4
136.0000      -1667.970    -1693.105       25.134   486.1
136.2000      -1666.896    -1692.537       25.641   495.9
136.4000      -1664.335    -1690.038       25.703   497.1
136.6000      -1665.069    -1692.298       27.229   526.6
136.8000      -1665.438    -1692.416       26.979   521.8
137.0000      -1665.977    -1693.356       27.380   529.5
137.2000      -1665.124    -1693.026       27.902   539.7
137.4000      -1667.083    -1693.558       26.475   512.1
137.6000      -1667.254    -1692.901       25.646   496.0
137.8000      -1669.922    -1694.432       24.509   474.0
138.0000      -1669.077    -1694.335       25.258   488.5
138.2000      -1671.226    -1695.715       24.490   473.6
138.4000      -1670.822    -1695.507       24.685   477.4
138.6000      -1672.208    -1694.983       22.775   440.5
138.8000      -1671.168    -1694.721       23.553   455.5
139.0000      -1669.421    -1695.899       26.477   512.1
139.2000      -1669.767    -1694.730       24.962   482.8
139.4000      -1668.584    -1693.748       25.164   486.7
139.6000      -1668.738    -1694.034       25.295   489.2
139.8000      -1669.403    -1694.863       25.460   492.4
140.0000      -1670.185    -1695.784       25.599   495.1
140.2000      -1668.782    -1693.391       24.609   476.0
140.4000      -1668.394    -1692.858       24.464   473.2
140.6000      -1667.980    -1694.839       26.860   519.5
140.8000      -1668.803    -1694.329       25.526   493.7
141.0000      -1666.047    -1692.899       26.852   519.3
141.2000      -1666.774    -1693.284       26.511   512.7
141.4000      -1666.490    -1692.903       26.412   510.8
141.6000      -1666.090    -1692.584       26.495   512.4
141.8000      -1665.734    -1693.341       27.607   533.9
142.0000      -1666.078    -1691.790       25.712   497.3
142.2000      -1666.031    -1692.422       26.391   510.4
142.4000      -1665.341    -1691.447       26.107   504.9
142.6000      -1665.828    -1691.113       25.285   489.0
142.8000      -1666.584    -1692.260       25.676   496.6
143.0000      -1667.650    -1693.588       25.937   501.7
143.2000      -1666.382    -1692.872       26.490   512.3
143.4000      -1668.576    -1694.617       26.041   503.7
143.6000      -1669.135    -1694.714       25.579   494.7
143.8000      -1667.599    -1693.867       26.268   508.0
144.0000      -1664.676    -1690.797       26.120   505.2
144.2000      -1664.508    -1691.807       27.299   528.0
144.4000      -1664.700    -1692.561       27.861   538.8
144.6000      -1664.065    -1692.015       27.951   540.6
144.8000      -1665.399    -1692.927       27.527   532.4
145.0000      -1668.060    -1692.420       24.360   471.1
145.2000      -1669.488    -1694.564       25.076   485.0
145.4000      -1668.423    -1694.277       25.854   500.0
145.6000      -1668.416    -1693.897       25.480   492.8
145.8000      -1667.692    -1693.461       25.769   498.4
146.0000      -1667.419    -1693.542       26.123   505.2
146.2000      -1666.242    -1692.262       26.020   503.3
146.4000      -1666.832    -1692.848       26.015   503.2
146.6000      -1665.155    -1692.604       27.449   530.9
146.8000      -1664.353    -1691.632       27.278   527.6
147.0000      -1665.148    -1691.359       26.210   506.9
147.2000      -1665.742    -1693.232       27.490   531.7
147.4000      -1665.827    -1690.926       25.099   485.4
147.6000      -1665.214    -1692.614       27.400   529.9
147.8000      -1666.117    -1692.475       26.357   509.8
148.0000      -1668.097    -1694.420       26.323   509.1
148.2000      -1667.479    -1692.367       24.888   481.4
148.4000      -1668.131    -1692.162       24.031   464.8
148.6000      -1668.717    -1693.232       24.515   474.1
148.8000      -1668.994    -1694.587       25.593   495.0
149.0000      -1666.995    -1694.001       27.006   522.3
149.2000      -1668.656    -1694.497       25.841   499.8
149.4000      -1666.645    -1693.765       27.120   524.5
149.6000      -1667.126    -1692.911       25.785   498.7
149.8000      -1666.147    -1692.705       26.557   513.6
150.0000      -1666.755    -1693.105       26.349   509.6
150.2000      -1667.407    -1694.302       26.896   520.2
150.4000      -1666.566    -1692.144       25.578   494.7
150.6000      -1668.639    -1693.840       25.201   487.4
150.8000      -1669.075    -1693.373       24.298   469.9
151.0000      -1668.402    -1694.047       25.645   496.0
151.2000      -1667.816    -1692.527       24.711   477.9
151.4000      -1669.690    -1694.590       24.900   481.6
151.6000      -1668.098    -1693.679       25.580   494.7
151.8000      -1666.944    -1691.931       24.987   483.3
152.0000      -1667.721    -1695.215       27.494   531.8
152.2000      -1668.973    -1694.842       25.869   500.3
152.4000      -1667.918    -1694.700       26.782   518.0
152.6000      -1669.806    -1695.271       25.465   492.5
152.8000      -1671.127    -1694.447       23.320   451.0
153.0000      -1670.072    -1695.576       25.504   493.3
153.2000      -1669.682    -1694.973       25.291   489.2
153.4000      -1669.954    -1694.610       24.656   476.9
153.6000      -1669.754    -1694.548       24.795   479.5
153.8000      -1669.109    -1694.173       25.064   484.8
154.0000      -1668.308    -1692.922       24.615   476.1
154.2000      -1668.155    -1694.073       25.919   501.3
154.4000      -1667.761    -1692.543       24.782   479.3
154.6000      -1669.061    -1694.361       25.300   489.3
154.8000      -1669.191    -1694.161       24.970   482.9
155.0000      -1669.661    -1694.191       24.530   474.4
155.2000      -1670.996    -1694.256       23.259   449.9
155.4000      -1667.922    -1694.033       26.111   505.0
155.6000      -1668.593    -1693.887       25.294   489.2
155.8000      -1668.446    -1693.732       25.285   489.0
156.0000      -1666.725    -1692.603       25.878   500.5
156.2000      -1667.195    -1693.016       25.821   499.4
156.4000      -1669.698    -1695.041       25.343   490.2
156.6000      -1667.633    -1693.052       25.419   491.6
156.8000      -1665.392    -1690.931       25.538   493.9
157.0000      -1666.180    -1694.078       27.898   539.6
157.2000      -1669.246    -1694.258       25.011   483.7
157.4000      -1666.704    -1693.360       26.656   515.6
157.6000      -1666.713    -1693.268       26.555   513.6
157.8000      -1666.879    -1693.173       26.294   508.5
158.0000      -1668.283    -1693.544       25.261   488.6
158.2000      -1668.019    -1694.968       26.949   521.2
158.4000      -1667.544    -1691.694       24.151   467.1
158.6000      -1667.416    -1692.711       25.295   489.2
158.8000      -1667.129    -1692.626       25.496   493.1
159.0000      -1667.898    -1691.198       23.300   450.6
159.2000      -1667.733    -1694.082       26.349   509.6
159.4000      -1669.546    -1693.712       24.166   467.4
159.6000      -1666.257    -1692.637       26.381   510.2
159.8000      -1666.048    -1693.701       27.652   534.8
160.0000      -1666.538    -1693.038       26.501   512.5
160.2000      -1668.719    -1694.495       25.776   498.5
160.4000      -1667.759    -1693.183       25.424   491.7
160.6000      -1665.760    -1693.466       27.706   535.9
160.8000      -1667.131    -1693.171       26.040   503.6
161.0000      -1668.083    -1693.095       25.012   483.8
161.2000      -1669.260    -1693.844       24.584   475.5
161.4000      -1667.646    -1694.583       26.937   521.0
161.6000      -1667.468    -1693.676       26.208   506.9
161.8000      -1666.530    -1694.576       28.046   542.4
162.0000      -1666.430    -1693.557       27.127   524.7
162.2000      -1663.767    -1691.074       27.307   528.1
162.4000      -1667.711    -1693.152       25.441   492.1
162.6000      -1668.028    -1694.574       26.546   513.4
162.8000      -1667.147    -1692.630       25.484   492.9
163.0000      -1666.999    -1693.103       26.104   504.9
163.2000      -1667.449    -1694.255       26.805   518.4
163.4000      -1666.385    -1694.153       27.767   537.0
163.6000      -1667.867    -1694.228       26.361   509.8
163.8000      -1668.290    -1693.915       25.625   495.6
164.0000      -1668.524    -1695.015       26.491   512.4
164.2000      -1666.837    -1693.791       26.955   521.3
164.4000      -1668.589    -1694.745       26.156   505.9
164.6000      -1667.794    -1693.229       25.435   491.9
164.8000      -1667.748    -1693.170       25.422   491.7
165.0000      -1670.152    -1695.557       25.405   491.4
165.2000      -1669.508    -1694.668       25.160   486.6
165.4000      -1669.065    -1694.376       25.311   489.5
165.6000      -1670.327    -1695.334       25.007   483.7
165.8000      -1667.416    -1694.322       26.906   520.4
166.0000      -1668.464    -1694.302       25.837   499.7
166.2000      -1667.884    -1693.375       25.492   493.0
166.4000      -1667.104    -1692.655       25.551   494.2
166.6000      -1666.984    -1693.691       26.707   516.5
166.8000      -1667.268    -1692.954       25.687   496.8
167.0000      -1666.507    -1692.870       26.363   509.9
167.2000      -1664.963    -1691.441       26.478   512.1
167.4000      -1664.602    -1692.536       27.934   540.3
167.6000      -1663.708    -1691.333       27.626   534.3
167.8000      -1665.088    -1691.450       26.362   509.9
168.0000      -1666.276    -1693.489       27.212   526.3
168.2000      -1665.535    -1692.039       26.503   512.6
168.4000      -1667.093    -1692.922       25.829   499.6
168.6000      -1666.874    -1693.185       26.311   508.9
168.8000      -1668.286    -1693.413       25.127   486.0
169.0000      -1668.757    -1694.665       25.908   501.1
169.2000      -1668.495    -1694.054       25.558   494.3
169.4000      -1668.659    -1693.892       25.233   488.0
169.6000      -1667.861    -1693.319       25.459   492.4
169.8000      -1668.045    -1693.712       25.667   496.4
170.0000      -1667.976    -1693.287       25.311   489.5
170.2000      -1669.357    -1694.199       24.843   480.5
170.4000      -1667.727    -1693.800       26.074   504.3
170.6000      -1668.917    -1693.776       24.859   480.8
170.8000      -1667.460    -1694.022       26.561   513.7
171.0000      -1667.807    -1693.469       25.661   496.3
171.2000      -1668.382    -1693.311       24.929   482.2
171.4000      -1667.239    -1693.244       26.006   503.0
171.6000      -1667.443    -1693.567       26.123   505.3
171.8000      -1669.381    -1693.344       23.963   463.5
172.0000      -1670.435    -1694.422       23.987   463.9
172.2000      -1671.769    -1695.805       24.036   464.9
172.4000      -1668.815    -1693.821       25.006   483.6
172.6000      -1667.194    -1692.158       24.964   482.8
172.8000      -1667.686    -1693.175       25.490   493.0
173.0000      -1667.093    -1694.721       27.629   534.4
173.2000      -1667.654    -1694.071       26.417   510.9
173.4000      -1667.963    -1692.862       24.898   481.6
173.6000      -1669.279    -1694.577       25.298   489.3
173.8000      -1669.851    -1695.024       25.173   486.9
174.0000      -1667.066    -1693.109       26.043   503.7
174.2000      -1669.298    -1695.568       26.270   508.1
174.4000      -1669.312    -1695.615       26.304   508.7
174.6000      -1667.473    -1695.092       27.619   534.2
174.8000      -1667.372    -1693.067       25.695   497.0
175.0000      -1667.336    -1693.423       26.087   504.5
175.2000      -1668.896    -1694.545       25.649   496.1
175.4000      -1669.151    -1694.671       25.520   493.6
175.6000      -1670.903    -1695.524       24.621   476.2
175.8000      -1668.078    -1692.905       24.827   480.2
176.0000      -1667.345    -1693.849       26.504   512.6
176.2000      -1667.118    -1693.595       26.477   512.1
176.4000      -1668.173    -1694.678       26.505   512.6
176.6000      -1669.103    -1695.561       26.458   511.7
176.8000      -1667.719    -1693.513       25.795   498.9
177.0000      -1667.301    -1694.083       26.782   518.0
177.2000      -1668.781    -1693.994       25.213   487.6
177.4000      -1667.483    -1693.805       26.322   509.1
177.6000      -1670.192    -1693.732       23.540   455.3
177.8000      -1669.520    -1695.368       25.848   499.9
178.0000      -1669.153    -1694.290       25.137   486.2
178.2000      -1667.734    -1692.695       24.961   482.8
178.4000      -1667.652    -1693.653       26.001   502.9
178.6000      -1667.526    -1693.648       26.121   505.2
178.8000      -1666.242    -1692.771       26.529   513.1
179.0000      -1669.309    -1693.575       24.266   469.3
179.2000      -1668.485    -1693.855       25.371   490.7
179.4000      -1667.826    -1692.651       24.825   480.1
179.6000      -1670.551    -1696.097       25.546   494.1
179.8000      -1671.988    -1695.512       23.523   455.0
180.0000      -1671.162    -1695.425       24.263   469.3
180.2000      -1668.965    -1694.535       25.570   494.6
180.4000      -1668.325    -1695.004       26.678   516.0
180.6000      -1669.631    -1695.479       25.849   499.9
180.8000      -1667.959    -1693.521       25.562   494.4
181.0000      -1669.255    -1695.517       26.262   507.9
181.2000      -1668.890    -1694.888       25.999   502.8
181.4000      -1670.207    -1696.096       25.888   500.7
181.6000      -1670.479    -1695.036       24.557   474.9
181.8000      -1668.713    -1693.391       24.678   477.3
182.0000      -1669.526    -1693.821       24.295   469.9
182.2000      -1670.870    -1695.096       24.226   468.6
182.4000      -1669.458    -1696.209       26.751   517.4
182.6000      -1669.772    -1695.367       25.595   495.0
182.8000      -1670.437    -1695.933       25.496   493.1
183.0000      -1673.441    -1695.871       22.430   433.8
183.2000      -1672.076    -1695.442       23.366   451.9
183.4000      -1669.227    -1694.912       25.685   496.8
183.6000      -1667.740    -1692.469       24.728   478.3
183.8000      -1668.574    -1694.224       25.651   496.1
184.0000      -1670.233    -1695.883       25.650   496.1
184.2000      -1670.616    -1695.045       24.429   472.5
184.4000      -1668.921    -1694.544       25.624   495.6
184.6000      -1667.178    -1693.293       26.115   505.1
184.8000      -1667.475    -1693.626       26.151   505.8
185.0000      -1667.278    -1694.415       27.137   524.8
185.2000      -1668.104    -1693.889       25.785   498.7
185.4000      -1667.005    -1694.844       27.839   538.4
185.6000      -1666.705    -1693.967       27.262   527.3
185.8000      -1666.326    -1692.645       26.319   509.0
186.0000      -1668.015    -1694.390       26.375   510.1
186.2000      -1669.359    -1694.418       25.059   484.7
186.4000      -1669.280    -1694.185       24.905   481.7
186.6000      -1670.305    -1694.134       23.829   460.9
186.8000      -1669.028    -1693.991       24.964   482.8
187.0000      -1669.903    -1694.948       25.045   484.4
187.2000      -1671.894    -1695.449       23.555   455.6
187.4000      -1670.729    -1696.208       25.479   492.8
187.6000      -1670.486    -1693.589       23.103   446.8
187.8000      -1670.501    -1694.874       24.373   471.4
188.0000      -1670.424    -1695.400       24.975   483.0
188.2000      -1667.625    -1693.340       25.715   497.3
188.4000      -1665.928    -1693.433       27.505   532.0
188.6000      -1664.138    -1692.194       28.056   542.6
188.8000      -1664.660    -1692.669       28.009   541.7
189.0000      -1665.315    -1691.272       25.957   502.0
189.2000      -1664.801    -1692.669       27.868   539.0
189.4000      -1666.307    -1693.371       27.064   523.4
189.6000      -1666.525    -1694.733       28.208   545.6
189.8000      -1667.879    -1693.046       25.167   486.8
190.0000      -1666.786    -1693.548       26.761   517.6
190.2000      -1667.041    -1693.533       26.493   512.4
190.4000      -1668.469    -1694.197       25.728   497.6
190.6000      -1668.639    -1694.260       25.621   495.5
190.8000      -1668.220    -1694.844       26.624   514.9
191.0000      -1667.145    -1693.545       26.400   510.6
191.2000      -1667.179    -1693.291       26.112   505.0
191.4000      -1667.495    -1693.054       25.560   494.3
191.6000      -1669.905    -1695.532       25.626   495.6
191.8000      -1669.564    -1694.988       25.424   491.7
192.0000      -1668.453    -1693.724       25.270   488.8
192.2000      -1669.870    -1694.737       24.866   480.9
192.4000      -1668.887    -1695.755       26.868   519.6
192.6000      -1668.601    -1695.927       27.326   528.5
192.8000      -1669.514    -1694.719       25.205   487.5
193.0000      -1668.217    -1694.227       26.009   503.0
193.2000      -1665.676    -1692.120       26.443   511.4
193.4000      -1666.790    -1692.685       25.895   500.8
193.6000      -1667.625    -1693.854       26.229   507.3
193.8000      -1668.082    -1693.963       25.881   500.6
194.0000      -1665.940    -1692.462       26.523   513.0
194.2000      -1666.991    -1693.659       26.668   515.8
194.4000      -1666.919    -1693.774       26.855   519.4
194.6000      -1665.776    -1693.188       27.412   530.2
194.8000      -1668.432    -1694.723       26.291   508.5
195.0000      -1669.841    -1695.303       25.462   492.5
195.2000      -1668.324    -1692.170       23.846   461.2
195.4000      -1665.944    -1692.911       26.966   521.6
195.6000      -1663.738    -1690.912       27.173   525.6
195.8000      -1663.987    -1690.715       26.727   516.9
196.0000      -1665.256    -1691.524       26.268   508.0
196.2000      -1667.640    -1692.929       25.289   489.1
196.4000      -1667.048    -1692.825       25.777   498.5
196.6000      -1667.697    -1694.054       26.357   509.8
196.8000      -1668.186    -1693.801       25.615   495.4
197.0000      -1667.766    -1693.746       25.980   502.5
197.2000      -1666.728    -1693.231       26.503   512.6
197.4000      -1667.085    -1693.269       26.184   506.4
197.6000      -1666.032    -1691.916       25.884   500.6
197.8000      -1666.073    -1691.894       25.821   499.4
198.0000      -1666.716    -1693.545       26.829   518.9
198.2000      -1665.795    -1691.488       25.693   496.9
198.4000      -1667.744    -1694.040       26.296   508.6
198.6000      -1666.833    -1693.033       26.200   506.7
198.8000      -1669.036    -1695.891       26.855   519.4
199.0000      -1670.353    -1695.194       24.841   480.5
199.2000      -1672.156    -1695.801       23.645   457.3
199.4000      -1668.883    -1692.989       24.106   466.2
199.6000      -1667.702    -1693.962       26.259   507.9
199.8000      -1669.223    -1696.234       27.011   522.4
200.0000      -1667.313    -1693.251       25.937   501.7
