Time[ps]      Etot[eV]     Epot[eV]     Ekin[eV]    T[K]
0.0000        -1652.963    -1684.619       31.656   612.3
0.2000        -1653.565    -1686.022       32.457   627.8
0.4000        -1653.780    -1685.109       31.328   605.9
0.6000        -1654.613    -1685.955       31.343   606.2
0.8000        -1653.231    -1686.522       33.291   643.9
1.0000        -1653.997    -1684.189       30.192   583.9
1.2000        -1654.531    -1683.464       28.933   559.6
1.4000        -1654.738    -1684.998       30.260   585.3
1.6000        -1656.148    -1685.538       29.390   568.4
1.8000        -1655.033    -1685.096       30.063   581.4
2.0000        -1655.389    -1686.062       30.673   593.2
2.2000        -1652.522    -1684.420       31.897   616.9
2.4000        -1653.237    -1685.142       31.905   617.1
2.6000        -1652.550    -1684.164       31.614   611.4
2.8000        -1653.187    -1683.958       30.772   595.2
3.0000        -1653.060    -1682.736       29.676   574.0
3.2000        -1651.661    -1681.956       30.295   585.9
3.4000        -1652.487    -1684.790       32.303   624.8
3.6000        -1652.795    -1683.495       30.700   593.8
3.8000        -1655.088    -1683.559       28.470   550.6
4.0000        -1654.111    -1682.981       28.870   558.4
4.2000        -1653.636    -1683.166       29.530   571.1
4.4000        -1656.634    -1686.089       29.455   569.7
4.6000        -1654.988    -1683.689       28.701   555.1
4.8000        -1654.022    -1685.518       31.496   609.2
5.0000        -1654.366    -1685.961       31.595   611.1
5.2000        -1655.051    -1684.482       29.431   569.2
5.4000        -1653.642    -1684.557       30.915   597.9
5.6000        -1655.073    -1684.993       29.920   578.7
5.8000        -1653.516    -1683.697       30.181   583.7
6.0000        -1652.683    -1684.044       31.361   606.5
6.2000        -1652.010    -1684.653       32.643   631.3
6.4000        -1650.821    -1683.586       32.764   633.7
6.6000        -1650.460    -1683.382       32.923   636.8
6.8000        -1652.545    -1684.668       32.123   621.3
7.0000        -1653.678    -1683.664       29.986   580.0
7.2000        -1653.736    -1684.265       30.529   590.5
7.4000        -1655.223    -1685.583       30.360   587.2
7.6000        -1653.386    -1684.752       31.366   606.6
7.8000        -1654.556    -1685.121       30.565   591.2
8.0000        -1654.158    -1685.387       31.228   604.0
8.2000        -1652.984    -1684.114       31.131   602.1
8.4000        -1648.999    -1682.860       33.861   654.9
8.6000        -1650.337    -1681.819       31.482   608.9
8.8000        -1653.652    -1683.345       29.693   574.3
9.0000        -1654.450    -1685.068       30.618   592.2
9.2000        -1654.053    -1684.615       30.562   591.1
9.4000        -1652.886    -1686.549       33.663   651.1
9.6000        -1652.680    -1684.010       31.330   605.9
9.8000        -1651.574    -1683.350       31.776   614.6
10.0000       -1649.860    -1681.799       31.939   617.7
10.2000       -1653.120    -1683.948       30.828   596.2
10.4000       -1653.785    -1684.305       30.521   590.3
10.6000       -1653.407    -1684.670       31.263   604.6
10.8000       -1653.472    -1684.383       30.911   597.8
11.0000       -1653.952    -1685.048       31.096   601.4
11.2000       -1653.938    -1684.157       30.219   584.5
11.4000       -1654.423    -1684.329       29.906   578.4
11.6000       -1653.186    -1684.659       31.473   608.7
11.8000       -1652.514    -1684.100       31.586   610.9
12.0000       -1652.072    -1684.247       32.175   622.3
12.2000       -1651.586    -1683.809       32.223   623.2
12.4000       -1654.212    -1685.949       31.738   613.8
12.6000       -1654.571    -1684.084       29.513   570.8
12.8000       -1654.178    -1685.476       31.298   605.3
13.0000       -1652.227    -1684.418       32.192   622.6
13.2000       -1649.561    -1681.447       31.886   616.7
13.4000       -1650.236    -1683.772       33.536   648.6
13.6000       -1652.947    -1684.769       31.822   615.5
13.8000       -1653.610    -1684.154       30.543   590.7
14.0000       -1652.441    -1684.893       32.452   627.6
14.2000       -1653.877    -1684.981       31.104   601.6
14.4000       -1655.331    -1685.250       29.918   578.6
14.6000       -1654.242    -1685.562       31.319   605.7
14.8000       -1653.206    -1682.946       29.740   575.2
15.0000       -1654.330    -1686.326       31.996   618.8
15.2000       -1653.959    -1681.879       27.921   540.0
15.4000       -1652.371    -1685.588       33.217   642.5
15.6000       -1654.795    -1683.912       29.117   563.1
15.8000       -1656.386    -1686.270       29.885   578.0
16.0000       -1657.126    -1685.134       28.007   541.7
16.2000       -1654.914    -1685.267       30.354   587.1
16.4000       -1654.878    -1685.034       30.156   583.2
16.6000       -1654.274    -1684.291       30.017   580.6
16.8000       -1653.369    -1684.244       30.875   597.1
17.0000       -1652.459    -1684.372       31.913   617.2
17.2000       -1650.560    -1682.110       31.550   610.2
17.4000       -1652.265    -1683.074       30.809   595.9
17.6000       -1652.561    -1684.377       31.816   615.4
17.8000       -1652.229    -1684.552       32.323   625.1
18.0000       -1653.471    -1685.358       31.887   616.7
18.2000       -1653.738    -1684.959       31.220   603.8
18.4000       -1653.623    -1684.091       30.468   589.3
18.6000       -1651.436    -1682.600       31.164   602.7
18.8000       -1652.520    -1685.171       32.651   631.5
19.0000       -1657.296    -1686.297       29.001   560.9
19.2000       -1656.938    -1687.706       30.768   595.1
19.4000       -1654.722    -1685.328       30.606   591.9
19.6000       -1653.617    -1683.915       30.298   586.0
19.8000       -1651.949    -1684.990       33.042   639.1
20.0000       -1651.526    -1683.384       31.857   616.1
20.2000       -1653.764    -1686.108       32.344   625.6
20.4000       -1651.905    -1683.121       31.215   603.7
20.6000       -1649.471    -1683.641       34.170   660.9
20.8000       -1651.727    -1683.474       31.747   614.0
21.0000       -1651.582    -1684.779       33.198   642.1
21.2000       -1649.781    -1682.849       33.068   639.6
21.4000       -1650.715    -1683.288       32.573   630.0
21.6000       -1651.673    -1683.214       31.541   610.0
21.8000       -1650.422    -1683.922       33.500   647.9
22.0000       -1650.963    -1684.252       33.289   643.8
22.2000       -1649.962    -1682.457       32.495   628.5
22.4000       -1653.564    -1684.331       30.767   595.1
22.6000       -1654.632    -1686.291       31.659   612.3
22.8000       -1651.753    -1685.700       33.947   656.6
23.0000       -1654.239    -1684.470       30.231   584.7
23.2000       -1653.427    -1686.042       32.615   630.8
23.4000       -1653.914    -1683.239       29.326   567.2
23.6000       -1650.959    -1684.519       33.560   649.1
23.8000       -1651.549    -1683.379       31.830   615.6
24.0000       -1653.064    -1685.901       32.837   635.1
24.2000       -1654.345    -1684.319       29.974   579.7
24.4000       -1651.982    -1682.772       30.790   595.5
24.6000       -1653.085    -1684.575       31.490   609.0
24.8000       -1653.480    -1684.010       30.530   590.5
25.0000       -1652.695    -1682.913       30.218   584.4
25.2000       -1653.438    -1685.416       31.978   618.5
25.4000       -1649.442    -1683.771       34.329   663.9
25.6000       -1650.645    -1683.842       33.196   642.0
25.8000       -1652.081    -1684.153       32.072   620.3
26.0000       -1651.428    -1684.226       32.798   634.3
26.2000       -1652.887    -1683.774       30.886   597.4
26.4000       -1654.591    -1685.337       30.746   594.7
26.6000       -1655.202    -1684.779       29.577   572.1
26.8000       -1653.309    -1685.978       32.669   631.8
27.0000       -1653.395    -1684.793       31.398   607.3
27.2000       -1652.991    -1684.278       31.287   605.1
27.4000       -1653.392    -1684.633       31.241   604.2
27.6000       -1649.807    -1683.472       33.665   651.1
27.8000       -1652.028    -1684.842       32.814   634.7
28.0000       -1651.769    -1684.478       32.710   632.6
28.2000       -1653.433    -1684.111       30.678   593.3
28.4000       -1653.602    -1683.827       30.226   584.6
28.6000       -1653.450    -1684.683       31.233   604.1
28.8000       -1655.780    -1685.811       30.031   580.8
29.0000       -1655.099    -1685.403       30.304   586.1
29.2000       -1652.220    -1683.492       31.273   604.8
29.4000       -1654.842    -1685.885       31.043   600.4
29.6000       -1654.108    -1687.415       33.307   644.2
29.8000       -1652.492    -1683.513       31.021   600.0
30.0000       -1654.939    -1683.795       28.855   558.1
30.2000       -1654.205    -1685.409       31.205   603.5
30.4000       -1655.843    -1686.298       30.455   589.0
30.6000       -1655.777    -1685.830       30.054   581.3
30.8000       -1651.905    -1685.905       34.000   657.6
31.0000       -1653.440    -1684.805       31.365   606.6
31.2000       -1655.307    -1686.231       30.924   598.1
31.4000       -1655.404    -1686.554       31.150   602.5
31.6000       -1653.492    -1683.910       30.418   588.3
31.8000       -1654.986    -1686.237       31.251   604.4
32.0000       -1655.654    -1685.605       29.951   579.3
32.2000       -1657.553    -1685.491       27.938   540.3
32.4000       -1654.264    -1684.764       30.500   589.9
32.6000       -1653.640    -1684.579       30.939   598.4
32.8000       -1653.596    -1683.440       29.843   577.2
33.0000       -1650.804    -1682.510       31.706   613.2
33.2000       -1652.987    -1684.545       31.558   610.4
33.4000       -1654.932    -1684.988       30.056   581.3
33.6000       -1652.675    -1684.508       31.833   615.7
33.8000       -1653.283    -1685.474       32.191   622.6
34.0000       -1653.353    -1683.199       29.846   577.2
34.2000       -1654.403    -1686.103       31.700   613.1
34.4000       -1653.161    -1684.345       31.185   603.1
34.6000       -1652.571    -1684.860       32.289   624.5
34.8000       -1652.816    -1683.596       30.780   595.3
35.0000       -1655.261    -1685.886       30.625   592.3
35.2000       -1651.304    -1682.966       31.662   612.4
35.4000       -1651.130    -1683.438       32.308   624.9
35.6000       -1652.230    -1684.817       32.587   630.3
35.8000       -1654.410    -1684.883       30.473   589.4
36.0000       -1651.882    -1683.884       32.002   619.0
36.2000       -1651.986    -1684.211       32.225   623.3
36.4000       -1654.045    -1684.209       30.164   583.4
36.6000       -1655.932    -1687.011       31.079   601.1
36.8000       -1657.284    -1685.081       27.797   537.6
37.0000       -1657.294    -1687.251       29.957   579.4
37.2000       -1655.102    -1683.706       28.605   553.2
37.4000       -1652.489    -1684.985       32.496   628.5
37.6000       -1654.475    -1685.957       31.482   608.9
37.8000       -1656.337    -1685.295       28.958   560.1
38.0000       -1654.684    -1684.857       30.174   583.6
38.2000       -1652.339    -1683.861       31.522   609.7
38.4000       -1651.621    -1681.807       30.186   583.8
38.6000       -1653.481    -1686.405       32.924   636.8
38.8000       -1655.388    -1687.192       31.803   615.1
39.0000       -1652.981    -1686.063       33.082   639.8
39.2000       -1651.761    -1684.612       32.851   635.4
39.4000       -1653.144    -1685.268       32.125   621.3
39.6000       -1656.291    -1685.208       28.917   559.3
39.8000       -1654.861    -1685.185       30.324   586.5
40.0000       -1655.021    -1686.517       31.497   609.2
40.2000       -1656.790    -1686.181       29.391   568.4
40.4000       -1656.124    -1686.016       29.892   578.1
40.6000       -1653.012    -1684.046       31.034   600.2
40.8000       -1652.613    -1684.905       32.292   624.6
41.0000       -1650.947    -1684.339       33.391   645.8
41.2000       -1651.375    -1683.829       32.454   627.7
41.4000       -1653.732    -1682.779       29.047   561.8
41.6000       -1653.898    -1687.026       33.128   640.7
41.8000       -1653.656    -1685.246       31.590   611.0
42.0000       -1653.171    -1684.860       31.688   612.9
42.2000       -1653.285    -1684.482       31.197   603.4
42.4000       -1653.311    -1684.817       31.506   609.4
42.6000       -1652.873    -1683.753       30.880   597.2
42.8000       -1654.704    -1685.213       30.509   590.1
43.0000       -1652.507    -1685.432       32.924   636.8
43.2000       -1653.113    -1683.741       30.628   592.4
43.4000       -1653.143    -1686.153       33.011   638.5
43.6000       -1652.686    -1685.172       32.486   628.3
43.8000       -1653.499    -1684.033       30.534   590.5
44.0000       -1653.491    -1683.950       30.459   589.1
44.2000       -1655.355    -1685.334       29.979   579.8
44.4000       -1655.444    -1688.540       33.096   640.1
44.6000       -1653.096    -1685.131       32.036   619.6
44.8000       -1653.391    -1684.573       31.181   603.1
45.0000       -1654.984    -1686.602       31.618   611.5
45.2000       -1653.493    -1684.466       30.973   599.0
45.4000       -1651.820    -1684.800       32.980   637.9
45.6000       -1651.953    -1684.117       32.165   622.1
45.8000       -1650.744    -1682.774       32.030   619.5
46.0000       -1651.453    -1683.561       32.108   621.0
46.2000       -1651.606    -1682.935       31.329   605.9
46.4000       -1652.885    -1684.794       31.909   617.1
46.6000       -1651.732    -1684.726       32.995   638.1
46.8000       -1651.288    -1682.477       31.190   603.2
47.0000       -1654.343    -1685.565       31.222   603.9
47.2000       -1653.949    -1685.017       31.068   600.9
47.4000       -1654.387    -1685.679       31.292   605.2
47.6000       -1653.357    -1683.843       30.487   589.6
47.8000       -1653.233    -1686.799       33.566   649.2
48.0000       -1651.762    -1685.810       34.048   658.5
48.2000       -1654.778    -1686.197       31.419   607.7
48.4000       -1656.417    -1687.348       30.931   598.2
48.6000       -1655.741    -1686.850       31.109   601.7
48.8000       -1654.187    -1685.948       31.761   614.3
49.0000       -1656.342    -1686.477       30.134   582.8
49.2000       -1653.690    -1685.701       32.011   619.1
49.4000       -1654.921    -1685.189       30.269   585.4
49.6000       -1655.898    -1686.503       30.605   591.9
49.8000       -1656.249    -1686.551       30.303   586.1
50.0000       -1654.324    -1685.992       31.667   612.5
50.2000       -1654.626    -1686.268       31.642   612.0
50.4000       -1654.038    -1684.216       30.179   583.7
50.6000       -1653.821    -1685.119       31.298   605.3
50.8000       -1654.049    -1686.134       32.085   620.6
51.0000       -1652.898    -1684.562       31.664   612.4
51.2000       -1654.488    -1686.155       31.667   612.5
51.4000       -1653.298    -1684.876       31.579   610.8
51.6000       -1654.852    -1685.485       30.634   592.5
51.8000       -1652.543    -1683.980       31.437   608.0
52.0000       -1654.510    -1686.197       31.687   612.8
52.2000       -1652.565    -1683.115       30.550   590.9
52.4000       -1654.687    -1684.007       29.319   567.1
52.6000       -1655.551    -1687.553       32.003   619.0
52.8000       -1655.069    -1686.140       31.071   600.9
53.0000       -1654.807    -1686.650       31.843   615.9
53.2000       -1653.148    -1683.655       30.508   590.0
53.4000       -1652.635    -1684.981       32.346   625.6
53.6000       -1653.470    -1684.747       31.277   604.9
53.8000       -1654.041    -1685.725       31.684   612.8
54.0000       -1654.572    -1685.941       31.368   606.7
54.2000       -1653.101    -1686.302       33.202   642.2
54.4000       -1650.598    -1684.569       33.971   657.0
54.6000       -1651.408    -1683.670       32.262   624.0
54.8000       -1654.322    -1684.295       29.973   579.7
55.0000       -1652.974    -1685.029       32.055   620.0
55.2000       -1651.610    -1683.835       32.225   623.3
55.4000       -1653.774    -1686.354       32.580   630.1
55.6000       -1654.273    -1685.089       30.816   596.0
55.8000       -1654.225    -1684.249       30.024   580.7
56.0000       -1654.707    -1685.675       30.968   598.9
56.2000       -1652.552    -1683.966       31.413   607.6
56.4000       -1653.537    -1684.358       30.821   596.1
56.6000       -1655.778    -1685.751       29.972   579.7
56.8000       -1656.425    -1686.034       29.609   572.7
57.0000       -1656.779    -1685.824       29.045   561.8
57.2000       -1655.841    -1687.002       31.161   602.7
57.4000       -1655.557    -1688.459       32.902   636.4
57.6000       -1655.967    -1684.658       28.692   554.9
57.8000       -1655.261    -1686.397       31.136   602.2
58.0000       -1653.326    -1682.927       29.601   572.5
58.2000       -1655.842    -1686.333       30.491   589.7
58.4000       -1655.644    -1687.326       31.682   612.8
58.6000       -1654.950    -1684.053       29.103   562.9
58.8000       -1655.491    -1686.698       31.207   603.6
59.0000       -1656.849    -1684.955       28.106   543.6
59.2000       -1654.315    -1685.172       30.857   596.8
59.4000       -1653.942    -1685.432       31.491   609.1
59.6000       -1651.316    -1682.955       31.639   611.9
59.8000       -1652.331    -1684.183       31.852   616.0
60.0000       -1654.732    -1684.293       29.561   571.7
60.2000       -1654.947    -1685.957       31.010   599.8
60.4000       -1653.932    -1684.229       30.297   586.0
60.6000       -1650.665    -1681.878       31.213   603.7
60.8000       -1652.437    -1683.371       30.934   598.3
61.0000       -1652.294    -1685.629       33.335   644.7
61.2000       -1652.830    -1684.594       31.764   614.3
61.4000       -1652.956    -1685.453       32.497   628.5
61.6000       -1653.969    -1685.643       31.674   612.6
61.8000       -1654.289    -1683.884       29.595   572.4
62.0000       -1654.253    -1686.414       32.160   622.0
62.2000       -1656.082    -1686.730       30.648   592.8
62.4000       -1655.155    -1687.277       32.121   621.3
62.6000       -1655.588    -1686.256       30.667   593.1
62.8000       -1655.042    -1684.804       29.762   575.6
63.0000       -1653.963    -1685.623       31.661   612.3
63.2000       -1654.893    -1684.682       29.790   576.2
63.4000       -1653.294    -1685.974       32.680   632.1
63.6000       -1651.653    -1683.155       31.502   609.3
63.8000       -1650.449    -1682.793       32.343   625.5
64.0000       -1650.298    -1684.640       34.342   664.2
64.2000       -1652.484    -1684.517       32.034   619.6
64.4000       -1653.190    -1684.600       31.410   607.5
64.6000       -1653.932    -1684.830       30.899   597.6
64.8000       -1651.064    -1683.003       31.938   617.7
65.0000       -1652.034    -1683.309       31.275   604.9
65.2000       -1651.566    -1682.820       31.254   604.5
65.4000       -1649.767    -1682.208       32.441   627.4
65.6000       -1650.111    -1683.264       33.153   641.2
65.8000       -1650.993    -1684.720       33.727   652.3
66.0000       -1654.463    -1686.129       31.666   612.5
66.2000       -1655.716    -1684.530       28.814   557.3
66.4000       -1653.130    -1684.062       30.932   598.2
66.6000       -1652.205    -1684.708       32.503   628.6
66.8000       -1652.856    -1684.652       31.796   615.0
67.0000       -1653.225    -1684.912       31.687   612.9
67.2000       -1655.937    -1686.329       30.392   587.8
67.4000       -1656.302    -1685.651       29.349   567.6
67.6000       -1653.043    -1683.208       30.165   583.4
67.8000       -1651.262    -1682.753       31.491   609.1
68.0000       -1651.970    -1684.282       32.312   624.9
68.2000       -1654.177    -1686.497       32.319   625.1
68.4000       -1654.963    -1685.277       30.314   586.3
68.6000       -1654.254    -1685.476       31.222   603.9
68.8000       -1654.364    -1684.622       30.258   585.2
69.0000       -1654.384    -1686.430       32.046   619.8
69.2000       -1654.043    -1685.933       31.891   616.8
69.4000       -1654.288    -1685.708       31.421   607.7
69.6000       -1656.486    -1687.052       30.566   591.2
69.8000       -1654.882    -1684.606       29.724   574.9
70.0000       -1655.587    -1684.839       29.252   565.8
70.2000       -1653.981    -1684.392       30.412   588.2
70.4000       -1651.404    -1684.119       32.716   632.8
70.6000       -1652.128    -1683.583       31.455   608.4
70.8000       -1652.524    -1684.469       31.944   617.8
71.0000       -1653.147    -1684.294       31.147   602.4
71.2000       -1653.054    -1685.892       32.839   635.1
71.4000       -1652.876    -1685.943       33.067   639.5
71.6000       -1655.073    -1685.869       30.795   595.6
71.8000       -1655.659    -1686.692       31.032   600.2
72.0000       -1656.551    -1687.051       30.500   589.9
72.2000       -1656.437    -1687.892       31.455   608.4
72.4000       -1654.284    -1686.710       32.426   627.1
72.6000       -1654.133    -1684.672       30.539   590.6
72.8000       -1652.471    -1686.265       33.795   653.6
73.0000       -1654.836    -1686.716       31.879   616.6
73.2000       -1656.154    -1687.501       31.347   606.3
73.4000       -1656.055    -1687.030       30.974   599.1
73.6000       -1655.988    -1687.276       31.288   605.1
73.8000       -1655.657    -1686.302       30.645   592.7
74.0000       -1654.388    -1686.274       31.886   616.7
74.2000       -1653.847    -1684.397       30.549   590.9
74.4000       -1654.291    -1684.865       30.575   591.3
74.6000       -1655.539    -1686.210       30.671   593.2
74.8000       -1658.362    -1687.536       29.174   564.3
75.0000       -1658.764    -1686.396       27.632   534.4
75.2000       -1656.698    -1685.532       28.835   557.7
75.4000       -1657.512    -1688.143       30.631   592.4
75.6000       -1656.443    -1685.503       29.059   562.0
75.8000       -1655.371    -1686.207       30.836   596.4
76.0000       -1656.078    -1685.469       29.392   568.5
76.2000       -1655.789    -1684.151       28.362   548.6
76.4000       -1655.618    -1685.838       30.220   584.5
76.6000       -1656.346    -1687.143       30.797   595.6
76.8000       -1656.752    -1687.124       30.372   587.4
77.0000       -1656.970    -1687.083       30.113   582.4
77.2000       -1657.111    -1685.759       28.647   554.1
77.4000       -1658.044    -1687.792       29.748   575.4
77.6000       -1657.522    -1688.736       31.214   603.7
77.8000       -1657.285    -1686.373       29.088   562.6
78.0000       -1654.326    -1686.844       32.517   628.9
78.2000       -1656.563    -1686.238       29.675   573.9
78.4000       -1657.874    -1687.739       29.865   577.6
78.6000       -1656.023    -1686.606       30.583   591.5
78.8000       -1654.340    -1684.126       29.787   576.1
79.0000       -1654.123    -1684.791       30.667   593.1
79.2000       -1654.369    -1685.561       31.192   603.3
79.4000       -1652.748    -1686.677       33.929   656.2
79.6000       -1654.434    -1685.981       31.547   610.1
79.8000       -1655.482    -1685.503       30.021   580.6
80.0000       -1655.564    -1684.684       29.119   563.2
80.2000       -1654.930    -1686.036       31.105   601.6
80.4000       -1654.723    -1686.547       31.825   615.5
80.6000       -1652.847    -1685.554       32.707   632.6
80.8000       -1653.286    -1684.116       30.830   596.3
81.0000       -1656.043    -1685.174       29.131   563.4
81.2000       -1657.387    -1687.789       30.402   588.0
81.4000       -1658.140    -1688.614       30.474   589.4
81.6000       -1656.591    -1687.165       30.574   591.3
81.8000       -1657.610    -1688.605       30.995   599.5
82.0000       -1658.183    -1687.946       29.763   575.6
82.2000       -1654.248    -1685.630       31.383   607.0
82.4000       -1655.466    -1686.427       30.961   598.8
82.6000       -1654.627    -1686.049       31.422   607.7
82.8000       -1656.029    -1686.713       30.684   593.4
83.0000       -1657.007    -1686.373       29.366   568.0
83.2000       -1655.906    -1686.586       30.680   593.4
83.4000       -1655.651    -1687.966       32.315   625.0
83.6000       -1656.180    -1686.520       30.340   586.8
83.8000       -1655.822    -1687.097       31.275   604.9
84.0000       -1656.430    -1685.965       29.535   571.2
84.2000       -1656.513    -1686.008       29.495   570.5
84.4000       -1656.245    -1687.529       31.284   605.1
84.6000       -1657.689    -1687.474       29.785   576.1
84.8000       -1657.923    -1687.292       29.369   568.0
85.0000       -1658.926    -1688.702       29.775   575.9
85.2000       -1656.052    -1685.644       29.592   572.3
85.4000       -1654.489    -1685.038       30.549   590.8
85.6000       -1653.705    -1686.090       32.385   626.4
85.8000       -1655.075    -1684.617       29.542   571.4
86.0000       -1654.833    -1686.779       31.947   617.9
86.2000       -1655.966    -1687.671       31.705   613.2
86.4000       -1653.968    -1687.243       33.274   643.6
86.6000       -1656.706    -1686.955       30.248   585.0
86.8000       -1655.302    -1684.017       28.715   555.4
87.0000       -1654.871    -1687.903       33.032   638.9
87.2000       -1655.913    -1686.918       31.005   599.7
87.4000       -1656.608    -1686.991       30.383   587.6
87.6000       -1658.633    -1687.992       29.359   567.8
87.8000       -1656.556    -1686.714       30.158   583.3
88.0000       -1653.461    -1684.210       30.749   594.7
88.2000       -1652.866    -1683.429       30.563   591.1
88.4000       -1653.258    -1684.366       31.107   601.6
88.6000       -1651.473    -1684.870       33.397   645.9
88.8000       -1655.848    -1686.463       30.616   592.1
89.0000       -1654.424    -1686.596       32.173   622.2
89.2000       -1652.964    -1684.322       31.358   606.5
89.4000       -1653.866    -1686.015       32.149   621.8
89.6000       -1655.134    -1685.311       30.178   583.7
89.8000       -1657.551    -1686.805       29.254   565.8
90.0000       -1655.061    -1686.652       31.591   611.0
90.2000       -1654.014    -1686.356       32.342   625.5
90.4000       -1654.657    -1685.185       30.528   590.4
90.6000       -1654.593    -1686.340       31.748   614.0
90.8000       -1654.436    -1685.545       31.109   601.7
91.0000       -1655.846    -1685.316       29.470   570.0
91.2000       -1655.841    -1685.391       29.550   571.5
91.4000       -1656.252    -1686.734       30.483   589.6
91.6000       -1654.554    -1683.607       29.053   561.9
91.8000       -1653.996    -1686.630       32.634   631.2
92.0000       -1655.323    -1686.680       31.357   606.5
92.2000       -1658.174    -1686.993       28.819   557.4
92.4000       -1657.716    -1685.246       27.530   532.5
92.6000       -1656.017    -1686.293       30.276   585.6
92.8000       -1654.699    -1685.860       31.161   602.7
93.0000       -1653.487    -1685.643       32.155   621.9
93.2000       -1654.945    -1684.445       29.500   570.6
93.4000       -1653.528    -1686.978       33.450   647.0
93.6000       -1652.632    -1684.051       31.418   607.7
93.8000       -1653.672    -1685.295       31.623   611.6
94.0000       -1651.447    -1684.779       33.332   644.7
94.2000       -1653.019    -1686.335       33.316   644.4
94.4000       -1657.278    -1687.239       29.961   579.5
94.6000       -1658.988    -1686.952       27.964   540.9
94.8000       -1657.738    -1687.989       30.252   585.1
95.0000       -1656.285    -1686.496       30.210   584.3
95.2000       -1659.585    -1688.897       29.312   566.9
95.4000       -1660.000    -1689.554       29.555   571.6
95.6000       -1657.363    -1686.555       29.192   564.6
95.8000       -1657.746    -1688.372       30.625   592.3
96.0000       -1656.054    -1686.283       30.229   584.7
96.2000       -1654.219    -1685.480       31.261   604.6
96.4000       -1654.257    -1686.041       31.785   614.7
96.6000       -1652.714    -1684.930       32.216   623.1
96.8000       -1651.478    -1683.654       32.175   622.3
97.0000       -1655.030    -1687.147       32.117   621.2
97.2000       -1653.618    -1684.918       31.300   605.4
97.4000       -1654.764    -1687.418       32.654   631.5
97.6000       -1652.275    -1685.289       33.014   638.5
97.8000       -1652.899    -1686.019       33.120   640.6
98.0000       -1655.064    -1686.964       31.900   617.0
98.2000       -1657.096    -1686.015       28.919   559.3
98.4000       -1655.350    -1685.451       30.101   582.2
98.6000       -1654.915    -1685.514       30.599   591.8
98.8000       -1655.690    -1684.574       28.884   558.6
99.0000       -1654.955    -1687.277       32.322   625.1
99.2000       -1657.143    -1686.724       29.581   572.1
99.4000       -1657.082    -1686.525       29.443   569.5
99.6000       -1658.943    -1687.744       28.800   557.0
99.8000       -1659.110    -1688.618       29.509   570.7
100.0000      -1655.502    -1687.023       31.521   609.6
100.2000      -1655.694    -1688.050       32.356   625.8
100.4000      -1657.574    -1686.258       28.684   554.8
100.6000      -1655.628    -1687.706       32.079   620.4
100.8000      -1654.904    -1685.997       31.094   601.4
101.0000      -1657.553    -1687.243       29.690   574.2
101.2000      -1656.323    -1687.420       31.097   601.4
101.4000      -1655.955    -1687.556       31.601   611.2
101.6000      -1655.397    -1686.382       30.985   599.3
101.8000      -1655.491    -1686.357       30.866   597.0
102.0000      -1654.798    -1685.435       30.636   592.5
102.2000      -1655.503    -1685.453       29.950   579.3
102.4000      -1655.066    -1685.809       30.743   594.6
102.6000      -1655.914    -1684.358       28.444   550.1
102.8000      -1655.979    -1688.123       32.143   621.7
103.0000      -1655.974    -1685.599       29.625   573.0
103.2000      -1655.823    -1687.241       31.418   607.7
103.4000      -1655.358    -1686.345       30.986   599.3
103.6000      -1654.995    -1687.780       32.785   634.1
103.8000      -1654.975    -1686.616       31.641   612.0
104.0000      -1656.817    -1686.400       29.583   572.2
104.2000      -1656.495    -1687.569       31.074   601.0
104.4000      -1656.383    -1685.509       29.125   563.3
104.6000      -1656.734    -1687.188       30.454   589.0
104.8000      -1656.275    -1686.581       30.306   586.1
105.0000      -1656.430    -1687.247       30.817   596.0
105.2000      -1654.596    -1685.749       31.153   602.5
105.4000      -1653.972    -1686.755       32.783   634.1
105.6000      -1654.953    -1686.016       31.063   600.8
105.8000      -1652.738    -1682.886       30.148   583.1
106.0000      -1651.989    -1682.643       30.655   592.9
106.2000      -1652.800    -1683.426       30.626   592.3
106.4000      -1653.394    -1684.434       31.041   600.4
106.6000      -1651.208    -1683.275       32.067   620.2
106.8000      -1654.558    -1685.400       30.842   596.5
107.0000      -1655.038    -1685.568       30.530   590.5
107.2000      -1653.659    -1686.291       32.632   631.1
107.4000      -1653.517    -1685.261       31.744   614.0
107.6000      -1654.985    -1684.312       29.327   567.2
107.8000      -1656.439    -1686.483       30.044   581.1
108.0000      -1655.455    -1684.414       28.959   560.1
108.2000      -1655.099    -1686.800       31.702   613.1
108.4000      -1650.911    -1684.566       33.655   650.9
108.6000      -1652.476    -1685.177       32.701   632.5
108.8000      -1652.480    -1683.979       31.498   609.2
109.0000      -1654.472    -1685.242       30.770   595.1
109.2000      -1654.938    -1686.474       31.536   609.9
109.4000      -1656.255    -1687.706       31.451   608.3
109.6000      -1655.228    -1685.693       30.466   589.2
109.8000      -1654.039    -1685.844       31.804   615.1
110.0000      -1652.418    -1684.856       32.438   627.4
110.2000      -1652.995    -1684.802       31.807   615.2
110.4000      -1652.558    -1684.362       31.805   615.1
110.6000      -1655.632    -1684.634       29.003   560.9
110.8000      -1654.146    -1685.261       31.116   601.8
111.0000      -1652.761    -1686.254       33.492   647.8
111.2000      -1652.400    -1685.120       32.720   632.8
111.4000      -1653.031    -1685.805       32.774   633.9
111.6000      -1654.945    -1687.356       32.410   626.8
111.8000      -1655.253    -1686.669       31.416   607.6
112.0000      -1656.179    -1687.365       31.186   603.2
112.2000      -1655.651    -1687.133       31.482   608.9
112.4000      -1655.877    -1688.620       32.743   633.3
112.6000      -1657.224    -1687.585       30.361   587.2
112.8000      -1657.797    -1687.038       29.242   565.6
113.0000      -1655.003    -1685.038       30.035   580.9
113.2000      -1656.434    -1687.826       31.392   607.1
113.4000      -1654.908    -1687.098       32.191   622.6
113.6000      -1653.771    -1686.764       32.992   638.1
113.8000      -1653.524    -1685.135       31.611   611.4
114.0000      -1655.412    -1686.377       30.966   598.9
114.2000      -1656.550    -1686.695       30.145   583.0
114.4000      -1654.086    -1686.136       32.050   619.9
114.6000      -1653.073    -1684.785       31.712   613.3
114.8000      -1653.998    -1684.785       30.787   595.5
115.0000      -1654.071    -1685.340       31.269   604.8
115.2000      -1652.650    -1685.615       32.965   637.6
115.4000      -1654.730    -1684.788       30.058   581.3
115.6000      -1652.325    -1684.560       32.235   623.5
115.8000      -1652.587    -1684.163       31.576   610.7
116.0000      -1653.206    -1683.839       30.633   592.5
116.2000      -1651.330    -1685.824       34.495   667.2
116.4000      -1654.563    -1685.460       30.897   597.6
116.6000      -1653.800    -1686.678       32.877   635.9
116.8000      -1653.686    -1685.991       32.305   624.8
117.0000      -1655.279    -1685.578       30.300   586.0
117.2000      -1655.749    -1687.478       31.729   613.7
117.4000      -1655.015    -1687.664       32.649   631.5
117.6000      -1655.257    -1685.526       30.268   585.4
117.8000      -1654.926    -1685.351       30.425   588.5
118.0000      -1654.082    -1686.949       32.867   635.7
118.2000      -1652.843    -1684.225       31.383   607.0
118.4000      -1650.993    -1685.832       34.839   673.8
118.6000      -1654.948    -1687.286       32.338   625.5
118.8000      -1657.973    -1686.248       28.275   546.9
119.0000      -1657.606    -1688.913       31.307   605.5
119.2000      -1655.571    -1686.695       31.124   602.0
119.4000      -1657.781    -1686.057       28.276   546.9
119.6000      -1654.754    -1685.073       30.320   586.4
119.8000      -1655.497    -1685.547       30.050   581.2
120.0000      -1655.431    -1687.073       31.641   612.0
120.2000      -1656.226    -1685.602       29.376   568.2
120.4000      -1657.170    -1686.858       29.688   574.2
120.6000      -1656.385    -1687.140       30.755   594.8
120.8000      -1656.134    -1687.405       31.271   604.8
121.0000      -1657.769    -1686.189       28.419   549.7
121.2000      -1656.523    -1687.107       30.584   591.5
121.4000      -1655.448    -1687.371       31.923   617.4
121.6000      -1655.609    -1687.626       32.017   619.2
121.8000      -1654.138    -1685.787       31.650   612.1
122.0000      -1655.031    -1687.154       32.123   621.3
122.2000      -1655.978    -1685.977       29.999   580.2
122.4000      -1657.250    -1686.791       29.540   571.3
122.6000      -1654.546    -1687.225       32.679   632.0
122.8000      -1655.313    -1686.509       31.196   603.4
123.0000      -1655.915    -1686.201       30.287   585.8
123.2000      -1655.581    -1685.835       30.254   585.1
123.4000      -1657.397    -1686.776       29.378   568.2
123.6000      -1655.414    -1686.621       31.206   603.6
123.8000      -1654.922    -1686.121       31.199   603.4
124.0000      -1656.684    -1687.733       31.049   600.5
124.2000      -1655.230    -1687.300       32.070   620.3
124.4000      -1653.517    -1684.397       30.880   597.2
124.6000      -1653.263    -1684.812       31.550   610.2
124.8000      -1654.006    -1685.038       31.032   600.2
125.0000      -1654.712    -1686.498       31.786   614.8
125.2000      -1653.739    -1686.850       33.110   640.4
125.4000      -1655.217    -1686.100       30.883   597.3
125.6000      -1654.973    -1686.868       31.894   616.9
125.8000      -1654.311    -1685.706       31.395   607.2
126.0000      -1655.156    -1685.390       30.234   584.8
126.2000      -1654.652    -1685.754       31.102   601.5
126.4000      -1656.168    -1688.257       32.089   620.6
126.6000      -1656.243    -1687.831       31.588   610.9
126.8000      -1656.177    -1687.091       30.914   597.9
127.0000      -1654.914    -1684.910       29.996   580.1
127.2000      -1653.745    -1686.551       32.806   634.5
127.4000      -1655.764    -1687.461       31.696   613.0
127.6000      -1654.027    -1685.299       31.272   604.8
127.8000      -1654.967    -1687.712       32.745   633.3
128.0000      -1655.242    -1685.490       30.247   585.0
128.2000      -1655.886    -1686.231       30.345   586.9
128.4000      -1654.918    -1686.125       31.207   603.6
128.6000      -1654.960    -1684.936       29.976   579.8
128.8000      -1654.183    -1685.942       31.759   614.2
129.0000      -1653.987    -1686.423       32.437   627.4
129.2000      -1654.416    -1685.738       31.322   605.8
129.4000      -1656.695    -1687.011       30.316   586.3
129.6000      -1656.481    -1687.329       30.848   596.6
129.8000      -1655.496    -1685.175       29.680   574.0
130.0000      -1654.183    -1686.254       32.071   620.3
130.2000      -1656.105    -1686.339       30.234   584.7
130.4000      -1656.908    -1688.440       31.533   609.9
130.6000      -1656.382    -1686.492       30.111   582.4
130.8000      -1657.595    -1687.013       29.417   569.0
131.0000      -1656.925    -1687.974       31.048   600.5
131.2000      -1656.821    -1687.667       30.845   596.6
131.4000      -1658.273    -1687.730       29.457   569.7
131.6000      -1656.596    -1687.057       30.461   589.1
131.8000      -1655.729    -1687.046       31.316   605.7
132.0000      -1653.829    -1686.933       33.105   640.3
132.2000      -1652.363    -1685.701       33.338   644.8
132.4000      -1654.049    -1686.208       32.159   622.0
132.6000      -1650.686    -1684.036       33.350   645.0
132.8000      -1653.352    -1685.307       31.955   618.0
133.0000      -1653.931    -1685.247       31.315   605.7
133.2000      -1653.981    -1686.033       32.053   619.9
133.4000      -1655.208    -1684.290       29.081   562.5
133.6000      -1655.839    -1687.344       31.505   609.3
133.8000      -1654.823    -1686.932       32.109   621.0
134.0000      -1655.189    -1686.006       30.816   596.0
134.2000      -1655.515    -1687.939       32.424   627.1
134.4000      -1655.758    -1685.391       29.633   573.1
134.6000      -1656.553    -1686.954       30.401   588.0
134.8000      -1656.672    -1686.908       30.236   584.8
135.0000      -1654.633    -1685.814       31.181   603.1
135.2000      -1656.225    -1687.344       31.118   601.9
135.4000      -1655.411    -1685.645       30.235   584.8
135.6000      -1656.248    -1686.137       29.888   578.1
135.8000      -1652.168    -1684.338       32.170   622.2
136.0000      -1652.400    -1684.035       31.635   611.9
136.2000      -1651.073    -1684.112       33.039   639.0
136.4000      -1657.191    -1686.504       29.313   566.9
136.6000      -1654.737    -1685.183       30.446   588.9
136.8000      -1655.885    -1685.683       29.798   576.3
137.0000      -1655.441    -1685.113       29.673   573.9
137.2000      -1655.672    -1687.517       31.846   615.9
137.4000      -1656.860    -1686.073       29.213   565.0
137.6000      -1656.873    -1685.474       28.601   553.2
137.8000      -1658.469    -1688.032       29.563   571.8
138.0000      -1656.433    -1686.910       30.476   589.4
138.2000      -1655.732    -1686.447       30.715   594.1
138.4000      -1656.380    -1687.302       30.922   598.1
138.6000      -1655.225    -1686.347       31.122   601.9
138.8000      -1655.175    -1685.254       30.078   581.7
139.0000      -1653.012    -1684.232       31.220   603.8
139.2000      -1654.238    -1685.633       31.395   607.2
139.4000      -1655.718    -1688.494       32.776   633.9
139.6000      -1655.807    -1686.990       31.184   603.1
139.8000      -1656.959    -1687.211       30.253   585.1
140.0000      -1656.774    -1685.969       29.194   564.6
140.2000      -1653.621    -1685.813       32.191   622.6
140.4000      -1653.316    -1683.610       30.294   585.9
140.6000      -1655.374    -1687.856       32.483   628.2
140.8000      -1657.717    -1686.178       28.461   550.5
141.0000      -1654.339    -1685.804       31.465   608.6
141.2000      -1657.023    -1687.293       30.270   585.4
141.4000      -1656.460    -1686.444       29.984   579.9
141.6000      -1656.898    -1686.258       29.359   567.8
141.8000      -1656.607    -1686.553       29.947   579.2
142.0000      -1656.639    -1688.676       32.037   619.6
142.2000      -1656.296    -1687.899       31.603   611.2
142.4000      -1655.774    -1687.087       31.314   605.6
142.6000      -1655.012    -1687.517       32.505   628.7
142.8000      -1653.344    -1685.120       31.776   614.6
143.0000      -1654.804    -1685.589       30.785   595.4
143.2000      -1655.950    -1687.836       31.886   616.7
143.4000      -1655.125    -1687.304       32.179   622.4
143.6000      -1655.603    -1687.407       31.804   615.1
143.8000      -1656.084    -1687.077       30.993   599.4
144.0000      -1656.437    -1687.454       31.017   599.9
144.2000      -1656.906    -1686.964       30.059   581.4
144.4000      -1656.770    -1687.936       31.166   602.8
144.6000      -1655.476    -1685.955       30.480   589.5
144.8000      -1653.926    -1685.397       31.471   608.7
145.0000      -1651.995    -1683.677       31.682   612.8
145.2000      -1652.794    -1682.829       30.035   580.9
145.4000      -1655.245    -1685.268       30.023   580.7
145.6000      -1654.972    -1685.870       30.898   597.6
145.8000      -1651.942    -1683.544       31.602   611.2
146.0000      -1652.279    -1683.805       31.527   609.8
146.2000      -1653.324    -1684.637       31.312   605.6
146.4000      -1651.248    -1683.890       32.642   631.3
146.6000      -1652.819    -1685.750       32.931   636.9
146.8000      -1652.539    -1685.032       32.493   628.5
147.0000      -1652.743    -1685.437       32.694   632.3
147.2000      -1653.559    -1685.323       31.763   614.3
147.4000      -1652.269    -1683.554       31.285   605.1
147.6000      -1651.695    -1684.547       32.852   635.4
147.8000      -1652.398    -1684.607       32.209   623.0
148.0000      -1652.842    -1683.871       31.028   600.1
148.2000      -1653.294    -1684.882       31.588   610.9
148.4000      -1655.464    -1685.556       30.092   582.0
148.6000      -1653.226    -1684.010       30.783   595.4
148.8000      -1652.460    -1684.626       32.166   622.1
149.0000      -1653.707    -1684.870       31.163   602.7
149.2000      -1654.190    -1685.685       31.495   609.1
149.4000      -1654.191    -1685.632       31.441   608.1
149.6000      -1653.837    -1683.328       29.491   570.4
149.8000      -1655.777    -1685.488       29.710   574.6
150.0000      -1656.031    -1684.417       28.386   549.0
150.2000      -1656.866    -1686.157       29.292   566.5
150.4000      -1657.796    -1688.187       30.391   587.8
150.6000      -1654.139    -1685.671       31.531   609.8
150.8000      -1652.601    -1684.180       31.578   610.7
151.0000      -1652.274    -1682.774       30.500   589.9
151.2000      -1653.878    -1685.718       31.840   615.8
151.4000      -1654.753    -1685.149       30.396   587.9
151.6000      -1654.404    -1685.360       30.956   598.7
151.8000      -1653.442    -1683.476       30.033   580.9
152.0000      -1652.957    -1684.283       31.327   605.9
152.2000      -1652.960    -1683.216       30.256   585.2
152.4000      -1651.293    -1683.797       32.504   628.6
152.6000      -1652.982    -1683.332       30.351   587.0
152.8000      -1656.050    -1685.482       29.432   569.2
153.0000      -1657.611    -1687.230       29.619   572.9
153.2000      -1655.845    -1684.568       28.723   555.5
153.4000      -1655.397    -1684.703       29.306   566.8
153.6000      -1655.704    -1685.873       30.170   583.5
153.8000      -1655.191    -1686.132       30.941   598.4
154.0000      -1653.527    -1684.602       31.075   601.0
154.2000      -1653.148    -1684.233       31.085   601.2
154.4000      -1652.940    -1685.604       32.664   631.7
154.6000      -1654.192    -1684.201       30.009   580.4
154.8000      -1655.277    -1685.826       30.549   590.8
155.0000      -1653.049    -1685.477       32.428   627.2
155.2000      -1652.511    -1683.590       31.079   601.1
155.4000      -1655.444    -1686.461       31.017   599.9
155.6000      -1655.111    -1686.210       31.100   601.5
155.8000      -1657.381    -1687.539       30.159   583.3
156.0000      -1656.706    -1687.410       30.704   593.8
156.2000      -1655.744    -1685.882       30.138   582.9
156.4000      -1657.237    -1686.302       29.065   562.1
156.6000      -1655.803    -1685.216       29.414   568.9
156.8000      -1654.704    -1686.090       31.386   607.0
157.0000      -1655.300    -1687.438       32.138   621.6
157.2000      -1654.294    -1686.224       31.930   617.6
157.4000      -1655.621    -1683.601       27.980   541.2
157.6000      -1655.063    -1685.342       30.280   585.6
157.8000      -1653.616    -1685.401       31.786   614.8
158.0000      -1656.128    -1685.094       28.965   560.2
158.2000      -1653.606    -1684.674       31.068   600.9
158.4000      -1651.869    -1684.081       32.213   623.0
158.6000      -1653.991    -1683.704       29.713   574.7
158.8000      -1653.730    -1687.350       33.620   650.2
159.0000      -1653.224    -1683.304       30.080   581.8
159.2000      -1653.393    -1684.094       30.701   593.8
159.4000      -1654.647    -1686.376       31.730   613.7
159.6000      -1653.247    -1684.082       30.835   596.4
159.8000      -1653.091    -1685.685       32.593   630.4
160.0000      -1654.788    -1685.992       31.204   603.5
160.2000      -1654.823    -1685.531       30.707   593.9
160.4000      -1654.449    -1685.292       30.843   596.5
160.6000      -1653.317    -1683.324       30.006   580.3
160.8000      -1650.646    -1682.724       32.078   620.4
161.0000      -1652.004    -1683.405       31.402   607.3
161.2000      -1652.927    -1685.297       32.370   626.1
161.4000      -1653.090    -1684.788       31.699   613.1
161.6000      -1654.135    -1685.976       31.842   615.8
161.8000      -1652.905    -1684.334       31.430   607.9
162.0000      -1653.461    -1684.866       31.405   607.4
162.2000      -1654.998    -1684.815       29.818   576.7
162.4000      -1655.186    -1685.870       30.683   593.4
162.6000      -1658.188    -1688.578       30.390   587.8
162.8000      -1656.330    -1686.343       30.014   580.5
163.0000      -1655.299    -1687.804       32.505   628.7
163.2000      -1654.852    -1684.526       29.674   573.9
163.4000      -1655.789    -1685.182       29.393   568.5
163.6000      -1656.011    -1685.916       29.905   578.4
163.8000      -1653.468    -1685.739       32.272   624.2
164.0000      -1652.022    -1685.274       33.251   643.1
164.2000      -1651.982    -1685.729       33.746   652.7
164.4000      -1653.191    -1684.346       31.155   602.6
164.6000      -1652.802    -1684.756       31.954   618.0
164.8000      -1654.524    -1686.103       31.579   610.8
165.0000      -1654.870    -1686.904       32.035   619.6
165.2000      -1653.717    -1686.755       33.038   639.0
165.4000      -1656.361    -1688.385       32.024   619.4
165.6000      -1654.742    -1685.618       30.876   597.2
165.8000      -1658.322    -1687.980       29.658   573.6
166.0000      -1658.081    -1688.292       30.211   584.3
166.2000      -1657.548    -1686.116       28.567   552.5
166.4000      -1655.620    -1687.172       31.551   610.2
166.6000      -1655.289    -1685.957       30.668   593.1
166.8000      -1655.176    -1687.178       32.002   618.9
167.0000      -1655.961    -1686.558       30.598   591.8
167.2000      -1656.666    -1686.876       30.210   584.3
167.4000      -1655.833    -1686.935       31.102   601.5
167.6000      -1656.467    -1687.995       31.528   609.8
167.8000      -1654.080    -1687.600       33.520   648.3
168.0000      -1652.020    -1684.078       32.058   620.0
168.2000      -1652.887    -1686.793       33.906   655.8
168.4000      -1653.365    -1685.643       32.278   624.3
168.6000      -1650.642    -1682.602       31.961   618.1
168.8000      -1652.493    -1684.725       32.232   623.4
169.0000      -1652.706    -1683.725       31.020   600.0
169.2000      -1651.574    -1682.689       31.115   601.8
169.4000      -1650.952    -1684.117       33.164   641.4
169.6000      -1651.319    -1684.287       32.968   637.6
169.8000      -1653.741    -1685.787       32.047   619.8
170.0000      -1653.739    -1686.163       32.424   627.1
170.2000      -1654.669    -1685.564       30.895   597.5
170.4000      -1655.000    -1685.412       30.412   588.2
170.6000      -1657.882    -1688.059       30.177   583.6
170.8000      -1660.238    -1688.580       28.342   548.2
171.0000      -1661.489    -1689.570       28.081   543.1
171.2000      -1658.946    -1688.344       29.398   568.6
171.4000      -1656.749    -1686.950       30.201   584.1
171.6000      -1655.701    -1688.032       32.331   625.3
171.8000      -1654.333    -1685.894       31.560   610.4
172.0000      -1655.687    -1687.205       31.518   609.6
172.2000      -1654.330    -1684.579       30.249   585.0
172.4000      -1654.290    -1687.285       32.995   638.2
172.6000      -1655.293    -1685.668       30.375   587.5
172.8000      -1655.989    -1687.718       31.729   613.7
173.0000      -1656.965    -1687.496       30.531   590.5
173.2000      -1657.242    -1687.084       29.842   577.2
173.4000      -1657.156    -1685.575       28.419   549.7
173.6000      -1656.230    -1686.615       30.385   587.7
173.8000      -1656.590    -1686.463       29.873   577.8
174.0000      -1656.504    -1686.976       30.472   589.3
174.2000      -1656.658    -1686.676       30.018   580.6
174.4000      -1655.756    -1687.997       32.241   623.6
174.6000      -1656.225    -1686.353       30.128   582.7
174.8000      -1654.998    -1687.241       32.243   623.6
175.0000      -1654.406    -1686.778       32.372   626.1
175.2000      -1653.580    -1685.544       31.964   618.2
175.4000      -1653.416    -1685.913       32.498   628.5
175.6000      -1653.569    -1683.822       30.253   585.1
175.8000      -1655.627    -1686.959       31.332   606.0
176.0000      -1655.320    -1686.308       30.988   599.3
176.2000      -1654.419    -1685.609       31.190   603.2
176.4000      -1654.264    -1684.522       30.258   585.2
176.6000      -1655.223    -1685.430       30.207   584.2
176.8000      -1655.954    -1685.722       29.767   575.7
177.0000      -1655.066    -1686.291       31.225   603.9
177.2000      -1654.716    -1687.187       32.471   628.0
177.4000      -1657.050    -1687.050       30.000   580.2
177.6000      -1657.704    -1688.731       31.028   600.1
177.8000      -1657.345    -1686.012       28.666   554.4
178.0000      -1656.506    -1686.810       30.304   586.1
178.2000      -1656.024    -1685.746       29.722   574.8
178.4000      -1654.818    -1685.721       30.903   597.7
178.6000      -1653.796    -1685.454       31.658   612.3
178.8000      -1654.594    -1686.885       32.291   624.5
179.0000      -1656.842    -1686.700       29.858   577.5
179.2000      -1654.995    -1685.242       30.247   585.0
179.4000      -1655.553    -1687.037       31.484   608.9
179.6000      -1655.143    -1686.288       31.145   602.4
179.8000      -1654.419    -1685.181       30.761   594.9
180.0000      -1656.094    -1687.602       31.508   609.4
180.2000      -1657.859    -1687.019       29.160   564.0
180.4000      -1657.818    -1687.164       29.347   567.6
180.6000      -1656.771    -1687.175       30.403   588.0
180.8000      -1656.681    -1686.539       29.858   577.5
181.0000      -1657.915    -1688.641       30.726   594.3
181.2000      -1656.073    -1687.577       31.504   609.3
181.4000      -1656.382    -1688.012       31.630   611.8
181.6000      -1656.238    -1688.672       32.434   627.3
181.8000      -1653.614    -1683.751       30.137   582.9
182.0000      -1653.172    -1686.966       33.794   653.6
182.2000      -1655.978    -1687.675       31.697   613.0
182.4000      -1655.703    -1687.066       31.362   606.6
182.6000      -1654.416    -1687.035       32.619   630.9
182.8000      -1652.170    -1684.202       32.032   619.5
183.0000      -1654.860    -1687.526       32.666   631.8
183.2000      -1652.370    -1684.623       32.253   623.8
183.4000      -1654.083    -1686.091       32.009   619.1
183.6000      -1652.652    -1686.255       33.602   649.9
183.8000      -1654.965    -1687.131       32.166   622.1
184.0000      -1653.810    -1686.203       32.393   626.5
184.2000      -1657.403    -1689.172       31.769   614.4
184.4000      -1657.742    -1688.851       31.110   601.7
184.6000      -1658.866    -1690.195       31.329   605.9
184.8000      -1656.529    -1687.743       31.214   603.7
185.0000      -1655.961    -1688.496       32.535   629.3
185.2000      -1654.369    -1685.553       31.184   603.1
185.4000      -1656.819    -1687.394       30.575   591.3
185.6000      -1657.018    -1687.156       30.138   582.9
185.8000      -1658.208    -1688.986       30.778   595.3
186.0000      -1657.428    -1686.977       29.550   571.5
186.2000      -1656.383    -1686.872       30.489   589.7
186.4000      -1655.375    -1687.280       31.905   617.1
186.6000      -1654.055    -1686.092       32.038   619.6
186.8000      -1653.857    -1686.622       32.765   633.7
187.0000      -1655.715    -1685.986       30.270   585.5
187.2000      -1656.582    -1686.680       30.098   582.1
187.4000      -1657.517    -1688.065       30.548   590.8
187.6000      -1658.667    -1687.973       29.306   566.8
187.8000      -1659.892    -1688.973       29.080   562.4
188.0000      -1659.678    -1689.627       29.948   579.2
188.2000      -1660.413    -1689.846       29.433   569.3
188.4000      -1660.822    -1689.116       28.295   547.2
188.6000      -1656.165    -1687.048       30.883   597.3
188.8000      -1654.241    -1685.984       31.743   613.9
189.0000      -1652.948    -1684.637       31.689   612.9
189.2000      -1653.902    -1685.966       32.065   620.2
189.4000      -1654.675    -1685.219       30.545   590.8
189.6000      -1656.254    -1686.993       30.739   594.5
189.8000      -1656.365    -1687.108       30.743   594.6
190.0000      -1658.264    -1688.000       29.736   575.1
190.2000      -1657.464    -1688.182       30.718   594.1
190.4000      -1657.059    -1686.959       29.900   578.3
190.6000      -1656.896    -1688.332       31.436   608.0
190.8000      -1655.631    -1686.372       30.741   594.6
191.0000      -1656.128    -1688.849       32.721   632.9
191.2000      -1657.227    -1687.081       29.854   577.4
191.4000      -1656.846    -1687.429       30.583   591.5
191.6000      -1657.544    -1686.607       29.063   562.1
191.8000      -1656.805    -1686.311       29.505   570.7
192.0000      -1655.980    -1688.395       32.415   626.9
192.2000      -1656.735    -1687.927       31.191   603.3
192.4000      -1654.462    -1686.549       32.086   620.6
192.6000      -1655.460    -1687.394       31.934   617.6
192.8000      -1654.402    -1685.558       31.157   602.6
193.0000      -1655.394    -1686.466       31.072   601.0
193.2000      -1654.697    -1687.260       32.563   629.8
193.4000      -1656.394    -1688.481       32.087   620.6
193.6000      -1657.860    -1688.833       30.973   599.0
193.8000      -1659.380    -1689.341       29.961   579.5
194.0000      -1658.212    -1688.289       30.076   581.7
194.2000      -1658.717    -1688.849       30.132   582.8
194.4000      -1656.667    -1689.072       32.405   626.7
194.6000      -1658.545    -1687.021       28.476   550.8
194.8000      -1656.623    -1686.378       29.756   575.5
195.0000      -1655.893    -1686.350       30.457   589.1
195.2000      -1659.603    -1688.672       29.069   562.2
195.4000      -1658.589    -1688.843       30.254   585.1
195.6000      -1658.662    -1687.658       28.996   560.8
195.8000      -1657.722    -1688.634       30.912   597.9
196.0000      -1658.275    -1688.963       30.688   593.5
196.2000      -1658.747    -1688.931       30.184   583.8
196.4000      -1657.807    -1688.532       30.725   594.3
196.6000      -1658.861    -1689.703       30.842   596.5
196.8000      -1658.981    -1689.094       30.113   582.4
197.0000      -1659.605    -1689.814       30.209   584.3
197.2000      -1658.582    -1687.665       29.083   562.5
197.4000      -1657.110    -1689.373       32.262   624.0
197.6000      -1657.528    -1688.122       30.593   591.7
197.8000      -1656.729    -1687.605       30.876   597.2
198.0000      -1656.923    -1687.293       30.370   587.4
198.2000      -1657.938    -1687.322       29.384   568.3
198.4000      -1657.079    -1689.503       32.424   627.1
198.6000      -1657.308    -1687.382       30.074   581.7
198.8000      -1655.254    -1689.195       33.941   656.4
199.0000      -1657.355    -1687.231       29.876   577.8
199.2000      -1658.348    -1688.731       30.383   587.6
199.4000      -1658.117    -1688.760       30.644   592.7
199.6000      -1659.729    -1688.356       28.627   553.7
199.8000      -1660.176    -1689.864       29.688   574.2
200.0000      -1656.049    -1686.547       30.499   589.9
